Load: 0.05884s, Before split: 0.0001948s, Split: 0.001956s, After split: 0.001188s
GNN(
  (preprocess): Preprocess(
    node_feature: dim_out=1433
    Total: dim_out=1433
  )
  (pre_mp): GeneralMultiLayer(
    (Layer_0): GeneralLayer(
      (layer): Linear(
        (model): Linear(in_features=1433, out_features=256, bias=False)
      )
      (post_layer): Sequential(
        (0): BatchNorm1d(256, eps=1e-05, momentum=0.1, affine=True, track_running_stats=True)
        (1): PReLU(num_parameters=1)
      )
    )
  )
  (mp): GNNStackStage(
    (layer0): GeneralLayer(
      (layer): GeneralConv(
        (model): GeneralConvLayer(256, 256)
      )
      (post_layer): Sequential(
        (0): BatchNorm1d(256, eps=1e-05, momentum=0.1, affine=True, track_running_stats=True)
        (1): PReLU(num_parameters=1)
      )
    )
    (layer1): GeneralLayer(
      (layer): GeneralConv(
        (model): GeneralConvLayer(256, 256)
      )
      (post_layer): Sequential(
        (0): BatchNorm1d(256, eps=1e-05, momentum=0.1, affine=True, track_running_stats=True)
        (1): PReLU(num_parameters=1)
      )
    )
  )
  (post_mp): GNNNodeHead(
    (layer_post_mp): MLP(
      (model): Sequential(
        (0): Linear(
          (model): Linear(in_features=256, out_features=7, bias=True)
        )
      )
    )
  )
)
bn:
  eps: 1e-05
  mom: 0.1
cfg_dest: config.yaml
custom_metrics: []
dataset:
  augment_feature: []
  augment_feature_dims: []
  augment_feature_repr: position
  augment_label: 
  augment_label_dims: 0
  cache_load: False
  cache_save: False
  dir: ./datasets
  edge_dim: 128
  edge_encoder: False
  edge_encoder_bn: True
  edge_encoder_name: Bond
  edge_message_ratio: 0.8
  edge_negative_sampling_ratio: 1.0
  edge_train_mode: all
  encoder: True
  encoder_bn: True
  encoder_dim: 128
  encoder_name: db
  format: PyG
  label_column: none
  label_table: none
  location: local
  name: Cora
  node_encoder: False
  node_encoder_bn: True
  node_encoder_name: Atom
  remove_feature: False
  resample_disjoint: False
  resample_negative: False
  shuffle_split: True
  split: [0.8, 0.2]
  split_mode: random
  task: node
  task_type: classification
  to_undirected: False
  transductive: True
  transform: none
  tu_simple: True
device: cpu
example_arg: example
example_group:
  example_arg: example
gnn:
  act: prelu
  agg: add
  att_final_linear: False
  att_final_linear_bn: False
  att_heads: 1
  batchnorm: True
  clear_feature: True
  dim_inner: 256
  dropout: 0.0
  flow: source_to_target
  head: node
  keep_edge: 0.5
  l2norm: True
  layer_type: generalconv
  layers_mp: 2
  layers_post_mp: 1
  layers_pre_mp: 1
  msg_direction: single
  normalize_adj: False
  self_msg: concat
  skip_every: 1
  stage_type: stack
gpu_mem: False
mem:
  inplace: False
metric_agg: argmax
metric_best: auto
model:
  edge_decoding: dot
  graph_pooling: add
  loss_fun: cross_entropy
  match_upper: True
  size_average: mean
  thresh: 0.5
  type: gnn
num_threads: 6
num_workers: 0
optim:
  base_lr: 0.01
  lr_decay: 0.1
  max_epoch: 400
  momentum: 0.9
  optimizer: adam
  scheduler: cos
  steps: [30, 60, 90]
  weight_decay: 0.0005
out_dir: results/example_noneq_7
print: both
round: 4
run_dir: results/example_noneq_7/0
seed: 1
share:
  dim_in: 1433
  dim_out: 7
  num_splits: 2
tensorboard_agg: True
tensorboard_each_run: False
train:
  auto_resume: False
  batch_size: 32
  ckpt_clean: True
  ckpt_period: 100
  enable_ckpt: True
  energy_alpha: 1.0
  energy_beta: 0.0
  energy_reg: True
  epoch_resume: -1
  eval_period: 20
  iter_per_epoch: 32
  mode: standard
  neighbor_sizes: [20, 15, 10, 5]
  node_per_graph: 32
  radius: extend
  sample_node: False
  sampler: full_batch
  skip_train_eval: False
  walk_length: 4
val:
  node_per_graph: 32
  radius: extend
  sample_node: False
  sampler: full_batch
view_emb: False
Num parameters: 632328
Start from epoch 0
train: {'epoch': 0, 'eta': 63.9972, 'loss': 2.9459, 'lr': 0.01, 'params': 632328, 'time_iter': 0.1604, 'accuracy': 0.1302}
val: {'epoch': 0, 'loss': 2.8403, 'lr': 0, 'params': 632328, 'time_iter': 0.0223, 'accuracy': 0.3782}
train: {'epoch': 1, 'eta': 43.6166, 'loss': 2.5559, 'lr': 0.01, 'params': 632328, 'time_iter': 0.0588, 'accuracy': 0.6168}
train: {'epoch': 2, 'eta': 37.4714, 'loss': 2.2828, 'lr': 0.01, 'params': 632328, 'time_iter': 0.064, 'accuracy': 0.735}
train: {'epoch': 3, 'eta': 34.1983, 'loss': 2.0957, 'lr': 0.01, 'params': 632328, 'time_iter': 0.0623, 'accuracy': 0.7849}
train: {'epoch': 4, 'eta': 31.784, 'loss': 1.9393, 'lr': 0.01, 'params': 632328, 'time_iter': 0.0569, 'accuracy': 0.8444}
train: {'epoch': 5, 'eta': 29.9864, 'loss': 1.8194, 'lr': 0.01, 'params': 632328, 'time_iter': 0.0543, 'accuracy': 0.8772}
train: {'epoch': 6, 'eta': 29.9285, 'loss': 1.7308, 'lr': 0.01, 'params': 632328, 'time_iter': 0.0764, 'accuracy': 0.8952}
train: {'epoch': 7, 'eta': 29.273, 'loss': 1.6513, 'lr': 0.01, 'params': 632328, 'time_iter': 0.0643, 'accuracy': 0.9063}
train: {'epoch': 8, 'eta': 28.5571, 'loss': 1.5857, 'lr': 0.01, 'params': 632328, 'time_iter': 0.0599, 'accuracy': 0.9146}
train: {'epoch': 9, 'eta': 27.9785, 'loss': 1.529, 'lr': 0.01, 'params': 632328, 'time_iter': 0.0601, 'accuracy': 0.9229}
train: {'epoch': 10, 'eta': 27.4703, 'loss': 1.4795, 'lr': 0.01, 'params': 632328, 'time_iter': 0.0594, 'accuracy': 0.928}
train: {'epoch': 11, 'eta': 26.8749, 'loss': 1.4342, 'lr': 0.01, 'params': 632328, 'time_iter': 0.0544, 'accuracy': 0.9312}
train: {'epoch': 12, 'eta': 26.3799, 'loss': 1.3942, 'lr': 0.01, 'params': 632328, 'time_iter': 0.055, 'accuracy': 0.9377}
train: {'epoch': 13, 'eta': 25.9138, 'loss': 1.3591, 'lr': 0.01, 'params': 632328, 'time_iter': 0.0537, 'accuracy': 0.9409}
train: {'epoch': 14, 'eta': 25.5053, 'loss': 1.3265, 'lr': 0.01, 'params': 632328, 'time_iter': 0.0538, 'accuracy': 0.9464}
train: {'epoch': 15, 'eta': 25.242, 'loss': 1.2989, 'lr': 0.01, 'params': 632328, 'time_iter': 0.058, 'accuracy': 0.9497}
train: {'epoch': 16, 'eta': 25.0972, 'loss': 1.273, 'lr': 0.01, 'params': 632328, 'time_iter': 0.0622, 'accuracy': 0.9534}
train: {'epoch': 17, 'eta': 24.7556, 'loss': 1.2501, 'lr': 0.01, 'params': 632328, 'time_iter': 0.0525, 'accuracy': 0.9594}
train: {'epoch': 18, 'eta': 24.4884, 'loss': 1.2309, 'lr': 0.01, 'params': 632328, 'time_iter': 0.0547, 'accuracy': 0.9621}
train: {'epoch': 19, 'eta': 24.3288, 'loss': 1.2134, 'lr': 0.0099, 'params': 632328, 'time_iter': 0.0593, 'accuracy': 0.9649}
val: {'epoch': 19, 'loss': 1.5141, 'lr': 0, 'params': 632328, 'time_iter': 0.0207, 'accuracy': 0.8524}
train: {'epoch': 20, 'eta': 24.1324, 'loss': 1.1978, 'lr': 0.0099, 'params': 632328, 'time_iter': 0.0567, 'accuracy': 0.97}
train: {'epoch': 21, 'eta': 23.8981, 'loss': 1.1841, 'lr': 0.0099, 'params': 632328, 'time_iter': 0.0537, 'accuracy': 0.9723}
train: {'epoch': 22, 'eta': 23.7108, 'loss': 1.1717, 'lr': 0.0099, 'params': 632328, 'time_iter': 0.0557, 'accuracy': 0.9723}
train: {'epoch': 23, 'eta': 23.5154, 'loss': 1.1593, 'lr': 0.0099, 'params': 632328, 'time_iter': 0.0544, 'accuracy': 0.9728}
train: {'epoch': 24, 'eta': 23.3658, 'loss': 1.1544, 'lr': 0.0099, 'params': 632328, 'time_iter': 0.0567, 'accuracy': 0.9769}
train: {'epoch': 25, 'eta': 23.2546, 'loss': 1.1581, 'lr': 0.0099, 'params': 632328, 'time_iter': 0.0589, 'accuracy': 0.9718}
train: {'epoch': 26, 'eta': 23.1292, 'loss': 1.1356, 'lr': 0.0099, 'params': 632328, 'time_iter': 0.0576, 'accuracy': 0.9774}
train: {'epoch': 27, 'eta': 23.0307, 'loss': 1.1424, 'lr': 0.0099, 'params': 632328, 'time_iter': 0.0593, 'accuracy': 0.9728}
train: {'epoch': 28, 'eta': 22.9417, 'loss': 1.1353, 'lr': 0.0099, 'params': 632328, 'time_iter': 0.0598, 'accuracy': 0.9737}
train: {'epoch': 29, 'eta': 22.9404, 'loss': 1.1302, 'lr': 0.0099, 'params': 632328, 'time_iter': 0.0667, 'accuracy': 0.9728}
train: {'epoch': 30, 'eta': 23.1852, 'loss': 1.1143, 'lr': 0.0099, 'params': 632328, 'time_iter': 0.0878, 'accuracy': 0.9815}
train: {'epoch': 31, 'eta': 23.458, 'loss': 1.1141, 'lr': 0.0099, 'params': 632328, 'time_iter': 0.092, 'accuracy': 0.9765}
train: {'epoch': 32, 'eta': 23.6163, 'loss': 1.1007, 'lr': 0.0098, 'params': 632328, 'time_iter': 0.0837, 'accuracy': 0.9829}
train: {'epoch': 33, 'eta': 23.9574, 'loss': 1.0974, 'lr': 0.0098, 'params': 632328, 'time_iter': 0.102, 'accuracy': 0.9843}
train: {'epoch': 34, 'eta': 24.2247, 'loss': 1.093, 'lr': 0.0098, 'params': 632328, 'time_iter': 0.0974, 'accuracy': 0.9834}
train: {'epoch': 35, 'eta': 24.4128, 'loss': 1.0842, 'lr': 0.0098, 'params': 632328, 'time_iter': 0.0915, 'accuracy': 0.9871}
train: {'epoch': 36, 'eta': 24.7397, 'loss': 1.0821, 'lr': 0.0098, 'params': 632328, 'time_iter': 0.1072, 'accuracy': 0.9875}
train: {'epoch': 37, 'eta': 24.913, 'loss': 1.0834, 'lr': 0.0098, 'params': 632328, 'time_iter': 0.0935, 'accuracy': 0.9852}
train: {'epoch': 38, 'eta': 25.5864, 'loss': 1.1203, 'lr': 0.0098, 'params': 632328, 'time_iter': 0.149, 'accuracy': 0.9765}
train: {'epoch': 39, 'eta': 26.667, 'loss': 1.103, 'lr': 0.0098, 'params': 632328, 'time_iter': 0.1988, 'accuracy': 0.9843}
val: {'epoch': 39, 'loss': 1.5585, 'lr': 0, 'params': 632328, 'time_iter': 0.0635, 'accuracy': 0.8284}
train: {'epoch': 40, 'eta': 27.644, 'loss': 1.0979, 'lr': 0.0098, 'params': 632328, 'time_iter': 0.1941, 'accuracy': 0.9848}
train: {'epoch': 41, 'eta': 29.3536, 'loss': 1.096, 'lr': 0.0097, 'params': 632328, 'time_iter': 0.2866, 'accuracy': 0.9829}
train: {'epoch': 42, 'eta': 30.5218, 'loss': 1.088, 'lr': 0.0097, 'params': 632328, 'time_iter': 0.2326, 'accuracy': 0.9838}
train: {'epoch': 43, 'eta': 30.9127, 'loss': 1.0795, 'lr': 0.0097, 'params': 632328, 'time_iter': 0.1444, 'accuracy': 0.9903}
train: {'epoch': 44, 'eta': 31.5218, 'loss': 1.0729, 'lr': 0.0097, 'params': 632328, 'time_iter': 0.1751, 'accuracy': 0.9894}
train: {'epoch': 45, 'eta': 31.823, 'loss': 1.0695, 'lr': 0.0097, 'params': 632328, 'time_iter': 0.1395, 'accuracy': 0.9903}
train: {'epoch': 46, 'eta': 32.1204, 'loss': 1.0655, 'lr': 0.0097, 'params': 632328, 'time_iter': 0.1415, 'accuracy': 0.9912}
train: {'epoch': 47, 'eta': 32.8031, 'loss': 1.0584, 'lr': 0.0097, 'params': 632328, 'time_iter': 0.1965, 'accuracy': 0.9935}
train: {'epoch': 48, 'eta': 33.342, 'loss': 1.055, 'lr': 0.0096, 'params': 632328, 'time_iter': 0.1814, 'accuracy': 0.9945}
train: {'epoch': 49, 'eta': 33.6016, 'loss': 1.0522, 'lr': 0.0096, 'params': 632328, 'time_iter': 0.1457, 'accuracy': 0.9935}
train: {'epoch': 50, 'eta': 33.8734, 'loss': 1.0582, 'lr': 0.0096, 'params': 632328, 'time_iter': 0.1497, 'accuracy': 0.9926}
train: {'epoch': 51, 'eta': 34.0194, 'loss': 1.0903, 'lr': 0.0096, 'params': 632328, 'time_iter': 0.1334, 'accuracy': 0.9848}
train: {'epoch': 52, 'eta': 34.2646, 'loss': 1.0652, 'lr': 0.0096, 'params': 632328, 'time_iter': 0.1501, 'accuracy': 0.9857}
train: {'epoch': 53, 'eta': 34.3939, 'loss': 1.0562, 'lr': 0.0096, 'params': 632328, 'time_iter': 0.1343, 'accuracy': 0.9894}
train: {'epoch': 54, 'eta': 34.4824, 'loss': 1.0593, 'lr': 0.0096, 'params': 632328, 'time_iter': 0.1294, 'accuracy': 0.9926}
train: {'epoch': 55, 'eta': 34.6845, 'loss': 1.0494, 'lr': 0.0095, 'params': 632328, 'time_iter': 0.1491, 'accuracy': 0.994}
train: {'epoch': 56, 'eta': 34.581, 'loss': 1.052, 'lr': 0.0095, 'params': 632328, 'time_iter': 0.1004, 'accuracy': 0.9908}
train: {'epoch': 57, 'eta': 34.6071, 'loss': 1.0456, 'lr': 0.0095, 'params': 632328, 'time_iter': 0.1223, 'accuracy': 0.9931}
train: {'epoch': 58, 'eta': 34.5353, 'loss': 1.0416, 'lr': 0.0095, 'params': 632328, 'time_iter': 0.1063, 'accuracy': 0.9963}
train: {'epoch': 59, 'eta': 34.4659, 'loss': 1.0366, 'lr': 0.0095, 'params': 632328, 'time_iter': 0.1069, 'accuracy': 0.9972}
val: {'epoch': 59, 'loss': 1.6543, 'lr': 0, 'params': 632328, 'time_iter': 0.0403, 'accuracy': 0.8321}
train: {'epoch': 60, 'eta': 34.3518, 'loss': 1.0371, 'lr': 0.0095, 'params': 632328, 'time_iter': 0.0991, 'accuracy': 0.9972}
train: {'epoch': 61, 'eta': 34.2068, 'loss': 1.0378, 'lr': 0.0094, 'params': 632328, 'time_iter': 0.0933, 'accuracy': 0.9972}
train: {'epoch': 62, 'eta': 34.1659, 'loss': 1.055, 'lr': 0.0094, 'params': 632328, 'time_iter': 0.1125, 'accuracy': 0.9908}
train: {'epoch': 63, 'eta': 34.4608, 'loss': 1.1605, 'lr': 0.0094, 'params': 632328, 'time_iter': 0.1769, 'accuracy': 0.9543}
train: {'epoch': 64, 'eta': 34.6138, 'loss': 1.1071, 'lr': 0.0094, 'params': 632328, 'time_iter': 0.1521, 'accuracy': 0.9732}
train: {'epoch': 65, 'eta': 34.7001, 'loss': 1.1059, 'lr': 0.0094, 'params': 632328, 'time_iter': 0.1408, 'accuracy': 0.9718}
train: {'epoch': 66, 'eta': 34.8686, 'loss': 1.0818, 'lr': 0.0093, 'params': 632328, 'time_iter': 0.1587, 'accuracy': 0.9871}
train: {'epoch': 67, 'eta': 35.0529, 'loss': 1.0722, 'lr': 0.0093, 'params': 632328, 'time_iter': 0.1639, 'accuracy': 0.9894}
train: {'epoch': 68, 'eta': 35.0858, 'loss': 1.0723, 'lr': 0.0093, 'params': 632328, 'time_iter': 0.1344, 'accuracy': 0.9885}
train: {'epoch': 69, 'eta': 35.2169, 'loss': 1.0514, 'lr': 0.0093, 'params': 632328, 'time_iter': 0.1563, 'accuracy': 0.994}
train: {'epoch': 70, 'eta': 35.0782, 'loss': 1.0459, 'lr': 0.0093, 'params': 632328, 'time_iter': 0.0998, 'accuracy': 0.9945}
train: {'epoch': 71, 'eta': 35.0407, 'loss': 1.0462, 'lr': 0.0092, 'params': 632328, 'time_iter': 0.1218, 'accuracy': 0.9963}
train: {'epoch': 72, 'eta': 35.0253, 'loss': 1.0413, 'lr': 0.0092, 'params': 632328, 'time_iter': 0.1272, 'accuracy': 0.9972}
train: {'epoch': 73, 'eta': 34.9357, 'loss': 1.0356, 'lr': 0.0092, 'params': 632328, 'time_iter': 0.1111, 'accuracy': 0.9995}
train: {'epoch': 74, 'eta': 34.792, 'loss': 1.0339, 'lr': 0.0092, 'params': 632328, 'time_iter': 0.0987, 'accuracy': 0.9995}
train: {'epoch': 75, 'eta': 34.7657, 'loss': 1.032, 'lr': 0.0092, 'params': 632328, 'time_iter': 0.126, 'accuracy': 0.9991}
train: {'epoch': 76, 'eta': 34.6811, 'loss': 1.0286, 'lr': 0.0091, 'params': 632328, 'time_iter': 0.1127, 'accuracy': 1.0}
train: {'epoch': 77, 'eta': 34.5799, 'loss': 1.0267, 'lr': 0.0091, 'params': 632328, 'time_iter': 0.1089, 'accuracy': 0.9995}
train: {'epoch': 78, 'eta': 34.4434, 'loss': 1.0257, 'lr': 0.0091, 'params': 632328, 'time_iter': 0.1002, 'accuracy': 0.9995}
train: {'epoch': 79, 'eta': 34.3263, 'loss': 1.0241, 'lr': 0.0091, 'params': 632328, 'time_iter': 0.1049, 'accuracy': 1.0}
val: {'epoch': 79, 'loss': 1.6015, 'lr': 0, 'params': 632328, 'time_iter': 0.0458, 'accuracy': 0.8284}
train: {'epoch': 80, 'eta': 34.1974, 'loss': 1.0229, 'lr': 0.009, 'params': 632328, 'time_iter': 0.1018, 'accuracy': 1.0}
train: {'epoch': 81, 'eta': 34.1885, 'loss': 1.0225, 'lr': 0.009, 'params': 632328, 'time_iter': 0.1325, 'accuracy': 1.0}
train: {'epoch': 82, 'eta': 34.0442, 'loss': 1.0216, 'lr': 0.009, 'params': 632328, 'time_iter': 0.0979, 'accuracy': 1.0}
train: {'epoch': 83, 'eta': 34.0692, 'loss': 1.0206, 'lr': 0.009, 'params': 632328, 'time_iter': 0.1426, 'accuracy': 1.0}
train: {'epoch': 84, 'eta': 33.9904, 'loss': 1.02, 'lr': 0.009, 'params': 632328, 'time_iter': 0.1156, 'accuracy': 1.0}
train: {'epoch': 85, 'eta': 33.837, 'loss': 1.0195, 'lr': 0.0089, 'params': 632328, 'time_iter': 0.0955, 'accuracy': 1.0}
train: {'epoch': 86, 'eta': 33.7492, 'loss': 1.0188, 'lr': 0.0089, 'params': 632328, 'time_iter': 0.1133, 'accuracy': 1.0}
train: {'epoch': 87, 'eta': 33.5763, 'loss': 1.0183, 'lr': 0.0089, 'params': 632328, 'time_iter': 0.0895, 'accuracy': 1.0}
train: {'epoch': 88, 'eta': 33.4921, 'loss': 1.0178, 'lr': 0.0089, 'params': 632328, 'time_iter': 0.1143, 'accuracy': 1.0}
train: {'epoch': 89, 'eta': 33.3682, 'loss': 1.0174, 'lr': 0.0088, 'params': 632328, 'time_iter': 0.103, 'accuracy': 1.0}
train: {'epoch': 90, 'eta': 33.2409, 'loss': 1.0171, 'lr': 0.0088, 'params': 632328, 'time_iter': 0.1018, 'accuracy': 1.0}
train: {'epoch': 91, 'eta': 33.0863, 'loss': 1.0169, 'lr': 0.0088, 'params': 632328, 'time_iter': 0.0935, 'accuracy': 1.0}
train: {'epoch': 92, 'eta': 32.9568, 'loss': 1.0166, 'lr': 0.0088, 'params': 632328, 'time_iter': 0.1007, 'accuracy': 1.0}
train: {'epoch': 93, 'eta': 32.8226, 'loss': 1.0167, 'lr': 0.0087, 'params': 632328, 'time_iter': 0.0991, 'accuracy': 1.0}
train: {'epoch': 94, 'eta': 32.6979, 'loss': 1.0261, 'lr': 0.0087, 'params': 632328, 'time_iter': 0.1018, 'accuracy': 0.9977}
train: {'epoch': 95, 'eta': 32.5833, 'loss': 1.2305, 'lr': 0.0087, 'params': 632328, 'time_iter': 0.1049, 'accuracy': 0.9404}
train: {'epoch': 96, 'eta': 32.4598, 'loss': 1.2168, 'lr': 0.0086, 'params': 632328, 'time_iter': 0.102, 'accuracy': 0.9543}
train: {'epoch': 97, 'eta': 32.32, 'loss': 1.7897, 'lr': 0.0086, 'params': 632328, 'time_iter': 0.0965, 'accuracy': 0.7428}
train: {'epoch': 98, 'eta': 32.2047, 'loss': 1.3286, 'lr': 0.0086, 'params': 632328, 'time_iter': 0.1043, 'accuracy': 0.9003}
train: {'epoch': 99, 'eta': 32.0915, 'loss': 1.267, 'lr': 0.0086, 'params': 632328, 'time_iter': 0.1049, 'accuracy': 0.9224}
val: {'epoch': 99, 'loss': 1.6051, 'lr': 0, 'params': 632328, 'time_iter': 0.0414, 'accuracy': 0.8303}
train: {'epoch': 100, 'eta': 31.9696, 'loss': 1.1998, 'lr': 0.0085, 'params': 632328, 'time_iter': 0.1019, 'accuracy': 0.9635}
train: {'epoch': 101, 'eta': 31.8474, 'loss': 1.2021, 'lr': 0.0085, 'params': 632328, 'time_iter': 0.1017, 'accuracy': 0.9617}
train: {'epoch': 102, 'eta': 31.7231, 'loss': 1.1715, 'lr': 0.0085, 'params': 632328, 'time_iter': 0.1008, 'accuracy': 0.9668}
train: {'epoch': 103, 'eta': 31.771, 'loss': 1.1448, 'lr': 0.0085, 'params': 632328, 'time_iter': 0.1612, 'accuracy': 0.976}
train: {'epoch': 104, 'eta': 31.6968, 'loss': 1.1306, 'lr': 0.0084, 'params': 632328, 'time_iter': 0.1191, 'accuracy': 0.9755}
train: {'epoch': 105, 'eta': 31.6322, 'loss': 1.118, 'lr': 0.0084, 'params': 632328, 'time_iter': 0.1229, 'accuracy': 0.982}
train: {'epoch': 106, 'eta': 31.4905, 'loss': 1.1084, 'lr': 0.0084, 'params': 632328, 'time_iter': 0.0952, 'accuracy': 0.9806}
train: {'epoch': 107, 'eta': 31.4072, 'loss': 1.1002, 'lr': 0.0083, 'params': 632328, 'time_iter': 0.1164, 'accuracy': 0.9829}
train: {'epoch': 108, 'eta': 31.2652, 'loss': 1.0892, 'lr': 0.0083, 'params': 632328, 'time_iter': 0.0947, 'accuracy': 0.9857}
train: {'epoch': 109, 'eta': 31.1523, 'loss': 1.0803, 'lr': 0.0083, 'params': 632328, 'time_iter': 0.1054, 'accuracy': 0.9875}
train: {'epoch': 110, 'eta': 31.0277, 'loss': 1.0739, 'lr': 0.0082, 'params': 632328, 'time_iter': 0.1008, 'accuracy': 0.9908}
train: {'epoch': 111, 'eta': 30.9084, 'loss': 1.0681, 'lr': 0.0082, 'params': 632328, 'time_iter': 0.1027, 'accuracy': 0.9912}
train: {'epoch': 112, 'eta': 30.7814, 'loss': 1.0629, 'lr': 0.0082, 'params': 632328, 'time_iter': 0.0996, 'accuracy': 0.9908}
train: {'epoch': 113, 'eta': 30.7206, 'loss': 1.0574, 'lr': 0.0082, 'params': 632328, 'time_iter': 0.1258, 'accuracy': 0.9931}
train: {'epoch': 114, 'eta': 30.7364, 'loss': 1.0527, 'lr': 0.0081, 'params': 632328, 'time_iter': 0.1571, 'accuracy': 0.9935}
train: {'epoch': 115, 'eta': 30.8424, 'loss': 1.0491, 'lr': 0.0081, 'params': 632328, 'time_iter': 0.1952, 'accuracy': 0.9949}
train: {'epoch': 116, 'eta': 30.8932, 'loss': 1.046, 'lr': 0.0081, 'params': 632328, 'time_iter': 0.1745, 'accuracy': 0.9968}
train: {'epoch': 117, 'eta': 30.9168, 'loss': 1.0432, 'lr': 0.008, 'params': 632328, 'time_iter': 0.1647, 'accuracy': 0.9963}
train: {'epoch': 118, 'eta': 30.9373, 'loss': 1.0407, 'lr': 0.008, 'params': 632328, 'time_iter': 0.1647, 'accuracy': 0.9972}
train: {'epoch': 119, 'eta': 30.8502, 'loss': 1.0384, 'lr': 0.008, 'params': 632328, 'time_iter': 0.12, 'accuracy': 0.9972}
val: {'epoch': 119, 'loss': 1.5267, 'lr': 0, 'params': 632328, 'time_iter': 0.0487, 'accuracy': 0.8579}
train: {'epoch': 120, 'eta': 30.6854, 'loss': 1.0365, 'lr': 0.0079, 'params': 632328, 'time_iter': 0.0865, 'accuracy': 0.9972}
train: {'epoch': 121, 'eta': 30.5652, 'loss': 1.0346, 'lr': 0.0079, 'params': 632328, 'time_iter': 0.1055, 'accuracy': 0.9982}
train: {'epoch': 122, 'eta': 30.4514, 'loss': 1.0329, 'lr': 0.0079, 'params': 632328, 'time_iter': 0.1082, 'accuracy': 0.9986}
train: {'epoch': 123, 'eta': 30.3122, 'loss': 1.0312, 'lr': 0.0078, 'params': 632328, 'time_iter': 0.0968, 'accuracy': 0.9986}
train: {'epoch': 124, 'eta': 30.2063, 'loss': 1.0297, 'lr': 0.0078, 'params': 632328, 'time_iter': 0.1116, 'accuracy': 0.9991}
train: {'epoch': 125, 'eta': 30.0755, 'loss': 1.0287, 'lr': 0.0078, 'params': 632328, 'time_iter': 0.1002, 'accuracy': 0.9991}
train: {'epoch': 126, 'eta': 29.9564, 'loss': 1.0279, 'lr': 0.0077, 'params': 632328, 'time_iter': 0.1054, 'accuracy': 0.9991}
train: {'epoch': 127, 'eta': 29.8182, 'loss': 1.027, 'lr': 0.0077, 'params': 632328, 'time_iter': 0.0964, 'accuracy': 0.9991}
train: {'epoch': 128, 'eta': 29.7026, 'loss': 1.027, 'lr': 0.0077, 'params': 632328, 'time_iter': 0.1068, 'accuracy': 0.9986}
train: {'epoch': 129, 'eta': 29.549, 'loss': 1.0253, 'lr': 0.0076, 'params': 632328, 'time_iter': 0.0884, 'accuracy': 0.9991}
train: {'epoch': 130, 'eta': 29.4524, 'loss': 1.0245, 'lr': 0.0076, 'params': 632328, 'time_iter': 0.1157, 'accuracy': 0.9991}
train: {'epoch': 131, 'eta': 29.3214, 'loss': 1.0236, 'lr': 0.0076, 'params': 632328, 'time_iter': 0.0989, 'accuracy': 0.9991}
train: {'epoch': 132, 'eta': 29.2041, 'loss': 1.023, 'lr': 0.0075, 'params': 632328, 'time_iter': 0.1055, 'accuracy': 0.9991}
train: {'epoch': 133, 'eta': 29.1026, 'loss': 1.0226, 'lr': 0.0075, 'params': 632328, 'time_iter': 0.1134, 'accuracy': 0.9991}
train: {'epoch': 134, 'eta': 28.9826, 'loss': 1.0231, 'lr': 0.0075, 'params': 632328, 'time_iter': 0.104, 'accuracy': 0.9995}
train: {'epoch': 135, 'eta': 28.8863, 'loss': 1.0316, 'lr': 0.0074, 'params': 632328, 'time_iter': 0.1161, 'accuracy': 0.9968}
train: {'epoch': 136, 'eta': 28.7488, 'loss': 1.0291, 'lr': 0.0074, 'params': 632328, 'time_iter': 0.0948, 'accuracy': 0.9977}
train: {'epoch': 137, 'eta': 28.6438, 'loss': 1.0248, 'lr': 0.0074, 'params': 632328, 'time_iter': 0.1116, 'accuracy': 0.9995}
train: {'epoch': 138, 'eta': 28.517, 'loss': 1.0292, 'lr': 0.0073, 'params': 632328, 'time_iter': 0.1, 'accuracy': 0.9982}
train: {'epoch': 139, 'eta': 28.397, 'loss': 1.0246, 'lr': 0.0073, 'params': 632328, 'time_iter': 0.1035, 'accuracy': 0.9995}
val: {'epoch': 139, 'loss': 1.5706, 'lr': 0, 'params': 632328, 'time_iter': 0.0444, 'accuracy': 0.8469}
train: {'epoch': 140, 'eta': 28.2641, 'loss': 1.0295, 'lr': 0.0073, 'params': 632328, 'time_iter': 0.0963, 'accuracy': 0.9963}
train: {'epoch': 141, 'eta': 28.1427, 'loss': 1.0255, 'lr': 0.0072, 'params': 632328, 'time_iter': 0.1024, 'accuracy': 0.9982}
train: {'epoch': 142, 'eta': 28.0295, 'loss': 1.0332, 'lr': 0.0072, 'params': 632328, 'time_iter': 0.1067, 'accuracy': 0.9991}
train: {'epoch': 143, 'eta': 27.8861, 'loss': 1.0528, 'lr': 0.0072, 'params': 632328, 'time_iter': 0.0898, 'accuracy': 0.9949}
train: {'epoch': 144, 'eta': 27.7862, 'loss': 1.0619, 'lr': 0.0071, 'params': 632328, 'time_iter': 0.1141, 'accuracy': 0.9931}
train: {'epoch': 145, 'eta': 27.646, 'loss': 1.0542, 'lr': 0.0071, 'params': 632328, 'time_iter': 0.091, 'accuracy': 0.9949}
train: {'epoch': 146, 'eta': 27.5318, 'loss': 1.0561, 'lr': 0.0071, 'params': 632328, 'time_iter': 0.1057, 'accuracy': 0.9926}
train: {'epoch': 147, 'eta': 27.4025, 'loss': 1.0544, 'lr': 0.007, 'params': 632328, 'time_iter': 0.0968, 'accuracy': 0.9945}
train: {'epoch': 148, 'eta': 27.3063, 'loss': 1.041, 'lr': 0.007, 'params': 632328, 'time_iter': 0.1162, 'accuracy': 0.9949}
train: {'epoch': 149, 'eta': 27.1668, 'loss': 1.0378, 'lr': 0.0069, 'params': 632328, 'time_iter': 0.0903, 'accuracy': 0.9954}
train: {'epoch': 150, 'eta': 27.0492, 'loss': 1.0355, 'lr': 0.0069, 'params': 632328, 'time_iter': 0.1033, 'accuracy': 0.9972}
train: {'epoch': 151, 'eta': 26.9204, 'loss': 1.0328, 'lr': 0.0069, 'params': 632328, 'time_iter': 0.0963, 'accuracy': 0.9982}
train: {'epoch': 152, 'eta': 26.7959, 'loss': 1.0301, 'lr': 0.0068, 'params': 632328, 'time_iter': 0.0987, 'accuracy': 0.9977}
train: {'epoch': 153, 'eta': 26.6823, 'loss': 1.0274, 'lr': 0.0068, 'params': 632328, 'time_iter': 0.1053, 'accuracy': 0.9986}
train: {'epoch': 154, 'eta': 26.5595, 'loss': 1.0259, 'lr': 0.0068, 'params': 632328, 'time_iter': 0.0994, 'accuracy': 0.9995}
train: {'epoch': 155, 'eta': 26.4495, 'loss': 1.0242, 'lr': 0.0067, 'params': 632328, 'time_iter': 0.1074, 'accuracy': 0.9991}
train: {'epoch': 156, 'eta': 26.3647, 'loss': 1.0228, 'lr': 0.0067, 'params': 632328, 'time_iter': 0.1236, 'accuracy': 0.9991}
train: {'epoch': 157, 'eta': 26.2798, 'loss': 1.0214, 'lr': 0.0067, 'params': 632328, 'time_iter': 0.1239, 'accuracy': 1.0}
train: {'epoch': 158, 'eta': 26.1934, 'loss': 1.0206, 'lr': 0.0066, 'params': 632328, 'time_iter': 0.1232, 'accuracy': 1.0}
train: {'epoch': 159, 'eta': 26.0923, 'loss': 1.0196, 'lr': 0.0066, 'params': 632328, 'time_iter': 0.1138, 'accuracy': 1.0}
val: {'epoch': 159, 'loss': 1.5814, 'lr': 0, 'params': 632328, 'time_iter': 0.0471, 'accuracy': 0.845}
train: {'epoch': 160, 'eta': 26.107, 'loss': 1.0188, 'lr': 0.0065, 'params': 632328, 'time_iter': 0.1919, 'accuracy': 1.0}
train: {'epoch': 161, 'eta': 26.083, 'loss': 1.0182, 'lr': 0.0065, 'params': 632328, 'time_iter': 0.1672, 'accuracy': 1.0}
train: {'epoch': 162, 'eta': 26.0049, 'loss': 1.0176, 'lr': 0.0065, 'params': 632328, 'time_iter': 0.1313, 'accuracy': 1.0}
train: {'epoch': 163, 'eta': 25.9027, 'loss': 1.0171, 'lr': 0.0064, 'params': 632328, 'time_iter': 0.115, 'accuracy': 1.0}
train: {'epoch': 164, 'eta': 25.7844, 'loss': 1.0166, 'lr': 0.0064, 'params': 632328, 'time_iter': 0.1038, 'accuracy': 1.0}
train: {'epoch': 165, 'eta': 25.6608, 'loss': 1.0163, 'lr': 0.0064, 'params': 632328, 'time_iter': 0.0998, 'accuracy': 1.0}
train: {'epoch': 166, 'eta': 25.5636, 'loss': 1.0159, 'lr': 0.0063, 'params': 632328, 'time_iter': 0.1186, 'accuracy': 1.0}
train: {'epoch': 167, 'eta': 25.4547, 'loss': 1.0154, 'lr': 0.0063, 'params': 632328, 'time_iter': 0.1103, 'accuracy': 1.0}
train: {'epoch': 168, 'eta': 25.3295, 'loss': 1.015, 'lr': 0.0062, 'params': 632328, 'time_iter': 0.0984, 'accuracy': 1.0}
train: {'epoch': 169, 'eta': 25.2205, 'loss': 1.0149, 'lr': 0.0062, 'params': 632328, 'time_iter': 0.1101, 'accuracy': 1.0}
train: {'epoch': 170, 'eta': 25.0918, 'loss': 1.0146, 'lr': 0.0062, 'params': 632328, 'time_iter': 0.0955, 'accuracy': 1.0}
train: {'epoch': 171, 'eta': 24.977, 'loss': 1.0143, 'lr': 0.0061, 'params': 632328, 'time_iter': 0.1056, 'accuracy': 1.0}
train: {'epoch': 172, 'eta': 24.8753, 'loss': 1.0141, 'lr': 0.0061, 'params': 632328, 'time_iter': 0.1155, 'accuracy': 1.0}
train: {'epoch': 173, 'eta': 24.7625, 'loss': 1.0139, 'lr': 0.0061, 'params': 632328, 'time_iter': 0.1071, 'accuracy': 1.0}
train: {'epoch': 174, 'eta': 24.6461, 'loss': 1.0139, 'lr': 0.006, 'params': 632328, 'time_iter': 0.1042, 'accuracy': 1.0}
train: {'epoch': 175, 'eta': 24.5182, 'loss': 1.0137, 'lr': 0.006, 'params': 632328, 'time_iter': 0.0952, 'accuracy': 1.0}
train: {'epoch': 176, 'eta': 24.4166, 'loss': 1.0135, 'lr': 0.0059, 'params': 632328, 'time_iter': 0.1156, 'accuracy': 1.0}
train: {'epoch': 177, 'eta': 24.3059, 'loss': 1.0135, 'lr': 0.0059, 'params': 632328, 'time_iter': 0.1085, 'accuracy': 1.0}
train: {'epoch': 178, 'eta': 24.1875, 'loss': 1.0134, 'lr': 0.0059, 'params': 632328, 'time_iter': 0.1023, 'accuracy': 1.0}
train: {'epoch': 179, 'eta': 24.067, 'loss': 1.0132, 'lr': 0.0058, 'params': 632328, 'time_iter': 0.1004, 'accuracy': 1.0}
val: {'epoch': 179, 'loss': 1.6111, 'lr': 0, 'params': 632328, 'time_iter': 0.0496, 'accuracy': 0.8395}
train: {'epoch': 180, 'eta': 23.947, 'loss': 1.0131, 'lr': 0.0058, 'params': 632328, 'time_iter': 0.1007, 'accuracy': 1.0}
train: {'epoch': 181, 'eta': 23.8422, 'loss': 1.0132, 'lr': 0.0057, 'params': 632328, 'time_iter': 0.1131, 'accuracy': 1.0}
train: {'epoch': 182, 'eta': 23.7143, 'loss': 1.0132, 'lr': 0.0057, 'params': 632328, 'time_iter': 0.0938, 'accuracy': 1.0}
train: {'epoch': 183, 'eta': 23.6067, 'loss': 1.0131, 'lr': 0.0057, 'params': 632328, 'time_iter': 0.1107, 'accuracy': 1.0}
train: {'epoch': 184, 'eta': 23.4816, 'loss': 1.013, 'lr': 0.0056, 'params': 632328, 'time_iter': 0.0957, 'accuracy': 1.0}
train: {'epoch': 185, 'eta': 23.366, 'loss': 1.0139, 'lr': 0.0056, 'params': 632328, 'time_iter': 0.1037, 'accuracy': 1.0}
train: {'epoch': 186, 'eta': 23.2454, 'loss': 1.0205, 'lr': 0.0055, 'params': 632328, 'time_iter': 0.0992, 'accuracy': 0.9982}
train: {'epoch': 187, 'eta': 23.1397, 'loss': 1.0815, 'lr': 0.0055, 'params': 632328, 'time_iter': 0.1122, 'accuracy': 0.988}
train: {'epoch': 188, 'eta': 23.024, 'loss': 1.0811, 'lr': 0.0055, 'params': 632328, 'time_iter': 0.1033, 'accuracy': 0.9875}
train: {'epoch': 189, 'eta': 22.9102, 'loss': 1.1236, 'lr': 0.0054, 'params': 632328, 'time_iter': 0.1049, 'accuracy': 0.9825}
train: {'epoch': 190, 'eta': 22.79, 'loss': 1.1988, 'lr': 0.0054, 'params': 632328, 'time_iter': 0.099, 'accuracy': 0.9501}
train: {'epoch': 191, 'eta': 22.6714, 'loss': 1.144, 'lr': 0.0054, 'params': 632328, 'time_iter': 0.1001, 'accuracy': 0.9741}
train: {'epoch': 192, 'eta': 22.5537, 'loss': 1.1287, 'lr': 0.0053, 'params': 632328, 'time_iter': 0.101, 'accuracy': 0.9714}
train: {'epoch': 193, 'eta': 22.4331, 'loss': 1.1119, 'lr': 0.0053, 'params': 632328, 'time_iter': 0.098, 'accuracy': 0.9815}
train: {'epoch': 194, 'eta': 22.3118, 'loss': 1.1017, 'lr': 0.0052, 'params': 632328, 'time_iter': 0.097, 'accuracy': 0.9838}
train: {'epoch': 195, 'eta': 22.1937, 'loss': 1.0931, 'lr': 0.0052, 'params': 632328, 'time_iter': 0.1, 'accuracy': 0.9838}
train: {'epoch': 196, 'eta': 22.0787, 'loss': 1.0844, 'lr': 0.0052, 'params': 632328, 'time_iter': 0.1027, 'accuracy': 0.9875}
train: {'epoch': 197, 'eta': 21.9614, 'loss': 1.0767, 'lr': 0.0051, 'params': 632328, 'time_iter': 0.1005, 'accuracy': 0.9889}
train: {'epoch': 198, 'eta': 21.8476, 'loss': 1.0698, 'lr': 0.0051, 'params': 632328, 'time_iter': 0.1036, 'accuracy': 0.9894}
train: {'epoch': 199, 'eta': 21.7506, 'loss': 1.0626, 'lr': 0.005, 'params': 632328, 'time_iter': 0.1204, 'accuracy': 0.9908}
val: {'epoch': 199, 'loss': 1.5521, 'lr': 0, 'params': 632328, 'time_iter': 0.0462, 'accuracy': 0.8469}
train: {'epoch': 200, 'eta': 21.7006, 'loss': 1.0556, 'lr': 0.005, 'params': 632328, 'time_iter': 0.1681, 'accuracy': 0.9917}
train: {'epoch': 201, 'eta': 21.6448, 'loss': 1.0496, 'lr': 0.005, 'params': 632328, 'time_iter': 0.1634, 'accuracy': 0.9917}
train: {'epoch': 202, 'eta': 21.6148, 'loss': 1.0448, 'lr': 0.0049, 'params': 632328, 'time_iter': 0.191, 'accuracy': 0.9945}
train: {'epoch': 203, 'eta': 21.5685, 'loss': 1.0407, 'lr': 0.0049, 'params': 632328, 'time_iter': 0.1757, 'accuracy': 0.9968}
train: {'epoch': 204, 'eta': 21.4698, 'loss': 1.0371, 'lr': 0.0048, 'params': 632328, 'time_iter': 0.122, 'accuracy': 0.9977}
train: {'epoch': 205, 'eta': 21.3884, 'loss': 1.0342, 'lr': 0.0048, 'params': 632328, 'time_iter': 0.1405, 'accuracy': 0.9977}
train: {'epoch': 206, 'eta': 21.2653, 'loss': 1.0318, 'lr': 0.0048, 'params': 632328, 'time_iter': 0.0965, 'accuracy': 0.9986}
train: {'epoch': 207, 'eta': 21.1479, 'loss': 1.0297, 'lr': 0.0047, 'params': 632328, 'time_iter': 0.1024, 'accuracy': 0.9986}
train: {'epoch': 208, 'eta': 21.0459, 'loss': 1.0279, 'lr': 0.0047, 'params': 632328, 'time_iter': 0.1191, 'accuracy': 0.9986}
train: {'epoch': 209, 'eta': 20.9274, 'loss': 1.0264, 'lr': 0.0046, 'params': 632328, 'time_iter': 0.1009, 'accuracy': 0.9986}
train: {'epoch': 210, 'eta': 20.8088, 'loss': 1.0252, 'lr': 0.0046, 'params': 632328, 'time_iter': 0.1008, 'accuracy': 0.9991}
train: {'epoch': 211, 'eta': 20.6875, 'loss': 1.0242, 'lr': 0.0046, 'params': 632328, 'time_iter': 0.0974, 'accuracy': 0.9991}
train: {'epoch': 212, 'eta': 20.5811, 'loss': 1.0233, 'lr': 0.0045, 'params': 632328, 'time_iter': 0.1142, 'accuracy': 0.9991}
train: {'epoch': 213, 'eta': 20.4601, 'loss': 1.0224, 'lr': 0.0045, 'params': 632328, 'time_iter': 0.0975, 'accuracy': 0.9991}
train: {'epoch': 214, 'eta': 20.348, 'loss': 1.0216, 'lr': 0.0045, 'params': 632328, 'time_iter': 0.1075, 'accuracy': 0.9991}
train: {'epoch': 215, 'eta': 20.2315, 'loss': 1.0208, 'lr': 0.0044, 'params': 632328, 'time_iter': 0.1023, 'accuracy': 0.9991}
train: {'epoch': 216, 'eta': 20.1165, 'loss': 1.02, 'lr': 0.0044, 'params': 632328, 'time_iter': 0.104, 'accuracy': 0.9995}
train: {'epoch': 217, 'eta': 20.0666, 'loss': 1.0194, 'lr': 0.0043, 'params': 632328, 'time_iter': 0.1818, 'accuracy': 0.9995}
train: {'epoch': 218, 'eta': 19.9704, 'loss': 1.0189, 'lr': 0.0043, 'params': 632328, 'time_iter': 0.1273, 'accuracy': 0.9995}
train: {'epoch': 219, 'eta': 19.8698, 'loss': 1.0184, 'lr': 0.0043, 'params': 632328, 'time_iter': 0.1222, 'accuracy': 0.9995}
val: {'epoch': 219, 'loss': 1.5798, 'lr': 0, 'params': 632328, 'time_iter': 0.0507, 'accuracy': 0.8469}
train: {'epoch': 220, 'eta': 19.7609, 'loss': 1.018, 'lr': 0.0042, 'params': 632328, 'time_iter': 0.1122, 'accuracy': 0.9995}
train: {'epoch': 221, 'eta': 19.6505, 'loss': 1.0177, 'lr': 0.0042, 'params': 632328, 'time_iter': 0.1103, 'accuracy': 1.0}
train: {'epoch': 222, 'eta': 19.5446, 'loss': 1.0173, 'lr': 0.0041, 'params': 632328, 'time_iter': 0.1161, 'accuracy': 1.0}
train: {'epoch': 223, 'eta': 19.4287, 'loss': 1.017, 'lr': 0.0041, 'params': 632328, 'time_iter': 0.1035, 'accuracy': 1.0}
train: {'epoch': 224, 'eta': 19.3277, 'loss': 1.0167, 'lr': 0.0041, 'params': 632328, 'time_iter': 0.1225, 'accuracy': 1.0}
train: {'epoch': 225, 'eta': 19.2149, 'loss': 1.0164, 'lr': 0.004, 'params': 632328, 'time_iter': 0.1074, 'accuracy': 1.0}
train: {'epoch': 226, 'eta': 19.1173, 'loss': 1.0161, 'lr': 0.004, 'params': 632328, 'time_iter': 0.1273, 'accuracy': 1.0}
train: {'epoch': 227, 'eta': 18.998, 'loss': 1.0159, 'lr': 0.0039, 'params': 632328, 'time_iter': 0.0988, 'accuracy': 1.0}
train: {'epoch': 228, 'eta': 18.8991, 'loss': 1.0158, 'lr': 0.0039, 'params': 632328, 'time_iter': 0.1258, 'accuracy': 1.0}
train: {'epoch': 229, 'eta': 18.7773, 'loss': 1.0156, 'lr': 0.0039, 'params': 632328, 'time_iter': 0.0953, 'accuracy': 1.0}
train: {'epoch': 230, 'eta': 18.6635, 'loss': 1.0154, 'lr': 0.0038, 'params': 632328, 'time_iter': 0.106, 'accuracy': 1.0}
train: {'epoch': 231, 'eta': 18.5427, 'loss': 1.0153, 'lr': 0.0038, 'params': 632328, 'time_iter': 0.0961, 'accuracy': 1.0}
train: {'epoch': 232, 'eta': 18.4245, 'loss': 1.0151, 'lr': 0.0038, 'params': 632328, 'time_iter': 0.0994, 'accuracy': 1.0}
train: {'epoch': 233, 'eta': 18.311, 'loss': 1.015, 'lr': 0.0037, 'params': 632328, 'time_iter': 0.1059, 'accuracy': 1.0}
train: {'epoch': 234, 'eta': 18.1914, 'loss': 1.0149, 'lr': 0.0037, 'params': 632328, 'time_iter': 0.0971, 'accuracy': 1.0}
train: {'epoch': 235, 'eta': 18.0741, 'loss': 1.0148, 'lr': 0.0036, 'params': 632328, 'time_iter': 0.1, 'accuracy': 1.0}
train: {'epoch': 236, 'eta': 17.9594, 'loss': 1.0147, 'lr': 0.0036, 'params': 632328, 'time_iter': 0.1038, 'accuracy': 1.0}
train: {'epoch': 237, 'eta': 17.8394, 'loss': 1.0146, 'lr': 0.0036, 'params': 632328, 'time_iter': 0.0957, 'accuracy': 1.0}
train: {'epoch': 238, 'eta': 17.7263, 'loss': 1.0145, 'lr': 0.0035, 'params': 632328, 'time_iter': 0.1056, 'accuracy': 1.0}
train: {'epoch': 239, 'eta': 17.6145, 'loss': 1.0144, 'lr': 0.0035, 'params': 632328, 'time_iter': 0.1076, 'accuracy': 1.0}
val: {'epoch': 239, 'loss': 1.6042, 'lr': 0, 'params': 632328, 'time_iter': 0.0447, 'accuracy': 0.8487}
train: {'epoch': 240, 'eta': 17.5166, 'loss': 1.0144, 'lr': 0.0035, 'params': 632328, 'time_iter': 0.1286, 'accuracy': 1.0}
train: {'epoch': 241, 'eta': 17.4084, 'loss': 1.0143, 'lr': 0.0034, 'params': 632328, 'time_iter': 0.1132, 'accuracy': 1.0}
train: {'epoch': 242, 'eta': 17.3042, 'loss': 1.0142, 'lr': 0.0034, 'params': 632328, 'time_iter': 0.1194, 'accuracy': 1.0}
train: {'epoch': 243, 'eta': 17.1987, 'loss': 1.0142, 'lr': 0.0033, 'params': 632328, 'time_iter': 0.1175, 'accuracy': 1.0}
train: {'epoch': 244, 'eta': 17.088, 'loss': 1.0141, 'lr': 0.0033, 'params': 632328, 'time_iter': 0.1096, 'accuracy': 1.0}
train: {'epoch': 245, 'eta': 16.9881, 'loss': 1.0141, 'lr': 0.0033, 'params': 632328, 'time_iter': 0.1267, 'accuracy': 1.0}
train: {'epoch': 246, 'eta': 16.8808, 'loss': 1.014, 'lr': 0.0032, 'params': 632328, 'time_iter': 0.1153, 'accuracy': 1.0}
train: {'epoch': 247, 'eta': 16.7717, 'loss': 1.014, 'lr': 0.0032, 'params': 632328, 'time_iter': 0.1122, 'accuracy': 1.0}
train: {'epoch': 248, 'eta': 16.6571, 'loss': 1.014, 'lr': 0.0032, 'params': 632328, 'time_iter': 0.1034, 'accuracy': 1.0}
train: {'epoch': 249, 'eta': 16.544, 'loss': 1.0139, 'lr': 0.0031, 'params': 632328, 'time_iter': 0.1057, 'accuracy': 1.0}
train: {'epoch': 250, 'eta': 16.4323, 'loss': 1.0139, 'lr': 0.0031, 'params': 632328, 'time_iter': 0.1078, 'accuracy': 1.0}
train: {'epoch': 251, 'eta': 16.3205, 'loss': 1.0139, 'lr': 0.0031, 'params': 632328, 'time_iter': 0.1077, 'accuracy': 1.0}
train: {'epoch': 252, 'eta': 16.2162, 'loss': 1.0138, 'lr': 0.003, 'params': 632328, 'time_iter': 0.1206, 'accuracy': 1.0}
train: {'epoch': 253, 'eta': 16.0974, 'loss': 1.0138, 'lr': 0.003, 'params': 632328, 'time_iter': 0.0954, 'accuracy': 1.0}
train: {'epoch': 254, 'eta': 15.9792, 'loss': 1.0137, 'lr': 0.0029, 'params': 632328, 'time_iter': 0.0964, 'accuracy': 1.0}
train: {'epoch': 255, 'eta': 15.8681, 'loss': 1.0137, 'lr': 0.0029, 'params': 632328, 'time_iter': 0.1085, 'accuracy': 1.0}
train: {'epoch': 256, 'eta': 15.7513, 'loss': 1.0137, 'lr': 0.0029, 'params': 632328, 'time_iter': 0.0984, 'accuracy': 1.0}
train: {'epoch': 257, 'eta': 15.6341, 'loss': 1.0137, 'lr': 0.0028, 'params': 632328, 'time_iter': 0.0973, 'accuracy': 1.0}
train: {'epoch': 258, 'eta': 15.5219, 'loss': 1.0136, 'lr': 0.0028, 'params': 632328, 'time_iter': 0.1063, 'accuracy': 1.0}
train: {'epoch': 259, 'eta': 15.4064, 'loss': 1.0136, 'lr': 0.0028, 'params': 632328, 'time_iter': 0.0999, 'accuracy': 1.0}
val: {'epoch': 259, 'loss': 1.6158, 'lr': 0, 'params': 632328, 'time_iter': 0.0438, 'accuracy': 0.8487}
train: {'epoch': 260, 'eta': 15.2955, 'loss': 1.0136, 'lr': 0.0027, 'params': 632328, 'time_iter': 0.1086, 'accuracy': 1.0}
train: {'epoch': 261, 'eta': 15.1803, 'loss': 1.0136, 'lr': 0.0027, 'params': 632328, 'time_iter': 0.1001, 'accuracy': 1.0}
train: {'epoch': 262, 'eta': 15.0678, 'loss': 1.0135, 'lr': 0.0027, 'params': 632328, 'time_iter': 0.1052, 'accuracy': 1.0}
train: {'epoch': 263, 'eta': 14.9539, 'loss': 1.0135, 'lr': 0.0026, 'params': 632328, 'time_iter': 0.1025, 'accuracy': 1.0}
train: {'epoch': 264, 'eta': 14.843, 'loss': 1.0135, 'lr': 0.0026, 'params': 632328, 'time_iter': 0.108, 'accuracy': 1.0}
train: {'epoch': 265, 'eta': 14.732, 'loss': 1.0135, 'lr': 0.0026, 'params': 632328, 'time_iter': 0.108, 'accuracy': 1.0}
train: {'epoch': 266, 'eta': 14.6192, 'loss': 1.0135, 'lr': 0.0025, 'params': 632328, 'time_iter': 0.104, 'accuracy': 1.0}
train: {'epoch': 267, 'eta': 14.5029, 'loss': 1.0134, 'lr': 0.0025, 'params': 632328, 'time_iter': 0.097, 'accuracy': 1.0}
train: {'epoch': 268, 'eta': 14.3964, 'loss': 1.0134, 'lr': 0.0025, 'params': 632328, 'time_iter': 0.1168, 'accuracy': 1.0}
train: {'epoch': 269, 'eta': 14.2832, 'loss': 1.0134, 'lr': 0.0024, 'params': 632328, 'time_iter': 0.103, 'accuracy': 1.0}
train: {'epoch': 270, 'eta': 14.1642, 'loss': 1.0134, 'lr': 0.0024, 'params': 632328, 'time_iter': 0.0908, 'accuracy': 1.0}
train: {'epoch': 271, 'eta': 14.0524, 'loss': 1.0134, 'lr': 0.0024, 'params': 632328, 'time_iter': 0.1054, 'accuracy': 1.0}
train: {'epoch': 272, 'eta': 13.9375, 'loss': 1.0134, 'lr': 0.0023, 'params': 632328, 'time_iter': 0.0988, 'accuracy': 1.0}
train: {'epoch': 273, 'eta': 13.823, 'loss': 1.0133, 'lr': 0.0023, 'params': 632328, 'time_iter': 0.0994, 'accuracy': 1.0}
train: {'epoch': 274, 'eta': 13.7138, 'loss': 1.0133, 'lr': 0.0023, 'params': 632328, 'time_iter': 0.1108, 'accuracy': 1.0}
train: {'epoch': 275, 'eta': 13.598, 'loss': 1.0133, 'lr': 0.0022, 'params': 632328, 'time_iter': 0.0961, 'accuracy': 1.0}
train: {'epoch': 276, 'eta': 13.4881, 'loss': 1.0133, 'lr': 0.0022, 'params': 632328, 'time_iter': 0.1093, 'accuracy': 1.0}
train: {'epoch': 277, 'eta': 13.3742, 'loss': 1.0133, 'lr': 0.0022, 'params': 632328, 'time_iter': 0.0999, 'accuracy': 1.0}
train: {'epoch': 278, 'eta': 13.2826, 'loss': 1.0133, 'lr': 0.0021, 'params': 632328, 'time_iter': 0.1511, 'accuracy': 1.0}
train: {'epoch': 279, 'eta': 13.1756, 'loss': 1.0133, 'lr': 0.0021, 'params': 632328, 'time_iter': 0.1164, 'accuracy': 1.0}
val: {'epoch': 279, 'loss': 1.6312, 'lr': 0, 'params': 632328, 'time_iter': 0.0417, 'accuracy': 0.845}
train: {'epoch': 280, 'eta': 13.0617, 'loss': 1.0133, 'lr': 0.0021, 'params': 632328, 'time_iter': 0.1, 'accuracy': 1.0}
train: {'epoch': 281, 'eta': 12.9542, 'loss': 1.0133, 'lr': 0.002, 'params': 632328, 'time_iter': 0.1154, 'accuracy': 1.0}
train: {'epoch': 282, 'eta': 12.8484, 'loss': 1.0132, 'lr': 0.002, 'params': 632328, 'time_iter': 0.1194, 'accuracy': 1.0}
train: {'epoch': 283, 'eta': 12.7659, 'loss': 1.0132, 'lr': 0.002, 'params': 632328, 'time_iter': 0.1766, 'accuracy': 1.0}
train: {'epoch': 284, 'eta': 12.7008, 'loss': 1.0132, 'lr': 0.0019, 'params': 632328, 'time_iter': 0.2214, 'accuracy': 1.0}
train: {'epoch': 285, 'eta': 12.6403, 'loss': 1.0132, 'lr': 0.0019, 'params': 632328, 'time_iter': 0.2358, 'accuracy': 1.0}
train: {'epoch': 286, 'eta': 12.6398, 'loss': 1.0132, 'lr': 0.0019, 'params': 632328, 'time_iter': 0.3914, 'accuracy': 1.0}
train: {'epoch': 287, 'eta': 12.6299, 'loss': 1.0132, 'lr': 0.0018, 'params': 632328, 'time_iter': 0.374, 'accuracy': 1.0}
train: {'epoch': 288, 'eta': 12.5646, 'loss': 1.0132, 'lr': 0.0018, 'params': 632328, 'time_iter': 0.2364, 'accuracy': 1.0}
train: {'epoch': 289, 'eta': 12.5398, 'loss': 1.0132, 'lr': 0.0018, 'params': 632328, 'time_iter': 0.3463, 'accuracy': 1.0}
train: {'epoch': 290, 'eta': 12.44, 'loss': 1.0132, 'lr': 0.0018, 'params': 632328, 'time_iter': 0.1519, 'accuracy': 1.0}
train: {'epoch': 291, 'eta': 12.3302, 'loss': 1.0132, 'lr': 0.0017, 'params': 632328, 'time_iter': 0.1258, 'accuracy': 1.0}
train: {'epoch': 292, 'eta': 12.2164, 'loss': 1.0132, 'lr': 0.0017, 'params': 632328, 'time_iter': 0.1152, 'accuracy': 1.0}
train: {'epoch': 293, 'eta': 12.1026, 'loss': 1.0132, 'lr': 0.0017, 'params': 632328, 'time_iter': 0.1152, 'accuracy': 1.0}
train: {'epoch': 294, 'eta': 11.9855, 'loss': 1.0132, 'lr': 0.0016, 'params': 632328, 'time_iter': 0.1059, 'accuracy': 1.0}
train: {'epoch': 295, 'eta': 11.8682, 'loss': 1.0132, 'lr': 0.0016, 'params': 632328, 'time_iter': 0.105, 'accuracy': 1.0}
train: {'epoch': 296, 'eta': 11.7526, 'loss': 1.0132, 'lr': 0.0016, 'params': 632328, 'time_iter': 0.1099, 'accuracy': 1.0}
train: {'epoch': 297, 'eta': 11.6339, 'loss': 1.0132, 'lr': 0.0015, 'params': 632328, 'time_iter': 0.1007, 'accuracy': 1.0}
train: {'epoch': 298, 'eta': 11.5185, 'loss': 1.0132, 'lr': 0.0015, 'params': 632328, 'time_iter': 0.11, 'accuracy': 1.0}
train: {'epoch': 299, 'eta': 11.416, 'loss': 1.0132, 'lr': 0.0015, 'params': 632328, 'time_iter': 0.1487, 'accuracy': 1.0}
val: {'epoch': 299, 'loss': 1.6433, 'lr': 0, 'params': 632328, 'time_iter': 0.0712, 'accuracy': 0.8395}
train: {'epoch': 300, 'eta': 11.3181, 'loss': 1.0132, 'lr': 0.0015, 'params': 632328, 'time_iter': 0.1636, 'accuracy': 1.0}
train: {'epoch': 301, 'eta': 11.2299, 'loss': 1.0131, 'lr': 0.0014, 'params': 632328, 'time_iter': 0.1949, 'accuracy': 1.0}
train: {'epoch': 302, 'eta': 11.1262, 'loss': 1.0131, 'lr': 0.0014, 'params': 632328, 'time_iter': 0.1484, 'accuracy': 1.0}
train: {'epoch': 303, 'eta': 11.0218, 'loss': 1.0131, 'lr': 0.0014, 'params': 632328, 'time_iter': 0.1475, 'accuracy': 1.0}
train: {'epoch': 304, 'eta': 10.9188, 'loss': 1.0131, 'lr': 0.0014, 'params': 632328, 'time_iter': 0.1526, 'accuracy': 1.0}
train: {'epoch': 305, 'eta': 10.8272, 'loss': 1.0131, 'lr': 0.0013, 'params': 632328, 'time_iter': 0.1908, 'accuracy': 1.0}
train: {'epoch': 306, 'eta': 10.7272, 'loss': 1.0131, 'lr': 0.0013, 'params': 632328, 'time_iter': 0.1655, 'accuracy': 1.0}
train: {'epoch': 307, 'eta': 10.6231, 'loss': 1.0131, 'lr': 0.0013, 'params': 632328, 'time_iter': 0.1528, 'accuracy': 1.0}
train: {'epoch': 308, 'eta': 10.5087, 'loss': 1.0131, 'lr': 0.0012, 'params': 632328, 'time_iter': 0.1191, 'accuracy': 1.0}
train: {'epoch': 309, 'eta': 10.3944, 'loss': 1.0131, 'lr': 0.0012, 'params': 632328, 'time_iter': 0.1197, 'accuracy': 1.0}
train: {'epoch': 310, 'eta': 10.2854, 'loss': 1.0131, 'lr': 0.0012, 'params': 632328, 'time_iter': 0.1381, 'accuracy': 1.0}
train: {'epoch': 311, 'eta': 10.1695, 'loss': 1.0131, 'lr': 0.0012, 'params': 632328, 'time_iter': 0.1142, 'accuracy': 1.0}
train: {'epoch': 312, 'eta': 10.0661, 'loss': 1.0131, 'lr': 0.0011, 'params': 632328, 'time_iter': 0.1594, 'accuracy': 1.0}
train: {'epoch': 313, 'eta': 9.9596, 'loss': 1.0131, 'lr': 0.0011, 'params': 632328, 'time_iter': 0.1494, 'accuracy': 1.0}
train: {'epoch': 314, 'eta': 9.8603, 'loss': 1.0131, 'lr': 0.0011, 'params': 632328, 'time_iter': 0.1771, 'accuracy': 1.0}
train: {'epoch': 315, 'eta': 9.7533, 'loss': 1.0131, 'lr': 0.0011, 'params': 632328, 'time_iter': 0.1499, 'accuracy': 1.0}
train: {'epoch': 316, 'eta': 9.6383, 'loss': 1.0131, 'lr': 0.001, 'params': 632328, 'time_iter': 0.1203, 'accuracy': 1.0}
train: {'epoch': 317, 'eta': 9.5258, 'loss': 1.0131, 'lr': 0.001, 'params': 632328, 'time_iter': 0.1302, 'accuracy': 1.0}
train: {'epoch': 318, 'eta': 9.4102, 'loss': 1.0131, 'lr': 0.001, 'params': 632328, 'time_iter': 0.1185, 'accuracy': 1.0}
train: {'epoch': 319, 'eta': 9.2947, 'loss': 1.0131, 'lr': 0.001, 'params': 632328, 'time_iter': 0.1188, 'accuracy': 1.0}
val: {'epoch': 319, 'loss': 1.6506, 'lr': 0, 'params': 632328, 'time_iter': 0.0428, 'accuracy': 0.8395}
train: {'epoch': 320, 'eta': 9.182, 'loss': 1.0131, 'lr': 0.001, 'params': 632328, 'time_iter': 0.1301, 'accuracy': 1.0}
train: {'epoch': 321, 'eta': 9.0698, 'loss': 1.0131, 'lr': 0.0009, 'params': 632328, 'time_iter': 0.1329, 'accuracy': 1.0}
train: {'epoch': 322, 'eta': 8.9568, 'loss': 1.0131, 'lr': 0.0009, 'params': 632328, 'time_iter': 0.1303, 'accuracy': 1.0}
train: {'epoch': 323, 'eta': 8.84, 'loss': 1.0131, 'lr': 0.0009, 'params': 632328, 'time_iter': 0.1141, 'accuracy': 1.0}
train: {'epoch': 324, 'eta': 8.724, 'loss': 1.0131, 'lr': 0.0009, 'params': 632328, 'time_iter': 0.1178, 'accuracy': 1.0}
train: {'epoch': 325, 'eta': 8.6079, 'loss': 1.0131, 'lr': 0.0008, 'params': 632328, 'time_iter': 0.1173, 'accuracy': 1.0}
train: {'epoch': 326, 'eta': 8.4895, 'loss': 1.0131, 'lr': 0.0008, 'params': 632328, 'time_iter': 0.1069, 'accuracy': 1.0}
train: {'epoch': 327, 'eta': 8.3718, 'loss': 1.0131, 'lr': 0.0008, 'params': 632328, 'time_iter': 0.1102, 'accuracy': 1.0}
train: {'epoch': 328, 'eta': 8.2516, 'loss': 1.0131, 'lr': 0.0008, 'params': 632328, 'time_iter': 0.0979, 'accuracy': 1.0}
train: {'epoch': 329, 'eta': 8.1311, 'loss': 1.0131, 'lr': 0.0008, 'params': 632328, 'time_iter': 0.0962, 'accuracy': 1.0}
train: {'epoch': 330, 'eta': 8.0116, 'loss': 1.0131, 'lr': 0.0007, 'params': 632328, 'time_iter': 0.1002, 'accuracy': 1.0}
train: {'epoch': 331, 'eta': 7.892, 'loss': 1.0131, 'lr': 0.0007, 'params': 632328, 'time_iter': 0.0987, 'accuracy': 1.0}
train: {'epoch': 332, 'eta': 7.7724, 'loss': 1.0131, 'lr': 0.0007, 'params': 632328, 'time_iter': 0.0988, 'accuracy': 1.0}
train: {'epoch': 333, 'eta': 7.6547, 'loss': 1.0131, 'lr': 0.0007, 'params': 632328, 'time_iter': 0.1075, 'accuracy': 1.0}
train: {'epoch': 334, 'eta': 7.5364, 'loss': 1.0131, 'lr': 0.0007, 'params': 632328, 'time_iter': 0.1038, 'accuracy': 1.0}
train: {'epoch': 335, 'eta': 7.4188, 'loss': 1.0131, 'lr': 0.0006, 'params': 632328, 'time_iter': 0.1072, 'accuracy': 1.0}
train: {'epoch': 336, 'eta': 7.3028, 'loss': 1.0131, 'lr': 0.0006, 'params': 632328, 'time_iter': 0.1154, 'accuracy': 1.0}
train: {'epoch': 337, 'eta': 7.1848, 'loss': 1.0131, 'lr': 0.0006, 'params': 632328, 'time_iter': 0.1048, 'accuracy': 1.0}
train: {'epoch': 338, 'eta': 7.0656, 'loss': 1.0131, 'lr': 0.0006, 'params': 632328, 'time_iter': 0.0973, 'accuracy': 1.0}
train: {'epoch': 339, 'eta': 6.948, 'loss': 1.0131, 'lr': 0.0006, 'params': 632328, 'time_iter': 0.1057, 'accuracy': 1.0}
val: {'epoch': 339, 'loss': 1.6552, 'lr': 0, 'params': 632328, 'time_iter': 0.0482, 'accuracy': 0.8358}
train: {'epoch': 340, 'eta': 6.8274, 'loss': 1.0131, 'lr': 0.0005, 'params': 632328, 'time_iter': 0.0884, 'accuracy': 1.0}
train: {'epoch': 341, 'eta': 6.7108, 'loss': 1.0131, 'lr': 0.0005, 'params': 632328, 'time_iter': 0.1104, 'accuracy': 1.0}
train: {'epoch': 342, 'eta': 6.593, 'loss': 1.0131, 'lr': 0.0005, 'params': 632328, 'time_iter': 0.103, 'accuracy': 1.0}
train: {'epoch': 343, 'eta': 6.4754, 'loss': 1.0131, 'lr': 0.0005, 'params': 632328, 'time_iter': 0.104, 'accuracy': 1.0}
train: {'epoch': 344, 'eta': 6.3582, 'loss': 1.0131, 'lr': 0.0005, 'params': 632328, 'time_iter': 0.1055, 'accuracy': 1.0}
train: {'epoch': 345, 'eta': 6.239, 'loss': 1.0131, 'lr': 0.0005, 'params': 632328, 'time_iter': 0.0927, 'accuracy': 1.0}
train: {'epoch': 346, 'eta': 6.1215, 'loss': 1.0131, 'lr': 0.0004, 'params': 632328, 'time_iter': 0.1027, 'accuracy': 1.0}
train: {'epoch': 347, 'eta': 6.0028, 'loss': 1.0131, 'lr': 0.0004, 'params': 632328, 'time_iter': 0.0942, 'accuracy': 1.0}
train: {'epoch': 348, 'eta': 5.8954, 'loss': 1.0131, 'lr': 0.0004, 'params': 632328, 'time_iter': 0.1701, 'accuracy': 1.0}
train: {'epoch': 349, 'eta': 5.7805, 'loss': 1.0131, 'lr': 0.0004, 'params': 632328, 'time_iter': 0.121, 'accuracy': 1.0}
train: {'epoch': 350, 'eta': 5.6631, 'loss': 1.0131, 'lr': 0.0004, 'params': 632328, 'time_iter': 0.1023, 'accuracy': 1.0}
train: {'epoch': 351, 'eta': 5.5454, 'loss': 1.0131, 'lr': 0.0004, 'params': 632328, 'time_iter': 0.1002, 'accuracy': 1.0}
train: {'epoch': 352, 'eta': 5.429, 'loss': 1.0131, 'lr': 0.0004, 'params': 632328, 'time_iter': 0.1092, 'accuracy': 1.0}
train: {'epoch': 353, 'eta': 5.3132, 'loss': 1.0131, 'lr': 0.0003, 'params': 632328, 'time_iter': 0.1129, 'accuracy': 1.0}
train: {'epoch': 354, 'eta': 5.2039, 'loss': 1.0131, 'lr': 0.0003, 'params': 632328, 'time_iter': 0.1644, 'accuracy': 1.0}
train: {'epoch': 355, 'eta': 5.1003, 'loss': 1.0131, 'lr': 0.0003, 'params': 632328, 'time_iter': 0.2131, 'accuracy': 1.0}
train: {'epoch': 356, 'eta': 4.9923, 'loss': 1.0131, 'lr': 0.0003, 'params': 632328, 'time_iter': 0.1821, 'accuracy': 1.0}
train: {'epoch': 357, 'eta': 4.8828, 'loss': 1.0131, 'lr': 0.0003, 'params': 632328, 'time_iter': 0.1719, 'accuracy': 1.0}
train: {'epoch': 358, 'eta': 4.7701, 'loss': 1.0131, 'lr': 0.0003, 'params': 632328, 'time_iter': 0.148, 'accuracy': 1.0}
train: {'epoch': 359, 'eta': 4.6538, 'loss': 1.0131, 'lr': 0.0003, 'params': 632328, 'time_iter': 0.1163, 'accuracy': 1.0}
val: {'epoch': 359, 'loss': 1.6583, 'lr': 0, 'params': 632328, 'time_iter': 0.0421, 'accuracy': 0.8358}
train: {'epoch': 360, 'eta': 4.536, 'loss': 1.0131, 'lr': 0.0002, 'params': 632328, 'time_iter': 0.1029, 'accuracy': 1.0}
train: {'epoch': 361, 'eta': 4.4177, 'loss': 1.0131, 'lr': 0.0002, 'params': 632328, 'time_iter': 0.0978, 'accuracy': 1.0}
train: {'epoch': 362, 'eta': 4.303, 'loss': 1.0131, 'lr': 0.0002, 'params': 632328, 'time_iter': 0.1314, 'accuracy': 1.0}
train: {'epoch': 363, 'eta': 4.1859, 'loss': 1.0131, 'lr': 0.0002, 'params': 632328, 'time_iter': 0.1075, 'accuracy': 1.0}
train: {'epoch': 364, 'eta': 4.0687, 'loss': 1.0131, 'lr': 0.0002, 'params': 632328, 'time_iter': 0.1066, 'accuracy': 1.0}
train: {'epoch': 365, 'eta': 3.9513, 'loss': 1.0131, 'lr': 0.0002, 'params': 632328, 'time_iter': 0.1042, 'accuracy': 1.0}
train: {'epoch': 366, 'eta': 3.8335, 'loss': 1.0131, 'lr': 0.0002, 'params': 632328, 'time_iter': 0.0988, 'accuracy': 1.0}
train: {'epoch': 367, 'eta': 3.7179, 'loss': 1.0131, 'lr': 0.0002, 'params': 632328, 'time_iter': 0.1227, 'accuracy': 1.0}
train: {'epoch': 368, 'eta': 3.601, 'loss': 1.0131, 'lr': 0.0002, 'params': 632328, 'time_iter': 0.1079, 'accuracy': 1.0}
train: {'epoch': 369, 'eta': 3.4834, 'loss': 1.0131, 'lr': 0.0001, 'params': 632328, 'time_iter': 0.0981, 'accuracy': 1.0}
train: {'epoch': 370, 'eta': 3.3664, 'loss': 1.0131, 'lr': 0.0001, 'params': 632328, 'time_iter': 0.1051, 'accuracy': 1.0}
train: {'epoch': 371, 'eta': 3.2498, 'loss': 1.0131, 'lr': 0.0001, 'params': 632328, 'time_iter': 0.1085, 'accuracy': 1.0}
train: {'epoch': 372, 'eta': 3.1325, 'loss': 1.0131, 'lr': 0.0001, 'params': 632328, 'time_iter': 0.099, 'accuracy': 1.0}
train: {'epoch': 373, 'eta': 3.0151, 'loss': 1.0131, 'lr': 0.0001, 'params': 632328, 'time_iter': 0.0967, 'accuracy': 1.0}
train: {'epoch': 374, 'eta': 2.8992, 'loss': 1.0131, 'lr': 0.0001, 'params': 632328, 'time_iter': 0.1171, 'accuracy': 1.0}
train: {'epoch': 375, 'eta': 2.7821, 'loss': 1.0131, 'lr': 0.0001, 'params': 632328, 'time_iter': 0.0981, 'accuracy': 1.0}
train: {'epoch': 376, 'eta': 2.6652, 'loss': 1.0131, 'lr': 0.0001, 'params': 632328, 'time_iter': 0.0999, 'accuracy': 1.0}
train: {'epoch': 377, 'eta': 2.548, 'loss': 1.0131, 'lr': 0.0001, 'params': 632328, 'time_iter': 0.0932, 'accuracy': 1.0}
train: {'epoch': 378, 'eta': 2.4311, 'loss': 1.0131, 'lr': 0.0001, 'params': 632328, 'time_iter': 0.0964, 'accuracy': 1.0}
train: {'epoch': 379, 'eta': 2.3149, 'loss': 1.0131, 'lr': 0.0001, 'params': 632328, 'time_iter': 0.1066, 'accuracy': 1.0}
val: {'epoch': 379, 'loss': 1.6601, 'lr': 0, 'params': 632328, 'time_iter': 0.0494, 'accuracy': 0.8358}
train: {'epoch': 380, 'eta': 2.1977, 'loss': 1.0131, 'lr': 0.0001, 'params': 632328, 'time_iter': 0.087, 'accuracy': 1.0}
train: {'epoch': 381, 'eta': 2.0815, 'loss': 1.0131, 'lr': 0.0001, 'params': 632328, 'time_iter': 0.1035, 'accuracy': 1.0}
train: {'epoch': 382, 'eta': 1.9651, 'loss': 1.0131, 'lr': 0.0, 'params': 632328, 'time_iter': 0.099, 'accuracy': 1.0}
train: {'epoch': 383, 'eta': 1.8491, 'loss': 1.0131, 'lr': 0.0, 'params': 632328, 'time_iter': 0.1071, 'accuracy': 1.0}
train: {'epoch': 384, 'eta': 1.7334, 'loss': 1.0131, 'lr': 0.0, 'params': 632328, 'time_iter': 0.1116, 'accuracy': 1.0}
train: {'epoch': 385, 'eta': 1.6175, 'loss': 1.0131, 'lr': 0.0, 'params': 632328, 'time_iter': 0.1061, 'accuracy': 1.0}
train: {'epoch': 386, 'eta': 1.5012, 'loss': 1.0131, 'lr': 0.0, 'params': 632328, 'time_iter': 0.0937, 'accuracy': 1.0}
train: {'epoch': 387, 'eta': 1.3853, 'loss': 1.0131, 'lr': 0.0, 'params': 632328, 'time_iter': 0.1003, 'accuracy': 1.0}
train: {'epoch': 388, 'eta': 1.2695, 'loss': 1.0131, 'lr': 0.0, 'params': 632328, 'time_iter': 0.1015, 'accuracy': 1.0}
train: {'epoch': 389, 'eta': 1.1537, 'loss': 1.0131, 'lr': 0.0, 'params': 632328, 'time_iter': 0.1021, 'accuracy': 1.0}
train: {'epoch': 390, 'eta': 1.038, 'loss': 1.0131, 'lr': 0.0, 'params': 632328, 'time_iter': 0.1005, 'accuracy': 1.0}
train: {'epoch': 391, 'eta': 0.9223, 'loss': 1.0131, 'lr': 0.0, 'params': 632328, 'time_iter': 0.0999, 'accuracy': 1.0}
train: {'epoch': 392, 'eta': 0.8068, 'loss': 1.0131, 'lr': 0.0, 'params': 632328, 'time_iter': 0.1016, 'accuracy': 1.0}
train: {'epoch': 393, 'eta': 0.6914, 'loss': 1.0131, 'lr': 0.0, 'params': 632328, 'time_iter': 0.1079, 'accuracy': 1.0}
train: {'epoch': 394, 'eta': 0.576, 'loss': 1.0131, 'lr': 0.0, 'params': 632328, 'time_iter': 0.1023, 'accuracy': 1.0}
train: {'epoch': 395, 'eta': 0.4609, 'loss': 1.0131, 'lr': 0.0, 'params': 632328, 'time_iter': 0.1244, 'accuracy': 1.0}
train: {'epoch': 396, 'eta': 0.3457, 'loss': 1.0131, 'lr': 0.0, 'params': 632328, 'time_iter': 0.1157, 'accuracy': 1.0}
train: {'epoch': 397, 'eta': 0.2304, 'loss': 1.0131, 'lr': 0.0, 'params': 632328, 'time_iter': 0.1124, 'accuracy': 1.0}
train: {'epoch': 398, 'eta': 0.1152, 'loss': 1.0131, 'lr': 0.0, 'params': 632328, 'time_iter': 0.1219, 'accuracy': 1.0}
train: {'epoch': 399, 'eta': 0.0, 'loss': 1.0131, 'lr': 0.0, 'params': 632328, 'time_iter': 0.1123, 'accuracy': 1.0}
val: {'epoch': 399, 'loss': 1.6609, 'lr': 0, 'params': 632328, 'time_iter': 0.0456, 'accuracy': 0.8358}
Task done, results saved in results/example_noneq_7
