Load: 0.05984s, Before split: 0.0001819s, Split: 0.00221s, After split: 0.001426s
GNN(
  (preprocess): Preprocess(
    node_feature: dim_out=1433
    Total: dim_out=1433
  )
  (pre_mp): GeneralMultiLayer(
    (Layer_0): GeneralLayer(
      (layer): Linear(
        (model): Linear(in_features=1433, out_features=256, bias=False)
      )
      (post_layer): Sequential(
        (0): BatchNorm1d(256, eps=1e-05, momentum=0.1, affine=True, track_running_stats=True)
        (1): PReLU(num_parameters=1)
      )
    )
  )
  (mp): GNNStackStage(
    (layer0): GeneralLayer(
      (layer): GeneralConv(
        (model): GeneralConvLayer(256, 256)
      )
      (post_layer): Sequential(
        (0): BatchNorm1d(256, eps=1e-05, momentum=0.1, affine=True, track_running_stats=True)
        (1): PReLU(num_parameters=1)
      )
    )
    (layer1): GeneralLayer(
      (layer): GeneralConv(
        (model): GeneralConvLayer(256, 256)
      )
      (post_layer): Sequential(
        (0): BatchNorm1d(256, eps=1e-05, momentum=0.1, affine=True, track_running_stats=True)
        (1): PReLU(num_parameters=1)
      )
    )
  )
  (post_mp): GNNNodeHead(
    (layer_post_mp): MLP(
      (model): Sequential(
        (0): Linear(
          (model): Linear(in_features=256, out_features=7, bias=True)
        )
      )
    )
  )
)
bn:
  eps: 1e-05
  mom: 0.1
cfg_dest: config.yaml
custom_metrics: []
dataset:
  augment_feature: []
  augment_feature_dims: []
  augment_feature_repr: position
  augment_label: 
  augment_label_dims: 0
  cache_load: False
  cache_save: False
  dir: ./datasets
  edge_dim: 128
  edge_encoder: False
  edge_encoder_bn: True
  edge_encoder_name: Bond
  edge_message_ratio: 0.8
  edge_negative_sampling_ratio: 1.0
  edge_train_mode: all
  encoder: True
  encoder_bn: True
  encoder_dim: 128
  encoder_name: db
  format: PyG
  label_column: none
  label_table: none
  location: local
  name: Cora
  node_encoder: False
  node_encoder_bn: True
  node_encoder_name: Atom
  remove_feature: False
  resample_disjoint: False
  resample_negative: False
  shuffle_split: True
  split: [0.8, 0.2]
  split_mode: random
  task: node
  task_type: classification
  to_undirected: False
  transductive: True
  transform: none
  tu_simple: True
device: cpu
example_arg: example
example_group:
  example_arg: example
gnn:
  act: prelu
  agg: add
  att_final_linear: False
  att_final_linear_bn: False
  att_heads: 1
  batchnorm: True
  clear_feature: True
  dim_inner: 256
  dropout: 0.0
  flow: source_to_target
  head: node
  keep_edge: 0.5
  l2norm: True
  layer_type: generalconv
  layers_mp: 2
  layers_post_mp: 1
  layers_pre_mp: 1
  msg_direction: single
  normalize_adj: False
  self_msg: concat
  skip_every: 1
  stage_type: stack
gpu_mem: False
mem:
  inplace: False
metric_agg: argmax
metric_best: auto
model:
  edge_decoding: dot
  graph_pooling: add
  loss_fun: cross_entropy
  match_upper: True
  size_average: mean
  thresh: 0.5
  type: gnn
num_threads: 6
num_workers: 0
optim:
  base_lr: 0.01
  lr_decay: 0.1
  max_epoch: 400
  momentum: 0.9
  optimizer: adam
  scheduler: cos
  steps: [30, 60, 90]
  weight_decay: 0.0005
out_dir: results/example_noneq
print: both
round: 4
run_dir: results/example_noneq/0
seed: 1
share:
  dim_in: 1433
  dim_out: 7
  num_splits: 2
tensorboard_agg: True
tensorboard_each_run: False
train:
  auto_resume: False
  batch_size: 32
  ckpt_clean: True
  ckpt_period: 100
  enable_ckpt: True
  energy_alpha: 0.5
  energy_beta: 2.0
  energy_reg: True
  epoch_resume: -1
  eval_period: 20
  iter_per_epoch: 32
  mode: standard
  neighbor_sizes: [20, 15, 10, 5]
  node_per_graph: 32
  radius: extend
  sample_node: False
  sampler: full_batch
  skip_train_eval: False
  walk_length: 4
val:
  node_per_graph: 32
  radius: extend
  sample_node: False
  sampler: full_batch
view_emb: False
Num parameters: 632328
Start from epoch 0
train: {'epoch': 0, 'eta': 81.5986, 'loss': 4.176, 'lr': 0.01, 'params': 632328, 'time_iter': 0.2045, 'accuracy': 0.1302}
val: {'epoch': 0, 'loss': 2.5203, 'lr': 0, 'params': 632328, 'time_iter': 0.0292, 'accuracy': 0.3007}
train: {'epoch': 1, 'eta': 52.5255, 'loss': 3.083, 'lr': 0.01, 'params': 632328, 'time_iter': 0.0594, 'accuracy': 0.6136}
train: {'epoch': 2, 'eta': 42.7926, 'loss': 2.5748, 'lr': 0.01, 'params': 632328, 'time_iter': 0.0594, 'accuracy': 0.6311}
train: {'epoch': 3, 'eta': 42.4709, 'loss': 2.2894, 'lr': 0.01, 'params': 632328, 'time_iter': 0.1056, 'accuracy': 0.6713}
train: {'epoch': 4, 'eta': 39.055, 'loss': 2.0804, 'lr': 0.01, 'params': 632328, 'time_iter': 0.0654, 'accuracy': 0.7202}
train: {'epoch': 5, 'eta': 36.6272, 'loss': 1.9302, 'lr': 0.01, 'params': 632328, 'time_iter': 0.0634, 'accuracy': 0.7558}
train: {'epoch': 6, 'eta': 53.3457, 'loss': 1.8072, 'lr': 0.01, 'params': 632328, 'time_iter': 0.3924, 'accuracy': 0.7807}
train: {'epoch': 7, 'eta': 50.2785, 'loss': 1.7, 'lr': 0.01, 'params': 632328, 'time_iter': 0.0759, 'accuracy': 0.7899}
train: {'epoch': 8, 'eta': 47.3612, 'loss': 1.6126, 'lr': 0.01, 'params': 632328, 'time_iter': 0.0641, 'accuracy': 0.8107}
train: {'epoch': 9, 'eta': 45.5375, 'loss': 1.5335, 'lr': 0.01, 'params': 632328, 'time_iter': 0.0775, 'accuracy': 0.825}
train: {'epoch': 10, 'eta': 43.8235, 'loss': 1.4681, 'lr': 0.01, 'params': 632328, 'time_iter': 0.0716, 'accuracy': 0.8352}
train: {'epoch': 11, 'eta': 42.3509, 'loss': 1.4139, 'lr': 0.01, 'params': 632328, 'time_iter': 0.0706, 'accuracy': 0.8435}
train: {'epoch': 12, 'eta': 41.0508, 'loss': 1.3657, 'lr': 0.01, 'params': 632328, 'time_iter': 0.0691, 'accuracy': 0.8541}
train: {'epoch': 13, 'eta': 40.0849, 'loss': 1.3221, 'lr': 0.01, 'params': 632328, 'time_iter': 0.0749, 'accuracy': 0.8583}
train: {'epoch': 14, 'eta': 39.0135, 'loss': 1.2829, 'lr': 0.01, 'params': 632328, 'time_iter': 0.0661, 'accuracy': 0.867}
train: {'epoch': 15, 'eta': 38.2726, 'loss': 1.247, 'lr': 0.01, 'params': 632328, 'time_iter': 0.0747, 'accuracy': 0.8809}
train: {'epoch': 16, 'eta': 38.5872, 'loss': 1.2146, 'lr': 0.01, 'params': 632328, 'time_iter': 0.1181, 'accuracy': 0.8901}
train: {'epoch': 17, 'eta': 39.0668, 'loss': 1.1859, 'lr': 0.01, 'params': 632328, 'time_iter': 0.1281, 'accuracy': 0.8998}
train: {'epoch': 18, 'eta': 40.5186, 'loss': 1.1596, 'lr': 0.01, 'params': 632328, 'time_iter': 0.1798, 'accuracy': 0.9127}
train: {'epoch': 19, 'eta': 40.8307, 'loss': 1.1351, 'lr': 0.0099, 'params': 632328, 'time_iter': 0.1284, 'accuracy': 0.9169}
val: {'epoch': 19, 'loss': 1.2452, 'lr': 0, 'params': 632328, 'time_iter': 0.0621, 'accuracy': 0.8579}
train: {'epoch': 20, 'eta': 40.7527, 'loss': 1.1123, 'lr': 0.0099, 'params': 632328, 'time_iter': 0.1091, 'accuracy': 0.9229}
train: {'epoch': 21, 'eta': 41.3867, 'loss': 1.0911, 'lr': 0.0099, 'params': 632328, 'time_iter': 0.1507, 'accuracy': 0.9243}
train: {'epoch': 22, 'eta': 41.5522, 'loss': 1.0717, 'lr': 0.0099, 'params': 632328, 'time_iter': 0.1263, 'accuracy': 0.9243}
train: {'epoch': 23, 'eta': 41.9049, 'loss': 1.0541, 'lr': 0.0099, 'params': 632328, 'time_iter': 0.1398, 'accuracy': 0.9294}
train: {'epoch': 24, 'eta': 41.8277, 'loss': 1.0379, 'lr': 0.0099, 'params': 632328, 'time_iter': 0.1137, 'accuracy': 0.9303}
train: {'epoch': 25, 'eta': 41.9951, 'loss': 1.0229, 'lr': 0.0099, 'params': 632328, 'time_iter': 0.1309, 'accuracy': 0.9321}
train: {'epoch': 26, 'eta': 41.9983, 'loss': 1.0084, 'lr': 0.0099, 'params': 632328, 'time_iter': 0.1206, 'accuracy': 0.9372}
train: {'epoch': 27, 'eta': 42.3629, 'loss': 0.9946, 'lr': 0.0099, 'params': 632328, 'time_iter': 0.1485, 'accuracy': 0.9386}
train: {'epoch': 28, 'eta': 42.4213, 'loss': 0.9819, 'lr': 0.0099, 'params': 632328, 'time_iter': 0.1273, 'accuracy': 0.9391}
train: {'epoch': 29, 'eta': 42.4228, 'loss': 0.9701, 'lr': 0.0099, 'params': 632328, 'time_iter': 0.1237, 'accuracy': 0.9395}
train: {'epoch': 30, 'eta': 42.2433, 'loss': 0.9594, 'lr': 0.0099, 'params': 632328, 'time_iter': 0.1092, 'accuracy': 0.9428}
train: {'epoch': 31, 'eta': 42.2027, 'loss': 0.9492, 'lr': 0.0099, 'params': 632328, 'time_iter': 0.1209, 'accuracy': 0.9446}
train: {'epoch': 32, 'eta': 42.3651, 'loss': 0.9392, 'lr': 0.0098, 'params': 632328, 'time_iter': 0.1396, 'accuracy': 0.9446}
train: {'epoch': 33, 'eta': 42.4398, 'loss': 0.9319, 'lr': 0.0098, 'params': 632328, 'time_iter': 0.1331, 'accuracy': 0.9474}
train: {'epoch': 34, 'eta': 42.5541, 'loss': 0.9594, 'lr': 0.0098, 'params': 632328, 'time_iter': 0.138, 'accuracy': 0.9363}
train: {'epoch': 35, 'eta': 42.7565, 'loss': 0.9827, 'lr': 0.0098, 'params': 632328, 'time_iter': 0.1481, 'accuracy': 0.94}
train: {'epoch': 36, 'eta': 42.973, 'loss': 0.9878, 'lr': 0.0098, 'params': 632328, 'time_iter': 0.1515, 'accuracy': 0.9266}
train: {'epoch': 37, 'eta': 42.8466, 'loss': 0.9633, 'lr': 0.0098, 'params': 632328, 'time_iter': 0.1175, 'accuracy': 0.9381}
train: {'epoch': 38, 'eta': 42.6892, 'loss': 0.9076, 'lr': 0.0098, 'params': 632328, 'time_iter': 0.1141, 'accuracy': 0.9524}
train: {'epoch': 39, 'eta': 42.4778, 'loss': 0.9376, 'lr': 0.0098, 'params': 632328, 'time_iter': 0.1079, 'accuracy': 0.946}
val: {'epoch': 39, 'loss': 1.0972, 'lr': 0, 'params': 632328, 'time_iter': 0.0472, 'accuracy': 0.869}
train: {'epoch': 40, 'eta': 42.4506, 'loss': 0.9053, 'lr': 0.0098, 'params': 632328, 'time_iter': 0.1284, 'accuracy': 0.9552}
train: {'epoch': 41, 'eta': 42.4132, 'loss': 0.885, 'lr': 0.0097, 'params': 632328, 'time_iter': 0.1277, 'accuracy': 0.9538}
train: {'epoch': 42, 'eta': 42.2895, 'loss': 0.893, 'lr': 0.0097, 'params': 632328, 'time_iter': 0.1178, 'accuracy': 0.9511}
train: {'epoch': 43, 'eta': 42.6504, 'loss': 0.8873, 'lr': 0.0097, 'params': 632328, 'time_iter': 0.1777, 'accuracy': 0.9511}
train: {'epoch': 44, 'eta': 42.7966, 'loss': 0.8723, 'lr': 0.0097, 'params': 632328, 'time_iter': 0.1535, 'accuracy': 0.958}
train: {'epoch': 45, 'eta': 43.3107, 'loss': 0.862, 'lr': 0.0097, 'params': 632328, 'time_iter': 0.203, 'accuracy': 0.9635}
train: {'epoch': 46, 'eta': 43.6335, 'loss': 0.8578, 'lr': 0.0097, 'params': 632328, 'time_iter': 0.1816, 'accuracy': 0.9649}
train: {'epoch': 47, 'eta': 55.6096, 'loss': 0.8506, 'lr': 0.0097, 'params': 632328, 'time_iter': 1.7736, 'accuracy': 0.9677}
train: {'epoch': 48, 'eta': 57.3672, 'loss': 0.8444, 'lr': 0.0096, 'params': 632328, 'time_iter': 0.4254, 'accuracy': 0.9663}
train: {'epoch': 49, 'eta': 58.3952, 'loss': 0.8363, 'lr': 0.0096, 'params': 632328, 'time_iter': 0.3336, 'accuracy': 0.9686}
train: {'epoch': 50, 'eta': 59.1703, 'loss': 0.8339, 'lr': 0.0096, 'params': 632328, 'time_iter': 0.3045, 'accuracy': 0.9718}
train: {'epoch': 51, 'eta': 61.1591, 'loss': 0.8274, 'lr': 0.0096, 'params': 632328, 'time_iter': 0.4921, 'accuracy': 0.9723}
train: {'epoch': 52, 'eta': 62.205, 'loss': 0.8187, 'lr': 0.0096, 'params': 632328, 'time_iter': 0.3623, 'accuracy': 0.9709}
train: {'epoch': 53, 'eta': 62.4792, 'loss': 0.8158, 'lr': 0.0096, 'params': 632328, 'time_iter': 0.25, 'accuracy': 0.9741}
train: {'epoch': 54, 'eta': 63.0007, 'loss': 0.8218, 'lr': 0.0096, 'params': 632328, 'time_iter': 0.2925, 'accuracy': 0.9769}
train: {'epoch': 55, 'eta': 63.5003, 'loss': 0.8108, 'lr': 0.0095, 'params': 632328, 'time_iter': 0.2937, 'accuracy': 0.9788}
train: {'epoch': 56, 'eta': 63.9525, 'loss': 0.8113, 'lr': 0.0095, 'params': 632328, 'time_iter': 0.2904, 'accuracy': 0.9778}
train: {'epoch': 57, 'eta': 64.3844, 'loss': 0.7998, 'lr': 0.0095, 'params': 632328, 'time_iter': 0.2913, 'accuracy': 0.9815}
train: {'epoch': 58, 'eta': 64.2365, 'loss': 0.7996, 'lr': 0.0095, 'params': 632328, 'time_iter': 0.1952, 'accuracy': 0.9806}
train: {'epoch': 59, 'eta': 63.853, 'loss': 0.792, 'lr': 0.0095, 'params': 632328, 'time_iter': 0.1539, 'accuracy': 0.9788}
val: {'epoch': 59, 'loss': 1.1414, 'lr': 0, 'params': 632328, 'time_iter': 0.0644, 'accuracy': 0.8303}
train: {'epoch': 60, 'eta': 63.3461, 'loss': 0.7942, 'lr': 0.0095, 'params': 632328, 'time_iter': 0.1304, 'accuracy': 0.9788}
train: {'epoch': 61, 'eta': 62.8628, 'loss': 0.7958, 'lr': 0.0094, 'params': 632328, 'time_iter': 0.1325, 'accuracy': 0.9718}
train: {'epoch': 62, 'eta': 62.3463, 'loss': 0.7921, 'lr': 0.0094, 'params': 632328, 'time_iter': 0.1242, 'accuracy': 0.9815}
train: {'epoch': 63, 'eta': 61.8418, 'loss': 0.7813, 'lr': 0.0094, 'params': 632328, 'time_iter': 0.1241, 'accuracy': 0.9815}
train: {'epoch': 64, 'eta': 62.4558, 'loss': 0.78, 'lr': 0.0094, 'params': 632328, 'time_iter': 0.3389, 'accuracy': 0.9825}
train: {'epoch': 65, 'eta': 62.0566, 'loss': 0.7817, 'lr': 0.0094, 'params': 632328, 'time_iter': 0.1444, 'accuracy': 0.9815}
train: {'epoch': 66, 'eta': 61.7606, 'loss': 0.7709, 'lr': 0.0093, 'params': 632328, 'time_iter': 0.1636, 'accuracy': 0.9838}
train: {'epoch': 67, 'eta': 61.2787, 'loss': 0.7686, 'lr': 0.0093, 'params': 632328, 'time_iter': 0.1248, 'accuracy': 0.9843}
train: {'epoch': 68, 'eta': 61.1114, 'loss': 0.7612, 'lr': 0.0093, 'params': 632328, 'time_iter': 0.1882, 'accuracy': 0.9875}
train: {'epoch': 69, 'eta': 60.7331, 'loss': 0.7608, 'lr': 0.0093, 'params': 632328, 'time_iter': 0.1436, 'accuracy': 0.9857}
train: {'epoch': 70, 'eta': 60.4051, 'loss': 0.7589, 'lr': 0.0093, 'params': 632328, 'time_iter': 0.153, 'accuracy': 0.9852}
train: {'epoch': 71, 'eta': 60.0903, 'loss': 0.7552, 'lr': 0.0092, 'params': 632328, 'time_iter': 0.1548, 'accuracy': 0.9898}
train: {'epoch': 72, 'eta': 59.7123, 'loss': 0.7594, 'lr': 0.0092, 'params': 632328, 'time_iter': 0.1397, 'accuracy': 0.9889}
train: {'epoch': 73, 'eta': 59.179, 'loss': 0.7547, 'lr': 0.0092, 'params': 632328, 'time_iter': 0.103, 'accuracy': 0.9889}
train: {'epoch': 74, 'eta': 58.8455, 'loss': 0.7551, 'lr': 0.0092, 'params': 632328, 'time_iter': 0.1465, 'accuracy': 0.9866}
train: {'epoch': 75, 'eta': 58.4224, 'loss': 0.75, 'lr': 0.0092, 'params': 632328, 'time_iter': 0.1243, 'accuracy': 0.9857}
train: {'epoch': 76, 'eta': 57.9028, 'loss': 0.7461, 'lr': 0.0091, 'params': 632328, 'time_iter': 0.0994, 'accuracy': 0.9903}
train: {'epoch': 77, 'eta': 57.4871, 'loss': 0.7453, 'lr': 0.0091, 'params': 632328, 'time_iter': 0.122, 'accuracy': 0.9898}
train: {'epoch': 78, 'eta': 57.0613, 'loss': 0.739, 'lr': 0.0091, 'params': 632328, 'time_iter': 0.1177, 'accuracy': 0.9903}
train: {'epoch': 79, 'eta': 56.8259, 'loss': 0.7376, 'lr': 0.0091, 'params': 632328, 'time_iter': 0.1633, 'accuracy': 0.9917}
val: {'epoch': 79, 'loss': 1.0734, 'lr': 0, 'params': 632328, 'time_iter': 0.0509, 'accuracy': 0.8579}
train: {'epoch': 80, 'eta': 56.4511, 'loss': 0.7322, 'lr': 0.009, 'params': 632328, 'time_iter': 0.1275, 'accuracy': 0.9931}
train: {'epoch': 81, 'eta': 56.0423, 'loss': 0.7318, 'lr': 0.009, 'params': 632328, 'time_iter': 0.1172, 'accuracy': 0.9935}
train: {'epoch': 82, 'eta': 55.7155, 'loss': 0.7333, 'lr': 0.009, 'params': 632328, 'time_iter': 0.1368, 'accuracy': 0.9917}
train: {'epoch': 83, 'eta': 55.3795, 'loss': 0.7336, 'lr': 0.009, 'params': 632328, 'time_iter': 0.1332, 'accuracy': 0.9922}
train: {'epoch': 84, 'eta': 54.966, 'loss': 0.7558, 'lr': 0.009, 'params': 632328, 'time_iter': 0.111, 'accuracy': 0.9843}
train: {'epoch': 85, 'eta': 54.532, 'loss': 0.7479, 'lr': 0.0089, 'params': 632328, 'time_iter': 0.1034, 'accuracy': 0.9843}
train: {'epoch': 86, 'eta': 54.2949, 'loss': 0.7386, 'lr': 0.0089, 'params': 632328, 'time_iter': 0.156, 'accuracy': 0.9875}
train: {'epoch': 87, 'eta': 53.9722, 'loss': 0.7393, 'lr': 0.0089, 'params': 632328, 'time_iter': 0.1314, 'accuracy': 0.9898}
train: {'epoch': 88, 'eta': 53.7381, 'loss': 0.729, 'lr': 0.0089, 'params': 632328, 'time_iter': 0.1555, 'accuracy': 0.9875}
train: {'epoch': 89, 'eta': 53.4977, 'loss': 0.7338, 'lr': 0.0088, 'params': 632328, 'time_iter': 0.1532, 'accuracy': 0.9898}
train: {'epoch': 90, 'eta': 53.2686, 'loss': 0.7204, 'lr': 0.0088, 'params': 632328, 'time_iter': 0.1559, 'accuracy': 0.994}
train: {'epoch': 91, 'eta': 52.9418, 'loss': 0.7234, 'lr': 0.0088, 'params': 632328, 'time_iter': 0.1263, 'accuracy': 0.994}
train: {'epoch': 92, 'eta': 52.5763, 'loss': 0.7172, 'lr': 0.0088, 'params': 632328, 'time_iter': 0.1132, 'accuracy': 0.9949}
train: {'epoch': 93, 'eta': 52.2783, 'loss': 0.7158, 'lr': 0.0087, 'params': 632328, 'time_iter': 0.1323, 'accuracy': 0.9949}
train: {'epoch': 94, 'eta': 51.9686, 'loss': 0.713, 'lr': 0.0087, 'params': 632328, 'time_iter': 0.1276, 'accuracy': 0.9935}
train: {'epoch': 95, 'eta': 51.6351, 'loss': 0.7105, 'lr': 0.0087, 'params': 632328, 'time_iter': 0.1189, 'accuracy': 0.9954}
train: {'epoch': 96, 'eta': 51.3703, 'loss': 0.708, 'lr': 0.0086, 'params': 632328, 'time_iter': 0.1395, 'accuracy': 0.9977}
train: {'epoch': 97, 'eta': 51.0332, 'loss': 0.706, 'lr': 0.0086, 'params': 632328, 'time_iter': 0.1152, 'accuracy': 0.9963}
train: {'epoch': 98, 'eta': 50.7419, 'loss': 0.7031, 'lr': 0.0086, 'params': 632328, 'time_iter': 0.1288, 'accuracy': 0.9958}
train: {'epoch': 99, 'eta': 50.3826, 'loss': 0.7023, 'lr': 0.0086, 'params': 632328, 'time_iter': 0.105, 'accuracy': 0.9968}
val: {'epoch': 99, 'loss': 1.0494, 'lr': 0, 'params': 632328, 'time_iter': 0.0507, 'accuracy': 0.8598}
train: {'epoch': 100, 'eta': 50.0227, 'loss': 0.6998, 'lr': 0.0085, 'params': 632328, 'time_iter': 0.1031, 'accuracy': 0.9972}
train: {'epoch': 101, 'eta': 49.8462, 'loss': 0.6981, 'lr': 0.0085, 'params': 632328, 'time_iter': 0.1642, 'accuracy': 0.9982}
train: {'epoch': 102, 'eta': 49.5942, 'loss': 0.6967, 'lr': 0.0085, 'params': 632328, 'time_iter': 0.1379, 'accuracy': 0.9968}
train: {'epoch': 103, 'eta': 49.2652, 'loss': 0.6952, 'lr': 0.0085, 'params': 632328, 'time_iter': 0.11, 'accuracy': 0.9982}
train: {'epoch': 104, 'eta': 48.9905, 'loss': 0.6959, 'lr': 0.0084, 'params': 632328, 'time_iter': 0.1279, 'accuracy': 0.9977}
train: {'epoch': 105, 'eta': 48.663, 'loss': 0.7129, 'lr': 0.0084, 'params': 632328, 'time_iter': 0.1079, 'accuracy': 0.9963}
train: {'epoch': 106, 'eta': 48.4067, 'loss': 0.9452, 'lr': 0.0084, 'params': 632328, 'time_iter': 0.1324, 'accuracy': 0.9566}
train: {'epoch': 107, 'eta': 48.0894, 'loss': 1.0403, 'lr': 0.0083, 'params': 632328, 'time_iter': 0.1089, 'accuracy': 0.8744}
train: {'epoch': 108, 'eta': 47.8489, 'loss': 0.8489, 'lr': 0.0083, 'params': 632328, 'time_iter': 0.1363, 'accuracy': 0.9566}
train: {'epoch': 109, 'eta': 47.6027, 'loss': 0.893, 'lr': 0.0083, 'params': 632328, 'time_iter': 0.1334, 'accuracy': 0.9529}
train: {'epoch': 110, 'eta': 47.473, 'loss': 0.8311, 'lr': 0.0082, 'params': 632328, 'time_iter': 0.1774, 'accuracy': 0.9612}
train: {'epoch': 111, 'eta': 47.3014, 'loss': 0.8096, 'lr': 0.0082, 'params': 632328, 'time_iter': 0.1614, 'accuracy': 0.9672}
train: {'epoch': 112, 'eta': 47.2451, 'loss': 0.8149, 'lr': 0.0082, 'params': 632328, 'time_iter': 0.2068, 'accuracy': 0.9765}
train: {'epoch': 113, 'eta': 46.9733, 'loss': 0.7919, 'lr': 0.0082, 'params': 632328, 'time_iter': 0.1219, 'accuracy': 0.9718}
train: {'epoch': 114, 'eta': 46.7787, 'loss': 0.7789, 'lr': 0.0081, 'params': 632328, 'time_iter': 0.152, 'accuracy': 0.9751}
train: {'epoch': 115, 'eta': 46.6116, 'loss': 0.7721, 'lr': 0.0081, 'params': 632328, 'time_iter': 0.1629, 'accuracy': 0.9778}
train: {'epoch': 116, 'eta': 46.5929, 'loss': 0.7621, 'lr': 0.0081, 'params': 632328, 'time_iter': 0.2242, 'accuracy': 0.9806}
train: {'epoch': 117, 'eta': 46.5457, 'loss': 0.7524, 'lr': 0.008, 'params': 632328, 'time_iter': 0.2138, 'accuracy': 0.9852}
train: {'epoch': 118, 'eta': 46.3932, 'loss': 0.7468, 'lr': 0.008, 'params': 632328, 'time_iter': 0.1704, 'accuracy': 0.988}
train: {'epoch': 119, 'eta': 46.2165, 'loss': 0.7395, 'lr': 0.008, 'params': 632328, 'time_iter': 0.1602, 'accuracy': 0.9866}
val: {'epoch': 119, 'loss': 1.1066, 'lr': 0, 'params': 632328, 'time_iter': 0.0697, 'accuracy': 0.8616}
train: {'epoch': 120, 'eta': 46.2461, 'loss': 0.7346, 'lr': 0.0079, 'params': 632328, 'time_iter': 0.2495, 'accuracy': 0.9871}
train: {'epoch': 121, 'eta': 46.2376, 'loss': 0.7298, 'lr': 0.0079, 'params': 632328, 'time_iter': 0.2348, 'accuracy': 0.9889}
train: {'epoch': 122, 'eta': 46.502, 'loss': 0.7252, 'lr': 0.0079, 'params': 632328, 'time_iter': 0.3576, 'accuracy': 0.9917}
train: {'epoch': 123, 'eta': 46.5566, 'loss': 0.7209, 'lr': 0.0078, 'params': 632328, 'time_iter': 0.2678, 'accuracy': 0.9908}
train: {'epoch': 124, 'eta': 46.5605, 'loss': 0.7172, 'lr': 0.0078, 'params': 632328, 'time_iter': 0.2472, 'accuracy': 0.9931}
train: {'epoch': 125, 'eta': 46.3758, 'loss': 0.7133, 'lr': 0.0078, 'params': 632328, 'time_iter': 0.1622, 'accuracy': 0.9917}
train: {'epoch': 126, 'eta': 46.2951, 'loss': 0.7107, 'lr': 0.0077, 'params': 632328, 'time_iter': 0.2104, 'accuracy': 0.9922}
train: {'epoch': 127, 'eta': 47.3502, 'loss': 0.7078, 'lr': 0.0077, 'params': 632328, 'time_iter': 0.7459, 'accuracy': 0.9926}
train: {'epoch': 128, 'eta': 47.3205, 'loss': 0.7053, 'lr': 0.0077, 'params': 632328, 'time_iter': 0.2428, 'accuracy': 0.9949}
train: {'epoch': 129, 'eta': 47.7716, 'loss': 0.7029, 'lr': 0.0076, 'params': 632328, 'time_iter': 0.4758, 'accuracy': 0.9963}
train: {'epoch': 130, 'eta': 47.814, 'loss': 0.7018, 'lr': 0.0076, 'params': 632328, 'time_iter': 0.2837, 'accuracy': 0.9968}
train: {'epoch': 131, 'eta': 48.0306, 'loss': 0.7024, 'lr': 0.0076, 'params': 632328, 'time_iter': 0.372, 'accuracy': 0.9963}
train: {'epoch': 132, 'eta': 47.7961, 'loss': 0.6989, 'lr': 0.0075, 'params': 632328, 'time_iter': 0.1517, 'accuracy': 0.9949}
train: {'epoch': 133, 'eta': 47.5768, 'loss': 0.7007, 'lr': 0.0075, 'params': 632328, 'time_iter': 0.1587, 'accuracy': 0.9954}
train: {'epoch': 134, 'eta': 47.3741, 'loss': 0.6964, 'lr': 0.0075, 'params': 632328, 'time_iter': 0.1667, 'accuracy': 0.9954}
train: {'epoch': 135, 'eta': 47.1362, 'loss': 0.6952, 'lr': 0.0074, 'params': 632328, 'time_iter': 0.1483, 'accuracy': 0.9963}
train: {'epoch': 136, 'eta': 46.877, 'loss': 0.6924, 'lr': 0.0074, 'params': 632328, 'time_iter': 0.1365, 'accuracy': 0.9954}
train: {'epoch': 137, 'eta': 46.6762, 'loss': 0.6922, 'lr': 0.0074, 'params': 632328, 'time_iter': 0.1663, 'accuracy': 0.9963}
train: {'epoch': 138, 'eta': 46.5153, 'loss': 0.6901, 'lr': 0.0073, 'params': 632328, 'time_iter': 0.1873, 'accuracy': 0.9968}
train: {'epoch': 139, 'eta': 46.6616, 'loss': 0.689, 'lr': 0.0073, 'params': 632328, 'time_iter': 0.353, 'accuracy': 0.9972}
val: {'epoch': 139, 'loss': 1.0271, 'lr': 0, 'params': 632328, 'time_iter': 0.0842, 'accuracy': 0.8616}
train: {'epoch': 140, 'eta': 46.8506, 'loss': 0.6874, 'lr': 0.0073, 'params': 632328, 'time_iter': 0.3801, 'accuracy': 0.9977}
train: {'epoch': 141, 'eta': 46.8615, 'loss': 0.6863, 'lr': 0.0072, 'params': 632328, 'time_iter': 0.2865, 'accuracy': 0.9972}
train: {'epoch': 142, 'eta': 46.7738, 'loss': 0.6855, 'lr': 0.0072, 'params': 632328, 'time_iter': 0.2339, 'accuracy': 0.9982}
train: {'epoch': 143, 'eta': 46.6213, 'loss': 0.6842, 'lr': 0.0072, 'params': 632328, 'time_iter': 0.1986, 'accuracy': 0.9982}
train: {'epoch': 144, 'eta': 46.5836, 'loss': 0.6832, 'lr': 0.0071, 'params': 632328, 'time_iter': 0.2642, 'accuracy': 0.9977}
train: {'epoch': 145, 'eta': 46.3846, 'loss': 0.682, 'lr': 0.0071, 'params': 632328, 'time_iter': 0.1733, 'accuracy': 0.9982}
train: {'epoch': 146, 'eta': 46.3978, 'loss': 0.681, 'lr': 0.0071, 'params': 632328, 'time_iter': 0.2964, 'accuracy': 0.9982}
train: {'epoch': 147, 'eta': 46.2098, 'loss': 0.68, 'lr': 0.007, 'params': 632328, 'time_iter': 0.1807, 'accuracy': 0.9982}
train: {'epoch': 148, 'eta': 46.0575, 'loss': 0.679, 'lr': 0.007, 'params': 632328, 'time_iter': 0.2018, 'accuracy': 0.9986}
train: {'epoch': 149, 'eta': 45.8218, 'loss': 0.6788, 'lr': 0.0069, 'params': 632328, 'time_iter': 0.1522, 'accuracy': 0.9972}
train: {'epoch': 150, 'eta': 45.5814, 'loss': 0.6784, 'lr': 0.0069, 'params': 632328, 'time_iter': 0.1487, 'accuracy': 0.9986}
train: {'epoch': 151, 'eta': 45.4409, 'loss': 0.6783, 'lr': 0.0069, 'params': 632328, 'time_iter': 0.2091, 'accuracy': 0.9982}
train: {'epoch': 152, 'eta': 45.5858, 'loss': 0.6814, 'lr': 0.0068, 'params': 632328, 'time_iter': 0.3865, 'accuracy': 0.9982}
train: {'epoch': 153, 'eta': 45.37, 'loss': 0.6998, 'lr': 0.0068, 'params': 632328, 'time_iter': 0.165, 'accuracy': 0.994}
train: {'epoch': 154, 'eta': 45.0801, 'loss': 0.6921, 'lr': 0.0068, 'params': 632328, 'time_iter': 0.1177, 'accuracy': 0.9977}
train: {'epoch': 155, 'eta': 45.3944, 'loss': 0.6894, 'lr': 0.0067, 'params': 632328, 'time_iter': 0.5026, 'accuracy': 0.9963}
train: {'epoch': 156, 'eta': 45.1419, 'loss': 0.6897, 'lr': 0.0067, 'params': 632328, 'time_iter': 0.1431, 'accuracy': 0.9926}
train: {'epoch': 157, 'eta': 44.8965, 'loss': 0.6877, 'lr': 0.0067, 'params': 632328, 'time_iter': 0.1468, 'accuracy': 0.9935}
train: {'epoch': 158, 'eta': 44.6536, 'loss': 0.685, 'lr': 0.0066, 'params': 632328, 'time_iter': 0.1477, 'accuracy': 0.9968}
train: {'epoch': 159, 'eta': 44.4119, 'loss': 0.6887, 'lr': 0.0066, 'params': 632328, 'time_iter': 0.1476, 'accuracy': 0.9968}
val: {'epoch': 159, 'loss': 1.0273, 'lr': 0, 'params': 632328, 'time_iter': 0.0727, 'accuracy': 0.8506}
train: {'epoch': 160, 'eta': 44.1907, 'loss': 0.684, 'lr': 0.0065, 'params': 632328, 'time_iter': 0.1607, 'accuracy': 0.9958}
train: {'epoch': 161, 'eta': 43.9201, 'loss': 0.6879, 'lr': 0.0065, 'params': 632328, 'time_iter': 0.1266, 'accuracy': 0.9935}
train: {'epoch': 162, 'eta': 43.6688, 'loss': 0.6815, 'lr': 0.0065, 'params': 632328, 'time_iter': 0.1386, 'accuracy': 0.9963}
train: {'epoch': 163, 'eta': 43.4374, 'loss': 0.6825, 'lr': 0.0064, 'params': 632328, 'time_iter': 0.1515, 'accuracy': 0.9963}
train: {'epoch': 164, 'eta': 43.1727, 'loss': 0.6782, 'lr': 0.0064, 'params': 632328, 'time_iter': 0.1274, 'accuracy': 0.9968}
train: {'epoch': 165, 'eta': 42.9175, 'loss': 0.6779, 'lr': 0.0064, 'params': 632328, 'time_iter': 0.133, 'accuracy': 0.9977}
train: {'epoch': 166, 'eta': 42.6201, 'loss': 0.6766, 'lr': 0.0063, 'params': 632328, 'time_iter': 0.1018, 'accuracy': 0.9972}
train: {'epoch': 167, 'eta': 42.3864, 'loss': 0.6745, 'lr': 0.0063, 'params': 632328, 'time_iter': 0.1461, 'accuracy': 0.9977}
train: {'epoch': 168, 'eta': 42.1482, 'loss': 0.6738, 'lr': 0.0062, 'params': 632328, 'time_iter': 0.1421, 'accuracy': 0.9977}
train: {'epoch': 169, 'eta': 41.8744, 'loss': 0.6724, 'lr': 0.0062, 'params': 632328, 'time_iter': 0.1149, 'accuracy': 0.9982}
train: {'epoch': 170, 'eta': 41.6081, 'loss': 0.6715, 'lr': 0.0062, 'params': 632328, 'time_iter': 0.1192, 'accuracy': 0.9982}
train: {'epoch': 171, 'eta': 41.3595, 'loss': 0.6702, 'lr': 0.0061, 'params': 632328, 'time_iter': 0.1313, 'accuracy': 0.9986}
train: {'epoch': 172, 'eta': 41.0821, 'loss': 0.6701, 'lr': 0.0061, 'params': 632328, 'time_iter': 0.1082, 'accuracy': 0.9986}
train: {'epoch': 173, 'eta': 40.8256, 'loss': 0.6684, 'lr': 0.0061, 'params': 632328, 'time_iter': 0.1228, 'accuracy': 0.9982}
train: {'epoch': 174, 'eta': 40.5547, 'loss': 0.6681, 'lr': 0.006, 'params': 632328, 'time_iter': 0.1105, 'accuracy': 0.9982}
train: {'epoch': 175, 'eta': 40.3153, 'loss': 0.6673, 'lr': 0.006, 'params': 632328, 'time_iter': 0.1338, 'accuracy': 0.9982}
train: {'epoch': 176, 'eta': 40.0611, 'loss': 0.6664, 'lr': 0.0059, 'params': 632328, 'time_iter': 0.121, 'accuracy': 0.9986}
train: {'epoch': 177, 'eta': 39.7936, 'loss': 0.667, 'lr': 0.0059, 'params': 632328, 'time_iter': 0.1092, 'accuracy': 0.9977}
train: {'epoch': 178, 'eta': 39.5395, 'loss': 0.6658, 'lr': 0.0059, 'params': 632328, 'time_iter': 0.1187, 'accuracy': 0.9982}
train: {'epoch': 179, 'eta': 39.2842, 'loss': 0.6657, 'lr': 0.0058, 'params': 632328, 'time_iter': 0.1163, 'accuracy': 0.9986}
val: {'epoch': 179, 'loss': 1.0315, 'lr': 0, 'params': 632328, 'time_iter': 0.0491, 'accuracy': 0.8542}
train: {'epoch': 180, 'eta': 39.0186, 'loss': 0.6649, 'lr': 0.0058, 'params': 632328, 'time_iter': 0.1067, 'accuracy': 0.9982}
train: {'epoch': 181, 'eta': 38.7746, 'loss': 0.6647, 'lr': 0.0057, 'params': 632328, 'time_iter': 0.1232, 'accuracy': 0.9982}
train: {'epoch': 182, 'eta': 38.5087, 'loss': 0.6642, 'lr': 0.0057, 'params': 632328, 'time_iter': 0.1036, 'accuracy': 0.9986}
train: {'epoch': 183, 'eta': 38.2783, 'loss': 0.6633, 'lr': 0.0057, 'params': 632328, 'time_iter': 0.1324, 'accuracy': 0.9986}
train: {'epoch': 184, 'eta': 38.0624, 'loss': 0.6633, 'lr': 0.0056, 'params': 632328, 'time_iter': 0.1439, 'accuracy': 0.9986}
train: {'epoch': 185, 'eta': 37.8265, 'loss': 0.663, 'lr': 0.0056, 'params': 632328, 'time_iter': 0.1259, 'accuracy': 0.9982}
train: {'epoch': 186, 'eta': 37.5999, 'loss': 0.6627, 'lr': 0.0055, 'params': 632328, 'time_iter': 0.1331, 'accuracy': 0.9986}
train: {'epoch': 187, 'eta': 37.3656, 'loss': 0.662, 'lr': 0.0055, 'params': 632328, 'time_iter': 0.1253, 'accuracy': 0.9982}
train: {'epoch': 188, 'eta': 37.1303, 'loss': 0.6619, 'lr': 0.0055, 'params': 632328, 'time_iter': 0.1233, 'accuracy': 0.9986}
train: {'epoch': 189, 'eta': 36.8812, 'loss': 0.6615, 'lr': 0.0054, 'params': 632328, 'time_iter': 0.1099, 'accuracy': 0.9986}
train: {'epoch': 190, 'eta': 36.6272, 'loss': 0.6612, 'lr': 0.0054, 'params': 632328, 'time_iter': 0.1039, 'accuracy': 0.9991}
train: {'epoch': 191, 'eta': 36.4123, 'loss': 0.6619, 'lr': 0.0054, 'params': 632328, 'time_iter': 0.1387, 'accuracy': 0.9982}
train: {'epoch': 192, 'eta': 36.1644, 'loss': 0.6632, 'lr': 0.0053, 'params': 632328, 'time_iter': 0.1071, 'accuracy': 0.9991}
train: {'epoch': 193, 'eta': 35.9841, 'loss': 0.6638, 'lr': 0.0053, 'params': 632328, 'time_iter': 0.1695, 'accuracy': 0.9982}
train: {'epoch': 194, 'eta': 35.7546, 'loss': 0.6632, 'lr': 0.0052, 'params': 632328, 'time_iter': 0.1225, 'accuracy': 0.9991}
train: {'epoch': 195, 'eta': 35.5099, 'loss': 0.6652, 'lr': 0.0052, 'params': 632328, 'time_iter': 0.107, 'accuracy': 0.9977}
train: {'epoch': 196, 'eta': 35.2921, 'loss': 0.6619, 'lr': 0.0052, 'params': 632328, 'time_iter': 0.1316, 'accuracy': 0.9991}
train: {'epoch': 197, 'eta': 35.0787, 'loss': 0.6633, 'lr': 0.0051, 'params': 632328, 'time_iter': 0.1351, 'accuracy': 0.9991}
train: {'epoch': 198, 'eta': 34.8624, 'loss': 0.6636, 'lr': 0.0051, 'params': 632328, 'time_iter': 0.1314, 'accuracy': 0.9982}
train: {'epoch': 199, 'eta': 34.6481, 'loss': 0.6615, 'lr': 0.005, 'params': 632328, 'time_iter': 0.1326, 'accuracy': 0.9991}
val: {'epoch': 199, 'loss': 1.0292, 'lr': 0, 'params': 632328, 'time_iter': 0.0599, 'accuracy': 0.8598}
train: {'epoch': 200, 'eta': 34.4229, 'loss': 0.6617, 'lr': 0.005, 'params': 632328, 'time_iter': 0.1207, 'accuracy': 0.9991}
train: {'epoch': 201, 'eta': 34.2233, 'loss': 0.6651, 'lr': 0.005, 'params': 632328, 'time_iter': 0.1458, 'accuracy': 0.9972}
train: {'epoch': 202, 'eta': 33.9954, 'loss': 0.6626, 'lr': 0.0049, 'params': 632328, 'time_iter': 0.1162, 'accuracy': 0.9986}
train: {'epoch': 203, 'eta': 33.7904, 'loss': 0.669, 'lr': 0.0049, 'params': 632328, 'time_iter': 0.1388, 'accuracy': 0.9968}
train: {'epoch': 204, 'eta': 33.5683, 'loss': 0.6762, 'lr': 0.0048, 'params': 632328, 'time_iter': 0.1201, 'accuracy': 0.9954}
train: {'epoch': 205, 'eta': 33.3451, 'loss': 0.6825, 'lr': 0.0048, 'params': 632328, 'time_iter': 0.1179, 'accuracy': 0.9954}
train: {'epoch': 206, 'eta': 33.1218, 'loss': 0.6911, 'lr': 0.0048, 'params': 632328, 'time_iter': 0.1168, 'accuracy': 0.9963}
train: {'epoch': 207, 'eta': 32.8852, 'loss': 0.6839, 'lr': 0.0047, 'params': 632328, 'time_iter': 0.1012, 'accuracy': 0.9949}
train: {'epoch': 208, 'eta': 32.6675, 'loss': 0.6809, 'lr': 0.0047, 'params': 632328, 'time_iter': 0.1205, 'accuracy': 0.9958}
train: {'epoch': 209, 'eta': 32.4623, 'loss': 0.6812, 'lr': 0.0046, 'params': 632328, 'time_iter': 0.1332, 'accuracy': 0.9963}
train: {'epoch': 210, 'eta': 32.2244, 'loss': 0.6794, 'lr': 0.0046, 'params': 632328, 'time_iter': 0.0961, 'accuracy': 0.9982}
train: {'epoch': 211, 'eta': 32.0148, 'loss': 0.6743, 'lr': 0.0046, 'params': 632328, 'time_iter': 0.1264, 'accuracy': 0.9968}
train: {'epoch': 212, 'eta': 31.8009, 'loss': 0.6726, 'lr': 0.0045, 'params': 632328, 'time_iter': 0.1205, 'accuracy': 0.9977}
train: {'epoch': 213, 'eta': 31.5729, 'loss': 0.6709, 'lr': 0.0045, 'params': 632328, 'time_iter': 0.1035, 'accuracy': 0.9982}
train: {'epoch': 214, 'eta': 31.371, 'loss': 0.6691, 'lr': 0.0045, 'params': 632328, 'time_iter': 0.1323, 'accuracy': 0.9982}
train: {'epoch': 215, 'eta': 31.1477, 'loss': 0.6681, 'lr': 0.0044, 'params': 632328, 'time_iter': 0.1065, 'accuracy': 0.9986}
train: {'epoch': 216, 'eta': 30.9359, 'loss': 0.6661, 'lr': 0.0044, 'params': 632328, 'time_iter': 0.1189, 'accuracy': 0.9982}
train: {'epoch': 217, 'eta': 30.715, 'loss': 0.6654, 'lr': 0.0043, 'params': 632328, 'time_iter': 0.1069, 'accuracy': 0.9986}
train: {'epoch': 218, 'eta': 30.5069, 'loss': 0.6646, 'lr': 0.0043, 'params': 632328, 'time_iter': 0.1212, 'accuracy': 0.9986}
train: {'epoch': 219, 'eta': 30.2942, 'loss': 0.6636, 'lr': 0.0043, 'params': 632328, 'time_iter': 0.1147, 'accuracy': 0.9986}
val: {'epoch': 219, 'loss': 1.0482, 'lr': 0, 'params': 632328, 'time_iter': 0.0478, 'accuracy': 0.8616}
train: {'epoch': 220, 'eta': 30.0759, 'loss': 0.6626, 'lr': 0.0042, 'params': 632328, 'time_iter': 0.1065, 'accuracy': 0.9986}
train: {'epoch': 221, 'eta': 29.876, 'loss': 0.6622, 'lr': 0.0042, 'params': 632328, 'time_iter': 0.1283, 'accuracy': 0.9986}
train: {'epoch': 222, 'eta': 29.6865, 'loss': 0.6613, 'lr': 0.0041, 'params': 632328, 'time_iter': 0.1405, 'accuracy': 0.9986}
train: {'epoch': 223, 'eta': 29.5567, 'loss': 0.6605, 'lr': 0.0041, 'params': 632328, 'time_iter': 0.216, 'accuracy': 0.9982}
train: {'epoch': 224, 'eta': 29.4173, 'loss': 0.6601, 'lr': 0.0041, 'params': 632328, 'time_iter': 0.2046, 'accuracy': 0.9982}
train: {'epoch': 225, 'eta': 29.2548, 'loss': 0.6595, 'lr': 0.004, 'params': 632328, 'time_iter': 0.1754, 'accuracy': 0.9986}
train: {'epoch': 226, 'eta': 29.0417, 'loss': 0.659, 'lr': 0.004, 'params': 632328, 'time_iter': 0.109, 'accuracy': 0.9986}
train: {'epoch': 227, 'eta': 28.8366, 'loss': 0.6586, 'lr': 0.0039, 'params': 632328, 'time_iter': 0.1186, 'accuracy': 0.9986}
train: {'epoch': 228, 'eta': 28.6309, 'loss': 0.658, 'lr': 0.0039, 'params': 632328, 'time_iter': 0.1167, 'accuracy': 0.9986}
train: {'epoch': 229, 'eta': 28.4176, 'loss': 0.6576, 'lr': 0.0039, 'params': 632328, 'time_iter': 0.1053, 'accuracy': 0.9986}
train: {'epoch': 230, 'eta': 28.2243, 'loss': 0.6573, 'lr': 0.0038, 'params': 632328, 'time_iter': 0.1314, 'accuracy': 0.9991}
train: {'epoch': 231, 'eta': 28.0248, 'loss': 0.657, 'lr': 0.0038, 'params': 632328, 'time_iter': 0.1222, 'accuracy': 0.9991}
train: {'epoch': 232, 'eta': 27.8139, 'loss': 0.6567, 'lr': 0.0038, 'params': 632328, 'time_iter': 0.1052, 'accuracy': 0.9991}
train: {'epoch': 233, 'eta': 27.6222, 'loss': 0.6564, 'lr': 0.0037, 'params': 632328, 'time_iter': 0.1311, 'accuracy': 0.9986}
train: {'epoch': 234, 'eta': 27.5189, 'loss': 0.6562, 'lr': 0.0037, 'params': 632328, 'time_iter': 0.2563, 'accuracy': 0.9991}
train: {'epoch': 235, 'eta': 27.3564, 'loss': 0.6559, 'lr': 0.0036, 'params': 632328, 'time_iter': 0.1729, 'accuracy': 0.9991}
train: {'epoch': 236, 'eta': 27.1788, 'loss': 0.6557, 'lr': 0.0036, 'params': 632328, 'time_iter': 0.151, 'accuracy': 0.9991}
train: {'epoch': 237, 'eta': 27.0045, 'loss': 0.6554, 'lr': 0.0036, 'params': 632328, 'time_iter': 0.1556, 'accuracy': 0.9991}
train: {'epoch': 238, 'eta': 26.828, 'loss': 0.6552, 'lr': 0.0035, 'params': 632328, 'time_iter': 0.1522, 'accuracy': 0.9991}
train: {'epoch': 239, 'eta': 26.656, 'loss': 0.655, 'lr': 0.0035, 'params': 632328, 'time_iter': 0.1585, 'accuracy': 0.9991}
val: {'epoch': 239, 'loss': 1.038, 'lr': 0, 'params': 632328, 'time_iter': 0.0726, 'accuracy': 0.8561}
train: {'epoch': 240, 'eta': 26.463, 'loss': 0.6548, 'lr': 0.0035, 'params': 632328, 'time_iter': 0.1266, 'accuracy': 0.9991}
train: {'epoch': 241, 'eta': 26.274, 'loss': 0.6547, 'lr': 0.0034, 'params': 632328, 'time_iter': 0.132, 'accuracy': 0.9991}
train: {'epoch': 242, 'eta': 26.0766, 'loss': 0.6545, 'lr': 0.0034, 'params': 632328, 'time_iter': 0.1181, 'accuracy': 0.9991}
train: {'epoch': 243, 'eta': 25.8795, 'loss': 0.6544, 'lr': 0.0033, 'params': 632328, 'time_iter': 0.1176, 'accuracy': 0.9991}
train: {'epoch': 244, 'eta': 25.6843, 'loss': 0.6542, 'lr': 0.0033, 'params': 632328, 'time_iter': 0.1195, 'accuracy': 0.9991}
train: {'epoch': 245, 'eta': 25.4885, 'loss': 0.6541, 'lr': 0.0033, 'params': 632328, 'time_iter': 0.1176, 'accuracy': 0.9991}
train: {'epoch': 246, 'eta': 25.5629, 'loss': 0.654, 'lr': 0.0032, 'params': 632328, 'time_iter': 0.5529, 'accuracy': 0.9991}
train: {'epoch': 247, 'eta': 25.3909, 'loss': 0.6538, 'lr': 0.0032, 'params': 632328, 'time_iter': 0.159, 'accuracy': 0.9991}
train: {'epoch': 248, 'eta': 25.2027, 'loss': 0.6537, 'lr': 0.0032, 'params': 632328, 'time_iter': 0.1322, 'accuracy': 0.9991}
train: {'epoch': 249, 'eta': 25.0337, 'loss': 0.6536, 'lr': 0.0031, 'params': 632328, 'time_iter': 0.1634, 'accuracy': 0.9991}
train: {'epoch': 250, 'eta': 24.8407, 'loss': 0.6535, 'lr': 0.0031, 'params': 632328, 'time_iter': 0.1229, 'accuracy': 0.9991}
train: {'epoch': 251, 'eta': 24.6589, 'loss': 0.6533, 'lr': 0.0031, 'params': 632328, 'time_iter': 0.1411, 'accuracy': 0.9991}
train: {'epoch': 252, 'eta': 24.4652, 'loss': 0.6532, 'lr': 0.003, 'params': 632328, 'time_iter': 0.1201, 'accuracy': 0.9991}
train: {'epoch': 253, 'eta': 24.2755, 'loss': 0.6531, 'lr': 0.003, 'params': 632328, 'time_iter': 0.1259, 'accuracy': 0.9991}
train: {'epoch': 254, 'eta': 24.0857, 'loss': 0.653, 'lr': 0.0029, 'params': 632328, 'time_iter': 0.1249, 'accuracy': 0.9991}
train: {'epoch': 255, 'eta': 23.9077, 'loss': 0.653, 'lr': 0.0029, 'params': 632328, 'time_iter': 0.145, 'accuracy': 0.9991}
train: {'epoch': 256, 'eta': 23.724, 'loss': 0.6529, 'lr': 0.0029, 'params': 632328, 'time_iter': 0.1343, 'accuracy': 0.9991}
train: {'epoch': 257, 'eta': 23.5313, 'loss': 0.6528, 'lr': 0.0028, 'params': 632328, 'time_iter': 0.1172, 'accuracy': 0.9991}
train: {'epoch': 258, 'eta': 23.3312, 'loss': 0.6528, 'lr': 0.0028, 'params': 632328, 'time_iter': 0.1025, 'accuracy': 0.9991}
train: {'epoch': 259, 'eta': 23.1456, 'loss': 0.6527, 'lr': 0.0028, 'params': 632328, 'time_iter': 0.1282, 'accuracy': 0.9991}
val: {'epoch': 259, 'loss': 1.0382, 'lr': 0, 'params': 632328, 'time_iter': 0.0665, 'accuracy': 0.8524}
train: {'epoch': 260, 'eta': 22.9499, 'loss': 0.6526, 'lr': 0.0027, 'params': 632328, 'time_iter': 0.1083, 'accuracy': 0.9991}
train: {'epoch': 261, 'eta': 22.7628, 'loss': 0.6526, 'lr': 0.0027, 'params': 632328, 'time_iter': 0.1233, 'accuracy': 0.9991}
train: {'epoch': 262, 'eta': 22.5826, 'loss': 0.653, 'lr': 0.0027, 'params': 632328, 'time_iter': 0.1359, 'accuracy': 0.9991}
train: {'epoch': 263, 'eta': 22.3981, 'loss': 0.6541, 'lr': 0.0026, 'params': 632328, 'time_iter': 0.1266, 'accuracy': 0.9991}
train: {'epoch': 264, 'eta': 22.1991, 'loss': 0.6533, 'lr': 0.0026, 'params': 632328, 'time_iter': 0.0973, 'accuracy': 0.9991}
train: {'epoch': 265, 'eta': 22.0165, 'loss': 0.6534, 'lr': 0.0026, 'params': 632328, 'time_iter': 0.1285, 'accuracy': 0.9995}
train: {'epoch': 266, 'eta': 21.8275, 'loss': 0.6545, 'lr': 0.0025, 'params': 632328, 'time_iter': 0.1146, 'accuracy': 0.9986}
train: {'epoch': 267, 'eta': 21.6525, 'loss': 0.654, 'lr': 0.0025, 'params': 632328, 'time_iter': 0.1419, 'accuracy': 0.9991}
train: {'epoch': 268, 'eta': 21.4925, 'loss': 0.6553, 'lr': 0.0025, 'params': 632328, 'time_iter': 0.1724, 'accuracy': 0.9995}
train: {'epoch': 269, 'eta': 21.3188, 'loss': 0.6542, 'lr': 0.0024, 'params': 632328, 'time_iter': 0.1441, 'accuracy': 0.9991}
train: {'epoch': 270, 'eta': 21.1512, 'loss': 0.655, 'lr': 0.0024, 'params': 632328, 'time_iter': 0.1564, 'accuracy': 0.9991}
train: {'epoch': 271, 'eta': 20.9794, 'loss': 0.6551, 'lr': 0.0024, 'params': 632328, 'time_iter': 0.1472, 'accuracy': 0.9995}
train: {'epoch': 272, 'eta': 20.7972, 'loss': 0.6546, 'lr': 0.0023, 'params': 632328, 'time_iter': 0.1246, 'accuracy': 0.9991}
train: {'epoch': 273, 'eta': 20.6148, 'loss': 0.6541, 'lr': 0.0023, 'params': 632328, 'time_iter': 0.1232, 'accuracy': 0.9991}
train: {'epoch': 274, 'eta': 20.429, 'loss': 0.6537, 'lr': 0.0023, 'params': 632328, 'time_iter': 0.1147, 'accuracy': 0.9995}
train: {'epoch': 275, 'eta': 20.2545, 'loss': 0.6537, 'lr': 0.0022, 'params': 632328, 'time_iter': 0.139, 'accuracy': 0.9991}
train: {'epoch': 276, 'eta': 20.0663, 'loss': 0.6532, 'lr': 0.0022, 'params': 632328, 'time_iter': 0.1073, 'accuracy': 0.9991}
train: {'epoch': 277, 'eta': 19.8839, 'loss': 0.653, 'lr': 0.0022, 'params': 632328, 'time_iter': 0.1192, 'accuracy': 0.9991}
train: {'epoch': 278, 'eta': 19.696, 'loss': 0.6529, 'lr': 0.0021, 'params': 632328, 'time_iter': 0.1056, 'accuracy': 0.9991}
train: {'epoch': 279, 'eta': 19.5168, 'loss': 0.6527, 'lr': 0.0021, 'params': 632328, 'time_iter': 0.1245, 'accuracy': 0.9991}
val: {'epoch': 279, 'loss': 1.0399, 'lr': 0, 'params': 632328, 'time_iter': 0.0456, 'accuracy': 0.8542}
train: {'epoch': 280, 'eta': 19.3332, 'loss': 0.6525, 'lr': 0.0021, 'params': 632328, 'time_iter': 0.1129, 'accuracy': 0.9991}
train: {'epoch': 281, 'eta': 19.152, 'loss': 0.6523, 'lr': 0.002, 'params': 632328, 'time_iter': 0.1178, 'accuracy': 0.9991}
train: {'epoch': 282, 'eta': 18.9654, 'loss': 0.6523, 'lr': 0.002, 'params': 632328, 'time_iter': 0.1035, 'accuracy': 0.9991}
train: {'epoch': 283, 'eta': 18.7879, 'loss': 0.652, 'lr': 0.002, 'params': 632328, 'time_iter': 0.1243, 'accuracy': 0.9991}
train: {'epoch': 284, 'eta': 18.6024, 'loss': 0.652, 'lr': 0.0019, 'params': 632328, 'time_iter': 0.1038, 'accuracy': 0.9991}
train: {'epoch': 285, 'eta': 18.4303, 'loss': 0.6518, 'lr': 0.0019, 'params': 632328, 'time_iter': 0.1357, 'accuracy': 0.9991}
train: {'epoch': 286, 'eta': 18.2492, 'loss': 0.6517, 'lr': 0.0019, 'params': 632328, 'time_iter': 0.1124, 'accuracy': 0.9991}
train: {'epoch': 287, 'eta': 18.072, 'loss': 0.6516, 'lr': 0.0018, 'params': 632328, 'time_iter': 0.1211, 'accuracy': 0.9991}
train: {'epoch': 288, 'eta': 17.8922, 'loss': 0.6515, 'lr': 0.0018, 'params': 632328, 'time_iter': 0.1133, 'accuracy': 0.9991}
train: {'epoch': 289, 'eta': 17.7139, 'loss': 0.6514, 'lr': 0.0018, 'params': 632328, 'time_iter': 0.1159, 'accuracy': 0.9991}
train: {'epoch': 290, 'eta': 17.5321, 'loss': 0.6514, 'lr': 0.0018, 'params': 632328, 'time_iter': 0.1056, 'accuracy': 0.9991}
train: {'epoch': 291, 'eta': 17.3604, 'loss': 0.6513, 'lr': 0.0017, 'params': 632328, 'time_iter': 0.1315, 'accuracy': 0.9991}
train: {'epoch': 292, 'eta': 17.2054, 'loss': 0.6512, 'lr': 0.0017, 'params': 632328, 'time_iter': 0.1765, 'accuracy': 0.9991}
train: {'epoch': 293, 'eta': 17.0479, 'loss': 0.6512, 'lr': 0.0017, 'params': 632328, 'time_iter': 0.1701, 'accuracy': 0.9991}
train: {'epoch': 294, 'eta': 16.8776, 'loss': 0.6511, 'lr': 0.0016, 'params': 632328, 'time_iter': 0.1341, 'accuracy': 0.9991}
train: {'epoch': 295, 'eta': 16.704, 'loss': 0.651, 'lr': 0.0016, 'params': 632328, 'time_iter': 0.1242, 'accuracy': 0.9991}
train: {'epoch': 296, 'eta': 16.5205, 'loss': 0.651, 'lr': 0.0016, 'params': 632328, 'time_iter': 0.0945, 'accuracy': 0.9991}
train: {'epoch': 297, 'eta': 16.3494, 'loss': 0.6509, 'lr': 0.0015, 'params': 632328, 'time_iter': 0.1291, 'accuracy': 0.9991}
train: {'epoch': 298, 'eta': 16.1771, 'loss': 0.6509, 'lr': 0.0015, 'params': 632328, 'time_iter': 0.1248, 'accuracy': 0.9991}
train: {'epoch': 299, 'eta': 15.9975, 'loss': 0.6508, 'lr': 0.0015, 'params': 632328, 'time_iter': 0.1018, 'accuracy': 0.9991}
val: {'epoch': 299, 'loss': 1.0396, 'lr': 0, 'params': 632328, 'time_iter': 0.0942, 'accuracy': 0.8561}
train: {'epoch': 300, 'eta': 15.8368, 'loss': 0.6508, 'lr': 0.0015, 'params': 632328, 'time_iter': 0.1578, 'accuracy': 0.9991}
train: {'epoch': 301, 'eta': 15.6672, 'loss': 0.6507, 'lr': 0.0014, 'params': 632328, 'time_iter': 0.1305, 'accuracy': 0.9991}
train: {'epoch': 302, 'eta': 15.4931, 'loss': 0.6507, 'lr': 0.0014, 'params': 632328, 'time_iter': 0.1152, 'accuracy': 0.9991}
train: {'epoch': 303, 'eta': 15.3217, 'loss': 0.6507, 'lr': 0.0014, 'params': 632328, 'time_iter': 0.1227, 'accuracy': 0.9991}
train: {'epoch': 304, 'eta': 15.1806, 'loss': 0.6506, 'lr': 0.0014, 'params': 632328, 'time_iter': 0.2192, 'accuracy': 0.9991}
train: {'epoch': 305, 'eta': 15.0173, 'loss': 0.6506, 'lr': 0.0013, 'params': 632328, 'time_iter': 0.1483, 'accuracy': 0.9991}
train: {'epoch': 306, 'eta': 14.8522, 'loss': 0.6506, 'lr': 0.0013, 'params': 632328, 'time_iter': 0.1421, 'accuracy': 0.9991}
train: {'epoch': 307, 'eta': 14.6919, 'loss': 0.6505, 'lr': 0.0013, 'params': 632328, 'time_iter': 0.1579, 'accuracy': 0.9991}
train: {'epoch': 308, 'eta': 14.5221, 'loss': 0.6505, 'lr': 0.0012, 'params': 632328, 'time_iter': 0.1251, 'accuracy': 0.9991}
train: {'epoch': 309, 'eta': 14.3503, 'loss': 0.6505, 'lr': 0.0012, 'params': 632328, 'time_iter': 0.1178, 'accuracy': 0.9991}
train: {'epoch': 310, 'eta': 14.1779, 'loss': 0.6505, 'lr': 0.0012, 'params': 632328, 'time_iter': 0.1141, 'accuracy': 0.9991}
train: {'epoch': 311, 'eta': 14.0018, 'loss': 0.6504, 'lr': 0.0012, 'params': 632328, 'time_iter': 0.0995, 'accuracy': 0.9991}
train: {'epoch': 312, 'eta': 13.8325, 'loss': 0.6504, 'lr': 0.0011, 'params': 632328, 'time_iter': 0.1226, 'accuracy': 0.9991}
train: {'epoch': 313, 'eta': 13.6595, 'loss': 0.6504, 'lr': 0.0011, 'params': 632328, 'time_iter': 0.1079, 'accuracy': 0.9991}
train: {'epoch': 314, 'eta': 13.4888, 'loss': 0.6504, 'lr': 0.0011, 'params': 632328, 'time_iter': 0.1148, 'accuracy': 0.9991}
train: {'epoch': 315, 'eta': 13.3181, 'loss': 0.6503, 'lr': 0.0011, 'params': 632328, 'time_iter': 0.1135, 'accuracy': 0.9991}
train: {'epoch': 316, 'eta': 13.1478, 'loss': 0.6503, 'lr': 0.001, 'params': 632328, 'time_iter': 0.1134, 'accuracy': 0.9991}
train: {'epoch': 317, 'eta': 12.9815, 'loss': 0.6503, 'lr': 0.001, 'params': 632328, 'time_iter': 0.1278, 'accuracy': 0.9991}
train: {'epoch': 318, 'eta': 12.8084, 'loss': 0.6503, 'lr': 0.001, 'params': 632328, 'time_iter': 0.1003, 'accuracy': 0.9991}
train: {'epoch': 319, 'eta': 12.6414, 'loss': 0.6502, 'lr': 0.001, 'params': 632328, 'time_iter': 0.1227, 'accuracy': 0.9991}
val: {'epoch': 319, 'loss': 1.042, 'lr': 0, 'params': 632328, 'time_iter': 0.0389, 'accuracy': 0.8579}
train: {'epoch': 320, 'eta': 12.4726, 'loss': 0.6502, 'lr': 0.001, 'params': 632328, 'time_iter': 0.1142, 'accuracy': 0.9991}
train: {'epoch': 321, 'eta': 12.3033, 'loss': 0.6502, 'lr': 0.0009, 'params': 632328, 'time_iter': 0.1107, 'accuracy': 0.9991}
train: {'epoch': 322, 'eta': 12.1343, 'loss': 0.6502, 'lr': 0.0009, 'params': 632328, 'time_iter': 0.1102, 'accuracy': 0.9991}
train: {'epoch': 323, 'eta': 11.9661, 'loss': 0.6502, 'lr': 0.0009, 'params': 632328, 'time_iter': 0.1125, 'accuracy': 0.9991}
train: {'epoch': 324, 'eta': 11.7997, 'loss': 0.6502, 'lr': 0.0009, 'params': 632328, 'time_iter': 0.1185, 'accuracy': 0.9991}
train: {'epoch': 325, 'eta': 11.6318, 'loss': 0.6501, 'lr': 0.0008, 'params': 632328, 'time_iter': 0.1107, 'accuracy': 0.9991}
train: {'epoch': 326, 'eta': 11.4622, 'loss': 0.6502, 'lr': 0.0008, 'params': 632328, 'time_iter': 0.1017, 'accuracy': 0.9991}
train: {'epoch': 327, 'eta': 11.2957, 'loss': 0.6501, 'lr': 0.0008, 'params': 632328, 'time_iter': 0.114, 'accuracy': 0.9991}
train: {'epoch': 328, 'eta': 11.1292, 'loss': 0.6501, 'lr': 0.0008, 'params': 632328, 'time_iter': 0.1121, 'accuracy': 0.9991}
train: {'epoch': 329, 'eta': 10.9641, 'loss': 0.6501, 'lr': 0.0008, 'params': 632328, 'time_iter': 0.1174, 'accuracy': 0.9991}
train: {'epoch': 330, 'eta': 10.7967, 'loss': 0.6501, 'lr': 0.0007, 'params': 632328, 'time_iter': 0.105, 'accuracy': 0.9991}
train: {'epoch': 331, 'eta': 10.6328, 'loss': 0.6501, 'lr': 0.0007, 'params': 632328, 'time_iter': 0.1203, 'accuracy': 0.9991}
train: {'epoch': 332, 'eta': 10.4686, 'loss': 0.6501, 'lr': 0.0007, 'params': 632328, 'time_iter': 0.1176, 'accuracy': 0.9991}
train: {'epoch': 333, 'eta': 10.3024, 'loss': 0.65, 'lr': 0.0007, 'params': 632328, 'time_iter': 0.1058, 'accuracy': 0.9991}
train: {'epoch': 334, 'eta': 10.1379, 'loss': 0.65, 'lr': 0.0007, 'params': 632328, 'time_iter': 0.113, 'accuracy': 0.9991}
train: {'epoch': 335, 'eta': 9.9719, 'loss': 0.65, 'lr': 0.0006, 'params': 632328, 'time_iter': 0.1031, 'accuracy': 0.9991}
train: {'epoch': 336, 'eta': 9.8099, 'loss': 0.65, 'lr': 0.0006, 'params': 632328, 'time_iter': 0.1229, 'accuracy': 0.9991}
train: {'epoch': 337, 'eta': 9.6475, 'loss': 0.65, 'lr': 0.0006, 'params': 632328, 'time_iter': 0.119, 'accuracy': 0.9991}
train: {'epoch': 338, 'eta': 9.5109, 'loss': 0.65, 'lr': 0.0006, 'params': 632328, 'time_iter': 0.2616, 'accuracy': 0.9991}
train: {'epoch': 339, 'eta': 9.4148, 'loss': 0.65, 'lr': 0.0006, 'params': 632328, 'time_iter': 0.4946, 'accuracy': 0.9991}
val: {'epoch': 339, 'loss': 1.0442, 'lr': 0, 'params': 632328, 'time_iter': 0.1337, 'accuracy': 0.8579}
train: {'epoch': 340, 'eta': 9.272, 'loss': 0.65, 'lr': 0.0005, 'params': 632328, 'time_iter': 0.2382, 'accuracy': 0.9991}
train: {'epoch': 341, 'eta': 9.1157, 'loss': 0.65, 'lr': 0.0005, 'params': 632328, 'time_iter': 0.1625, 'accuracy': 0.9991}
train: {'epoch': 342, 'eta': 8.9632, 'loss': 0.6499, 'lr': 0.0005, 'params': 632328, 'time_iter': 0.1854, 'accuracy': 0.9991}
train: {'epoch': 343, 'eta': 8.8113, 'loss': 0.6499, 'lr': 0.0005, 'params': 632328, 'time_iter': 0.19, 'accuracy': 0.9991}
train: {'epoch': 344, 'eta': 8.657, 'loss': 0.6499, 'lr': 0.0005, 'params': 632328, 'time_iter': 0.1765, 'accuracy': 0.9991}
train: {'epoch': 345, 'eta': 8.5012, 'loss': 0.6499, 'lr': 0.0005, 'params': 632328, 'time_iter': 0.1675, 'accuracy': 0.9991}
train: {'epoch': 346, 'eta': 8.3369, 'loss': 0.6499, 'lr': 0.0004, 'params': 632328, 'time_iter': 0.1126, 'accuracy': 0.9991}
train: {'epoch': 347, 'eta': 8.1745, 'loss': 0.6499, 'lr': 0.0004, 'params': 632328, 'time_iter': 0.1232, 'accuracy': 0.9991}
train: {'epoch': 348, 'eta': 8.0111, 'loss': 0.6499, 'lr': 0.0004, 'params': 632328, 'time_iter': 0.1147, 'accuracy': 0.9991}
train: {'epoch': 349, 'eta': 7.849, 'loss': 0.6499, 'lr': 0.0004, 'params': 632328, 'time_iter': 0.1219, 'accuracy': 0.9991}
train: {'epoch': 350, 'eta': 7.6873, 'loss': 0.6499, 'lr': 0.0004, 'params': 632328, 'time_iter': 0.1228, 'accuracy': 0.9991}
train: {'epoch': 351, 'eta': 7.5243, 'loss': 0.6499, 'lr': 0.0004, 'params': 632328, 'time_iter': 0.1125, 'accuracy': 0.9991}
train: {'epoch': 352, 'eta': 7.3633, 'loss': 0.6499, 'lr': 0.0004, 'params': 632328, 'time_iter': 0.1248, 'accuracy': 0.9991}
train: {'epoch': 353, 'eta': 7.2033, 'loss': 0.6499, 'lr': 0.0003, 'params': 632328, 'time_iter': 0.131, 'accuracy': 0.9991}
train: {'epoch': 354, 'eta': 7.04, 'loss': 0.6498, 'lr': 0.0003, 'params': 632328, 'time_iter': 0.1039, 'accuracy': 0.9991}
train: {'epoch': 355, 'eta': 6.8824, 'loss': 0.6498, 'lr': 0.0003, 'params': 632328, 'time_iter': 0.1468, 'accuracy': 0.9991}
train: {'epoch': 356, 'eta': 6.72, 'loss': 0.6498, 'lr': 0.0003, 'params': 632328, 'time_iter': 0.1069, 'accuracy': 0.9991}
train: {'epoch': 357, 'eta': 6.5602, 'loss': 0.6498, 'lr': 0.0003, 'params': 632328, 'time_iter': 0.1259, 'accuracy': 0.9991}
train: {'epoch': 358, 'eta': 6.3969, 'loss': 0.6498, 'lr': 0.0003, 'params': 632328, 'time_iter': 0.0944, 'accuracy': 0.9991}
train: {'epoch': 359, 'eta': 6.2377, 'loss': 0.6498, 'lr': 0.0003, 'params': 632328, 'time_iter': 0.1274, 'accuracy': 0.9991}
val: {'epoch': 359, 'loss': 1.045, 'lr': 0, 'params': 632328, 'time_iter': 0.0458, 'accuracy': 0.8579}
train: {'epoch': 360, 'eta': 6.0773, 'loss': 0.6498, 'lr': 0.0002, 'params': 632328, 'time_iter': 0.1149, 'accuracy': 0.9991}
train: {'epoch': 361, 'eta': 5.922, 'loss': 0.6498, 'lr': 0.0002, 'params': 632328, 'time_iter': 0.1606, 'accuracy': 0.9991}
train: {'epoch': 362, 'eta': 5.7684, 'loss': 0.6498, 'lr': 0.0002, 'params': 632328, 'time_iter': 0.1778, 'accuracy': 0.9991}
train: {'epoch': 363, 'eta': 5.6141, 'loss': 0.6498, 'lr': 0.0002, 'params': 632328, 'time_iter': 0.1724, 'accuracy': 0.9991}
train: {'epoch': 364, 'eta': 5.456, 'loss': 0.6498, 'lr': 0.0002, 'params': 632328, 'time_iter': 0.1326, 'accuracy': 0.9991}
train: {'epoch': 365, 'eta': 5.2974, 'loss': 0.6498, 'lr': 0.0002, 'params': 632328, 'time_iter': 0.1274, 'accuracy': 0.9991}
train: {'epoch': 366, 'eta': 5.1371, 'loss': 0.6498, 'lr': 0.0002, 'params': 632328, 'time_iter': 0.1052, 'accuracy': 0.9991}
train: {'epoch': 367, 'eta': 4.9799, 'loss': 0.6498, 'lr': 0.0002, 'params': 632328, 'time_iter': 0.1381, 'accuracy': 0.9991}
train: {'epoch': 368, 'eta': 4.8199, 'loss': 0.6498, 'lr': 0.0002, 'params': 632328, 'time_iter': 0.1034, 'accuracy': 0.9991}
train: {'epoch': 369, 'eta': 4.6622, 'loss': 0.6498, 'lr': 0.0001, 'params': 632328, 'time_iter': 0.1289, 'accuracy': 0.9991}
train: {'epoch': 370, 'eta': 4.5066, 'loss': 0.6498, 'lr': 0.0001, 'params': 632328, 'time_iter': 0.1527, 'accuracy': 0.9991}
train: {'epoch': 371, 'eta': 4.3472, 'loss': 0.6498, 'lr': 0.0001, 'params': 632328, 'time_iter': 0.102, 'accuracy': 0.9991}
train: {'epoch': 372, 'eta': 4.1902, 'loss': 0.6498, 'lr': 0.0001, 'params': 632328, 'time_iter': 0.1315, 'accuracy': 0.9991}
train: {'epoch': 373, 'eta': 4.0316, 'loss': 0.6498, 'lr': 0.0001, 'params': 632328, 'time_iter': 0.1058, 'accuracy': 0.9991}
train: {'epoch': 374, 'eta': 3.8796, 'loss': 0.6498, 'lr': 0.0001, 'params': 632328, 'time_iter': 0.2016, 'accuracy': 0.9991}
train: {'epoch': 375, 'eta': 3.7577, 'loss': 0.6498, 'lr': 0.0001, 'params': 632328, 'time_iter': 0.676, 'accuracy': 0.9991}
train: {'epoch': 376, 'eta': 3.6005, 'loss': 0.6498, 'lr': 0.0001, 'params': 632328, 'time_iter': 0.1469, 'accuracy': 0.9991}
train: {'epoch': 377, 'eta': 3.4426, 'loss': 0.6498, 'lr': 0.0001, 'params': 632328, 'time_iter': 0.1321, 'accuracy': 0.9991}
train: {'epoch': 378, 'eta': 3.2848, 'loss': 0.6498, 'lr': 0.0001, 'params': 632328, 'time_iter': 0.1327, 'accuracy': 0.9991}
train: {'epoch': 379, 'eta': 3.1263, 'loss': 0.6498, 'lr': 0.0001, 'params': 632328, 'time_iter': 0.1183, 'accuracy': 0.9991}
val: {'epoch': 379, 'loss': 1.0456, 'lr': 0, 'params': 632328, 'time_iter': 0.0545, 'accuracy': 0.8561}
train: {'epoch': 380, 'eta': 2.9691, 'loss': 0.6498, 'lr': 0.0001, 'params': 632328, 'time_iter': 0.1381, 'accuracy': 0.9991}
train: {'epoch': 381, 'eta': 2.813, 'loss': 0.6498, 'lr': 0.0001, 'params': 632328, 'time_iter': 0.1596, 'accuracy': 0.9991}
train: {'epoch': 382, 'eta': 2.6555, 'loss': 0.6498, 'lr': 0.0, 'params': 632328, 'time_iter': 0.1279, 'accuracy': 0.9991}
train: {'epoch': 383, 'eta': 2.4976, 'loss': 0.6498, 'lr': 0.0, 'params': 632328, 'time_iter': 0.1154, 'accuracy': 0.9991}
train: {'epoch': 384, 'eta': 2.3403, 'loss': 0.6498, 'lr': 0.0, 'params': 632328, 'time_iter': 0.1264, 'accuracy': 0.9991}
train: {'epoch': 385, 'eta': 2.1825, 'loss': 0.6498, 'lr': 0.0, 'params': 632328, 'time_iter': 0.1066, 'accuracy': 0.9991}
train: {'epoch': 386, 'eta': 2.0253, 'loss': 0.6498, 'lr': 0.0, 'params': 632328, 'time_iter': 0.1176, 'accuracy': 0.9991}
train: {'epoch': 387, 'eta': 1.8684, 'loss': 0.6498, 'lr': 0.0, 'params': 632328, 'time_iter': 0.1188, 'accuracy': 0.9991}
train: {'epoch': 388, 'eta': 1.712, 'loss': 0.6498, 'lr': 0.0, 'params': 632328, 'time_iter': 0.1322, 'accuracy': 0.9991}
train: {'epoch': 389, 'eta': 1.5552, 'loss': 0.6498, 'lr': 0.0, 'params': 632328, 'time_iter': 0.1095, 'accuracy': 0.9991}
train: {'epoch': 390, 'eta': 1.3993, 'loss': 0.6498, 'lr': 0.0, 'params': 632328, 'time_iter': 0.1374, 'accuracy': 0.9991}
train: {'epoch': 391, 'eta': 1.243, 'loss': 0.6498, 'lr': 0.0, 'params': 632328, 'time_iter': 0.1192, 'accuracy': 0.9991}
train: {'epoch': 392, 'eta': 1.087, 'loss': 0.6498, 'lr': 0.0, 'params': 632328, 'time_iter': 0.116, 'accuracy': 0.9991}
train: {'epoch': 393, 'eta': 0.9315, 'loss': 0.6498, 'lr': 0.0, 'params': 632328, 'time_iter': 0.141, 'accuracy': 0.9991}
train: {'epoch': 394, 'eta': 0.7755, 'loss': 0.6498, 'lr': 0.0, 'params': 632328, 'time_iter': 0.0957, 'accuracy': 0.9991}
train: {'epoch': 395, 'eta': 0.6201, 'loss': 0.6498, 'lr': 0.0, 'params': 632328, 'time_iter': 0.1241, 'accuracy': 0.9991}
train: {'epoch': 396, 'eta': 0.4649, 'loss': 0.6498, 'lr': 0.0, 'params': 632328, 'time_iter': 0.1321, 'accuracy': 0.9991}
train: {'epoch': 397, 'eta': 0.3098, 'loss': 0.6498, 'lr': 0.0, 'params': 632328, 'time_iter': 0.136, 'accuracy': 0.9991}
train: {'epoch': 398, 'eta': 0.1548, 'loss': 0.6498, 'lr': 0.0, 'params': 632328, 'time_iter': 0.117, 'accuracy': 0.9991}
train: {'epoch': 399, 'eta': 0.0, 'loss': 0.6498, 'lr': 0.0, 'params': 632328, 'time_iter': 0.112, 'accuracy': 0.9991}
val: {'epoch': 399, 'loss': 1.0458, 'lr': 0, 'params': 632328, 'time_iter': 0.0456, 'accuracy': 0.8561}
Task done, results saved in results/example_noneq
