Load: 0.09192s, Before split: 0.0005901s, Split: 0.0004869s, After split: 0.002883s
GNN(
  (preprocess): Preprocess(
    node_feature: dim_out=1433
    Total: dim_out=1433
  )
  (pre_mp): GeneralMultiLayer(
    (Layer_0): GeneralLayer(
      (layer): Linear(
        (model): Linear(in_features=1433, out_features=256, bias=False)
      )
      (post_layer): Sequential(
        (0): BatchNorm1d(256, eps=1e-05, momentum=0.1, affine=True, track_running_stats=True)
        (1): PReLU(num_parameters=1)
      )
    )
  )
  (mp): GNNStackStage(
    (layer0): GeneralLayer(
      (layer): GeneralConv(
        (model): GeneralConvLayer(256, 256)
      )
      (post_layer): Sequential(
        (0): BatchNorm1d(256, eps=1e-05, momentum=0.1, affine=True, track_running_stats=True)
        (1): PReLU(num_parameters=1)
      )
    )
    (layer1): GeneralLayer(
      (layer): GeneralConv(
        (model): GeneralConvLayer(256, 256)
      )
      (post_layer): Sequential(
        (0): BatchNorm1d(256, eps=1e-05, momentum=0.1, affine=True, track_running_stats=True)
        (1): PReLU(num_parameters=1)
      )
    )
  )
  (post_mp): GNNNodeHead(
    (layer_post_mp): MLP(
      (model): Sequential(
        (0): Linear(
          (model): Linear(in_features=256, out_features=7, bias=True)
        )
      )
    )
  )
)
bn:
  eps: 1e-05
  mom: 0.1
cfg_dest: config.yaml
custom_metrics: []
dataset:
  augment_feature: []
  augment_feature_dims: []
  augment_feature_repr: position
  augment_label: 
  augment_label_dims: 0
  cache_load: False
  cache_save: False
  dir: ./datasets
  edge_dim: 128
  edge_encoder: False
  edge_encoder_bn: True
  edge_encoder_name: Bond
  edge_message_ratio: 0.8
  edge_negative_sampling_ratio: 1.0
  edge_train_mode: all
  encoder: True
  encoder_bn: True
  encoder_dim: 128
  encoder_name: db
  format: PyG
  label_column: none
  label_table: none
  location: local
  name: Cora
  node_encoder: False
  node_encoder_bn: True
  node_encoder_name: Atom
  remove_feature: False
  resample_disjoint: False
  resample_negative: False
  shuffle_split: True
  split: [0.8, 0.2]
  split_mode: random
  task: node
  task_type: classification
  to_undirected: False
  transductive: True
  transform: none
  tu_simple: True
device: cpu
example_arg: example
example_group:
  example_arg: example
gnn:
  act: prelu
  agg: add
  att_final_linear: False
  att_final_linear_bn: False
  att_heads: 1
  batchnorm: True
  clear_feature: True
  dim_inner: 256
  dropout: 0.0
  flow: source_to_target
  head: node
  keep_edge: 0.5
  l2norm: True
  layer_type: generalconv
  layers_mp: 2
  layers_post_mp: 1
  layers_pre_mp: 1
  msg_direction: single
  normalize_adj: False
  self_msg: concat
  skip_every: 1
  stage_type: stack
gpu_mem: False
mem:
  inplace: False
metric_agg: argmax
metric_best: auto
model:
  edge_decoding: dot
  graph_pooling: add
  loss_fun: cross_entropy
  match_upper: True
  size_average: mean
  thresh: 0.5
  type: gnn
num_threads: 6
num_workers: 0
optim:
  base_lr: 0.01
  lr_decay: 0.1
  max_epoch: 400
  momentum: 0.9
  optimizer: adam
  scheduler: cos
  steps: [30, 60, 90]
  weight_decay: 0.0005
out_dir: results/example_noneq_5
params: 632328
print: both
round: 4
run_dir: results/example_noneq_5/1
seed: 2
share:
  dim_in: 1433
  dim_out: 7
  num_splits: 2
tensorboard_agg: True
tensorboard_each_run: False
train:
  auto_resume: False
  batch_size: 32
  ckpt_clean: True
  ckpt_period: 100
  enable_ckpt: True
  energy_alpha: 1.2
  energy_beta: 0.3
  energy_reg: True
  epoch_resume: -1
  eval_period: 20
  iter_per_epoch: 32
  mode: standard
  neighbor_sizes: [20, 15, 10, 5]
  node_per_graph: 32
  radius: extend
  sample_node: False
  sampler: full_batch
  skip_train_eval: False
  walk_length: 4
val:
  node_per_graph: 32
  radius: extend
  sample_node: False
  sampler: full_batch
view_emb: False
Num parameters: 632328
Start from epoch 0
train: {'epoch': 0, 'eta': 65.0913, 'loss': 3.3884, 'lr': 0.01, 'params': 632328, 'time_iter': 0.1631, 'accuracy': 0.1634}
val: {'epoch': 0, 'loss': 3.0005, 'lr': 0, 'params': 632328, 'time_iter': 0.0593, 'accuracy': 0.3893}
train: {'epoch': 1, 'eta': 75.234, 'loss': 2.8918, 'lr': 0.01, 'params': 632328, 'time_iter': 0.2149, 'accuracy': 0.6394}
train: {'epoch': 2, 'eta': 69.3472, 'loss': 2.6255, 'lr': 0.01, 'params': 632328, 'time_iter': 0.146, 'accuracy': 0.7018}
train: {'epoch': 3, 'eta': 69.1381, 'loss': 2.4205, 'lr': 0.01, 'params': 632328, 'time_iter': 0.1743, 'accuracy': 0.7387}
train: {'epoch': 4, 'eta': 74.1506, 'loss': 2.2657, 'lr': 0.01, 'params': 632328, 'time_iter': 0.2403, 'accuracy': 0.8329}
train: {'epoch': 5, 'eta': 73.3494, 'loss': 2.1414, 'lr': 0.01, 'params': 632328, 'time_iter': 0.1784, 'accuracy': 0.8467}
train: {'epoch': 6, 'eta': 69.3859, 'loss': 2.0462, 'lr': 0.01, 'params': 632328, 'time_iter': 0.1189, 'accuracy': 0.8813}
train: {'epoch': 7, 'eta': 67.1878, 'loss': 1.9622, 'lr': 0.01, 'params': 632328, 'time_iter': 0.1353, 'accuracy': 0.8841}
train: {'epoch': 8, 'eta': 64.1231, 'loss': 1.887, 'lr': 0.01, 'params': 632328, 'time_iter': 0.1048, 'accuracy': 0.8961}
train: {'epoch': 9, 'eta': 61.697, 'loss': 1.8294, 'lr': 0.01, 'params': 632328, 'time_iter': 0.106, 'accuracy': 0.9054}
train: {'epoch': 10, 'eta': 59.9761, 'loss': 1.7778, 'lr': 0.01, 'params': 632328, 'time_iter': 0.114, 'accuracy': 0.9109}
train: {'epoch': 11, 'eta': 60.1798, 'loss': 1.7333, 'lr': 0.01, 'params': 632328, 'time_iter': 0.1653, 'accuracy': 0.9187}
train: {'epoch': 12, 'eta': 61.4816, 'loss': 1.6932, 'lr': 0.01, 'params': 632328, 'time_iter': 0.204, 'accuracy': 0.9238}
train: {'epoch': 13, 'eta': 63.3524, 'loss': 1.6569, 'lr': 0.01, 'params': 632328, 'time_iter': 0.2325, 'accuracy': 0.9261}
train: {'epoch': 14, 'eta': 64.076, 'loss': 1.6239, 'lr': 0.01, 'params': 632328, 'time_iter': 0.1987, 'accuracy': 0.9303}
train: {'epoch': 15, 'eta': 65.6686, 'loss': 1.5943, 'lr': 0.01, 'params': 632328, 'time_iter': 0.2397, 'accuracy': 0.9354}
train: {'epoch': 16, 'eta': 65.3761, 'loss': 1.5676, 'lr': 0.01, 'params': 632328, 'time_iter': 0.1656, 'accuracy': 0.9414}
train: {'epoch': 17, 'eta': 64.0082, 'loss': 1.5442, 'lr': 0.01, 'params': 632328, 'time_iter': 0.1143, 'accuracy': 0.9464}
train: {'epoch': 18, 'eta': 62.7145, 'loss': 1.5236, 'lr': 0.01, 'params': 632328, 'time_iter': 0.1114, 'accuracy': 0.9488}
train: {'epoch': 19, 'eta': 61.3526, 'loss': 1.5036, 'lr': 0.0099, 'params': 632328, 'time_iter': 0.1016, 'accuracy': 0.9534}
val: {'epoch': 19, 'loss': 1.6779, 'lr': 0, 'params': 632328, 'time_iter': 0.0405, 'accuracy': 0.8708}
train: {'epoch': 20, 'eta': 60.2337, 'loss': 1.4863, 'lr': 0.0099, 'params': 632328, 'time_iter': 0.1084, 'accuracy': 0.9566}
train: {'epoch': 21, 'eta': 59.3325, 'loss': 1.4709, 'lr': 0.0099, 'params': 632328, 'time_iter': 0.1157, 'accuracy': 0.9608}
train: {'epoch': 22, 'eta': 58.3174, 'loss': 1.4561, 'lr': 0.0099, 'params': 632328, 'time_iter': 0.1046, 'accuracy': 0.9672}
train: {'epoch': 23, 'eta': 57.8737, 'loss': 1.443, 'lr': 0.0099, 'params': 632328, 'time_iter': 0.1362, 'accuracy': 0.9705}
train: {'epoch': 24, 'eta': 57.3986, 'loss': 1.4305, 'lr': 0.0099, 'params': 632328, 'time_iter': 0.1325, 'accuracy': 0.9709}
train: {'epoch': 25, 'eta': 56.7013, 'loss': 1.4199, 'lr': 0.0099, 'params': 632328, 'time_iter': 0.1152, 'accuracy': 0.9705}
train: {'epoch': 26, 'eta': 56.1501, 'loss': 1.4141, 'lr': 0.0099, 'params': 632328, 'time_iter': 0.1227, 'accuracy': 0.9774}
train: {'epoch': 27, 'eta': 55.7384, 'loss': 1.4529, 'lr': 0.0099, 'params': 632328, 'time_iter': 0.1309, 'accuracy': 0.9571}
train: {'epoch': 28, 'eta': 55.0258, 'loss': 1.5352, 'lr': 0.0099, 'params': 632328, 'time_iter': 0.1058, 'accuracy': 0.9437}
train: {'epoch': 29, 'eta': 54.625, 'loss': 1.4396, 'lr': 0.0099, 'params': 632328, 'time_iter': 0.1278, 'accuracy': 0.9594}
train: {'epoch': 30, 'eta': 54.1336, 'loss': 1.497, 'lr': 0.0099, 'params': 632328, 'time_iter': 0.1188, 'accuracy': 0.9321}
train: {'epoch': 31, 'eta': 54.3896, 'loss': 1.4239, 'lr': 0.0099, 'params': 632328, 'time_iter': 0.1817, 'accuracy': 0.9654}
train: {'epoch': 32, 'eta': 54.1121, 'loss': 1.4176, 'lr': 0.0098, 'params': 632328, 'time_iter': 0.1361, 'accuracy': 0.9649}
train: {'epoch': 33, 'eta': 53.7515, 'loss': 1.4177, 'lr': 0.0098, 'params': 632328, 'time_iter': 0.1276, 'accuracy': 0.9631}
train: {'epoch': 34, 'eta': 53.4505, 'loss': 1.412, 'lr': 0.0098, 'params': 632328, 'time_iter': 0.1321, 'accuracy': 0.9645}
train: {'epoch': 35, 'eta': 53.1019, 'loss': 1.4, 'lr': 0.0098, 'params': 632328, 'time_iter': 0.1264, 'accuracy': 0.9723}
train: {'epoch': 36, 'eta': 52.5481, 'loss': 1.3908, 'lr': 0.0098, 'params': 632328, 'time_iter': 0.1043, 'accuracy': 0.9737}
train: {'epoch': 37, 'eta': 52.1387, 'loss': 1.3831, 'lr': 0.0098, 'params': 632328, 'time_iter': 0.117, 'accuracy': 0.9737}
train: {'epoch': 38, 'eta': 51.7779, 'loss': 1.3781, 'lr': 0.0098, 'params': 632328, 'time_iter': 0.1206, 'accuracy': 0.9769}
train: {'epoch': 39, 'eta': 51.2588, 'loss': 1.3736, 'lr': 0.0098, 'params': 632328, 'time_iter': 0.1017, 'accuracy': 0.9815}
val: {'epoch': 39, 'loss': 1.6719, 'lr': 0, 'params': 632328, 'time_iter': 0.0542, 'accuracy': 0.8911}
train: {'epoch': 40, 'eta': 50.7441, 'loss': 1.3648, 'lr': 0.0098, 'params': 632328, 'time_iter': 0.0999, 'accuracy': 0.9838}
train: {'epoch': 41, 'eta': 50.3761, 'loss': 1.3579, 'lr': 0.0097, 'params': 632328, 'time_iter': 0.1148, 'accuracy': 0.9875}
train: {'epoch': 42, 'eta': 49.9568, 'loss': 1.3535, 'lr': 0.0097, 'params': 632328, 'time_iter': 0.1072, 'accuracy': 0.9866}
train: {'epoch': 43, 'eta': 49.6932, 'loss': 1.3486, 'lr': 0.0097, 'params': 632328, 'time_iter': 0.1247, 'accuracy': 0.9885}
train: {'epoch': 44, 'eta': 49.3163, 'loss': 1.3435, 'lr': 0.0097, 'params': 632328, 'time_iter': 0.1095, 'accuracy': 0.9885}
train: {'epoch': 45, 'eta': 49.0759, 'loss': 1.3395, 'lr': 0.0097, 'params': 632328, 'time_iter': 0.1257, 'accuracy': 0.9903}
train: {'epoch': 46, 'eta': 48.6496, 'loss': 1.3355, 'lr': 0.0097, 'params': 632328, 'time_iter': 0.1003, 'accuracy': 0.9894}
train: {'epoch': 47, 'eta': 48.5449, 'loss': 1.3322, 'lr': 0.0097, 'params': 632328, 'time_iter': 0.1423, 'accuracy': 0.9926}
train: {'epoch': 48, 'eta': 48.1785, 'loss': 1.3293, 'lr': 0.0096, 'params': 632328, 'time_iter': 0.106, 'accuracy': 0.9917}
train: {'epoch': 49, 'eta': 49.0229, 'loss': 1.3361, 'lr': 0.0096, 'params': 632328, 'time_iter': 0.2775, 'accuracy': 0.9875}
train: {'epoch': 50, 'eta': 49.2799, 'loss': 1.3528, 'lr': 0.0096, 'params': 632328, 'time_iter': 0.1981, 'accuracy': 0.9806}
train: {'epoch': 51, 'eta': 49.5318, 'loss': 1.4023, 'lr': 0.0096, 'params': 632328, 'time_iter': 0.1999, 'accuracy': 0.9575}
train: {'epoch': 52, 'eta': 49.5317, 'loss': 1.3559, 'lr': 0.0096, 'params': 632328, 'time_iter': 0.1641, 'accuracy': 0.982}
train: {'epoch': 53, 'eta': 49.2583, 'loss': 1.3654, 'lr': 0.0096, 'params': 632328, 'time_iter': 0.1223, 'accuracy': 0.9732}
train: {'epoch': 54, 'eta': 48.9959, 'loss': 1.3635, 'lr': 0.0096, 'params': 632328, 'time_iter': 0.1232, 'accuracy': 0.9709}
train: {'epoch': 55, 'eta': 48.7173, 'loss': 1.343, 'lr': 0.0095, 'params': 632328, 'time_iter': 0.1198, 'accuracy': 0.9834}
train: {'epoch': 56, 'eta': 48.3981, 'loss': 1.3344, 'lr': 0.0095, 'params': 632328, 'time_iter': 0.1121, 'accuracy': 0.9898}
train: {'epoch': 57, 'eta': 48.2061, 'loss': 1.3364, 'lr': 0.0095, 'params': 632328, 'time_iter': 0.1325, 'accuracy': 0.9871}
train: {'epoch': 58, 'eta': 47.982, 'loss': 1.3273, 'lr': 0.0095, 'params': 632328, 'time_iter': 0.1266, 'accuracy': 0.9903}
train: {'epoch': 59, 'eta': 47.729, 'loss': 1.322, 'lr': 0.0095, 'params': 632328, 'time_iter': 0.1209, 'accuracy': 0.9926}
val: {'epoch': 59, 'loss': 1.6786, 'lr': 0, 'params': 632328, 'time_iter': 0.0487, 'accuracy': 0.8782}
train: {'epoch': 60, 'eta': 47.9204, 'loss': 1.3185, 'lr': 0.0095, 'params': 632328, 'time_iter': 0.2001, 'accuracy': 0.9949}
train: {'epoch': 61, 'eta': 47.7313, 'loss': 1.3137, 'lr': 0.0094, 'params': 632328, 'time_iter': 0.1326, 'accuracy': 0.9949}
train: {'epoch': 62, 'eta': 47.5585, 'loss': 1.3114, 'lr': 0.0094, 'params': 632328, 'time_iter': 0.1353, 'accuracy': 0.9958}
train: {'epoch': 63, 'eta': 47.2483, 'loss': 1.3085, 'lr': 0.0094, 'params': 632328, 'time_iter': 0.1089, 'accuracy': 0.9968}
train: {'epoch': 64, 'eta': 46.9801, 'loss': 1.3065, 'lr': 0.0094, 'params': 632328, 'time_iter': 0.1159, 'accuracy': 0.9972}
train: {'epoch': 65, 'eta': 46.8973, 'loss': 1.3086, 'lr': 0.0094, 'params': 632328, 'time_iter': 0.1516, 'accuracy': 0.9949}
train: {'epoch': 66, 'eta': 46.5816, 'loss': 1.3112, 'lr': 0.0093, 'params': 632328, 'time_iter': 0.1052, 'accuracy': 0.9954}
train: {'epoch': 67, 'eta': 46.2711, 'loss': 1.3091, 'lr': 0.0093, 'params': 632328, 'time_iter': 0.1049, 'accuracy': 0.9968}
train: {'epoch': 68, 'eta': 45.9125, 'loss': 1.3059, 'lr': 0.0093, 'params': 632328, 'time_iter': 0.0937, 'accuracy': 0.9986}
train: {'epoch': 69, 'eta': 45.7067, 'loss': 1.3065, 'lr': 0.0093, 'params': 632328, 'time_iter': 0.1245, 'accuracy': 0.9972}
train: {'epoch': 70, 'eta': 45.3529, 'loss': 1.3034, 'lr': 0.0093, 'params': 632328, 'time_iter': 0.092, 'accuracy': 0.9986}
train: {'epoch': 71, 'eta': 45.1481, 'loss': 1.3018, 'lr': 0.0092, 'params': 632328, 'time_iter': 0.1231, 'accuracy': 0.9986}
train: {'epoch': 72, 'eta': 44.8388, 'loss': 1.2991, 'lr': 0.0092, 'params': 632328, 'time_iter': 0.0993, 'accuracy': 0.9982}
train: {'epoch': 73, 'eta': 44.5871, 'loss': 1.2991, 'lr': 0.0092, 'params': 632328, 'time_iter': 0.1111, 'accuracy': 0.9991}
train: {'epoch': 74, 'eta': 44.3025, 'loss': 1.2961, 'lr': 0.0092, 'params': 632328, 'time_iter': 0.1027, 'accuracy': 0.9991}
train: {'epoch': 75, 'eta': 44.0698, 'loss': 1.2954, 'lr': 0.0092, 'params': 632328, 'time_iter': 0.1137, 'accuracy': 0.9991}
train: {'epoch': 76, 'eta': 43.7759, 'loss': 1.2943, 'lr': 0.0091, 'params': 632328, 'time_iter': 0.0984, 'accuracy': 0.9982}
train: {'epoch': 77, 'eta': 43.5204, 'loss': 1.2932, 'lr': 0.0091, 'params': 632328, 'time_iter': 0.1065, 'accuracy': 0.9991}
train: {'epoch': 78, 'eta': 43.2561, 'loss': 1.2938, 'lr': 0.0091, 'params': 632328, 'time_iter': 0.1034, 'accuracy': 0.9977}
train: {'epoch': 79, 'eta': 43.0161, 'loss': 1.3324, 'lr': 0.0091, 'params': 632328, 'time_iter': 0.1084, 'accuracy': 0.9857}
val: {'epoch': 79, 'loss': 1.646, 'lr': 0, 'params': 632328, 'time_iter': 0.0458, 'accuracy': 0.893}
train: {'epoch': 80, 'eta': 42.7626, 'loss': 1.5021, 'lr': 0.009, 'params': 632328, 'time_iter': 0.1042, 'accuracy': 0.9464}
train: {'epoch': 81, 'eta': 42.514, 'loss': 1.4498, 'lr': 0.009, 'params': 632328, 'time_iter': 0.1045, 'accuracy': 0.9501}
train: {'epoch': 82, 'eta': 42.2718, 'loss': 1.4075, 'lr': 0.009, 'params': 632328, 'time_iter': 0.1053, 'accuracy': 0.9617}
train: {'epoch': 83, 'eta': 42.0221, 'loss': 1.3741, 'lr': 0.009, 'params': 632328, 'time_iter': 0.1024, 'accuracy': 0.97}
train: {'epoch': 84, 'eta': 41.8022, 'loss': 1.3503, 'lr': 0.009, 'params': 632328, 'time_iter': 0.1095, 'accuracy': 0.9825}
train: {'epoch': 85, 'eta': 41.6426, 'loss': 1.3517, 'lr': 0.0089, 'params': 632328, 'time_iter': 0.1253, 'accuracy': 0.9861}
train: {'epoch': 86, 'eta': 41.4948, 'loss': 1.3398, 'lr': 0.0089, 'params': 632328, 'time_iter': 0.1284, 'accuracy': 0.988}
train: {'epoch': 87, 'eta': 41.3232, 'loss': 1.3323, 'lr': 0.0089, 'params': 632328, 'time_iter': 0.1215, 'accuracy': 0.9885}
train: {'epoch': 88, 'eta': 41.1553, 'loss': 1.3262, 'lr': 0.0089, 'params': 632328, 'time_iter': 0.1223, 'accuracy': 0.9917}
train: {'epoch': 89, 'eta': 40.9805, 'loss': 1.324, 'lr': 0.0088, 'params': 632328, 'time_iter': 0.12, 'accuracy': 0.9917}
train: {'epoch': 90, 'eta': 40.7839, 'loss': 1.3174, 'lr': 0.0088, 'params': 632328, 'time_iter': 0.1132, 'accuracy': 0.9935}
train: {'epoch': 91, 'eta': 40.6049, 'loss': 1.3144, 'lr': 0.0088, 'params': 632328, 'time_iter': 0.1179, 'accuracy': 0.9935}
train: {'epoch': 92, 'eta': 40.4219, 'loss': 1.3088, 'lr': 0.0088, 'params': 632328, 'time_iter': 0.1163, 'accuracy': 0.9963}
train: {'epoch': 93, 'eta': 40.2242, 'loss': 1.3042, 'lr': 0.0087, 'params': 632328, 'time_iter': 0.1114, 'accuracy': 0.9972}
train: {'epoch': 94, 'eta': 40.0237, 'loss': 1.302, 'lr': 0.0087, 'params': 632328, 'time_iter': 0.11, 'accuracy': 0.9972}
train: {'epoch': 95, 'eta': 39.7927, 'loss': 1.2999, 'lr': 0.0087, 'params': 632328, 'time_iter': 0.0997, 'accuracy': 0.9963}
train: {'epoch': 96, 'eta': 39.5681, 'loss': 1.2972, 'lr': 0.0086, 'params': 632328, 'time_iter': 0.1009, 'accuracy': 0.9977}
train: {'epoch': 97, 'eta': 39.3717, 'loss': 1.2956, 'lr': 0.0086, 'params': 632328, 'time_iter': 0.1092, 'accuracy': 0.9977}
train: {'epoch': 98, 'eta': 39.155, 'loss': 1.2942, 'lr': 0.0086, 'params': 632328, 'time_iter': 0.102, 'accuracy': 0.9982}
train: {'epoch': 99, 'eta': 38.989, 'loss': 1.2927, 'lr': 0.0086, 'params': 632328, 'time_iter': 0.1181, 'accuracy': 0.9986}
val: {'epoch': 99, 'loss': 1.6354, 'lr': 0, 'params': 632328, 'time_iter': 0.0405, 'accuracy': 0.8948}
train: {'epoch': 100, 'eta': 38.7928, 'loss': 1.2909, 'lr': 0.0085, 'params': 632328, 'time_iter': 0.1076, 'accuracy': 0.9995}
train: {'epoch': 101, 'eta': 38.5852, 'loss': 1.2893, 'lr': 0.0085, 'params': 632328, 'time_iter': 0.1031, 'accuracy': 0.9995}
train: {'epoch': 102, 'eta': 38.4078, 'loss': 1.2882, 'lr': 0.0085, 'params': 632328, 'time_iter': 0.1129, 'accuracy': 0.9995}
train: {'epoch': 103, 'eta': 38.2069, 'loss': 1.2875, 'lr': 0.0085, 'params': 632328, 'time_iter': 0.1041, 'accuracy': 0.9995}
train: {'epoch': 104, 'eta': 37.9724, 'loss': 1.2863, 'lr': 0.0084, 'params': 632328, 'time_iter': 0.0916, 'accuracy': 0.9995}
train: {'epoch': 105, 'eta': 37.8117, 'loss': 1.2854, 'lr': 0.0084, 'params': 632328, 'time_iter': 0.1172, 'accuracy': 0.9995}
train: {'epoch': 106, 'eta': 37.5958, 'loss': 1.2848, 'lr': 0.0084, 'params': 632328, 'time_iter': 0.0967, 'accuracy': 0.9995}
train: {'epoch': 107, 'eta': 37.4057, 'loss': 1.284, 'lr': 0.0083, 'params': 632328, 'time_iter': 0.1055, 'accuracy': 0.9995}
train: {'epoch': 108, 'eta': 37.2114, 'loss': 1.2833, 'lr': 0.0083, 'params': 632328, 'time_iter': 0.1033, 'accuracy': 0.9995}
train: {'epoch': 109, 'eta': 37.011, 'loss': 1.2828, 'lr': 0.0083, 'params': 632328, 'time_iter': 0.1004, 'accuracy': 0.9995}
train: {'epoch': 110, 'eta': 36.8363, 'loss': 1.2835, 'lr': 0.0082, 'params': 632328, 'time_iter': 0.1096, 'accuracy': 0.9995}
train: {'epoch': 111, 'eta': 36.6564, 'loss': 1.2904, 'lr': 0.0082, 'params': 632328, 'time_iter': 0.1071, 'accuracy': 0.9982}
train: {'epoch': 112, 'eta': 36.47, 'loss': 1.2892, 'lr': 0.0082, 'params': 632328, 'time_iter': 0.104, 'accuracy': 0.9995}
train: {'epoch': 113, 'eta': 36.2999, 'loss': 1.2921, 'lr': 0.0082, 'params': 632328, 'time_iter': 0.1099, 'accuracy': 0.994}
train: {'epoch': 114, 'eta': 36.1117, 'loss': 1.3792, 'lr': 0.0081, 'params': 632328, 'time_iter': 0.1022, 'accuracy': 0.9732}
train: {'epoch': 115, 'eta': 36.006, 'loss': 1.4465, 'lr': 0.0081, 'params': 632328, 'time_iter': 0.1353, 'accuracy': 0.9478}
train: {'epoch': 116, 'eta': 35.7949, 'loss': 1.434, 'lr': 0.0081, 'params': 632328, 'time_iter': 0.0919, 'accuracy': 0.9511}
train: {'epoch': 117, 'eta': 35.8216, 'loss': 1.486, 'lr': 0.008, 'params': 632328, 'time_iter': 0.1906, 'accuracy': 0.9303}
train: {'epoch': 118, 'eta': 35.7207, 'loss': 1.4274, 'lr': 0.008, 'params': 632328, 'time_iter': 0.1381, 'accuracy': 0.9584}
train: {'epoch': 119, 'eta': 35.5371, 'loss': 1.4071, 'lr': 0.008, 'params': 632328, 'time_iter': 0.1029, 'accuracy': 0.9672}
val: {'epoch': 119, 'loss': 1.7109, 'lr': 0, 'params': 632328, 'time_iter': 0.0459, 'accuracy': 0.8727}
train: {'epoch': 120, 'eta': 35.3325, 'loss': 1.3914, 'lr': 0.0079, 'params': 632328, 'time_iter': 0.0932, 'accuracy': 0.9709}
train: {'epoch': 121, 'eta': 35.1841, 'loss': 1.3805, 'lr': 0.0079, 'params': 632328, 'time_iter': 0.1171, 'accuracy': 0.9728}
train: {'epoch': 122, 'eta': 35.0094, 'loss': 1.3668, 'lr': 0.0079, 'params': 632328, 'time_iter': 0.1052, 'accuracy': 0.9806}
train: {'epoch': 123, 'eta': 34.8225, 'loss': 1.354, 'lr': 0.0078, 'params': 632328, 'time_iter': 0.0992, 'accuracy': 0.9852}
train: {'epoch': 124, 'eta': 34.6456, 'loss': 1.3455, 'lr': 0.0078, 'params': 632328, 'time_iter': 0.1031, 'accuracy': 0.9875}
train: {'epoch': 125, 'eta': 34.4806, 'loss': 1.339, 'lr': 0.0078, 'params': 632328, 'time_iter': 0.108, 'accuracy': 0.9885}
train: {'epoch': 126, 'eta': 34.3069, 'loss': 1.3325, 'lr': 0.0077, 'params': 632328, 'time_iter': 0.1036, 'accuracy': 0.9898}
train: {'epoch': 127, 'eta': 34.157, 'loss': 1.3254, 'lr': 0.0077, 'params': 632328, 'time_iter': 0.1143, 'accuracy': 0.9926}
train: {'epoch': 128, 'eta': 34.0236, 'loss': 1.3192, 'lr': 0.0077, 'params': 632328, 'time_iter': 0.1219, 'accuracy': 0.9908}
train: {'epoch': 129, 'eta': 34.066, 'loss': 1.3134, 'lr': 0.0076, 'params': 632328, 'time_iter': 0.2064, 'accuracy': 0.9922}
train: {'epoch': 130, 'eta': 34.1832, 'loss': 1.3091, 'lr': 0.0076, 'params': 632328, 'time_iter': 0.2447, 'accuracy': 0.9945}
train: {'epoch': 131, 'eta': 34.1741, 'loss': 1.3054, 'lr': 0.0076, 'params': 632328, 'time_iter': 0.1852, 'accuracy': 0.9945}
train: {'epoch': 132, 'eta': 34.1467, 'loss': 1.302, 'lr': 0.0075, 'params': 632328, 'time_iter': 0.1773, 'accuracy': 0.9963}
train: {'epoch': 133, 'eta': 34.0347, 'loss': 1.2989, 'lr': 0.0075, 'params': 632328, 'time_iter': 0.1359, 'accuracy': 0.9972}
train: {'epoch': 134, 'eta': 33.8959, 'loss': 1.2962, 'lr': 0.0075, 'params': 632328, 'time_iter': 0.1224, 'accuracy': 0.9982}
train: {'epoch': 135, 'eta': 33.7895, 'loss': 1.2941, 'lr': 0.0074, 'params': 632328, 'time_iter': 0.139, 'accuracy': 0.9991}
train: {'epoch': 136, 'eta': 33.6646, 'loss': 1.2926, 'lr': 0.0074, 'params': 632328, 'time_iter': 0.1296, 'accuracy': 0.9982}
train: {'epoch': 137, 'eta': 33.5148, 'loss': 1.2925, 'lr': 0.0074, 'params': 632328, 'time_iter': 0.1165, 'accuracy': 0.9991}
train: {'epoch': 138, 'eta': 33.4274, 'loss': 1.2973, 'lr': 0.0073, 'params': 632328, 'time_iter': 0.1495, 'accuracy': 0.9968}
train: {'epoch': 139, 'eta': 33.2725, 'loss': 1.2911, 'lr': 0.0073, 'params': 632328, 'time_iter': 0.1136, 'accuracy': 0.9977}
val: {'epoch': 139, 'loss': 1.6381, 'lr': 0, 'params': 632328, 'time_iter': 0.0516, 'accuracy': 0.8948}
train: {'epoch': 140, 'eta': 33.0763, 'loss': 1.2944, 'lr': 0.0073, 'params': 632328, 'time_iter': 0.0908, 'accuracy': 0.9972}
train: {'epoch': 141, 'eta': 32.9167, 'loss': 1.2902, 'lr': 0.0072, 'params': 632328, 'time_iter': 0.1101, 'accuracy': 0.9977}
train: {'epoch': 142, 'eta': 32.7404, 'loss': 1.2925, 'lr': 0.0072, 'params': 632328, 'time_iter': 0.1005, 'accuracy': 0.9963}
train: {'epoch': 143, 'eta': 32.6061, 'loss': 1.2854, 'lr': 0.0072, 'params': 632328, 'time_iter': 0.1235, 'accuracy': 0.9982}
train: {'epoch': 144, 'eta': 32.4309, 'loss': 1.2892, 'lr': 0.0071, 'params': 632328, 'time_iter': 0.1002, 'accuracy': 0.9986}
train: {'epoch': 145, 'eta': 32.2825, 'loss': 1.2836, 'lr': 0.0071, 'params': 632328, 'time_iter': 0.115, 'accuracy': 0.9986}
train: {'epoch': 146, 'eta': 32.1133, 'loss': 1.2862, 'lr': 0.0071, 'params': 632328, 'time_iter': 0.1026, 'accuracy': 0.9982}
train: {'epoch': 147, 'eta': 31.9388, 'loss': 1.285, 'lr': 0.007, 'params': 632328, 'time_iter': 0.099, 'accuracy': 0.9986}
train: {'epoch': 148, 'eta': 31.769, 'loss': 1.2826, 'lr': 0.007, 'params': 632328, 'time_iter': 0.1011, 'accuracy': 0.9986}
train: {'epoch': 149, 'eta': 31.6108, 'loss': 1.2811, 'lr': 0.0069, 'params': 632328, 'time_iter': 0.1076, 'accuracy': 0.9995}
train: {'epoch': 150, 'eta': 31.4334, 'loss': 1.282, 'lr': 0.0069, 'params': 632328, 'time_iter': 0.0955, 'accuracy': 0.9995}
train: {'epoch': 151, 'eta': 31.2736, 'loss': 1.2796, 'lr': 0.0069, 'params': 632328, 'time_iter': 0.1057, 'accuracy': 0.9995}
train: {'epoch': 152, 'eta': 31.1036, 'loss': 1.2798, 'lr': 0.0068, 'params': 632328, 'time_iter': 0.0989, 'accuracy': 0.9991}
train: {'epoch': 153, 'eta': 30.9485, 'loss': 1.2791, 'lr': 0.0068, 'params': 632328, 'time_iter': 0.1076, 'accuracy': 0.9991}
train: {'epoch': 154, 'eta': 30.8163, 'loss': 1.2775, 'lr': 0.0068, 'params': 632328, 'time_iter': 0.1218, 'accuracy': 0.9995}
train: {'epoch': 155, 'eta': 30.6518, 'loss': 1.2774, 'lr': 0.0067, 'params': 632328, 'time_iter': 0.101, 'accuracy': 0.9995}
train: {'epoch': 156, 'eta': 30.5139, 'loss': 1.2771, 'lr': 0.0067, 'params': 632328, 'time_iter': 0.1177, 'accuracy': 0.9995}
train: {'epoch': 157, 'eta': 30.3504, 'loss': 1.276, 'lr': 0.0067, 'params': 632328, 'time_iter': 0.1008, 'accuracy': 1.0}
train: {'epoch': 158, 'eta': 30.2165, 'loss': 1.2757, 'lr': 0.0066, 'params': 632328, 'time_iter': 0.1198, 'accuracy': 1.0}
train: {'epoch': 159, 'eta': 30.066, 'loss': 1.2751, 'lr': 0.0066, 'params': 632328, 'time_iter': 0.1086, 'accuracy': 1.0}
val: {'epoch': 159, 'loss': 1.6185, 'lr': 0, 'params': 632328, 'time_iter': 0.0452, 'accuracy': 0.8911}
train: {'epoch': 160, 'eta': 29.892, 'loss': 1.2745, 'lr': 0.0065, 'params': 632328, 'time_iter': 0.0925, 'accuracy': 1.0}
train: {'epoch': 161, 'eta': 29.7624, 'loss': 1.2745, 'lr': 0.0065, 'params': 632328, 'time_iter': 0.122, 'accuracy': 1.0}
train: {'epoch': 162, 'eta': 29.6073, 'loss': 1.2737, 'lr': 0.0065, 'params': 632328, 'time_iter': 0.1044, 'accuracy': 1.0}
train: {'epoch': 163, 'eta': 29.4553, 'loss': 1.2736, 'lr': 0.0064, 'params': 632328, 'time_iter': 0.1061, 'accuracy': 1.0}
train: {'epoch': 164, 'eta': 29.3002, 'loss': 1.2731, 'lr': 0.0064, 'params': 632328, 'time_iter': 0.1035, 'accuracy': 1.0}
train: {'epoch': 165, 'eta': 29.1529, 'loss': 1.2727, 'lr': 0.0064, 'params': 632328, 'time_iter': 0.1086, 'accuracy': 1.0}
train: {'epoch': 166, 'eta': 29.0011, 'loss': 1.2725, 'lr': 0.0063, 'params': 632328, 'time_iter': 0.1051, 'accuracy': 1.0}
train: {'epoch': 167, 'eta': 28.8873, 'loss': 1.2721, 'lr': 0.0063, 'params': 632328, 'time_iter': 0.1322, 'accuracy': 1.0}
train: {'epoch': 168, 'eta': 28.7495, 'loss': 1.2719, 'lr': 0.0062, 'params': 632328, 'time_iter': 0.1148, 'accuracy': 1.0}
train: {'epoch': 169, 'eta': 28.6551, 'loss': 1.2717, 'lr': 0.0062, 'params': 632328, 'time_iter': 0.1467, 'accuracy': 1.0}
train: {'epoch': 170, 'eta': 28.5616, 'loss': 1.2715, 'lr': 0.0062, 'params': 632328, 'time_iter': 0.1478, 'accuracy': 1.0}
train: {'epoch': 171, 'eta': 28.4493, 'loss': 1.2712, 'lr': 0.0061, 'params': 632328, 'time_iter': 0.1341, 'accuracy': 1.0}
train: {'epoch': 172, 'eta': 28.3322, 'loss': 1.271, 'lr': 0.0061, 'params': 632328, 'time_iter': 0.1306, 'accuracy': 1.0}
train: {'epoch': 173, 'eta': 28.2225, 'loss': 1.2713, 'lr': 0.0061, 'params': 632328, 'time_iter': 0.1365, 'accuracy': 1.0}
train: {'epoch': 174, 'eta': 28.1806, 'loss': 1.2706, 'lr': 0.006, 'params': 632328, 'time_iter': 0.1894, 'accuracy': 1.0}
train: {'epoch': 175, 'eta': 28.0658, 'loss': 1.273, 'lr': 0.006, 'params': 632328, 'time_iter': 0.1335, 'accuracy': 0.9991}
train: {'epoch': 176, 'eta': 27.9461, 'loss': 1.3429, 'lr': 0.0059, 'params': 632328, 'time_iter': 0.1297, 'accuracy': 0.9815}
train: {'epoch': 177, 'eta': 27.8133, 'loss': 1.4375, 'lr': 0.0059, 'params': 632328, 'time_iter': 0.1193, 'accuracy': 0.958}
train: {'epoch': 178, 'eta': 27.6884, 'loss': 1.4584, 'lr': 0.0059, 'params': 632328, 'time_iter': 0.1256, 'accuracy': 0.9478}
train: {'epoch': 179, 'eta': 27.571, 'loss': 1.4082, 'lr': 0.0058, 'params': 632328, 'time_iter': 0.1317, 'accuracy': 0.9654}
val: {'epoch': 179, 'loss': 1.7492, 'lr': 0, 'params': 632328, 'time_iter': 0.0529, 'accuracy': 0.8561}
train: {'epoch': 180, 'eta': 27.4256, 'loss': 1.3993, 'lr': 0.0058, 'params': 632328, 'time_iter': 0.1087, 'accuracy': 0.976}
train: {'epoch': 181, 'eta': 27.2845, 'loss': 1.3767, 'lr': 0.0057, 'params': 632328, 'time_iter': 0.112, 'accuracy': 0.982}
train: {'epoch': 182, 'eta': 27.1337, 'loss': 1.3679, 'lr': 0.0057, 'params': 632328, 'time_iter': 0.1035, 'accuracy': 0.9838}
train: {'epoch': 183, 'eta': 26.9905, 'loss': 1.3632, 'lr': 0.0057, 'params': 632328, 'time_iter': 0.1096, 'accuracy': 0.9848}
train: {'epoch': 184, 'eta': 26.8388, 'loss': 1.356, 'lr': 0.0056, 'params': 632328, 'time_iter': 0.1019, 'accuracy': 0.9866}
train: {'epoch': 185, 'eta': 26.693, 'loss': 1.3494, 'lr': 0.0056, 'params': 632328, 'time_iter': 0.1066, 'accuracy': 0.9861}
train: {'epoch': 186, 'eta': 26.5591, 'loss': 1.3431, 'lr': 0.0055, 'params': 632328, 'time_iter': 0.1167, 'accuracy': 0.9871}
train: {'epoch': 187, 'eta': 26.4089, 'loss': 1.3366, 'lr': 0.0055, 'params': 632328, 'time_iter': 0.1021, 'accuracy': 0.988}
train: {'epoch': 188, 'eta': 26.2487, 'loss': 1.3312, 'lr': 0.0055, 'params': 632328, 'time_iter': 0.0927, 'accuracy': 0.9894}
train: {'epoch': 189, 'eta': 26.102, 'loss': 1.3268, 'lr': 0.0054, 'params': 632328, 'time_iter': 0.1042, 'accuracy': 0.9908}
train: {'epoch': 190, 'eta': 25.9462, 'loss': 1.3222, 'lr': 0.0054, 'params': 632328, 'time_iter': 0.0955, 'accuracy': 0.9912}
train: {'epoch': 191, 'eta': 25.8017, 'loss': 1.3178, 'lr': 0.0054, 'params': 632328, 'time_iter': 0.1053, 'accuracy': 0.9917}
train: {'epoch': 192, 'eta': 25.6607, 'loss': 1.3139, 'lr': 0.0053, 'params': 632328, 'time_iter': 0.1083, 'accuracy': 0.9926}
train: {'epoch': 193, 'eta': 25.5147, 'loss': 1.3107, 'lr': 0.0053, 'params': 632328, 'time_iter': 0.1032, 'accuracy': 0.9922}
train: {'epoch': 194, 'eta': 25.3786, 'loss': 1.3081, 'lr': 0.0052, 'params': 632328, 'time_iter': 0.1122, 'accuracy': 0.9917}
train: {'epoch': 195, 'eta': 25.2391, 'loss': 1.3058, 'lr': 0.0052, 'params': 632328, 'time_iter': 0.1087, 'accuracy': 0.9926}
train: {'epoch': 196, 'eta': 25.091, 'loss': 1.3035, 'lr': 0.0052, 'params': 632328, 'time_iter': 0.1001, 'accuracy': 0.994}
train: {'epoch': 197, 'eta': 24.954, 'loss': 1.3009, 'lr': 0.0051, 'params': 632328, 'time_iter': 0.1104, 'accuracy': 0.9945}
train: {'epoch': 198, 'eta': 24.807, 'loss': 1.2986, 'lr': 0.0051, 'params': 632328, 'time_iter': 0.1003, 'accuracy': 0.9945}
train: {'epoch': 199, 'eta': 24.6686, 'loss': 1.2969, 'lr': 0.005, 'params': 632328, 'time_iter': 0.1085, 'accuracy': 0.9949}
val: {'epoch': 199, 'loss': 1.6253, 'lr': 0, 'params': 632328, 'time_iter': 0.0429, 'accuracy': 0.893}
train: {'epoch': 200, 'eta': 24.5181, 'loss': 1.2955, 'lr': 0.005, 'params': 632328, 'time_iter': 0.0958, 'accuracy': 0.9954}
train: {'epoch': 201, 'eta': 24.3706, 'loss': 1.2939, 'lr': 0.005, 'params': 632328, 'time_iter': 0.0985, 'accuracy': 0.9954}
train: {'epoch': 202, 'eta': 24.2278, 'loss': 1.2922, 'lr': 0.0049, 'params': 632328, 'time_iter': 0.1027, 'accuracy': 0.9958}
train: {'epoch': 203, 'eta': 24.0906, 'loss': 1.291, 'lr': 0.0049, 'params': 632328, 'time_iter': 0.1082, 'accuracy': 0.9958}
train: {'epoch': 204, 'eta': 23.9516, 'loss': 1.2896, 'lr': 0.0048, 'params': 632328, 'time_iter': 0.106, 'accuracy': 0.9963}
train: {'epoch': 205, 'eta': 23.8043, 'loss': 1.2882, 'lr': 0.0048, 'params': 632328, 'time_iter': 0.0968, 'accuracy': 0.9963}
train: {'epoch': 206, 'eta': 23.6999, 'loss': 1.2868, 'lr': 0.0048, 'params': 632328, 'time_iter': 0.1423, 'accuracy': 0.9963}
train: {'epoch': 207, 'eta': 23.5641, 'loss': 1.2856, 'lr': 0.0047, 'params': 632328, 'time_iter': 0.1088, 'accuracy': 0.9963}
train: {'epoch': 208, 'eta': 23.4395, 'loss': 1.2843, 'lr': 0.0047, 'params': 632328, 'time_iter': 0.1206, 'accuracy': 0.9963}
train: {'epoch': 209, 'eta': 23.3132, 'loss': 1.2831, 'lr': 0.0046, 'params': 632328, 'time_iter': 0.1188, 'accuracy': 0.9972}
train: {'epoch': 210, 'eta': 23.2056, 'loss': 1.282, 'lr': 0.0046, 'params': 632328, 'time_iter': 0.1396, 'accuracy': 0.9977}
train: {'epoch': 211, 'eta': 23.1978, 'loss': 1.2809, 'lr': 0.0046, 'params': 632328, 'time_iter': 0.2524, 'accuracy': 0.9982}
train: {'epoch': 212, 'eta': 23.1361, 'loss': 1.2799, 'lr': 0.0045, 'params': 632328, 'time_iter': 0.1937, 'accuracy': 0.9982}
train: {'epoch': 213, 'eta': 23.0753, 'loss': 1.2792, 'lr': 0.0045, 'params': 632328, 'time_iter': 0.1962, 'accuracy': 0.9986}
train: {'epoch': 214, 'eta': 22.9648, 'loss': 1.2784, 'lr': 0.0045, 'params': 632328, 'time_iter': 0.1397, 'accuracy': 0.9991}
train: {'epoch': 215, 'eta': 22.8448, 'loss': 1.2776, 'lr': 0.0044, 'params': 632328, 'time_iter': 0.129, 'accuracy': 0.9991}
train: {'epoch': 216, 'eta': 22.7003, 'loss': 1.2769, 'lr': 0.0044, 'params': 632328, 'time_iter': 0.1001, 'accuracy': 0.9991}
train: {'epoch': 217, 'eta': 22.6387, 'loss': 1.2764, 'lr': 0.0043, 'params': 632328, 'time_iter': 0.1988, 'accuracy': 0.9991}
train: {'epoch': 218, 'eta': 22.5364, 'loss': 1.2758, 'lr': 0.0043, 'params': 632328, 'time_iter': 0.1511, 'accuracy': 0.9991}
train: {'epoch': 219, 'eta': 22.3966, 'loss': 1.2753, 'lr': 0.0043, 'params': 632328, 'time_iter': 0.1058, 'accuracy': 0.9995}
val: {'epoch': 219, 'loss': 1.6181, 'lr': 0, 'params': 632328, 'time_iter': 0.0419, 'accuracy': 0.8911}
train: {'epoch': 220, 'eta': 22.2736, 'loss': 1.2749, 'lr': 0.0042, 'params': 632328, 'time_iter': 0.1263, 'accuracy': 0.9995}
train: {'epoch': 221, 'eta': 22.1672, 'loss': 1.2744, 'lr': 0.0042, 'params': 632328, 'time_iter': 0.1468, 'accuracy': 0.9995}
train: {'epoch': 222, 'eta': 22.0236, 'loss': 1.274, 'lr': 0.0041, 'params': 632328, 'time_iter': 0.1005, 'accuracy': 0.9995}
train: {'epoch': 223, 'eta': 21.8855, 'loss': 1.2736, 'lr': 0.0041, 'params': 632328, 'time_iter': 0.107, 'accuracy': 0.9995}
train: {'epoch': 224, 'eta': 21.7475, 'loss': 1.2732, 'lr': 0.0041, 'params': 632328, 'time_iter': 0.1068, 'accuracy': 0.9995}
train: {'epoch': 225, 'eta': 21.6082, 'loss': 1.2728, 'lr': 0.004, 'params': 632328, 'time_iter': 0.1047, 'accuracy': 0.9995}
train: {'epoch': 226, 'eta': 21.4711, 'loss': 1.2725, 'lr': 0.004, 'params': 632328, 'time_iter': 0.1073, 'accuracy': 0.9995}
train: {'epoch': 227, 'eta': 21.3512, 'loss': 1.2721, 'lr': 0.0039, 'params': 632328, 'time_iter': 0.1297, 'accuracy': 0.9995}
train: {'epoch': 228, 'eta': 21.2254, 'loss': 1.2718, 'lr': 0.0039, 'params': 632328, 'time_iter': 0.1219, 'accuracy': 0.9995}
train: {'epoch': 229, 'eta': 21.0935, 'loss': 1.2715, 'lr': 0.0039, 'params': 632328, 'time_iter': 0.1136, 'accuracy': 0.9995}
train: {'epoch': 230, 'eta': 20.9518, 'loss': 1.2713, 'lr': 0.0038, 'params': 632328, 'time_iter': 0.1, 'accuracy': 0.9995}
train: {'epoch': 231, 'eta': 20.8274, 'loss': 1.271, 'lr': 0.0038, 'params': 632328, 'time_iter': 0.1234, 'accuracy': 0.9995}
train: {'epoch': 232, 'eta': 20.6826, 'loss': 1.2708, 'lr': 0.0038, 'params': 632328, 'time_iter': 0.0948, 'accuracy': 1.0}
train: {'epoch': 233, 'eta': 20.5531, 'loss': 1.2706, 'lr': 0.0037, 'params': 632328, 'time_iter': 0.1159, 'accuracy': 1.0}
train: {'epoch': 234, 'eta': 20.4123, 'loss': 1.2704, 'lr': 0.0037, 'params': 632328, 'time_iter': 0.0997, 'accuracy': 1.0}
train: {'epoch': 235, 'eta': 20.3048, 'loss': 1.2702, 'lr': 0.0036, 'params': 632328, 'time_iter': 0.1471, 'accuracy': 1.0}
train: {'epoch': 236, 'eta': 20.1809, 'loss': 1.2701, 'lr': 0.0036, 'params': 632328, 'time_iter': 0.1237, 'accuracy': 1.0}
train: {'epoch': 237, 'eta': 20.0441, 'loss': 1.2699, 'lr': 0.0036, 'params': 632328, 'time_iter': 0.1046, 'accuracy': 1.0}
train: {'epoch': 238, 'eta': 19.9092, 'loss': 1.2698, 'lr': 0.0035, 'params': 632328, 'time_iter': 0.1071, 'accuracy': 1.0}
train: {'epoch': 239, 'eta': 19.7729, 'loss': 1.2696, 'lr': 0.0035, 'params': 632328, 'time_iter': 0.1047, 'accuracy': 1.0}
val: {'epoch': 239, 'loss': 1.6133, 'lr': 0, 'params': 632328, 'time_iter': 0.0469, 'accuracy': 0.8875}
train: {'epoch': 240, 'eta': 19.6301, 'loss': 1.2695, 'lr': 0.0035, 'params': 632328, 'time_iter': 0.0945, 'accuracy': 1.0}
train: {'epoch': 241, 'eta': 19.5018, 'loss': 1.2693, 'lr': 0.0034, 'params': 632328, 'time_iter': 0.1159, 'accuracy': 1.0}
train: {'epoch': 242, 'eta': 19.3629, 'loss': 1.2692, 'lr': 0.0034, 'params': 632328, 'time_iter': 0.0996, 'accuracy': 1.0}
train: {'epoch': 243, 'eta': 19.2285, 'loss': 1.2691, 'lr': 0.0033, 'params': 632328, 'time_iter': 0.1059, 'accuracy': 1.0}
train: {'epoch': 244, 'eta': 19.0929, 'loss': 1.269, 'lr': 0.0033, 'params': 632328, 'time_iter': 0.1038, 'accuracy': 1.0}
train: {'epoch': 245, 'eta': 18.959, 'loss': 1.2689, 'lr': 0.0033, 'params': 632328, 'time_iter': 0.1061, 'accuracy': 1.0}
train: {'epoch': 246, 'eta': 18.8359, 'loss': 1.2687, 'lr': 0.0032, 'params': 632328, 'time_iter': 0.1232, 'accuracy': 1.0}
train: {'epoch': 247, 'eta': 18.715, 'loss': 1.2686, 'lr': 0.0032, 'params': 632328, 'time_iter': 0.1266, 'accuracy': 1.0}
train: {'epoch': 248, 'eta': 18.5831, 'loss': 1.2685, 'lr': 0.0032, 'params': 632328, 'time_iter': 0.1087, 'accuracy': 1.0}
train: {'epoch': 249, 'eta': 18.4643, 'loss': 1.2684, 'lr': 0.0031, 'params': 632328, 'time_iter': 0.1301, 'accuracy': 1.0}
train: {'epoch': 250, 'eta': 18.3375, 'loss': 1.2684, 'lr': 0.0031, 'params': 632328, 'time_iter': 0.117, 'accuracy': 1.0}
train: {'epoch': 251, 'eta': 18.2118, 'loss': 1.2683, 'lr': 0.0031, 'params': 632328, 'time_iter': 0.1186, 'accuracy': 1.0}
train: {'epoch': 252, 'eta': 18.0973, 'loss': 1.2683, 'lr': 0.003, 'params': 632328, 'time_iter': 0.1377, 'accuracy': 1.0}
train: {'epoch': 253, 'eta': 17.9606, 'loss': 1.2694, 'lr': 0.003, 'params': 632328, 'time_iter': 0.0994, 'accuracy': 1.0}
train: {'epoch': 254, 'eta': 17.8412, 'loss': 1.275, 'lr': 0.0029, 'params': 632328, 'time_iter': 0.1294, 'accuracy': 0.9982}
train: {'epoch': 255, 'eta': 17.7059, 'loss': 1.2695, 'lr': 0.0029, 'params': 632328, 'time_iter': 0.1012, 'accuracy': 1.0}
train: {'epoch': 256, 'eta': 17.5788, 'loss': 1.2693, 'lr': 0.0029, 'params': 632328, 'time_iter': 0.1156, 'accuracy': 1.0}
train: {'epoch': 257, 'eta': 17.4484, 'loss': 1.2693, 'lr': 0.0028, 'params': 632328, 'time_iter': 0.1094, 'accuracy': 0.9995}
train: {'epoch': 258, 'eta': 17.3133, 'loss': 1.2685, 'lr': 0.0028, 'params': 632328, 'time_iter': 0.1005, 'accuracy': 1.0}
train: {'epoch': 259, 'eta': 17.185, 'loss': 1.2689, 'lr': 0.0028, 'params': 632328, 'time_iter': 0.1124, 'accuracy': 1.0}
val: {'epoch': 259, 'loss': 1.6085, 'lr': 0, 'params': 632328, 'time_iter': 0.0453, 'accuracy': 0.8911}
train: {'epoch': 260, 'eta': 17.057, 'loss': 1.2689, 'lr': 0.0027, 'params': 632328, 'time_iter': 0.113, 'accuracy': 1.0}
train: {'epoch': 261, 'eta': 16.922, 'loss': 1.2686, 'lr': 0.0027, 'params': 632328, 'time_iter': 0.0995, 'accuracy': 1.0}
train: {'epoch': 262, 'eta': 16.7975, 'loss': 1.2688, 'lr': 0.0027, 'params': 632328, 'time_iter': 0.1189, 'accuracy': 1.0}
train: {'epoch': 263, 'eta': 16.6612, 'loss': 1.2682, 'lr': 0.0026, 'params': 632328, 'time_iter': 0.0962, 'accuracy': 1.0}
train: {'epoch': 264, 'eta': 16.531, 'loss': 1.2682, 'lr': 0.0026, 'params': 632328, 'time_iter': 0.1073, 'accuracy': 1.0}
train: {'epoch': 265, 'eta': 16.3989, 'loss': 1.2682, 'lr': 0.0026, 'params': 632328, 'time_iter': 0.1033, 'accuracy': 1.0}
train: {'epoch': 266, 'eta': 16.2697, 'loss': 1.2683, 'lr': 0.0025, 'params': 632328, 'time_iter': 0.1087, 'accuracy': 1.0}
train: {'epoch': 267, 'eta': 16.1377, 'loss': 1.2682, 'lr': 0.0025, 'params': 632328, 'time_iter': 0.1028, 'accuracy': 1.0}
train: {'epoch': 268, 'eta': 16.0037, 'loss': 1.2677, 'lr': 0.0025, 'params': 632328, 'time_iter': 0.098, 'accuracy': 1.0}
train: {'epoch': 269, 'eta': 15.8735, 'loss': 1.2679, 'lr': 0.0024, 'params': 632328, 'time_iter': 0.1055, 'accuracy': 1.0}
train: {'epoch': 270, 'eta': 15.7431, 'loss': 1.2678, 'lr': 0.0024, 'params': 632328, 'time_iter': 0.1047, 'accuracy': 1.0}
train: {'epoch': 271, 'eta': 15.6176, 'loss': 1.2676, 'lr': 0.0024, 'params': 632328, 'time_iter': 0.1147, 'accuracy': 1.0}
train: {'epoch': 272, 'eta': 15.4862, 'loss': 1.2674, 'lr': 0.0023, 'params': 632328, 'time_iter': 0.1018, 'accuracy': 1.0}
train: {'epoch': 273, 'eta': 15.3597, 'loss': 1.2675, 'lr': 0.0023, 'params': 632328, 'time_iter': 0.112, 'accuracy': 1.0}
train: {'epoch': 274, 'eta': 15.2373, 'loss': 1.2674, 'lr': 0.0023, 'params': 632328, 'time_iter': 0.1208, 'accuracy': 1.0}
train: {'epoch': 275, 'eta': 15.1071, 'loss': 1.2672, 'lr': 0.0022, 'params': 632328, 'time_iter': 0.1033, 'accuracy': 1.0}
train: {'epoch': 276, 'eta': 14.9795, 'loss': 1.2672, 'lr': 0.0022, 'params': 632328, 'time_iter': 0.109, 'accuracy': 1.0}
train: {'epoch': 277, 'eta': 14.8485, 'loss': 1.2672, 'lr': 0.0022, 'params': 632328, 'time_iter': 0.1007, 'accuracy': 1.0}
train: {'epoch': 278, 'eta': 14.7217, 'loss': 1.2671, 'lr': 0.0021, 'params': 632328, 'time_iter': 0.1101, 'accuracy': 1.0}
train: {'epoch': 279, 'eta': 14.5876, 'loss': 1.2669, 'lr': 0.0021, 'params': 632328, 'time_iter': 0.0925, 'accuracy': 1.0}
val: {'epoch': 279, 'loss': 1.6071, 'lr': 0, 'params': 632328, 'time_iter': 0.0552, 'accuracy': 0.8856}
train: {'epoch': 280, 'eta': 14.4885, 'loss': 1.2669, 'lr': 0.0021, 'params': 632328, 'time_iter': 0.1747, 'accuracy': 1.0}
train: {'epoch': 281, 'eta': 14.3705, 'loss': 1.2669, 'lr': 0.002, 'params': 632328, 'time_iter': 0.1308, 'accuracy': 1.0}
train: {'epoch': 282, 'eta': 14.2521, 'loss': 1.2668, 'lr': 0.002, 'params': 632328, 'time_iter': 0.1299, 'accuracy': 1.0}
train: {'epoch': 283, 'eta': 14.1271, 'loss': 1.2668, 'lr': 0.002, 'params': 632328, 'time_iter': 0.1141, 'accuracy': 1.0}
train: {'epoch': 284, 'eta': 14.0039, 'loss': 1.2667, 'lr': 0.0019, 'params': 632328, 'time_iter': 0.1182, 'accuracy': 1.0}
train: {'epoch': 285, 'eta': 13.8819, 'loss': 1.2667, 'lr': 0.0019, 'params': 632328, 'time_iter': 0.1212, 'accuracy': 1.0}
train: {'epoch': 286, 'eta': 13.7632, 'loss': 1.2666, 'lr': 0.0019, 'params': 632328, 'time_iter': 0.1297, 'accuracy': 1.0}
train: {'epoch': 287, 'eta': 13.637, 'loss': 1.2666, 'lr': 0.0018, 'params': 632328, 'time_iter': 0.1103, 'accuracy': 1.0}
train: {'epoch': 288, 'eta': 13.5257, 'loss': 1.2666, 'lr': 0.0018, 'params': 632328, 'time_iter': 0.149, 'accuracy': 1.0}
train: {'epoch': 289, 'eta': 13.4201, 'loss': 1.2666, 'lr': 0.0018, 'params': 632328, 'time_iter': 0.1649, 'accuracy': 1.0}
train: {'epoch': 290, 'eta': 13.3386, 'loss': 1.2665, 'lr': 0.0018, 'params': 632328, 'time_iter': 0.23, 'accuracy': 1.0}
train: {'epoch': 291, 'eta': 13.2378, 'loss': 1.2665, 'lr': 0.0017, 'params': 632328, 'time_iter': 0.1807, 'accuracy': 1.0}
train: {'epoch': 292, 'eta': 13.1341, 'loss': 1.2665, 'lr': 0.0017, 'params': 632328, 'time_iter': 0.1744, 'accuracy': 1.0}
train: {'epoch': 293, 'eta': 13.0312, 'loss': 1.2664, 'lr': 0.0017, 'params': 632328, 'time_iter': 0.1778, 'accuracy': 1.0}
train: {'epoch': 294, 'eta': 12.9041, 'loss': 1.2664, 'lr': 0.0016, 'params': 632328, 'time_iter': 0.111, 'accuracy': 1.0}
train: {'epoch': 295, 'eta': 12.7822, 'loss': 1.2664, 'lr': 0.0016, 'params': 632328, 'time_iter': 0.126, 'accuracy': 1.0}
train: {'epoch': 296, 'eta': 12.6568, 'loss': 1.2663, 'lr': 0.0016, 'params': 632328, 'time_iter': 0.1156, 'accuracy': 1.0}
train: {'epoch': 297, 'eta': 12.532, 'loss': 1.2663, 'lr': 0.0015, 'params': 632328, 'time_iter': 0.1172, 'accuracy': 1.0}
train: {'epoch': 298, 'eta': 12.4029, 'loss': 1.2663, 'lr': 0.0015, 'params': 632328, 'time_iter': 0.1044, 'accuracy': 1.0}
train: {'epoch': 299, 'eta': 12.2838, 'loss': 1.2663, 'lr': 0.0015, 'params': 632328, 'time_iter': 0.134, 'accuracy': 1.0}
val: {'epoch': 299, 'loss': 1.6065, 'lr': 0, 'params': 632328, 'time_iter': 0.044, 'accuracy': 0.8875}
train: {'epoch': 300, 'eta': 12.1615, 'loss': 1.2662, 'lr': 0.0015, 'params': 632328, 'time_iter': 0.1246, 'accuracy': 1.0}
train: {'epoch': 301, 'eta': 12.0366, 'loss': 1.2662, 'lr': 0.0014, 'params': 632328, 'time_iter': 0.1165, 'accuracy': 1.0}
train: {'epoch': 302, 'eta': 11.9079, 'loss': 1.2662, 'lr': 0.0014, 'params': 632328, 'time_iter': 0.1043, 'accuracy': 1.0}
train: {'epoch': 303, 'eta': 11.7772, 'loss': 1.2662, 'lr': 0.0014, 'params': 632328, 'time_iter': 0.0977, 'accuracy': 1.0}
train: {'epoch': 304, 'eta': 11.6542, 'loss': 1.2662, 'lr': 0.0014, 'params': 632328, 'time_iter': 0.1215, 'accuracy': 1.0}
train: {'epoch': 305, 'eta': 11.527, 'loss': 1.2661, 'lr': 0.0013, 'params': 632328, 'time_iter': 0.1081, 'accuracy': 1.0}
train: {'epoch': 306, 'eta': 11.3987, 'loss': 1.2661, 'lr': 0.0013, 'params': 632328, 'time_iter': 0.1039, 'accuracy': 1.0}
train: {'epoch': 307, 'eta': 11.2711, 'loss': 1.2661, 'lr': 0.0013, 'params': 632328, 'time_iter': 0.1054, 'accuracy': 1.0}
train: {'epoch': 308, 'eta': 11.1433, 'loss': 1.2661, 'lr': 0.0012, 'params': 632328, 'time_iter': 0.1046, 'accuracy': 1.0}
train: {'epoch': 309, 'eta': 11.0147, 'loss': 1.2661, 'lr': 0.0012, 'params': 632328, 'time_iter': 0.1014, 'accuracy': 1.0}
train: {'epoch': 310, 'eta': 10.8879, 'loss': 1.2661, 'lr': 0.0012, 'params': 632328, 'time_iter': 0.1071, 'accuracy': 1.0}
train: {'epoch': 311, 'eta': 10.7583, 'loss': 1.266, 'lr': 0.0012, 'params': 632328, 'time_iter': 0.0964, 'accuracy': 1.0}
train: {'epoch': 312, 'eta': 10.6315, 'loss': 1.266, 'lr': 0.0011, 'params': 632328, 'time_iter': 0.106, 'accuracy': 1.0}
train: {'epoch': 313, 'eta': 10.503, 'loss': 1.266, 'lr': 0.0011, 'params': 632328, 'time_iter': 0.099, 'accuracy': 1.0}
train: {'epoch': 314, 'eta': 10.3786, 'loss': 1.266, 'lr': 0.0011, 'params': 632328, 'time_iter': 0.1139, 'accuracy': 1.0}
train: {'epoch': 315, 'eta': 10.2489, 'loss': 1.266, 'lr': 0.0011, 'params': 632328, 'time_iter': 0.0935, 'accuracy': 1.0}
train: {'epoch': 316, 'eta': 10.1229, 'loss': 1.266, 'lr': 0.001, 'params': 632328, 'time_iter': 0.1067, 'accuracy': 1.0}
train: {'epoch': 317, 'eta': 9.995, 'loss': 1.266, 'lr': 0.001, 'params': 632328, 'time_iter': 0.099, 'accuracy': 1.0}
train: {'epoch': 318, 'eta': 9.8717, 'loss': 1.2659, 'lr': 0.001, 'params': 632328, 'time_iter': 0.1163, 'accuracy': 1.0}
train: {'epoch': 319, 'eta': 9.743, 'loss': 1.2659, 'lr': 0.001, 'params': 632328, 'time_iter': 0.0946, 'accuracy': 1.0}
val: {'epoch': 319, 'loss': 1.6052, 'lr': 0, 'params': 632328, 'time_iter': 0.0402, 'accuracy': 0.8893}
train: {'epoch': 320, 'eta': 9.6202, 'loss': 1.2659, 'lr': 0.001, 'params': 632328, 'time_iter': 0.1177, 'accuracy': 1.0}
train: {'epoch': 321, 'eta': 9.4916, 'loss': 1.2659, 'lr': 0.0009, 'params': 632328, 'time_iter': 0.0935, 'accuracy': 1.0}
train: {'epoch': 322, 'eta': 9.3683, 'loss': 1.2659, 'lr': 0.0009, 'params': 632328, 'time_iter': 0.1149, 'accuracy': 1.0}
train: {'epoch': 323, 'eta': 9.2467, 'loss': 1.2659, 'lr': 0.0009, 'params': 632328, 'time_iter': 0.1222, 'accuracy': 1.0}
train: {'epoch': 324, 'eta': 9.1274, 'loss': 1.2659, 'lr': 0.0009, 'params': 632328, 'time_iter': 0.1318, 'accuracy': 1.0}
train: {'epoch': 325, 'eta': 9.0088, 'loss': 1.2659, 'lr': 0.0008, 'params': 632328, 'time_iter': 0.1354, 'accuracy': 1.0}
train: {'epoch': 326, 'eta': 8.8838, 'loss': 1.2658, 'lr': 0.0008, 'params': 632328, 'time_iter': 0.1071, 'accuracy': 1.0}
train: {'epoch': 327, 'eta': 8.7639, 'loss': 1.2658, 'lr': 0.0008, 'params': 632328, 'time_iter': 0.1297, 'accuracy': 1.0}
train: {'epoch': 328, 'eta': 8.642, 'loss': 1.2658, 'lr': 0.0008, 'params': 632328, 'time_iter': 0.1209, 'accuracy': 1.0}
train: {'epoch': 329, 'eta': 8.5187, 'loss': 1.2658, 'lr': 0.0008, 'params': 632328, 'time_iter': 0.1143, 'accuracy': 1.0}
train: {'epoch': 330, 'eta': 8.3967, 'loss': 1.2658, 'lr': 0.0007, 'params': 632328, 'time_iter': 0.1205, 'accuracy': 1.0}
train: {'epoch': 331, 'eta': 8.2737, 'loss': 1.2658, 'lr': 0.0007, 'params': 632328, 'time_iter': 0.115, 'accuracy': 1.0}
train: {'epoch': 332, 'eta': 8.1498, 'loss': 1.2658, 'lr': 0.0007, 'params': 632328, 'time_iter': 0.1108, 'accuracy': 1.0}
train: {'epoch': 333, 'eta': 8.0274, 'loss': 1.2658, 'lr': 0.0007, 'params': 632328, 'time_iter': 0.1175, 'accuracy': 1.0}
train: {'epoch': 334, 'eta': 7.902, 'loss': 1.2658, 'lr': 0.0007, 'params': 632328, 'time_iter': 0.1026, 'accuracy': 1.0}
train: {'epoch': 335, 'eta': 7.7802, 'loss': 1.2658, 'lr': 0.0006, 'params': 632328, 'time_iter': 0.1199, 'accuracy': 1.0}
train: {'epoch': 336, 'eta': 7.6554, 'loss': 1.2658, 'lr': 0.0006, 'params': 632328, 'time_iter': 0.1048, 'accuracy': 1.0}
train: {'epoch': 337, 'eta': 7.5469, 'loss': 1.2658, 'lr': 0.0006, 'params': 632328, 'time_iter': 0.1923, 'accuracy': 1.0}
train: {'epoch': 338, 'eta': 7.4279, 'loss': 1.2657, 'lr': 0.0006, 'params': 632328, 'time_iter': 0.1367, 'accuracy': 1.0}
train: {'epoch': 339, 'eta': 7.3033, 'loss': 1.2657, 'lr': 0.0006, 'params': 632328, 'time_iter': 0.1061, 'accuracy': 1.0}
val: {'epoch': 339, 'loss': 1.6038, 'lr': 0, 'params': 632328, 'time_iter': 0.0523, 'accuracy': 0.893}
train: {'epoch': 340, 'eta': 7.1831, 'loss': 1.2657, 'lr': 0.0005, 'params': 632328, 'time_iter': 0.1304, 'accuracy': 1.0}
train: {'epoch': 341, 'eta': 7.0568, 'loss': 1.2657, 'lr': 0.0005, 'params': 632328, 'time_iter': 0.0948, 'accuracy': 1.0}
train: {'epoch': 342, 'eta': 6.9339, 'loss': 1.2657, 'lr': 0.0005, 'params': 632328, 'time_iter': 0.1142, 'accuracy': 1.0}
train: {'epoch': 343, 'eta': 6.8083, 'loss': 1.2657, 'lr': 0.0005, 'params': 632328, 'time_iter': 0.0972, 'accuracy': 1.0}
train: {'epoch': 344, 'eta': 6.6836, 'loss': 1.2657, 'lr': 0.0005, 'params': 632328, 'time_iter': 0.1019, 'accuracy': 1.0}
train: {'epoch': 345, 'eta': 6.5595, 'loss': 1.2657, 'lr': 0.0005, 'params': 632328, 'time_iter': 0.1048, 'accuracy': 1.0}
train: {'epoch': 346, 'eta': 6.4361, 'loss': 1.2657, 'lr': 0.0004, 'params': 632328, 'time_iter': 0.1089, 'accuracy': 1.0}
train: {'epoch': 347, 'eta': 6.313, 'loss': 1.2657, 'lr': 0.0004, 'params': 632328, 'time_iter': 0.1106, 'accuracy': 1.0}
train: {'epoch': 348, 'eta': 6.1885, 'loss': 1.2657, 'lr': 0.0004, 'params': 632328, 'time_iter': 0.1002, 'accuracy': 1.0}
train: {'epoch': 349, 'eta': 6.0656, 'loss': 1.2657, 'lr': 0.0004, 'params': 632328, 'time_iter': 0.1103, 'accuracy': 1.0}
train: {'epoch': 350, 'eta': 5.9413, 'loss': 1.2657, 'lr': 0.0004, 'params': 632328, 'time_iter': 0.1002, 'accuracy': 1.0}
train: {'epoch': 351, 'eta': 5.8193, 'loss': 1.2657, 'lr': 0.0004, 'params': 632328, 'time_iter': 0.1153, 'accuracy': 1.0}
train: {'epoch': 352, 'eta': 5.6948, 'loss': 1.2657, 'lr': 0.0004, 'params': 632328, 'time_iter': 0.0974, 'accuracy': 1.0}
train: {'epoch': 353, 'eta': 5.5713, 'loss': 1.2657, 'lr': 0.0003, 'params': 632328, 'time_iter': 0.1028, 'accuracy': 1.0}
train: {'epoch': 354, 'eta': 5.4477, 'loss': 1.2657, 'lr': 0.0003, 'params': 632328, 'time_iter': 0.1012, 'accuracy': 1.0}
train: {'epoch': 355, 'eta': 5.3253, 'loss': 1.2657, 'lr': 0.0003, 'params': 632328, 'time_iter': 0.111, 'accuracy': 1.0}
train: {'epoch': 356, 'eta': 5.2018, 'loss': 1.2657, 'lr': 0.0003, 'params': 632328, 'time_iter': 0.1, 'accuracy': 1.0}
train: {'epoch': 357, 'eta': 5.0803, 'loss': 1.2657, 'lr': 0.0003, 'params': 632328, 'time_iter': 0.1167, 'accuracy': 1.0}
train: {'epoch': 358, 'eta': 4.9567, 'loss': 1.2657, 'lr': 0.0003, 'params': 632328, 'time_iter': 0.0973, 'accuracy': 1.0}
train: {'epoch': 359, 'eta': 4.834, 'loss': 1.2657, 'lr': 0.0003, 'params': 632328, 'time_iter': 0.1053, 'accuracy': 1.0}
val: {'epoch': 359, 'loss': 1.6032, 'lr': 0, 'params': 632328, 'time_iter': 0.044, 'accuracy': 0.893}
train: {'epoch': 360, 'eta': 4.7126, 'loss': 1.2656, 'lr': 0.0002, 'params': 632328, 'time_iter': 0.1155, 'accuracy': 1.0}
train: {'epoch': 361, 'eta': 4.5895, 'loss': 1.2656, 'lr': 0.0002, 'params': 632328, 'time_iter': 0.099, 'accuracy': 1.0}
train: {'epoch': 362, 'eta': 4.4667, 'loss': 1.2656, 'lr': 0.0002, 'params': 632328, 'time_iter': 0.101, 'accuracy': 1.0}
train: {'epoch': 363, 'eta': 4.3436, 'loss': 1.2656, 'lr': 0.0002, 'params': 632328, 'time_iter': 0.0969, 'accuracy': 1.0}
train: {'epoch': 364, 'eta': 4.2213, 'loss': 1.2656, 'lr': 0.0002, 'params': 632328, 'time_iter': 0.1035, 'accuracy': 1.0}
train: {'epoch': 365, 'eta': 4.0994, 'loss': 1.2656, 'lr': 0.0002, 'params': 632328, 'time_iter': 0.1067, 'accuracy': 1.0}
train: {'epoch': 366, 'eta': 3.9779, 'loss': 1.2656, 'lr': 0.0002, 'params': 632328, 'time_iter': 0.1104, 'accuracy': 1.0}
train: {'epoch': 367, 'eta': 3.8558, 'loss': 1.2656, 'lr': 0.0002, 'params': 632328, 'time_iter': 0.1023, 'accuracy': 1.0}
train: {'epoch': 368, 'eta': 3.7334, 'loss': 1.2656, 'lr': 0.0002, 'params': 632328, 'time_iter': 0.0982, 'accuracy': 1.0}
train: {'epoch': 369, 'eta': 3.6135, 'loss': 1.2656, 'lr': 0.0001, 'params': 632328, 'time_iter': 0.1268, 'accuracy': 1.0}
train: {'epoch': 370, 'eta': 3.492, 'loss': 1.2656, 'lr': 0.0001, 'params': 632328, 'time_iter': 0.1066, 'accuracy': 1.0}
train: {'epoch': 371, 'eta': 3.3726, 'loss': 1.2656, 'lr': 0.0001, 'params': 632328, 'time_iter': 0.1348, 'accuracy': 1.0}
train: {'epoch': 372, 'eta': 3.2613, 'loss': 1.2656, 'lr': 0.0001, 'params': 632328, 'time_iter': 0.2464, 'accuracy': 1.0}
train: {'epoch': 373, 'eta': 3.1468, 'loss': 1.2656, 'lr': 0.0001, 'params': 632328, 'time_iter': 0.2109, 'accuracy': 1.0}
train: {'epoch': 374, 'eta': 3.0291, 'loss': 1.2656, 'lr': 0.0001, 'params': 632328, 'time_iter': 0.1707, 'accuracy': 1.0}
train: {'epoch': 375, 'eta': 2.9115, 'loss': 1.2656, 'lr': 0.0001, 'params': 632328, 'time_iter': 0.177, 'accuracy': 1.0}
train: {'epoch': 376, 'eta': 2.7903, 'loss': 1.2656, 'lr': 0.0001, 'params': 632328, 'time_iter': 0.124, 'accuracy': 1.0}
train: {'epoch': 377, 'eta': 2.6682, 'loss': 1.2656, 'lr': 0.0001, 'params': 632328, 'time_iter': 0.107, 'accuracy': 1.0}
train: {'epoch': 378, 'eta': 2.5459, 'loss': 1.2656, 'lr': 0.0001, 'params': 632328, 'time_iter': 0.1034, 'accuracy': 1.0}
train: {'epoch': 379, 'eta': 2.4246, 'loss': 1.2656, 'lr': 0.0001, 'params': 632328, 'time_iter': 0.1194, 'accuracy': 1.0}
val: {'epoch': 379, 'loss': 1.6029, 'lr': 0, 'params': 632328, 'time_iter': 0.0403, 'accuracy': 0.8893}
train: {'epoch': 380, 'eta': 2.3022, 'loss': 1.2656, 'lr': 0.0001, 'params': 632328, 'time_iter': 0.0981, 'accuracy': 1.0}
train: {'epoch': 381, 'eta': 2.1818, 'loss': 1.2656, 'lr': 0.0001, 'params': 632328, 'time_iter': 0.1372, 'accuracy': 1.0}
train: {'epoch': 382, 'eta': 2.0599, 'loss': 1.2656, 'lr': 0.0, 'params': 632328, 'time_iter': 0.1051, 'accuracy': 1.0}
train: {'epoch': 383, 'eta': 1.9383, 'loss': 1.2656, 'lr': 0.0, 'params': 632328, 'time_iter': 0.1124, 'accuracy': 1.0}
train: {'epoch': 384, 'eta': 1.8165, 'loss': 1.2656, 'lr': 0.0, 'params': 632328, 'time_iter': 0.105, 'accuracy': 1.0}
train: {'epoch': 385, 'eta': 1.6948, 'loss': 1.2656, 'lr': 0.0, 'params': 632328, 'time_iter': 0.1033, 'accuracy': 1.0}
train: {'epoch': 386, 'eta': 1.573, 'loss': 1.2656, 'lr': 0.0, 'params': 632328, 'time_iter': 0.098, 'accuracy': 1.0}
train: {'epoch': 387, 'eta': 1.4519, 'loss': 1.2656, 'lr': 0.0, 'params': 632328, 'time_iter': 0.1195, 'accuracy': 1.0}
train: {'epoch': 388, 'eta': 1.3302, 'loss': 1.2656, 'lr': 0.0, 'params': 632328, 'time_iter': 0.0947, 'accuracy': 1.0}
train: {'epoch': 389, 'eta': 1.209, 'loss': 1.2656, 'lr': 0.0, 'params': 632328, 'time_iter': 0.1091, 'accuracy': 1.0}
train: {'epoch': 390, 'eta': 1.0877, 'loss': 1.2656, 'lr': 0.0, 'params': 632328, 'time_iter': 0.1052, 'accuracy': 1.0}
train: {'epoch': 391, 'eta': 0.9668, 'loss': 1.2656, 'lr': 0.0, 'params': 632328, 'time_iter': 0.1181, 'accuracy': 1.0}
train: {'epoch': 392, 'eta': 0.8472, 'loss': 1.2656, 'lr': 0.0, 'params': 632328, 'time_iter': 0.1939, 'accuracy': 1.0}
train: {'epoch': 393, 'eta': 0.7262, 'loss': 1.2656, 'lr': 0.0, 'params': 632328, 'time_iter': 0.1181, 'accuracy': 1.0}
train: {'epoch': 394, 'eta': 0.6051, 'loss': 1.2656, 'lr': 0.0, 'params': 632328, 'time_iter': 0.1217, 'accuracy': 1.0}
train: {'epoch': 395, 'eta': 0.4841, 'loss': 1.2656, 'lr': 0.0, 'params': 632328, 'time_iter': 0.1194, 'accuracy': 1.0}
train: {'epoch': 396, 'eta': 0.363, 'loss': 1.2656, 'lr': 0.0, 'params': 632328, 'time_iter': 0.1051, 'accuracy': 1.0}
train: {'epoch': 397, 'eta': 0.2419, 'loss': 1.2656, 'lr': 0.0, 'params': 632328, 'time_iter': 0.1033, 'accuracy': 1.0}
train: {'epoch': 398, 'eta': 0.1209, 'loss': 1.2656, 'lr': 0.0, 'params': 632328, 'time_iter': 0.0993, 'accuracy': 1.0}
train: {'epoch': 399, 'eta': 0.0, 'loss': 1.2656, 'lr': 0.0, 'params': 632328, 'time_iter': 0.1021, 'accuracy': 1.0}
val: {'epoch': 399, 'loss': 1.6027, 'lr': 0, 'params': 632328, 'time_iter': 0.0498, 'accuracy': 0.8893}
Task done, results saved in results/example_noneq_5
