Load: 0.08349s, Before split: 0.000387s, Split: 0.000427s, After split: 0.001336s
GNN(
  (preprocess): Preprocess(
    node_feature: dim_out=1433
    Total: dim_out=1433
  )
  (pre_mp): GeneralMultiLayer(
    (Layer_0): GeneralLayer(
      (layer): Linear(
        (model): Linear(in_features=1433, out_features=256, bias=False)
      )
      (post_layer): Sequential(
        (0): BatchNorm1d(256, eps=1e-05, momentum=0.1, affine=True, track_running_stats=True)
        (1): PReLU(num_parameters=1)
      )
    )
  )
  (mp): GNNStackStage(
    (layer0): GeneralLayer(
      (layer): GeneralConv(
        (model): GeneralConvLayer(256, 256)
      )
      (post_layer): Sequential(
        (0): BatchNorm1d(256, eps=1e-05, momentum=0.1, affine=True, track_running_stats=True)
        (1): PReLU(num_parameters=1)
      )
    )
    (layer1): GeneralLayer(
      (layer): GeneralConv(
        (model): GeneralConvLayer(256, 256)
      )
      (post_layer): Sequential(
        (0): BatchNorm1d(256, eps=1e-05, momentum=0.1, affine=True, track_running_stats=True)
        (1): PReLU(num_parameters=1)
      )
    )
  )
  (post_mp): GNNNodeHead(
    (layer_post_mp): MLP(
      (model): Sequential(
        (0): Linear(
          (model): Linear(in_features=256, out_features=7, bias=True)
        )
      )
    )
  )
)
bn:
  eps: 1e-05
  mom: 0.1
cfg_dest: config.yaml
custom_metrics: []
dataset:
  augment_feature: []
  augment_feature_dims: []
  augment_feature_repr: position
  augment_label: 
  augment_label_dims: 0
  cache_load: False
  cache_save: False
  dir: ./datasets
  edge_dim: 128
  edge_encoder: False
  edge_encoder_bn: True
  edge_encoder_name: Bond
  edge_message_ratio: 0.8
  edge_negative_sampling_ratio: 1.0
  edge_train_mode: all
  encoder: True
  encoder_bn: True
  encoder_dim: 128
  encoder_name: db
  format: PyG
  label_column: none
  label_table: none
  location: local
  name: Cora
  node_encoder: False
  node_encoder_bn: True
  node_encoder_name: Atom
  remove_feature: False
  resample_disjoint: False
  resample_negative: False
  shuffle_split: True
  split: [0.8, 0.2]
  split_mode: random
  task: node
  task_type: classification
  to_undirected: False
  transductive: True
  transform: none
  tu_simple: True
device: cpu
example_arg: example
example_group:
  example_arg: example
gnn:
  act: prelu
  agg: add
  att_final_linear: False
  att_final_linear_bn: False
  att_heads: 1
  batchnorm: True
  clear_feature: True
  dim_inner: 256
  dropout: 0.0
  flow: source_to_target
  head: node
  keep_edge: 0.5
  l2norm: True
  layer_type: generalconv
  layers_mp: 2
  layers_post_mp: 1
  layers_pre_mp: 1
  msg_direction: single
  normalize_adj: False
  self_msg: concat
  skip_every: 1
  stage_type: stack
gpu_mem: False
mem:
  inplace: False
metric_agg: argmax
metric_best: auto
model:
  edge_decoding: dot
  graph_pooling: add
  loss_fun: cross_entropy
  match_upper: True
  size_average: mean
  thresh: 0.5
  type: gnn
num_threads: 6
num_workers: 0
optim:
  base_lr: 0.01
  lr_decay: 0.1
  max_epoch: 400
  momentum: 0.9
  optimizer: adam
  scheduler: cos
  steps: [30, 60, 90]
  weight_decay: 0.0005
out_dir: results/example_noneq
params: 632328
print: both
round: 4
run_dir: results/example_noneq/2
seed: 3
share:
  dim_in: 1433
  dim_out: 7
  num_splits: 2
tensorboard_agg: True
tensorboard_each_run: False
train:
  auto_resume: False
  batch_size: 32
  ckpt_clean: True
  ckpt_period: 100
  enable_ckpt: True
  energy_alpha: 0.5
  energy_beta: 2.0
  energy_reg: True
  epoch_resume: -1
  eval_period: 20
  iter_per_epoch: 32
  mode: standard
  neighbor_sizes: [20, 15, 10, 5]
  node_per_graph: 32
  radius: extend
  sample_node: False
  sampler: full_batch
  skip_train_eval: False
  walk_length: 4
val:
  node_per_graph: 32
  radius: extend
  sample_node: False
  sampler: full_batch
view_emb: False
Num parameters: 632328
Start from epoch 0
train: {'epoch': 0, 'eta': 62.7922, 'loss': 4.0978, 'lr': 0.01, 'params': 632328, 'time_iter': 0.1574, 'accuracy': 0.2027}
val: {'epoch': 0, 'loss': 2.5501, 'lr': 0, 'params': 632328, 'time_iter': 0.0481, 'accuracy': 0.1956}
train: {'epoch': 1, 'eta': 60.5095, 'loss': 3.3325, 'lr': 0.01, 'params': 632328, 'time_iter': 0.1467, 'accuracy': 0.4732}
train: {'epoch': 2, 'eta': 60.1288, 'loss': 2.909, 'lr': 0.01, 'params': 632328, 'time_iter': 0.1503, 'accuracy': 0.596}
train: {'epoch': 3, 'eta': 60.4814, 'loss': 2.6245, 'lr': 0.01, 'params': 632328, 'time_iter': 0.1565, 'accuracy': 0.6122}
train: {'epoch': 4, 'eta': 57.5949, 'loss': 2.4243, 'lr': 0.01, 'params': 632328, 'time_iter': 0.1181, 'accuracy': 0.608}
train: {'epoch': 5, 'eta': 58.1759, 'loss': 2.2753, 'lr': 0.01, 'params': 632328, 'time_iter': 0.1569, 'accuracy': 0.6357}
train: {'epoch': 6, 'eta': 58.24, 'loss': 2.1431, 'lr': 0.01, 'params': 632328, 'time_iter': 0.1514, 'accuracy': 0.651}
train: {'epoch': 7, 'eta': 57.7282, 'loss': 2.0321, 'lr': 0.01, 'params': 632328, 'time_iter': 0.1408, 'accuracy': 0.6861}
train: {'epoch': 8, 'eta': 56.6387, 'loss': 1.929, 'lr': 0.01, 'params': 632328, 'time_iter': 0.1256, 'accuracy': 0.729}
train: {'epoch': 9, 'eta': 56.6241, 'loss': 1.83, 'lr': 0.01, 'params': 632328, 'time_iter': 0.1482, 'accuracy': 0.7415}
train: {'epoch': 10, 'eta': 54.8135, 'loss': 1.7407, 'lr': 0.01, 'params': 632328, 'time_iter': 0.0981, 'accuracy': 0.7761}
train: {'epoch': 11, 'eta': 56.4834, 'loss': 1.6702, 'lr': 0.01, 'params': 632328, 'time_iter': 0.1969, 'accuracy': 0.801}
train: {'epoch': 12, 'eta': 55.0162, 'loss': 1.6018, 'lr': 0.01, 'params': 632328, 'time_iter': 0.1012, 'accuracy': 0.807}
train: {'epoch': 13, 'eta': 54.7199, 'loss': 1.5424, 'lr': 0.01, 'params': 632328, 'time_iter': 0.1366, 'accuracy': 0.8264}
train: {'epoch': 14, 'eta': 54.6561, 'loss': 1.4877, 'lr': 0.01, 'params': 632328, 'time_iter': 0.1448, 'accuracy': 0.8463}
train: {'epoch': 15, 'eta': 53.7229, 'loss': 1.434, 'lr': 0.01, 'params': 632328, 'time_iter': 0.109, 'accuracy': 0.855}
train: {'epoch': 16, 'eta': 53.693, 'loss': 1.3879, 'lr': 0.01, 'params': 632328, 'time_iter': 0.1448, 'accuracy': 0.8712}
train: {'epoch': 17, 'eta': 52.687, 'loss': 1.3449, 'lr': 0.01, 'params': 632328, 'time_iter': 0.0994, 'accuracy': 0.8841}
train: {'epoch': 18, 'eta': 52.1336, 'loss': 1.3051, 'lr': 0.01, 'params': 632328, 'time_iter': 0.1172, 'accuracy': 0.8975}
train: {'epoch': 19, 'eta': 51.5395, 'loss': 1.2681, 'lr': 0.0099, 'params': 632328, 'time_iter': 0.1128, 'accuracy': 0.909}
val: {'epoch': 19, 'loss': 1.3511, 'lr': 0, 'params': 632328, 'time_iter': 0.0508, 'accuracy': 0.8524}
train: {'epoch': 20, 'eta': 50.8389, 'loss': 1.2337, 'lr': 0.0099, 'params': 632328, 'time_iter': 0.1043, 'accuracy': 0.9155}
train: {'epoch': 21, 'eta': 50.6625, 'loss': 1.2023, 'lr': 0.0099, 'params': 632328, 'time_iter': 0.1317, 'accuracy': 0.9197}
train: {'epoch': 22, 'eta': 50.6979, 'loss': 1.1728, 'lr': 0.0099, 'params': 632328, 'time_iter': 0.1444, 'accuracy': 0.9252}
train: {'epoch': 23, 'eta': 50.0385, 'loss': 1.1453, 'lr': 0.0099, 'params': 632328, 'time_iter': 0.101, 'accuracy': 0.928}
train: {'epoch': 24, 'eta': 50.0204, 'loss': 1.1197, 'lr': 0.0099, 'params': 632328, 'time_iter': 0.1407, 'accuracy': 0.9307}
train: {'epoch': 25, 'eta': 49.9977, 'loss': 1.0962, 'lr': 0.0099, 'params': 632328, 'time_iter': 0.1411, 'accuracy': 0.9331}
train: {'epoch': 26, 'eta': 50.2365, 'loss': 1.075, 'lr': 0.0099, 'params': 632328, 'time_iter': 0.1606, 'accuracy': 0.9344}
train: {'epoch': 27, 'eta': 50.1686, 'loss': 1.0549, 'lr': 0.0099, 'params': 632328, 'time_iter': 0.1397, 'accuracy': 0.9363}
train: {'epoch': 28, 'eta': 49.6427, 'loss': 1.0363, 'lr': 0.0099, 'params': 632328, 'time_iter': 0.1043, 'accuracy': 0.9391}
train: {'epoch': 29, 'eta': 49.3416, 'loss': 1.0192, 'lr': 0.0099, 'params': 632328, 'time_iter': 0.1202, 'accuracy': 0.9414}
train: {'epoch': 30, 'eta': 48.8924, 'loss': 1.0029, 'lr': 0.0099, 'params': 632328, 'time_iter': 0.1068, 'accuracy': 0.9437}
train: {'epoch': 31, 'eta': 48.6634, 'loss': 0.9881, 'lr': 0.0099, 'params': 632328, 'time_iter': 0.1241, 'accuracy': 0.9451}
train: {'epoch': 32, 'eta': 48.2095, 'loss': 0.9744, 'lr': 0.0098, 'params': 632328, 'time_iter': 0.1033, 'accuracy': 0.9469}
train: {'epoch': 33, 'eta': 48.1616, 'loss': 0.9611, 'lr': 0.0098, 'params': 632328, 'time_iter': 0.1391, 'accuracy': 0.9492}
train: {'epoch': 34, 'eta': 47.8554, 'loss': 0.9487, 'lr': 0.0098, 'params': 632328, 'time_iter': 0.1149, 'accuracy': 0.9529}
train: {'epoch': 35, 'eta': 47.5821, 'loss': 0.9373, 'lr': 0.0098, 'params': 632328, 'time_iter': 0.117, 'accuracy': 0.9529}
train: {'epoch': 36, 'eta': 47.4259, 'loss': 0.9297, 'lr': 0.0098, 'params': 632328, 'time_iter': 0.1281, 'accuracy': 0.9561}
train: {'epoch': 37, 'eta': 47.0846, 'loss': 0.9235, 'lr': 0.0098, 'params': 632328, 'time_iter': 0.1085, 'accuracy': 0.9538}
train: {'epoch': 38, 'eta': 46.8875, 'loss': 0.9047, 'lr': 0.0098, 'params': 632328, 'time_iter': 0.1228, 'accuracy': 0.9589}
train: {'epoch': 39, 'eta': 46.7302, 'loss': 0.9019, 'lr': 0.0098, 'params': 632328, 'time_iter': 0.1268, 'accuracy': 0.9617}
val: {'epoch': 39, 'loss': 1.1234, 'lr': 0, 'params': 632328, 'time_iter': 0.0724, 'accuracy': 0.869}
train: {'epoch': 40, 'eta': 46.577, 'loss': 0.8943, 'lr': 0.0098, 'params': 632328, 'time_iter': 0.1271, 'accuracy': 0.9571}
train: {'epoch': 41, 'eta': 46.4907, 'loss': 0.8784, 'lr': 0.0097, 'params': 632328, 'time_iter': 0.1348, 'accuracy': 0.9645}
train: {'epoch': 42, 'eta': 46.355, 'loss': 0.8764, 'lr': 0.0097, 'params': 632328, 'time_iter': 0.1292, 'accuracy': 0.9686}
train: {'epoch': 43, 'eta': 46.1935, 'loss': 0.8666, 'lr': 0.0097, 'params': 632328, 'time_iter': 0.1259, 'accuracy': 0.9626}
train: {'epoch': 44, 'eta': 46.1955, 'loss': 0.8595, 'lr': 0.0097, 'params': 632328, 'time_iter': 0.1465, 'accuracy': 0.9681}
train: {'epoch': 45, 'eta': 46.0407, 'loss': 0.8484, 'lr': 0.0097, 'params': 632328, 'time_iter': 0.1269, 'accuracy': 0.9723}
train: {'epoch': 46, 'eta': 45.8333, 'loss': 0.8413, 'lr': 0.0097, 'params': 632328, 'time_iter': 0.1197, 'accuracy': 0.9709}
train: {'epoch': 47, 'eta': 45.6813, 'loss': 0.8417, 'lr': 0.0097, 'params': 632328, 'time_iter': 0.1268, 'accuracy': 0.9728}
train: {'epoch': 48, 'eta': 45.4559, 'loss': 0.8425, 'lr': 0.0096, 'params': 632328, 'time_iter': 0.1164, 'accuracy': 0.9654}
train: {'epoch': 49, 'eta': 45.2224, 'loss': 0.8334, 'lr': 0.0096, 'params': 632328, 'time_iter': 0.1146, 'accuracy': 0.9705}
train: {'epoch': 50, 'eta': 44.9583, 'loss': 0.8247, 'lr': 0.0096, 'params': 632328, 'time_iter': 0.1095, 'accuracy': 0.9746}
train: {'epoch': 51, 'eta': 44.7383, 'loss': 0.8269, 'lr': 0.0096, 'params': 632328, 'time_iter': 0.1152, 'accuracy': 0.9723}
train: {'epoch': 52, 'eta': 44.4715, 'loss': 0.815, 'lr': 0.0096, 'params': 632328, 'time_iter': 0.1074, 'accuracy': 0.9732}
train: {'epoch': 53, 'eta': 44.2174, 'loss': 0.8072, 'lr': 0.0096, 'params': 632328, 'time_iter': 0.1085, 'accuracy': 0.9774}
train: {'epoch': 54, 'eta': 43.993, 'loss': 0.8079, 'lr': 0.0096, 'params': 632328, 'time_iter': 0.1124, 'accuracy': 0.9774}
train: {'epoch': 55, 'eta': 43.7975, 'loss': 0.7988, 'lr': 0.0095, 'params': 632328, 'time_iter': 0.1164, 'accuracy': 0.9829}
train: {'epoch': 56, 'eta': 43.5835, 'loss': 0.7981, 'lr': 0.0095, 'params': 632328, 'time_iter': 0.1129, 'accuracy': 0.9811}
train: {'epoch': 57, 'eta': 45.7822, 'loss': 0.7895, 'lr': 0.0095, 'params': 632328, 'time_iter': 0.5215, 'accuracy': 0.9825}
train: {'epoch': 58, 'eta': 45.7129, 'loss': 0.7888, 'lr': 0.0095, 'params': 632328, 'time_iter': 0.145, 'accuracy': 0.9857}
train: {'epoch': 59, 'eta': 45.5942, 'loss': 0.7805, 'lr': 0.0095, 'params': 632328, 'time_iter': 0.1368, 'accuracy': 0.9829}
val: {'epoch': 59, 'loss': 1.0784, 'lr': 0, 'params': 632328, 'time_iter': 0.0415, 'accuracy': 0.8635}
train: {'epoch': 60, 'eta': 45.6094, 'loss': 0.7808, 'lr': 0.0095, 'params': 632328, 'time_iter': 0.161, 'accuracy': 0.9834}
train: {'epoch': 61, 'eta': 45.3404, 'loss': 0.7788, 'lr': 0.0094, 'params': 632328, 'time_iter': 0.1099, 'accuracy': 0.9852}
train: {'epoch': 62, 'eta': 45.1589, 'loss': 0.7824, 'lr': 0.0094, 'params': 632328, 'time_iter': 0.1253, 'accuracy': 0.9774}
train: {'epoch': 63, 'eta': 44.9191, 'loss': 0.7902, 'lr': 0.0094, 'params': 632328, 'time_iter': 0.1139, 'accuracy': 0.9751}
train: {'epoch': 64, 'eta': 44.7223, 'loss': 0.7927, 'lr': 0.0094, 'params': 632328, 'time_iter': 0.1214, 'accuracy': 0.9755}
train: {'epoch': 65, 'eta': 44.4571, 'loss': 0.8067, 'lr': 0.0094, 'params': 632328, 'time_iter': 0.1075, 'accuracy': 0.9792}
train: {'epoch': 66, 'eta': 44.2479, 'loss': 0.8666, 'lr': 0.0093, 'params': 632328, 'time_iter': 0.1178, 'accuracy': 0.9663}
train: {'epoch': 67, 'eta': 43.9696, 'loss': 0.8067, 'lr': 0.0093, 'params': 632328, 'time_iter': 0.1031, 'accuracy': 0.9741}
train: {'epoch': 68, 'eta': 43.823, 'loss': 0.7966, 'lr': 0.0093, 'params': 632328, 'time_iter': 0.1295, 'accuracy': 0.9788}
train: {'epoch': 69, 'eta': 43.5874, 'loss': 0.7924, 'lr': 0.0093, 'params': 632328, 'time_iter': 0.1105, 'accuracy': 0.9769}
train: {'epoch': 70, 'eta': 43.3738, 'loss': 0.7833, 'lr': 0.0093, 'params': 632328, 'time_iter': 0.1145, 'accuracy': 0.9801}
train: {'epoch': 71, 'eta': 43.3787, 'loss': 0.7749, 'lr': 0.0092, 'params': 632328, 'time_iter': 0.1619, 'accuracy': 0.9801}
train: {'epoch': 72, 'eta': 43.3342, 'loss': 0.7755, 'lr': 0.0092, 'params': 632328, 'time_iter': 0.1518, 'accuracy': 0.9801}
train: {'epoch': 73, 'eta': 43.3156, 'loss': 0.7702, 'lr': 0.0092, 'params': 632328, 'time_iter': 0.1584, 'accuracy': 0.9848}
train: {'epoch': 74, 'eta': 43.2562, 'loss': 0.7631, 'lr': 0.0092, 'params': 632328, 'time_iter': 0.1498, 'accuracy': 0.9889}
train: {'epoch': 75, 'eta': 43.2857, 'loss': 0.7574, 'lr': 0.0092, 'params': 632328, 'time_iter': 0.1712, 'accuracy': 0.9889}
train: {'epoch': 76, 'eta': 43.1889, 'loss': 0.7532, 'lr': 0.0091, 'params': 632328, 'time_iter': 0.1424, 'accuracy': 0.9866}
train: {'epoch': 77, 'eta': 43.0533, 'loss': 0.7492, 'lr': 0.0091, 'params': 632328, 'time_iter': 0.1332, 'accuracy': 0.988}
train: {'epoch': 78, 'eta': 42.975, 'loss': 0.7446, 'lr': 0.0091, 'params': 632328, 'time_iter': 0.1473, 'accuracy': 0.9903}
train: {'epoch': 79, 'eta': 42.8488, 'loss': 0.7423, 'lr': 0.0091, 'params': 632328, 'time_iter': 0.1358, 'accuracy': 0.9926}
val: {'epoch': 79, 'loss': 1.0561, 'lr': 0, 'params': 632328, 'time_iter': 0.0437, 'accuracy': 0.8764}
train: {'epoch': 80, 'eta': 42.7187, 'loss': 0.7401, 'lr': 0.009, 'params': 632328, 'time_iter': 0.1349, 'accuracy': 0.9931}
train: {'epoch': 81, 'eta': 42.5476, 'loss': 0.7354, 'lr': 0.009, 'params': 632328, 'time_iter': 0.1243, 'accuracy': 0.9931}
train: {'epoch': 82, 'eta': 42.3093, 'loss': 0.7322, 'lr': 0.009, 'params': 632328, 'time_iter': 0.1064, 'accuracy': 0.9931}
train: {'epoch': 83, 'eta': 42.1223, 'loss': 0.7291, 'lr': 0.009, 'params': 632328, 'time_iter': 0.1192, 'accuracy': 0.9935}
train: {'epoch': 84, 'eta': 41.9314, 'loss': 0.7271, 'lr': 0.009, 'params': 632328, 'time_iter': 0.1177, 'accuracy': 0.9949}
train: {'epoch': 85, 'eta': 41.6933, 'loss': 0.7246, 'lr': 0.0089, 'params': 632328, 'time_iter': 0.1043, 'accuracy': 0.9935}
train: {'epoch': 86, 'eta': 41.5016, 'loss': 0.722, 'lr': 0.0089, 'params': 632328, 'time_iter': 0.1164, 'accuracy': 0.994}
train: {'epoch': 87, 'eta': 41.3005, 'loss': 0.7198, 'lr': 0.0089, 'params': 632328, 'time_iter': 0.1133, 'accuracy': 0.9949}
train: {'epoch': 88, 'eta': 41.1084, 'loss': 0.7178, 'lr': 0.0089, 'params': 632328, 'time_iter': 0.1153, 'accuracy': 0.9945}
train: {'epoch': 89, 'eta': 40.9235, 'loss': 0.7155, 'lr': 0.0088, 'params': 632328, 'time_iter': 0.1169, 'accuracy': 0.9963}
train: {'epoch': 90, 'eta': 40.7348, 'loss': 0.7144, 'lr': 0.0088, 'params': 632328, 'time_iter': 0.1153, 'accuracy': 0.9972}
train: {'epoch': 91, 'eta': 40.661, 'loss': 0.7122, 'lr': 0.0088, 'params': 632328, 'time_iter': 0.1492, 'accuracy': 0.9968}
train: {'epoch': 92, 'eta': 40.4329, 'loss': 0.7113, 'lr': 0.0088, 'params': 632328, 'time_iter': 0.1029, 'accuracy': 0.9963}
train: {'epoch': 93, 'eta': 40.2782, 'loss': 0.715, 'lr': 0.0087, 'params': 632328, 'time_iter': 0.1246, 'accuracy': 0.9958}
train: {'epoch': 94, 'eta': 40.0952, 'loss': 0.7349, 'lr': 0.0087, 'params': 632328, 'time_iter': 0.1156, 'accuracy': 0.988}
train: {'epoch': 95, 'eta': 39.9278, 'loss': 0.7442, 'lr': 0.0087, 'params': 632328, 'time_iter': 0.1201, 'accuracy': 0.9889}
train: {'epoch': 96, 'eta': 39.7808, 'loss': 0.8134, 'lr': 0.0086, 'params': 632328, 'time_iter': 0.1263, 'accuracy': 0.9672}
train: {'epoch': 97, 'eta': 39.5944, 'loss': 0.7926, 'lr': 0.0086, 'params': 632328, 'time_iter': 0.1134, 'accuracy': 0.9663}
train: {'epoch': 98, 'eta': 39.5144, 'loss': 0.7779, 'lr': 0.0086, 'params': 632328, 'time_iter': 0.1479, 'accuracy': 0.9635}
train: {'epoch': 99, 'eta': 39.4372, 'loss': 0.7658, 'lr': 0.0086, 'params': 632328, 'time_iter': 0.1493, 'accuracy': 0.9783}
val: {'epoch': 99, 'loss': 1.1004, 'lr': 0, 'params': 632328, 'time_iter': 0.0774, 'accuracy': 0.8727}
train: {'epoch': 100, 'eta': 39.3114, 'loss': 0.7581, 'lr': 0.0085, 'params': 632328, 'time_iter': 0.1334, 'accuracy': 0.9801}
train: {'epoch': 101, 'eta': 39.1118, 'loss': 0.7467, 'lr': 0.0085, 'params': 632328, 'time_iter': 0.1082, 'accuracy': 0.9788}
train: {'epoch': 102, 'eta': 38.9455, 'loss': 0.7426, 'lr': 0.0085, 'params': 632328, 'time_iter': 0.1191, 'accuracy': 0.9829}
train: {'epoch': 103, 'eta': 39.1105, 'loss': 0.738, 'lr': 0.0085, 'params': 632328, 'time_iter': 0.2352, 'accuracy': 0.9861}
train: {'epoch': 104, 'eta': 39.1667, 'loss': 0.7309, 'lr': 0.0084, 'params': 632328, 'time_iter': 0.1992, 'accuracy': 0.9903}
train: {'epoch': 105, 'eta': 39.2233, 'loss': 0.727, 'lr': 0.0084, 'params': 632328, 'time_iter': 0.201, 'accuracy': 0.9926}
train: {'epoch': 106, 'eta': 39.1544, 'loss': 0.7235, 'lr': 0.0084, 'params': 632328, 'time_iter': 0.157, 'accuracy': 0.9931}
train: {'epoch': 107, 'eta': 38.9863, 'loss': 0.7179, 'lr': 0.0083, 'params': 632328, 'time_iter': 0.1209, 'accuracy': 0.9931}
train: {'epoch': 108, 'eta': 38.8269, 'loss': 0.7155, 'lr': 0.0083, 'params': 632328, 'time_iter': 0.1238, 'accuracy': 0.9945}
train: {'epoch': 109, 'eta': 38.7237, 'loss': 0.7125, 'lr': 0.0083, 'params': 632328, 'time_iter': 0.1449, 'accuracy': 0.9945}
train: {'epoch': 110, 'eta': 38.652, 'loss': 0.7103, 'lr': 0.0082, 'params': 632328, 'time_iter': 0.1573, 'accuracy': 0.994}
train: {'epoch': 111, 'eta': 38.5602, 'loss': 0.708, 'lr': 0.0082, 'params': 632328, 'time_iter': 0.15, 'accuracy': 0.9958}
train: {'epoch': 112, 'eta': 38.6922, 'loss': 0.7045, 'lr': 0.0082, 'params': 632328, 'time_iter': 0.2386, 'accuracy': 0.9958}
train: {'epoch': 113, 'eta': 38.6081, 'loss': 0.7027, 'lr': 0.0082, 'params': 632328, 'time_iter': 0.155, 'accuracy': 0.9968}
train: {'epoch': 114, 'eta': 38.4501, 'loss': 0.7009, 'lr': 0.0081, 'params': 632328, 'time_iter': 0.1257, 'accuracy': 0.9963}
train: {'epoch': 115, 'eta': 38.3035, 'loss': 0.6985, 'lr': 0.0081, 'params': 632328, 'time_iter': 0.1301, 'accuracy': 0.9972}
train: {'epoch': 116, 'eta': 38.1433, 'loss': 0.6968, 'lr': 0.0081, 'params': 632328, 'time_iter': 0.1244, 'accuracy': 0.9972}
train: {'epoch': 117, 'eta': 37.9537, 'loss': 0.6951, 'lr': 0.008, 'params': 632328, 'time_iter': 0.1118, 'accuracy': 0.9977}
train: {'epoch': 118, 'eta': 37.749, 'loss': 0.6936, 'lr': 0.008, 'params': 632328, 'time_iter': 0.1049, 'accuracy': 0.9968}
train: {'epoch': 119, 'eta': 37.5835, 'loss': 0.6923, 'lr': 0.008, 'params': 632328, 'time_iter': 0.121, 'accuracy': 0.9968}
val: {'epoch': 119, 'loss': 1.0373, 'lr': 0, 'params': 632328, 'time_iter': 0.0432, 'accuracy': 0.8672}
train: {'epoch': 120, 'eta': 37.3806, 'loss': 0.6908, 'lr': 0.0079, 'params': 632328, 'time_iter': 0.1044, 'accuracy': 0.9972}
train: {'epoch': 121, 'eta': 37.2056, 'loss': 0.6898, 'lr': 0.0079, 'params': 632328, 'time_iter': 0.116, 'accuracy': 0.9972}
train: {'epoch': 122, 'eta': 37.0003, 'loss': 0.6884, 'lr': 0.0079, 'params': 632328, 'time_iter': 0.1021, 'accuracy': 0.9982}
train: {'epoch': 123, 'eta': 36.873, 'loss': 0.6873, 'lr': 0.0078, 'params': 632328, 'time_iter': 0.1364, 'accuracy': 0.9982}
train: {'epoch': 124, 'eta': 36.6916, 'loss': 0.6862, 'lr': 0.0078, 'params': 632328, 'time_iter': 0.1118, 'accuracy': 0.9986}
train: {'epoch': 125, 'eta': 36.5339, 'loss': 0.6854, 'lr': 0.0078, 'params': 632328, 'time_iter': 0.1223, 'accuracy': 0.9986}
train: {'epoch': 126, 'eta': 36.3428, 'loss': 0.6853, 'lr': 0.0077, 'params': 632328, 'time_iter': 0.1064, 'accuracy': 0.9977}
train: {'epoch': 127, 'eta': 36.1585, 'loss': 0.685, 'lr': 0.0077, 'params': 632328, 'time_iter': 0.1091, 'accuracy': 0.9986}
train: {'epoch': 128, 'eta': 35.9801, 'loss': 0.6863, 'lr': 0.0077, 'params': 632328, 'time_iter': 0.1113, 'accuracy': 0.9977}
train: {'epoch': 129, 'eta': 35.7884, 'loss': 0.6859, 'lr': 0.0076, 'params': 632328, 'time_iter': 0.1044, 'accuracy': 0.9986}
train: {'epoch': 130, 'eta': 35.6197, 'loss': 0.6855, 'lr': 0.0076, 'params': 632328, 'time_iter': 0.1149, 'accuracy': 0.9977}
train: {'epoch': 131, 'eta': 35.4312, 'loss': 0.6839, 'lr': 0.0076, 'params': 632328, 'time_iter': 0.1048, 'accuracy': 0.9982}
train: {'epoch': 132, 'eta': 35.2769, 'loss': 0.6838, 'lr': 0.0075, 'params': 632328, 'time_iter': 0.1212, 'accuracy': 0.9977}
train: {'epoch': 133, 'eta': 35.1071, 'loss': 0.685, 'lr': 0.0075, 'params': 632328, 'time_iter': 0.1131, 'accuracy': 0.9977}
train: {'epoch': 134, 'eta': 34.9281, 'loss': 0.6867, 'lr': 0.0075, 'params': 632328, 'time_iter': 0.108, 'accuracy': 0.9968}
train: {'epoch': 135, 'eta': 34.7552, 'loss': 0.6849, 'lr': 0.0074, 'params': 632328, 'time_iter': 0.1106, 'accuracy': 0.9977}
train: {'epoch': 136, 'eta': 34.5928, 'loss': 0.682, 'lr': 0.0074, 'params': 632328, 'time_iter': 0.1156, 'accuracy': 0.9982}
train: {'epoch': 137, 'eta': 34.4218, 'loss': 0.6834, 'lr': 0.0074, 'params': 632328, 'time_iter': 0.1108, 'accuracy': 0.9968}
train: {'epoch': 138, 'eta': 34.2694, 'loss': 0.6817, 'lr': 0.0073, 'params': 632328, 'time_iter': 0.1202, 'accuracy': 0.9986}
train: {'epoch': 139, 'eta': 34.0992, 'loss': 0.6814, 'lr': 0.0073, 'params': 632328, 'time_iter': 0.1103, 'accuracy': 0.9972}
val: {'epoch': 139, 'loss': 1.0214, 'lr': 0, 'params': 632328, 'time_iter': 0.0414, 'accuracy': 0.869}
train: {'epoch': 140, 'eta': 33.9447, 'loss': 0.6789, 'lr': 0.0073, 'params': 632328, 'time_iter': 0.1185, 'accuracy': 0.9977}
train: {'epoch': 141, 'eta': 33.7742, 'loss': 0.6782, 'lr': 0.0072, 'params': 632328, 'time_iter': 0.1093, 'accuracy': 0.9982}
train: {'epoch': 142, 'eta': 33.6292, 'loss': 0.6776, 'lr': 0.0072, 'params': 632328, 'time_iter': 0.1231, 'accuracy': 0.9982}
train: {'epoch': 143, 'eta': 33.4431, 'loss': 0.6756, 'lr': 0.0072, 'params': 632328, 'time_iter': 0.0998, 'accuracy': 0.9982}
train: {'epoch': 144, 'eta': 33.3496, 'loss': 0.6763, 'lr': 0.0071, 'params': 632328, 'time_iter': 0.1517, 'accuracy': 0.9986}
train: {'epoch': 145, 'eta': 33.1944, 'loss': 0.6792, 'lr': 0.0071, 'params': 632328, 'time_iter': 0.1167, 'accuracy': 0.9986}
train: {'epoch': 146, 'eta': 33.0586, 'loss': 0.6805, 'lr': 0.0071, 'params': 632328, 'time_iter': 0.1277, 'accuracy': 0.9968}
train: {'epoch': 147, 'eta': 32.9129, 'loss': 0.6781, 'lr': 0.007, 'params': 632328, 'time_iter': 0.1218, 'accuracy': 0.9972}
train: {'epoch': 148, 'eta': 33.94, 'loss': 0.6808, 'lr': 0.007, 'params': 632328, 'time_iter': 0.8179, 'accuracy': 0.9977}
train: {'epoch': 149, 'eta': 33.8086, 'loss': 0.6807, 'lr': 0.0069, 'params': 632328, 'time_iter': 0.1375, 'accuracy': 0.9968}
train: {'epoch': 150, 'eta': 33.7175, 'loss': 0.6793, 'lr': 0.0069, 'params': 632328, 'time_iter': 0.162, 'accuracy': 0.9982}
train: {'epoch': 151, 'eta': 33.5903, 'loss': 0.6854, 'lr': 0.0069, 'params': 632328, 'time_iter': 0.1404, 'accuracy': 0.9977}
train: {'epoch': 152, 'eta': 33.4211, 'loss': 0.7358, 'lr': 0.0068, 'params': 632328, 'time_iter': 0.1146, 'accuracy': 0.9885}
train: {'epoch': 153, 'eta': 33.2859, 'loss': 0.7584, 'lr': 0.0068, 'params': 632328, 'time_iter': 0.1353, 'accuracy': 0.9848}
train: {'epoch': 154, 'eta': 33.1408, 'loss': 0.8085, 'lr': 0.0068, 'params': 632328, 'time_iter': 0.1291, 'accuracy': 0.9741}
train: {'epoch': 155, 'eta': 32.9749, 'loss': 0.7787, 'lr': 0.0067, 'params': 632328, 'time_iter': 0.1157, 'accuracy': 0.982}
train: {'epoch': 156, 'eta': 32.8188, 'loss': 0.7448, 'lr': 0.0067, 'params': 632328, 'time_iter': 0.1216, 'accuracy': 0.9815}
train: {'epoch': 157, 'eta': 32.6575, 'loss': 0.7439, 'lr': 0.0067, 'params': 632328, 'time_iter': 0.1179, 'accuracy': 0.9871}
train: {'epoch': 158, 'eta': 32.4799, 'loss': 0.7323, 'lr': 0.0066, 'params': 632328, 'time_iter': 0.1068, 'accuracy': 0.9908}
train: {'epoch': 159, 'eta': 32.3374, 'loss': 0.7209, 'lr': 0.0066, 'params': 632328, 'time_iter': 0.1296, 'accuracy': 0.9894}
val: {'epoch': 159, 'loss': 1.1078, 'lr': 0, 'params': 632328, 'time_iter': 0.0405, 'accuracy': 0.8764}
train: {'epoch': 160, 'eta': 32.2331, 'loss': 0.7177, 'lr': 0.0065, 'params': 632328, 'time_iter': 0.1553, 'accuracy': 0.9912}
train: {'epoch': 161, 'eta': 32.072, 'loss': 0.7126, 'lr': 0.0065, 'params': 632328, 'time_iter': 0.117, 'accuracy': 0.994}
train: {'epoch': 162, 'eta': 31.8957, 'loss': 0.7065, 'lr': 0.0065, 'params': 632328, 'time_iter': 0.1062, 'accuracy': 0.9945}
train: {'epoch': 163, 'eta': 31.7727, 'loss': 0.7023, 'lr': 0.0064, 'params': 632328, 'time_iter': 0.1427, 'accuracy': 0.9949}
train: {'epoch': 164, 'eta': 31.618, 'loss': 0.6985, 'lr': 0.0064, 'params': 632328, 'time_iter': 0.1205, 'accuracy': 0.9949}
train: {'epoch': 165, 'eta': 31.4529, 'loss': 0.6944, 'lr': 0.0064, 'params': 632328, 'time_iter': 0.1129, 'accuracy': 0.9954}
train: {'epoch': 166, 'eta': 31.3031, 'loss': 0.6914, 'lr': 0.0063, 'params': 632328, 'time_iter': 0.1234, 'accuracy': 0.9949}
train: {'epoch': 167, 'eta': 31.2193, 'loss': 0.689, 'lr': 0.0063, 'params': 632328, 'time_iter': 0.171, 'accuracy': 0.9949}
train: {'epoch': 168, 'eta': 31.1264, 'loss': 0.6867, 'lr': 0.0062, 'params': 632328, 'time_iter': 0.165, 'accuracy': 0.9958}
train: {'epoch': 169, 'eta': 31.006, 'loss': 0.6847, 'lr': 0.0062, 'params': 632328, 'time_iter': 0.1454, 'accuracy': 0.9972}
train: {'epoch': 170, 'eta': 30.8443, 'loss': 0.6829, 'lr': 0.0062, 'params': 632328, 'time_iter': 0.1147, 'accuracy': 0.9977}
train: {'epoch': 171, 'eta': 30.6739, 'loss': 0.6811, 'lr': 0.0061, 'params': 632328, 'time_iter': 0.1078, 'accuracy': 0.9972}
train: {'epoch': 172, 'eta': 30.5031, 'loss': 0.6794, 'lr': 0.0061, 'params': 632328, 'time_iter': 0.1069, 'accuracy': 0.9972}
train: {'epoch': 173, 'eta': 30.3483, 'loss': 0.6781, 'lr': 0.0061, 'params': 632328, 'time_iter': 0.1186, 'accuracy': 0.9977}
train: {'epoch': 174, 'eta': 30.1841, 'loss': 0.6768, 'lr': 0.006, 'params': 632328, 'time_iter': 0.111, 'accuracy': 0.9977}
train: {'epoch': 175, 'eta': 30.0304, 'loss': 0.6755, 'lr': 0.006, 'params': 632328, 'time_iter': 0.1188, 'accuracy': 0.9977}
train: {'epoch': 176, 'eta': 29.8714, 'loss': 0.6744, 'lr': 0.0059, 'params': 632328, 'time_iter': 0.1143, 'accuracy': 0.9982}
train: {'epoch': 177, 'eta': 29.7435, 'loss': 0.6736, 'lr': 0.0059, 'params': 632328, 'time_iter': 0.1388, 'accuracy': 0.9977}
train: {'epoch': 178, 'eta': 29.5816, 'loss': 0.6727, 'lr': 0.0059, 'params': 632328, 'time_iter': 0.1113, 'accuracy': 0.9977}
train: {'epoch': 179, 'eta': 29.4106, 'loss': 0.6719, 'lr': 0.0058, 'params': 632328, 'time_iter': 0.1035, 'accuracy': 0.9982}
val: {'epoch': 179, 'loss': 1.0144, 'lr': 0, 'params': 632328, 'time_iter': 0.0381, 'accuracy': 0.8745}
train: {'epoch': 180, 'eta': 29.2656, 'loss': 0.671, 'lr': 0.0058, 'params': 632328, 'time_iter': 0.1243, 'accuracy': 0.9986}
train: {'epoch': 181, 'eta': 29.125, 'loss': 0.6703, 'lr': 0.0057, 'params': 632328, 'time_iter': 0.1278, 'accuracy': 0.9986}
train: {'epoch': 182, 'eta': 29.0103, 'loss': 0.6697, 'lr': 0.0057, 'params': 632328, 'time_iter': 0.1496, 'accuracy': 0.9986}
train: {'epoch': 183, 'eta': 28.875, 'loss': 0.6691, 'lr': 0.0057, 'params': 632328, 'time_iter': 0.1323, 'accuracy': 0.9986}
train: {'epoch': 184, 'eta': 28.7613, 'loss': 0.6685, 'lr': 0.0056, 'params': 632328, 'time_iter': 0.1509, 'accuracy': 0.9986}
train: {'epoch': 185, 'eta': 28.6294, 'loss': 0.6679, 'lr': 0.0056, 'params': 632328, 'time_iter': 0.1354, 'accuracy': 0.9986}
train: {'epoch': 186, 'eta': 28.4874, 'loss': 0.6674, 'lr': 0.0055, 'params': 632328, 'time_iter': 0.1266, 'accuracy': 0.9986}
train: {'epoch': 187, 'eta': 28.3574, 'loss': 0.6668, 'lr': 0.0055, 'params': 632328, 'time_iter': 0.1371, 'accuracy': 0.9986}
train: {'epoch': 188, 'eta': 28.1988, 'loss': 0.6663, 'lr': 0.0055, 'params': 632328, 'time_iter': 0.1115, 'accuracy': 0.9986}
train: {'epoch': 189, 'eta': 28.0647, 'loss': 0.6658, 'lr': 0.0054, 'params': 632328, 'time_iter': 0.1332, 'accuracy': 0.9986}
train: {'epoch': 190, 'eta': 27.9124, 'loss': 0.6654, 'lr': 0.0054, 'params': 632328, 'time_iter': 0.1166, 'accuracy': 0.9986}
train: {'epoch': 191, 'eta': 27.7694, 'loss': 0.665, 'lr': 0.0054, 'params': 632328, 'time_iter': 0.1249, 'accuracy': 0.9986}
train: {'epoch': 192, 'eta': 27.6322, 'loss': 0.6645, 'lr': 0.0053, 'params': 632328, 'time_iter': 0.13, 'accuracy': 0.9986}
train: {'epoch': 193, 'eta': 27.624, 'loss': 0.6642, 'lr': 0.0053, 'params': 632328, 'time_iter': 0.2515, 'accuracy': 0.9986}
train: {'epoch': 194, 'eta': 27.5132, 'loss': 0.6637, 'lr': 0.0052, 'params': 632328, 'time_iter': 0.1562, 'accuracy': 0.9986}
train: {'epoch': 195, 'eta': 27.4367, 'loss': 0.6634, 'lr': 0.0052, 'params': 632328, 'time_iter': 0.1897, 'accuracy': 0.9986}
train: {'epoch': 196, 'eta': 27.3134, 'loss': 0.663, 'lr': 0.0052, 'params': 632328, 'time_iter': 0.1454, 'accuracy': 0.9986}
train: {'epoch': 197, 'eta': 27.1849, 'loss': 0.6627, 'lr': 0.0051, 'params': 632328, 'time_iter': 0.1404, 'accuracy': 0.9986}
train: {'epoch': 198, 'eta': 27.0207, 'loss': 0.6623, 'lr': 0.0051, 'params': 632328, 'time_iter': 0.1053, 'accuracy': 0.9986}
train: {'epoch': 199, 'eta': 26.8887, 'loss': 0.662, 'lr': 0.005, 'params': 632328, 'time_iter': 0.1369, 'accuracy': 0.9986}
val: {'epoch': 199, 'loss': 1.0148, 'lr': 0, 'params': 632328, 'time_iter': 0.0487, 'accuracy': 0.8616}
train: {'epoch': 200, 'eta': 26.7368, 'loss': 0.6617, 'lr': 0.005, 'params': 632328, 'time_iter': 0.1168, 'accuracy': 0.9986}
train: {'epoch': 201, 'eta': 26.5807, 'loss': 0.6614, 'lr': 0.005, 'params': 632328, 'time_iter': 0.1122, 'accuracy': 0.9986}
train: {'epoch': 202, 'eta': 26.4411, 'loss': 0.6616, 'lr': 0.0049, 'params': 632328, 'time_iter': 0.1288, 'accuracy': 0.9986}
train: {'epoch': 203, 'eta': 26.2747, 'loss': 0.6643, 'lr': 0.0049, 'params': 632328, 'time_iter': 0.1007, 'accuracy': 0.9982}
train: {'epoch': 204, 'eta': 26.1383, 'loss': 0.6643, 'lr': 0.0048, 'params': 632328, 'time_iter': 0.1316, 'accuracy': 0.9972}
train: {'epoch': 205, 'eta': 25.9844, 'loss': 0.6618, 'lr': 0.0048, 'params': 632328, 'time_iter': 0.1129, 'accuracy': 0.9986}
train: {'epoch': 206, 'eta': 25.8336, 'loss': 0.6618, 'lr': 0.0048, 'params': 632328, 'time_iter': 0.1159, 'accuracy': 0.9986}
train: {'epoch': 207, 'eta': 25.7287, 'loss': 0.662, 'lr': 0.0047, 'params': 632328, 'time_iter': 0.1652, 'accuracy': 0.9986}
train: {'epoch': 208, 'eta': 25.5823, 'loss': 0.6613, 'lr': 0.0047, 'params': 632328, 'time_iter': 0.1205, 'accuracy': 0.9986}
train: {'epoch': 209, 'eta': 25.4278, 'loss': 0.6614, 'lr': 0.0046, 'params': 632328, 'time_iter': 0.1112, 'accuracy': 0.9986}
train: {'epoch': 210, 'eta': 25.3078, 'loss': 0.6606, 'lr': 0.0046, 'params': 632328, 'time_iter': 0.1493, 'accuracy': 0.9991}
train: {'epoch': 211, 'eta': 25.1511, 'loss': 0.6601, 'lr': 0.0046, 'params': 632328, 'time_iter': 0.1082, 'accuracy': 0.9986}
train: {'epoch': 212, 'eta': 25.0199, 'loss': 0.6599, 'lr': 0.0045, 'params': 632328, 'time_iter': 0.1367, 'accuracy': 0.9991}
train: {'epoch': 213, 'eta': 24.9105, 'loss': 0.6597, 'lr': 0.0045, 'params': 632328, 'time_iter': 0.1618, 'accuracy': 0.9991}
train: {'epoch': 214, 'eta': 24.7611, 'loss': 0.6592, 'lr': 0.0045, 'params': 632328, 'time_iter': 0.1161, 'accuracy': 0.9991}
train: {'epoch': 215, 'eta': 24.6335, 'loss': 0.6591, 'lr': 0.0044, 'params': 632328, 'time_iter': 0.1411, 'accuracy': 0.9991}
train: {'epoch': 216, 'eta': 24.5143, 'loss': 0.6588, 'lr': 0.0044, 'params': 632328, 'time_iter': 0.1512, 'accuracy': 0.9991}
train: {'epoch': 217, 'eta': 24.4024, 'loss': 0.6588, 'lr': 0.0043, 'params': 632328, 'time_iter': 0.1604, 'accuracy': 0.9986}
train: {'epoch': 218, 'eta': 24.272, 'loss': 0.6593, 'lr': 0.0043, 'params': 632328, 'time_iter': 0.1385, 'accuracy': 0.9991}
train: {'epoch': 219, 'eta': 24.1293, 'loss': 0.6639, 'lr': 0.0043, 'params': 632328, 'time_iter': 0.1236, 'accuracy': 0.9972}
val: {'epoch': 219, 'loss': 1.0207, 'lr': 0, 'params': 632328, 'time_iter': 0.059, 'accuracy': 0.8542}
train: {'epoch': 220, 'eta': 24.0048, 'loss': 0.6621, 'lr': 0.0042, 'params': 632328, 'time_iter': 0.1459, 'accuracy': 0.9991}
train: {'epoch': 221, 'eta': 23.8664, 'loss': 0.6609, 'lr': 0.0042, 'params': 632328, 'time_iter': 0.1287, 'accuracy': 0.9982}
train: {'epoch': 222, 'eta': 23.7178, 'loss': 0.6589, 'lr': 0.0041, 'params': 632328, 'time_iter': 0.1158, 'accuracy': 0.9986}
train: {'epoch': 223, 'eta': 23.58, 'loss': 0.6609, 'lr': 0.0041, 'params': 632328, 'time_iter': 0.1292, 'accuracy': 0.9991}
train: {'epoch': 224, 'eta': 23.4576, 'loss': 0.6597, 'lr': 0.0041, 'params': 632328, 'time_iter': 0.1488, 'accuracy': 0.9982}
train: {'epoch': 225, 'eta': 23.2977, 'loss': 0.6591, 'lr': 0.004, 'params': 632328, 'time_iter': 0.1004, 'accuracy': 0.9982}
train: {'epoch': 226, 'eta': 23.1517, 'loss': 0.6589, 'lr': 0.004, 'params': 632328, 'time_iter': 0.1181, 'accuracy': 0.9991}
train: {'epoch': 227, 'eta': 22.9914, 'loss': 0.658, 'lr': 0.0039, 'params': 632328, 'time_iter': 0.0987, 'accuracy': 0.9991}
train: {'epoch': 228, 'eta': 22.852, 'loss': 0.6584, 'lr': 0.0039, 'params': 632328, 'time_iter': 0.126, 'accuracy': 0.9977}
train: {'epoch': 229, 'eta': 22.7056, 'loss': 0.6574, 'lr': 0.0039, 'params': 632328, 'time_iter': 0.1163, 'accuracy': 0.9986}
train: {'epoch': 230, 'eta': 22.5598, 'loss': 0.6578, 'lr': 0.0038, 'params': 632328, 'time_iter': 0.1168, 'accuracy': 0.9991}
train: {'epoch': 231, 'eta': 22.4163, 'loss': 0.6569, 'lr': 0.0038, 'params': 632328, 'time_iter': 0.1198, 'accuracy': 0.9991}
train: {'epoch': 232, 'eta': 22.2679, 'loss': 0.6571, 'lr': 0.0038, 'params': 632328, 'time_iter': 0.1125, 'accuracy': 0.9982}
train: {'epoch': 233, 'eta': 22.1304, 'loss': 0.6566, 'lr': 0.0037, 'params': 632328, 'time_iter': 0.1274, 'accuracy': 0.9991}
train: {'epoch': 234, 'eta': 22.2768, 'loss': 0.6566, 'lr': 0.0037, 'params': 632328, 'time_iter': 0.5318, 'accuracy': 0.9991}
train: {'epoch': 235, 'eta': 22.1651, 'loss': 0.6563, 'lr': 0.0036, 'params': 632328, 'time_iter': 0.1686, 'accuracy': 0.9991}
train: {'epoch': 236, 'eta': 22.0587, 'loss': 0.6561, 'lr': 0.0036, 'params': 632328, 'time_iter': 0.1769, 'accuracy': 0.9991}
train: {'epoch': 237, 'eta': 22.0216, 'loss': 0.656, 'lr': 0.0036, 'params': 632328, 'time_iter': 0.2797, 'accuracy': 0.9991}
train: {'epoch': 238, 'eta': 21.9333, 'loss': 0.6557, 'lr': 0.0035, 'params': 632328, 'time_iter': 0.2066, 'accuracy': 0.9991}
train: {'epoch': 239, 'eta': 21.835, 'loss': 0.6558, 'lr': 0.0035, 'params': 632328, 'time_iter': 0.1932, 'accuracy': 0.9991}
val: {'epoch': 239, 'loss': 1.032, 'lr': 0, 'params': 632328, 'time_iter': 0.1084, 'accuracy': 0.8635}
train: {'epoch': 240, 'eta': 21.7257, 'loss': 0.6555, 'lr': 0.0035, 'params': 632328, 'time_iter': 0.1776, 'accuracy': 0.9991}
train: {'epoch': 241, 'eta': 21.6184, 'loss': 0.6556, 'lr': 0.0034, 'params': 632328, 'time_iter': 0.1817, 'accuracy': 0.9991}
train: {'epoch': 242, 'eta': 21.5802, 'loss': 0.6555, 'lr': 0.0034, 'params': 632328, 'time_iter': 0.2894, 'accuracy': 0.9991}
train: {'epoch': 243, 'eta': 21.4692, 'loss': 0.6556, 'lr': 0.0033, 'params': 632328, 'time_iter': 0.1788, 'accuracy': 0.9991}
train: {'epoch': 244, 'eta': 21.4003, 'loss': 0.6554, 'lr': 0.0033, 'params': 632328, 'time_iter': 0.2463, 'accuracy': 0.9991}
train: {'epoch': 245, 'eta': 21.3198, 'loss': 0.6553, 'lr': 0.0033, 'params': 632328, 'time_iter': 0.23, 'accuracy': 0.9991}
train: {'epoch': 246, 'eta': 21.251, 'loss': 0.6551, 'lr': 0.0032, 'params': 632328, 'time_iter': 0.2508, 'accuracy': 0.9991}
train: {'epoch': 247, 'eta': 21.2405, 'loss': 0.655, 'lr': 0.0032, 'params': 632328, 'time_iter': 0.3484, 'accuracy': 0.9991}
train: {'epoch': 248, 'eta': 21.1666, 'loss': 0.6549, 'lr': 0.0032, 'params': 632328, 'time_iter': 0.2483, 'accuracy': 0.9991}
train: {'epoch': 249, 'eta': 21.1084, 'loss': 0.655, 'lr': 0.0031, 'params': 632328, 'time_iter': 0.2768, 'accuracy': 0.9991}
train: {'epoch': 250, 'eta': 21.045, 'loss': 0.6554, 'lr': 0.0031, 'params': 632328, 'time_iter': 0.271, 'accuracy': 0.9991}
train: {'epoch': 251, 'eta': 20.9289, 'loss': 0.6554, 'lr': 0.0031, 'params': 632328, 'time_iter': 0.1841, 'accuracy': 0.9995}
train: {'epoch': 252, 'eta': 20.7829, 'loss': 0.656, 'lr': 0.003, 'params': 632328, 'time_iter': 0.1334, 'accuracy': 0.9986}
train: {'epoch': 253, 'eta': 20.6438, 'loss': 0.6556, 'lr': 0.003, 'params': 632328, 'time_iter': 0.1454, 'accuracy': 0.9991}
train: {'epoch': 254, 'eta': 20.4986, 'loss': 0.6554, 'lr': 0.0029, 'params': 632328, 'time_iter': 0.1346, 'accuracy': 0.9991}
train: {'epoch': 255, 'eta': 20.3476, 'loss': 0.655, 'lr': 0.0029, 'params': 632328, 'time_iter': 0.1242, 'accuracy': 0.9991}
train: {'epoch': 256, 'eta': 20.2574, 'loss': 0.6548, 'lr': 0.0029, 'params': 632328, 'time_iter': 0.2332, 'accuracy': 0.9991}
train: {'epoch': 257, 'eta': 20.1418, 'loss': 0.6546, 'lr': 0.0028, 'params': 632328, 'time_iter': 0.1891, 'accuracy': 0.9991}
train: {'epoch': 258, 'eta': 20.0128, 'loss': 0.6545, 'lr': 0.0028, 'params': 632328, 'time_iter': 0.1653, 'accuracy': 0.9991}
train: {'epoch': 259, 'eta': 19.9054, 'loss': 0.6547, 'lr': 0.0028, 'params': 632328, 'time_iter': 0.2061, 'accuracy': 0.9991}
val: {'epoch': 259, 'loss': 1.0355, 'lr': 0, 'params': 632328, 'time_iter': 0.0541, 'accuracy': 0.8653}
train: {'epoch': 260, 'eta': 19.7616, 'loss': 0.6545, 'lr': 0.0027, 'params': 632328, 'time_iter': 0.1391, 'accuracy': 0.9991}
train: {'epoch': 261, 'eta': 19.6088, 'loss': 0.6544, 'lr': 0.0027, 'params': 632328, 'time_iter': 0.122, 'accuracy': 0.9991}
train: {'epoch': 262, 'eta': 19.449, 'loss': 0.6542, 'lr': 0.0027, 'params': 632328, 'time_iter': 0.1082, 'accuracy': 0.9991}
train: {'epoch': 263, 'eta': 19.2956, 'loss': 0.6541, 'lr': 0.0026, 'params': 632328, 'time_iter': 0.1199, 'accuracy': 0.9991}
train: {'epoch': 264, 'eta': 19.1412, 'loss': 0.6539, 'lr': 0.0026, 'params': 632328, 'time_iter': 0.1172, 'accuracy': 0.9991}
train: {'epoch': 265, 'eta': 18.983, 'loss': 0.654, 'lr': 0.0026, 'params': 632328, 'time_iter': 0.1093, 'accuracy': 0.9991}
train: {'epoch': 266, 'eta': 18.8417, 'loss': 0.6539, 'lr': 0.0025, 'params': 632328, 'time_iter': 0.1423, 'accuracy': 0.9991}
train: {'epoch': 267, 'eta': 18.6816, 'loss': 0.6537, 'lr': 0.0025, 'params': 632328, 'time_iter': 0.1043, 'accuracy': 0.9991}
train: {'epoch': 268, 'eta': 18.5324, 'loss': 0.6538, 'lr': 0.0025, 'params': 632328, 'time_iter': 0.1257, 'accuracy': 0.9991}
train: {'epoch': 269, 'eta': 18.3837, 'loss': 0.6536, 'lr': 0.0024, 'params': 632328, 'time_iter': 0.1264, 'accuracy': 0.9991}
train: {'epoch': 270, 'eta': 18.2343, 'loss': 0.6536, 'lr': 0.0024, 'params': 632328, 'time_iter': 0.1246, 'accuracy': 0.9991}
train: {'epoch': 271, 'eta': 18.0985, 'loss': 0.6535, 'lr': 0.0024, 'params': 632328, 'time_iter': 0.1531, 'accuracy': 0.9991}
train: {'epoch': 272, 'eta': 17.9432, 'loss': 0.6534, 'lr': 0.0023, 'params': 632328, 'time_iter': 0.1115, 'accuracy': 0.9991}
train: {'epoch': 273, 'eta': 17.8029, 'loss': 0.6535, 'lr': 0.0023, 'params': 632328, 'time_iter': 0.1436, 'accuracy': 0.9991}
train: {'epoch': 274, 'eta': 17.6657, 'loss': 0.6533, 'lr': 0.0023, 'params': 632328, 'time_iter': 0.1503, 'accuracy': 0.9991}
train: {'epoch': 275, 'eta': 17.5207, 'loss': 0.6532, 'lr': 0.0022, 'params': 632328, 'time_iter': 0.133, 'accuracy': 0.9991}
train: {'epoch': 276, 'eta': 17.3746, 'loss': 0.6531, 'lr': 0.0022, 'params': 632328, 'time_iter': 0.1305, 'accuracy': 0.9991}
train: {'epoch': 277, 'eta': 17.2275, 'loss': 0.6529, 'lr': 0.0022, 'params': 632328, 'time_iter': 0.128, 'accuracy': 0.9991}
train: {'epoch': 278, 'eta': 17.0928, 'loss': 0.6529, 'lr': 0.0021, 'params': 632328, 'time_iter': 0.1562, 'accuracy': 0.9991}
train: {'epoch': 279, 'eta': 16.9447, 'loss': 0.6528, 'lr': 0.0021, 'params': 632328, 'time_iter': 0.1253, 'accuracy': 0.9991}
val: {'epoch': 279, 'loss': 1.0428, 'lr': 0, 'params': 632328, 'time_iter': 0.045, 'accuracy': 0.8653}
train: {'epoch': 280, 'eta': 16.8013, 'loss': 0.6529, 'lr': 0.0021, 'params': 632328, 'time_iter': 0.136, 'accuracy': 0.9991}
train: {'epoch': 281, 'eta': 16.6517, 'loss': 0.6529, 'lr': 0.002, 'params': 632328, 'time_iter': 0.1211, 'accuracy': 0.9991}
train: {'epoch': 282, 'eta': 16.4976, 'loss': 0.6529, 'lr': 0.002, 'params': 632328, 'time_iter': 0.1097, 'accuracy': 0.9991}
train: {'epoch': 283, 'eta': 16.3422, 'loss': 0.653, 'lr': 0.002, 'params': 632328, 'time_iter': 0.1056, 'accuracy': 0.9991}
train: {'epoch': 284, 'eta': 16.1921, 'loss': 0.6532, 'lr': 0.0019, 'params': 632328, 'time_iter': 0.1181, 'accuracy': 0.9991}
train: {'epoch': 285, 'eta': 16.0382, 'loss': 0.6533, 'lr': 0.0019, 'params': 632328, 'time_iter': 0.108, 'accuracy': 0.9991}
train: {'epoch': 286, 'eta': 15.8958, 'loss': 0.6536, 'lr': 0.0019, 'params': 632328, 'time_iter': 0.1362, 'accuracy': 0.9986}
train: {'epoch': 287, 'eta': 15.7464, 'loss': 0.6532, 'lr': 0.0018, 'params': 632328, 'time_iter': 0.1183, 'accuracy': 0.9991}
train: {'epoch': 288, 'eta': 15.5898, 'loss': 0.6531, 'lr': 0.0018, 'params': 632328, 'time_iter': 0.0989, 'accuracy': 0.9991}
train: {'epoch': 289, 'eta': 15.4412, 'loss': 0.6537, 'lr': 0.0018, 'params': 632328, 'time_iter': 0.1191, 'accuracy': 0.9991}
train: {'epoch': 290, 'eta': 15.2878, 'loss': 0.6537, 'lr': 0.0018, 'params': 632328, 'time_iter': 0.1055, 'accuracy': 0.9991}
train: {'epoch': 291, 'eta': 15.1403, 'loss': 0.6529, 'lr': 0.0017, 'params': 632328, 'time_iter': 0.1206, 'accuracy': 0.9991}
train: {'epoch': 292, 'eta': 14.9894, 'loss': 0.6525, 'lr': 0.0017, 'params': 632328, 'time_iter': 0.1109, 'accuracy': 0.9991}
train: {'epoch': 293, 'eta': 14.8383, 'loss': 0.6529, 'lr': 0.0017, 'params': 632328, 'time_iter': 0.1096, 'accuracy': 0.9991}
train: {'epoch': 294, 'eta': 14.6917, 'loss': 0.6528, 'lr': 0.0016, 'params': 632328, 'time_iter': 0.1215, 'accuracy': 0.9991}
train: {'epoch': 295, 'eta': 14.5427, 'loss': 0.6526, 'lr': 0.0016, 'params': 632328, 'time_iter': 0.114, 'accuracy': 0.9991}
train: {'epoch': 296, 'eta': 14.3959, 'loss': 0.6526, 'lr': 0.0016, 'params': 632328, 'time_iter': 0.1198, 'accuracy': 0.9991}
train: {'epoch': 297, 'eta': 14.249, 'loss': 0.6527, 'lr': 0.0015, 'params': 632328, 'time_iter': 0.119, 'accuracy': 0.9991}
train: {'epoch': 298, 'eta': 14.1244, 'loss': 0.6525, 'lr': 0.0015, 'params': 632328, 'time_iter': 0.1843, 'accuracy': 0.9991}
train: {'epoch': 299, 'eta': 13.9929, 'loss': 0.6525, 'lr': 0.0015, 'params': 632328, 'time_iter': 0.165, 'accuracy': 0.9991}
val: {'epoch': 299, 'loss': 1.049, 'lr': 0, 'params': 632328, 'time_iter': 0.0559, 'accuracy': 0.8653}
train: {'epoch': 300, 'eta': 13.8461, 'loss': 0.6525, 'lr': 0.0015, 'params': 632328, 'time_iter': 0.1189, 'accuracy': 0.9991}
train: {'epoch': 301, 'eta': 13.6992, 'loss': 0.6523, 'lr': 0.0014, 'params': 632328, 'time_iter': 0.1183, 'accuracy': 0.9991}
train: {'epoch': 302, 'eta': 13.5674, 'loss': 0.6523, 'lr': 0.0014, 'params': 632328, 'time_iter': 0.1646, 'accuracy': 0.9991}
train: {'epoch': 303, 'eta': 13.421, 'loss': 0.6523, 'lr': 0.0014, 'params': 632328, 'time_iter': 0.1191, 'accuracy': 0.9991}
train: {'epoch': 304, 'eta': 13.2675, 'loss': 0.6521, 'lr': 0.0014, 'params': 632328, 'time_iter': 0.0961, 'accuracy': 0.9991}
train: {'epoch': 305, 'eta': 13.1235, 'loss': 0.6522, 'lr': 0.0013, 'params': 632328, 'time_iter': 0.1252, 'accuracy': 0.9991}
train: {'epoch': 306, 'eta': 12.9763, 'loss': 0.6522, 'lr': 0.0013, 'params': 632328, 'time_iter': 0.1146, 'accuracy': 0.9991}
train: {'epoch': 307, 'eta': 12.8379, 'loss': 0.652, 'lr': 0.0013, 'params': 632328, 'time_iter': 0.1433, 'accuracy': 0.9991}
train: {'epoch': 308, 'eta': 12.6905, 'loss': 0.652, 'lr': 0.0012, 'params': 632328, 'time_iter': 0.1129, 'accuracy': 0.9991}
train: {'epoch': 309, 'eta': 12.5405, 'loss': 0.652, 'lr': 0.0012, 'params': 632328, 'time_iter': 0.1032, 'accuracy': 0.9991}
train: {'epoch': 310, 'eta': 12.4202, 'loss': 0.6519, 'lr': 0.0012, 'params': 632328, 'time_iter': 0.2061, 'accuracy': 0.9991}
train: {'epoch': 311, 'eta': 12.2877, 'loss': 0.6519, 'lr': 0.0012, 'params': 632328, 'time_iter': 0.1645, 'accuracy': 0.9991}
train: {'epoch': 312, 'eta': 12.146, 'loss': 0.6518, 'lr': 0.0011, 'params': 632328, 'time_iter': 0.1323, 'accuracy': 0.9991}
train: {'epoch': 313, 'eta': 12.0004, 'loss': 0.6518, 'lr': 0.0011, 'params': 632328, 'time_iter': 0.1174, 'accuracy': 0.9991}
train: {'epoch': 314, 'eta': 11.9846, 'loss': 0.6518, 'lr': 0.0011, 'params': 632328, 'time_iter': 0.5983, 'accuracy': 0.9991}
train: {'epoch': 315, 'eta': 11.8524, 'loss': 0.6517, 'lr': 0.0011, 'params': 632328, 'time_iter': 0.1741, 'accuracy': 0.9991}
train: {'epoch': 316, 'eta': 11.7157, 'loss': 0.6517, 'lr': 0.001, 'params': 632328, 'time_iter': 0.1576, 'accuracy': 0.9991}
train: {'epoch': 317, 'eta': 11.5694, 'loss': 0.6517, 'lr': 0.001, 'params': 632328, 'time_iter': 0.1213, 'accuracy': 0.9991}
train: {'epoch': 318, 'eta': 11.4276, 'loss': 0.6517, 'lr': 0.001, 'params': 632328, 'time_iter': 0.1385, 'accuracy': 0.9991}
train: {'epoch': 319, 'eta': 11.277, 'loss': 0.6517, 'lr': 0.001, 'params': 632328, 'time_iter': 0.1029, 'accuracy': 0.9991}
val: {'epoch': 319, 'loss': 1.0518, 'lr': 0, 'params': 632328, 'time_iter': 0.0505, 'accuracy': 0.8708}
train: {'epoch': 320, 'eta': 11.129, 'loss': 0.6516, 'lr': 0.001, 'params': 632328, 'time_iter': 0.1122, 'accuracy': 0.9991}
train: {'epoch': 321, 'eta': 10.9827, 'loss': 0.6516, 'lr': 0.0009, 'params': 632328, 'time_iter': 0.1184, 'accuracy': 0.9991}
train: {'epoch': 322, 'eta': 10.8351, 'loss': 0.6516, 'lr': 0.0009, 'params': 632328, 'time_iter': 0.1125, 'accuracy': 0.9991}
train: {'epoch': 323, 'eta': 10.6912, 'loss': 0.6516, 'lr': 0.0009, 'params': 632328, 'time_iter': 0.1271, 'accuracy': 0.9991}
train: {'epoch': 324, 'eta': 10.5444, 'loss': 0.6515, 'lr': 0.0009, 'params': 632328, 'time_iter': 0.114, 'accuracy': 0.9991}
train: {'epoch': 325, 'eta': 10.3982, 'loss': 0.6515, 'lr': 0.0008, 'params': 632328, 'time_iter': 0.1159, 'accuracy': 0.9991}
train: {'epoch': 326, 'eta': 10.2496, 'loss': 0.6515, 'lr': 0.0008, 'params': 632328, 'time_iter': 0.1043, 'accuracy': 0.9991}
train: {'epoch': 327, 'eta': 10.1077, 'loss': 0.6515, 'lr': 0.0008, 'params': 632328, 'time_iter': 0.1335, 'accuracy': 0.9991}
train: {'epoch': 328, 'eta': 9.9663, 'loss': 0.6515, 'lr': 0.0008, 'params': 632328, 'time_iter': 0.1359, 'accuracy': 0.9991}
train: {'epoch': 329, 'eta': 9.8205, 'loss': 0.6515, 'lr': 0.0008, 'params': 632328, 'time_iter': 0.1148, 'accuracy': 0.9991}
train: {'epoch': 330, 'eta': 9.6748, 'loss': 0.6514, 'lr': 0.0007, 'params': 632328, 'time_iter': 0.1142, 'accuracy': 0.9991}
train: {'epoch': 331, 'eta': 9.5286, 'loss': 0.6514, 'lr': 0.0007, 'params': 632328, 'time_iter': 0.1108, 'accuracy': 0.9991}
train: {'epoch': 332, 'eta': 9.3831, 'loss': 0.6514, 'lr': 0.0007, 'params': 632328, 'time_iter': 0.1136, 'accuracy': 0.9991}
train: {'epoch': 333, 'eta': 9.2383, 'loss': 0.6514, 'lr': 0.0007, 'params': 632328, 'time_iter': 0.1158, 'accuracy': 0.9991}
train: {'epoch': 334, 'eta': 9.0934, 'loss': 0.6514, 'lr': 0.0007, 'params': 632328, 'time_iter': 0.115, 'accuracy': 0.9991}
train: {'epoch': 335, 'eta': 8.9469, 'loss': 0.6514, 'lr': 0.0006, 'params': 632328, 'time_iter': 0.105, 'accuracy': 0.9991}
train: {'epoch': 336, 'eta': 8.8029, 'loss': 0.6514, 'lr': 0.0006, 'params': 632328, 'time_iter': 0.1175, 'accuracy': 0.9991}
train: {'epoch': 337, 'eta': 8.6554, 'loss': 0.6514, 'lr': 0.0006, 'params': 632328, 'time_iter': 0.0969, 'accuracy': 0.9991}
train: {'epoch': 338, 'eta': 8.5181, 'loss': 0.6514, 'lr': 0.0006, 'params': 632328, 'time_iter': 0.1527, 'accuracy': 0.9991}
train: {'epoch': 339, 'eta': 8.3911, 'loss': 0.6513, 'lr': 0.0006, 'params': 632328, 'time_iter': 0.2115, 'accuracy': 0.9991}
val: {'epoch': 339, 'loss': 1.0542, 'lr': 0, 'params': 632328, 'time_iter': 0.065, 'accuracy': 0.8708}
train: {'epoch': 340, 'eta': 8.2512, 'loss': 0.6513, 'lr': 0.0005, 'params': 632328, 'time_iter': 0.1391, 'accuracy': 0.9991}
train: {'epoch': 341, 'eta': 8.1182, 'loss': 0.6513, 'lr': 0.0005, 'params': 632328, 'time_iter': 0.1806, 'accuracy': 0.9991}
train: {'epoch': 342, 'eta': 7.9761, 'loss': 0.6513, 'lr': 0.0005, 'params': 632328, 'time_iter': 0.1268, 'accuracy': 0.9991}
train: {'epoch': 343, 'eta': 7.8352, 'loss': 0.6513, 'lr': 0.0005, 'params': 632328, 'time_iter': 0.134, 'accuracy': 0.9991}
train: {'epoch': 344, 'eta': 7.7078, 'loss': 0.6513, 'lr': 0.0005, 'params': 632328, 'time_iter': 0.2189, 'accuracy': 0.9991}
train: {'epoch': 345, 'eta': 7.5704, 'loss': 0.6513, 'lr': 0.0005, 'params': 632328, 'time_iter': 0.1571, 'accuracy': 0.9991}
train: {'epoch': 346, 'eta': 7.4337, 'loss': 0.6513, 'lr': 0.0004, 'params': 632328, 'time_iter': 0.1636, 'accuracy': 0.9991}
train: {'epoch': 347, 'eta': 7.3028, 'loss': 0.6513, 'lr': 0.0004, 'params': 632328, 'time_iter': 0.203, 'accuracy': 0.9991}
train: {'epoch': 348, 'eta': 7.164, 'loss': 0.6513, 'lr': 0.0004, 'params': 632328, 'time_iter': 0.151, 'accuracy': 0.9991}
train: {'epoch': 349, 'eta': 7.025, 'loss': 0.6513, 'lr': 0.0004, 'params': 632328, 'time_iter': 0.1507, 'accuracy': 0.9991}
train: {'epoch': 350, 'eta': 6.8886, 'loss': 0.6513, 'lr': 0.0004, 'params': 632328, 'time_iter': 0.1704, 'accuracy': 0.9991}
train: {'epoch': 351, 'eta': 6.7477, 'loss': 0.6513, 'lr': 0.0004, 'params': 632328, 'time_iter': 0.1383, 'accuracy': 0.9991}
train: {'epoch': 352, 'eta': 6.6025, 'loss': 0.6512, 'lr': 0.0004, 'params': 632328, 'time_iter': 0.1056, 'accuracy': 0.9991}
train: {'epoch': 353, 'eta': 6.462, 'loss': 0.6512, 'lr': 0.0003, 'params': 632328, 'time_iter': 0.1405, 'accuracy': 0.9991}
train: {'epoch': 354, 'eta': 6.3217, 'loss': 0.6512, 'lr': 0.0003, 'params': 632328, 'time_iter': 0.1417, 'accuracy': 0.9991}
train: {'epoch': 355, 'eta': 6.1786, 'loss': 0.6512, 'lr': 0.0003, 'params': 632328, 'time_iter': 0.119, 'accuracy': 0.9991}
train: {'epoch': 356, 'eta': 6.0359, 'loss': 0.6512, 'lr': 0.0003, 'params': 632328, 'time_iter': 0.1217, 'accuracy': 0.9991}
train: {'epoch': 357, 'eta': 5.8965, 'loss': 0.6512, 'lr': 0.0003, 'params': 632328, 'time_iter': 0.1491, 'accuracy': 0.9991}
train: {'epoch': 358, 'eta': 5.7558, 'loss': 0.6512, 'lr': 0.0003, 'params': 632328, 'time_iter': 0.1371, 'accuracy': 0.9991}
train: {'epoch': 359, 'eta': 5.6122, 'loss': 0.6512, 'lr': 0.0003, 'params': 632328, 'time_iter': 0.1116, 'accuracy': 0.9991}
val: {'epoch': 359, 'loss': 1.056, 'lr': 0, 'params': 632328, 'time_iter': 0.0533, 'accuracy': 0.8708}
train: {'epoch': 360, 'eta': 5.4676, 'loss': 0.6512, 'lr': 0.0002, 'params': 632328, 'time_iter': 0.1006, 'accuracy': 0.9991}
train: {'epoch': 361, 'eta': 5.3269, 'loss': 0.6512, 'lr': 0.0002, 'params': 632328, 'time_iter': 0.1357, 'accuracy': 0.9991}
train: {'epoch': 362, 'eta': 5.1831, 'loss': 0.6512, 'lr': 0.0002, 'params': 632328, 'time_iter': 0.105, 'accuracy': 0.9991}
train: {'epoch': 363, 'eta': 5.0407, 'loss': 0.6512, 'lr': 0.0002, 'params': 632328, 'time_iter': 0.1164, 'accuracy': 0.9991}
train: {'epoch': 364, 'eta': 4.898, 'loss': 0.6512, 'lr': 0.0002, 'params': 632328, 'time_iter': 0.1114, 'accuracy': 0.9991}
train: {'epoch': 365, 'eta': 4.7575, 'loss': 0.6512, 'lr': 0.0002, 'params': 632328, 'time_iter': 0.134, 'accuracy': 0.9991}
train: {'epoch': 366, 'eta': 4.6151, 'loss': 0.6512, 'lr': 0.0002, 'params': 632328, 'time_iter': 0.1132, 'accuracy': 0.9991}
train: {'epoch': 367, 'eta': 4.4809, 'loss': 0.6512, 'lr': 0.0002, 'params': 632328, 'time_iter': 0.204, 'accuracy': 0.9991}
train: {'epoch': 368, 'eta': 4.3426, 'loss': 0.6512, 'lr': 0.0002, 'params': 632328, 'time_iter': 0.1608, 'accuracy': 0.9991}
train: {'epoch': 369, 'eta': 4.2031, 'loss': 0.6512, 'lr': 0.0001, 'params': 632328, 'time_iter': 0.147, 'accuracy': 0.9991}
train: {'epoch': 370, 'eta': 4.062, 'loss': 0.6512, 'lr': 0.0001, 'params': 632328, 'time_iter': 0.1275, 'accuracy': 0.9991}
train: {'epoch': 371, 'eta': 3.9197, 'loss': 0.6512, 'lr': 0.0001, 'params': 632328, 'time_iter': 0.1105, 'accuracy': 0.9991}
train: {'epoch': 372, 'eta': 3.7789, 'loss': 0.6512, 'lr': 0.0001, 'params': 632328, 'time_iter': 0.1284, 'accuracy': 0.9991}
train: {'epoch': 373, 'eta': 3.6378, 'loss': 0.6512, 'lr': 0.0001, 'params': 632328, 'time_iter': 0.1248, 'accuracy': 0.9991}
train: {'epoch': 374, 'eta': 3.4958, 'loss': 0.6512, 'lr': 0.0001, 'params': 632328, 'time_iter': 0.1077, 'accuracy': 0.9991}
train: {'epoch': 375, 'eta': 3.3572, 'loss': 0.6512, 'lr': 0.0001, 'params': 632328, 'time_iter': 0.1596, 'accuracy': 0.9991}
train: {'epoch': 376, 'eta': 3.2165, 'loss': 0.6512, 'lr': 0.0001, 'params': 632328, 'time_iter': 0.1256, 'accuracy': 0.9991}
train: {'epoch': 377, 'eta': 3.0746, 'loss': 0.6512, 'lr': 0.0001, 'params': 632328, 'time_iter': 0.1055, 'accuracy': 0.9991}
train: {'epoch': 378, 'eta': 2.9337, 'loss': 0.6512, 'lr': 0.0001, 'params': 632328, 'time_iter': 0.119, 'accuracy': 0.9991}
train: {'epoch': 379, 'eta': 2.817, 'loss': 0.6512, 'lr': 0.0001, 'params': 632328, 'time_iter': 0.5766, 'accuracy': 0.9991}
val: {'epoch': 379, 'loss': 1.0575, 'lr': 0, 'params': 632328, 'time_iter': 0.1773, 'accuracy': 0.8708}
train: {'epoch': 380, 'eta': 2.679, 'loss': 0.6512, 'lr': 0.0001, 'params': 632328, 'time_iter': 0.197, 'accuracy': 0.9991}
train: {'epoch': 381, 'eta': 2.5382, 'loss': 0.6512, 'lr': 0.0001, 'params': 632328, 'time_iter': 0.1457, 'accuracy': 0.9991}
train: {'epoch': 382, 'eta': 2.3971, 'loss': 0.6512, 'lr': 0.0, 'params': 632328, 'time_iter': 0.1404, 'accuracy': 0.9991}
train: {'epoch': 383, 'eta': 2.2552, 'loss': 0.6512, 'lr': 0.0, 'params': 632328, 'time_iter': 0.1189, 'accuracy': 0.9991}
train: {'epoch': 384, 'eta': 2.114, 'loss': 0.6512, 'lr': 0.0, 'params': 632328, 'time_iter': 0.1351, 'accuracy': 0.9991}
train: {'epoch': 385, 'eta': 1.9733, 'loss': 0.6512, 'lr': 0.0, 'params': 632328, 'time_iter': 0.1452, 'accuracy': 0.9991}
train: {'epoch': 386, 'eta': 1.8321, 'loss': 0.6512, 'lr': 0.0, 'params': 632328, 'time_iter': 0.1356, 'accuracy': 0.9991}
train: {'epoch': 387, 'eta': 1.6907, 'loss': 0.6512, 'lr': 0.0, 'params': 632328, 'time_iter': 0.1238, 'accuracy': 0.9991}
train: {'epoch': 388, 'eta': 1.5503, 'loss': 0.6512, 'lr': 0.0, 'params': 632328, 'time_iter': 0.1587, 'accuracy': 0.9991}
train: {'epoch': 389, 'eta': 1.4085, 'loss': 0.6512, 'lr': 0.0, 'params': 632328, 'time_iter': 0.1069, 'accuracy': 0.9991}
train: {'epoch': 390, 'eta': 1.2675, 'loss': 0.6512, 'lr': 0.0, 'params': 632328, 'time_iter': 0.1376, 'accuracy': 0.9991}
train: {'epoch': 391, 'eta': 1.1296, 'loss': 0.6512, 'lr': 0.0, 'params': 632328, 'time_iter': 0.282, 'accuracy': 0.9991}
train: {'epoch': 392, 'eta': 0.9895, 'loss': 0.6512, 'lr': 0.0, 'params': 632328, 'time_iter': 0.2009, 'accuracy': 0.9991}
train: {'epoch': 393, 'eta': 0.8577, 'loss': 0.6512, 'lr': 0.0, 'params': 632328, 'time_iter': 0.7731, 'accuracy': 0.9991}
train: {'epoch': 394, 'eta': 0.7157, 'loss': 0.6512, 'lr': 0.0, 'params': 632328, 'time_iter': 0.2147, 'accuracy': 0.9991}
train: {'epoch': 395, 'eta': 0.5724, 'loss': 0.6512, 'lr': 0.0, 'params': 632328, 'time_iter': 0.1337, 'accuracy': 0.9991}
train: {'epoch': 396, 'eta': 0.4291, 'loss': 0.6512, 'lr': 0.0, 'params': 632328, 'time_iter': 0.115, 'accuracy': 0.9991}
train: {'epoch': 397, 'eta': 0.2858, 'loss': 0.6512, 'lr': 0.0, 'params': 632328, 'time_iter': 0.0946, 'accuracy': 0.9991}
train: {'epoch': 398, 'eta': 0.1429, 'loss': 0.6512, 'lr': 0.0, 'params': 632328, 'time_iter': 0.1389, 'accuracy': 0.9991}
train: {'epoch': 399, 'eta': 0.0, 'loss': 0.6512, 'lr': 0.0, 'params': 632328, 'time_iter': 0.138, 'accuracy': 0.9991}
val: {'epoch': 399, 'loss': 1.0583, 'lr': 0, 'params': 632328, 'time_iter': 0.0493, 'accuracy': 0.8708}
Task done, results saved in results/example_noneq
Results aggregated across runs saved in results/example_noneq/agg
