Load: 0.04536s, Before split: 0.000114s, Split: 0.000895s, After split: 0.001029s
GNN(
  (preprocess): Preprocess(
    node_feature: dim_out=1433
    Total: dim_out=1433
  )
  (pre_mp): GeneralMultiLayer(
    (Layer_0): GeneralLayer(
      (layer): Linear(
        (model): Linear(in_features=1433, out_features=256, bias=False)
      )
      (post_layer): Sequential(
        (0): BatchNorm1d(256, eps=1e-05, momentum=0.1, affine=True, track_running_stats=True)
        (1): PReLU(num_parameters=1)
      )
    )
  )
  (mp): GNNStackStage(
    (layer0): GeneralLayer(
      (layer): GeneralConv(
        (model): GeneralConvLayer(256, 256)
      )
      (post_layer): Sequential(
        (0): BatchNorm1d(256, eps=1e-05, momentum=0.1, affine=True, track_running_stats=True)
        (1): PReLU(num_parameters=1)
      )
    )
    (layer1): GeneralLayer(
      (layer): GeneralConv(
        (model): GeneralConvLayer(256, 256)
      )
      (post_layer): Sequential(
        (0): BatchNorm1d(256, eps=1e-05, momentum=0.1, affine=True, track_running_stats=True)
        (1): PReLU(num_parameters=1)
      )
    )
  )
  (post_mp): GNNNodeHead(
    (layer_post_mp): MLP(
      (model): Sequential(
        (0): Linear(
          (model): Linear(in_features=256, out_features=7, bias=True)
        )
      )
    )
  )
)
bn:
  eps: 1e-05
  mom: 0.1
cfg_dest: config.yaml
custom_metrics: []
dataset:
  augment_feature: []
  augment_feature_dims: []
  augment_feature_repr: position
  augment_label: 
  augment_label_dims: 0
  cache_load: False
  cache_save: False
  dir: ./datasets
  edge_dim: 128
  edge_encoder: False
  edge_encoder_bn: True
  edge_encoder_name: Bond
  edge_message_ratio: 0.8
  edge_negative_sampling_ratio: 1.0
  edge_train_mode: all
  encoder: True
  encoder_bn: True
  encoder_dim: 128
  encoder_name: db
  format: PyG
  label_column: none
  label_table: none
  location: local
  name: Cora
  node_encoder: False
  node_encoder_bn: True
  node_encoder_name: Atom
  remove_feature: False
  resample_disjoint: False
  resample_negative: False
  shuffle_split: True
  split: [0.8, 0.2]
  split_mode: random
  task: node
  task_type: classification
  to_undirected: False
  transductive: True
  transform: none
  tu_simple: True
device: cpu
example_arg: example
example_group:
  example_arg: example
gnn:
  act: prelu
  agg: add
  att_final_linear: False
  att_final_linear_bn: False
  att_heads: 1
  batchnorm: True
  clear_feature: True
  dim_inner: 256
  dropout: 0.0
  flow: source_to_target
  head: node
  keep_edge: 0.5
  l2norm: True
  layer_type: generalconv
  layers_mp: 2
  layers_post_mp: 1
  layers_pre_mp: 1
  msg_direction: single
  normalize_adj: False
  self_msg: concat
  skip_every: 1
  stage_type: stack
gpu_mem: False
mem:
  inplace: False
metric_agg: argmax
metric_best: auto
model:
  edge_decoding: dot
  graph_pooling: add
  loss_fun: cross_entropy
  match_upper: True
  size_average: mean
  thresh: 0.5
  type: gnn
num_threads: 6
num_workers: 0
optim:
  base_lr: 0.01
  lr_decay: 0.1
  max_epoch: 400
  momentum: 0.9
  optimizer: adam
  scheduler: cos
  steps: [30, 60, 90]
  weight_decay: 0.0005
out_dir: results/example_cpu
print: both
round: 4
run_dir: results/example_cpu/0
seed: 1
share:
  dim_in: 1433
  dim_out: 7
  num_splits: 2
tensorboard_agg: True
tensorboard_each_run: False
train:
  auto_resume: False
  batch_size: 32
  ckpt_clean: True
  ckpt_period: 100
  enable_ckpt: True
  epoch_resume: -1
  eval_period: 20
  iter_per_epoch: 32
  mode: standard
  neighbor_sizes: [20, 15, 10, 5]
  node_per_graph: 32
  radius: extend
  sample_node: False
  sampler: full_batch
  skip_train_eval: False
  walk_length: 4
val:
  node_per_graph: 32
  radius: extend
  sample_node: False
  sampler: full_batch
view_emb: False
Num parameters: 632328
Start from epoch 0
train: {'epoch': 0, 'eta': 41.8339, 'loss': 1.9459, 'lr': 0.01, 'params': 632328, 'time_iter': 0.1048, 'accuracy': 0.1302}
val: {'epoch': 0, 'loss': 1.8403, 'lr': 0, 'params': 632328, 'time_iter': 0.0167, 'accuracy': 0.3782}
train: {'epoch': 1, 'eta': 29.17, 'loss': 1.5559, 'lr': 0.01, 'params': 632328, 'time_iter': 0.0417, 'accuracy': 0.6168}
train: {'epoch': 2, 'eta': 24.9589, 'loss': 1.2828, 'lr': 0.01, 'params': 632328, 'time_iter': 0.042, 'accuracy': 0.735}
train: {'epoch': 3, 'eta': 22.6897, 'loss': 1.0957, 'lr': 0.01, 'params': 632328, 'time_iter': 0.0406, 'accuracy': 0.7849}
train: {'epoch': 4, 'eta': 21.3125, 'loss': 0.9393, 'lr': 0.01, 'params': 632328, 'time_iter': 0.0406, 'accuracy': 0.8444}
train: {'epoch': 5, 'eta': 20.0012, 'loss': 0.8194, 'lr': 0.01, 'params': 632328, 'time_iter': 0.0348, 'accuracy': 0.8772}
train: {'epoch': 6, 'eta': 19.2494, 'loss': 0.7308, 'lr': 0.01, 'params': 632328, 'time_iter': 0.0383, 'accuracy': 0.8952}
train: {'epoch': 7, 'eta': 18.7704, 'loss': 0.6513, 'lr': 0.01, 'params': 632328, 'time_iter': 0.0402, 'accuracy': 0.9063}
train: {'epoch': 8, 'eta': 18.3782, 'loss': 0.5857, 'lr': 0.01, 'params': 632328, 'time_iter': 0.04, 'accuracy': 0.9151}
train: {'epoch': 9, 'eta': 18.1553, 'loss': 0.529, 'lr': 0.01, 'params': 632328, 'time_iter': 0.0425, 'accuracy': 0.9229}
train: {'epoch': 10, 'eta': 17.8549, 'loss': 0.4796, 'lr': 0.01, 'params': 632328, 'time_iter': 0.0394, 'accuracy': 0.928}
train: {'epoch': 11, 'eta': 17.5055, 'loss': 0.4342, 'lr': 0.01, 'params': 632328, 'time_iter': 0.0365, 'accuracy': 0.9307}
train: {'epoch': 12, 'eta': 17.1821, 'loss': 0.3942, 'lr': 0.01, 'params': 632328, 'time_iter': 0.0358, 'accuracy': 0.9377}
train: {'epoch': 13, 'eta': 17.0621, 'loss': 0.3591, 'lr': 0.01, 'params': 632328, 'time_iter': 0.0417, 'accuracy': 0.9409}
train: {'epoch': 14, 'eta': 16.8525, 'loss': 0.3265, 'lr': 0.01, 'params': 632328, 'time_iter': 0.0378, 'accuracy': 0.9464}
train: {'epoch': 15, 'eta': 16.6353, 'loss': 0.2989, 'lr': 0.01, 'params': 632328, 'time_iter': 0.0365, 'accuracy': 0.9497}
train: {'epoch': 16, 'eta': 16.4195, 'loss': 0.273, 'lr': 0.01, 'params': 632328, 'time_iter': 0.0357, 'accuracy': 0.9538}
train: {'epoch': 17, 'eta': 16.2965, 'loss': 0.2502, 'lr': 0.01, 'params': 632328, 'time_iter': 0.0391, 'accuracy': 0.9594}
train: {'epoch': 18, 'eta': 16.1587, 'loss': 0.231, 'lr': 0.01, 'params': 632328, 'time_iter': 0.0379, 'accuracy': 0.9621}
train: {'epoch': 19, 'eta': 16.0102, 'loss': 0.2134, 'lr': 0.0099, 'params': 632328, 'time_iter': 0.0368, 'accuracy': 0.9649}
val: {'epoch': 19, 'loss': 0.5144, 'lr': 0, 'params': 632328, 'time_iter': 0.0146, 'accuracy': 0.8524}
train: {'epoch': 20, 'eta': 15.9174, 'loss': 0.1975, 'lr': 0.0099, 'params': 632328, 'time_iter': 0.0393, 'accuracy': 0.97}
train: {'epoch': 21, 'eta': 15.8055, 'loss': 0.1841, 'lr': 0.0099, 'params': 632328, 'time_iter': 0.0379, 'accuracy': 0.9723}
train: {'epoch': 22, 'eta': 15.6535, 'loss': 0.1725, 'lr': 0.0099, 'params': 632328, 'time_iter': 0.0351, 'accuracy': 0.9714}
train: {'epoch': 23, 'eta': 15.5006, 'loss': 0.1607, 'lr': 0.0099, 'params': 632328, 'time_iter': 0.0344, 'accuracy': 0.9714}
train: {'epoch': 24, 'eta': 15.3985, 'loss': 0.1568, 'lr': 0.0099, 'params': 632328, 'time_iter': 0.0372, 'accuracy': 0.9774}
train: {'epoch': 25, 'eta': 15.3724, 'loss': 0.1597, 'lr': 0.0099, 'params': 632328, 'time_iter': 0.0421, 'accuracy': 0.9705}
train: {'epoch': 26, 'eta': 15.3845, 'loss': 0.1368, 'lr': 0.0099, 'params': 632328, 'time_iter': 0.045, 'accuracy': 0.9765}
train: {'epoch': 27, 'eta': 15.315, 'loss': 0.1393, 'lr': 0.0099, 'params': 632328, 'time_iter': 0.0391, 'accuracy': 0.9769}
train: {'epoch': 28, 'eta': 15.21, 'loss': 0.1275, 'lr': 0.0099, 'params': 632328, 'time_iter': 0.0362, 'accuracy': 0.9765}
train: {'epoch': 29, 'eta': 15.1524, 'loss': 0.1222, 'lr': 0.0099, 'params': 632328, 'time_iter': 0.0397, 'accuracy': 0.9751}
train: {'epoch': 30, 'eta': 15.0517, 'loss': 0.1099, 'lr': 0.0099, 'params': 632328, 'time_iter': 0.0359, 'accuracy': 0.9829}
train: {'epoch': 31, 'eta': 14.9838, 'loss': 0.1095, 'lr': 0.0099, 'params': 632328, 'time_iter': 0.0384, 'accuracy': 0.9811}
train: {'epoch': 32, 'eta': 14.889, 'loss': 0.0959, 'lr': 0.0098, 'params': 632328, 'time_iter': 0.0359, 'accuracy': 0.9857}
train: {'epoch': 33, 'eta': 14.843, 'loss': 0.0927, 'lr': 0.0098, 'params': 632328, 'time_iter': 0.0401, 'accuracy': 0.9875}
train: {'epoch': 34, 'eta': 14.7897, 'loss': 0.0883, 'lr': 0.0098, 'params': 632328, 'time_iter': 0.0393, 'accuracy': 0.9871}
train: {'epoch': 35, 'eta': 14.7263, 'loss': 0.0834, 'lr': 0.0098, 'params': 632328, 'time_iter': 0.0383, 'accuracy': 0.9889}
train: {'epoch': 36, 'eta': 14.6953, 'loss': 0.0822, 'lr': 0.0098, 'params': 632328, 'time_iter': 0.0414, 'accuracy': 0.9866}
train: {'epoch': 37, 'eta': 14.9387, 'loss': 0.0771, 'lr': 0.0098, 'params': 632328, 'time_iter': 0.0703, 'accuracy': 0.9875}
train: {'epoch': 38, 'eta': 14.8524, 'loss': 0.0785, 'lr': 0.0098, 'params': 632328, 'time_iter': 0.0364, 'accuracy': 0.9871}
train: {'epoch': 39, 'eta': 14.7879, 'loss': 0.0811, 'lr': 0.0098, 'params': 632328, 'time_iter': 0.0385, 'accuracy': 0.988}
val: {'epoch': 39, 'loss': 0.6178, 'lr': 0, 'params': 632328, 'time_iter': 0.0167, 'accuracy': 0.8266}
train: {'epoch': 40, 'eta': 14.7188, 'loss': 0.0737, 'lr': 0.0098, 'params': 632328, 'time_iter': 0.0379, 'accuracy': 0.9922}
train: {'epoch': 41, 'eta': 14.6516, 'loss': 0.0737, 'lr': 0.0097, 'params': 632328, 'time_iter': 0.0379, 'accuracy': 0.9875}
train: {'epoch': 42, 'eta': 14.5609, 'loss': 0.069, 'lr': 0.0097, 'params': 632328, 'time_iter': 0.0349, 'accuracy': 0.9894}
train: {'epoch': 43, 'eta': 14.4905, 'loss': 0.0596, 'lr': 0.0097, 'params': 632328, 'time_iter': 0.0371, 'accuracy': 0.9926}
train: {'epoch': 44, 'eta': 14.4501, 'loss': 0.0561, 'lr': 0.0097, 'params': 632328, 'time_iter': 0.0407, 'accuracy': 0.9931}
train: {'epoch': 45, 'eta': 14.3801, 'loss': 0.0529, 'lr': 0.0097, 'params': 632328, 'time_iter': 0.0369, 'accuracy': 0.9935}
train: {'epoch': 46, 'eta': 14.3081, 'loss': 0.0466, 'lr': 0.0097, 'params': 632328, 'time_iter': 0.0365, 'accuracy': 0.9958}
train: {'epoch': 47, 'eta': 14.2466, 'loss': 0.0467, 'lr': 0.0097, 'params': 632328, 'time_iter': 0.0377, 'accuracy': 0.9945}
train: {'epoch': 48, 'eta': 14.1784, 'loss': 0.0403, 'lr': 0.0096, 'params': 632328, 'time_iter': 0.0366, 'accuracy': 0.9972}
train: {'epoch': 49, 'eta': 14.1241, 'loss': 0.0389, 'lr': 0.0096, 'params': 632328, 'time_iter': 0.0384, 'accuracy': 0.9982}
train: {'epoch': 50, 'eta': 14.0839, 'loss': 0.0407, 'lr': 0.0096, 'params': 632328, 'time_iter': 0.0404, 'accuracy': 0.9958}
train: {'epoch': 51, 'eta': 14.0538, 'loss': 0.0357, 'lr': 0.0096, 'params': 632328, 'time_iter': 0.0419, 'accuracy': 0.9977}
train: {'epoch': 52, 'eta': 13.9929, 'loss': 0.0342, 'lr': 0.0096, 'params': 632328, 'time_iter': 0.0373, 'accuracy': 0.9958}
train: {'epoch': 53, 'eta': 13.9329, 'loss': 0.0352, 'lr': 0.0096, 'params': 632328, 'time_iter': 0.0372, 'accuracy': 0.9972}
train: {'epoch': 54, 'eta': 13.8702, 'loss': 0.0358, 'lr': 0.0096, 'params': 632328, 'time_iter': 0.0367, 'accuracy': 0.9972}
train: {'epoch': 55, 'eta': 13.7962, 'loss': 0.0346, 'lr': 0.0095, 'params': 632328, 'time_iter': 0.0347, 'accuracy': 0.9977}
train: {'epoch': 56, 'eta': 13.7463, 'loss': 0.0341, 'lr': 0.0095, 'params': 632328, 'time_iter': 0.0385, 'accuracy': 0.9991}
train: {'epoch': 57, 'eta': 13.701, 'loss': 0.0378, 'lr': 0.0095, 'params': 632328, 'time_iter': 0.0392, 'accuracy': 0.9968}
train: {'epoch': 58, 'eta': 13.65, 'loss': 0.0411, 'lr': 0.0095, 'params': 632328, 'time_iter': 0.0382, 'accuracy': 0.9963}
train: {'epoch': 59, 'eta': 13.5911, 'loss': 0.036, 'lr': 0.0095, 'params': 632328, 'time_iter': 0.0367, 'accuracy': 0.9958}
val: {'epoch': 59, 'loss': 0.6517, 'lr': 0, 'params': 632328, 'time_iter': 0.0146, 'accuracy': 0.8081}
train: {'epoch': 60, 'eta': 13.6788, 'loss': 0.0673, 'lr': 0.0095, 'params': 632328, 'time_iter': 0.063, 'accuracy': 0.9898}
train: {'epoch': 61, 'eta': 13.6243, 'loss': 0.0705, 'lr': 0.0094, 'params': 632328, 'time_iter': 0.0377, 'accuracy': 0.9871}
train: {'epoch': 62, 'eta': 13.9567, 'loss': 0.0533, 'lr': 0.0094, 'params': 632328, 'time_iter': 0.11, 'accuracy': 0.9917}
train: {'epoch': 63, 'eta': 13.8923, 'loss': 0.0494, 'lr': 0.0094, 'params': 632328, 'time_iter': 0.037, 'accuracy': 0.9931}
train: {'epoch': 64, 'eta': 13.8294, 'loss': 0.0337, 'lr': 0.0094, 'params': 632328, 'time_iter': 0.0372, 'accuracy': 0.9977}
train: {'epoch': 65, 'eta': 13.797, 'loss': 0.0421, 'lr': 0.0094, 'params': 632328, 'time_iter': 0.043, 'accuracy': 0.9972}
train: {'epoch': 66, 'eta': 13.7519, 'loss': 0.0315, 'lr': 0.0093, 'params': 632328, 'time_iter': 0.0405, 'accuracy': 0.9991}
train: {'epoch': 67, 'eta': 13.6776, 'loss': 0.0299, 'lr': 0.0093, 'params': 632328, 'time_iter': 0.0345, 'accuracy': 0.9995}
train: {'epoch': 68, 'eta': 13.6575, 'loss': 0.0276, 'lr': 0.0093, 'params': 632328, 'time_iter': 0.0456, 'accuracy': 0.9995}
train: {'epoch': 69, 'eta': 13.6156, 'loss': 0.0266, 'lr': 0.0093, 'params': 632328, 'time_iter': 0.0411, 'accuracy': 0.9991}
train: {'epoch': 70, 'eta': 13.5551, 'loss': 0.0255, 'lr': 0.0093, 'params': 632328, 'time_iter': 0.0371, 'accuracy': 0.9995}
train: {'epoch': 71, 'eta': 13.4869, 'loss': 0.0243, 'lr': 0.0092, 'params': 632328, 'time_iter': 0.0353, 'accuracy': 1.0}
train: {'epoch': 72, 'eta': 13.4235, 'loss': 0.0228, 'lr': 0.0092, 'params': 632328, 'time_iter': 0.0361, 'accuracy': 1.0}
train: {'epoch': 73, 'eta': 13.3781, 'loss': 0.0215, 'lr': 0.0092, 'params': 632328, 'time_iter': 0.0401, 'accuracy': 1.0}
train: {'epoch': 74, 'eta': 13.3118, 'loss': 0.0211, 'lr': 0.0092, 'params': 632328, 'time_iter': 0.0352, 'accuracy': 1.0}
train: {'epoch': 75, 'eta': 13.2519, 'loss': 0.02, 'lr': 0.0092, 'params': 632328, 'time_iter': 0.0365, 'accuracy': 1.0}
train: {'epoch': 76, 'eta': 13.2033, 'loss': 0.0194, 'lr': 0.0091, 'params': 632328, 'time_iter': 0.0391, 'accuracy': 1.0}
train: {'epoch': 77, 'eta': 13.1662, 'loss': 0.0186, 'lr': 0.0091, 'params': 632328, 'time_iter': 0.0418, 'accuracy': 1.0}
train: {'epoch': 78, 'eta': 13.1155, 'loss': 0.018, 'lr': 0.0091, 'params': 632328, 'time_iter': 0.0385, 'accuracy': 1.0}
train: {'epoch': 79, 'eta': 13.0523, 'loss': 0.0177, 'lr': 0.0091, 'params': 632328, 'time_iter': 0.0353, 'accuracy': 1.0}
val: {'epoch': 79, 'loss': 0.5604, 'lr': 0, 'params': 632328, 'time_iter': 0.0137, 'accuracy': 0.8413}
train: {'epoch': 80, 'eta': 12.9906, 'loss': 0.0174, 'lr': 0.009, 'params': 632328, 'time_iter': 0.0355, 'accuracy': 1.0}
train: {'epoch': 81, 'eta': 12.9417, 'loss': 0.0169, 'lr': 0.009, 'params': 632328, 'time_iter': 0.0386, 'accuracy': 1.0}
train: {'epoch': 82, 'eta': 12.9021, 'loss': 0.0164, 'lr': 0.009, 'params': 632328, 'time_iter': 0.041, 'accuracy': 1.0}
train: {'epoch': 83, 'eta': 12.853, 'loss': 0.0161, 'lr': 0.009, 'params': 632328, 'time_iter': 0.0385, 'accuracy': 1.0}
train: {'epoch': 84, 'eta': 12.8002, 'loss': 0.0159, 'lr': 0.009, 'params': 632328, 'time_iter': 0.0374, 'accuracy': 1.0}
train: {'epoch': 85, 'eta': 12.7468, 'loss': 0.016, 'lr': 0.0089, 'params': 632328, 'time_iter': 0.0371, 'accuracy': 1.0}
train: {'epoch': 86, 'eta': 12.6906, 'loss': 0.0363, 'lr': 0.0089, 'params': 632328, 'time_iter': 0.0363, 'accuracy': 0.9935}
train: {'epoch': 87, 'eta': 12.635, 'loss': 0.4571, 'lr': 0.0089, 'params': 632328, 'time_iter': 0.0363, 'accuracy': 0.898}
train: {'epoch': 88, 'eta': 12.5811, 'loss': 1.0558, 'lr': 0.0089, 'params': 632328, 'time_iter': 0.0367, 'accuracy': 0.7262}
train: {'epoch': 89, 'eta': 12.5252, 'loss': 0.3245, 'lr': 0.0088, 'params': 632328, 'time_iter': 0.0359, 'accuracy': 0.9095}
train: {'epoch': 90, 'eta': 12.4685, 'loss': 0.3408, 'lr': 0.0088, 'params': 632328, 'time_iter': 0.0356, 'accuracy': 0.9137}
train: {'epoch': 91, 'eta': 12.4627, 'loss': 0.2934, 'lr': 0.0088, 'params': 632328, 'time_iter': 0.0507, 'accuracy': 0.9289}
train: {'epoch': 92, 'eta': 12.4217, 'loss': 0.2795, 'lr': 0.0088, 'params': 632328, 'time_iter': 0.0403, 'accuracy': 0.9363}
train: {'epoch': 93, 'eta': 12.3692, 'loss': 0.2477, 'lr': 0.0087, 'params': 632328, 'time_iter': 0.0367, 'accuracy': 0.9428}
train: {'epoch': 94, 'eta': 12.315, 'loss': 0.2251, 'lr': 0.0087, 'params': 632328, 'time_iter': 0.0361, 'accuracy': 0.9478}
train: {'epoch': 95, 'eta': 12.265, 'loss': 0.2035, 'lr': 0.0087, 'params': 632328, 'time_iter': 0.0373, 'accuracy': 0.952}
train: {'epoch': 96, 'eta': 12.2271, 'loss': 0.1821, 'lr': 0.0086, 'params': 632328, 'time_iter': 0.0411, 'accuracy': 0.9575}
train: {'epoch': 97, 'eta': 12.1765, 'loss': 0.162, 'lr': 0.0086, 'params': 632328, 'time_iter': 0.037, 'accuracy': 0.9658}
train: {'epoch': 98, 'eta': 12.1188, 'loss': 0.1462, 'lr': 0.0086, 'params': 632328, 'time_iter': 0.0346, 'accuracy': 0.9686}
train: {'epoch': 99, 'eta': 12.0786, 'loss': 0.1363, 'lr': 0.0086, 'params': 632328, 'time_iter': 0.0403, 'accuracy': 0.9695}
val: {'epoch': 99, 'loss': 0.4822, 'lr': 0, 'params': 632328, 'time_iter': 0.015, 'accuracy': 0.8432}
train: {'epoch': 100, 'eta': 12.033, 'loss': 0.1289, 'lr': 0.0085, 'params': 632328, 'time_iter': 0.0385, 'accuracy': 0.9741}
train: {'epoch': 101, 'eta': 11.9821, 'loss': 0.1218, 'lr': 0.0085, 'params': 632328, 'time_iter': 0.0366, 'accuracy': 0.9769}
train: {'epoch': 102, 'eta': 11.9314, 'loss': 0.1148, 'lr': 0.0085, 'params': 632328, 'time_iter': 0.0365, 'accuracy': 0.9792}
train: {'epoch': 103, 'eta': 11.8888, 'loss': 0.1079, 'lr': 0.0085, 'params': 632328, 'time_iter': 0.0393, 'accuracy': 0.9815}
train: {'epoch': 104, 'eta': 11.8336, 'loss': 0.101, 'lr': 0.0084, 'params': 632328, 'time_iter': 0.0348, 'accuracy': 0.982}
train: {'epoch': 105, 'eta': 11.7867, 'loss': 0.0946, 'lr': 0.0084, 'params': 632328, 'time_iter': 0.0376, 'accuracy': 0.9838}
train: {'epoch': 106, 'eta': 11.7354, 'loss': 0.0893, 'lr': 0.0084, 'params': 632328, 'time_iter': 0.036, 'accuracy': 0.9848}
train: {'epoch': 107, 'eta': 11.6924, 'loss': 0.0848, 'lr': 0.0083, 'params': 632328, 'time_iter': 0.0389, 'accuracy': 0.9857}
train: {'epoch': 108, 'eta': 11.6479, 'loss': 0.081, 'lr': 0.0083, 'params': 632328, 'time_iter': 0.0384, 'accuracy': 0.9871}
train: {'epoch': 109, 'eta': 11.5995, 'loss': 0.0776, 'lr': 0.0083, 'params': 632328, 'time_iter': 0.0369, 'accuracy': 0.9875}
train: {'epoch': 110, 'eta': 11.552, 'loss': 0.0745, 'lr': 0.0082, 'params': 632328, 'time_iter': 0.0371, 'accuracy': 0.9898}
train: {'epoch': 111, 'eta': 11.5048, 'loss': 0.0713, 'lr': 0.0082, 'params': 632328, 'time_iter': 0.0372, 'accuracy': 0.9894}
train: {'epoch': 112, 'eta': 11.455, 'loss': 0.0684, 'lr': 0.0082, 'params': 632328, 'time_iter': 0.0361, 'accuracy': 0.9894}
train: {'epoch': 113, 'eta': 11.4137, 'loss': 0.0661, 'lr': 0.0082, 'params': 632328, 'time_iter': 0.0394, 'accuracy': 0.9894}
train: {'epoch': 114, 'eta': 11.3705, 'loss': 0.0638, 'lr': 0.0081, 'params': 632328, 'time_iter': 0.0386, 'accuracy': 0.9894}
train: {'epoch': 115, 'eta': 11.3226, 'loss': 0.0613, 'lr': 0.0081, 'params': 632328, 'time_iter': 0.0366, 'accuracy': 0.9898}
train: {'epoch': 116, 'eta': 11.2783, 'loss': 0.0592, 'lr': 0.0081, 'params': 632328, 'time_iter': 0.038, 'accuracy': 0.9898}
train: {'epoch': 117, 'eta': 11.2446, 'loss': 0.057, 'lr': 0.008, 'params': 632328, 'time_iter': 0.0425, 'accuracy': 0.9903}
train: {'epoch': 118, 'eta': 11.2016, 'loss': 0.0548, 'lr': 0.008, 'params': 632328, 'time_iter': 0.0385, 'accuracy': 0.9922}
train: {'epoch': 119, 'eta': 11.1597, 'loss': 0.0533, 'lr': 0.008, 'params': 632328, 'time_iter': 0.039, 'accuracy': 0.9922}
val: {'epoch': 119, 'loss': 0.5633, 'lr': 0, 'params': 632328, 'time_iter': 0.0159, 'accuracy': 0.8506}
train: {'epoch': 120, 'eta': 11.1092, 'loss': 0.0513, 'lr': 0.0079, 'params': 632328, 'time_iter': 0.0352, 'accuracy': 0.9935}
train: {'epoch': 121, 'eta': 11.0652, 'loss': 0.0491, 'lr': 0.0079, 'params': 632328, 'time_iter': 0.038, 'accuracy': 0.994}
train: {'epoch': 122, 'eta': 11.0237, 'loss': 0.0472, 'lr': 0.0079, 'params': 632328, 'time_iter': 0.039, 'accuracy': 0.9935}
train: {'epoch': 123, 'eta': 10.9827, 'loss': 0.0453, 'lr': 0.0078, 'params': 632328, 'time_iter': 0.0393, 'accuracy': 0.994}
train: {'epoch': 124, 'eta': 10.9391, 'loss': 0.0436, 'lr': 0.0078, 'params': 632328, 'time_iter': 0.0381, 'accuracy': 0.9945}
train: {'epoch': 125, 'eta': 10.8928, 'loss': 0.0419, 'lr': 0.0078, 'params': 632328, 'time_iter': 0.0368, 'accuracy': 0.9954}
train: {'epoch': 126, 'eta': 10.8464, 'loss': 0.0402, 'lr': 0.0077, 'params': 632328, 'time_iter': 0.0366, 'accuracy': 0.9954}
train: {'epoch': 127, 'eta': 10.7997, 'loss': 0.0388, 'lr': 0.0077, 'params': 632328, 'time_iter': 0.0365, 'accuracy': 0.9949}
train: {'epoch': 128, 'eta': 10.7537, 'loss': 0.0372, 'lr': 0.0077, 'params': 632328, 'time_iter': 0.0367, 'accuracy': 0.9963}
train: {'epoch': 129, 'eta': 10.7131, 'loss': 0.0357, 'lr': 0.0076, 'params': 632328, 'time_iter': 0.0392, 'accuracy': 0.9972}
train: {'epoch': 130, 'eta': 10.67, 'loss': 0.034, 'lr': 0.0076, 'params': 632328, 'time_iter': 0.038, 'accuracy': 0.9972}
train: {'epoch': 131, 'eta': 10.6333, 'loss': 0.0326, 'lr': 0.0076, 'params': 632328, 'time_iter': 0.0411, 'accuracy': 0.9972}
train: {'epoch': 132, 'eta': 10.5886, 'loss': 0.0312, 'lr': 0.0075, 'params': 632328, 'time_iter': 0.0372, 'accuracy': 0.9982}
train: {'epoch': 133, 'eta': 10.547, 'loss': 0.0299, 'lr': 0.0075, 'params': 632328, 'time_iter': 0.0387, 'accuracy': 0.9986}
train: {'epoch': 134, 'eta': 10.4991, 'loss': 0.0287, 'lr': 0.0075, 'params': 632328, 'time_iter': 0.0354, 'accuracy': 0.9986}
train: {'epoch': 135, 'eta': 10.4535, 'loss': 0.0276, 'lr': 0.0074, 'params': 632328, 'time_iter': 0.0365, 'accuracy': 0.9991}
train: {'epoch': 136, 'eta': 10.4078, 'loss': 0.0266, 'lr': 0.0074, 'params': 632328, 'time_iter': 0.0364, 'accuracy': 0.9986}
train: {'epoch': 137, 'eta': 10.3674, 'loss': 0.0257, 'lr': 0.0074, 'params': 632328, 'time_iter': 0.0391, 'accuracy': 0.9991}
train: {'epoch': 138, 'eta': 10.3333, 'loss': 0.0249, 'lr': 0.0073, 'params': 632328, 'time_iter': 0.0425, 'accuracy': 0.9995}
train: {'epoch': 139, 'eta': 10.287, 'loss': 0.0244, 'lr': 0.0073, 'params': 632328, 'time_iter': 0.036, 'accuracy': 0.9991}
val: {'epoch': 139, 'loss': 0.6066, 'lr': 0, 'params': 632328, 'time_iter': 0.0159, 'accuracy': 0.845}
train: {'epoch': 140, 'eta': 10.2422, 'loss': 0.0238, 'lr': 0.0073, 'params': 632328, 'time_iter': 0.0367, 'accuracy': 0.9995}
train: {'epoch': 141, 'eta': 10.2002, 'loss': 0.0235, 'lr': 0.0072, 'params': 632328, 'time_iter': 0.0382, 'accuracy': 0.9991}
train: {'epoch': 142, 'eta': 10.1624, 'loss': 0.0232, 'lr': 0.0072, 'params': 632328, 'time_iter': 0.0405, 'accuracy': 0.9995}
train: {'epoch': 143, 'eta': 10.1213, 'loss': 0.0262, 'lr': 0.0072, 'params': 632328, 'time_iter': 0.0387, 'accuracy': 0.9972}
train: {'epoch': 144, 'eta': 10.0782, 'loss': 0.0277, 'lr': 0.0071, 'params': 632328, 'time_iter': 0.0375, 'accuracy': 0.9982}
train: {'epoch': 145, 'eta': 10.0369, 'loss': 0.0827, 'lr': 0.0071, 'params': 632328, 'time_iter': 0.0385, 'accuracy': 0.9811}
train: {'epoch': 146, 'eta': 10.0073, 'loss': 0.2062, 'lr': 0.0071, 'params': 632328, 'time_iter': 0.0453, 'accuracy': 0.9243}
train: {'epoch': 147, 'eta': 9.963, 'loss': 0.1751, 'lr': 0.007, 'params': 632328, 'time_iter': 0.0368, 'accuracy': 0.9552}
train: {'epoch': 148, 'eta': 9.9188, 'loss': 0.1606, 'lr': 0.007, 'params': 632328, 'time_iter': 0.0368, 'accuracy': 0.9617}
train: {'epoch': 149, 'eta': 9.8725, 'loss': 0.1461, 'lr': 0.0069, 'params': 632328, 'time_iter': 0.0354, 'accuracy': 0.9755}
train: {'epoch': 150, 'eta': 9.8429, 'loss': 0.135, 'lr': 0.0069, 'params': 632328, 'time_iter': 0.0455, 'accuracy': 0.9769}
train: {'epoch': 151, 'eta': 9.8042, 'loss': 0.1173, 'lr': 0.0069, 'params': 632328, 'time_iter': 0.04, 'accuracy': 0.9811}
train: {'epoch': 152, 'eta': 9.7665, 'loss': 0.108, 'lr': 0.0068, 'params': 632328, 'time_iter': 0.0407, 'accuracy': 0.9825}
train: {'epoch': 153, 'eta': 9.7246, 'loss': 0.0982, 'lr': 0.0068, 'params': 632328, 'time_iter': 0.0381, 'accuracy': 0.9857}
train: {'epoch': 154, 'eta': 9.6825, 'loss': 0.087, 'lr': 0.0068, 'params': 632328, 'time_iter': 0.0379, 'accuracy': 0.9875}
train: {'epoch': 155, 'eta': 9.6431, 'loss': 0.0792, 'lr': 0.0067, 'params': 632328, 'time_iter': 0.0396, 'accuracy': 0.9866}
train: {'epoch': 156, 'eta': 9.5972, 'loss': 0.0739, 'lr': 0.0067, 'params': 632328, 'time_iter': 0.0354, 'accuracy': 0.9885}
train: {'epoch': 157, 'eta': 9.5565, 'loss': 0.0686, 'lr': 0.0067, 'params': 632328, 'time_iter': 0.0387, 'accuracy': 0.9898}
train: {'epoch': 158, 'eta': 9.5123, 'loss': 0.0636, 'lr': 0.0066, 'params': 632328, 'time_iter': 0.0364, 'accuracy': 0.9917}
train: {'epoch': 159, 'eta': 9.4684, 'loss': 0.06, 'lr': 0.0066, 'params': 632328, 'time_iter': 0.0365, 'accuracy': 0.9931}
val: {'epoch': 159, 'loss': 0.5528, 'lr': 0, 'params': 632328, 'time_iter': 0.0169, 'accuracy': 0.8524}
train: {'epoch': 160, 'eta': 9.428, 'loss': 0.057, 'lr': 0.0065, 'params': 632328, 'time_iter': 0.0388, 'accuracy': 0.9935}
train: {'epoch': 161, 'eta': 9.3852, 'loss': 0.0537, 'lr': 0.0065, 'params': 632328, 'time_iter': 0.0372, 'accuracy': 0.9935}
train: {'epoch': 162, 'eta': 9.3422, 'loss': 0.0508, 'lr': 0.0065, 'params': 632328, 'time_iter': 0.037, 'accuracy': 0.9931}
train: {'epoch': 163, 'eta': 9.296, 'loss': 0.0485, 'lr': 0.0064, 'params': 632328, 'time_iter': 0.0347, 'accuracy': 0.9931}
train: {'epoch': 164, 'eta': 9.2534, 'loss': 0.0463, 'lr': 0.0064, 'params': 632328, 'time_iter': 0.0371, 'accuracy': 0.994}
train: {'epoch': 165, 'eta': 9.2138, 'loss': 0.0439, 'lr': 0.0064, 'params': 632328, 'time_iter': 0.0392, 'accuracy': 0.994}
train: {'epoch': 166, 'eta': 9.1713, 'loss': 0.0416, 'lr': 0.0063, 'params': 632328, 'time_iter': 0.0371, 'accuracy': 0.9949}
train: {'epoch': 167, 'eta': 9.1283, 'loss': 0.0394, 'lr': 0.0063, 'params': 632328, 'time_iter': 0.0368, 'accuracy': 0.9954}
train: {'epoch': 168, 'eta': 9.0855, 'loss': 0.0373, 'lr': 0.0062, 'params': 632328, 'time_iter': 0.0368, 'accuracy': 0.9954}
train: {'epoch': 169, 'eta': 9.0419, 'loss': 0.0354, 'lr': 0.0062, 'params': 632328, 'time_iter': 0.0362, 'accuracy': 0.9958}
train: {'epoch': 170, 'eta': 9.001, 'loss': 0.0337, 'lr': 0.0062, 'params': 632328, 'time_iter': 0.0381, 'accuracy': 0.9968}
train: {'epoch': 171, 'eta': 8.9567, 'loss': 0.0321, 'lr': 0.0061, 'params': 632328, 'time_iter': 0.0355, 'accuracy': 0.9968}
train: {'epoch': 172, 'eta': 8.9181, 'loss': 0.0306, 'lr': 0.0061, 'params': 632328, 'time_iter': 0.0398, 'accuracy': 0.9977}
train: {'epoch': 173, 'eta': 8.8766, 'loss': 0.029, 'lr': 0.0061, 'params': 632328, 'time_iter': 0.0376, 'accuracy': 0.9977}
train: {'epoch': 174, 'eta': 8.8331, 'loss': 0.0274, 'lr': 0.006, 'params': 632328, 'time_iter': 0.036, 'accuracy': 0.9986}
train: {'epoch': 175, 'eta': 8.7904, 'loss': 0.026, 'lr': 0.006, 'params': 632328, 'time_iter': 0.0365, 'accuracy': 0.9991}
train: {'epoch': 176, 'eta': 8.7462, 'loss': 0.0249, 'lr': 0.0059, 'params': 632328, 'time_iter': 0.0353, 'accuracy': 0.9991}
train: {'epoch': 177, 'eta': 8.704, 'loss': 0.024, 'lr': 0.0059, 'params': 632328, 'time_iter': 0.0368, 'accuracy': 0.9995}
train: {'epoch': 178, 'eta': 8.6593, 'loss': 0.0232, 'lr': 0.0059, 'params': 632328, 'time_iter': 0.0348, 'accuracy': 0.9995}
train: {'epoch': 179, 'eta': 8.6185, 'loss': 0.0225, 'lr': 0.0058, 'params': 632328, 'time_iter': 0.0379, 'accuracy': 0.9995}
val: {'epoch': 179, 'loss': 0.594, 'lr': 0, 'params': 632328, 'time_iter': 0.014, 'accuracy': 0.845}
train: {'epoch': 180, 'eta': 8.5758, 'loss': 0.0218, 'lr': 0.0058, 'params': 632328, 'time_iter': 0.0363, 'accuracy': 0.9995}
train: {'epoch': 181, 'eta': 8.5357, 'loss': 0.0213, 'lr': 0.0057, 'params': 632328, 'time_iter': 0.0384, 'accuracy': 0.9995}
train: {'epoch': 182, 'eta': 8.493, 'loss': 0.0209, 'lr': 0.0057, 'params': 632328, 'time_iter': 0.0362, 'accuracy': 0.9995}
train: {'epoch': 183, 'eta': 8.4544, 'loss': 0.0204, 'lr': 0.0057, 'params': 632328, 'time_iter': 0.0396, 'accuracy': 0.9995}
train: {'epoch': 184, 'eta': 8.4125, 'loss': 0.0199, 'lr': 0.0056, 'params': 632328, 'time_iter': 0.0367, 'accuracy': 0.9995}
train: {'epoch': 185, 'eta': 8.3712, 'loss': 0.0194, 'lr': 0.0056, 'params': 632328, 'time_iter': 0.0372, 'accuracy': 0.9995}
train: {'epoch': 186, 'eta': 8.3293, 'loss': 0.019, 'lr': 0.0055, 'params': 632328, 'time_iter': 0.0367, 'accuracy': 0.9995}
train: {'epoch': 187, 'eta': 8.288, 'loss': 0.0186, 'lr': 0.0055, 'params': 632328, 'time_iter': 0.0372, 'accuracy': 0.9995}
train: {'epoch': 188, 'eta': 8.2506, 'loss': 0.0183, 'lr': 0.0055, 'params': 632328, 'time_iter': 0.0406, 'accuracy': 0.9995}
train: {'epoch': 189, 'eta': 8.2181, 'loss': 0.0179, 'lr': 0.0054, 'params': 632328, 'time_iter': 0.0451, 'accuracy': 0.9995}
train: {'epoch': 190, 'eta': 8.1762, 'loss': 0.0176, 'lr': 0.0054, 'params': 632328, 'time_iter': 0.0366, 'accuracy': 0.9995}
train: {'epoch': 191, 'eta': 8.1357, 'loss': 0.0173, 'lr': 0.0054, 'params': 632328, 'time_iter': 0.0378, 'accuracy': 1.0}
train: {'epoch': 192, 'eta': 8.0951, 'loss': 0.017, 'lr': 0.0053, 'params': 632328, 'time_iter': 0.0377, 'accuracy': 1.0}
train: {'epoch': 193, 'eta': 8.054, 'loss': 0.0168, 'lr': 0.0053, 'params': 632328, 'time_iter': 0.0372, 'accuracy': 1.0}
train: {'epoch': 194, 'eta': 8.0109, 'loss': 0.0166, 'lr': 0.0052, 'params': 632328, 'time_iter': 0.0353, 'accuracy': 1.0}
train: {'epoch': 195, 'eta': 7.9704, 'loss': 0.0164, 'lr': 0.0052, 'params': 632328, 'time_iter': 0.0378, 'accuracy': 1.0}
train: {'epoch': 196, 'eta': 7.9315, 'loss': 0.0162, 'lr': 0.0052, 'params': 632328, 'time_iter': 0.0392, 'accuracy': 1.0}
train: {'epoch': 197, 'eta': 7.9287, 'loss': 0.016, 'lr': 0.0051, 'params': 632328, 'time_iter': 0.0747, 'accuracy': 1.0}
train: {'epoch': 198, 'eta': 7.8912, 'loss': 0.0159, 'lr': 0.0051, 'params': 632328, 'time_iter': 0.0409, 'accuracy': 1.0}
train: {'epoch': 199, 'eta': 7.8923, 'loss': 0.0158, 'lr': 0.005, 'params': 632328, 'time_iter': 0.0796, 'accuracy': 1.0}
val: {'epoch': 199, 'loss': 0.6068, 'lr': 0, 'params': 632328, 'time_iter': 0.0145, 'accuracy': 0.845}
train: {'epoch': 200, 'eta': 7.8535, 'loss': 0.0156, 'lr': 0.005, 'params': 632328, 'time_iter': 0.0401, 'accuracy': 1.0}
train: {'epoch': 201, 'eta': 7.8124, 'loss': 0.0155, 'lr': 0.005, 'params': 632328, 'time_iter': 0.0378, 'accuracy': 1.0}
train: {'epoch': 202, 'eta': 7.7687, 'loss': 0.0154, 'lr': 0.0049, 'params': 632328, 'time_iter': 0.0351, 'accuracy': 1.0}
train: {'epoch': 203, 'eta': 7.7317, 'loss': 0.0153, 'lr': 0.0049, 'params': 632328, 'time_iter': 0.042, 'accuracy': 1.0}
train: {'epoch': 204, 'eta': 7.6903, 'loss': 0.0152, 'lr': 0.0048, 'params': 632328, 'time_iter': 0.0373, 'accuracy': 1.0}
train: {'epoch': 205, 'eta': 7.6506, 'loss': 0.0151, 'lr': 0.0048, 'params': 632328, 'time_iter': 0.0392, 'accuracy': 1.0}
train: {'epoch': 206, 'eta': 7.6087, 'loss': 0.0151, 'lr': 0.0048, 'params': 632328, 'time_iter': 0.0368, 'accuracy': 1.0}
train: {'epoch': 207, 'eta': 7.5677, 'loss': 0.015, 'lr': 0.0047, 'params': 632328, 'time_iter': 0.0377, 'accuracy': 1.0}
train: {'epoch': 208, 'eta': 7.5251, 'loss': 0.0149, 'lr': 0.0047, 'params': 632328, 'time_iter': 0.036, 'accuracy': 1.0}
train: {'epoch': 209, 'eta': 7.4864, 'loss': 0.0148, 'lr': 0.0046, 'params': 632328, 'time_iter': 0.0401, 'accuracy': 1.0}
train: {'epoch': 210, 'eta': 7.4464, 'loss': 0.0148, 'lr': 0.0046, 'params': 632328, 'time_iter': 0.0388, 'accuracy': 1.0}
train: {'epoch': 211, 'eta': 7.4065, 'loss': 0.0147, 'lr': 0.0046, 'params': 632328, 'time_iter': 0.0388, 'accuracy': 1.0}
train: {'epoch': 212, 'eta': 7.3666, 'loss': 0.0146, 'lr': 0.0045, 'params': 632328, 'time_iter': 0.0388, 'accuracy': 1.0}
train: {'epoch': 213, 'eta': 7.3235, 'loss': 0.0145, 'lr': 0.0045, 'params': 632328, 'time_iter': 0.0352, 'accuracy': 1.0}
train: {'epoch': 214, 'eta': 7.2825, 'loss': 0.0145, 'lr': 0.0045, 'params': 632328, 'time_iter': 0.0375, 'accuracy': 1.0}
train: {'epoch': 215, 'eta': 7.2417, 'loss': 0.0144, 'lr': 0.0044, 'params': 632328, 'time_iter': 0.0377, 'accuracy': 1.0}
train: {'epoch': 216, 'eta': 7.202, 'loss': 0.0144, 'lr': 0.0044, 'params': 632328, 'time_iter': 0.0389, 'accuracy': 1.0}
train: {'epoch': 217, 'eta': 7.1628, 'loss': 0.0145, 'lr': 0.0043, 'params': 632328, 'time_iter': 0.0396, 'accuracy': 1.0}
train: {'epoch': 218, 'eta': 7.1204, 'loss': 0.0149, 'lr': 0.0043, 'params': 632328, 'time_iter': 0.0357, 'accuracy': 1.0}
train: {'epoch': 219, 'eta': 7.0808, 'loss': 0.0246, 'lr': 0.0043, 'params': 632328, 'time_iter': 0.039, 'accuracy': 0.9954}
val: {'epoch': 219, 'loss': 0.621, 'lr': 0, 'params': 632328, 'time_iter': 0.0166, 'accuracy': 0.8358}
train: {'epoch': 220, 'eta': 7.041, 'loss': 0.0179, 'lr': 0.0042, 'params': 632328, 'time_iter': 0.0388, 'accuracy': 0.9995}
train: {'epoch': 221, 'eta': 6.9977, 'loss': 0.0414, 'lr': 0.0042, 'params': 632328, 'time_iter': 0.0343, 'accuracy': 0.988}
train: {'epoch': 222, 'eta': 6.9583, 'loss': 0.0992, 'lr': 0.0041, 'params': 632328, 'time_iter': 0.0392, 'accuracy': 0.9801}
train: {'epoch': 223, 'eta': 6.9186, 'loss': 0.1436, 'lr': 0.0041, 'params': 632328, 'time_iter': 0.0388, 'accuracy': 0.9575}
train: {'epoch': 224, 'eta': 6.8757, 'loss': 0.139, 'lr': 0.0041, 'params': 632328, 'time_iter': 0.0347, 'accuracy': 0.9788}
train: {'epoch': 225, 'eta': 6.8362, 'loss': 0.1239, 'lr': 0.004, 'params': 632328, 'time_iter': 0.039, 'accuracy': 0.9806}
train: {'epoch': 226, 'eta': 6.7978, 'loss': 0.1248, 'lr': 0.004, 'params': 632328, 'time_iter': 0.0404, 'accuracy': 0.9806}
train: {'epoch': 227, 'eta': 6.7555, 'loss': 0.1201, 'lr': 0.0039, 'params': 632328, 'time_iter': 0.0354, 'accuracy': 0.9825}
train: {'epoch': 228, 'eta': 6.7145, 'loss': 0.1108, 'lr': 0.0039, 'params': 632328, 'time_iter': 0.0369, 'accuracy': 0.9848}
train: {'epoch': 229, 'eta': 6.6734, 'loss': 0.1014, 'lr': 0.0039, 'params': 632328, 'time_iter': 0.0368, 'accuracy': 0.9866}
train: {'epoch': 230, 'eta': 6.6328, 'loss': 0.0931, 'lr': 0.0038, 'params': 632328, 'time_iter': 0.0374, 'accuracy': 0.9861}
train: {'epoch': 231, 'eta': 6.5939, 'loss': 0.0859, 'lr': 0.0038, 'params': 632328, 'time_iter': 0.0397, 'accuracy': 0.9875}
train: {'epoch': 232, 'eta': 6.5524, 'loss': 0.0795, 'lr': 0.0038, 'params': 632328, 'time_iter': 0.0362, 'accuracy': 0.9885}
train: {'epoch': 233, 'eta': 6.5125, 'loss': 0.0748, 'lr': 0.0037, 'params': 632328, 'time_iter': 0.0382, 'accuracy': 0.9894}
train: {'epoch': 234, 'eta': 6.47, 'loss': 0.0709, 'lr': 0.0037, 'params': 632328, 'time_iter': 0.0347, 'accuracy': 0.9898}
train: {'epoch': 235, 'eta': 6.4298, 'loss': 0.0667, 'lr': 0.0036, 'params': 632328, 'time_iter': 0.0377, 'accuracy': 0.9903}
train: {'epoch': 236, 'eta': 6.3917, 'loss': 0.0624, 'lr': 0.0036, 'params': 632328, 'time_iter': 0.0408, 'accuracy': 0.9908}
train: {'epoch': 237, 'eta': 6.3503, 'loss': 0.0587, 'lr': 0.0036, 'params': 632328, 'time_iter': 0.0359, 'accuracy': 0.9908}
train: {'epoch': 238, 'eta': 6.3096, 'loss': 0.0555, 'lr': 0.0035, 'params': 632328, 'time_iter': 0.0371, 'accuracy': 0.9912}
train: {'epoch': 239, 'eta': 6.2708, 'loss': 0.0529, 'lr': 0.0035, 'params': 632328, 'time_iter': 0.0397, 'accuracy': 0.9917}
val: {'epoch': 239, 'loss': 0.5496, 'lr': 0, 'params': 632328, 'time_iter': 0.0157, 'accuracy': 0.8432}
train: {'epoch': 240, 'eta': 6.2304, 'loss': 0.0505, 'lr': 0.0035, 'params': 632328, 'time_iter': 0.0374, 'accuracy': 0.9922}
train: {'epoch': 241, 'eta': 6.1899, 'loss': 0.0483, 'lr': 0.0034, 'params': 632328, 'time_iter': 0.0372, 'accuracy': 0.9935}
train: {'epoch': 242, 'eta': 6.1496, 'loss': 0.0461, 'lr': 0.0034, 'params': 632328, 'time_iter': 0.0374, 'accuracy': 0.9935}
train: {'epoch': 243, 'eta': 6.1081, 'loss': 0.0441, 'lr': 0.0033, 'params': 632328, 'time_iter': 0.0356, 'accuracy': 0.994}
train: {'epoch': 244, 'eta': 6.0696, 'loss': 0.0422, 'lr': 0.0033, 'params': 632328, 'time_iter': 0.04, 'accuracy': 0.994}
train: {'epoch': 245, 'eta': 6.0293, 'loss': 0.0404, 'lr': 0.0033, 'params': 632328, 'time_iter': 0.0374, 'accuracy': 0.9945}
train: {'epoch': 246, 'eta': 5.988, 'loss': 0.0389, 'lr': 0.0032, 'params': 632328, 'time_iter': 0.0356, 'accuracy': 0.9949}
train: {'epoch': 247, 'eta': 5.9497, 'loss': 0.0374, 'lr': 0.0032, 'params': 632328, 'time_iter': 0.0405, 'accuracy': 0.9949}
train: {'epoch': 248, 'eta': 5.9103, 'loss': 0.0361, 'lr': 0.0032, 'params': 632328, 'time_iter': 0.0387, 'accuracy': 0.9949}
train: {'epoch': 249, 'eta': 5.8701, 'loss': 0.0349, 'lr': 0.0031, 'params': 632328, 'time_iter': 0.0374, 'accuracy': 0.9949}
train: {'epoch': 250, 'eta': 5.83, 'loss': 0.0338, 'lr': 0.0031, 'params': 632328, 'time_iter': 0.0375, 'accuracy': 0.9949}
train: {'epoch': 251, 'eta': 5.7904, 'loss': 0.0327, 'lr': 0.0031, 'params': 632328, 'time_iter': 0.0382, 'accuracy': 0.9958}
train: {'epoch': 252, 'eta': 5.7576, 'loss': 0.0317, 'lr': 0.003, 'params': 632328, 'time_iter': 0.05, 'accuracy': 0.9958}
train: {'epoch': 253, 'eta': 5.7164, 'loss': 0.0307, 'lr': 0.003, 'params': 632328, 'time_iter': 0.0358, 'accuracy': 0.9963}
train: {'epoch': 254, 'eta': 5.6774, 'loss': 0.0298, 'lr': 0.0029, 'params': 632328, 'time_iter': 0.0393, 'accuracy': 0.9968}
train: {'epoch': 255, 'eta': 5.6384, 'loss': 0.0289, 'lr': 0.0029, 'params': 632328, 'time_iter': 0.0396, 'accuracy': 0.9968}
train: {'epoch': 256, 'eta': 5.5983, 'loss': 0.028, 'lr': 0.0029, 'params': 632328, 'time_iter': 0.0374, 'accuracy': 0.9968}
train: {'epoch': 257, 'eta': 5.5588, 'loss': 0.0272, 'lr': 0.0028, 'params': 632328, 'time_iter': 0.0386, 'accuracy': 0.9968}
train: {'epoch': 258, 'eta': 5.5183, 'loss': 0.0264, 'lr': 0.0028, 'params': 632328, 'time_iter': 0.0366, 'accuracy': 0.9972}
train: {'epoch': 259, 'eta': 5.4783, 'loss': 0.0256, 'lr': 0.0028, 'params': 632328, 'time_iter': 0.0376, 'accuracy': 0.9972}
val: {'epoch': 259, 'loss': 0.5966, 'lr': 0, 'params': 632328, 'time_iter': 0.0147, 'accuracy': 0.8376}
train: {'epoch': 260, 'eta': 5.4396, 'loss': 0.0249, 'lr': 0.0027, 'params': 632328, 'time_iter': 0.0398, 'accuracy': 0.9977}
train: {'epoch': 261, 'eta': 5.3998, 'loss': 0.0242, 'lr': 0.0027, 'params': 632328, 'time_iter': 0.038, 'accuracy': 0.9982}
train: {'epoch': 262, 'eta': 5.3655, 'loss': 0.0235, 'lr': 0.0027, 'params': 632328, 'time_iter': 0.0484, 'accuracy': 0.9982}
train: {'epoch': 263, 'eta': 5.3255, 'loss': 0.0228, 'lr': 0.0026, 'params': 632328, 'time_iter': 0.0375, 'accuracy': 0.9982}
train: {'epoch': 264, 'eta': 5.2845, 'loss': 0.0221, 'lr': 0.0026, 'params': 632328, 'time_iter': 0.0356, 'accuracy': 0.9982}
train: {'epoch': 265, 'eta': 5.2443, 'loss': 0.0215, 'lr': 0.0026, 'params': 632328, 'time_iter': 0.0369, 'accuracy': 0.9991}
train: {'epoch': 266, 'eta': 5.2042, 'loss': 0.021, 'lr': 0.0025, 'params': 632328, 'time_iter': 0.0373, 'accuracy': 0.9991}
train: {'epoch': 267, 'eta': 5.166, 'loss': 0.0205, 'lr': 0.0025, 'params': 632328, 'time_iter': 0.0411, 'accuracy': 0.9991}
train: {'epoch': 268, 'eta': 5.1267, 'loss': 0.02, 'lr': 0.0025, 'params': 632328, 'time_iter': 0.0387, 'accuracy': 0.9991}
train: {'epoch': 269, 'eta': 5.0882, 'loss': 0.0196, 'lr': 0.0024, 'params': 632328, 'time_iter': 0.0405, 'accuracy': 0.9995}
train: {'epoch': 270, 'eta': 5.0491, 'loss': 0.0192, 'lr': 0.0024, 'params': 632328, 'time_iter': 0.0393, 'accuracy': 0.9995}
train: {'epoch': 271, 'eta': 5.0094, 'loss': 0.0189, 'lr': 0.0024, 'params': 632328, 'time_iter': 0.0379, 'accuracy': 1.0}
train: {'epoch': 272, 'eta': 4.9694, 'loss': 0.0186, 'lr': 0.0023, 'params': 632328, 'time_iter': 0.0372, 'accuracy': 1.0}
train: {'epoch': 273, 'eta': 4.9311, 'loss': 0.0183, 'lr': 0.0023, 'params': 632328, 'time_iter': 0.0409, 'accuracy': 1.0}
train: {'epoch': 274, 'eta': 4.8949, 'loss': 0.018, 'lr': 0.0023, 'params': 632328, 'time_iter': 0.0457, 'accuracy': 1.0}
train: {'epoch': 275, 'eta': 4.8563, 'loss': 0.0178, 'lr': 0.0022, 'params': 632328, 'time_iter': 0.0405, 'accuracy': 1.0}
train: {'epoch': 276, 'eta': 4.8169, 'loss': 0.0175, 'lr': 0.0022, 'params': 632328, 'time_iter': 0.0387, 'accuracy': 1.0}
train: {'epoch': 277, 'eta': 4.7774, 'loss': 0.0173, 'lr': 0.0022, 'params': 632328, 'time_iter': 0.0382, 'accuracy': 1.0}
train: {'epoch': 278, 'eta': 4.7372, 'loss': 0.0171, 'lr': 0.0021, 'params': 632328, 'time_iter': 0.0368, 'accuracy': 1.0}
train: {'epoch': 279, 'eta': 4.6999, 'loss': 0.0169, 'lr': 0.0021, 'params': 632328, 'time_iter': 0.0433, 'accuracy': 1.0}
val: {'epoch': 279, 'loss': 0.61, 'lr': 0, 'params': 632328, 'time_iter': 0.0142, 'accuracy': 0.8432}
train: {'epoch': 280, 'eta': 4.6595, 'loss': 0.0167, 'lr': 0.0021, 'params': 632328, 'time_iter': 0.0364, 'accuracy': 1.0}
train: {'epoch': 281, 'eta': 4.6203, 'loss': 0.0166, 'lr': 0.002, 'params': 632328, 'time_iter': 0.0391, 'accuracy': 1.0}
train: {'epoch': 282, 'eta': 4.581, 'loss': 0.0164, 'lr': 0.002, 'params': 632328, 'time_iter': 0.0389, 'accuracy': 1.0}
train: {'epoch': 283, 'eta': 4.5413, 'loss': 0.0163, 'lr': 0.002, 'params': 632328, 'time_iter': 0.0378, 'accuracy': 1.0}
train: {'epoch': 284, 'eta': 4.5012, 'loss': 0.0161, 'lr': 0.0019, 'params': 632328, 'time_iter': 0.0368, 'accuracy': 1.0}
train: {'epoch': 285, 'eta': 4.4617, 'loss': 0.016, 'lr': 0.0019, 'params': 632328, 'time_iter': 0.0381, 'accuracy': 1.0}
train: {'epoch': 286, 'eta': 4.4212, 'loss': 0.0159, 'lr': 0.0019, 'params': 632328, 'time_iter': 0.0359, 'accuracy': 1.0}
train: {'epoch': 287, 'eta': 4.3815, 'loss': 0.0158, 'lr': 0.0018, 'params': 632328, 'time_iter': 0.0377, 'accuracy': 1.0}
train: {'epoch': 288, 'eta': 4.3425, 'loss': 0.0157, 'lr': 0.0018, 'params': 632328, 'time_iter': 0.0393, 'accuracy': 1.0}
train: {'epoch': 289, 'eta': 4.3024, 'loss': 0.0156, 'lr': 0.0018, 'params': 632328, 'time_iter': 0.0366, 'accuracy': 1.0}
train: {'epoch': 290, 'eta': 4.263, 'loss': 0.0156, 'lr': 0.0018, 'params': 632328, 'time_iter': 0.0382, 'accuracy': 1.0}
train: {'epoch': 291, 'eta': 4.2223, 'loss': 0.0155, 'lr': 0.0017, 'params': 632328, 'time_iter': 0.035, 'accuracy': 1.0}
train: {'epoch': 292, 'eta': 4.1829, 'loss': 0.0154, 'lr': 0.0017, 'params': 632328, 'time_iter': 0.0381, 'accuracy': 1.0}
train: {'epoch': 293, 'eta': 4.1422, 'loss': 0.0154, 'lr': 0.0017, 'params': 632328, 'time_iter': 0.0348, 'accuracy': 1.0}
train: {'epoch': 294, 'eta': 4.1054, 'loss': 0.0153, 'lr': 0.0016, 'params': 632328, 'time_iter': 0.0455, 'accuracy': 1.0}
train: {'epoch': 295, 'eta': 4.0662, 'loss': 0.0153, 'lr': 0.0016, 'params': 632328, 'time_iter': 0.0388, 'accuracy': 1.0}
train: {'epoch': 296, 'eta': 4.0258, 'loss': 0.0152, 'lr': 0.0016, 'params': 632328, 'time_iter': 0.0354, 'accuracy': 1.0}
train: {'epoch': 297, 'eta': 3.9877, 'loss': 0.0152, 'lr': 0.0015, 'params': 632328, 'time_iter': 0.0418, 'accuracy': 1.0}
train: {'epoch': 298, 'eta': 3.9482, 'loss': 0.0151, 'lr': 0.0015, 'params': 632328, 'time_iter': 0.038, 'accuracy': 1.0}
train: {'epoch': 299, 'eta': 3.9083, 'loss': 0.0151, 'lr': 0.0015, 'params': 632328, 'time_iter': 0.0366, 'accuracy': 1.0}
val: {'epoch': 299, 'loss': 0.6205, 'lr': 0, 'params': 632328, 'time_iter': 0.016, 'accuracy': 0.8395}
train: {'epoch': 300, 'eta': 3.8715, 'loss': 0.015, 'lr': 0.0015, 'params': 632328, 'time_iter': 0.0462, 'accuracy': 1.0}
train: {'epoch': 301, 'eta': 3.836, 'loss': 0.015, 'lr': 0.0014, 'params': 632328, 'time_iter': 0.05, 'accuracy': 1.0}
train: {'epoch': 302, 'eta': 3.7982, 'loss': 0.015, 'lr': 0.0014, 'params': 632328, 'time_iter': 0.0435, 'accuracy': 1.0}
train: {'epoch': 303, 'eta': 3.7579, 'loss': 0.0149, 'lr': 0.0014, 'params': 632328, 'time_iter': 0.0356, 'accuracy': 1.0}
train: {'epoch': 304, 'eta': 3.7182, 'loss': 0.0149, 'lr': 0.0014, 'params': 632328, 'time_iter': 0.0374, 'accuracy': 1.0}
train: {'epoch': 305, 'eta': 3.679, 'loss': 0.0149, 'lr': 0.0013, 'params': 632328, 'time_iter': 0.0388, 'accuracy': 1.0}
train: {'epoch': 306, 'eta': 3.6389, 'loss': 0.0148, 'lr': 0.0013, 'params': 632328, 'time_iter': 0.0361, 'accuracy': 1.0}
train: {'epoch': 307, 'eta': 3.5992, 'loss': 0.0148, 'lr': 0.0013, 'params': 632328, 'time_iter': 0.0372, 'accuracy': 1.0}
train: {'epoch': 308, 'eta': 3.5593, 'loss': 0.0148, 'lr': 0.0012, 'params': 632328, 'time_iter': 0.0365, 'accuracy': 1.0}
train: {'epoch': 309, 'eta': 3.5203, 'loss': 0.0148, 'lr': 0.0012, 'params': 632328, 'time_iter': 0.0393, 'accuracy': 1.0}
train: {'epoch': 310, 'eta': 3.4803, 'loss': 0.0147, 'lr': 0.0012, 'params': 632328, 'time_iter': 0.036, 'accuracy': 1.0}
train: {'epoch': 311, 'eta': 3.4403, 'loss': 0.0147, 'lr': 0.0012, 'params': 632328, 'time_iter': 0.0361, 'accuracy': 1.0}
train: {'epoch': 312, 'eta': 3.4008, 'loss': 0.0147, 'lr': 0.0011, 'params': 632328, 'time_iter': 0.0373, 'accuracy': 1.0}
train: {'epoch': 313, 'eta': 3.3609, 'loss': 0.0147, 'lr': 0.0011, 'params': 632328, 'time_iter': 0.0362, 'accuracy': 1.0}
train: {'epoch': 314, 'eta': 3.3212, 'loss': 0.0147, 'lr': 0.0011, 'params': 632328, 'time_iter': 0.0367, 'accuracy': 1.0}
train: {'epoch': 315, 'eta': 3.2814, 'loss': 0.0146, 'lr': 0.0011, 'params': 632328, 'time_iter': 0.0364, 'accuracy': 1.0}
train: {'epoch': 316, 'eta': 3.2416, 'loss': 0.0146, 'lr': 0.001, 'params': 632328, 'time_iter': 0.0365, 'accuracy': 1.0}
train: {'epoch': 317, 'eta': 3.202, 'loss': 0.0146, 'lr': 0.001, 'params': 632328, 'time_iter': 0.0368, 'accuracy': 1.0}
train: {'epoch': 318, 'eta': 3.1625, 'loss': 0.0146, 'lr': 0.001, 'params': 632328, 'time_iter': 0.0374, 'accuracy': 1.0}
train: {'epoch': 319, 'eta': 3.1231, 'loss': 0.0146, 'lr': 0.001, 'params': 632328, 'time_iter': 0.0373, 'accuracy': 1.0}
val: {'epoch': 319, 'loss': 0.6278, 'lr': 0, 'params': 632328, 'time_iter': 0.0153, 'accuracy': 0.8376}
train: {'epoch': 320, 'eta': 3.0839, 'loss': 0.0146, 'lr': 0.001, 'params': 632328, 'time_iter': 0.0386, 'accuracy': 1.0}
train: {'epoch': 321, 'eta': 3.0439, 'loss': 0.0146, 'lr': 0.0009, 'params': 632328, 'time_iter': 0.0348, 'accuracy': 1.0}
train: {'epoch': 322, 'eta': 3.0044, 'loss': 0.0145, 'lr': 0.0009, 'params': 632328, 'time_iter': 0.0373, 'accuracy': 1.0}
train: {'epoch': 323, 'eta': 2.9653, 'loss': 0.0145, 'lr': 0.0009, 'params': 632328, 'time_iter': 0.0386, 'accuracy': 1.0}
train: {'epoch': 324, 'eta': 2.9262, 'loss': 0.0145, 'lr': 0.0009, 'params': 632328, 'time_iter': 0.0389, 'accuracy': 1.0}
train: {'epoch': 325, 'eta': 2.8873, 'loss': 0.0145, 'lr': 0.0008, 'params': 632328, 'time_iter': 0.0392, 'accuracy': 1.0}
train: {'epoch': 326, 'eta': 2.848, 'loss': 0.0145, 'lr': 0.0008, 'params': 632328, 'time_iter': 0.0378, 'accuracy': 1.0}
train: {'epoch': 327, 'eta': 2.8085, 'loss': 0.0145, 'lr': 0.0008, 'params': 632328, 'time_iter': 0.0367, 'accuracy': 1.0}
train: {'epoch': 328, 'eta': 2.7687, 'loss': 0.0145, 'lr': 0.0008, 'params': 632328, 'time_iter': 0.0356, 'accuracy': 1.0}
train: {'epoch': 329, 'eta': 2.7299, 'loss': 0.0145, 'lr': 0.0008, 'params': 632328, 'time_iter': 0.0397, 'accuracy': 1.0}
train: {'epoch': 330, 'eta': 2.6904, 'loss': 0.0145, 'lr': 0.0007, 'params': 632328, 'time_iter': 0.0368, 'accuracy': 1.0}
train: {'epoch': 331, 'eta': 2.6512, 'loss': 0.0145, 'lr': 0.0007, 'params': 632328, 'time_iter': 0.0379, 'accuracy': 1.0}
train: {'epoch': 332, 'eta': 2.6122, 'loss': 0.0144, 'lr': 0.0007, 'params': 632328, 'time_iter': 0.0389, 'accuracy': 1.0}
train: {'epoch': 333, 'eta': 2.5734, 'loss': 0.0144, 'lr': 0.0007, 'params': 632328, 'time_iter': 0.0398, 'accuracy': 1.0}
train: {'epoch': 334, 'eta': 2.5338, 'loss': 0.0144, 'lr': 0.0007, 'params': 632328, 'time_iter': 0.0362, 'accuracy': 1.0}
train: {'epoch': 335, 'eta': 2.4948, 'loss': 0.0144, 'lr': 0.0006, 'params': 632328, 'time_iter': 0.0385, 'accuracy': 1.0}
train: {'epoch': 336, 'eta': 2.4556, 'loss': 0.0144, 'lr': 0.0006, 'params': 632328, 'time_iter': 0.0379, 'accuracy': 1.0}
train: {'epoch': 337, 'eta': 2.4157, 'loss': 0.0144, 'lr': 0.0006, 'params': 632328, 'time_iter': 0.0338, 'accuracy': 1.0}
train: {'epoch': 338, 'eta': 2.3762, 'loss': 0.0144, 'lr': 0.0006, 'params': 632328, 'time_iter': 0.0363, 'accuracy': 1.0}
train: {'epoch': 339, 'eta': 2.3371, 'loss': 0.0144, 'lr': 0.0006, 'params': 632328, 'time_iter': 0.0379, 'accuracy': 1.0}
val: {'epoch': 339, 'loss': 0.6325, 'lr': 0, 'params': 632328, 'time_iter': 0.0143, 'accuracy': 0.8413}
train: {'epoch': 340, 'eta': 2.2979, 'loss': 0.0144, 'lr': 0.0005, 'params': 632328, 'time_iter': 0.0374, 'accuracy': 1.0}
train: {'epoch': 341, 'eta': 2.2585, 'loss': 0.0144, 'lr': 0.0005, 'params': 632328, 'time_iter': 0.0368, 'accuracy': 1.0}
train: {'epoch': 342, 'eta': 2.2197, 'loss': 0.0144, 'lr': 0.0005, 'params': 632328, 'time_iter': 0.0393, 'accuracy': 1.0}
train: {'epoch': 343, 'eta': 2.1803, 'loss': 0.0144, 'lr': 0.0005, 'params': 632328, 'time_iter': 0.0362, 'accuracy': 1.0}
train: {'epoch': 344, 'eta': 2.1409, 'loss': 0.0144, 'lr': 0.0005, 'params': 632328, 'time_iter': 0.0364, 'accuracy': 1.0}
train: {'epoch': 345, 'eta': 2.1014, 'loss': 0.0144, 'lr': 0.0005, 'params': 632328, 'time_iter': 0.0353, 'accuracy': 1.0}
train: {'epoch': 346, 'eta': 2.0621, 'loss': 0.0144, 'lr': 0.0004, 'params': 632328, 'time_iter': 0.0364, 'accuracy': 1.0}
train: {'epoch': 347, 'eta': 2.0228, 'loss': 0.0144, 'lr': 0.0004, 'params': 632328, 'time_iter': 0.0361, 'accuracy': 1.0}
train: {'epoch': 348, 'eta': 1.9835, 'loss': 0.0144, 'lr': 0.0004, 'params': 632328, 'time_iter': 0.0359, 'accuracy': 1.0}
train: {'epoch': 349, 'eta': 1.9445, 'loss': 0.0144, 'lr': 0.0004, 'params': 632328, 'time_iter': 0.0385, 'accuracy': 1.0}
train: {'epoch': 350, 'eta': 1.9053, 'loss': 0.0143, 'lr': 0.0004, 'params': 632328, 'time_iter': 0.0366, 'accuracy': 1.0}
train: {'epoch': 351, 'eta': 1.8665, 'loss': 0.0143, 'lr': 0.0004, 'params': 632328, 'time_iter': 0.039, 'accuracy': 1.0}
train: {'epoch': 352, 'eta': 1.827, 'loss': 0.0143, 'lr': 0.0004, 'params': 632328, 'time_iter': 0.0345, 'accuracy': 1.0}
train: {'epoch': 353, 'eta': 1.7884, 'loss': 0.0143, 'lr': 0.0003, 'params': 632328, 'time_iter': 0.0411, 'accuracy': 1.0}
train: {'epoch': 354, 'eta': 1.7495, 'loss': 0.0143, 'lr': 0.0003, 'params': 632328, 'time_iter': 0.039, 'accuracy': 1.0}
train: {'epoch': 355, 'eta': 1.7106, 'loss': 0.0143, 'lr': 0.0003, 'params': 632328, 'time_iter': 0.0385, 'accuracy': 1.0}
train: {'epoch': 356, 'eta': 1.6757, 'loss': 0.0143, 'lr': 0.0003, 'params': 632328, 'time_iter': 0.0716, 'accuracy': 1.0}
train: {'epoch': 357, 'eta': 1.6366, 'loss': 0.0143, 'lr': 0.0003, 'params': 632328, 'time_iter': 0.0384, 'accuracy': 1.0}
train: {'epoch': 358, 'eta': 1.5975, 'loss': 0.0143, 'lr': 0.0003, 'params': 632328, 'time_iter': 0.0374, 'accuracy': 1.0}
train: {'epoch': 359, 'eta': 1.5587, 'loss': 0.0143, 'lr': 0.0003, 'params': 632328, 'time_iter': 0.04, 'accuracy': 1.0}
val: {'epoch': 359, 'loss': 0.6357, 'lr': 0, 'params': 632328, 'time_iter': 0.0168, 'accuracy': 0.8432}
train: {'epoch': 360, 'eta': 1.5197, 'loss': 0.0143, 'lr': 0.0002, 'params': 632328, 'time_iter': 0.0392, 'accuracy': 1.0}
train: {'epoch': 361, 'eta': 1.4811, 'loss': 0.0143, 'lr': 0.0002, 'params': 632328, 'time_iter': 0.0424, 'accuracy': 1.0}
train: {'epoch': 362, 'eta': 1.4422, 'loss': 0.0143, 'lr': 0.0002, 'params': 632328, 'time_iter': 0.0395, 'accuracy': 1.0}
train: {'epoch': 363, 'eta': 1.403, 'loss': 0.0143, 'lr': 0.0002, 'params': 632328, 'time_iter': 0.0365, 'accuracy': 1.0}
train: {'epoch': 364, 'eta': 1.3638, 'loss': 0.0143, 'lr': 0.0002, 'params': 632328, 'time_iter': 0.0375, 'accuracy': 1.0}
train: {'epoch': 365, 'eta': 1.325, 'loss': 0.0143, 'lr': 0.0002, 'params': 632328, 'time_iter': 0.0406, 'accuracy': 1.0}
train: {'epoch': 366, 'eta': 1.2862, 'loss': 0.0143, 'lr': 0.0002, 'params': 632328, 'time_iter': 0.0406, 'accuracy': 1.0}
train: {'epoch': 367, 'eta': 1.2473, 'loss': 0.0143, 'lr': 0.0002, 'params': 632328, 'time_iter': 0.0397, 'accuracy': 1.0}
train: {'epoch': 368, 'eta': 1.2081, 'loss': 0.0143, 'lr': 0.0002, 'params': 632328, 'time_iter': 0.0369, 'accuracy': 1.0}
train: {'epoch': 369, 'eta': 1.1691, 'loss': 0.0143, 'lr': 0.0001, 'params': 632328, 'time_iter': 0.0379, 'accuracy': 1.0}
train: {'epoch': 370, 'eta': 1.1302, 'loss': 0.0143, 'lr': 0.0001, 'params': 632328, 'time_iter': 0.0401, 'accuracy': 1.0}
train: {'epoch': 371, 'eta': 1.0912, 'loss': 0.0143, 'lr': 0.0001, 'params': 632328, 'time_iter': 0.0384, 'accuracy': 1.0}
train: {'epoch': 372, 'eta': 1.0521, 'loss': 0.0143, 'lr': 0.0001, 'params': 632328, 'time_iter': 0.0376, 'accuracy': 1.0}
train: {'epoch': 373, 'eta': 1.013, 'loss': 0.0143, 'lr': 0.0001, 'params': 632328, 'time_iter': 0.0376, 'accuracy': 1.0}
train: {'epoch': 374, 'eta': 0.974, 'loss': 0.0143, 'lr': 0.0001, 'params': 632328, 'time_iter': 0.038, 'accuracy': 1.0}
train: {'epoch': 375, 'eta': 0.935, 'loss': 0.0143, 'lr': 0.0001, 'params': 632328, 'time_iter': 0.0378, 'accuracy': 1.0}
train: {'epoch': 376, 'eta': 0.8959, 'loss': 0.0143, 'lr': 0.0001, 'params': 632328, 'time_iter': 0.0375, 'accuracy': 1.0}
train: {'epoch': 377, 'eta': 0.8569, 'loss': 0.0143, 'lr': 0.0001, 'params': 632328, 'time_iter': 0.0371, 'accuracy': 1.0}
train: {'epoch': 378, 'eta': 0.818, 'loss': 0.0143, 'lr': 0.0001, 'params': 632328, 'time_iter': 0.0406, 'accuracy': 1.0}
train: {'epoch': 379, 'eta': 0.779, 'loss': 0.0143, 'lr': 0.0001, 'params': 632328, 'time_iter': 0.0368, 'accuracy': 1.0}
val: {'epoch': 379, 'loss': 0.6373, 'lr': 0, 'params': 632328, 'time_iter': 0.0143, 'accuracy': 0.8358}
train: {'epoch': 380, 'eta': 0.7401, 'loss': 0.0143, 'lr': 0.0001, 'params': 632328, 'time_iter': 0.0414, 'accuracy': 1.0}
train: {'epoch': 381, 'eta': 0.7012, 'loss': 0.0143, 'lr': 0.0001, 'params': 632328, 'time_iter': 0.0389, 'accuracy': 1.0}
train: {'epoch': 382, 'eta': 0.6622, 'loss': 0.0143, 'lr': 0.0, 'params': 632328, 'time_iter': 0.0384, 'accuracy': 1.0}
train: {'epoch': 383, 'eta': 0.6231, 'loss': 0.0143, 'lr': 0.0, 'params': 632328, 'time_iter': 0.0366, 'accuracy': 1.0}
train: {'epoch': 384, 'eta': 0.5843, 'loss': 0.0143, 'lr': 0.0, 'params': 632328, 'time_iter': 0.0415, 'accuracy': 1.0}
train: {'epoch': 385, 'eta': 0.5453, 'loss': 0.0143, 'lr': 0.0, 'params': 632328, 'time_iter': 0.0384, 'accuracy': 1.0}
train: {'epoch': 386, 'eta': 0.5063, 'loss': 0.0143, 'lr': 0.0, 'params': 632328, 'time_iter': 0.036, 'accuracy': 1.0}
train: {'epoch': 387, 'eta': 0.4673, 'loss': 0.0143, 'lr': 0.0, 'params': 632328, 'time_iter': 0.0386, 'accuracy': 1.0}
train: {'epoch': 388, 'eta': 0.4283, 'loss': 0.0143, 'lr': 0.0, 'params': 632328, 'time_iter': 0.0377, 'accuracy': 1.0}
train: {'epoch': 389, 'eta': 0.3894, 'loss': 0.0143, 'lr': 0.0, 'params': 632328, 'time_iter': 0.0376, 'accuracy': 1.0}
train: {'epoch': 390, 'eta': 0.3506, 'loss': 0.0143, 'lr': 0.0, 'params': 632328, 'time_iter': 0.0472, 'accuracy': 1.0}
train: {'epoch': 391, 'eta': 0.3117, 'loss': 0.0143, 'lr': 0.0, 'params': 632328, 'time_iter': 0.0388, 'accuracy': 1.0}
train: {'epoch': 392, 'eta': 0.2727, 'loss': 0.0143, 'lr': 0.0, 'params': 632328, 'time_iter': 0.0376, 'accuracy': 1.0}
train: {'epoch': 393, 'eta': 0.2337, 'loss': 0.0143, 'lr': 0.0, 'params': 632328, 'time_iter': 0.0364, 'accuracy': 1.0}
train: {'epoch': 394, 'eta': 0.1947, 'loss': 0.0143, 'lr': 0.0, 'params': 632328, 'time_iter': 0.0401, 'accuracy': 1.0}
train: {'epoch': 395, 'eta': 0.1558, 'loss': 0.0143, 'lr': 0.0, 'params': 632328, 'time_iter': 0.0365, 'accuracy': 1.0}
train: {'epoch': 396, 'eta': 0.1168, 'loss': 0.0143, 'lr': 0.0, 'params': 632328, 'time_iter': 0.0364, 'accuracy': 1.0}
train: {'epoch': 397, 'eta': 0.0779, 'loss': 0.0143, 'lr': 0.0, 'params': 632328, 'time_iter': 0.037, 'accuracy': 1.0}
train: {'epoch': 398, 'eta': 0.0389, 'loss': 0.0143, 'lr': 0.0, 'params': 632328, 'time_iter': 0.0397, 'accuracy': 1.0}
train: {'epoch': 399, 'eta': 0.0, 'loss': 0.0143, 'lr': 0.0, 'params': 632328, 'time_iter': 0.039, 'accuracy': 1.0}
val: {'epoch': 399, 'loss': 0.6378, 'lr': 0, 'params': 632328, 'time_iter': 0.0163, 'accuracy': 0.8358}
Task done, results saved in results/example_cpu
