Load: 0.03302s, Before split: 0.000169s, Split: 9.99e-05s, After split: 0.0001431s
GNN(
  (preprocess): Preprocess(
    node_feature: dim_out=1433
    Total: dim_out=1433
  )
  (pre_mp): GeneralMultiLayer(
    (Layer_0): GeneralLayer(
      (layer): Linear(
        (model): Linear(in_features=1433, out_features=256, bias=False)
      )
      (post_layer): Sequential(
        (0): BatchNorm1d(256, eps=1e-05, momentum=0.1, affine=True, track_running_stats=True)
        (1): PReLU(num_parameters=1)
      )
    )
  )
  (mp): GNNStackStage(
    (layer0): GeneralLayer(
      (layer): GeneralConv(
        (model): GeneralConvLayer(256, 256)
      )
      (post_layer): Sequential(
        (0): BatchNorm1d(256, eps=1e-05, momentum=0.1, affine=True, track_running_stats=True)
        (1): PReLU(num_parameters=1)
      )
    )
    (layer1): GeneralLayer(
      (layer): GeneralConv(
        (model): GeneralConvLayer(256, 256)
      )
      (post_layer): Sequential(
        (0): BatchNorm1d(256, eps=1e-05, momentum=0.1, affine=True, track_running_stats=True)
        (1): PReLU(num_parameters=1)
      )
    )
  )
  (post_mp): GNNNodeHead(
    (layer_post_mp): MLP(
      (model): Sequential(
        (0): Linear(
          (model): Linear(in_features=256, out_features=7, bias=True)
        )
      )
    )
  )
)
bn:
  eps: 1e-05
  mom: 0.1
cfg_dest: config.yaml
custom_metrics: []
dataset:
  augment_feature: []
  augment_feature_dims: []
  augment_feature_repr: position
  augment_label: 
  augment_label_dims: 0
  cache_load: False
  cache_save: False
  dir: ./datasets
  edge_dim: 128
  edge_encoder: False
  edge_encoder_bn: True
  edge_encoder_name: Bond
  edge_message_ratio: 0.8
  edge_negative_sampling_ratio: 1.0
  edge_train_mode: all
  encoder: True
  encoder_bn: True
  encoder_dim: 128
  encoder_name: db
  format: PyG
  label_column: none
  label_table: none
  location: local
  name: Cora
  node_encoder: False
  node_encoder_bn: True
  node_encoder_name: Atom
  remove_feature: False
  resample_disjoint: False
  resample_negative: False
  shuffle_split: True
  split: [0.8, 0.2]
  split_mode: random
  task: node
  task_type: classification
  to_undirected: False
  transductive: True
  transform: none
  tu_simple: True
device: cpu
example_arg: example
example_group:
  example_arg: example
gnn:
  act: prelu
  agg: add
  att_final_linear: False
  att_final_linear_bn: False
  att_heads: 1
  batchnorm: True
  clear_feature: True
  dim_inner: 256
  dropout: 0.0
  flow: source_to_target
  head: node
  keep_edge: 0.5
  l2norm: True
  layer_type: generalconv
  layers_mp: 2
  layers_post_mp: 1
  layers_pre_mp: 1
  msg_direction: single
  normalize_adj: False
  self_msg: concat
  skip_every: 1
  stage_type: stack
gpu_mem: False
mem:
  inplace: False
metric_agg: argmax
metric_best: auto
model:
  edge_decoding: dot
  graph_pooling: add
  loss_fun: cross_entropy
  match_upper: True
  size_average: mean
  thresh: 0.5
  type: gnn
num_threads: 6
num_workers: 0
optim:
  base_lr: 0.01
  lr_decay: 0.1
  max_epoch: 400
  momentum: 0.9
  optimizer: adam
  scheduler: cos
  steps: [30, 60, 90]
  weight_decay: 0.0005
out_dir: results/example_noneq_2
params: 632328
print: both
round: 4
run_dir: results/example_noneq_2/1
seed: 2
share:
  dim_in: 1433
  dim_out: 7
  num_splits: 2
tensorboard_agg: True
tensorboard_each_run: False
train:
  auto_resume: False
  batch_size: 32
  ckpt_clean: True
  ckpt_period: 100
  enable_ckpt: True
  energy_alpha: 1.0
  energy_beta: 0.5
  energy_reg: True
  epoch_resume: -1
  eval_period: 20
  iter_per_epoch: 32
  mode: standard
  neighbor_sizes: [20, 15, 10, 5]
  node_per_graph: 32
  radius: extend
  sample_node: False
  sampler: full_batch
  skip_train_eval: False
  walk_length: 4
val:
  node_per_graph: 32
  radius: extend
  sample_node: False
  sampler: full_batch
view_emb: False
Num parameters: 632328
Start from epoch 0
train: {'epoch': 0, 'eta': 24.4384, 'loss': 2.0392, 'lr': 0.01, 'params': 632328, 'time_iter': 0.0612, 'accuracy': 0.1953}
val: {'epoch': 0, 'loss': 2.5458, 'lr': 0, 'params': 632328, 'time_iter': 0.0189, 'accuracy': 0.3506}
train: {'epoch': 1, 'eta': 22.9894, 'loss': 2.5271, 'lr': 0.01, 'params': 632328, 'time_iter': 0.0543, 'accuracy': 0.35}
train: {'epoch': 2, 'eta': 23.1213, 'loss': 2.0105, 'lr': 0.01, 'params': 632328, 'time_iter': 0.0592, 'accuracy': 0.4917}
train: {'epoch': 3, 'eta': 21.9512, 'loss': 1.9244, 'lr': 0.01, 'params': 632328, 'time_iter': 0.047, 'accuracy': 0.6574}
train: {'epoch': 4, 'eta': 21.703, 'loss': 1.9081, 'lr': 0.01, 'params': 632328, 'time_iter': 0.053, 'accuracy': 0.6662}
train: {'epoch': 5, 'eta': 21.8302, 'loss': 1.8835, 'lr': 0.01, 'params': 632328, 'time_iter': 0.0577, 'accuracy': 0.6856}
train: {'epoch': 6, 'eta': 21.1669, 'loss': 1.872, 'lr': 0.01, 'params': 632328, 'time_iter': 0.0446, 'accuracy': 0.7318}
train: {'epoch': 7, 'eta': 20.3258, 'loss': 1.8647, 'lr': 0.01, 'params': 632328, 'time_iter': 0.0378, 'accuracy': 0.7452}
train: {'epoch': 8, 'eta': 19.7064, 'loss': 1.8588, 'lr': 0.01, 'params': 632328, 'time_iter': 0.0388, 'accuracy': 0.7729}
train: {'epoch': 9, 'eta': 19.2164, 'loss': 1.8519, 'lr': 0.01, 'params': 632328, 'time_iter': 0.0391, 'accuracy': 0.7909}
train: {'epoch': 10, 'eta': 18.6866, 'loss': 1.8459, 'lr': 0.01, 'params': 632328, 'time_iter': 0.0357, 'accuracy': 0.8089}
train: {'epoch': 11, 'eta': 18.2796, 'loss': 1.8415, 'lr': 0.01, 'params': 632328, 'time_iter': 0.0369, 'accuracy': 0.8038}
train: {'epoch': 12, 'eta': 17.9701, 'loss': 1.8372, 'lr': 0.01, 'params': 632328, 'time_iter': 0.0383, 'accuracy': 0.8199}
train: {'epoch': 13, 'eta': 17.7754, 'loss': 1.8333, 'lr': 0.01, 'params': 632328, 'time_iter': 0.0411, 'accuracy': 0.8407}
train: {'epoch': 14, 'eta': 17.4826, 'loss': 1.8313, 'lr': 0.01, 'params': 632328, 'time_iter': 0.0364, 'accuracy': 0.8393}
train: {'epoch': 15, 'eta': 17.3249, 'loss': 1.828, 'lr': 0.01, 'params': 632328, 'time_iter': 0.0407, 'accuracy': 0.8444}
train: {'epoch': 16, 'eta': 17.1326, 'loss': 1.8244, 'lr': 0.01, 'params': 632328, 'time_iter': 0.0386, 'accuracy': 0.8532}
train: {'epoch': 17, 'eta': 16.9437, 'loss': 1.8216, 'lr': 0.01, 'params': 632328, 'time_iter': 0.0379, 'accuracy': 0.8564}
train: {'epoch': 18, 'eta': 16.7884, 'loss': 1.8182, 'lr': 0.01, 'params': 632328, 'time_iter': 0.0388, 'accuracy': 0.8638}
train: {'epoch': 19, 'eta': 16.6208, 'loss': 1.8163, 'lr': 0.0099, 'params': 632328, 'time_iter': 0.0376, 'accuracy': 0.8777}
val: {'epoch': 19, 'loss': 1.8546, 'lr': 0, 'params': 632328, 'time_iter': 0.0164, 'accuracy': 0.8081}
train: {'epoch': 20, 'eta': 16.5027, 'loss': 1.8136, 'lr': 0.0099, 'params': 632328, 'time_iter': 0.0396, 'accuracy': 0.8657}
train: {'epoch': 21, 'eta': 16.3581, 'loss': 1.8104, 'lr': 0.0099, 'params': 632328, 'time_iter': 0.0377, 'accuracy': 0.8837}
train: {'epoch': 22, 'eta': 16.2002, 'loss': 1.8081, 'lr': 0.0099, 'params': 632328, 'time_iter': 0.0363, 'accuracy': 0.8906}
train: {'epoch': 23, 'eta': 16.0665, 'loss': 1.8077, 'lr': 0.0099, 'params': 632328, 'time_iter': 0.0372, 'accuracy': 0.8823}
train: {'epoch': 24, 'eta': 15.9306, 'loss': 1.8039, 'lr': 0.0099, 'params': 632328, 'time_iter': 0.0365, 'accuracy': 0.8943}
train: {'epoch': 25, 'eta': 15.825, 'loss': 1.8009, 'lr': 0.0099, 'params': 632328, 'time_iter': 0.0381, 'accuracy': 0.8975}
train: {'epoch': 26, 'eta': 16.7626, 'loss': 1.8002, 'lr': 0.0099, 'params': 632328, 'time_iter': 0.1132, 'accuracy': 0.9054}
train: {'epoch': 27, 'eta': 16.6408, 'loss': 1.7983, 'lr': 0.0099, 'params': 632328, 'time_iter': 0.0392, 'accuracy': 0.9058}
train: {'epoch': 28, 'eta': 16.5072, 'loss': 1.7991, 'lr': 0.0099, 'params': 632328, 'time_iter': 0.0378, 'accuracy': 0.8878}
train: {'epoch': 29, 'eta': 16.3957, 'loss': 1.8012, 'lr': 0.0099, 'params': 632328, 'time_iter': 0.0391, 'accuracy': 0.9151}
train: {'epoch': 30, 'eta': 16.2756, 'loss': 1.7945, 'lr': 0.0099, 'params': 632328, 'time_iter': 0.0379, 'accuracy': 0.9132}
train: {'epoch': 31, 'eta': 16.1536, 'loss': 1.7921, 'lr': 0.0099, 'params': 632328, 'time_iter': 0.0373, 'accuracy': 0.9174}
train: {'epoch': 32, 'eta': 16.0506, 'loss': 1.7921, 'lr': 0.0098, 'params': 632328, 'time_iter': 0.0386, 'accuracy': 0.9252}
train: {'epoch': 33, 'eta': 15.9481, 'loss': 1.79, 'lr': 0.0098, 'params': 632328, 'time_iter': 0.0383, 'accuracy': 0.9404}
train: {'epoch': 34, 'eta': 15.8121, 'loss': 1.7905, 'lr': 0.0098, 'params': 632328, 'time_iter': 0.0347, 'accuracy': 0.9312}
train: {'epoch': 35, 'eta': 15.7211, 'loss': 1.7958, 'lr': 0.0098, 'params': 632328, 'time_iter': 0.0386, 'accuracy': 0.9289}
train: {'epoch': 36, 'eta': 15.6522, 'loss': 1.8015, 'lr': 0.0098, 'params': 632328, 'time_iter': 0.0406, 'accuracy': 0.9247}
train: {'epoch': 37, 'eta': 15.5853, 'loss': 1.7993, 'lr': 0.0098, 'params': 632328, 'time_iter': 0.0406, 'accuracy': 0.9164}
train: {'epoch': 38, 'eta': 15.4862, 'loss': 1.7943, 'lr': 0.0098, 'params': 632328, 'time_iter': 0.037, 'accuracy': 0.9247}
train: {'epoch': 39, 'eta': 15.4136, 'loss': 1.7921, 'lr': 0.0098, 'params': 632328, 'time_iter': 0.0396, 'accuracy': 0.9344}
val: {'epoch': 39, 'loss': 1.859, 'lr': 0, 'params': 632328, 'time_iter': 0.0148, 'accuracy': 0.8137}
train: {'epoch': 40, 'eta': 15.3414, 'loss': 1.7913, 'lr': 0.0098, 'params': 632328, 'time_iter': 0.0395, 'accuracy': 0.94}
train: {'epoch': 41, 'eta': 15.2945, 'loss': 1.7862, 'lr': 0.0097, 'params': 632328, 'time_iter': 0.0422, 'accuracy': 0.9474}
train: {'epoch': 42, 'eta': 15.2132, 'loss': 1.7847, 'lr': 0.0097, 'params': 632328, 'time_iter': 0.0381, 'accuracy': 0.946}
train: {'epoch': 43, 'eta': 15.1446, 'loss': 1.7815, 'lr': 0.0097, 'params': 632328, 'time_iter': 0.0394, 'accuracy': 0.9534}
train: {'epoch': 44, 'eta': 15.5085, 'loss': 1.7793, 'lr': 0.0097, 'params': 632328, 'time_iter': 0.0941, 'accuracy': 0.9589}
train: {'epoch': 45, 'eta': 15.4391, 'loss': 1.7787, 'lr': 0.0097, 'params': 632328, 'time_iter': 0.0403, 'accuracy': 0.964}
train: {'epoch': 46, 'eta': 15.3697, 'loss': 1.7764, 'lr': 0.0097, 'params': 632328, 'time_iter': 0.0402, 'accuracy': 0.9649}
train: {'epoch': 47, 'eta': 15.2854, 'loss': 1.7766, 'lr': 0.0097, 'params': 632328, 'time_iter': 0.038, 'accuracy': 0.9691}
train: {'epoch': 48, 'eta': 15.2271, 'loss': 1.7722, 'lr': 0.0096, 'params': 632328, 'time_iter': 0.0413, 'accuracy': 0.9695}
train: {'epoch': 49, 'eta': 15.154, 'loss': 1.7727, 'lr': 0.0096, 'params': 632328, 'time_iter': 0.0391, 'accuracy': 0.9714}
train: {'epoch': 50, 'eta': 15.0769, 'loss': 1.7697, 'lr': 0.0096, 'params': 632328, 'time_iter': 0.0384, 'accuracy': 0.9723}
train: {'epoch': 51, 'eta': 15.0114, 'loss': 1.7709, 'lr': 0.0096, 'params': 632328, 'time_iter': 0.0399, 'accuracy': 0.9718}
train: {'epoch': 52, 'eta': 14.9387, 'loss': 1.7704, 'lr': 0.0096, 'params': 632328, 'time_iter': 0.0386, 'accuracy': 0.9769}
train: {'epoch': 53, 'eta': 14.8652, 'loss': 1.7696, 'lr': 0.0096, 'params': 632328, 'time_iter': 0.0383, 'accuracy': 0.9765}
train: {'epoch': 54, 'eta': 14.8009, 'loss': 1.7695, 'lr': 0.0096, 'params': 632328, 'time_iter': 0.0396, 'accuracy': 0.9755}
train: {'epoch': 55, 'eta': 14.7417, 'loss': 1.777, 'lr': 0.0095, 'params': 632328, 'time_iter': 0.0403, 'accuracy': 0.9728}
train: {'epoch': 56, 'eta': 14.6659, 'loss': 1.7706, 'lr': 0.0095, 'params': 632328, 'time_iter': 0.0374, 'accuracy': 0.9765}
train: {'epoch': 57, 'eta': 14.5974, 'loss': 1.7721, 'lr': 0.0095, 'params': 632328, 'time_iter': 0.0384, 'accuracy': 0.9732}
train: {'epoch': 58, 'eta': 14.5265, 'loss': 1.7735, 'lr': 0.0095, 'params': 632328, 'time_iter': 0.0378, 'accuracy': 0.9695}
train: {'epoch': 59, 'eta': 14.4756, 'loss': 1.7712, 'lr': 0.0095, 'params': 632328, 'time_iter': 0.0411, 'accuracy': 0.9774}
val: {'epoch': 59, 'loss': 1.8905, 'lr': 0, 'params': 632328, 'time_iter': 0.0151, 'accuracy': 0.81}
train: {'epoch': 60, 'eta': 14.3932, 'loss': 1.7682, 'lr': 0.0095, 'params': 632328, 'time_iter': 0.0354, 'accuracy': 0.9806}
train: {'epoch': 61, 'eta': 14.3316, 'loss': 1.7663, 'lr': 0.0094, 'params': 632328, 'time_iter': 0.0389, 'accuracy': 0.9815}
train: {'epoch': 62, 'eta': 14.2773, 'loss': 1.7647, 'lr': 0.0094, 'params': 632328, 'time_iter': 0.0402, 'accuracy': 0.9829}
train: {'epoch': 63, 'eta': 14.2152, 'loss': 1.7629, 'lr': 0.0094, 'params': 632328, 'time_iter': 0.0386, 'accuracy': 0.9829}
train: {'epoch': 64, 'eta': 14.1541, 'loss': 1.7608, 'lr': 0.0094, 'params': 632328, 'time_iter': 0.0387, 'accuracy': 0.9857}
train: {'epoch': 65, 'eta': 14.0828, 'loss': 1.7595, 'lr': 0.0094, 'params': 632328, 'time_iter': 0.0365, 'accuracy': 0.9843}
train: {'epoch': 66, 'eta': 14.029, 'loss': 1.758, 'lr': 0.0093, 'params': 632328, 'time_iter': 0.0398, 'accuracy': 0.988}
train: {'epoch': 67, 'eta': 13.976, 'loss': 1.7576, 'lr': 0.0093, 'params': 632328, 'time_iter': 0.0399, 'accuracy': 0.9885}
train: {'epoch': 68, 'eta': 13.9247, 'loss': 1.757, 'lr': 0.0093, 'params': 632328, 'time_iter': 0.0402, 'accuracy': 0.9903}
train: {'epoch': 69, 'eta': 13.8662, 'loss': 1.7568, 'lr': 0.0093, 'params': 632328, 'time_iter': 0.0386, 'accuracy': 0.9908}
train: {'epoch': 70, 'eta': 13.7932, 'loss': 1.7584, 'lr': 0.0093, 'params': 632328, 'time_iter': 0.0353, 'accuracy': 0.9898}
train: {'epoch': 71, 'eta': 13.7389, 'loss': 1.762, 'lr': 0.0092, 'params': 632328, 'time_iter': 0.0392, 'accuracy': 0.9875}
train: {'epoch': 72, 'eta': 13.6867, 'loss': 1.7608, 'lr': 0.0092, 'params': 632328, 'time_iter': 0.0396, 'accuracy': 0.9857}
train: {'epoch': 73, 'eta': 13.6301, 'loss': 1.7621, 'lr': 0.0092, 'params': 632328, 'time_iter': 0.0385, 'accuracy': 0.9866}
train: {'epoch': 74, 'eta': 13.5643, 'loss': 1.7579, 'lr': 0.0092, 'params': 632328, 'time_iter': 0.0363, 'accuracy': 0.9903}
train: {'epoch': 75, 'eta': 13.5176, 'loss': 1.7586, 'lr': 0.0092, 'params': 632328, 'time_iter': 0.0406, 'accuracy': 0.988}
train: {'epoch': 76, 'eta': 13.4653, 'loss': 1.7575, 'lr': 0.0091, 'params': 632328, 'time_iter': 0.0392, 'accuracy': 0.9894}
train: {'epoch': 77, 'eta': 13.4137, 'loss': 1.7611, 'lr': 0.0091, 'params': 632328, 'time_iter': 0.0393, 'accuracy': 0.9843}
train: {'epoch': 78, 'eta': 13.3548, 'loss': 1.763, 'lr': 0.0091, 'params': 632328, 'time_iter': 0.0374, 'accuracy': 0.9852}
train: {'epoch': 79, 'eta': 13.2984, 'loss': 1.7596, 'lr': 0.0091, 'params': 632328, 'time_iter': 0.0379, 'accuracy': 0.9875}
val: {'epoch': 79, 'loss': 1.9202, 'lr': 0, 'params': 632328, 'time_iter': 0.0148, 'accuracy': 0.7712}
train: {'epoch': 80, 'eta': 13.2436, 'loss': 1.7627, 'lr': 0.009, 'params': 632328, 'time_iter': 0.0382, 'accuracy': 0.988}
train: {'epoch': 81, 'eta': 13.1888, 'loss': 1.7644, 'lr': 0.009, 'params': 632328, 'time_iter': 0.0381, 'accuracy': 0.9838}
train: {'epoch': 82, 'eta': 13.1528, 'loss': 1.763, 'lr': 0.009, 'params': 632328, 'time_iter': 0.0429, 'accuracy': 0.9894}
train: {'epoch': 83, 'eta': 13.1012, 'loss': 1.7606, 'lr': 0.009, 'params': 632328, 'time_iter': 0.0388, 'accuracy': 0.9857}
train: {'epoch': 84, 'eta': 13.0457, 'loss': 1.7577, 'lr': 0.009, 'params': 632328, 'time_iter': 0.0377, 'accuracy': 0.9871}
train: {'epoch': 85, 'eta': 12.9946, 'loss': 1.7572, 'lr': 0.0089, 'params': 632328, 'time_iter': 0.0388, 'accuracy': 0.9908}
train: {'epoch': 86, 'eta': 12.9393, 'loss': 1.7578, 'lr': 0.0089, 'params': 632328, 'time_iter': 0.0375, 'accuracy': 0.9894}
train: {'epoch': 87, 'eta': 12.9004, 'loss': 1.7561, 'lr': 0.0089, 'params': 632328, 'time_iter': 0.042, 'accuracy': 0.9912}
train: {'epoch': 88, 'eta': 12.852, 'loss': 1.7557, 'lr': 0.0089, 'params': 632328, 'time_iter': 0.0393, 'accuracy': 0.9908}
train: {'epoch': 89, 'eta': 12.8064, 'loss': 1.7548, 'lr': 0.0088, 'params': 632328, 'time_iter': 0.0401, 'accuracy': 0.9922}
train: {'epoch': 90, 'eta': 12.7558, 'loss': 1.7535, 'lr': 0.0088, 'params': 632328, 'time_iter': 0.0386, 'accuracy': 0.9912}
train: {'epoch': 91, 'eta': 12.7066, 'loss': 1.7523, 'lr': 0.0088, 'params': 632328, 'time_iter': 0.0389, 'accuracy': 0.9931}
train: {'epoch': 92, 'eta': 12.6549, 'loss': 1.7522, 'lr': 0.0088, 'params': 632328, 'time_iter': 0.0381, 'accuracy': 0.9931}
train: {'epoch': 93, 'eta': 12.6006, 'loss': 1.7522, 'lr': 0.0087, 'params': 632328, 'time_iter': 0.0372, 'accuracy': 0.9935}
train: {'epoch': 94, 'eta': 12.5547, 'loss': 1.752, 'lr': 0.0087, 'params': 632328, 'time_iter': 0.0397, 'accuracy': 0.9931}
train: {'epoch': 95, 'eta': 12.5304, 'loss': 1.7518, 'lr': 0.0087, 'params': 632328, 'time_iter': 0.0465, 'accuracy': 0.9908}
train: {'epoch': 96, 'eta': 12.4846, 'loss': 1.7503, 'lr': 0.0086, 'params': 632328, 'time_iter': 0.0397, 'accuracy': 0.9926}
train: {'epoch': 97, 'eta': 12.4292, 'loss': 1.7501, 'lr': 0.0086, 'params': 632328, 'time_iter': 0.0366, 'accuracy': 0.9931}
train: {'epoch': 98, 'eta': 12.3796, 'loss': 1.7503, 'lr': 0.0086, 'params': 632328, 'time_iter': 0.0384, 'accuracy': 0.9945}
train: {'epoch': 99, 'eta': 12.3357, 'loss': 1.7504, 'lr': 0.0086, 'params': 632328, 'time_iter': 0.0402, 'accuracy': 0.9935}
val: {'epoch': 99, 'loss': 1.9366, 'lr': 0, 'params': 632328, 'time_iter': 0.0172, 'accuracy': 0.7823}
train: {'epoch': 100, 'eta': 12.2858, 'loss': 1.7508, 'lr': 0.0085, 'params': 632328, 'time_iter': 0.0381, 'accuracy': 0.9931}
train: {'epoch': 101, 'eta': 12.2351, 'loss': 1.7524, 'lr': 0.0085, 'params': 632328, 'time_iter': 0.0378, 'accuracy': 0.9935}
train: {'epoch': 102, 'eta': 12.1837, 'loss': 1.7549, 'lr': 0.0085, 'params': 632328, 'time_iter': 0.0375, 'accuracy': 0.9922}
train: {'epoch': 103, 'eta': 12.1388, 'loss': 1.7539, 'lr': 0.0085, 'params': 632328, 'time_iter': 0.0396, 'accuracy': 0.9894}
train: {'epoch': 104, 'eta': 12.0927, 'loss': 1.7531, 'lr': 0.0084, 'params': 632328, 'time_iter': 0.0392, 'accuracy': 0.9912}
train: {'epoch': 105, 'eta': 12.0672, 'loss': 1.7536, 'lr': 0.0084, 'params': 632328, 'time_iter': 0.0466, 'accuracy': 0.9908}
train: {'epoch': 106, 'eta': 12.0181, 'loss': 1.7543, 'lr': 0.0084, 'params': 632328, 'time_iter': 0.0381, 'accuracy': 0.9889}
train: {'epoch': 107, 'eta': 11.9656, 'loss': 1.7537, 'lr': 0.0083, 'params': 632328, 'time_iter': 0.0368, 'accuracy': 0.9894}
train: {'epoch': 108, 'eta': 11.9159, 'loss': 1.7544, 'lr': 0.0083, 'params': 632328, 'time_iter': 0.0377, 'accuracy': 0.9922}
train: {'epoch': 109, 'eta': 11.8675, 'loss': 1.7569, 'lr': 0.0083, 'params': 632328, 'time_iter': 0.0381, 'accuracy': 0.9898}
train: {'epoch': 110, 'eta': 11.8182, 'loss': 1.7663, 'lr': 0.0082, 'params': 632328, 'time_iter': 0.0377, 'accuracy': 0.9843}
train: {'epoch': 111, 'eta': 11.7675, 'loss': 1.7587, 'lr': 0.0082, 'params': 632328, 'time_iter': 0.0371, 'accuracy': 0.9898}
train: {'epoch': 112, 'eta': 11.7205, 'loss': 1.7593, 'lr': 0.0082, 'params': 632328, 'time_iter': 0.0385, 'accuracy': 0.9908}
train: {'epoch': 113, 'eta': 11.6718, 'loss': 1.7575, 'lr': 0.0082, 'params': 632328, 'time_iter': 0.0377, 'accuracy': 0.9903}
train: {'epoch': 114, 'eta': 11.6275, 'loss': 1.7571, 'lr': 0.0081, 'params': 632328, 'time_iter': 0.0394, 'accuracy': 0.9838}
train: {'epoch': 115, 'eta': 11.5794, 'loss': 1.7546, 'lr': 0.0081, 'params': 632328, 'time_iter': 0.0378, 'accuracy': 0.9885}
train: {'epoch': 116, 'eta': 11.5308, 'loss': 1.7549, 'lr': 0.0081, 'params': 632328, 'time_iter': 0.0375, 'accuracy': 0.9912}
train: {'epoch': 117, 'eta': 11.4831, 'loss': 1.7542, 'lr': 0.008, 'params': 632328, 'time_iter': 0.0378, 'accuracy': 0.9926}
train: {'epoch': 118, 'eta': 11.4347, 'loss': 1.7541, 'lr': 0.008, 'params': 632328, 'time_iter': 0.0375, 'accuracy': 0.9908}
train: {'epoch': 119, 'eta': 11.3891, 'loss': 1.7516, 'lr': 0.008, 'params': 632328, 'time_iter': 0.0386, 'accuracy': 0.9926}
val: {'epoch': 119, 'loss': 1.975, 'lr': 0, 'params': 632328, 'time_iter': 0.0151, 'accuracy': 0.7934}
train: {'epoch': 120, 'eta': 11.343, 'loss': 1.7518, 'lr': 0.0079, 'params': 632328, 'time_iter': 0.0383, 'accuracy': 0.9926}
train: {'epoch': 121, 'eta': 11.3023, 'loss': 1.7505, 'lr': 0.0079, 'params': 632328, 'time_iter': 0.0406, 'accuracy': 0.9922}
train: {'epoch': 122, 'eta': 11.2624, 'loss': 1.7499, 'lr': 0.0079, 'params': 632328, 'time_iter': 0.041, 'accuracy': 0.9926}
train: {'epoch': 123, 'eta': 11.2198, 'loss': 1.7511, 'lr': 0.0078, 'params': 632328, 'time_iter': 0.0398, 'accuracy': 0.9922}
train: {'epoch': 124, 'eta': 11.1747, 'loss': 1.7512, 'lr': 0.0078, 'params': 632328, 'time_iter': 0.0386, 'accuracy': 0.9926}
train: {'epoch': 125, 'eta': 11.1391, 'loss': 1.7502, 'lr': 0.0078, 'params': 632328, 'time_iter': 0.043, 'accuracy': 0.9931}
train: {'epoch': 126, 'eta': 11.0955, 'loss': 1.7493, 'lr': 0.0077, 'params': 632328, 'time_iter': 0.0393, 'accuracy': 0.9935}
train: {'epoch': 127, 'eta': 11.0478, 'loss': 1.7493, 'lr': 0.0077, 'params': 632328, 'time_iter': 0.0373, 'accuracy': 0.9945}
train: {'epoch': 128, 'eta': 10.9999, 'loss': 1.7491, 'lr': 0.0077, 'params': 632328, 'time_iter': 0.0371, 'accuracy': 0.994}
train: {'epoch': 129, 'eta': 10.9571, 'loss': 1.7491, 'lr': 0.0076, 'params': 632328, 'time_iter': 0.0395, 'accuracy': 0.9926}
train: {'epoch': 130, 'eta': 10.9171, 'loss': 1.7481, 'lr': 0.0076, 'params': 632328, 'time_iter': 0.0409, 'accuracy': 0.9935}
train: {'epoch': 131, 'eta': 10.8738, 'loss': 1.7482, 'lr': 0.0076, 'params': 632328, 'time_iter': 0.0393, 'accuracy': 0.9949}
train: {'epoch': 132, 'eta': 10.8325, 'loss': 1.7475, 'lr': 0.0075, 'params': 632328, 'time_iter': 0.0402, 'accuracy': 0.9945}
train: {'epoch': 133, 'eta': 10.7924, 'loss': 1.7473, 'lr': 0.0075, 'params': 632328, 'time_iter': 0.0408, 'accuracy': 0.9935}
train: {'epoch': 134, 'eta': 10.744, 'loss': 1.7468, 'lr': 0.0075, 'params': 632328, 'time_iter': 0.0366, 'accuracy': 0.9945}
train: {'epoch': 135, 'eta': 10.7007, 'loss': 1.7467, 'lr': 0.0074, 'params': 632328, 'time_iter': 0.0391, 'accuracy': 0.994}
train: {'epoch': 136, 'eta': 10.6597, 'loss': 1.7464, 'lr': 0.0074, 'params': 632328, 'time_iter': 0.0403, 'accuracy': 0.9949}
train: {'epoch': 137, 'eta': 10.6343, 'loss': 1.7463, 'lr': 0.0074, 'params': 632328, 'time_iter': 0.0485, 'accuracy': 0.9949}
train: {'epoch': 138, 'eta': 10.5949, 'loss': 1.7463, 'lr': 0.0073, 'params': 632328, 'time_iter': 0.0412, 'accuracy': 0.9935}
train: {'epoch': 139, 'eta': 10.5508, 'loss': 1.7467, 'lr': 0.0073, 'params': 632328, 'time_iter': 0.0387, 'accuracy': 0.9931}
val: {'epoch': 139, 'loss': 1.9377, 'lr': 0, 'params': 632328, 'time_iter': 0.0147, 'accuracy': 0.6697}
train: {'epoch': 140, 'eta': 10.5208, 'loss': 1.7477, 'lr': 0.0073, 'params': 632328, 'time_iter': 0.0464, 'accuracy': 0.9931}
train: {'epoch': 141, 'eta': 10.4775, 'loss': 1.7508, 'lr': 0.0072, 'params': 632328, 'time_iter': 0.0391, 'accuracy': 0.9903}
train: {'epoch': 142, 'eta': 10.4446, 'loss': 1.7526, 'lr': 0.0072, 'params': 632328, 'time_iter': 0.0449, 'accuracy': 0.9912}
train: {'epoch': 143, 'eta': 10.4188, 'loss': 1.7514, 'lr': 0.0072, 'params': 632328, 'time_iter': 0.049, 'accuracy': 0.9912}
train: {'epoch': 144, 'eta': 10.4115, 'loss': 1.7554, 'lr': 0.0071, 'params': 632328, 'time_iter': 0.0597, 'accuracy': 0.9875}
train: {'epoch': 145, 'eta': 10.3932, 'loss': 1.7542, 'lr': 0.0071, 'params': 632328, 'time_iter': 0.0538, 'accuracy': 0.9898}
train: {'epoch': 146, 'eta': 10.3618, 'loss': 1.76, 'lr': 0.0071, 'params': 632328, 'time_iter': 0.0465, 'accuracy': 0.9871}
train: {'epoch': 147, 'eta': 10.3314, 'loss': 1.7672, 'lr': 0.007, 'params': 632328, 'time_iter': 0.0471, 'accuracy': 0.9848}
train: {'epoch': 148, 'eta': 10.2867, 'loss': 1.7655, 'lr': 0.007, 'params': 632328, 'time_iter': 0.0388, 'accuracy': 0.9843}
train: {'epoch': 149, 'eta': 10.2436, 'loss': 1.7616, 'lr': 0.0069, 'params': 632328, 'time_iter': 0.0397, 'accuracy': 0.9843}
train: {'epoch': 150, 'eta': 10.1958, 'loss': 1.7578, 'lr': 0.0069, 'params': 632328, 'time_iter': 0.0368, 'accuracy': 0.9875}
train: {'epoch': 151, 'eta': 10.1532, 'loss': 1.7554, 'lr': 0.0069, 'params': 632328, 'time_iter': 0.0399, 'accuracy': 0.9898}
train: {'epoch': 152, 'eta': 10.112, 'loss': 1.7547, 'lr': 0.0068, 'params': 632328, 'time_iter': 0.0408, 'accuracy': 0.9926}
train: {'epoch': 153, 'eta': 10.0731, 'loss': 1.7528, 'lr': 0.0068, 'params': 632328, 'time_iter': 0.0422, 'accuracy': 0.9935}
train: {'epoch': 154, 'eta': 10.035, 'loss': 1.7512, 'lr': 0.0068, 'params': 632328, 'time_iter': 0.0428, 'accuracy': 0.9931}
train: {'epoch': 155, 'eta': 9.9898, 'loss': 1.7527, 'lr': 0.0067, 'params': 632328, 'time_iter': 0.0382, 'accuracy': 0.9922}
train: {'epoch': 156, 'eta': 9.946, 'loss': 1.7506, 'lr': 0.0067, 'params': 632328, 'time_iter': 0.0391, 'accuracy': 0.9931}
train: {'epoch': 157, 'eta': 9.9011, 'loss': 1.75, 'lr': 0.0067, 'params': 632328, 'time_iter': 0.0384, 'accuracy': 0.9926}
train: {'epoch': 158, 'eta': 9.8578, 'loss': 1.7497, 'lr': 0.0066, 'params': 632328, 'time_iter': 0.0393, 'accuracy': 0.994}
train: {'epoch': 159, 'eta': 9.8182, 'loss': 1.7492, 'lr': 0.0066, 'params': 632328, 'time_iter': 0.0418, 'accuracy': 0.9926}
val: {'epoch': 159, 'loss': 1.9889, 'lr': 0, 'params': 632328, 'time_iter': 0.0152, 'accuracy': 0.8708}
train: {'epoch': 160, 'eta': 9.7787, 'loss': 1.7483, 'lr': 0.0065, 'params': 632328, 'time_iter': 0.0419, 'accuracy': 0.9935}
train: {'epoch': 161, 'eta': 9.7368, 'loss': 1.7477, 'lr': 0.0065, 'params': 632328, 'time_iter': 0.0402, 'accuracy': 0.994}
train: {'epoch': 162, 'eta': 9.698, 'loss': 1.7476, 'lr': 0.0065, 'params': 632328, 'time_iter': 0.0424, 'accuracy': 0.9945}
train: {'epoch': 163, 'eta': 9.6575, 'loss': 1.7471, 'lr': 0.0064, 'params': 632328, 'time_iter': 0.0412, 'accuracy': 0.9945}
train: {'epoch': 164, 'eta': 9.6162, 'loss': 1.7468, 'lr': 0.0064, 'params': 632328, 'time_iter': 0.0406, 'accuracy': 0.9945}
train: {'epoch': 165, 'eta': 9.5754, 'loss': 1.7467, 'lr': 0.0064, 'params': 632328, 'time_iter': 0.041, 'accuracy': 0.9945}
train: {'epoch': 166, 'eta': 9.5308, 'loss': 1.7464, 'lr': 0.0063, 'params': 632328, 'time_iter': 0.0383, 'accuracy': 0.994}
train: {'epoch': 167, 'eta': 9.4873, 'loss': 1.7463, 'lr': 0.0063, 'params': 632328, 'time_iter': 0.039, 'accuracy': 0.9935}
train: {'epoch': 168, 'eta': 9.4435, 'loss': 1.7461, 'lr': 0.0062, 'params': 632328, 'time_iter': 0.0388, 'accuracy': 0.9945}
train: {'epoch': 169, 'eta': 9.3985, 'loss': 1.7459, 'lr': 0.0062, 'params': 632328, 'time_iter': 0.0378, 'accuracy': 0.9945}
train: {'epoch': 170, 'eta': 9.3599, 'loss': 1.7457, 'lr': 0.0062, 'params': 632328, 'time_iter': 0.0426, 'accuracy': 0.994}
train: {'epoch': 171, 'eta': 9.3172, 'loss': 1.7456, 'lr': 0.0061, 'params': 632328, 'time_iter': 0.0395, 'accuracy': 0.9945}
train: {'epoch': 172, 'eta': 9.2757, 'loss': 1.7456, 'lr': 0.0061, 'params': 632328, 'time_iter': 0.0404, 'accuracy': 0.994}
train: {'epoch': 173, 'eta': 9.2325, 'loss': 1.7455, 'lr': 0.0061, 'params': 632328, 'time_iter': 0.039, 'accuracy': 0.9949}
train: {'epoch': 174, 'eta': 9.1951, 'loss': 1.7453, 'lr': 0.006, 'params': 632328, 'time_iter': 0.0436, 'accuracy': 0.9954}
train: {'epoch': 175, 'eta': 9.1581, 'loss': 1.7451, 'lr': 0.006, 'params': 632328, 'time_iter': 0.0439, 'accuracy': 0.9935}
train: {'epoch': 176, 'eta': 9.1193, 'loss': 1.745, 'lr': 0.0059, 'params': 632328, 'time_iter': 0.0426, 'accuracy': 0.9949}
train: {'epoch': 177, 'eta': 9.0777, 'loss': 1.7451, 'lr': 0.0059, 'params': 632328, 'time_iter': 0.0403, 'accuracy': 0.9954}
train: {'epoch': 178, 'eta': 9.0347, 'loss': 1.7452, 'lr': 0.0059, 'params': 632328, 'time_iter': 0.0391, 'accuracy': 0.9949}
train: {'epoch': 179, 'eta': 8.9907, 'loss': 1.7454, 'lr': 0.0058, 'params': 632328, 'time_iter': 0.0383, 'accuracy': 0.9949}
val: {'epoch': 179, 'loss': 1.9356, 'lr': 0, 'params': 632328, 'time_iter': 0.0149, 'accuracy': 0.7749}
train: {'epoch': 180, 'eta': 8.9492, 'loss': 1.7457, 'lr': 0.0058, 'params': 632328, 'time_iter': 0.0403, 'accuracy': 0.9949}
train: {'epoch': 181, 'eta': 8.9047, 'loss': 1.7461, 'lr': 0.0057, 'params': 632328, 'time_iter': 0.0378, 'accuracy': 0.9926}
train: {'epoch': 182, 'eta': 8.8646, 'loss': 1.7467, 'lr': 0.0057, 'params': 632328, 'time_iter': 0.0415, 'accuracy': 0.9931}
train: {'epoch': 183, 'eta': 8.8211, 'loss': 1.7482, 'lr': 0.0057, 'params': 632328, 'time_iter': 0.0386, 'accuracy': 0.9875}
train: {'epoch': 184, 'eta': 8.7788, 'loss': 1.748, 'lr': 0.0056, 'params': 632328, 'time_iter': 0.0396, 'accuracy': 0.9917}
train: {'epoch': 185, 'eta': 8.736, 'loss': 1.7493, 'lr': 0.0056, 'params': 632328, 'time_iter': 0.0391, 'accuracy': 0.9898}
train: {'epoch': 186, 'eta': 8.6926, 'loss': 1.7491, 'lr': 0.0055, 'params': 632328, 'time_iter': 0.0386, 'accuracy': 0.9912}
train: {'epoch': 187, 'eta': 8.6495, 'loss': 1.75, 'lr': 0.0055, 'params': 632328, 'time_iter': 0.0387, 'accuracy': 0.9935}
train: {'epoch': 188, 'eta': 8.6134, 'loss': 1.751, 'lr': 0.0055, 'params': 632328, 'time_iter': 0.045, 'accuracy': 0.9926}
train: {'epoch': 189, 'eta': 8.5771, 'loss': 1.7492, 'lr': 0.0054, 'params': 632328, 'time_iter': 0.0449, 'accuracy': 0.9945}
train: {'epoch': 190, 'eta': 8.5362, 'loss': 1.7487, 'lr': 0.0054, 'params': 632328, 'time_iter': 0.0408, 'accuracy': 0.9931}
train: {'epoch': 191, 'eta': 8.4949, 'loss': 1.7484, 'lr': 0.0054, 'params': 632328, 'time_iter': 0.0404, 'accuracy': 0.994}
train: {'epoch': 192, 'eta': 8.458, 'loss': 1.7474, 'lr': 0.0053, 'params': 632328, 'time_iter': 0.0445, 'accuracy': 0.9935}
train: {'epoch': 193, 'eta': 8.4154, 'loss': 1.7472, 'lr': 0.0053, 'params': 632328, 'time_iter': 0.0393, 'accuracy': 0.994}
train: {'epoch': 194, 'eta': 8.4138, 'loss': 1.7469, 'lr': 0.0052, 'params': 632328, 'time_iter': 0.0782, 'accuracy': 0.9945}
train: {'epoch': 195, 'eta': 8.3714, 'loss': 1.7469, 'lr': 0.0052, 'params': 632328, 'time_iter': 0.0397, 'accuracy': 0.9935}
train: {'epoch': 196, 'eta': 8.3284, 'loss': 1.7466, 'lr': 0.0052, 'params': 632328, 'time_iter': 0.0391, 'accuracy': 0.9935}
train: {'epoch': 197, 'eta': 8.288, 'loss': 1.7463, 'lr': 0.0051, 'params': 632328, 'time_iter': 0.0416, 'accuracy': 0.9945}
train: {'epoch': 198, 'eta': 8.2467, 'loss': 1.7461, 'lr': 0.0051, 'params': 632328, 'time_iter': 0.0408, 'accuracy': 0.9954}
train: {'epoch': 199, 'eta': 8.2042, 'loss': 1.7462, 'lr': 0.005, 'params': 632328, 'time_iter': 0.0396, 'accuracy': 0.9945}
val: {'epoch': 199, 'loss': 1.9833, 'lr': 0, 'params': 632328, 'time_iter': 0.0157, 'accuracy': 0.8672}
train: {'epoch': 200, 'eta': 8.1612, 'loss': 1.7459, 'lr': 0.005, 'params': 632328, 'time_iter': 0.039, 'accuracy': 0.9935}
train: {'epoch': 201, 'eta': 8.1194, 'loss': 1.7459, 'lr': 0.005, 'params': 632328, 'time_iter': 0.0402, 'accuracy': 0.9931}
train: {'epoch': 202, 'eta': 8.0766, 'loss': 1.7456, 'lr': 0.0049, 'params': 632328, 'time_iter': 0.0391, 'accuracy': 0.994}
train: {'epoch': 203, 'eta': 8.0361, 'loss': 1.7451, 'lr': 0.0049, 'params': 632328, 'time_iter': 0.0415, 'accuracy': 0.9945}
train: {'epoch': 204, 'eta': 8.0054, 'loss': 1.7449, 'lr': 0.0048, 'params': 632328, 'time_iter': 0.0518, 'accuracy': 0.9968}
train: {'epoch': 205, 'eta': 7.9655, 'loss': 1.745, 'lr': 0.0048, 'params': 632328, 'time_iter': 0.0423, 'accuracy': 0.9977}
train: {'epoch': 206, 'eta': 7.9287, 'loss': 1.7446, 'lr': 0.0048, 'params': 632328, 'time_iter': 0.0456, 'accuracy': 0.9972}
train: {'epoch': 207, 'eta': 7.8846, 'loss': 1.7445, 'lr': 0.0047, 'params': 632328, 'time_iter': 0.0378, 'accuracy': 0.9958}
train: {'epoch': 208, 'eta': 7.8423, 'loss': 1.7446, 'lr': 0.0047, 'params': 632328, 'time_iter': 0.0398, 'accuracy': 0.9972}
train: {'epoch': 209, 'eta': 7.7988, 'loss': 1.7448, 'lr': 0.0046, 'params': 632328, 'time_iter': 0.0383, 'accuracy': 0.9963}
train: {'epoch': 210, 'eta': 7.7556, 'loss': 1.7444, 'lr': 0.0046, 'params': 632328, 'time_iter': 0.0387, 'accuracy': 0.9972}
train: {'epoch': 211, 'eta': 7.7139, 'loss': 1.7443, 'lr': 0.0046, 'params': 632328, 'time_iter': 0.0403, 'accuracy': 0.9972}
train: {'epoch': 212, 'eta': 7.673, 'loss': 1.7446, 'lr': 0.0045, 'params': 632328, 'time_iter': 0.0411, 'accuracy': 0.9968}
train: {'epoch': 213, 'eta': 7.6305, 'loss': 1.7447, 'lr': 0.0045, 'params': 632328, 'time_iter': 0.0394, 'accuracy': 0.9958}
train: {'epoch': 214, 'eta': 7.5903, 'loss': 1.7442, 'lr': 0.0045, 'params': 632328, 'time_iter': 0.042, 'accuracy': 0.9968}
train: {'epoch': 215, 'eta': 7.5487, 'loss': 1.7446, 'lr': 0.0044, 'params': 632328, 'time_iter': 0.0404, 'accuracy': 0.9963}
train: {'epoch': 216, 'eta': 7.5048, 'loss': 1.7444, 'lr': 0.0044, 'params': 632328, 'time_iter': 0.0375, 'accuracy': 0.9968}
train: {'epoch': 217, 'eta': 7.4614, 'loss': 1.7454, 'lr': 0.0043, 'params': 632328, 'time_iter': 0.0382, 'accuracy': 0.9954}
train: {'epoch': 218, 'eta': 7.4178, 'loss': 1.7466, 'lr': 0.0043, 'params': 632328, 'time_iter': 0.0378, 'accuracy': 0.9949}
train: {'epoch': 219, 'eta': 7.3769, 'loss': 1.7453, 'lr': 0.0043, 'params': 632328, 'time_iter': 0.041, 'accuracy': 0.9958}
val: {'epoch': 219, 'loss': 1.98, 'lr': 0, 'params': 632328, 'time_iter': 0.0187, 'accuracy': 0.8524}
train: {'epoch': 220, 'eta': 7.3366, 'loss': 1.7454, 'lr': 0.0042, 'params': 632328, 'time_iter': 0.0419, 'accuracy': 0.9968}
train: {'epoch': 221, 'eta': 7.2951, 'loss': 1.7465, 'lr': 0.0042, 'params': 632328, 'time_iter': 0.0404, 'accuracy': 0.9954}
train: {'epoch': 222, 'eta': 7.2521, 'loss': 1.7527, 'lr': 0.0041, 'params': 632328, 'time_iter': 0.0384, 'accuracy': 0.9949}
train: {'epoch': 223, 'eta': 7.21, 'loss': 1.7582, 'lr': 0.0041, 'params': 632328, 'time_iter': 0.0394, 'accuracy': 0.9885}
train: {'epoch': 224, 'eta': 7.1677, 'loss': 1.7584, 'lr': 0.0041, 'params': 632328, 'time_iter': 0.0394, 'accuracy': 0.9871}
train: {'epoch': 225, 'eta': 7.1261, 'loss': 1.7626, 'lr': 0.004, 'params': 632328, 'time_iter': 0.0401, 'accuracy': 0.9843}
train: {'epoch': 226, 'eta': 7.0887, 'loss': 1.7626, 'lr': 0.004, 'params': 632328, 'time_iter': 0.0456, 'accuracy': 0.9903}
train: {'epoch': 227, 'eta': 7.0488, 'loss': 1.7594, 'lr': 0.0039, 'params': 632328, 'time_iter': 0.0424, 'accuracy': 0.9903}
train: {'epoch': 228, 'eta': 7.0073, 'loss': 1.7572, 'lr': 0.0039, 'params': 632328, 'time_iter': 0.0403, 'accuracy': 0.9889}
train: {'epoch': 229, 'eta': 6.9652, 'loss': 1.7548, 'lr': 0.0039, 'params': 632328, 'time_iter': 0.0394, 'accuracy': 0.9903}
train: {'epoch': 230, 'eta': 6.922, 'loss': 1.7533, 'lr': 0.0038, 'params': 632328, 'time_iter': 0.038, 'accuracy': 0.9903}
train: {'epoch': 231, 'eta': 6.881, 'loss': 1.7526, 'lr': 0.0038, 'params': 632328, 'time_iter': 0.041, 'accuracy': 0.9908}
train: {'epoch': 232, 'eta': 6.8386, 'loss': 1.7515, 'lr': 0.0038, 'params': 632328, 'time_iter': 0.0389, 'accuracy': 0.9917}
train: {'epoch': 233, 'eta': 6.7956, 'loss': 1.75, 'lr': 0.0037, 'params': 632328, 'time_iter': 0.0381, 'accuracy': 0.9926}
train: {'epoch': 234, 'eta': 6.7516, 'loss': 1.7491, 'lr': 0.0037, 'params': 632328, 'time_iter': 0.0365, 'accuracy': 0.9931}
train: {'epoch': 235, 'eta': 6.7099, 'loss': 1.7485, 'lr': 0.0036, 'params': 632328, 'time_iter': 0.0398, 'accuracy': 0.9935}
train: {'epoch': 236, 'eta': 6.6695, 'loss': 1.7481, 'lr': 0.0036, 'params': 632328, 'time_iter': 0.0417, 'accuracy': 0.9945}
train: {'epoch': 237, 'eta': 6.6314, 'loss': 1.7477, 'lr': 0.0036, 'params': 632328, 'time_iter': 0.045, 'accuracy': 0.994}
train: {'epoch': 238, 'eta': 6.5885, 'loss': 1.7475, 'lr': 0.0035, 'params': 632328, 'time_iter': 0.0381, 'accuracy': 0.9935}
train: {'epoch': 239, 'eta': 6.5458, 'loss': 1.7471, 'lr': 0.0035, 'params': 632328, 'time_iter': 0.0383, 'accuracy': 0.9935}
val: {'epoch': 239, 'loss': 2.0159, 'lr': 0, 'params': 632328, 'time_iter': 0.0146, 'accuracy': 0.8764}
train: {'epoch': 240, 'eta': 6.503, 'loss': 1.7468, 'lr': 0.0035, 'params': 632328, 'time_iter': 0.0381, 'accuracy': 0.9931}
train: {'epoch': 241, 'eta': 6.462, 'loss': 1.7468, 'lr': 0.0034, 'params': 632328, 'time_iter': 0.0407, 'accuracy': 0.9931}
train: {'epoch': 242, 'eta': 6.4197, 'loss': 1.7464, 'lr': 0.0034, 'params': 632328, 'time_iter': 0.0387, 'accuracy': 0.9931}
train: {'epoch': 243, 'eta': 6.3776, 'loss': 1.7462, 'lr': 0.0033, 'params': 632328, 'time_iter': 0.0389, 'accuracy': 0.9931}
train: {'epoch': 244, 'eta': 6.3353, 'loss': 1.746, 'lr': 0.0033, 'params': 632328, 'time_iter': 0.0386, 'accuracy': 0.9931}
train: {'epoch': 245, 'eta': 6.2949, 'loss': 1.7458, 'lr': 0.0033, 'params': 632328, 'time_iter': 0.0417, 'accuracy': 0.9945}
train: {'epoch': 246, 'eta': 6.2541, 'loss': 1.7457, 'lr': 0.0032, 'params': 632328, 'time_iter': 0.0409, 'accuracy': 0.9945}
train: {'epoch': 247, 'eta': 6.2118, 'loss': 1.7453, 'lr': 0.0032, 'params': 632328, 'time_iter': 0.0386, 'accuracy': 0.9949}
train: {'epoch': 248, 'eta': 6.1714, 'loss': 1.7452, 'lr': 0.0032, 'params': 632328, 'time_iter': 0.0417, 'accuracy': 0.9954}
train: {'epoch': 249, 'eta': 6.1309, 'loss': 1.7453, 'lr': 0.0031, 'params': 632328, 'time_iter': 0.0414, 'accuracy': 0.9949}
train: {'epoch': 250, 'eta': 6.0894, 'loss': 1.7448, 'lr': 0.0031, 'params': 632328, 'time_iter': 0.04, 'accuracy': 0.9949}
train: {'epoch': 251, 'eta': 6.0486, 'loss': 1.7447, 'lr': 0.0031, 'params': 632328, 'time_iter': 0.041, 'accuracy': 0.9949}
train: {'epoch': 252, 'eta': 6.0067, 'loss': 1.7446, 'lr': 0.003, 'params': 632328, 'time_iter': 0.0389, 'accuracy': 0.9945}
train: {'epoch': 253, 'eta': 5.965, 'loss': 1.7444, 'lr': 0.003, 'params': 632328, 'time_iter': 0.0395, 'accuracy': 0.9945}
train: {'epoch': 254, 'eta': 5.9241, 'loss': 1.7441, 'lr': 0.0029, 'params': 632328, 'time_iter': 0.0408, 'accuracy': 0.9945}
train: {'epoch': 255, 'eta': 5.882, 'loss': 1.744, 'lr': 0.0029, 'params': 632328, 'time_iter': 0.0385, 'accuracy': 0.9945}
train: {'epoch': 256, 'eta': 5.8401, 'loss': 1.7439, 'lr': 0.0029, 'params': 632328, 'time_iter': 0.039, 'accuracy': 0.9954}
train: {'epoch': 257, 'eta': 5.8003, 'loss': 1.7438, 'lr': 0.0028, 'params': 632328, 'time_iter': 0.0426, 'accuracy': 0.9954}
train: {'epoch': 258, 'eta': 5.7581, 'loss': 1.7438, 'lr': 0.0028, 'params': 632328, 'time_iter': 0.0384, 'accuracy': 0.9954}
train: {'epoch': 259, 'eta': 5.7165, 'loss': 1.7438, 'lr': 0.0028, 'params': 632328, 'time_iter': 0.0394, 'accuracy': 0.9949}
val: {'epoch': 259, 'loss': 1.9736, 'lr': 0, 'params': 632328, 'time_iter': 0.0165, 'accuracy': 0.8764}
train: {'epoch': 260, 'eta': 5.6751, 'loss': 1.7437, 'lr': 0.0027, 'params': 632328, 'time_iter': 0.0397, 'accuracy': 0.9954}
train: {'epoch': 261, 'eta': 5.6329, 'loss': 1.7435, 'lr': 0.0027, 'params': 632328, 'time_iter': 0.0382, 'accuracy': 0.9949}
train: {'epoch': 262, 'eta': 5.5922, 'loss': 1.7432, 'lr': 0.0027, 'params': 632328, 'time_iter': 0.0411, 'accuracy': 0.9958}
train: {'epoch': 263, 'eta': 5.5501, 'loss': 1.7431, 'lr': 0.0026, 'params': 632328, 'time_iter': 0.0384, 'accuracy': 0.9958}
train: {'epoch': 264, 'eta': 5.5096, 'loss': 1.7432, 'lr': 0.0026, 'params': 632328, 'time_iter': 0.0414, 'accuracy': 0.9954}
train: {'epoch': 265, 'eta': 5.4662, 'loss': 1.7433, 'lr': 0.0026, 'params': 632328, 'time_iter': 0.0358, 'accuracy': 0.9958}
train: {'epoch': 266, 'eta': 5.4258, 'loss': 1.7432, 'lr': 0.0025, 'params': 632328, 'time_iter': 0.0415, 'accuracy': 0.9954}
train: {'epoch': 267, 'eta': 5.3838, 'loss': 1.7429, 'lr': 0.0025, 'params': 632328, 'time_iter': 0.0383, 'accuracy': 0.9954}
train: {'epoch': 268, 'eta': 5.342, 'loss': 1.743, 'lr': 0.0025, 'params': 632328, 'time_iter': 0.0387, 'accuracy': 0.9954}
train: {'epoch': 269, 'eta': 5.3013, 'loss': 1.743, 'lr': 0.0024, 'params': 632328, 'time_iter': 0.0409, 'accuracy': 0.9954}
train: {'epoch': 270, 'eta': 5.2602, 'loss': 1.7427, 'lr': 0.0024, 'params': 632328, 'time_iter': 0.0401, 'accuracy': 0.9958}
train: {'epoch': 271, 'eta': 5.2187, 'loss': 1.7427, 'lr': 0.0024, 'params': 632328, 'time_iter': 0.0392, 'accuracy': 0.9958}
train: {'epoch': 272, 'eta': 5.1775, 'loss': 1.7426, 'lr': 0.0023, 'params': 632328, 'time_iter': 0.0399, 'accuracy': 0.9968}
train: {'epoch': 273, 'eta': 5.1399, 'loss': 1.7425, 'lr': 0.0023, 'params': 632328, 'time_iter': 0.0477, 'accuracy': 0.9977}
train: {'epoch': 274, 'eta': 5.0989, 'loss': 1.7424, 'lr': 0.0023, 'params': 632328, 'time_iter': 0.0402, 'accuracy': 0.9977}
train: {'epoch': 275, 'eta': 5.0567, 'loss': 1.7424, 'lr': 0.0022, 'params': 632328, 'time_iter': 0.0377, 'accuracy': 0.9972}
train: {'epoch': 276, 'eta': 5.0152, 'loss': 1.7423, 'lr': 0.0022, 'params': 632328, 'time_iter': 0.0391, 'accuracy': 0.9977}
train: {'epoch': 277, 'eta': 4.9747, 'loss': 1.7422, 'lr': 0.0022, 'params': 632328, 'time_iter': 0.0415, 'accuracy': 0.9977}
train: {'epoch': 278, 'eta': 4.9338, 'loss': 1.7422, 'lr': 0.0021, 'params': 632328, 'time_iter': 0.0405, 'accuracy': 0.9977}
train: {'epoch': 279, 'eta': 4.8921, 'loss': 1.7421, 'lr': 0.0021, 'params': 632328, 'time_iter': 0.0387, 'accuracy': 0.9972}
val: {'epoch': 279, 'loss': 1.9842, 'lr': 0, 'params': 632328, 'time_iter': 0.0147, 'accuracy': 0.8672}
train: {'epoch': 280, 'eta': 4.8509, 'loss': 1.7421, 'lr': 0.0021, 'params': 632328, 'time_iter': 0.0396, 'accuracy': 0.9982}
train: {'epoch': 281, 'eta': 4.811, 'loss': 1.742, 'lr': 0.002, 'params': 632328, 'time_iter': 0.043, 'accuracy': 0.9991}
train: {'epoch': 282, 'eta': 4.7704, 'loss': 1.742, 'lr': 0.002, 'params': 632328, 'time_iter': 0.041, 'accuracy': 0.9982}
train: {'epoch': 283, 'eta': 4.7303, 'loss': 1.7419, 'lr': 0.002, 'params': 632328, 'time_iter': 0.0426, 'accuracy': 0.9982}
train: {'epoch': 284, 'eta': 4.689, 'loss': 1.7419, 'lr': 0.0019, 'params': 632328, 'time_iter': 0.0395, 'accuracy': 0.9986}
train: {'epoch': 285, 'eta': 4.6478, 'loss': 1.7419, 'lr': 0.0019, 'params': 632328, 'time_iter': 0.0396, 'accuracy': 0.9986}
train: {'epoch': 286, 'eta': 4.6066, 'loss': 1.7419, 'lr': 0.0019, 'params': 632328, 'time_iter': 0.0396, 'accuracy': 0.9982}
train: {'epoch': 287, 'eta': 4.5657, 'loss': 1.7419, 'lr': 0.0018, 'params': 632328, 'time_iter': 0.0405, 'accuracy': 0.9986}
train: {'epoch': 288, 'eta': 4.5245, 'loss': 1.7418, 'lr': 0.0018, 'params': 632328, 'time_iter': 0.0396, 'accuracy': 0.9986}
train: {'epoch': 289, 'eta': 4.4829, 'loss': 1.7419, 'lr': 0.0018, 'params': 632328, 'time_iter': 0.0387, 'accuracy': 0.9986}
train: {'epoch': 290, 'eta': 4.4431, 'loss': 1.7418, 'lr': 0.0018, 'params': 632328, 'time_iter': 0.0432, 'accuracy': 0.9982}
train: {'epoch': 291, 'eta': 4.402, 'loss': 1.7418, 'lr': 0.0017, 'params': 632328, 'time_iter': 0.0398, 'accuracy': 0.9986}
train: {'epoch': 292, 'eta': 4.3617, 'loss': 1.7417, 'lr': 0.0017, 'params': 632328, 'time_iter': 0.0419, 'accuracy': 0.9986}
train: {'epoch': 293, 'eta': 4.321, 'loss': 1.7417, 'lr': 0.0017, 'params': 632328, 'time_iter': 0.041, 'accuracy': 0.9986}
train: {'epoch': 294, 'eta': 4.2799, 'loss': 1.7417, 'lr': 0.0016, 'params': 632328, 'time_iter': 0.04, 'accuracy': 0.9986}
train: {'epoch': 295, 'eta': 4.2385, 'loss': 1.7417, 'lr': 0.0016, 'params': 632328, 'time_iter': 0.0388, 'accuracy': 0.9986}
train: {'epoch': 296, 'eta': 4.197, 'loss': 1.7417, 'lr': 0.0016, 'params': 632328, 'time_iter': 0.0386, 'accuracy': 0.9982}
train: {'epoch': 297, 'eta': 4.1561, 'loss': 1.7417, 'lr': 0.0015, 'params': 632328, 'time_iter': 0.0402, 'accuracy': 0.9986}
train: {'epoch': 298, 'eta': 4.1149, 'loss': 1.7419, 'lr': 0.0015, 'params': 632328, 'time_iter': 0.0395, 'accuracy': 0.9986}
train: {'epoch': 299, 'eta': 4.0738, 'loss': 1.7418, 'lr': 0.0015, 'params': 632328, 'time_iter': 0.0396, 'accuracy': 0.9982}
val: {'epoch': 299, 'loss': 1.9985, 'lr': 0, 'params': 632328, 'time_iter': 0.0144, 'accuracy': 0.8782}
train: {'epoch': 300, 'eta': 4.0326, 'loss': 1.7418, 'lr': 0.0015, 'params': 632328, 'time_iter': 0.0395, 'accuracy': 0.9986}
train: {'epoch': 301, 'eta': 3.9909, 'loss': 1.7417, 'lr': 0.0014, 'params': 632328, 'time_iter': 0.0378, 'accuracy': 0.9986}
train: {'epoch': 302, 'eta': 3.9501, 'loss': 1.7417, 'lr': 0.0014, 'params': 632328, 'time_iter': 0.0404, 'accuracy': 0.9986}
train: {'epoch': 303, 'eta': 3.9118, 'loss': 1.7417, 'lr': 0.0014, 'params': 632328, 'time_iter': 0.0483, 'accuracy': 0.9986}
train: {'epoch': 304, 'eta': 3.8715, 'loss': 1.7417, 'lr': 0.0014, 'params': 632328, 'time_iter': 0.0422, 'accuracy': 0.9986}
train: {'epoch': 305, 'eta': 3.8301, 'loss': 1.7417, 'lr': 0.0013, 'params': 632328, 'time_iter': 0.0386, 'accuracy': 0.9986}
train: {'epoch': 306, 'eta': 3.7894, 'loss': 1.7417, 'lr': 0.0013, 'params': 632328, 'time_iter': 0.0409, 'accuracy': 0.9977}
train: {'epoch': 307, 'eta': 3.7485, 'loss': 1.7416, 'lr': 0.0013, 'params': 632328, 'time_iter': 0.0401, 'accuracy': 0.9986}
train: {'epoch': 308, 'eta': 3.7085, 'loss': 1.7416, 'lr': 0.0012, 'params': 632328, 'time_iter': 0.0432, 'accuracy': 0.9986}
train: {'epoch': 309, 'eta': 3.6674, 'loss': 1.7416, 'lr': 0.0012, 'params': 632328, 'time_iter': 0.0395, 'accuracy': 0.9982}
train: {'epoch': 310, 'eta': 3.6268, 'loss': 1.7416, 'lr': 0.0012, 'params': 632328, 'time_iter': 0.0416, 'accuracy': 0.9986}
train: {'epoch': 311, 'eta': 3.5858, 'loss': 1.7416, 'lr': 0.0012, 'params': 632328, 'time_iter': 0.0399, 'accuracy': 0.9986}
train: {'epoch': 312, 'eta': 3.5449, 'loss': 1.7416, 'lr': 0.0011, 'params': 632328, 'time_iter': 0.0401, 'accuracy': 0.9986}
train: {'epoch': 313, 'eta': 3.5033, 'loss': 1.7416, 'lr': 0.0011, 'params': 632328, 'time_iter': 0.0376, 'accuracy': 0.9982}
train: {'epoch': 314, 'eta': 3.4629, 'loss': 1.7416, 'lr': 0.0011, 'params': 632328, 'time_iter': 0.0419, 'accuracy': 0.9986}
train: {'epoch': 315, 'eta': 3.4216, 'loss': 1.7416, 'lr': 0.0011, 'params': 632328, 'time_iter': 0.0388, 'accuracy': 0.9986}
train: {'epoch': 316, 'eta': 3.3817, 'loss': 1.7415, 'lr': 0.001, 'params': 632328, 'time_iter': 0.0436, 'accuracy': 0.9991}
train: {'epoch': 317, 'eta': 3.3405, 'loss': 1.7415, 'lr': 0.001, 'params': 632328, 'time_iter': 0.0391, 'accuracy': 0.9986}
train: {'epoch': 318, 'eta': 3.2991, 'loss': 1.7415, 'lr': 0.001, 'params': 632328, 'time_iter': 0.0381, 'accuracy': 0.9986}
train: {'epoch': 319, 'eta': 3.2577, 'loss': 1.7415, 'lr': 0.001, 'params': 632328, 'time_iter': 0.0382, 'accuracy': 0.9986}
val: {'epoch': 319, 'loss': 2.0068, 'lr': 0, 'params': 632328, 'time_iter': 0.015, 'accuracy': 0.8875}
train: {'epoch': 320, 'eta': 3.2168, 'loss': 1.7415, 'lr': 0.001, 'params': 632328, 'time_iter': 0.0399, 'accuracy': 0.9986}
train: {'epoch': 321, 'eta': 3.1756, 'loss': 1.7415, 'lr': 0.0009, 'params': 632328, 'time_iter': 0.0389, 'accuracy': 0.9986}
train: {'epoch': 322, 'eta': 3.1352, 'loss': 1.7415, 'lr': 0.0009, 'params': 632328, 'time_iter': 0.0419, 'accuracy': 0.9986}
train: {'epoch': 323, 'eta': 3.0941, 'loss': 1.7415, 'lr': 0.0009, 'params': 632328, 'time_iter': 0.039, 'accuracy': 0.9986}
train: {'epoch': 324, 'eta': 3.0526, 'loss': 1.7415, 'lr': 0.0009, 'params': 632328, 'time_iter': 0.0375, 'accuracy': 0.9986}
train: {'epoch': 325, 'eta': 3.0159, 'loss': 1.7417, 'lr': 0.0008, 'params': 632328, 'time_iter': 0.0582, 'accuracy': 0.9982}
train: {'epoch': 326, 'eta': 2.9894, 'loss': 1.7416, 'lr': 0.0008, 'params': 632328, 'time_iter': 0.1048, 'accuracy': 0.9986}
train: {'epoch': 327, 'eta': 2.949, 'loss': 1.7416, 'lr': 0.0008, 'params': 632328, 'time_iter': 0.0432, 'accuracy': 0.9986}
train: {'epoch': 328, 'eta': 2.9076, 'loss': 1.7416, 'lr': 0.0008, 'params': 632328, 'time_iter': 0.039, 'accuracy': 0.9986}
train: {'epoch': 329, 'eta': 2.867, 'loss': 1.7416, 'lr': 0.0008, 'params': 632328, 'time_iter': 0.0424, 'accuracy': 0.9986}
train: {'epoch': 330, 'eta': 2.8269, 'loss': 1.7416, 'lr': 0.0007, 'params': 632328, 'time_iter': 0.0454, 'accuracy': 0.9991}
train: {'epoch': 331, 'eta': 2.7871, 'loss': 1.7415, 'lr': 0.0007, 'params': 632328, 'time_iter': 0.0465, 'accuracy': 0.9986}
train: {'epoch': 332, 'eta': 2.7467, 'loss': 1.7415, 'lr': 0.0007, 'params': 632328, 'time_iter': 0.0441, 'accuracy': 0.9986}
train: {'epoch': 333, 'eta': 2.7059, 'loss': 1.7415, 'lr': 0.0007, 'params': 632328, 'time_iter': 0.0419, 'accuracy': 0.9986}
train: {'epoch': 334, 'eta': 2.6646, 'loss': 1.7415, 'lr': 0.0007, 'params': 632328, 'time_iter': 0.0393, 'accuracy': 0.9986}
train: {'epoch': 335, 'eta': 2.6233, 'loss': 1.7415, 'lr': 0.0006, 'params': 632328, 'time_iter': 0.0394, 'accuracy': 0.9986}
train: {'epoch': 336, 'eta': 2.5819, 'loss': 1.7415, 'lr': 0.0006, 'params': 632328, 'time_iter': 0.039, 'accuracy': 0.9986}
train: {'epoch': 337, 'eta': 2.5411, 'loss': 1.7415, 'lr': 0.0006, 'params': 632328, 'time_iter': 0.0417, 'accuracy': 0.9986}
train: {'epoch': 338, 'eta': 2.5003, 'loss': 1.7415, 'lr': 0.0006, 'params': 632328, 'time_iter': 0.0424, 'accuracy': 0.9986}
train: {'epoch': 339, 'eta': 2.4592, 'loss': 1.7415, 'lr': 0.0006, 'params': 632328, 'time_iter': 0.0401, 'accuracy': 0.9986}
val: {'epoch': 339, 'loss': 2.011, 'lr': 0, 'params': 632328, 'time_iter': 0.0167, 'accuracy': 0.8838}
train: {'epoch': 340, 'eta': 2.4181, 'loss': 1.7415, 'lr': 0.0005, 'params': 632328, 'time_iter': 0.0404, 'accuracy': 0.9986}
train: {'epoch': 341, 'eta': 2.377, 'loss': 1.7415, 'lr': 0.0005, 'params': 632328, 'time_iter': 0.0402, 'accuracy': 0.9986}
train: {'epoch': 342, 'eta': 2.3355, 'loss': 1.7415, 'lr': 0.0005, 'params': 632328, 'time_iter': 0.0379, 'accuracy': 0.9986}
train: {'epoch': 343, 'eta': 2.2941, 'loss': 1.7415, 'lr': 0.0005, 'params': 632328, 'time_iter': 0.0384, 'accuracy': 0.9986}
train: {'epoch': 344, 'eta': 2.2527, 'loss': 1.7415, 'lr': 0.0005, 'params': 632328, 'time_iter': 0.0384, 'accuracy': 0.9982}
train: {'epoch': 345, 'eta': 2.2114, 'loss': 1.7415, 'lr': 0.0005, 'params': 632328, 'time_iter': 0.0387, 'accuracy': 0.9986}
train: {'epoch': 346, 'eta': 2.1704, 'loss': 1.7415, 'lr': 0.0004, 'params': 632328, 'time_iter': 0.0404, 'accuracy': 0.9986}
train: {'epoch': 347, 'eta': 2.1293, 'loss': 1.7415, 'lr': 0.0004, 'params': 632328, 'time_iter': 0.0401, 'accuracy': 0.9986}
train: {'epoch': 348, 'eta': 2.0884, 'loss': 1.7414, 'lr': 0.0004, 'params': 632328, 'time_iter': 0.0416, 'accuracy': 0.9986}
train: {'epoch': 349, 'eta': 2.047, 'loss': 1.7414, 'lr': 0.0004, 'params': 632328, 'time_iter': 0.0376, 'accuracy': 0.9986}
train: {'epoch': 350, 'eta': 2.0058, 'loss': 1.7414, 'lr': 0.0004, 'params': 632328, 'time_iter': 0.0392, 'accuracy': 0.9986}
train: {'epoch': 351, 'eta': 1.9645, 'loss': 1.7414, 'lr': 0.0004, 'params': 632328, 'time_iter': 0.0382, 'accuracy': 0.9986}
train: {'epoch': 352, 'eta': 1.9235, 'loss': 1.7414, 'lr': 0.0004, 'params': 632328, 'time_iter': 0.0404, 'accuracy': 0.9986}
train: {'epoch': 353, 'eta': 1.8828, 'loss': 1.7414, 'lr': 0.0003, 'params': 632328, 'time_iter': 0.0427, 'accuracy': 0.9986}
train: {'epoch': 354, 'eta': 1.8421, 'loss': 1.7414, 'lr': 0.0003, 'params': 632328, 'time_iter': 0.0422, 'accuracy': 0.9986}
train: {'epoch': 355, 'eta': 1.8017, 'loss': 1.7414, 'lr': 0.0003, 'params': 632328, 'time_iter': 0.0458, 'accuracy': 0.9986}
train: {'epoch': 356, 'eta': 1.761, 'loss': 1.7414, 'lr': 0.0003, 'params': 632328, 'time_iter': 0.0431, 'accuracy': 0.9986}
train: {'epoch': 357, 'eta': 1.7201, 'loss': 1.7414, 'lr': 0.0003, 'params': 632328, 'time_iter': 0.0414, 'accuracy': 0.9986}
train: {'epoch': 358, 'eta': 1.6795, 'loss': 1.7414, 'lr': 0.0003, 'params': 632328, 'time_iter': 0.0434, 'accuracy': 0.9986}
train: {'epoch': 359, 'eta': 1.6384, 'loss': 1.7414, 'lr': 0.0003, 'params': 632328, 'time_iter': 0.0396, 'accuracy': 0.9986}
val: {'epoch': 359, 'loss': 2.0129, 'lr': 0, 'params': 632328, 'time_iter': 0.0164, 'accuracy': 0.8838}
train: {'epoch': 360, 'eta': 1.5972, 'loss': 1.7414, 'lr': 0.0002, 'params': 632328, 'time_iter': 0.039, 'accuracy': 0.9986}
train: {'epoch': 361, 'eta': 1.5563, 'loss': 1.7414, 'lr': 0.0002, 'params': 632328, 'time_iter': 0.0417, 'accuracy': 0.9986}
train: {'epoch': 362, 'eta': 1.5152, 'loss': 1.7414, 'lr': 0.0002, 'params': 632328, 'time_iter': 0.0398, 'accuracy': 0.9986}
train: {'epoch': 363, 'eta': 1.4742, 'loss': 1.7414, 'lr': 0.0002, 'params': 632328, 'time_iter': 0.0399, 'accuracy': 0.9986}
train: {'epoch': 364, 'eta': 1.4331, 'loss': 1.7414, 'lr': 0.0002, 'params': 632328, 'time_iter': 0.0399, 'accuracy': 0.9986}
train: {'epoch': 365, 'eta': 1.3922, 'loss': 1.7414, 'lr': 0.0002, 'params': 632328, 'time_iter': 0.0412, 'accuracy': 0.9986}
train: {'epoch': 366, 'eta': 1.3513, 'loss': 1.7414, 'lr': 0.0002, 'params': 632328, 'time_iter': 0.0412, 'accuracy': 0.9986}
train: {'epoch': 367, 'eta': 1.3103, 'loss': 1.7414, 'lr': 0.0002, 'params': 632328, 'time_iter': 0.0409, 'accuracy': 0.9986}
train: {'epoch': 368, 'eta': 1.2692, 'loss': 1.7414, 'lr': 0.0002, 'params': 632328, 'time_iter': 0.039, 'accuracy': 0.9986}
train: {'epoch': 369, 'eta': 1.2281, 'loss': 1.7414, 'lr': 0.0001, 'params': 632328, 'time_iter': 0.039, 'accuracy': 0.9986}
train: {'epoch': 370, 'eta': 1.1869, 'loss': 1.7414, 'lr': 0.0001, 'params': 632328, 'time_iter': 0.0375, 'accuracy': 0.9986}
train: {'epoch': 371, 'eta': 1.1458, 'loss': 1.7414, 'lr': 0.0001, 'params': 632328, 'time_iter': 0.0387, 'accuracy': 0.9986}
train: {'epoch': 372, 'eta': 1.1047, 'loss': 1.7414, 'lr': 0.0001, 'params': 632328, 'time_iter': 0.0384, 'accuracy': 0.9986}
train: {'epoch': 373, 'eta': 1.0638, 'loss': 1.7414, 'lr': 0.0001, 'params': 632328, 'time_iter': 0.0415, 'accuracy': 0.9986}
train: {'epoch': 374, 'eta': 1.023, 'loss': 1.7414, 'lr': 0.0001, 'params': 632328, 'time_iter': 0.0417, 'accuracy': 0.9986}
train: {'epoch': 375, 'eta': 0.9819, 'loss': 1.7414, 'lr': 0.0001, 'params': 632328, 'time_iter': 0.0378, 'accuracy': 0.9986}
train: {'epoch': 376, 'eta': 0.941, 'loss': 1.7414, 'lr': 0.0001, 'params': 632328, 'time_iter': 0.0416, 'accuracy': 0.9986}
train: {'epoch': 377, 'eta': 0.9, 'loss': 1.7414, 'lr': 0.0001, 'params': 632328, 'time_iter': 0.0402, 'accuracy': 0.9986}
train: {'epoch': 378, 'eta': 0.8591, 'loss': 1.7414, 'lr': 0.0001, 'params': 632328, 'time_iter': 0.0414, 'accuracy': 0.9986}
train: {'epoch': 379, 'eta': 0.8183, 'loss': 1.7414, 'lr': 0.0001, 'params': 632328, 'time_iter': 0.0414, 'accuracy': 0.9986}
val: {'epoch': 379, 'loss': 2.0143, 'lr': 0, 'params': 632328, 'time_iter': 0.0165, 'accuracy': 0.8801}
train: {'epoch': 380, 'eta': 0.7824, 'loss': 1.7414, 'lr': 0.0001, 'params': 632328, 'time_iter': 0.1425, 'accuracy': 0.9986}
train: {'epoch': 381, 'eta': 0.7414, 'loss': 1.7414, 'lr': 0.0001, 'params': 632328, 'time_iter': 0.0453, 'accuracy': 0.9986}
train: {'epoch': 382, 'eta': 0.7003, 'loss': 1.7414, 'lr': 0.0, 'params': 632328, 'time_iter': 0.042, 'accuracy': 0.9986}
train: {'epoch': 383, 'eta': 0.6592, 'loss': 1.7414, 'lr': 0.0, 'params': 632328, 'time_iter': 0.0435, 'accuracy': 0.9986}
train: {'epoch': 384, 'eta': 0.6181, 'loss': 1.7414, 'lr': 0.0, 'params': 632328, 'time_iter': 0.0441, 'accuracy': 0.9986}
train: {'epoch': 385, 'eta': 0.5769, 'loss': 1.7414, 'lr': 0.0, 'params': 632328, 'time_iter': 0.0403, 'accuracy': 0.9986}
train: {'epoch': 386, 'eta': 0.5359, 'loss': 1.7414, 'lr': 0.0, 'params': 632328, 'time_iter': 0.048, 'accuracy': 0.9986}
train: {'epoch': 387, 'eta': 0.4948, 'loss': 1.7414, 'lr': 0.0, 'params': 632328, 'time_iter': 0.0467, 'accuracy': 0.9986}
train: {'epoch': 388, 'eta': 0.4535, 'loss': 1.7414, 'lr': 0.0, 'params': 632328, 'time_iter': 0.0389, 'accuracy': 0.9986}
train: {'epoch': 389, 'eta': 0.4122, 'loss': 1.7414, 'lr': 0.0, 'params': 632328, 'time_iter': 0.0394, 'accuracy': 0.9986}
train: {'epoch': 390, 'eta': 0.371, 'loss': 1.7414, 'lr': 0.0, 'params': 632328, 'time_iter': 0.0401, 'accuracy': 0.9986}
train: {'epoch': 391, 'eta': 0.3297, 'loss': 1.7414, 'lr': 0.0, 'params': 632328, 'time_iter': 0.0382, 'accuracy': 0.9986}
train: {'epoch': 392, 'eta': 0.2885, 'loss': 1.7414, 'lr': 0.0, 'params': 632328, 'time_iter': 0.0405, 'accuracy': 0.9986}
train: {'epoch': 393, 'eta': 0.2473, 'loss': 1.7414, 'lr': 0.0, 'params': 632328, 'time_iter': 0.0429, 'accuracy': 0.9986}
train: {'epoch': 394, 'eta': 0.2061, 'loss': 1.7414, 'lr': 0.0, 'params': 632328, 'time_iter': 0.0403, 'accuracy': 0.9986}
train: {'epoch': 395, 'eta': 0.1649, 'loss': 1.7414, 'lr': 0.0, 'params': 632328, 'time_iter': 0.0406, 'accuracy': 0.9986}
train: {'epoch': 396, 'eta': 0.1236, 'loss': 1.7414, 'lr': 0.0, 'params': 632328, 'time_iter': 0.0404, 'accuracy': 0.9986}
train: {'epoch': 397, 'eta': 0.0824, 'loss': 1.7414, 'lr': 0.0, 'params': 632328, 'time_iter': 0.04, 'accuracy': 0.9986}
train: {'epoch': 398, 'eta': 0.0412, 'loss': 1.7414, 'lr': 0.0, 'params': 632328, 'time_iter': 0.0383, 'accuracy': 0.9986}
train: {'epoch': 399, 'eta': 0.0, 'loss': 1.7414, 'lr': 0.0, 'params': 632328, 'time_iter': 0.0386, 'accuracy': 0.9986}
val: {'epoch': 399, 'loss': 2.0152, 'lr': 0, 'params': 632328, 'time_iter': 0.0153, 'accuracy': 0.8764}
Task done, results saved in results/example_noneq_2
