Load: 0.04646s, Before split: 0.0001149s, Split: 0.001745s, After split: 0.001092s
GNN(
  (preprocess): Preprocess(
    node_feature: dim_out=1433
    Total: dim_out=1433
  )
  (pre_mp): GeneralMultiLayer(
    (Layer_0): GeneralLayer(
      (layer): Linear(
        (model): Linear(in_features=1433, out_features=256, bias=False)
      )
      (post_layer): Sequential(
        (0): BatchNorm1d(256, eps=1e-05, momentum=0.1, affine=True, track_running_stats=True)
        (1): PReLU(num_parameters=1)
      )
    )
  )
  (mp): GNNStackStage(
    (layer0): GeneralLayer(
      (layer): GeneralConv(
        (model): GeneralConvLayer(256, 256)
      )
      (post_layer): Sequential(
        (0): BatchNorm1d(256, eps=1e-05, momentum=0.1, affine=True, track_running_stats=True)
        (1): PReLU(num_parameters=1)
      )
    )
    (layer1): GeneralLayer(
      (layer): GeneralConv(
        (model): GeneralConvLayer(256, 256)
      )
      (post_layer): Sequential(
        (0): BatchNorm1d(256, eps=1e-05, momentum=0.1, affine=True, track_running_stats=True)
        (1): PReLU(num_parameters=1)
      )
    )
  )
  (post_mp): GNNNodeHead(
    (layer_post_mp): MLP(
      (model): Sequential(
        (0): Linear(
          (model): Linear(in_features=256, out_features=7, bias=True)
        )
      )
    )
  )
)
bn:
  eps: 1e-05
  mom: 0.1
cfg_dest: config.yaml
custom_metrics: []
dataset:
  augment_feature: []
  augment_feature_dims: []
  augment_feature_repr: position
  augment_label: 
  augment_label_dims: 0
  cache_load: False
  cache_save: False
  dir: ./datasets
  edge_dim: 128
  edge_encoder: False
  edge_encoder_bn: True
  edge_encoder_name: Bond
  edge_message_ratio: 0.8
  edge_negative_sampling_ratio: 1.0
  edge_train_mode: all
  encoder: True
  encoder_bn: True
  encoder_dim: 128
  encoder_name: db
  format: PyG
  label_column: none
  label_table: none
  location: local
  name: Cora
  node_encoder: False
  node_encoder_bn: True
  node_encoder_name: Atom
  remove_feature: False
  resample_disjoint: False
  resample_negative: False
  shuffle_split: True
  split: [0.8, 0.2]
  split_mode: random
  task: node
  task_type: classification
  to_undirected: False
  transductive: True
  transform: none
  tu_simple: True
device: cpu
example_arg: example
example_group:
  example_arg: example
gnn:
  act: prelu
  agg: add
  att_final_linear: False
  att_final_linear_bn: False
  att_heads: 1
  batchnorm: True
  clear_feature: True
  dim_inner: 256
  dropout: 0.0
  flow: source_to_target
  head: node
  keep_edge: 0.5
  l2norm: True
  layer_type: generalconv
  layers_mp: 2
  layers_post_mp: 1
  layers_pre_mp: 1
  msg_direction: single
  normalize_adj: False
  self_msg: concat
  skip_every: 1
  stage_type: stack
gpu_mem: False
mem:
  inplace: False
metric_agg: argmax
metric_best: auto
model:
  edge_decoding: dot
  graph_pooling: add
  loss_fun: cross_entropy
  match_upper: True
  size_average: mean
  thresh: 0.5
  type: gnn
num_threads: 6
num_workers: 0
optim:
  base_lr: 0.01
  lr_decay: 0.1
  max_epoch: 400
  momentum: 0.9
  optimizer: adam
  scheduler: cos
  steps: [30, 60, 90]
  weight_decay: 0.0005
out_dir: results/example_noneq_2
print: both
round: 4
run_dir: results/example_noneq_2/0
seed: 1
share:
  dim_in: 1433
  dim_out: 7
  num_splits: 2
tensorboard_agg: True
tensorboard_each_run: False
train:
  auto_resume: False
  batch_size: 32
  ckpt_clean: True
  ckpt_period: 100
  enable_ckpt: True
  energy_alpha: 1.0
  energy_beta: 0.5
  energy_reg: True
  epoch_resume: -1
  eval_period: 20
  iter_per_epoch: 32
  mode: standard
  neighbor_sizes: [20, 15, 10, 5]
  node_per_graph: 32
  radius: extend
  sample_node: False
  sampler: full_batch
  skip_train_eval: False
  walk_length: 4
val:
  node_per_graph: 32
  radius: extend
  sample_node: False
  sampler: full_batch
view_emb: False
Num parameters: 632328
Start from epoch 0
train: {'epoch': 0, 'eta': 41.9976, 'loss': 2.0623, 'lr': 0.01, 'params': 632328, 'time_iter': 0.1053, 'accuracy': 0.1302}
val: {'epoch': 0, 'loss': 2.7107, 'lr': 0, 'params': 632328, 'time_iter': 0.0165, 'accuracy': 0.2989}
train: {'epoch': 1, 'eta': 28.9423, 'loss': 2.8164, 'lr': 0.01, 'params': 632328, 'time_iter': 0.0402, 'accuracy': 0.4247}
train: {'epoch': 2, 'eta': 25.1333, 'loss': 1.9596, 'lr': 0.01, 'params': 632328, 'time_iter': 0.0445, 'accuracy': 0.5637}
train: {'epoch': 3, 'eta': 22.814, 'loss': 1.9189, 'lr': 0.01, 'params': 632328, 'time_iter': 0.0405, 'accuracy': 0.6754}
train: {'epoch': 4, 'eta': 21.4406, 'loss': 1.8882, 'lr': 0.01, 'params': 632328, 'time_iter': 0.041, 'accuracy': 0.7461}
train: {'epoch': 5, 'eta': 20.4331, 'loss': 1.8787, 'lr': 0.01, 'params': 632328, 'time_iter': 0.0398, 'accuracy': 0.7881}
train: {'epoch': 6, 'eta': 19.7589, 'loss': 1.8764, 'lr': 0.01, 'params': 632328, 'time_iter': 0.0408, 'accuracy': 0.7322}
train: {'epoch': 7, 'eta': 19.3743, 'loss': 1.8681, 'lr': 0.01, 'params': 632328, 'time_iter': 0.0435, 'accuracy': 0.7235}
train: {'epoch': 8, 'eta': 18.8897, 'loss': 1.8605, 'lr': 0.01, 'params': 632328, 'time_iter': 0.0394, 'accuracy': 0.7285}
train: {'epoch': 9, 'eta': 18.5093, 'loss': 1.8566, 'lr': 0.01, 'params': 632328, 'time_iter': 0.0398, 'accuracy': 0.7558}
train: {'epoch': 10, 'eta': 18.2238, 'loss': 1.8523, 'lr': 0.01, 'params': 632328, 'time_iter': 0.0407, 'accuracy': 0.7964}
train: {'epoch': 11, 'eta': 18.0581, 'loss': 1.8516, 'lr': 0.01, 'params': 632328, 'time_iter': 0.0432, 'accuracy': 0.8042}
train: {'epoch': 12, 'eta': 17.9182, 'loss': 1.8456, 'lr': 0.01, 'params': 632328, 'time_iter': 0.0434, 'accuracy': 0.8278}
train: {'epoch': 13, 'eta': 17.7774, 'loss': 1.8422, 'lr': 0.01, 'params': 632328, 'time_iter': 0.0429, 'accuracy': 0.8264}
train: {'epoch': 14, 'eta': 17.4435, 'loss': 1.8381, 'lr': 0.01, 'params': 632328, 'time_iter': 0.0348, 'accuracy': 0.8306}
train: {'epoch': 15, 'eta': 17.245, 'loss': 1.8343, 'lr': 0.01, 'params': 632328, 'time_iter': 0.0389, 'accuracy': 0.8453}
train: {'epoch': 16, 'eta': 16.9906, 'loss': 1.8314, 'lr': 0.01, 'params': 632328, 'time_iter': 0.0356, 'accuracy': 0.8587}
train: {'epoch': 17, 'eta': 16.7874, 'loss': 1.8286, 'lr': 0.01, 'params': 632328, 'time_iter': 0.0369, 'accuracy': 0.8453}
train: {'epoch': 18, 'eta': 16.6072, 'loss': 1.8259, 'lr': 0.01, 'params': 632328, 'time_iter': 0.0372, 'accuracy': 0.85}
train: {'epoch': 19, 'eta': 16.466, 'loss': 1.8241, 'lr': 0.0099, 'params': 632328, 'time_iter': 0.0384, 'accuracy': 0.867}
val: {'epoch': 19, 'loss': 1.8617, 'lr': 0, 'params': 632328, 'time_iter': 0.0147, 'accuracy': 0.7362}
train: {'epoch': 20, 'eta': 16.3001, 'loss': 1.8217, 'lr': 0.0099, 'params': 632328, 'time_iter': 0.0365, 'accuracy': 0.867}
train: {'epoch': 21, 'eta': 16.1765, 'loss': 1.8202, 'lr': 0.0099, 'params': 632328, 'time_iter': 0.0383, 'accuracy': 0.8698}
train: {'epoch': 22, 'eta': 16.0586, 'loss': 1.8181, 'lr': 0.0099, 'params': 632328, 'time_iter': 0.0382, 'accuracy': 0.8781}
train: {'epoch': 23, 'eta': 15.9802, 'loss': 1.8152, 'lr': 0.0099, 'params': 632328, 'time_iter': 0.0403, 'accuracy': 0.873}
train: {'epoch': 24, 'eta': 16.9244, 'loss': 1.8125, 'lr': 0.0099, 'params': 632328, 'time_iter': 0.1083, 'accuracy': 0.8832}
train: {'epoch': 25, 'eta': 16.794, 'loss': 1.8112, 'lr': 0.0099, 'params': 632328, 'time_iter': 0.0392, 'accuracy': 0.891}
train: {'epoch': 26, 'eta': 16.7042, 'loss': 1.8101, 'lr': 0.0099, 'params': 632328, 'time_iter': 0.0417, 'accuracy': 0.8804}
train: {'epoch': 27, 'eta': 16.5946, 'loss': 1.8086, 'lr': 0.0099, 'params': 632328, 'time_iter': 0.0399, 'accuracy': 0.9081}
train: {'epoch': 28, 'eta': 16.4919, 'loss': 1.8053, 'lr': 0.0099, 'params': 632328, 'time_iter': 0.0401, 'accuracy': 0.9044}
train: {'epoch': 29, 'eta': 16.3597, 'loss': 1.8034, 'lr': 0.0099, 'params': 632328, 'time_iter': 0.0373, 'accuracy': 0.9021}
train: {'epoch': 30, 'eta': 16.239, 'loss': 1.8022, 'lr': 0.0099, 'params': 632328, 'time_iter': 0.0378, 'accuracy': 0.9132}
train: {'epoch': 31, 'eta': 16.1424, 'loss': 1.801, 'lr': 0.0099, 'params': 632328, 'time_iter': 0.0394, 'accuracy': 0.9012}
train: {'epoch': 32, 'eta': 16.0251, 'loss': 1.8022, 'lr': 0.0098, 'params': 632328, 'time_iter': 0.0373, 'accuracy': 0.9114}
train: {'epoch': 33, 'eta': 15.8931, 'loss': 1.799, 'lr': 0.0098, 'params': 632328, 'time_iter': 0.0355, 'accuracy': 0.9178}
train: {'epoch': 34, 'eta': 15.7828, 'loss': 1.7952, 'lr': 0.0098, 'params': 632328, 'time_iter': 0.037, 'accuracy': 0.9146}
train: {'epoch': 35, 'eta': 15.6777, 'loss': 1.7952, 'lr': 0.0098, 'params': 632328, 'time_iter': 0.0371, 'accuracy': 0.9312}
train: {'epoch': 36, 'eta': 15.5916, 'loss': 1.792, 'lr': 0.0098, 'params': 632328, 'time_iter': 0.0387, 'accuracy': 0.9307}
train: {'epoch': 37, 'eta': 15.4874, 'loss': 1.7936, 'lr': 0.0098, 'params': 632328, 'time_iter': 0.0365, 'accuracy': 0.9303}
train: {'epoch': 38, 'eta': 15.4094, 'loss': 1.7921, 'lr': 0.0098, 'params': 632328, 'time_iter': 0.039, 'accuracy': 0.9303}
train: {'epoch': 39, 'eta': 15.3193, 'loss': 1.7869, 'lr': 0.0098, 'params': 632328, 'time_iter': 0.0374, 'accuracy': 0.9381}
val: {'epoch': 39, 'loss': 1.862, 'lr': 0, 'params': 632328, 'time_iter': 0.0143, 'accuracy': 0.7399}
train: {'epoch': 40, 'eta': 15.2482, 'loss': 1.7887, 'lr': 0.0098, 'params': 632328, 'time_iter': 0.0393, 'accuracy': 0.9451}
train: {'epoch': 41, 'eta': 15.1443, 'loss': 1.7918, 'lr': 0.0097, 'params': 632328, 'time_iter': 0.0353, 'accuracy': 0.9229}
train: {'epoch': 42, 'eta': 15.0449, 'loss': 1.8003, 'lr': 0.0097, 'params': 632328, 'time_iter': 0.0354, 'accuracy': 0.928}
train: {'epoch': 43, 'eta': 14.9814, 'loss': 1.7941, 'lr': 0.0097, 'params': 632328, 'time_iter': 0.0395, 'accuracy': 0.934}
train: {'epoch': 44, 'eta': 14.9211, 'loss': 1.7893, 'lr': 0.0097, 'params': 632328, 'time_iter': 0.0398, 'accuracy': 0.9404}
train: {'epoch': 45, 'eta': 14.8405, 'loss': 1.7863, 'lr': 0.0097, 'params': 632328, 'time_iter': 0.037, 'accuracy': 0.9451}
train: {'epoch': 46, 'eta': 14.7718, 'loss': 1.7841, 'lr': 0.0097, 'params': 632328, 'time_iter': 0.0384, 'accuracy': 0.9469}
train: {'epoch': 47, 'eta': 14.7136, 'loss': 1.7817, 'lr': 0.0097, 'params': 632328, 'time_iter': 0.0396, 'accuracy': 0.9506}
train: {'epoch': 48, 'eta': 14.6522, 'loss': 1.7794, 'lr': 0.0096, 'params': 632328, 'time_iter': 0.0391, 'accuracy': 0.9538}
train: {'epoch': 49, 'eta': 14.5769, 'loss': 1.7775, 'lr': 0.0096, 'params': 632328, 'time_iter': 0.037, 'accuracy': 0.9612}
train: {'epoch': 50, 'eta': 14.5027, 'loss': 1.7749, 'lr': 0.0096, 'params': 632328, 'time_iter': 0.0369, 'accuracy': 0.9612}
train: {'epoch': 51, 'eta': 14.4248, 'loss': 1.7757, 'lr': 0.0096, 'params': 632328, 'time_iter': 0.0361, 'accuracy': 0.9584}
train: {'epoch': 52, 'eta': 14.4629, 'loss': 1.7745, 'lr': 0.0096, 'params': 632328, 'time_iter': 0.0536, 'accuracy': 0.9658}
train: {'epoch': 53, 'eta': 14.3961, 'loss': 1.7735, 'lr': 0.0096, 'params': 632328, 'time_iter': 0.0378, 'accuracy': 0.9668}
train: {'epoch': 54, 'eta': 14.4401, 'loss': 1.7701, 'lr': 0.0096, 'params': 632328, 'time_iter': 0.0552, 'accuracy': 0.9723}
train: {'epoch': 55, 'eta': 14.4595, 'loss': 1.7682, 'lr': 0.0095, 'params': 632328, 'time_iter': 0.0518, 'accuracy': 0.9723}
train: {'epoch': 56, 'eta': 14.5463, 'loss': 1.7681, 'lr': 0.0095, 'params': 632328, 'time_iter': 0.0634, 'accuracy': 0.9741}
train: {'epoch': 57, 'eta': 14.5455, 'loss': 1.7704, 'lr': 0.0095, 'params': 632328, 'time_iter': 0.0495, 'accuracy': 0.9746}
train: {'epoch': 58, 'eta': 14.4914, 'loss': 1.778, 'lr': 0.0095, 'params': 632328, 'time_iter': 0.0405, 'accuracy': 0.9649}
train: {'epoch': 59, 'eta': 14.4249, 'loss': 1.7702, 'lr': 0.0095, 'params': 632328, 'time_iter': 0.0383, 'accuracy': 0.9709}
val: {'epoch': 59, 'loss': 1.8752, 'lr': 0, 'params': 632328, 'time_iter': 0.0145, 'accuracy': 0.8155}
train: {'epoch': 60, 'eta': 14.3446, 'loss': 1.7708, 'lr': 0.0095, 'params': 632328, 'time_iter': 0.0356, 'accuracy': 0.976}
train: {'epoch': 61, 'eta': 14.2821, 'loss': 1.7684, 'lr': 0.0094, 'params': 632328, 'time_iter': 0.0386, 'accuracy': 0.9714}
train: {'epoch': 62, 'eta': 14.2276, 'loss': 1.7665, 'lr': 0.0094, 'params': 632328, 'time_iter': 0.04, 'accuracy': 0.9728}
train: {'epoch': 63, 'eta': 14.1533, 'loss': 1.7665, 'lr': 0.0094, 'params': 632328, 'time_iter': 0.0361, 'accuracy': 0.9792}
train: {'epoch': 64, 'eta': 14.0927, 'loss': 1.777, 'lr': 0.0094, 'params': 632328, 'time_iter': 0.0385, 'accuracy': 0.9705}
train: {'epoch': 65, 'eta': 14.031, 'loss': 1.7747, 'lr': 0.0094, 'params': 632328, 'time_iter': 0.0382, 'accuracy': 0.9663}
train: {'epoch': 66, 'eta': 13.9773, 'loss': 1.7737, 'lr': 0.0093, 'params': 632328, 'time_iter': 0.0397, 'accuracy': 0.9677}
train: {'epoch': 67, 'eta': 13.917, 'loss': 1.768, 'lr': 0.0093, 'params': 632328, 'time_iter': 0.0382, 'accuracy': 0.9705}
train: {'epoch': 68, 'eta': 13.8508, 'loss': 1.7687, 'lr': 0.0093, 'params': 632328, 'time_iter': 0.0369, 'accuracy': 0.9755}
train: {'epoch': 69, 'eta': 13.7886, 'loss': 1.7688, 'lr': 0.0093, 'params': 632328, 'time_iter': 0.0375, 'accuracy': 0.9788}
train: {'epoch': 70, 'eta': 13.718, 'loss': 1.7676, 'lr': 0.0093, 'params': 632328, 'time_iter': 0.0356, 'accuracy': 0.9806}
train: {'epoch': 71, 'eta': 13.6628, 'loss': 1.7639, 'lr': 0.0092, 'params': 632328, 'time_iter': 0.0387, 'accuracy': 0.9801}
train: {'epoch': 72, 'eta': 13.5925, 'loss': 1.7615, 'lr': 0.0092, 'params': 632328, 'time_iter': 0.0353, 'accuracy': 0.9848}
train: {'epoch': 73, 'eta': 13.5976, 'loss': 1.7608, 'lr': 0.0092, 'params': 632328, 'time_iter': 0.0522, 'accuracy': 0.9848}
train: {'epoch': 74, 'eta': 13.5263, 'loss': 1.7599, 'lr': 0.0092, 'params': 632328, 'time_iter': 0.0349, 'accuracy': 0.9838}
train: {'epoch': 75, 'eta': 13.474, 'loss': 1.7585, 'lr': 0.0092, 'params': 632328, 'time_iter': 0.0391, 'accuracy': 0.9861}
train: {'epoch': 76, 'eta': 13.4312, 'loss': 1.7562, 'lr': 0.0091, 'params': 632328, 'time_iter': 0.0413, 'accuracy': 0.9871}
train: {'epoch': 77, 'eta': 13.3846, 'loss': 1.7559, 'lr': 0.0091, 'params': 632328, 'time_iter': 0.0404, 'accuracy': 0.9875}
train: {'epoch': 78, 'eta': 13.3259, 'loss': 1.7556, 'lr': 0.0091, 'params': 632328, 'time_iter': 0.0373, 'accuracy': 0.9885}
train: {'epoch': 79, 'eta': 13.2674, 'loss': 1.7555, 'lr': 0.0091, 'params': 632328, 'time_iter': 0.0373, 'accuracy': 0.988}
val: {'epoch': 79, 'loss': 1.9088, 'lr': 0, 'params': 632328, 'time_iter': 0.0149, 'accuracy': 0.7989}
train: {'epoch': 80, 'eta': 13.2157, 'loss': 1.7601, 'lr': 0.009, 'params': 632328, 'time_iter': 0.0389, 'accuracy': 0.9806}
train: {'epoch': 81, 'eta': 13.1574, 'loss': 1.7582, 'lr': 0.009, 'params': 632328, 'time_iter': 0.0371, 'accuracy': 0.9857}
train: {'epoch': 82, 'eta': 13.1041, 'loss': 1.7591, 'lr': 0.009, 'params': 632328, 'time_iter': 0.0382, 'accuracy': 0.9875}
train: {'epoch': 83, 'eta': 13.0605, 'loss': 1.7566, 'lr': 0.009, 'params': 632328, 'time_iter': 0.0407, 'accuracy': 0.9875}
train: {'epoch': 84, 'eta': 13.005, 'loss': 1.7559, 'lr': 0.009, 'params': 632328, 'time_iter': 0.0375, 'accuracy': 0.9885}
train: {'epoch': 85, 'eta': 12.9535, 'loss': 1.7544, 'lr': 0.0089, 'params': 632328, 'time_iter': 0.0385, 'accuracy': 0.9894}
train: {'epoch': 86, 'eta': 12.9016, 'loss': 1.7567, 'lr': 0.0089, 'params': 632328, 'time_iter': 0.0383, 'accuracy': 0.988}
train: {'epoch': 87, 'eta': 12.8458, 'loss': 1.764, 'lr': 0.0089, 'params': 632328, 'time_iter': 0.0371, 'accuracy': 0.9815}
train: {'epoch': 88, 'eta': 12.7942, 'loss': 1.7629, 'lr': 0.0089, 'params': 632328, 'time_iter': 0.0382, 'accuracy': 0.9838}
train: {'epoch': 89, 'eta': 12.7407, 'loss': 1.764, 'lr': 0.0088, 'params': 632328, 'time_iter': 0.0375, 'accuracy': 0.9829}
train: {'epoch': 90, 'eta': 12.6941, 'loss': 1.761, 'lr': 0.0088, 'params': 632328, 'time_iter': 0.0395, 'accuracy': 0.982}
train: {'epoch': 91, 'eta': 12.6512, 'loss': 1.7595, 'lr': 0.0088, 'params': 632328, 'time_iter': 0.0405, 'accuracy': 0.9848}
train: {'epoch': 92, 'eta': 12.602, 'loss': 1.7577, 'lr': 0.0088, 'params': 632328, 'time_iter': 0.0386, 'accuracy': 0.9875}
train: {'epoch': 93, 'eta': 12.5524, 'loss': 1.7567, 'lr': 0.0087, 'params': 632328, 'time_iter': 0.0384, 'accuracy': 0.988}
train: {'epoch': 94, 'eta': 12.502, 'loss': 1.7588, 'lr': 0.0087, 'params': 632328, 'time_iter': 0.0381, 'accuracy': 0.9857}
train: {'epoch': 95, 'eta': 12.4559, 'loss': 1.7594, 'lr': 0.0087, 'params': 632328, 'time_iter': 0.0394, 'accuracy': 0.9903}
train: {'epoch': 96, 'eta': 12.4045, 'loss': 1.7557, 'lr': 0.0086, 'params': 632328, 'time_iter': 0.0376, 'accuracy': 0.9889}
train: {'epoch': 97, 'eta': 12.3487, 'loss': 1.7549, 'lr': 0.0086, 'params': 632328, 'time_iter': 0.0361, 'accuracy': 0.9885}
train: {'epoch': 98, 'eta': 12.3052, 'loss': 1.7538, 'lr': 0.0086, 'params': 632328, 'time_iter': 0.04, 'accuracy': 0.9889}
train: {'epoch': 99, 'eta': 12.2683, 'loss': 1.7529, 'lr': 0.0086, 'params': 632328, 'time_iter': 0.0422, 'accuracy': 0.9898}
val: {'epoch': 99, 'loss': 1.9359, 'lr': 0, 'params': 632328, 'time_iter': 0.0173, 'accuracy': 0.8044}
train: {'epoch': 100, 'eta': 12.2212, 'loss': 1.7512, 'lr': 0.0085, 'params': 632328, 'time_iter': 0.0388, 'accuracy': 0.9889}
train: {'epoch': 101, 'eta': 12.1716, 'loss': 1.7506, 'lr': 0.0085, 'params': 632328, 'time_iter': 0.0379, 'accuracy': 0.9917}
train: {'epoch': 102, 'eta': 12.1196, 'loss': 1.7496, 'lr': 0.0085, 'params': 632328, 'time_iter': 0.037, 'accuracy': 0.9922}
train: {'epoch': 103, 'eta': 12.0692, 'loss': 1.7489, 'lr': 0.0085, 'params': 632328, 'time_iter': 0.0374, 'accuracy': 0.9922}
train: {'epoch': 104, 'eta': 12.0265, 'loss': 1.7488, 'lr': 0.0084, 'params': 632328, 'time_iter': 0.0401, 'accuracy': 0.9931}
train: {'epoch': 105, 'eta': 11.975, 'loss': 1.7493, 'lr': 0.0084, 'params': 632328, 'time_iter': 0.0369, 'accuracy': 0.9931}
train: {'epoch': 106, 'eta': 11.9312, 'loss': 1.7501, 'lr': 0.0084, 'params': 632328, 'time_iter': 0.0396, 'accuracy': 0.9898}
train: {'epoch': 107, 'eta': 11.8875, 'loss': 1.7503, 'lr': 0.0083, 'params': 632328, 'time_iter': 0.0396, 'accuracy': 0.9917}
train: {'epoch': 108, 'eta': 11.8443, 'loss': 1.7532, 'lr': 0.0083, 'params': 632328, 'time_iter': 0.0398, 'accuracy': 0.9912}
train: {'epoch': 109, 'eta': 11.7905, 'loss': 1.7565, 'lr': 0.0083, 'params': 632328, 'time_iter': 0.0357, 'accuracy': 0.9889}
train: {'epoch': 110, 'eta': 11.7386, 'loss': 1.7523, 'lr': 0.0082, 'params': 632328, 'time_iter': 0.0364, 'accuracy': 0.9871}
train: {'epoch': 111, 'eta': 11.6905, 'loss': 1.754, 'lr': 0.0082, 'params': 632328, 'time_iter': 0.0377, 'accuracy': 0.988}
train: {'epoch': 112, 'eta': 11.6445, 'loss': 1.7507, 'lr': 0.0082, 'params': 632328, 'time_iter': 0.0385, 'accuracy': 0.9875}
train: {'epoch': 113, 'eta': 11.595, 'loss': 1.7511, 'lr': 0.0082, 'params': 632328, 'time_iter': 0.037, 'accuracy': 0.9903}
train: {'epoch': 114, 'eta': 11.5459, 'loss': 1.7498, 'lr': 0.0081, 'params': 632328, 'time_iter': 0.0371, 'accuracy': 0.9912}
train: {'epoch': 115, 'eta': 11.4986, 'loss': 1.7493, 'lr': 0.0081, 'params': 632328, 'time_iter': 0.0377, 'accuracy': 0.9917}
train: {'epoch': 116, 'eta': 11.4522, 'loss': 1.7494, 'lr': 0.0081, 'params': 632328, 'time_iter': 0.038, 'accuracy': 0.9917}
train: {'epoch': 117, 'eta': 11.4068, 'loss': 1.7488, 'lr': 0.008, 'params': 632328, 'time_iter': 0.0384, 'accuracy': 0.9917}
train: {'epoch': 118, 'eta': 11.3595, 'loss': 1.749, 'lr': 0.008, 'params': 632328, 'time_iter': 0.0376, 'accuracy': 0.9922}
train: {'epoch': 119, 'eta': 11.3111, 'loss': 1.7477, 'lr': 0.008, 'params': 632328, 'time_iter': 0.037, 'accuracy': 0.9935}
val: {'epoch': 119, 'loss': 1.948, 'lr': 0, 'params': 632328, 'time_iter': 0.0146, 'accuracy': 0.8081}
train: {'epoch': 120, 'eta': 11.2694, 'loss': 1.7481, 'lr': 0.0079, 'params': 632328, 'time_iter': 0.0399, 'accuracy': 0.9926}
train: {'epoch': 121, 'eta': 11.2253, 'loss': 1.748, 'lr': 0.0079, 'params': 632328, 'time_iter': 0.0388, 'accuracy': 0.9917}
train: {'epoch': 122, 'eta': 11.1762, 'loss': 1.7502, 'lr': 0.0079, 'params': 632328, 'time_iter': 0.0365, 'accuracy': 0.9912}
train: {'epoch': 123, 'eta': 11.1342, 'loss': 1.7516, 'lr': 0.0078, 'params': 632328, 'time_iter': 0.0396, 'accuracy': 0.9912}
train: {'epoch': 124, 'eta': 11.0928, 'loss': 1.7578, 'lr': 0.0078, 'params': 632328, 'time_iter': 0.0398, 'accuracy': 0.9861}
train: {'epoch': 125, 'eta': 11.0493, 'loss': 1.7581, 'lr': 0.0078, 'params': 632328, 'time_iter': 0.0389, 'accuracy': 0.9894}
train: {'epoch': 126, 'eta': 11.0011, 'loss': 1.7603, 'lr': 0.0077, 'params': 632328, 'time_iter': 0.0366, 'accuracy': 0.9889}
train: {'epoch': 127, 'eta': 10.9574, 'loss': 1.7583, 'lr': 0.0077, 'params': 632328, 'time_iter': 0.0387, 'accuracy': 0.9885}
train: {'epoch': 128, 'eta': 10.9172, 'loss': 1.7563, 'lr': 0.0077, 'params': 632328, 'time_iter': 0.0403, 'accuracy': 0.9843}
train: {'epoch': 129, 'eta': 10.8788, 'loss': 1.7546, 'lr': 0.0076, 'params': 632328, 'time_iter': 0.0412, 'accuracy': 0.9866}
train: {'epoch': 130, 'eta': 10.8328, 'loss': 1.7545, 'lr': 0.0076, 'params': 632328, 'time_iter': 0.0375, 'accuracy': 0.9908}
train: {'epoch': 131, 'eta': 10.7909, 'loss': 1.7517, 'lr': 0.0076, 'params': 632328, 'time_iter': 0.0395, 'accuracy': 0.9903}
train: {'epoch': 132, 'eta': 10.7839, 'loss': 1.7508, 'lr': 0.0075, 'params': 632328, 'time_iter': 0.0569, 'accuracy': 0.9926}
train: {'epoch': 133, 'eta': 10.7448, 'loss': 1.7505, 'lr': 0.0075, 'params': 632328, 'time_iter': 0.041, 'accuracy': 0.9917}
train: {'epoch': 134, 'eta': 10.6977, 'loss': 1.7496, 'lr': 0.0075, 'params': 632328, 'time_iter': 0.037, 'accuracy': 0.9912}
train: {'epoch': 135, 'eta': 10.6528, 'loss': 1.7498, 'lr': 0.0074, 'params': 632328, 'time_iter': 0.038, 'accuracy': 0.9898}
train: {'epoch': 136, 'eta': 10.6105, 'loss': 1.7503, 'lr': 0.0074, 'params': 632328, 'time_iter': 0.0393, 'accuracy': 0.9931}
train: {'epoch': 137, 'eta': 10.5717, 'loss': 1.7489, 'lr': 0.0074, 'params': 632328, 'time_iter': 0.0412, 'accuracy': 0.9931}
train: {'epoch': 138, 'eta': 10.5265, 'loss': 1.7488, 'lr': 0.0073, 'params': 632328, 'time_iter': 0.0378, 'accuracy': 0.9917}
train: {'epoch': 139, 'eta': 10.4828, 'loss': 1.7474, 'lr': 0.0073, 'params': 632328, 'time_iter': 0.0385, 'accuracy': 0.9922}
val: {'epoch': 139, 'loss': 1.9779, 'lr': 0, 'params': 632328, 'time_iter': 0.0145, 'accuracy': 0.7915}
train: {'epoch': 140, 'eta': 10.4391, 'loss': 1.7475, 'lr': 0.0073, 'params': 632328, 'time_iter': 0.0385, 'accuracy': 0.9917}
train: {'epoch': 141, 'eta': 10.3957, 'loss': 1.7469, 'lr': 0.0072, 'params': 632328, 'time_iter': 0.0386, 'accuracy': 0.9917}
train: {'epoch': 142, 'eta': 10.3562, 'loss': 1.7462, 'lr': 0.0072, 'params': 632328, 'time_iter': 0.0408, 'accuracy': 0.9931}
train: {'epoch': 143, 'eta': 10.314, 'loss': 1.7461, 'lr': 0.0072, 'params': 632328, 'time_iter': 0.0392, 'accuracy': 0.9931}
train: {'epoch': 144, 'eta': 10.2705, 'loss': 1.7459, 'lr': 0.0071, 'params': 632328, 'time_iter': 0.0384, 'accuracy': 0.9935}
train: {'epoch': 145, 'eta': 10.2276, 'loss': 1.7455, 'lr': 0.0071, 'params': 632328, 'time_iter': 0.0388, 'accuracy': 0.9922}
train: {'epoch': 146, 'eta': 10.1862, 'loss': 1.7454, 'lr': 0.0071, 'params': 632328, 'time_iter': 0.0396, 'accuracy': 0.9922}
train: {'epoch': 147, 'eta': 10.1404, 'loss': 1.7455, 'lr': 0.007, 'params': 632328, 'time_iter': 0.037, 'accuracy': 0.994}
train: {'epoch': 148, 'eta': 10.0991, 'loss': 1.7465, 'lr': 0.007, 'params': 632328, 'time_iter': 0.0396, 'accuracy': 0.9917}
train: {'epoch': 149, 'eta': 10.0579, 'loss': 1.7458, 'lr': 0.0069, 'params': 632328, 'time_iter': 0.0396, 'accuracy': 0.9922}
train: {'epoch': 150, 'eta': 10.0166, 'loss': 1.7457, 'lr': 0.0069, 'params': 632328, 'time_iter': 0.0396, 'accuracy': 0.9926}
train: {'epoch': 151, 'eta': 9.9784, 'loss': 1.7454, 'lr': 0.0069, 'params': 632328, 'time_iter': 0.0415, 'accuracy': 0.9926}
train: {'epoch': 152, 'eta': 9.9327, 'loss': 1.7449, 'lr': 0.0068, 'params': 632328, 'time_iter': 0.0368, 'accuracy': 0.9931}
train: {'epoch': 153, 'eta': 9.8909, 'loss': 1.7452, 'lr': 0.0068, 'params': 632328, 'time_iter': 0.0392, 'accuracy': 0.9917}
train: {'epoch': 154, 'eta': 9.8484, 'loss': 1.7493, 'lr': 0.0068, 'params': 632328, 'time_iter': 0.0388, 'accuracy': 0.9922}
train: {'epoch': 155, 'eta': 9.8081, 'loss': 1.7566, 'lr': 0.0067, 'params': 632328, 'time_iter': 0.0401, 'accuracy': 0.9894}
train: {'epoch': 156, 'eta': 9.7674, 'loss': 1.7654, 'lr': 0.0067, 'params': 632328, 'time_iter': 0.0399, 'accuracy': 0.9834}
train: {'epoch': 157, 'eta': 9.7251, 'loss': 1.7646, 'lr': 0.0067, 'params': 632328, 'time_iter': 0.0388, 'accuracy': 0.9737}
train: {'epoch': 158, 'eta': 9.6798, 'loss': 1.7623, 'lr': 0.0066, 'params': 632328, 'time_iter': 0.0369, 'accuracy': 0.9848}
train: {'epoch': 159, 'eta': 9.6361, 'loss': 1.7579, 'lr': 0.0066, 'params': 632328, 'time_iter': 0.0378, 'accuracy': 0.9866}
val: {'epoch': 159, 'loss': 1.9565, 'lr': 0, 'params': 632328, 'time_iter': 0.0156, 'accuracy': 0.8376}
train: {'epoch': 160, 'eta': 9.5965, 'loss': 1.7578, 'lr': 0.0065, 'params': 632328, 'time_iter': 0.0405, 'accuracy': 0.988}
train: {'epoch': 161, 'eta': 9.5555, 'loss': 1.7599, 'lr': 0.0065, 'params': 632328, 'time_iter': 0.0396, 'accuracy': 0.9852}
train: {'epoch': 162, 'eta': 9.5106, 'loss': 1.7552, 'lr': 0.0065, 'params': 632328, 'time_iter': 0.0369, 'accuracy': 0.9889}
train: {'epoch': 163, 'eta': 9.4651, 'loss': 1.7553, 'lr': 0.0064, 'params': 632328, 'time_iter': 0.0364, 'accuracy': 0.9898}
train: {'epoch': 164, 'eta': 9.4214, 'loss': 1.7543, 'lr': 0.0064, 'params': 632328, 'time_iter': 0.0376, 'accuracy': 0.9885}
train: {'epoch': 165, 'eta': 9.3783, 'loss': 1.7516, 'lr': 0.0064, 'params': 632328, 'time_iter': 0.0379, 'accuracy': 0.9898}
train: {'epoch': 166, 'eta': 9.3377, 'loss': 1.7511, 'lr': 0.0063, 'params': 632328, 'time_iter': 0.0397, 'accuracy': 0.9908}
train: {'epoch': 167, 'eta': 9.2963, 'loss': 1.7503, 'lr': 0.0063, 'params': 632328, 'time_iter': 0.0391, 'accuracy': 0.9903}
train: {'epoch': 168, 'eta': 9.2558, 'loss': 1.7494, 'lr': 0.0062, 'params': 632328, 'time_iter': 0.0398, 'accuracy': 0.9903}
train: {'epoch': 169, 'eta': 9.213, 'loss': 1.7489, 'lr': 0.0062, 'params': 632328, 'time_iter': 0.038, 'accuracy': 0.9912}
train: {'epoch': 170, 'eta': 9.1713, 'loss': 1.7486, 'lr': 0.0062, 'params': 632328, 'time_iter': 0.0389, 'accuracy': 0.9903}
train: {'epoch': 171, 'eta': 9.1357, 'loss': 1.7476, 'lr': 0.0061, 'params': 632328, 'time_iter': 0.0433, 'accuracy': 0.9912}
train: {'epoch': 172, 'eta': 9.0953, 'loss': 1.7472, 'lr': 0.0061, 'params': 632328, 'time_iter': 0.0398, 'accuracy': 0.9926}
train: {'epoch': 173, 'eta': 9.0521, 'loss': 1.7469, 'lr': 0.0061, 'params': 632328, 'time_iter': 0.0377, 'accuracy': 0.9935}
train: {'epoch': 174, 'eta': 9.0092, 'loss': 1.7465, 'lr': 0.006, 'params': 632328, 'time_iter': 0.0378, 'accuracy': 0.9935}
train: {'epoch': 175, 'eta': 9.0058, 'loss': 1.7462, 'lr': 0.006, 'params': 632328, 'time_iter': 0.0688, 'accuracy': 0.9935}
train: {'epoch': 176, 'eta': 8.9614, 'loss': 1.746, 'lr': 0.0059, 'params': 632328, 'time_iter': 0.0369, 'accuracy': 0.994}
train: {'epoch': 177, 'eta': 8.9185, 'loss': 1.7456, 'lr': 0.0059, 'params': 632328, 'time_iter': 0.038, 'accuracy': 0.994}
train: {'epoch': 178, 'eta': 8.8774, 'loss': 1.7454, 'lr': 0.0059, 'params': 632328, 'time_iter': 0.0394, 'accuracy': 0.9922}
train: {'epoch': 179, 'eta': 8.8342, 'loss': 1.7451, 'lr': 0.0058, 'params': 632328, 'time_iter': 0.0377, 'accuracy': 0.9926}
val: {'epoch': 179, 'loss': 1.9702, 'lr': 0, 'params': 632328, 'time_iter': 0.0155, 'accuracy': 0.8266}
train: {'epoch': 180, 'eta': 8.7894, 'loss': 1.7451, 'lr': 0.0058, 'params': 632328, 'time_iter': 0.0363, 'accuracy': 0.9926}
train: {'epoch': 181, 'eta': 8.7467, 'loss': 1.7449, 'lr': 0.0057, 'params': 632328, 'time_iter': 0.038, 'accuracy': 0.9931}
train: {'epoch': 182, 'eta': 8.7007, 'loss': 1.7447, 'lr': 0.0057, 'params': 632328, 'time_iter': 0.0352, 'accuracy': 0.9931}
train: {'epoch': 183, 'eta': 8.6565, 'loss': 1.7445, 'lr': 0.0057, 'params': 632328, 'time_iter': 0.0366, 'accuracy': 0.9935}
train: {'epoch': 184, 'eta': 8.6182, 'loss': 1.7445, 'lr': 0.0056, 'params': 632328, 'time_iter': 0.0416, 'accuracy': 0.9935}
train: {'epoch': 185, 'eta': 8.5772, 'loss': 1.7452, 'lr': 0.0056, 'params': 632328, 'time_iter': 0.0393, 'accuracy': 0.994}
train: {'epoch': 186, 'eta': 8.5337, 'loss': 1.7448, 'lr': 0.0055, 'params': 632328, 'time_iter': 0.037, 'accuracy': 0.9931}
train: {'epoch': 187, 'eta': 8.4916, 'loss': 1.7449, 'lr': 0.0055, 'params': 632328, 'time_iter': 0.0383, 'accuracy': 0.9931}
train: {'epoch': 188, 'eta': 8.4501, 'loss': 1.7454, 'lr': 0.0055, 'params': 632328, 'time_iter': 0.0388, 'accuracy': 0.9922}
train: {'epoch': 189, 'eta': 8.4089, 'loss': 1.7453, 'lr': 0.0054, 'params': 632328, 'time_iter': 0.039, 'accuracy': 0.9931}
train: {'epoch': 190, 'eta': 8.3656, 'loss': 1.7457, 'lr': 0.0054, 'params': 632328, 'time_iter': 0.0371, 'accuracy': 0.9903}
train: {'epoch': 191, 'eta': 8.3242, 'loss': 1.7467, 'lr': 0.0054, 'params': 632328, 'time_iter': 0.0388, 'accuracy': 0.9931}
train: {'epoch': 192, 'eta': 8.2813, 'loss': 1.7471, 'lr': 0.0053, 'params': 632328, 'time_iter': 0.0373, 'accuracy': 0.9931}
train: {'epoch': 193, 'eta': 8.237, 'loss': 1.7466, 'lr': 0.0053, 'params': 632328, 'time_iter': 0.036, 'accuracy': 0.9931}
train: {'epoch': 194, 'eta': 8.1942, 'loss': 1.7468, 'lr': 0.0052, 'params': 632328, 'time_iter': 0.0373, 'accuracy': 0.9931}
train: {'epoch': 195, 'eta': 8.155, 'loss': 1.7472, 'lr': 0.0052, 'params': 632328, 'time_iter': 0.0407, 'accuracy': 0.9922}
train: {'epoch': 196, 'eta': 8.1115, 'loss': 1.7476, 'lr': 0.0052, 'params': 632328, 'time_iter': 0.0366, 'accuracy': 0.9926}
train: {'epoch': 197, 'eta': 8.0697, 'loss': 1.7492, 'lr': 0.0051, 'params': 632328, 'time_iter': 0.0382, 'accuracy': 0.9917}
train: {'epoch': 198, 'eta': 8.0305, 'loss': 1.7484, 'lr': 0.0051, 'params': 632328, 'time_iter': 0.0407, 'accuracy': 0.9903}
train: {'epoch': 199, 'eta': 7.988, 'loss': 1.7468, 'lr': 0.005, 'params': 632328, 'time_iter': 0.0374, 'accuracy': 0.9917}
val: {'epoch': 199, 'loss': 1.9788, 'lr': 0, 'params': 632328, 'time_iter': 0.0158, 'accuracy': 0.8118}
train: {'epoch': 200, 'eta': 7.9485, 'loss': 1.746, 'lr': 0.005, 'params': 632328, 'time_iter': 0.0404, 'accuracy': 0.9926}
train: {'epoch': 201, 'eta': 7.908, 'loss': 1.7459, 'lr': 0.005, 'params': 632328, 'time_iter': 0.0393, 'accuracy': 0.9917}
train: {'epoch': 202, 'eta': 7.8662, 'loss': 1.7452, 'lr': 0.0049, 'params': 632328, 'time_iter': 0.0381, 'accuracy': 0.9922}
train: {'epoch': 203, 'eta': 7.8234, 'loss': 1.7446, 'lr': 0.0049, 'params': 632328, 'time_iter': 0.037, 'accuracy': 0.9935}
train: {'epoch': 204, 'eta': 7.7813, 'loss': 1.7442, 'lr': 0.0048, 'params': 632328, 'time_iter': 0.0376, 'accuracy': 0.994}
train: {'epoch': 205, 'eta': 7.7391, 'loss': 1.7439, 'lr': 0.0048, 'params': 632328, 'time_iter': 0.0374, 'accuracy': 0.9945}
train: {'epoch': 206, 'eta': 7.6956, 'loss': 1.7436, 'lr': 0.0048, 'params': 632328, 'time_iter': 0.0361, 'accuracy': 0.9963}
train: {'epoch': 207, 'eta': 7.656, 'loss': 1.7433, 'lr': 0.0047, 'params': 632328, 'time_iter': 0.0402, 'accuracy': 0.9954}
train: {'epoch': 208, 'eta': 7.6154, 'loss': 1.7431, 'lr': 0.0047, 'params': 632328, 'time_iter': 0.0391, 'accuracy': 0.9977}
train: {'epoch': 209, 'eta': 7.5735, 'loss': 1.7429, 'lr': 0.0046, 'params': 632328, 'time_iter': 0.0376, 'accuracy': 0.9968}
train: {'epoch': 210, 'eta': 7.5317, 'loss': 1.7428, 'lr': 0.0046, 'params': 632328, 'time_iter': 0.0376, 'accuracy': 0.9972}
train: {'epoch': 211, 'eta': 7.4903, 'loss': 1.7427, 'lr': 0.0046, 'params': 632328, 'time_iter': 0.0381, 'accuracy': 0.9972}
train: {'epoch': 212, 'eta': 7.4502, 'loss': 1.7424, 'lr': 0.0045, 'params': 632328, 'time_iter': 0.0396, 'accuracy': 0.9982}
train: {'epoch': 213, 'eta': 7.4096, 'loss': 1.7426, 'lr': 0.0045, 'params': 632328, 'time_iter': 0.0389, 'accuracy': 0.9977}
train: {'epoch': 214, 'eta': 7.3751, 'loss': 1.7424, 'lr': 0.0045, 'params': 632328, 'time_iter': 0.046, 'accuracy': 0.9982}
train: {'epoch': 215, 'eta': 7.3337, 'loss': 1.7424, 'lr': 0.0044, 'params': 632328, 'time_iter': 0.0382, 'accuracy': 0.9982}
train: {'epoch': 216, 'eta': 7.2947, 'loss': 1.7421, 'lr': 0.0044, 'params': 632328, 'time_iter': 0.0408, 'accuracy': 0.9977}
train: {'epoch': 217, 'eta': 7.2545, 'loss': 1.7421, 'lr': 0.0043, 'params': 632328, 'time_iter': 0.0395, 'accuracy': 0.9982}
train: {'epoch': 218, 'eta': 7.2163, 'loss': 1.7421, 'lr': 0.0043, 'params': 632328, 'time_iter': 0.0418, 'accuracy': 0.9977}
train: {'epoch': 219, 'eta': 7.177, 'loss': 1.7421, 'lr': 0.0043, 'params': 632328, 'time_iter': 0.0405, 'accuracy': 0.9991}
val: {'epoch': 219, 'loss': 1.9797, 'lr': 0, 'params': 632328, 'time_iter': 0.015, 'accuracy': 0.8432}
train: {'epoch': 220, 'eta': 7.1355, 'loss': 1.7421, 'lr': 0.0042, 'params': 632328, 'time_iter': 0.0379, 'accuracy': 0.9977}
train: {'epoch': 221, 'eta': 7.0934, 'loss': 1.742, 'lr': 0.0042, 'params': 632328, 'time_iter': 0.0371, 'accuracy': 0.9986}
train: {'epoch': 222, 'eta': 7.0522, 'loss': 1.7418, 'lr': 0.0041, 'params': 632328, 'time_iter': 0.0381, 'accuracy': 0.9982}
train: {'epoch': 223, 'eta': 7.013, 'loss': 1.7419, 'lr': 0.0041, 'params': 632328, 'time_iter': 0.0407, 'accuracy': 0.9977}
train: {'epoch': 224, 'eta': 6.9714, 'loss': 1.7418, 'lr': 0.0041, 'params': 632328, 'time_iter': 0.0376, 'accuracy': 0.9982}
train: {'epoch': 225, 'eta': 6.9317, 'loss': 1.7417, 'lr': 0.004, 'params': 632328, 'time_iter': 0.0399, 'accuracy': 0.9986}
train: {'epoch': 226, 'eta': 6.8897, 'loss': 1.7417, 'lr': 0.004, 'params': 632328, 'time_iter': 0.037, 'accuracy': 0.9982}
train: {'epoch': 227, 'eta': 6.85, 'loss': 1.7418, 'lr': 0.0039, 'params': 632328, 'time_iter': 0.04, 'accuracy': 0.9986}
train: {'epoch': 228, 'eta': 6.8094, 'loss': 1.7418, 'lr': 0.0039, 'params': 632328, 'time_iter': 0.0388, 'accuracy': 0.9991}
train: {'epoch': 229, 'eta': 6.7674, 'loss': 1.7419, 'lr': 0.0039, 'params': 632328, 'time_iter': 0.0369, 'accuracy': 0.9986}
train: {'epoch': 230, 'eta': 6.7262, 'loss': 1.742, 'lr': 0.0038, 'params': 632328, 'time_iter': 0.0378, 'accuracy': 0.9986}
train: {'epoch': 231, 'eta': 6.6874, 'loss': 1.7423, 'lr': 0.0038, 'params': 632328, 'time_iter': 0.0412, 'accuracy': 0.9963}
train: {'epoch': 232, 'eta': 6.6461, 'loss': 1.7449, 'lr': 0.0038, 'params': 632328, 'time_iter': 0.0377, 'accuracy': 0.9986}
train: {'epoch': 233, 'eta': 6.6054, 'loss': 1.7486, 'lr': 0.0037, 'params': 632328, 'time_iter': 0.0385, 'accuracy': 0.9958}
train: {'epoch': 234, 'eta': 6.5648, 'loss': 1.7489, 'lr': 0.0037, 'params': 632328, 'time_iter': 0.0387, 'accuracy': 0.9903}
train: {'epoch': 235, 'eta': 6.5237, 'loss': 1.7489, 'lr': 0.0036, 'params': 632328, 'time_iter': 0.0379, 'accuracy': 0.9945}
train: {'epoch': 236, 'eta': 6.4821, 'loss': 1.7483, 'lr': 0.0036, 'params': 632328, 'time_iter': 0.0371, 'accuracy': 0.994}
train: {'epoch': 237, 'eta': 6.4415, 'loss': 1.7476, 'lr': 0.0036, 'params': 632328, 'time_iter': 0.0386, 'accuracy': 0.9917}
train: {'epoch': 238, 'eta': 6.4003, 'loss': 1.7466, 'lr': 0.0035, 'params': 632328, 'time_iter': 0.0376, 'accuracy': 0.9931}
train: {'epoch': 239, 'eta': 6.3607, 'loss': 1.746, 'lr': 0.0035, 'params': 632328, 'time_iter': 0.0399, 'accuracy': 0.9954}
val: {'epoch': 239, 'loss': 1.9952, 'lr': 0, 'params': 632328, 'time_iter': 0.0148, 'accuracy': 0.8358}
train: {'epoch': 240, 'eta': 6.3191, 'loss': 1.7452, 'lr': 0.0035, 'params': 632328, 'time_iter': 0.0371, 'accuracy': 0.9958}
train: {'epoch': 241, 'eta': 6.2787, 'loss': 1.7449, 'lr': 0.0034, 'params': 632328, 'time_iter': 0.0386, 'accuracy': 0.9972}
train: {'epoch': 242, 'eta': 6.2396, 'loss': 1.7444, 'lr': 0.0034, 'params': 632328, 'time_iter': 0.0407, 'accuracy': 0.9958}
train: {'epoch': 243, 'eta': 6.1991, 'loss': 1.7438, 'lr': 0.0033, 'params': 632328, 'time_iter': 0.0385, 'accuracy': 0.9963}
train: {'epoch': 244, 'eta': 6.1591, 'loss': 1.7434, 'lr': 0.0033, 'params': 632328, 'time_iter': 0.0393, 'accuracy': 0.9963}
train: {'epoch': 245, 'eta': 6.118, 'loss': 1.7432, 'lr': 0.0033, 'params': 632328, 'time_iter': 0.0376, 'accuracy': 0.9963}
train: {'epoch': 246, 'eta': 6.0806, 'loss': 1.7429, 'lr': 0.0032, 'params': 632328, 'time_iter': 0.0435, 'accuracy': 0.9968}
train: {'epoch': 247, 'eta': 6.0399, 'loss': 1.7426, 'lr': 0.0032, 'params': 632328, 'time_iter': 0.0382, 'accuracy': 0.9972}
train: {'epoch': 248, 'eta': 5.9995, 'loss': 1.7424, 'lr': 0.0032, 'params': 632328, 'time_iter': 0.0387, 'accuracy': 0.9977}
train: {'epoch': 249, 'eta': 5.9586, 'loss': 1.7423, 'lr': 0.0031, 'params': 632328, 'time_iter': 0.0377, 'accuracy': 0.9982}
train: {'epoch': 250, 'eta': 5.9157, 'loss': 1.7421, 'lr': 0.0031, 'params': 632328, 'time_iter': 0.0345, 'accuracy': 0.9986}
train: {'epoch': 251, 'eta': 5.8793, 'loss': 1.742, 'lr': 0.0031, 'params': 632328, 'time_iter': 0.0453, 'accuracy': 0.9991}
train: {'epoch': 252, 'eta': 5.8404, 'loss': 1.7419, 'lr': 0.003, 'params': 632328, 'time_iter': 0.0411, 'accuracy': 0.9986}
train: {'epoch': 253, 'eta': 5.8034, 'loss': 1.7418, 'lr': 0.003, 'params': 632328, 'time_iter': 0.0445, 'accuracy': 0.9991}
train: {'epoch': 254, 'eta': 5.7648, 'loss': 1.7418, 'lr': 0.0029, 'params': 632328, 'time_iter': 0.0418, 'accuracy': 0.9991}
train: {'epoch': 255, 'eta': 5.7238, 'loss': 1.7417, 'lr': 0.0029, 'params': 632328, 'time_iter': 0.0376, 'accuracy': 0.9986}
train: {'epoch': 256, 'eta': 5.6842, 'loss': 1.7416, 'lr': 0.0029, 'params': 632328, 'time_iter': 0.04, 'accuracy': 0.9986}
train: {'epoch': 257, 'eta': 5.6437, 'loss': 1.7416, 'lr': 0.0028, 'params': 632328, 'time_iter': 0.0383, 'accuracy': 0.9991}
train: {'epoch': 258, 'eta': 5.604, 'loss': 1.7415, 'lr': 0.0028, 'params': 632328, 'time_iter': 0.0398, 'accuracy': 0.9991}
train: {'epoch': 259, 'eta': 5.5641, 'loss': 1.7415, 'lr': 0.0028, 'params': 632328, 'time_iter': 0.0394, 'accuracy': 0.9991}
val: {'epoch': 259, 'loss': 2.0042, 'lr': 0, 'params': 632328, 'time_iter': 0.0168, 'accuracy': 0.8487}
train: {'epoch': 260, 'eta': 5.5242, 'loss': 1.7414, 'lr': 0.0027, 'params': 632328, 'time_iter': 0.0396, 'accuracy': 0.9991}
train: {'epoch': 261, 'eta': 5.4849, 'loss': 1.7414, 'lr': 0.0027, 'params': 632328, 'time_iter': 0.0404, 'accuracy': 0.9986}
train: {'epoch': 262, 'eta': 5.4444, 'loss': 1.7413, 'lr': 0.0027, 'params': 632328, 'time_iter': 0.0384, 'accuracy': 0.9986}
train: {'epoch': 263, 'eta': 5.4044, 'loss': 1.7413, 'lr': 0.0026, 'params': 632328, 'time_iter': 0.0391, 'accuracy': 0.9986}
train: {'epoch': 264, 'eta': 5.3643, 'loss': 1.7413, 'lr': 0.0026, 'params': 632328, 'time_iter': 0.0391, 'accuracy': 0.9991}
train: {'epoch': 265, 'eta': 5.3238, 'loss': 1.7413, 'lr': 0.0026, 'params': 632328, 'time_iter': 0.0381, 'accuracy': 0.9991}
train: {'epoch': 266, 'eta': 5.2834, 'loss': 1.7412, 'lr': 0.0025, 'params': 632328, 'time_iter': 0.0384, 'accuracy': 0.9991}
train: {'epoch': 267, 'eta': 5.2427, 'loss': 1.7412, 'lr': 0.0025, 'params': 632328, 'time_iter': 0.0378, 'accuracy': 0.9991}
train: {'epoch': 268, 'eta': 5.2022, 'loss': 1.7412, 'lr': 0.0025, 'params': 632328, 'time_iter': 0.038, 'accuracy': 0.9991}
train: {'epoch': 269, 'eta': 5.1628, 'loss': 1.7412, 'lr': 0.0024, 'params': 632328, 'time_iter': 0.0404, 'accuracy': 0.9991}
train: {'epoch': 270, 'eta': 5.1235, 'loss': 1.7412, 'lr': 0.0024, 'params': 632328, 'time_iter': 0.0406, 'accuracy': 0.9991}
train: {'epoch': 271, 'eta': 5.0832, 'loss': 1.7411, 'lr': 0.0024, 'params': 632328, 'time_iter': 0.0385, 'accuracy': 0.9991}
train: {'epoch': 272, 'eta': 5.0419, 'loss': 1.7411, 'lr': 0.0023, 'params': 632328, 'time_iter': 0.0362, 'accuracy': 0.9991}
train: {'epoch': 273, 'eta': 5.001, 'loss': 1.7411, 'lr': 0.0023, 'params': 632328, 'time_iter': 0.0372, 'accuracy': 0.9991}
train: {'epoch': 274, 'eta': 4.961, 'loss': 1.7411, 'lr': 0.0023, 'params': 632328, 'time_iter': 0.039, 'accuracy': 0.9991}
train: {'epoch': 275, 'eta': 4.9203, 'loss': 1.7411, 'lr': 0.0022, 'params': 632328, 'time_iter': 0.0375, 'accuracy': 0.9991}
train: {'epoch': 276, 'eta': 4.8842, 'loss': 1.7411, 'lr': 0.0022, 'params': 632328, 'time_iter': 0.0476, 'accuracy': 0.9991}
train: {'epoch': 277, 'eta': 4.8437, 'loss': 1.7411, 'lr': 0.0022, 'params': 632328, 'time_iter': 0.0379, 'accuracy': 0.9991}
train: {'epoch': 278, 'eta': 4.8026, 'loss': 1.7411, 'lr': 0.0021, 'params': 632328, 'time_iter': 0.0365, 'accuracy': 0.9991}
train: {'epoch': 279, 'eta': 4.7629, 'loss': 1.741, 'lr': 0.0021, 'params': 632328, 'time_iter': 0.0398, 'accuracy': 0.9991}
val: {'epoch': 279, 'loss': 1.9946, 'lr': 0, 'params': 632328, 'time_iter': 0.0146, 'accuracy': 0.845}
train: {'epoch': 280, 'eta': 4.7226, 'loss': 1.7411, 'lr': 0.0021, 'params': 632328, 'time_iter': 0.0383, 'accuracy': 0.9991}
train: {'epoch': 281, 'eta': 4.6822, 'loss': 1.7412, 'lr': 0.002, 'params': 632328, 'time_iter': 0.0379, 'accuracy': 0.9991}
train: {'epoch': 282, 'eta': 4.642, 'loss': 1.7419, 'lr': 0.002, 'params': 632328, 'time_iter': 0.0385, 'accuracy': 0.9982}
train: {'epoch': 283, 'eta': 4.6011, 'loss': 1.742, 'lr': 0.002, 'params': 632328, 'time_iter': 0.0367, 'accuracy': 0.9986}
train: {'epoch': 284, 'eta': 4.5622, 'loss': 1.7413, 'lr': 0.0019, 'params': 632328, 'time_iter': 0.0415, 'accuracy': 0.9982}
train: {'epoch': 285, 'eta': 4.5223, 'loss': 1.7415, 'lr': 0.0019, 'params': 632328, 'time_iter': 0.039, 'accuracy': 0.9982}
train: {'epoch': 286, 'eta': 4.4822, 'loss': 1.7413, 'lr': 0.0019, 'params': 632328, 'time_iter': 0.0386, 'accuracy': 0.9986}
train: {'epoch': 287, 'eta': 4.4431, 'loss': 1.7413, 'lr': 0.0018, 'params': 632328, 'time_iter': 0.0412, 'accuracy': 0.9986}
train: {'epoch': 288, 'eta': 4.4033, 'loss': 1.7413, 'lr': 0.0018, 'params': 632328, 'time_iter': 0.0391, 'accuracy': 0.9986}
train: {'epoch': 289, 'eta': 4.3634, 'loss': 1.7413, 'lr': 0.0018, 'params': 632328, 'time_iter': 0.0393, 'accuracy': 0.9986}
train: {'epoch': 290, 'eta': 4.3237, 'loss': 1.7412, 'lr': 0.0018, 'params': 632328, 'time_iter': 0.0396, 'accuracy': 0.9982}
train: {'epoch': 291, 'eta': 4.284, 'loss': 1.7412, 'lr': 0.0017, 'params': 632328, 'time_iter': 0.0396, 'accuracy': 0.9991}
train: {'epoch': 292, 'eta': 4.2441, 'loss': 1.7412, 'lr': 0.0017, 'params': 632328, 'time_iter': 0.0389, 'accuracy': 0.9991}
train: {'epoch': 293, 'eta': 4.2045, 'loss': 1.7412, 'lr': 0.0017, 'params': 632328, 'time_iter': 0.0399, 'accuracy': 0.9986}
train: {'epoch': 294, 'eta': 4.1647, 'loss': 1.7411, 'lr': 0.0016, 'params': 632328, 'time_iter': 0.0395, 'accuracy': 0.9982}
train: {'epoch': 295, 'eta': 4.1239, 'loss': 1.7411, 'lr': 0.0016, 'params': 632328, 'time_iter': 0.0363, 'accuracy': 0.9991}
train: {'epoch': 296, 'eta': 4.0847, 'loss': 1.7411, 'lr': 0.0016, 'params': 632328, 'time_iter': 0.0409, 'accuracy': 0.9991}
train: {'epoch': 297, 'eta': 4.0459, 'loss': 1.7411, 'lr': 0.0015, 'params': 632328, 'time_iter': 0.0424, 'accuracy': 0.9991}
train: {'epoch': 298, 'eta': 4.0068, 'loss': 1.7411, 'lr': 0.0015, 'params': 632328, 'time_iter': 0.0414, 'accuracy': 0.9982}
train: {'epoch': 299, 'eta': 3.9667, 'loss': 1.741, 'lr': 0.0015, 'params': 632328, 'time_iter': 0.0383, 'accuracy': 0.9982}
val: {'epoch': 299, 'loss': 2.0041, 'lr': 0, 'params': 632328, 'time_iter': 0.0148, 'accuracy': 0.8506}
train: {'epoch': 300, 'eta': 3.9272, 'loss': 1.741, 'lr': 0.0015, 'params': 632328, 'time_iter': 0.0403, 'accuracy': 0.9991}
train: {'epoch': 301, 'eta': 3.8876, 'loss': 1.741, 'lr': 0.0014, 'params': 632328, 'time_iter': 0.0398, 'accuracy': 0.9991}
train: {'epoch': 302, 'eta': 3.8479, 'loss': 1.741, 'lr': 0.0014, 'params': 632328, 'time_iter': 0.0397, 'accuracy': 0.9991}
train: {'epoch': 303, 'eta': 3.8078, 'loss': 1.741, 'lr': 0.0014, 'params': 632328, 'time_iter': 0.0382, 'accuracy': 0.9991}
train: {'epoch': 304, 'eta': 3.7674, 'loss': 1.741, 'lr': 0.0014, 'params': 632328, 'time_iter': 0.0373, 'accuracy': 0.9991}
train: {'epoch': 305, 'eta': 3.7274, 'loss': 1.741, 'lr': 0.0013, 'params': 632328, 'time_iter': 0.0384, 'accuracy': 0.9991}
train: {'epoch': 306, 'eta': 3.6881, 'loss': 1.741, 'lr': 0.0013, 'params': 632328, 'time_iter': 0.0409, 'accuracy': 0.9991}
train: {'epoch': 307, 'eta': 3.6478, 'loss': 1.741, 'lr': 0.0013, 'params': 632328, 'time_iter': 0.0376, 'accuracy': 0.9991}
train: {'epoch': 308, 'eta': 3.6075, 'loss': 1.741, 'lr': 0.0012, 'params': 632328, 'time_iter': 0.0372, 'accuracy': 0.9991}
train: {'epoch': 309, 'eta': 3.5674, 'loss': 1.741, 'lr': 0.0012, 'params': 632328, 'time_iter': 0.0382, 'accuracy': 0.9991}
train: {'epoch': 310, 'eta': 3.5278, 'loss': 1.741, 'lr': 0.0012, 'params': 632328, 'time_iter': 0.0399, 'accuracy': 0.9991}
train: {'epoch': 311, 'eta': 3.4879, 'loss': 1.741, 'lr': 0.0012, 'params': 632328, 'time_iter': 0.0386, 'accuracy': 0.9991}
train: {'epoch': 312, 'eta': 3.4477, 'loss': 1.741, 'lr': 0.0011, 'params': 632328, 'time_iter': 0.0375, 'accuracy': 0.9991}
train: {'epoch': 313, 'eta': 3.4081, 'loss': 1.7409, 'lr': 0.0011, 'params': 632328, 'time_iter': 0.0397, 'accuracy': 0.9991}
train: {'epoch': 314, 'eta': 3.3679, 'loss': 1.7409, 'lr': 0.0011, 'params': 632328, 'time_iter': 0.0378, 'accuracy': 0.9991}
train: {'epoch': 315, 'eta': 3.3283, 'loss': 1.7409, 'lr': 0.0011, 'params': 632328, 'time_iter': 0.0394, 'accuracy': 0.9991}
train: {'epoch': 316, 'eta': 3.2884, 'loss': 1.7409, 'lr': 0.001, 'params': 632328, 'time_iter': 0.0388, 'accuracy': 0.9991}
train: {'epoch': 317, 'eta': 3.2483, 'loss': 1.7409, 'lr': 0.001, 'params': 632328, 'time_iter': 0.0376, 'accuracy': 0.9991}
train: {'epoch': 318, 'eta': 3.2082, 'loss': 1.7409, 'lr': 0.001, 'params': 632328, 'time_iter': 0.0379, 'accuracy': 0.9991}
train: {'epoch': 319, 'eta': 3.1689, 'loss': 1.7409, 'lr': 0.001, 'params': 632328, 'time_iter': 0.0408, 'accuracy': 0.9991}
val: {'epoch': 319, 'loss': 2.0082, 'lr': 0, 'params': 632328, 'time_iter': 0.0165, 'accuracy': 0.8506}
train: {'epoch': 320, 'eta': 3.1291, 'loss': 1.7409, 'lr': 0.001, 'params': 632328, 'time_iter': 0.0388, 'accuracy': 0.9991}
train: {'epoch': 321, 'eta': 3.0887, 'loss': 1.7409, 'lr': 0.0009, 'params': 632328, 'time_iter': 0.036, 'accuracy': 0.9991}
train: {'epoch': 322, 'eta': 3.0491, 'loss': 1.7409, 'lr': 0.0009, 'params': 632328, 'time_iter': 0.0399, 'accuracy': 0.9991}
train: {'epoch': 323, 'eta': 3.0093, 'loss': 1.7409, 'lr': 0.0009, 'params': 632328, 'time_iter': 0.0384, 'accuracy': 0.9991}
train: {'epoch': 324, 'eta': 2.969, 'loss': 1.7409, 'lr': 0.0009, 'params': 632328, 'time_iter': 0.0367, 'accuracy': 0.9991}
train: {'epoch': 325, 'eta': 2.9293, 'loss': 1.7409, 'lr': 0.0008, 'params': 632328, 'time_iter': 0.0392, 'accuracy': 0.9991}
train: {'epoch': 326, 'eta': 2.8895, 'loss': 1.7409, 'lr': 0.0008, 'params': 632328, 'time_iter': 0.0385, 'accuracy': 0.9991}
train: {'epoch': 327, 'eta': 2.8501, 'loss': 1.7409, 'lr': 0.0008, 'params': 632328, 'time_iter': 0.0404, 'accuracy': 0.9991}
train: {'epoch': 328, 'eta': 2.8102, 'loss': 1.7409, 'lr': 0.0008, 'params': 632328, 'time_iter': 0.0381, 'accuracy': 0.9991}
train: {'epoch': 329, 'eta': 2.77, 'loss': 1.7409, 'lr': 0.0008, 'params': 632328, 'time_iter': 0.0365, 'accuracy': 0.9991}
train: {'epoch': 330, 'eta': 2.7301, 'loss': 1.7409, 'lr': 0.0007, 'params': 632328, 'time_iter': 0.0379, 'accuracy': 0.9991}
train: {'epoch': 331, 'eta': 2.6973, 'loss': 1.7409, 'lr': 0.0007, 'params': 632328, 'time_iter': 0.0727, 'accuracy': 0.9991}
train: {'epoch': 332, 'eta': 2.6581, 'loss': 1.7409, 'lr': 0.0007, 'params': 632328, 'time_iter': 0.0417, 'accuracy': 0.9991}
train: {'epoch': 333, 'eta': 2.6179, 'loss': 1.7409, 'lr': 0.0007, 'params': 632328, 'time_iter': 0.0373, 'accuracy': 0.9991}
train: {'epoch': 334, 'eta': 2.5776, 'loss': 1.7409, 'lr': 0.0007, 'params': 632328, 'time_iter': 0.0365, 'accuracy': 0.9991}
train: {'epoch': 335, 'eta': 2.5375, 'loss': 1.7409, 'lr': 0.0006, 'params': 632328, 'time_iter': 0.0374, 'accuracy': 0.9991}
train: {'epoch': 336, 'eta': 2.4998, 'loss': 1.7409, 'lr': 0.0006, 'params': 632328, 'time_iter': 0.0496, 'accuracy': 0.9991}
train: {'epoch': 337, 'eta': 2.4599, 'loss': 1.7409, 'lr': 0.0006, 'params': 632328, 'time_iter': 0.0388, 'accuracy': 0.9991}
train: {'epoch': 338, 'eta': 2.4203, 'loss': 1.7409, 'lr': 0.0006, 'params': 632328, 'time_iter': 0.0402, 'accuracy': 0.9991}
train: {'epoch': 339, 'eta': 2.3803, 'loss': 1.7409, 'lr': 0.0006, 'params': 632328, 'time_iter': 0.0375, 'accuracy': 0.9991}
val: {'epoch': 339, 'loss': 2.0118, 'lr': 0, 'params': 632328, 'time_iter': 0.0147, 'accuracy': 0.8542}
train: {'epoch': 340, 'eta': 2.3403, 'loss': 1.7409, 'lr': 0.0005, 'params': 632328, 'time_iter': 0.0378, 'accuracy': 0.9991}
train: {'epoch': 341, 'eta': 2.3006, 'loss': 1.7409, 'lr': 0.0005, 'params': 632328, 'time_iter': 0.0394, 'accuracy': 0.9991}
train: {'epoch': 342, 'eta': 2.2612, 'loss': 1.7409, 'lr': 0.0005, 'params': 632328, 'time_iter': 0.0415, 'accuracy': 0.9991}
train: {'epoch': 343, 'eta': 2.2211, 'loss': 1.7409, 'lr': 0.0005, 'params': 632328, 'time_iter': 0.0367, 'accuracy': 0.9991}
train: {'epoch': 344, 'eta': 2.1811, 'loss': 1.7409, 'lr': 0.0005, 'params': 632328, 'time_iter': 0.0379, 'accuracy': 0.9991}
train: {'epoch': 345, 'eta': 2.1415, 'loss': 1.7409, 'lr': 0.0005, 'params': 632328, 'time_iter': 0.0402, 'accuracy': 0.9991}
train: {'epoch': 346, 'eta': 2.1023, 'loss': 1.7409, 'lr': 0.0004, 'params': 632328, 'time_iter': 0.0421, 'accuracy': 0.9991}
train: {'epoch': 347, 'eta': 2.0623, 'loss': 1.7409, 'lr': 0.0004, 'params': 632328, 'time_iter': 0.0378, 'accuracy': 0.9991}
train: {'epoch': 348, 'eta': 2.0225, 'loss': 1.7409, 'lr': 0.0004, 'params': 632328, 'time_iter': 0.0388, 'accuracy': 0.9991}
train: {'epoch': 349, 'eta': 1.9828, 'loss': 1.7409, 'lr': 0.0004, 'params': 632328, 'time_iter': 0.0389, 'accuracy': 0.9991}
train: {'epoch': 350, 'eta': 1.9432, 'loss': 1.7409, 'lr': 0.0004, 'params': 632328, 'time_iter': 0.0403, 'accuracy': 0.9991}
train: {'epoch': 351, 'eta': 1.9034, 'loss': 1.7409, 'lr': 0.0004, 'params': 632328, 'time_iter': 0.0383, 'accuracy': 0.9991}
train: {'epoch': 352, 'eta': 1.8635, 'loss': 1.7409, 'lr': 0.0004, 'params': 632328, 'time_iter': 0.0382, 'accuracy': 0.9991}
train: {'epoch': 353, 'eta': 1.8232, 'loss': 1.7409, 'lr': 0.0003, 'params': 632328, 'time_iter': 0.0344, 'accuracy': 0.9991}
train: {'epoch': 354, 'eta': 1.7835, 'loss': 1.7409, 'lr': 0.0003, 'params': 632328, 'time_iter': 0.0392, 'accuracy': 0.9991}
train: {'epoch': 355, 'eta': 1.7437, 'loss': 1.7409, 'lr': 0.0003, 'params': 632328, 'time_iter': 0.0382, 'accuracy': 0.9991}
train: {'epoch': 356, 'eta': 1.7039, 'loss': 1.7409, 'lr': 0.0003, 'params': 632328, 'time_iter': 0.0385, 'accuracy': 0.9991}
train: {'epoch': 357, 'eta': 1.6645, 'loss': 1.7409, 'lr': 0.0003, 'params': 632328, 'time_iter': 0.0411, 'accuracy': 0.9991}
train: {'epoch': 358, 'eta': 1.6256, 'loss': 1.7409, 'lr': 0.0003, 'params': 632328, 'time_iter': 0.0464, 'accuracy': 0.9991}
train: {'epoch': 359, 'eta': 1.5867, 'loss': 1.7409, 'lr': 0.0003, 'params': 632328, 'time_iter': 0.0467, 'accuracy': 0.9991}
val: {'epoch': 359, 'loss': 2.0148, 'lr': 0, 'params': 632328, 'time_iter': 0.0214, 'accuracy': 0.8542}
train: {'epoch': 360, 'eta': 1.5483, 'loss': 1.7409, 'lr': 0.0002, 'params': 632328, 'time_iter': 0.0515, 'accuracy': 0.9991}
train: {'epoch': 361, 'eta': 1.5089, 'loss': 1.7409, 'lr': 0.0002, 'params': 632328, 'time_iter': 0.0425, 'accuracy': 0.9991}
train: {'epoch': 362, 'eta': 1.4698, 'loss': 1.7409, 'lr': 0.0002, 'params': 632328, 'time_iter': 0.0452, 'accuracy': 0.9991}
train: {'epoch': 363, 'eta': 1.4304, 'loss': 1.7409, 'lr': 0.0002, 'params': 632328, 'time_iter': 0.0429, 'accuracy': 0.9991}
train: {'epoch': 364, 'eta': 1.3913, 'loss': 1.7409, 'lr': 0.0002, 'params': 632328, 'time_iter': 0.0469, 'accuracy': 0.9991}
train: {'epoch': 365, 'eta': 1.3517, 'loss': 1.7409, 'lr': 0.0002, 'params': 632328, 'time_iter': 0.0412, 'accuracy': 0.9991}
train: {'epoch': 366, 'eta': 1.3125, 'loss': 1.7409, 'lr': 0.0002, 'params': 632328, 'time_iter': 0.0459, 'accuracy': 0.9991}
train: {'epoch': 367, 'eta': 1.2728, 'loss': 1.7409, 'lr': 0.0002, 'params': 632328, 'time_iter': 0.0408, 'accuracy': 0.9991}
train: {'epoch': 368, 'eta': 1.2334, 'loss': 1.7409, 'lr': 0.0002, 'params': 632328, 'time_iter': 0.0439, 'accuracy': 0.9991}
train: {'epoch': 369, 'eta': 1.1944, 'loss': 1.7409, 'lr': 0.0001, 'params': 632328, 'time_iter': 0.0493, 'accuracy': 0.9991}
train: {'epoch': 370, 'eta': 1.1547, 'loss': 1.7409, 'lr': 0.0001, 'params': 632328, 'time_iter': 0.0419, 'accuracy': 0.9991}
train: {'epoch': 371, 'eta': 1.1158, 'loss': 1.7409, 'lr': 0.0001, 'params': 632328, 'time_iter': 0.0515, 'accuracy': 0.9991}
train: {'epoch': 372, 'eta': 1.076, 'loss': 1.7409, 'lr': 0.0001, 'params': 632328, 'time_iter': 0.041, 'accuracy': 0.9991}
train: {'epoch': 373, 'eta': 1.0366, 'loss': 1.7409, 'lr': 0.0001, 'params': 632328, 'time_iter': 0.0463, 'accuracy': 0.9991}
train: {'epoch': 374, 'eta': 0.9972, 'loss': 1.7409, 'lr': 0.0001, 'params': 632328, 'time_iter': 0.0468, 'accuracy': 0.9991}
train: {'epoch': 375, 'eta': 0.9574, 'loss': 1.7409, 'lr': 0.0001, 'params': 632328, 'time_iter': 0.041, 'accuracy': 0.9991}
train: {'epoch': 376, 'eta': 0.9177, 'loss': 1.7409, 'lr': 0.0001, 'params': 632328, 'time_iter': 0.0426, 'accuracy': 0.9991}
train: {'epoch': 377, 'eta': 0.8788, 'loss': 1.7409, 'lr': 0.0001, 'params': 632328, 'time_iter': 0.057, 'accuracy': 0.9991}
train: {'epoch': 378, 'eta': 0.8387, 'loss': 1.7409, 'lr': 0.0001, 'params': 632328, 'time_iter': 0.0374, 'accuracy': 0.9991}
train: {'epoch': 379, 'eta': 0.7987, 'loss': 1.7409, 'lr': 0.0001, 'params': 632328, 'time_iter': 0.0392, 'accuracy': 0.9991}
val: {'epoch': 379, 'loss': 2.0169, 'lr': 0, 'params': 632328, 'time_iter': 0.0178, 'accuracy': 0.8598}
train: {'epoch': 380, 'eta': 0.7587, 'loss': 1.7409, 'lr': 0.0001, 'params': 632328, 'time_iter': 0.0393, 'accuracy': 0.9991}
train: {'epoch': 381, 'eta': 0.7187, 'loss': 1.7409, 'lr': 0.0001, 'params': 632328, 'time_iter': 0.0377, 'accuracy': 0.9991}
train: {'epoch': 382, 'eta': 0.6788, 'loss': 1.7409, 'lr': 0.0, 'params': 632328, 'time_iter': 0.0402, 'accuracy': 0.9991}
train: {'epoch': 383, 'eta': 0.6388, 'loss': 1.7409, 'lr': 0.0, 'params': 632328, 'time_iter': 0.0375, 'accuracy': 0.9991}
train: {'epoch': 384, 'eta': 0.5987, 'loss': 1.7409, 'lr': 0.0, 'params': 632328, 'time_iter': 0.0353, 'accuracy': 0.9991}
train: {'epoch': 385, 'eta': 0.5588, 'loss': 1.7409, 'lr': 0.0, 'params': 632328, 'time_iter': 0.0407, 'accuracy': 0.9991}
train: {'epoch': 386, 'eta': 0.5188, 'loss': 1.7409, 'lr': 0.0, 'params': 632328, 'time_iter': 0.0388, 'accuracy': 0.9991}
train: {'epoch': 387, 'eta': 0.4788, 'loss': 1.7409, 'lr': 0.0, 'params': 632328, 'time_iter': 0.0373, 'accuracy': 0.9991}
train: {'epoch': 388, 'eta': 0.4389, 'loss': 1.7409, 'lr': 0.0, 'params': 632328, 'time_iter': 0.0384, 'accuracy': 0.9991}
train: {'epoch': 389, 'eta': 0.399, 'loss': 1.7409, 'lr': 0.0, 'params': 632328, 'time_iter': 0.0397, 'accuracy': 0.9991}
train: {'epoch': 390, 'eta': 0.3591, 'loss': 1.7409, 'lr': 0.0, 'params': 632328, 'time_iter': 0.0386, 'accuracy': 0.9991}
train: {'epoch': 391, 'eta': 0.3191, 'loss': 1.7409, 'lr': 0.0, 'params': 632328, 'time_iter': 0.0372, 'accuracy': 0.9991}
train: {'epoch': 392, 'eta': 0.2792, 'loss': 1.7409, 'lr': 0.0, 'params': 632328, 'time_iter': 0.0381, 'accuracy': 0.9991}
train: {'epoch': 393, 'eta': 0.2393, 'loss': 1.7409, 'lr': 0.0, 'params': 632328, 'time_iter': 0.0382, 'accuracy': 0.9991}
train: {'epoch': 394, 'eta': 0.1994, 'loss': 1.7409, 'lr': 0.0, 'params': 632328, 'time_iter': 0.0415, 'accuracy': 0.9991}
train: {'epoch': 395, 'eta': 0.1595, 'loss': 1.7409, 'lr': 0.0, 'params': 632328, 'time_iter': 0.0377, 'accuracy': 0.9991}
train: {'epoch': 396, 'eta': 0.1196, 'loss': 1.7409, 'lr': 0.0, 'params': 632328, 'time_iter': 0.0374, 'accuracy': 0.9991}
train: {'epoch': 397, 'eta': 0.0797, 'loss': 1.7409, 'lr': 0.0, 'params': 632328, 'time_iter': 0.0379, 'accuracy': 0.9991}
train: {'epoch': 398, 'eta': 0.0399, 'loss': 1.7409, 'lr': 0.0, 'params': 632328, 'time_iter': 0.0403, 'accuracy': 0.9991}
train: {'epoch': 399, 'eta': 0.0, 'loss': 1.7409, 'lr': 0.0, 'params': 632328, 'time_iter': 0.0382, 'accuracy': 0.9991}
val: {'epoch': 399, 'loss': 2.0179, 'lr': 0, 'params': 632328, 'time_iter': 0.0144, 'accuracy': 0.8616}
Task done, results saved in results/example_noneq_2
