Load: 0.04499s, Before split: 0.000119s, Split: 0.001188s, After split: 0.0008719s
GNN(
  (preprocess): Preprocess(
    node_feature: dim_out=1433
    Total: dim_out=1433
  )
  (pre_mp): GeneralMultiLayer(
    (Layer_0): GeneralLayer(
      (layer): Linear(
        (model): Linear(in_features=1433, out_features=256, bias=False)
      )
      (post_layer): Sequential(
        (0): BatchNorm1d(256, eps=1e-05, momentum=0.1, affine=True, track_running_stats=True)
        (1): PReLU(num_parameters=1)
      )
    )
  )
  (mp): GNNStackStage(
    (layer0): GeneralLayer(
      (layer): GeneralConv(
        (model): GeneralConvLayer(256, 256)
      )
      (post_layer): Sequential(
        (0): BatchNorm1d(256, eps=1e-05, momentum=0.1, affine=True, track_running_stats=True)
        (1): PReLU(num_parameters=1)
      )
    )
    (layer1): GeneralLayer(
      (layer): GeneralConv(
        (model): GeneralConvLayer(256, 256)
      )
      (post_layer): Sequential(
        (0): BatchNorm1d(256, eps=1e-05, momentum=0.1, affine=True, track_running_stats=True)
        (1): PReLU(num_parameters=1)
      )
    )
  )
  (post_mp): GNNNodeHead(
    (layer_post_mp): MLP(
      (model): Sequential(
        (0): Linear(
          (model): Linear(in_features=256, out_features=7, bias=True)
        )
      )
    )
  )
)
bn:
  eps: 1e-05
  mom: 0.1
cfg_dest: config.yaml
custom_metrics: []
dataset:
  augment_feature: []
  augment_feature_dims: []
  augment_feature_repr: position
  augment_label: 
  augment_label_dims: 0
  cache_load: False
  cache_save: False
  dir: ./datasets
  edge_dim: 128
  edge_encoder: False
  edge_encoder_bn: True
  edge_encoder_name: Bond
  edge_message_ratio: 0.8
  edge_negative_sampling_ratio: 1.0
  edge_train_mode: all
  encoder: True
  encoder_bn: True
  encoder_dim: 128
  encoder_name: db
  format: PyG
  label_column: none
  label_table: none
  location: local
  name: Cora
  node_encoder: False
  node_encoder_bn: True
  node_encoder_name: Atom
  remove_feature: False
  resample_disjoint: False
  resample_negative: False
  shuffle_split: True
  split: [0.8, 0.2]
  split_mode: random
  task: node
  task_type: classification
  to_undirected: False
  transductive: True
  transform: none
  tu_simple: True
device: cpu
example_arg: example
example_group:
  example_arg: example
gnn:
  act: prelu
  agg: add
  att_final_linear: False
  att_final_linear_bn: False
  att_heads: 1
  batchnorm: True
  clear_feature: True
  dim_inner: 256
  dropout: 0.0
  flow: source_to_target
  head: node
  keep_edge: 0.5
  l2norm: True
  layer_type: generalconv
  layers_mp: 2
  layers_post_mp: 1
  layers_pre_mp: 1
  msg_direction: single
  normalize_adj: False
  self_msg: concat
  skip_every: 1
  stage_type: stack
gpu_mem: False
mem:
  inplace: False
metric_agg: argmax
metric_best: auto
model:
  edge_decoding: dot
  graph_pooling: add
  loss_fun: cross_entropy
  match_upper: True
  size_average: mean
  thresh: 0.5
  type: gnn
num_threads: 6
num_workers: 0
optim:
  base_lr: 0.01
  lr_decay: 0.1
  max_epoch: 400
  momentum: 0.9
  optimizer: adam
  scheduler: cos
  steps: [30, 60, 90]
  weight_decay: 0.0005
out_dir: results/example_noneq_3
print: both
round: 4
run_dir: results/example_noneq_3/0
seed: 1
share:
  dim_in: 1433
  dim_out: 7
  num_splits: 2
tensorboard_agg: True
tensorboard_each_run: False
train:
  auto_resume: False
  batch_size: 32
  ckpt_clean: True
  ckpt_period: 100
  enable_ckpt: True
  energy_alpha: 0.1
  energy_beta: 5.0
  energy_reg: True
  epoch_resume: -1
  eval_period: 20
  iter_per_epoch: 32
  mode: standard
  neighbor_sizes: [20, 15, 10, 5]
  node_per_graph: 32
  radius: extend
  sample_node: False
  sampler: full_batch
  skip_train_eval: False
  walk_length: 4
val:
  node_per_graph: 32
  radius: extend
  sample_node: False
  sampler: full_batch
view_emb: False
Num parameters: 632328
Start from epoch 0
train: {'epoch': 0, 'eta': 71.4218, 'loss': 6.371, 'lr': 0.01, 'params': 632328, 'time_iter': 0.179, 'accuracy': 0.1302}
val: {'epoch': 0, 'loss': 2.4707, 'lr': 0, 'params': 632328, 'time_iter': 0.028, 'accuracy': 0.31}
train: {'epoch': 1, 'eta': 46.0237, 'loss': 4.1017, 'lr': 0.01, 'params': 632328, 'time_iter': 0.0523, 'accuracy': 0.5434}
train: {'epoch': 2, 'eta': 37.5137, 'loss': 3.1091, 'lr': 0.01, 'params': 632328, 'time_iter': 0.0522, 'accuracy': 0.5974}
train: {'epoch': 3, 'eta': 33.6569, 'loss': 2.6131, 'lr': 0.01, 'params': 632328, 'time_iter': 0.0565, 'accuracy': 0.633}
train: {'epoch': 4, 'eta': 31.4258, 'loss': 2.3159, 'lr': 0.01, 'params': 632328, 'time_iter': 0.0578, 'accuracy': 0.65}
train: {'epoch': 5, 'eta': 29.398, 'loss': 2.1301, 'lr': 0.01, 'params': 632328, 'time_iter': 0.0499, 'accuracy': 0.6454}
train: {'epoch': 6, 'eta': 28.4726, 'loss': 1.9904, 'lr': 0.01, 'params': 632328, 'time_iter': 0.0595, 'accuracy': 0.6487}
train: {'epoch': 7, 'eta': 27.9012, 'loss': 1.8731, 'lr': 0.01, 'params': 632328, 'time_iter': 0.0623, 'accuracy': 0.6639}
train: {'epoch': 8, 'eta': 26.8913, 'loss': 1.7729, 'lr': 0.01, 'params': 632328, 'time_iter': 0.0496, 'accuracy': 0.6911}
train: {'epoch': 9, 'eta': 26.0464, 'loss': 1.683, 'lr': 0.01, 'params': 632328, 'time_iter': 0.0489, 'accuracy': 0.7142}
train: {'epoch': 10, 'eta': 25.5257, 'loss': 1.6006, 'lr': 0.01, 'params': 632328, 'time_iter': 0.0539, 'accuracy': 0.7295}
train: {'epoch': 11, 'eta': 25.1146, 'loss': 1.5286, 'lr': 0.01, 'params': 632328, 'time_iter': 0.0549, 'accuracy': 0.7447}
train: {'epoch': 12, 'eta': 25.0054, 'loss': 1.467, 'lr': 0.01, 'params': 632328, 'time_iter': 0.0632, 'accuracy': 0.759}
train: {'epoch': 13, 'eta': 24.3965, 'loss': 1.4109, 'lr': 0.01, 'params': 632328, 'time_iter': 0.0449, 'accuracy': 0.7775}
train: {'epoch': 14, 'eta': 24.1879, 'loss': 1.3594, 'lr': 0.01, 'params': 632328, 'time_iter': 0.0575, 'accuracy': 0.7853}
train: {'epoch': 15, 'eta': 23.7081, 'loss': 1.3136, 'lr': 0.01, 'params': 632328, 'time_iter': 0.0455, 'accuracy': 0.7969}
train: {'epoch': 16, 'eta': 23.365, 'loss': 1.2714, 'lr': 0.01, 'params': 632328, 'time_iter': 0.0492, 'accuracy': 0.8001}
train: {'epoch': 17, 'eta': 23.3524, 'loss': 1.2332, 'lr': 0.01, 'params': 632328, 'time_iter': 0.0633, 'accuracy': 0.8084}
train: {'epoch': 18, 'eta': 23.2754, 'loss': 1.1983, 'lr': 0.01, 'params': 632328, 'time_iter': 0.0603, 'accuracy': 0.8149}
train: {'epoch': 19, 'eta': 23.0658, 'loss': 1.1667, 'lr': 0.0099, 'params': 632328, 'time_iter': 0.0533, 'accuracy': 0.8195}
val: {'epoch': 19, 'loss': 1.2246, 'lr': 0, 'params': 632328, 'time_iter': 0.0187, 'accuracy': 0.7823}
train: {'epoch': 20, 'eta': 22.7971, 'loss': 1.1379, 'lr': 0.0099, 'params': 632328, 'time_iter': 0.0492, 'accuracy': 0.8269}
train: {'epoch': 21, 'eta': 22.9161, 'loss': 1.1101, 'lr': 0.0099, 'params': 632328, 'time_iter': 0.0706, 'accuracy': 0.8324}
train: {'epoch': 22, 'eta': 22.7361, 'loss': 1.0835, 'lr': 0.0099, 'params': 632328, 'time_iter': 0.0533, 'accuracy': 0.837}
train: {'epoch': 23, 'eta': 22.4889, 'loss': 1.0581, 'lr': 0.0099, 'params': 632328, 'time_iter': 0.0484, 'accuracy': 0.8458}
train: {'epoch': 24, 'eta': 22.3292, 'loss': 1.0339, 'lr': 0.0099, 'params': 632328, 'time_iter': 0.0532, 'accuracy': 0.8536}
train: {'epoch': 25, 'eta': 22.1556, 'loss': 1.0115, 'lr': 0.0099, 'params': 632328, 'time_iter': 0.0516, 'accuracy': 0.8596}
train: {'epoch': 26, 'eta': 21.9569, 'loss': 0.9909, 'lr': 0.0099, 'params': 632328, 'time_iter': 0.0491, 'accuracy': 0.8675}
train: {'epoch': 27, 'eta': 21.7725, 'loss': 0.9713, 'lr': 0.0099, 'params': 632328, 'time_iter': 0.0494, 'accuracy': 0.8777}
train: {'epoch': 28, 'eta': 21.6348, 'loss': 0.9525, 'lr': 0.0099, 'params': 632328, 'time_iter': 0.0523, 'accuracy': 0.8855}
train: {'epoch': 29, 'eta': 21.4814, 'loss': 0.9342, 'lr': 0.0099, 'params': 632328, 'time_iter': 0.0506, 'accuracy': 0.8938}
train: {'epoch': 30, 'eta': 21.3768, 'loss': 0.9165, 'lr': 0.0099, 'params': 632328, 'time_iter': 0.0541, 'accuracy': 0.9012}
train: {'epoch': 31, 'eta': 21.2058, 'loss': 0.8994, 'lr': 0.0099, 'params': 632328, 'time_iter': 0.0481, 'accuracy': 0.9021}
train: {'epoch': 32, 'eta': 21.0733, 'loss': 0.8831, 'lr': 0.0098, 'params': 632328, 'time_iter': 0.0509, 'accuracy': 0.9063}
train: {'epoch': 33, 'eta': 20.9155, 'loss': 0.8673, 'lr': 0.0098, 'params': 632328, 'time_iter': 0.0481, 'accuracy': 0.9132}
train: {'epoch': 34, 'eta': 20.789, 'loss': 0.8522, 'lr': 0.0098, 'params': 632328, 'time_iter': 0.0505, 'accuracy': 0.9146}
train: {'epoch': 35, 'eta': 20.6316, 'loss': 0.8377, 'lr': 0.0098, 'params': 632328, 'time_iter': 0.047, 'accuracy': 0.9197}
train: {'epoch': 36, 'eta': 20.4807, 'loss': 0.8238, 'lr': 0.0098, 'params': 632328, 'time_iter': 0.0471, 'accuracy': 0.9201}
train: {'epoch': 37, 'eta': 20.3236, 'loss': 0.8101, 'lr': 0.0098, 'params': 632328, 'time_iter': 0.0459, 'accuracy': 0.9224}
train: {'epoch': 38, 'eta': 20.1909, 'loss': 0.7969, 'lr': 0.0098, 'params': 632328, 'time_iter': 0.0479, 'accuracy': 0.9238}
train: {'epoch': 39, 'eta': 20.0766, 'loss': 0.7839, 'lr': 0.0098, 'params': 632328, 'time_iter': 0.0494, 'accuracy': 0.9271}
val: {'epoch': 39, 'loss': 0.9172, 'lr': 0, 'params': 632328, 'time_iter': 0.0184, 'accuracy': 0.8524}
train: {'epoch': 40, 'eta': 19.9987, 'loss': 0.7715, 'lr': 0.0098, 'params': 632328, 'time_iter': 0.0532, 'accuracy': 0.9284}
train: {'epoch': 41, 'eta': 19.8878, 'loss': 0.7599, 'lr': 0.0097, 'params': 632328, 'time_iter': 0.0492, 'accuracy': 0.9312}
train: {'epoch': 42, 'eta': 19.7749, 'loss': 0.7486, 'lr': 0.0097, 'params': 632328, 'time_iter': 0.0486, 'accuracy': 0.9317}
train: {'epoch': 43, 'eta': 19.6634, 'loss': 0.7373, 'lr': 0.0097, 'params': 632328, 'time_iter': 0.0485, 'accuracy': 0.9321}
train: {'epoch': 44, 'eta': 19.5603, 'loss': 0.7261, 'lr': 0.0097, 'params': 632328, 'time_iter': 0.0492, 'accuracy': 0.9358}
train: {'epoch': 45, 'eta': 19.4405, 'loss': 0.7152, 'lr': 0.0097, 'params': 632328, 'time_iter': 0.0467, 'accuracy': 0.9377}
train: {'epoch': 46, 'eta': 19.4262, 'loss': 0.7052, 'lr': 0.0097, 'params': 632328, 'time_iter': 0.0603, 'accuracy': 0.9377}
train: {'epoch': 47, 'eta': 19.3234, 'loss': 0.6986, 'lr': 0.0097, 'params': 632328, 'time_iter': 0.0485, 'accuracy': 0.9404}
train: {'epoch': 48, 'eta': 19.2765, 'loss': 0.7011, 'lr': 0.0096, 'params': 632328, 'time_iter': 0.056, 'accuracy': 0.9404}
train: {'epoch': 49, 'eta': 19.1801, 'loss': 0.7505, 'lr': 0.0096, 'params': 632328, 'time_iter': 0.049, 'accuracy': 0.922}
train: {'epoch': 50, 'eta': 19.0776, 'loss': 0.6758, 'lr': 0.0096, 'params': 632328, 'time_iter': 0.0478, 'accuracy': 0.9437}
train: {'epoch': 51, 'eta': 18.9735, 'loss': 0.7464, 'lr': 0.0096, 'params': 632328, 'time_iter': 0.0473, 'accuracy': 0.9252}
train: {'epoch': 52, 'eta': 18.9132, 'loss': 0.6953, 'lr': 0.0096, 'params': 632328, 'time_iter': 0.0536, 'accuracy': 0.9409}
train: {'epoch': 53, 'eta': 18.793, 'loss': 0.7372, 'lr': 0.0096, 'params': 632328, 'time_iter': 0.0442, 'accuracy': 0.9335}
train: {'epoch': 54, 'eta': 18.7156, 'loss': 0.6666, 'lr': 0.0096, 'params': 632328, 'time_iter': 0.0506, 'accuracy': 0.9464}
train: {'epoch': 55, 'eta': 18.6163, 'loss': 0.6584, 'lr': 0.0095, 'params': 632328, 'time_iter': 0.0469, 'accuracy': 0.9469}
train: {'epoch': 56, 'eta': 18.5383, 'loss': 0.6794, 'lr': 0.0095, 'params': 632328, 'time_iter': 0.0502, 'accuracy': 0.9451}
train: {'epoch': 57, 'eta': 18.4509, 'loss': 0.6307, 'lr': 0.0095, 'params': 632328, 'time_iter': 0.0484, 'accuracy': 0.9483}
train: {'epoch': 58, 'eta': 18.4042, 'loss': 0.6361, 'lr': 0.0095, 'params': 632328, 'time_iter': 0.0552, 'accuracy': 0.9464}
train: {'epoch': 59, 'eta': 18.3182, 'loss': 0.6411, 'lr': 0.0095, 'params': 632328, 'time_iter': 0.0483, 'accuracy': 0.9451}
val: {'epoch': 59, 'loss': 0.8139, 'lr': 0, 'params': 632328, 'time_iter': 0.0216, 'accuracy': 0.8616}
train: {'epoch': 60, 'eta': 18.2506, 'loss': 0.6193, 'lr': 0.0095, 'params': 632328, 'time_iter': 0.0514, 'accuracy': 0.9524}
train: {'epoch': 61, 'eta': 18.1808, 'loss': 0.6024, 'lr': 0.0094, 'params': 632328, 'time_iter': 0.0509, 'accuracy': 0.9548}
train: {'epoch': 62, 'eta': 18.1077, 'loss': 0.6055, 'lr': 0.0094, 'params': 632328, 'time_iter': 0.0502, 'accuracy': 0.9548}
train: {'epoch': 63, 'eta': 18.0266, 'loss': 0.5956, 'lr': 0.0094, 'params': 632328, 'time_iter': 0.0485, 'accuracy': 0.9557}
train: {'epoch': 64, 'eta': 17.9814, 'loss': 0.5787, 'lr': 0.0094, 'params': 632328, 'time_iter': 0.0553, 'accuracy': 0.9575}
train: {'epoch': 65, 'eta': 17.8959, 'loss': 0.5796, 'lr': 0.0094, 'params': 632328, 'time_iter': 0.0474, 'accuracy': 0.9566}
train: {'epoch': 66, 'eta': 17.8375, 'loss': 0.5735, 'lr': 0.0093, 'params': 632328, 'time_iter': 0.0526, 'accuracy': 0.9603}
train: {'epoch': 67, 'eta': 17.7952, 'loss': 0.5581, 'lr': 0.0093, 'params': 632328, 'time_iter': 0.0559, 'accuracy': 0.9631}
train: {'epoch': 68, 'eta': 17.7156, 'loss': 0.5552, 'lr': 0.0093, 'params': 632328, 'time_iter': 0.0482, 'accuracy': 0.9649}
train: {'epoch': 69, 'eta': 17.6316, 'loss': 0.5495, 'lr': 0.0093, 'params': 632328, 'time_iter': 0.047, 'accuracy': 0.9635}
train: {'epoch': 70, 'eta': 17.6175, 'loss': 0.5382, 'lr': 0.0093, 'params': 632328, 'time_iter': 0.0619, 'accuracy': 0.9645}
train: {'epoch': 71, 'eta': 17.5442, 'loss': 0.5362, 'lr': 0.0092, 'params': 632328, 'time_iter': 0.0492, 'accuracy': 0.9654}
train: {'epoch': 72, 'eta': 17.492, 'loss': 0.5272, 'lr': 0.0092, 'params': 632328, 'time_iter': 0.0538, 'accuracy': 0.9663}
train: {'epoch': 73, 'eta': 17.4209, 'loss': 0.5212, 'lr': 0.0092, 'params': 632328, 'time_iter': 0.0495, 'accuracy': 0.9691}
train: {'epoch': 74, 'eta': 17.354, 'loss': 0.5163, 'lr': 0.0092, 'params': 632328, 'time_iter': 0.0503, 'accuracy': 0.9723}
train: {'epoch': 75, 'eta': 17.2879, 'loss': 0.5092, 'lr': 0.0092, 'params': 632328, 'time_iter': 0.0504, 'accuracy': 0.9714}
train: {'epoch': 76, 'eta': 17.1902, 'loss': 0.5057, 'lr': 0.0091, 'params': 632328, 'time_iter': 0.0428, 'accuracy': 0.9737}
train: {'epoch': 77, 'eta': 17.142, 'loss': 0.498, 'lr': 0.0091, 'params': 632328, 'time_iter': 0.0544, 'accuracy': 0.9746}
train: {'epoch': 78, 'eta': 17.0525, 'loss': 0.4952, 'lr': 0.0091, 'params': 632328, 'time_iter': 0.0443, 'accuracy': 0.9746}
train: {'epoch': 79, 'eta': 16.9767, 'loss': 0.4928, 'lr': 0.0091, 'params': 632328, 'time_iter': 0.0474, 'accuracy': 0.9732}
val: {'epoch': 79, 'loss': 0.7603, 'lr': 0, 'params': 632328, 'time_iter': 0.0208, 'accuracy': 0.8487}
train: {'epoch': 80, 'eta': 16.8941, 'loss': 0.4893, 'lr': 0.009, 'params': 632328, 'time_iter': 0.0455, 'accuracy': 0.9751}
train: {'epoch': 81, 'eta': 16.8226, 'loss': 0.487, 'lr': 0.009, 'params': 632328, 'time_iter': 0.0482, 'accuracy': 0.9788}
train: {'epoch': 82, 'eta': 16.7517, 'loss': 0.4855, 'lr': 0.009, 'params': 632328, 'time_iter': 0.0482, 'accuracy': 0.9751}
train: {'epoch': 83, 'eta': 16.6829, 'loss': 0.4878, 'lr': 0.009, 'params': 632328, 'time_iter': 0.0486, 'accuracy': 0.9755}
train: {'epoch': 84, 'eta': 16.619, 'loss': 0.4903, 'lr': 0.009, 'params': 632328, 'time_iter': 0.0498, 'accuracy': 0.9705}
train: {'epoch': 85, 'eta': 16.5488, 'loss': 0.4742, 'lr': 0.0089, 'params': 632328, 'time_iter': 0.048, 'accuracy': 0.9778}
train: {'epoch': 86, 'eta': 16.4835, 'loss': 0.4845, 'lr': 0.0089, 'params': 632328, 'time_iter': 0.0492, 'accuracy': 0.9769}
train: {'epoch': 87, 'eta': 16.4478, 'loss': 0.5097, 'lr': 0.0089, 'params': 632328, 'time_iter': 0.0574, 'accuracy': 0.97}
train: {'epoch': 88, 'eta': 16.3801, 'loss': 0.5085, 'lr': 0.0089, 'params': 632328, 'time_iter': 0.0484, 'accuracy': 0.9769}
train: {'epoch': 89, 'eta': 16.3602, 'loss': 0.4993, 'lr': 0.0088, 'params': 632328, 'time_iter': 0.0622, 'accuracy': 0.9714}
train: {'epoch': 90, 'eta': 16.3088, 'loss': 0.4923, 'lr': 0.0088, 'params': 632328, 'time_iter': 0.0532, 'accuracy': 0.9718}
train: {'epoch': 91, 'eta': 16.2372, 'loss': 0.4795, 'lr': 0.0088, 'params': 632328, 'time_iter': 0.0472, 'accuracy': 0.9737}
train: {'epoch': 92, 'eta': 16.1662, 'loss': 0.4805, 'lr': 0.0088, 'params': 632328, 'time_iter': 0.0472, 'accuracy': 0.9751}
train: {'epoch': 93, 'eta': 16.106, 'loss': 0.4718, 'lr': 0.0087, 'params': 632328, 'time_iter': 0.0503, 'accuracy': 0.9755}
train: {'epoch': 94, 'eta': 16.0337, 'loss': 0.4596, 'lr': 0.0087, 'params': 632328, 'time_iter': 0.0465, 'accuracy': 0.9801}
train: {'epoch': 95, 'eta': 15.9821, 'loss': 0.4672, 'lr': 0.0087, 'params': 632328, 'time_iter': 0.0529, 'accuracy': 0.9797}
train: {'epoch': 96, 'eta': 15.9152, 'loss': 0.4545, 'lr': 0.0086, 'params': 632328, 'time_iter': 0.048, 'accuracy': 0.9806}
train: {'epoch': 97, 'eta': 15.8488, 'loss': 0.4508, 'lr': 0.0086, 'params': 632328, 'time_iter': 0.048, 'accuracy': 0.982}
train: {'epoch': 98, 'eta': 15.7909, 'loss': 0.4501, 'lr': 0.0086, 'params': 632328, 'time_iter': 0.0507, 'accuracy': 0.9825}
train: {'epoch': 99, 'eta': 15.7318, 'loss': 0.4451, 'lr': 0.0086, 'params': 632328, 'time_iter': 0.0502, 'accuracy': 0.9801}
val: {'epoch': 99, 'loss': 0.6999, 'lr': 0, 'params': 632328, 'time_iter': 0.0177, 'accuracy': 0.869}
train: {'epoch': 100, 'eta': 15.6758, 'loss': 0.4388, 'lr': 0.0085, 'params': 632328, 'time_iter': 0.0513, 'accuracy': 0.9829}
train: {'epoch': 101, 'eta': 15.6078, 'loss': 0.4372, 'lr': 0.0085, 'params': 632328, 'time_iter': 0.0471, 'accuracy': 0.9834}
train: {'epoch': 102, 'eta': 15.5563, 'loss': 0.4304, 'lr': 0.0085, 'params': 632328, 'time_iter': 0.0527, 'accuracy': 0.9848}
train: {'epoch': 103, 'eta': 15.4956, 'loss': 0.4279, 'lr': 0.0085, 'params': 632328, 'time_iter': 0.0495, 'accuracy': 0.988}
train: {'epoch': 104, 'eta': 15.4519, 'loss': 0.4245, 'lr': 0.0084, 'params': 632328, 'time_iter': 0.0554, 'accuracy': 0.9866}
train: {'epoch': 105, 'eta': 15.3993, 'loss': 0.4219, 'lr': 0.0084, 'params': 632328, 'time_iter': 0.0523, 'accuracy': 0.9861}
train: {'epoch': 106, 'eta': 15.3426, 'loss': 0.4189, 'lr': 0.0084, 'params': 632328, 'time_iter': 0.0508, 'accuracy': 0.9852}
train: {'epoch': 107, 'eta': 15.3139, 'loss': 0.4159, 'lr': 0.0083, 'params': 632328, 'time_iter': 0.0611, 'accuracy': 0.9875}
train: {'epoch': 108, 'eta': 15.2763, 'loss': 0.4139, 'lr': 0.0083, 'params': 632328, 'time_iter': 0.058, 'accuracy': 0.988}
train: {'epoch': 109, 'eta': 15.2127, 'loss': 0.4122, 'lr': 0.0083, 'params': 632328, 'time_iter': 0.0483, 'accuracy': 0.9894}
train: {'epoch': 110, 'eta': 15.1624, 'loss': 0.4087, 'lr': 0.0082, 'params': 632328, 'time_iter': 0.0533, 'accuracy': 0.9889}
train: {'epoch': 111, 'eta': 15.1149, 'loss': 0.4068, 'lr': 0.0082, 'params': 632328, 'time_iter': 0.0544, 'accuracy': 0.9885}
train: {'epoch': 112, 'eta': 15.0523, 'loss': 0.4053, 'lr': 0.0082, 'params': 632328, 'time_iter': 0.0485, 'accuracy': 0.9903}
train: {'epoch': 113, 'eta': 14.9971, 'loss': 0.403, 'lr': 0.0082, 'params': 632328, 'time_iter': 0.0514, 'accuracy': 0.9912}
train: {'epoch': 114, 'eta': 14.9302, 'loss': 0.4027, 'lr': 0.0081, 'params': 632328, 'time_iter': 0.0466, 'accuracy': 0.9922}
train: {'epoch': 115, 'eta': 14.8677, 'loss': 0.4052, 'lr': 0.0081, 'params': 632328, 'time_iter': 0.0483, 'accuracy': 0.9898}
train: {'epoch': 116, 'eta': 14.8108, 'loss': 0.4178, 'lr': 0.0081, 'params': 632328, 'time_iter': 0.0505, 'accuracy': 0.9843}
train: {'epoch': 117, 'eta': 14.7541, 'loss': 0.4228, 'lr': 0.008, 'params': 632328, 'time_iter': 0.0505, 'accuracy': 0.9848}
train: {'epoch': 118, 'eta': 14.6867, 'loss': 0.417, 'lr': 0.008, 'params': 632328, 'time_iter': 0.0459, 'accuracy': 0.9843}
train: {'epoch': 119, 'eta': 14.6257, 'loss': 0.411, 'lr': 0.008, 'params': 632328, 'time_iter': 0.0485, 'accuracy': 0.9811}
val: {'epoch': 119, 'loss': 0.7044, 'lr': 0, 'params': 632328, 'time_iter': 0.0186, 'accuracy': 0.8653}
train: {'epoch': 120, 'eta': 14.5614, 'loss': 0.4193, 'lr': 0.0079, 'params': 632328, 'time_iter': 0.047, 'accuracy': 0.9848}
train: {'epoch': 121, 'eta': 14.4988, 'loss': 0.4109, 'lr': 0.0079, 'params': 632328, 'time_iter': 0.0476, 'accuracy': 0.9848}
train: {'epoch': 122, 'eta': 14.4385, 'loss': 0.4053, 'lr': 0.0079, 'params': 632328, 'time_iter': 0.0485, 'accuracy': 0.9866}
train: {'epoch': 123, 'eta': 14.385, 'loss': 0.404, 'lr': 0.0078, 'params': 632328, 'time_iter': 0.0515, 'accuracy': 0.988}
train: {'epoch': 124, 'eta': 14.3192, 'loss': 0.3972, 'lr': 0.0078, 'params': 632328, 'time_iter': 0.0459, 'accuracy': 0.9894}
train: {'epoch': 125, 'eta': 14.2613, 'loss': 0.3981, 'lr': 0.0078, 'params': 632328, 'time_iter': 0.0494, 'accuracy': 0.9889}
train: {'epoch': 126, 'eta': 14.2008, 'loss': 0.3947, 'lr': 0.0077, 'params': 632328, 'time_iter': 0.0481, 'accuracy': 0.9889}
train: {'epoch': 127, 'eta': 14.1396, 'loss': 0.3953, 'lr': 0.0077, 'params': 632328, 'time_iter': 0.0477, 'accuracy': 0.9908}
train: {'epoch': 128, 'eta': 14.0822, 'loss': 0.389, 'lr': 0.0077, 'params': 632328, 'time_iter': 0.0494, 'accuracy': 0.9898}
train: {'epoch': 129, 'eta': 14.023, 'loss': 0.3888, 'lr': 0.0076, 'params': 632328, 'time_iter': 0.0485, 'accuracy': 0.9908}
train: {'epoch': 130, 'eta': 13.9665, 'loss': 0.3843, 'lr': 0.0076, 'params': 632328, 'time_iter': 0.0497, 'accuracy': 0.9912}
train: {'epoch': 131, 'eta': 13.907, 'loss': 0.3837, 'lr': 0.0076, 'params': 632328, 'time_iter': 0.0482, 'accuracy': 0.9912}
train: {'epoch': 132, 'eta': 13.8503, 'loss': 0.3809, 'lr': 0.0075, 'params': 632328, 'time_iter': 0.0495, 'accuracy': 0.9912}
train: {'epoch': 133, 'eta': 13.793, 'loss': 0.3792, 'lr': 0.0075, 'params': 632328, 'time_iter': 0.0491, 'accuracy': 0.9935}
train: {'epoch': 134, 'eta': 13.7327, 'loss': 0.3772, 'lr': 0.0075, 'params': 632328, 'time_iter': 0.0476, 'accuracy': 0.9922}
train: {'epoch': 135, 'eta': 13.6747, 'loss': 0.3755, 'lr': 0.0074, 'params': 632328, 'time_iter': 0.0486, 'accuracy': 0.9926}
train: {'epoch': 136, 'eta': 13.617, 'loss': 0.374, 'lr': 0.0074, 'params': 632328, 'time_iter': 0.0487, 'accuracy': 0.9926}
train: {'epoch': 137, 'eta': 13.5626, 'loss': 0.3729, 'lr': 0.0074, 'params': 632328, 'time_iter': 0.0504, 'accuracy': 0.9922}
train: {'epoch': 138, 'eta': 13.5031, 'loss': 0.3713, 'lr': 0.0073, 'params': 632328, 'time_iter': 0.0476, 'accuracy': 0.994}
train: {'epoch': 139, 'eta': 13.4455, 'loss': 0.3709, 'lr': 0.0073, 'params': 632328, 'time_iter': 0.0486, 'accuracy': 0.994}
val: {'epoch': 139, 'loss': 0.688, 'lr': 0, 'params': 632328, 'time_iter': 0.0191, 'accuracy': 0.8672}
train: {'epoch': 140, 'eta': 13.385, 'loss': 0.3749, 'lr': 0.0073, 'params': 632328, 'time_iter': 0.0469, 'accuracy': 0.9917}
train: {'epoch': 141, 'eta': 13.3278, 'loss': 0.3795, 'lr': 0.0072, 'params': 632328, 'time_iter': 0.0486, 'accuracy': 0.9954}
train: {'epoch': 142, 'eta': 13.2706, 'loss': 0.4091, 'lr': 0.0072, 'params': 632328, 'time_iter': 0.0486, 'accuracy': 0.988}
train: {'epoch': 143, 'eta': 13.2135, 'loss': 0.4388, 'lr': 0.0072, 'params': 632328, 'time_iter': 0.0485, 'accuracy': 0.9825}
train: {'epoch': 144, 'eta': 13.16, 'loss': 0.4456, 'lr': 0.0071, 'params': 632328, 'time_iter': 0.0505, 'accuracy': 0.9825}
train: {'epoch': 145, 'eta': 13.0994, 'loss': 0.4152, 'lr': 0.0071, 'params': 632328, 'time_iter': 0.0464, 'accuracy': 0.9806}
train: {'epoch': 146, 'eta': 13.044, 'loss': 0.4219, 'lr': 0.0071, 'params': 632328, 'time_iter': 0.0494, 'accuracy': 0.9825}
train: {'epoch': 147, 'eta': 12.9867, 'loss': 0.4176, 'lr': 0.007, 'params': 632328, 'time_iter': 0.0482, 'accuracy': 0.982}
train: {'epoch': 148, 'eta': 12.9298, 'loss': 0.4023, 'lr': 0.007, 'params': 632328, 'time_iter': 0.0483, 'accuracy': 0.9861}
train: {'epoch': 149, 'eta': 12.8753, 'loss': 0.403, 'lr': 0.0069, 'params': 632328, 'time_iter': 0.0498, 'accuracy': 0.9889}
train: {'epoch': 150, 'eta': 12.8197, 'loss': 0.3922, 'lr': 0.0069, 'params': 632328, 'time_iter': 0.049, 'accuracy': 0.9894}
train: {'epoch': 151, 'eta': 12.7639, 'loss': 0.3916, 'lr': 0.0069, 'params': 632328, 'time_iter': 0.0488, 'accuracy': 0.9889}
train: {'epoch': 152, 'eta': 12.7194, 'loss': 0.3854, 'lr': 0.0068, 'params': 632328, 'time_iter': 0.0558, 'accuracy': 0.9912}
train: {'epoch': 153, 'eta': 12.6709, 'loss': 0.3828, 'lr': 0.0068, 'params': 632328, 'time_iter': 0.0534, 'accuracy': 0.9912}
train: {'epoch': 154, 'eta': 12.6203, 'loss': 0.3778, 'lr': 0.0068, 'params': 632328, 'time_iter': 0.0521, 'accuracy': 0.9917}
train: {'epoch': 155, 'eta': 12.5664, 'loss': 0.3769, 'lr': 0.0067, 'params': 632328, 'time_iter': 0.05, 'accuracy': 0.9926}
train: {'epoch': 156, 'eta': 12.523, 'loss': 0.3738, 'lr': 0.0067, 'params': 632328, 'time_iter': 0.0568, 'accuracy': 0.9912}
train: {'epoch': 157, 'eta': 12.4715, 'loss': 0.3707, 'lr': 0.0067, 'params': 632328, 'time_iter': 0.0515, 'accuracy': 0.9922}
train: {'epoch': 158, 'eta': 12.4103, 'loss': 0.3681, 'lr': 0.0066, 'params': 632328, 'time_iter': 0.0452, 'accuracy': 0.9922}
train: {'epoch': 159, 'eta': 12.3552, 'loss': 0.3666, 'lr': 0.0066, 'params': 632328, 'time_iter': 0.0491, 'accuracy': 0.9926}
val: {'epoch': 159, 'loss': 0.6937, 'lr': 0, 'params': 632328, 'time_iter': 0.0202, 'accuracy': 0.8653}
train: {'epoch': 160, 'eta': 12.3071, 'loss': 0.3649, 'lr': 0.0065, 'params': 632328, 'time_iter': 0.0537, 'accuracy': 0.9945}
train: {'epoch': 161, 'eta': 12.255, 'loss': 0.3631, 'lr': 0.0065, 'params': 632328, 'time_iter': 0.0511, 'accuracy': 0.9945}
train: {'epoch': 162, 'eta': 12.1963, 'loss': 0.3609, 'lr': 0.0065, 'params': 632328, 'time_iter': 0.0465, 'accuracy': 0.9949}
train: {'epoch': 163, 'eta': 12.1485, 'loss': 0.3596, 'lr': 0.0064, 'params': 632328, 'time_iter': 0.054, 'accuracy': 0.9949}
train: {'epoch': 164, 'eta': 12.0953, 'loss': 0.3586, 'lr': 0.0064, 'params': 632328, 'time_iter': 0.0502, 'accuracy': 0.9945}
train: {'epoch': 165, 'eta': 12.0382, 'loss': 0.3571, 'lr': 0.0064, 'params': 632328, 'time_iter': 0.0475, 'accuracy': 0.994}
train: {'epoch': 166, 'eta': 11.9847, 'loss': 0.3558, 'lr': 0.0063, 'params': 632328, 'time_iter': 0.05, 'accuracy': 0.9954}
train: {'epoch': 167, 'eta': 11.9289, 'loss': 0.3548, 'lr': 0.0063, 'params': 632328, 'time_iter': 0.0482, 'accuracy': 0.9958}
train: {'epoch': 168, 'eta': 11.8736, 'loss': 0.3537, 'lr': 0.0062, 'params': 632328, 'time_iter': 0.0486, 'accuracy': 0.9963}
train: {'epoch': 169, 'eta': 11.8179, 'loss': 0.3526, 'lr': 0.0062, 'params': 632328, 'time_iter': 0.0482, 'accuracy': 0.9954}
train: {'epoch': 170, 'eta': 11.7635, 'loss': 0.3517, 'lr': 0.0062, 'params': 632328, 'time_iter': 0.0491, 'accuracy': 0.9954}
train: {'epoch': 171, 'eta': 11.7092, 'loss': 0.3508, 'lr': 0.0061, 'params': 632328, 'time_iter': 0.0492, 'accuracy': 0.9949}
train: {'epoch': 172, 'eta': 11.6541, 'loss': 0.3501, 'lr': 0.0061, 'params': 632328, 'time_iter': 0.0485, 'accuracy': 0.9954}
train: {'epoch': 173, 'eta': 11.5995, 'loss': 0.3492, 'lr': 0.0061, 'params': 632328, 'time_iter': 0.0488, 'accuracy': 0.9958}
train: {'epoch': 174, 'eta': 11.544, 'loss': 0.3486, 'lr': 0.006, 'params': 632328, 'time_iter': 0.0481, 'accuracy': 0.9958}
train: {'epoch': 175, 'eta': 11.4927, 'loss': 0.3482, 'lr': 0.006, 'params': 632328, 'time_iter': 0.0514, 'accuracy': 0.9968}
train: {'epoch': 176, 'eta': 11.4355, 'loss': 0.3492, 'lr': 0.0059, 'params': 632328, 'time_iter': 0.0466, 'accuracy': 0.9968}
train: {'epoch': 177, 'eta': 11.382, 'loss': 0.355, 'lr': 0.0059, 'params': 632328, 'time_iter': 0.0495, 'accuracy': 0.9935}
train: {'epoch': 178, 'eta': 11.3269, 'loss': 0.3511, 'lr': 0.0059, 'params': 632328, 'time_iter': 0.0482, 'accuracy': 0.9968}
train: {'epoch': 179, 'eta': 11.2729, 'loss': 0.3507, 'lr': 0.0058, 'params': 632328, 'time_iter': 0.049, 'accuracy': 0.9949}
val: {'epoch': 179, 'loss': 0.6759, 'lr': 0, 'params': 632328, 'time_iter': 0.0205, 'accuracy': 0.8635}
train: {'epoch': 180, 'eta': 11.46, 'loss': 0.348, 'lr': 0.0058, 'params': 632328, 'time_iter': 0.2483, 'accuracy': 0.9958}
train: {'epoch': 181, 'eta': 11.4179, 'loss': 0.35, 'lr': 0.0057, 'params': 632328, 'time_iter': 0.0609, 'accuracy': 0.9958}
train: {'epoch': 182, 'eta': 11.3744, 'loss': 0.3484, 'lr': 0.0057, 'params': 632328, 'time_iter': 0.0599, 'accuracy': 0.9963}
train: {'epoch': 183, 'eta': 11.3545, 'loss': 0.3492, 'lr': 0.0057, 'params': 632328, 'time_iter': 0.0801, 'accuracy': 0.9958}
train: {'epoch': 184, 'eta': 11.3036, 'loss': 0.3489, 'lr': 0.0056, 'params': 632328, 'time_iter': 0.0539, 'accuracy': 0.9963}
train: {'epoch': 185, 'eta': 11.2498, 'loss': 0.3492, 'lr': 0.0056, 'params': 632328, 'time_iter': 0.0515, 'accuracy': 0.9963}
train: {'epoch': 186, 'eta': 11.1982, 'loss': 0.3475, 'lr': 0.0055, 'params': 632328, 'time_iter': 0.0534, 'accuracy': 0.9968}
train: {'epoch': 187, 'eta': 11.1492, 'loss': 0.3456, 'lr': 0.0055, 'params': 632328, 'time_iter': 0.0557, 'accuracy': 0.9958}
train: {'epoch': 188, 'eta': 11.1123, 'loss': 0.345, 'lr': 0.0055, 'params': 632328, 'time_iter': 0.0667, 'accuracy': 0.9949}
train: {'epoch': 189, 'eta': 11.0672, 'loss': 0.3445, 'lr': 0.0054, 'params': 632328, 'time_iter': 0.0595, 'accuracy': 0.9968}
train: {'epoch': 190, 'eta': 11.0132, 'loss': 0.3436, 'lr': 0.0054, 'params': 632328, 'time_iter': 0.0515, 'accuracy': 0.9968}
train: {'epoch': 191, 'eta': 10.9651, 'loss': 0.3427, 'lr': 0.0054, 'params': 632328, 'time_iter': 0.057, 'accuracy': 0.9972}
train: {'epoch': 192, 'eta': 10.9053, 'loss': 0.3434, 'lr': 0.0053, 'params': 632328, 'time_iter': 0.0461, 'accuracy': 0.9963}
train: {'epoch': 193, 'eta': 10.8486, 'loss': 0.3435, 'lr': 0.0053, 'params': 632328, 'time_iter': 0.0489, 'accuracy': 0.9968}
train: {'epoch': 194, 'eta': 10.7918, 'loss': 0.3435, 'lr': 0.0052, 'params': 632328, 'time_iter': 0.0487, 'accuracy': 0.9968}
train: {'epoch': 195, 'eta': 10.7355, 'loss': 0.3423, 'lr': 0.0052, 'params': 632328, 'time_iter': 0.0491, 'accuracy': 0.9963}
train: {'epoch': 196, 'eta': 10.6805, 'loss': 0.3414, 'lr': 0.0052, 'params': 632328, 'time_iter': 0.0503, 'accuracy': 0.9972}
train: {'epoch': 197, 'eta': 10.6228, 'loss': 0.3413, 'lr': 0.0051, 'params': 632328, 'time_iter': 0.0477, 'accuracy': 0.9972}
train: {'epoch': 198, 'eta': 10.5706, 'loss': 0.3402, 'lr': 0.0051, 'params': 632328, 'time_iter': 0.053, 'accuracy': 0.9968}
train: {'epoch': 199, 'eta': 10.5155, 'loss': 0.3399, 'lr': 0.005, 'params': 632328, 'time_iter': 0.05, 'accuracy': 0.9963}
val: {'epoch': 199, 'loss': 0.6746, 'lr': 0, 'params': 632328, 'time_iter': 0.0203, 'accuracy': 0.8653}
train: {'epoch': 200, 'eta': 10.4601, 'loss': 0.3394, 'lr': 0.005, 'params': 632328, 'time_iter': 0.0498, 'accuracy': 0.9972}
train: {'epoch': 201, 'eta': 10.4068, 'loss': 0.3393, 'lr': 0.005, 'params': 632328, 'time_iter': 0.0518, 'accuracy': 0.9972}
train: {'epoch': 202, 'eta': 10.3509, 'loss': 0.3389, 'lr': 0.0049, 'params': 632328, 'time_iter': 0.0491, 'accuracy': 0.9972}
train: {'epoch': 203, 'eta': 10.2948, 'loss': 0.3391, 'lr': 0.0049, 'params': 632328, 'time_iter': 0.0488, 'accuracy': 0.9968}
train: {'epoch': 204, 'eta': 10.2389, 'loss': 0.3439, 'lr': 0.0048, 'params': 632328, 'time_iter': 0.0491, 'accuracy': 0.9977}
train: {'epoch': 205, 'eta': 10.1826, 'loss': 0.3479, 'lr': 0.0048, 'params': 632328, 'time_iter': 0.0484, 'accuracy': 0.9982}
train: {'epoch': 206, 'eta': 10.1286, 'loss': 0.3486, 'lr': 0.0048, 'params': 632328, 'time_iter': 0.0509, 'accuracy': 0.9963}
train: {'epoch': 207, 'eta': 10.0747, 'loss': 0.3409, 'lr': 0.0047, 'params': 632328, 'time_iter': 0.051, 'accuracy': 0.9958}
train: {'epoch': 208, 'eta': 10.0205, 'loss': 0.3427, 'lr': 0.0047, 'params': 632328, 'time_iter': 0.0506, 'accuracy': 0.9949}
train: {'epoch': 209, 'eta': 9.9651, 'loss': 0.3425, 'lr': 0.0046, 'params': 632328, 'time_iter': 0.0492, 'accuracy': 0.9963}
train: {'epoch': 210, 'eta': 9.9091, 'loss': 0.3387, 'lr': 0.0046, 'params': 632328, 'time_iter': 0.0485, 'accuracy': 0.9972}
train: {'epoch': 211, 'eta': 9.8542, 'loss': 0.3408, 'lr': 0.0046, 'params': 632328, 'time_iter': 0.0496, 'accuracy': 0.9968}
train: {'epoch': 212, 'eta': 9.799, 'loss': 0.3387, 'lr': 0.0045, 'params': 632328, 'time_iter': 0.0493, 'accuracy': 0.9963}
train: {'epoch': 213, 'eta': 9.7475, 'loss': 0.3377, 'lr': 0.0045, 'params': 632328, 'time_iter': 0.0534, 'accuracy': 0.9968}
train: {'epoch': 214, 'eta': 9.6928, 'loss': 0.3384, 'lr': 0.0045, 'params': 632328, 'time_iter': 0.0497, 'accuracy': 0.9958}
train: {'epoch': 215, 'eta': 9.6379, 'loss': 0.3377, 'lr': 0.0044, 'params': 632328, 'time_iter': 0.0495, 'accuracy': 0.9963}
train: {'epoch': 216, 'eta': 9.5855, 'loss': 0.3381, 'lr': 0.0044, 'params': 632328, 'time_iter': 0.0524, 'accuracy': 0.9977}
train: {'epoch': 217, 'eta': 9.5336, 'loss': 0.3367, 'lr': 0.0043, 'params': 632328, 'time_iter': 0.053, 'accuracy': 0.9968}
train: {'epoch': 218, 'eta': 9.4844, 'loss': 0.3355, 'lr': 0.0043, 'params': 632328, 'time_iter': 0.0562, 'accuracy': 0.9972}
train: {'epoch': 219, 'eta': 9.4311, 'loss': 0.3359, 'lr': 0.0043, 'params': 632328, 'time_iter': 0.0513, 'accuracy': 0.9968}
val: {'epoch': 219, 'loss': 0.6797, 'lr': 0, 'params': 632328, 'time_iter': 0.017, 'accuracy': 0.8579}
train: {'epoch': 220, 'eta': 9.3752, 'loss': 0.3348, 'lr': 0.0042, 'params': 632328, 'time_iter': 0.0481, 'accuracy': 0.9972}
train: {'epoch': 221, 'eta': 9.3211, 'loss': 0.3342, 'lr': 0.0042, 'params': 632328, 'time_iter': 0.0502, 'accuracy': 0.9972}
train: {'epoch': 222, 'eta': 9.2676, 'loss': 0.3341, 'lr': 0.0041, 'params': 632328, 'time_iter': 0.0509, 'accuracy': 0.9982}
train: {'epoch': 223, 'eta': 9.2151, 'loss': 0.3332, 'lr': 0.0041, 'params': 632328, 'time_iter': 0.0522, 'accuracy': 0.9977}
train: {'epoch': 224, 'eta': 9.1654, 'loss': 0.3332, 'lr': 0.0041, 'params': 632328, 'time_iter': 0.0558, 'accuracy': 0.9972}
train: {'epoch': 225, 'eta': 9.1132, 'loss': 0.3326, 'lr': 0.004, 'params': 632328, 'time_iter': 0.0527, 'accuracy': 0.9977}
train: {'epoch': 226, 'eta': 9.0582, 'loss': 0.3321, 'lr': 0.004, 'params': 632328, 'time_iter': 0.0489, 'accuracy': 0.9977}
train: {'epoch': 227, 'eta': 9.0073, 'loss': 0.3321, 'lr': 0.0039, 'params': 632328, 'time_iter': 0.0543, 'accuracy': 0.9982}
train: {'epoch': 228, 'eta': 8.9521, 'loss': 0.3315, 'lr': 0.0039, 'params': 632328, 'time_iter': 0.0486, 'accuracy': 0.9977}
train: {'epoch': 229, 'eta': 8.8976, 'loss': 0.3313, 'lr': 0.0039, 'params': 632328, 'time_iter': 0.0495, 'accuracy': 0.9977}
train: {'epoch': 230, 'eta': 8.8418, 'loss': 0.3311, 'lr': 0.0038, 'params': 632328, 'time_iter': 0.0475, 'accuracy': 0.9982}
train: {'epoch': 231, 'eta': 8.7849, 'loss': 0.3308, 'lr': 0.0038, 'params': 632328, 'time_iter': 0.046, 'accuracy': 0.9982}
train: {'epoch': 232, 'eta': 8.7282, 'loss': 0.3306, 'lr': 0.0038, 'params': 632328, 'time_iter': 0.0462, 'accuracy': 0.9977}
train: {'epoch': 233, 'eta': 8.6742, 'loss': 0.3304, 'lr': 0.0037, 'params': 632328, 'time_iter': 0.0498, 'accuracy': 0.9977}
train: {'epoch': 234, 'eta': 8.6187, 'loss': 0.3301, 'lr': 0.0037, 'params': 632328, 'time_iter': 0.0477, 'accuracy': 0.9982}
train: {'epoch': 235, 'eta': 8.5648, 'loss': 0.3299, 'lr': 0.0036, 'params': 632328, 'time_iter': 0.0499, 'accuracy': 0.9977}
train: {'epoch': 236, 'eta': 8.5098, 'loss': 0.3297, 'lr': 0.0036, 'params': 632328, 'time_iter': 0.0481, 'accuracy': 0.9977}
train: {'epoch': 237, 'eta': 8.4761, 'loss': 0.3294, 'lr': 0.0036, 'params': 632328, 'time_iter': 0.0794, 'accuracy': 0.9982}
train: {'epoch': 238, 'eta': 8.4232, 'loss': 0.3293, 'lr': 0.0035, 'params': 632328, 'time_iter': 0.0515, 'accuracy': 0.9982}
train: {'epoch': 239, 'eta': 8.3736, 'loss': 0.3292, 'lr': 0.0035, 'params': 632328, 'time_iter': 0.0563, 'accuracy': 0.9982}
val: {'epoch': 239, 'loss': 0.6826, 'lr': 0, 'params': 632328, 'time_iter': 0.0232, 'accuracy': 0.8579}
train: {'epoch': 240, 'eta': 8.3231, 'loss': 0.3291, 'lr': 0.0035, 'params': 632328, 'time_iter': 0.0552, 'accuracy': 0.9977}
train: {'epoch': 241, 'eta': 8.2701, 'loss': 0.3293, 'lr': 0.0034, 'params': 632328, 'time_iter': 0.0514, 'accuracy': 0.9982}
train: {'epoch': 242, 'eta': 8.2175, 'loss': 0.3308, 'lr': 0.0034, 'params': 632328, 'time_iter': 0.0519, 'accuracy': 0.9977}
train: {'epoch': 243, 'eta': 8.1631, 'loss': 0.34, 'lr': 0.0033, 'params': 632328, 'time_iter': 0.0491, 'accuracy': 0.9949}
train: {'epoch': 244, 'eta': 8.1081, 'loss': 0.3455, 'lr': 0.0033, 'params': 632328, 'time_iter': 0.0481, 'accuracy': 0.9972}
train: {'epoch': 245, 'eta': 8.0584, 'loss': 0.3474, 'lr': 0.0033, 'params': 632328, 'time_iter': 0.0566, 'accuracy': 0.9972}
train: {'epoch': 246, 'eta': 8.0133, 'loss': 0.3374, 'lr': 0.0032, 'params': 632328, 'time_iter': 0.0639, 'accuracy': 0.9972}
train: {'epoch': 247, 'eta': 7.963, 'loss': 0.3427, 'lr': 0.0032, 'params': 632328, 'time_iter': 0.0559, 'accuracy': 0.9982}
train: {'epoch': 248, 'eta': 7.9085, 'loss': 0.3384, 'lr': 0.0032, 'params': 632328, 'time_iter': 0.049, 'accuracy': 0.9958}
train: {'epoch': 249, 'eta': 7.8548, 'loss': 0.3367, 'lr': 0.0031, 'params': 632328, 'time_iter': 0.05, 'accuracy': 0.9963}
train: {'epoch': 250, 'eta': 7.8001, 'loss': 0.3432, 'lr': 0.0031, 'params': 632328, 'time_iter': 0.0484, 'accuracy': 0.9982}
train: {'epoch': 251, 'eta': 7.7452, 'loss': 0.3445, 'lr': 0.0031, 'params': 632328, 'time_iter': 0.0481, 'accuracy': 0.9958}
train: {'epoch': 252, 'eta': 7.6906, 'loss': 0.3444, 'lr': 0.003, 'params': 632328, 'time_iter': 0.0484, 'accuracy': 0.9958}
train: {'epoch': 253, 'eta': 7.6371, 'loss': 0.3427, 'lr': 0.003, 'params': 632328, 'time_iter': 0.0502, 'accuracy': 0.9968}
train: {'epoch': 254, 'eta': 7.5823, 'loss': 0.3401, 'lr': 0.0029, 'params': 632328, 'time_iter': 0.048, 'accuracy': 0.9968}
train: {'epoch': 255, 'eta': 7.528, 'loss': 0.3397, 'lr': 0.0029, 'params': 632328, 'time_iter': 0.0488, 'accuracy': 0.9954}
train: {'epoch': 256, 'eta': 7.4737, 'loss': 0.337, 'lr': 0.0029, 'params': 632328, 'time_iter': 0.0486, 'accuracy': 0.9954}
train: {'epoch': 257, 'eta': 7.4205, 'loss': 0.3361, 'lr': 0.0028, 'params': 632328, 'time_iter': 0.0505, 'accuracy': 0.9972}
train: {'epoch': 258, 'eta': 7.3682, 'loss': 0.335, 'lr': 0.0028, 'params': 632328, 'time_iter': 0.0522, 'accuracy': 0.9982}
train: {'epoch': 259, 'eta': 7.3119, 'loss': 0.3344, 'lr': 0.0028, 'params': 632328, 'time_iter': 0.0448, 'accuracy': 0.9968}
val: {'epoch': 259, 'loss': 0.6957, 'lr': 0, 'params': 632328, 'time_iter': 0.0206, 'accuracy': 0.8635}
train: {'epoch': 260, 'eta': 7.2582, 'loss': 0.334, 'lr': 0.0027, 'params': 632328, 'time_iter': 0.0494, 'accuracy': 0.9963}
train: {'epoch': 261, 'eta': 7.203, 'loss': 0.3325, 'lr': 0.0027, 'params': 632328, 'time_iter': 0.0466, 'accuracy': 0.9972}
train: {'epoch': 262, 'eta': 7.148, 'loss': 0.3326, 'lr': 0.0027, 'params': 632328, 'time_iter': 0.0467, 'accuracy': 0.9982}
train: {'epoch': 263, 'eta': 7.0925, 'loss': 0.3313, 'lr': 0.0026, 'params': 632328, 'time_iter': 0.0458, 'accuracy': 0.9982}
train: {'epoch': 264, 'eta': 7.0394, 'loss': 0.331, 'lr': 0.0026, 'params': 632328, 'time_iter': 0.0503, 'accuracy': 0.9968}
train: {'epoch': 265, 'eta': 6.9874, 'loss': 0.3303, 'lr': 0.0026, 'params': 632328, 'time_iter': 0.0523, 'accuracy': 0.9982}
train: {'epoch': 266, 'eta': 6.9367, 'loss': 0.33, 'lr': 0.0025, 'params': 632328, 'time_iter': 0.0552, 'accuracy': 0.9982}
train: {'epoch': 267, 'eta': 6.8818, 'loss': 0.3294, 'lr': 0.0025, 'params': 632328, 'time_iter': 0.0465, 'accuracy': 0.9982}
train: {'epoch': 268, 'eta': 6.8284, 'loss': 0.329, 'lr': 0.0025, 'params': 632328, 'time_iter': 0.0495, 'accuracy': 0.9977}
train: {'epoch': 269, 'eta': 6.7743, 'loss': 0.3288, 'lr': 0.0024, 'params': 632328, 'time_iter': 0.0481, 'accuracy': 0.9972}
train: {'epoch': 270, 'eta': 6.7204, 'loss': 0.3283, 'lr': 0.0024, 'params': 632328, 'time_iter': 0.0483, 'accuracy': 0.9982}
train: {'epoch': 271, 'eta': 6.6671, 'loss': 0.328, 'lr': 0.0024, 'params': 632328, 'time_iter': 0.0496, 'accuracy': 0.9986}
train: {'epoch': 272, 'eta': 6.617, 'loss': 0.3278, 'lr': 0.0023, 'params': 632328, 'time_iter': 0.0563, 'accuracy': 0.9977}
train: {'epoch': 273, 'eta': 6.5635, 'loss': 0.3274, 'lr': 0.0023, 'params': 632328, 'time_iter': 0.0491, 'accuracy': 0.9986}
train: {'epoch': 274, 'eta': 6.5095, 'loss': 0.3273, 'lr': 0.0023, 'params': 632328, 'time_iter': 0.0477, 'accuracy': 0.9986}
train: {'epoch': 275, 'eta': 6.4562, 'loss': 0.327, 'lr': 0.0022, 'params': 632328, 'time_iter': 0.0493, 'accuracy': 0.9982}
train: {'epoch': 276, 'eta': 6.4027, 'loss': 0.3268, 'lr': 0.0022, 'params': 632328, 'time_iter': 0.0489, 'accuracy': 0.9982}
train: {'epoch': 277, 'eta': 6.3493, 'loss': 0.3266, 'lr': 0.0022, 'params': 632328, 'time_iter': 0.0491, 'accuracy': 0.9982}
train: {'epoch': 278, 'eta': 6.2954, 'loss': 0.3264, 'lr': 0.0021, 'params': 632328, 'time_iter': 0.0477, 'accuracy': 0.9982}
train: {'epoch': 279, 'eta': 6.2422, 'loss': 0.3263, 'lr': 0.0021, 'params': 632328, 'time_iter': 0.0493, 'accuracy': 0.9982}
val: {'epoch': 279, 'loss': 0.6853, 'lr': 0, 'params': 632328, 'time_iter': 0.0218, 'accuracy': 0.8561}
train: {'epoch': 280, 'eta': 6.1888, 'loss': 0.3261, 'lr': 0.0021, 'params': 632328, 'time_iter': 0.0487, 'accuracy': 0.9982}
train: {'epoch': 281, 'eta': 6.1376, 'loss': 0.326, 'lr': 0.002, 'params': 632328, 'time_iter': 0.0539, 'accuracy': 0.9982}
train: {'epoch': 282, 'eta': 6.0834, 'loss': 0.3258, 'lr': 0.002, 'params': 632328, 'time_iter': 0.0468, 'accuracy': 0.9982}
train: {'epoch': 283, 'eta': 6.0299, 'loss': 0.3257, 'lr': 0.002, 'params': 632328, 'time_iter': 0.0484, 'accuracy': 0.9986}
train: {'epoch': 284, 'eta': 5.9772, 'loss': 0.3256, 'lr': 0.0019, 'params': 632328, 'time_iter': 0.05, 'accuracy': 0.9986}
train: {'epoch': 285, 'eta': 5.9242, 'loss': 0.3255, 'lr': 0.0019, 'params': 632328, 'time_iter': 0.0494, 'accuracy': 0.9982}
train: {'epoch': 286, 'eta': 5.8699, 'loss': 0.3254, 'lr': 0.0019, 'params': 632328, 'time_iter': 0.0462, 'accuracy': 0.9982}
train: {'epoch': 287, 'eta': 5.8175, 'loss': 0.3253, 'lr': 0.0018, 'params': 632328, 'time_iter': 0.0505, 'accuracy': 0.9982}
train: {'epoch': 288, 'eta': 5.764, 'loss': 0.3252, 'lr': 0.0018, 'params': 632328, 'time_iter': 0.048, 'accuracy': 0.9982}
train: {'epoch': 289, 'eta': 5.7113, 'loss': 0.3251, 'lr': 0.0018, 'params': 632328, 'time_iter': 0.0498, 'accuracy': 0.9977}
train: {'epoch': 290, 'eta': 5.6576, 'loss': 0.325, 'lr': 0.0018, 'params': 632328, 'time_iter': 0.0474, 'accuracy': 0.9982}
train: {'epoch': 291, 'eta': 5.6047, 'loss': 0.3249, 'lr': 0.0017, 'params': 632328, 'time_iter': 0.0491, 'accuracy': 0.9986}
train: {'epoch': 292, 'eta': 5.5545, 'loss': 0.3248, 'lr': 0.0017, 'params': 632328, 'time_iter': 0.0565, 'accuracy': 0.9986}
train: {'epoch': 293, 'eta': 5.5034, 'loss': 0.3248, 'lr': 0.0017, 'params': 632328, 'time_iter': 0.0542, 'accuracy': 0.9986}
train: {'epoch': 294, 'eta': 5.4499, 'loss': 0.3247, 'lr': 0.0016, 'params': 632328, 'time_iter': 0.0475, 'accuracy': 0.9982}
train: {'epoch': 295, 'eta': 5.3986, 'loss': 0.3246, 'lr': 0.0016, 'params': 632328, 'time_iter': 0.0535, 'accuracy': 0.9982}
train: {'epoch': 296, 'eta': 5.3457, 'loss': 0.3246, 'lr': 0.0016, 'params': 632328, 'time_iter': 0.0493, 'accuracy': 0.9982}
train: {'epoch': 297, 'eta': 5.2968, 'loss': 0.3245, 'lr': 0.0015, 'params': 632328, 'time_iter': 0.0604, 'accuracy': 0.9982}
train: {'epoch': 298, 'eta': 5.2428, 'loss': 0.3244, 'lr': 0.0015, 'params': 632328, 'time_iter': 0.046, 'accuracy': 0.9986}
train: {'epoch': 299, 'eta': 5.1902, 'loss': 0.3244, 'lr': 0.0015, 'params': 632328, 'time_iter': 0.0499, 'accuracy': 0.9986}
val: {'epoch': 299, 'loss': 0.6822, 'lr': 0, 'params': 632328, 'time_iter': 0.0289, 'accuracy': 0.8616}
train: {'epoch': 300, 'eta': 5.1386, 'loss': 0.3243, 'lr': 0.0015, 'params': 632328, 'time_iter': 0.0526, 'accuracy': 0.9986}
train: {'epoch': 301, 'eta': 5.0855, 'loss': 0.3243, 'lr': 0.0014, 'params': 632328, 'time_iter': 0.0482, 'accuracy': 0.9986}
train: {'epoch': 302, 'eta': 5.0322, 'loss': 0.3242, 'lr': 0.0014, 'params': 632328, 'time_iter': 0.0474, 'accuracy': 0.9986}
train: {'epoch': 303, 'eta': 4.9795, 'loss': 0.3242, 'lr': 0.0014, 'params': 632328, 'time_iter': 0.0494, 'accuracy': 0.9986}
train: {'epoch': 304, 'eta': 4.9259, 'loss': 0.3241, 'lr': 0.0014, 'params': 632328, 'time_iter': 0.0465, 'accuracy': 0.9982}
train: {'epoch': 305, 'eta': 4.8723, 'loss': 0.3241, 'lr': 0.0013, 'params': 632328, 'time_iter': 0.0459, 'accuracy': 0.9982}
train: {'epoch': 306, 'eta': 4.819, 'loss': 0.324, 'lr': 0.0013, 'params': 632328, 'time_iter': 0.0472, 'accuracy': 0.9982}
train: {'epoch': 307, 'eta': 4.766, 'loss': 0.324, 'lr': 0.0013, 'params': 632328, 'time_iter': 0.0477, 'accuracy': 0.9986}
train: {'epoch': 308, 'eta': 4.7136, 'loss': 0.324, 'lr': 0.0012, 'params': 632328, 'time_iter': 0.05, 'accuracy': 0.9986}
train: {'epoch': 309, 'eta': 4.6649, 'loss': 0.3239, 'lr': 0.0012, 'params': 632328, 'time_iter': 0.0625, 'accuracy': 0.9986}
train: {'epoch': 310, 'eta': 4.6135, 'loss': 0.3239, 'lr': 0.0012, 'params': 632328, 'time_iter': 0.0533, 'accuracy': 0.9982}
train: {'epoch': 311, 'eta': 4.5634, 'loss': 0.3238, 'lr': 0.0012, 'params': 632328, 'time_iter': 0.0579, 'accuracy': 0.9982}
train: {'epoch': 312, 'eta': 4.5136, 'loss': 0.3238, 'lr': 0.0011, 'params': 632328, 'time_iter': 0.0593, 'accuracy': 0.9982}
train: {'epoch': 313, 'eta': 4.4641, 'loss': 0.3238, 'lr': 0.0011, 'params': 632328, 'time_iter': 0.0606, 'accuracy': 0.9986}
train: {'epoch': 314, 'eta': 4.4135, 'loss': 0.3237, 'lr': 0.0011, 'params': 632328, 'time_iter': 0.0567, 'accuracy': 0.9986}
train: {'epoch': 315, 'eta': 4.3627, 'loss': 0.3237, 'lr': 0.0011, 'params': 632328, 'time_iter': 0.0562, 'accuracy': 0.9986}
train: {'epoch': 316, 'eta': 4.3107, 'loss': 0.3237, 'lr': 0.001, 'params': 632328, 'time_iter': 0.0515, 'accuracy': 0.9986}
train: {'epoch': 317, 'eta': 4.2601, 'loss': 0.3236, 'lr': 0.001, 'params': 632328, 'time_iter': 0.057, 'accuracy': 0.9986}
train: {'epoch': 318, 'eta': 4.208, 'loss': 0.3236, 'lr': 0.001, 'params': 632328, 'time_iter': 0.0514, 'accuracy': 0.9986}
train: {'epoch': 319, 'eta': 4.157, 'loss': 0.3236, 'lr': 0.001, 'params': 632328, 'time_iter': 0.056, 'accuracy': 0.9986}
val: {'epoch': 319, 'loss': 0.6835, 'lr': 0, 'params': 632328, 'time_iter': 0.0207, 'accuracy': 0.8598}
train: {'epoch': 320, 'eta': 4.1049, 'loss': 0.3235, 'lr': 0.001, 'params': 632328, 'time_iter': 0.0513, 'accuracy': 0.9986}
train: {'epoch': 321, 'eta': 4.0559, 'loss': 0.3235, 'lr': 0.0009, 'params': 632328, 'time_iter': 0.064, 'accuracy': 0.9986}
train: {'epoch': 322, 'eta': 4.0051, 'loss': 0.3235, 'lr': 0.0009, 'params': 632328, 'time_iter': 0.0573, 'accuracy': 0.9986}
train: {'epoch': 323, 'eta': 3.9555, 'loss': 0.3234, 'lr': 0.0009, 'params': 632328, 'time_iter': 0.0622, 'accuracy': 0.9986}
train: {'epoch': 324, 'eta': 3.9033, 'loss': 0.3234, 'lr': 0.0009, 'params': 632328, 'time_iter': 0.0513, 'accuracy': 0.9986}
train: {'epoch': 325, 'eta': 3.8516, 'loss': 0.3234, 'lr': 0.0008, 'params': 632328, 'time_iter': 0.0537, 'accuracy': 0.9986}
train: {'epoch': 326, 'eta': 3.8022, 'loss': 0.3234, 'lr': 0.0008, 'params': 632328, 'time_iter': 0.0641, 'accuracy': 0.9986}
train: {'epoch': 327, 'eta': 3.7496, 'loss': 0.3233, 'lr': 0.0008, 'params': 632328, 'time_iter': 0.0495, 'accuracy': 0.9986}
train: {'epoch': 328, 'eta': 3.6968, 'loss': 0.3233, 'lr': 0.0008, 'params': 632328, 'time_iter': 0.0488, 'accuracy': 0.9986}
train: {'epoch': 329, 'eta': 3.6439, 'loss': 0.3233, 'lr': 0.0008, 'params': 632328, 'time_iter': 0.0479, 'accuracy': 0.9986}
train: {'epoch': 330, 'eta': 3.5917, 'loss': 0.3233, 'lr': 0.0007, 'params': 632328, 'time_iter': 0.0517, 'accuracy': 0.9986}
train: {'epoch': 331, 'eta': 3.5392, 'loss': 0.3232, 'lr': 0.0007, 'params': 632328, 'time_iter': 0.0497, 'accuracy': 0.9986}
train: {'epoch': 332, 'eta': 3.487, 'loss': 0.3232, 'lr': 0.0007, 'params': 632328, 'time_iter': 0.0514, 'accuracy': 0.9986}
train: {'epoch': 333, 'eta': 3.435, 'loss': 0.3232, 'lr': 0.0007, 'params': 632328, 'time_iter': 0.0523, 'accuracy': 0.9986}
train: {'epoch': 334, 'eta': 3.3824, 'loss': 0.3232, 'lr': 0.0007, 'params': 632328, 'time_iter': 0.0492, 'accuracy': 0.9986}
train: {'epoch': 335, 'eta': 3.3298, 'loss': 0.3232, 'lr': 0.0006, 'params': 632328, 'time_iter': 0.0488, 'accuracy': 0.9986}
train: {'epoch': 336, 'eta': 3.2778, 'loss': 0.3232, 'lr': 0.0006, 'params': 632328, 'time_iter': 0.0524, 'accuracy': 0.9986}
train: {'epoch': 337, 'eta': 3.225, 'loss': 0.3231, 'lr': 0.0006, 'params': 632328, 'time_iter': 0.0476, 'accuracy': 0.9986}
train: {'epoch': 338, 'eta': 3.1724, 'loss': 0.3231, 'lr': 0.0006, 'params': 632328, 'time_iter': 0.0487, 'accuracy': 0.9986}
train: {'epoch': 339, 'eta': 3.1196, 'loss': 0.3231, 'lr': 0.0006, 'params': 632328, 'time_iter': 0.0478, 'accuracy': 0.9986}
val: {'epoch': 339, 'loss': 0.6854, 'lr': 0, 'params': 632328, 'time_iter': 0.0182, 'accuracy': 0.8598}
train: {'epoch': 340, 'eta': 3.0676, 'loss': 0.3231, 'lr': 0.0005, 'params': 632328, 'time_iter': 0.052, 'accuracy': 0.9986}
train: {'epoch': 341, 'eta': 3.0151, 'loss': 0.3231, 'lr': 0.0005, 'params': 632328, 'time_iter': 0.0489, 'accuracy': 0.9986}
train: {'epoch': 342, 'eta': 2.9626, 'loss': 0.3231, 'lr': 0.0005, 'params': 632328, 'time_iter': 0.0489, 'accuracy': 0.9986}
train: {'epoch': 343, 'eta': 2.9101, 'loss': 0.323, 'lr': 0.0005, 'params': 632328, 'time_iter': 0.049, 'accuracy': 0.9986}
train: {'epoch': 344, 'eta': 2.8578, 'loss': 0.323, 'lr': 0.0005, 'params': 632328, 'time_iter': 0.0495, 'accuracy': 0.9986}
train: {'epoch': 345, 'eta': 2.8085, 'loss': 0.323, 'lr': 0.0005, 'params': 632328, 'time_iter': 0.069, 'accuracy': 0.9986}
train: {'epoch': 346, 'eta': 2.7597, 'loss': 0.323, 'lr': 0.0004, 'params': 632328, 'time_iter': 0.0727, 'accuracy': 0.9986}
train: {'epoch': 347, 'eta': 2.7082, 'loss': 0.323, 'lr': 0.0004, 'params': 632328, 'time_iter': 0.0561, 'accuracy': 0.9986}
train: {'epoch': 348, 'eta': 2.6567, 'loss': 0.323, 'lr': 0.0004, 'params': 632328, 'time_iter': 0.0562, 'accuracy': 0.9986}
train: {'epoch': 349, 'eta': 2.6072, 'loss': 0.323, 'lr': 0.0004, 'params': 632328, 'time_iter': 0.07, 'accuracy': 0.9986}
train: {'epoch': 350, 'eta': 2.5556, 'loss': 0.323, 'lr': 0.0004, 'params': 632328, 'time_iter': 0.056, 'accuracy': 0.9986}
train: {'epoch': 351, 'eta': 2.5032, 'loss': 0.3229, 'lr': 0.0004, 'params': 632328, 'time_iter': 0.0508, 'accuracy': 0.9986}
train: {'epoch': 352, 'eta': 2.4506, 'loss': 0.3229, 'lr': 0.0004, 'params': 632328, 'time_iter': 0.0489, 'accuracy': 0.9986}
train: {'epoch': 353, 'eta': 2.3982, 'loss': 0.3229, 'lr': 0.0003, 'params': 632328, 'time_iter': 0.05, 'accuracy': 0.9986}
train: {'epoch': 354, 'eta': 2.3456, 'loss': 0.3229, 'lr': 0.0003, 'params': 632328, 'time_iter': 0.048, 'accuracy': 0.9986}
train: {'epoch': 355, 'eta': 2.2932, 'loss': 0.3229, 'lr': 0.0003, 'params': 632328, 'time_iter': 0.0502, 'accuracy': 0.9986}
train: {'epoch': 356, 'eta': 2.2406, 'loss': 0.3229, 'lr': 0.0003, 'params': 632328, 'time_iter': 0.0482, 'accuracy': 0.9986}
train: {'epoch': 357, 'eta': 2.1883, 'loss': 0.3229, 'lr': 0.0003, 'params': 632328, 'time_iter': 0.0505, 'accuracy': 0.9986}
train: {'epoch': 358, 'eta': 2.1468, 'loss': 0.3229, 'lr': 0.0003, 'params': 632328, 'time_iter': 0.1451, 'accuracy': 0.9986}
train: {'epoch': 359, 'eta': 2.096, 'loss': 0.3229, 'lr': 0.0003, 'params': 632328, 'time_iter': 0.0659, 'accuracy': 0.9986}
val: {'epoch': 359, 'loss': 0.6868, 'lr': 0, 'params': 632328, 'time_iter': 0.0396, 'accuracy': 0.8598}
train: {'epoch': 360, 'eta': 2.0677, 'loss': 0.3229, 'lr': 0.0002, 'params': 632328, 'time_iter': 0.2754, 'accuracy': 0.9986}
train: {'epoch': 361, 'eta': 2.0182, 'loss': 0.3229, 'lr': 0.0002, 'params': 632328, 'time_iter': 0.0868, 'accuracy': 0.9986}
train: {'epoch': 362, 'eta': 1.9649, 'loss': 0.3229, 'lr': 0.0002, 'params': 632328, 'time_iter': 0.0508, 'accuracy': 0.9986}
train: {'epoch': 363, 'eta': 1.9124, 'loss': 0.3228, 'lr': 0.0002, 'params': 632328, 'time_iter': 0.0598, 'accuracy': 0.9986}
train: {'epoch': 364, 'eta': 1.859, 'loss': 0.3228, 'lr': 0.0002, 'params': 632328, 'time_iter': 0.0496, 'accuracy': 0.9986}
train: {'epoch': 365, 'eta': 1.8062, 'loss': 0.3228, 'lr': 0.0002, 'params': 632328, 'time_iter': 0.0574, 'accuracy': 0.9986}
train: {'epoch': 366, 'eta': 1.7599, 'loss': 0.3228, 'lr': 0.0002, 'params': 632328, 'time_iter': 0.1287, 'accuracy': 0.9986}
train: {'epoch': 367, 'eta': 1.7149, 'loss': 0.3228, 'lr': 0.0002, 'params': 632328, 'time_iter': 0.1492, 'accuracy': 0.9986}
train: {'epoch': 368, 'eta': 1.661, 'loss': 0.3228, 'lr': 0.0002, 'params': 632328, 'time_iter': 0.0498, 'accuracy': 0.9986}
train: {'epoch': 369, 'eta': 1.6086, 'loss': 0.3228, 'lr': 0.0001, 'params': 632328, 'time_iter': 0.0684, 'accuracy': 0.9986}
train: {'epoch': 370, 'eta': 1.5615, 'loss': 0.3228, 'lr': 0.0001, 'params': 632328, 'time_iter': 0.1372, 'accuracy': 0.9986}
train: {'epoch': 371, 'eta': 1.5087, 'loss': 0.3228, 'lr': 0.0001, 'params': 632328, 'time_iter': 0.067, 'accuracy': 0.9986}
train: {'epoch': 372, 'eta': 1.4545, 'loss': 0.3228, 'lr': 0.0001, 'params': 632328, 'time_iter': 0.0493, 'accuracy': 0.9986}
train: {'epoch': 373, 'eta': 1.4014, 'loss': 0.3228, 'lr': 0.0001, 'params': 632328, 'time_iter': 0.0658, 'accuracy': 0.9986}
train: {'epoch': 374, 'eta': 1.3472, 'loss': 0.3228, 'lr': 0.0001, 'params': 632328, 'time_iter': 0.0495, 'accuracy': 0.9986}
train: {'epoch': 375, 'eta': 1.293, 'loss': 0.3228, 'lr': 0.0001, 'params': 632328, 'time_iter': 0.0483, 'accuracy': 0.9986}
train: {'epoch': 376, 'eta': 1.2493, 'loss': 0.3228, 'lr': 0.0001, 'params': 632328, 'time_iter': 0.2216, 'accuracy': 0.9986}
train: {'epoch': 377, 'eta': 1.1952, 'loss': 0.3228, 'lr': 0.0001, 'params': 632328, 'time_iter': 0.0568, 'accuracy': 0.9986}
train: {'epoch': 378, 'eta': 1.1406, 'loss': 0.3228, 'lr': 0.0001, 'params': 632328, 'time_iter': 0.0491, 'accuracy': 0.9986}
train: {'epoch': 379, 'eta': 1.0858, 'loss': 0.3228, 'lr': 0.0001, 'params': 632328, 'time_iter': 0.0464, 'accuracy': 0.9986}
val: {'epoch': 379, 'loss': 0.6877, 'lr': 0, 'params': 632328, 'time_iter': 0.0196, 'accuracy': 0.8598}
train: {'epoch': 380, 'eta': 1.0313, 'loss': 0.3228, 'lr': 0.0001, 'params': 632328, 'time_iter': 0.0502, 'accuracy': 0.9986}
train: {'epoch': 381, 'eta': 0.9768, 'loss': 0.3228, 'lr': 0.0001, 'params': 632328, 'time_iter': 0.0485, 'accuracy': 0.9991}
train: {'epoch': 382, 'eta': 0.9227, 'loss': 0.3228, 'lr': 0.0, 'params': 632328, 'time_iter': 0.0581, 'accuracy': 0.9991}
train: {'epoch': 383, 'eta': 0.8682, 'loss': 0.3228, 'lr': 0.0, 'params': 632328, 'time_iter': 0.0494, 'accuracy': 0.9991}
train: {'epoch': 384, 'eta': 0.8138, 'loss': 0.3228, 'lr': 0.0, 'params': 632328, 'time_iter': 0.0499, 'accuracy': 0.9991}
train: {'epoch': 385, 'eta': 0.7593, 'loss': 0.3228, 'lr': 0.0, 'params': 632328, 'time_iter': 0.0478, 'accuracy': 0.9991}
train: {'epoch': 386, 'eta': 0.7048, 'loss': 0.3228, 'lr': 0.0, 'params': 632328, 'time_iter': 0.0481, 'accuracy': 0.9991}
train: {'epoch': 387, 'eta': 0.6506, 'loss': 0.3228, 'lr': 0.0, 'params': 632328, 'time_iter': 0.0545, 'accuracy': 0.9991}
train: {'epoch': 388, 'eta': 0.5966, 'loss': 0.3228, 'lr': 0.0, 'params': 632328, 'time_iter': 0.0598, 'accuracy': 0.9991}
train: {'epoch': 389, 'eta': 0.5424, 'loss': 0.3228, 'lr': 0.0, 'params': 632328, 'time_iter': 0.0567, 'accuracy': 0.9991}
train: {'epoch': 390, 'eta': 0.488, 'loss': 0.3228, 'lr': 0.0, 'params': 632328, 'time_iter': 0.0493, 'accuracy': 0.9991}
train: {'epoch': 391, 'eta': 0.4337, 'loss': 0.3228, 'lr': 0.0, 'params': 632328, 'time_iter': 0.0489, 'accuracy': 0.9991}
train: {'epoch': 392, 'eta': 0.3794, 'loss': 0.3228, 'lr': 0.0, 'params': 632328, 'time_iter': 0.047, 'accuracy': 0.9991}
train: {'epoch': 393, 'eta': 0.3251, 'loss': 0.3228, 'lr': 0.0, 'params': 632328, 'time_iter': 0.048, 'accuracy': 0.9991}
train: {'epoch': 394, 'eta': 0.2708, 'loss': 0.3228, 'lr': 0.0, 'params': 632328, 'time_iter': 0.0494, 'accuracy': 0.9991}
train: {'epoch': 395, 'eta': 0.2166, 'loss': 0.3228, 'lr': 0.0, 'params': 632328, 'time_iter': 0.0486, 'accuracy': 0.9991}
train: {'epoch': 396, 'eta': 0.1624, 'loss': 0.3228, 'lr': 0.0, 'params': 632328, 'time_iter': 0.049, 'accuracy': 0.9991}
train: {'epoch': 397, 'eta': 0.1083, 'loss': 0.3228, 'lr': 0.0, 'params': 632328, 'time_iter': 0.059, 'accuracy': 0.9991}
train: {'epoch': 398, 'eta': 0.0541, 'loss': 0.3228, 'lr': 0.0, 'params': 632328, 'time_iter': 0.0483, 'accuracy': 0.9991}
train: {'epoch': 399, 'eta': 0.0, 'loss': 0.3228, 'lr': 0.0, 'params': 632328, 'time_iter': 0.0483, 'accuracy': 0.9991}
val: {'epoch': 399, 'loss': 0.6882, 'lr': 0, 'params': 632328, 'time_iter': 0.0232, 'accuracy': 0.8616}
Task done, results saved in results/example_noneq_3
