Load: 0.07411s, Before split: 0.0005302s, Split: 0.000304s, After split: 0.0003829s
GNN(
  (preprocess): Preprocess(
    node_feature: dim_out=1433
    Total: dim_out=1433
  )
  (pre_mp): GeneralMultiLayer(
    (Layer_0): GeneralLayer(
      (layer): Linear(
        (model): Linear(in_features=1433, out_features=256, bias=False)
      )
      (post_layer): Sequential(
        (0): BatchNorm1d(256, eps=1e-05, momentum=0.1, affine=True, track_running_stats=True)
        (1): PReLU(num_parameters=1)
      )
    )
  )
  (mp): GNNStackStage(
    (layer0): GeneralLayer(
      (layer): GeneralConv(
        (model): GeneralConvLayer(256, 256)
      )
      (post_layer): Sequential(
        (0): BatchNorm1d(256, eps=1e-05, momentum=0.1, affine=True, track_running_stats=True)
        (1): PReLU(num_parameters=1)
      )
    )
    (layer1): GeneralLayer(
      (layer): GeneralConv(
        (model): GeneralConvLayer(256, 256)
      )
      (post_layer): Sequential(
        (0): BatchNorm1d(256, eps=1e-05, momentum=0.1, affine=True, track_running_stats=True)
        (1): PReLU(num_parameters=1)
      )
    )
  )
  (post_mp): GNNNodeHead(
    (layer_post_mp): MLP(
      (model): Sequential(
        (0): Linear(
          (model): Linear(in_features=256, out_features=7, bias=True)
        )
      )
    )
  )
)
bn:
  eps: 1e-05
  mom: 0.1
cfg_dest: config.yaml
custom_metrics: []
dataset:
  augment_feature: []
  augment_feature_dims: []
  augment_feature_repr: position
  augment_label: 
  augment_label_dims: 0
  cache_load: False
  cache_save: False
  dir: ./datasets
  edge_dim: 128
  edge_encoder: False
  edge_encoder_bn: True
  edge_encoder_name: Bond
  edge_message_ratio: 0.8
  edge_negative_sampling_ratio: 1.0
  edge_train_mode: all
  encoder: True
  encoder_bn: True
  encoder_dim: 128
  encoder_name: db
  format: PyG
  label_column: none
  label_table: none
  location: local
  name: Cora
  node_encoder: False
  node_encoder_bn: True
  node_encoder_name: Atom
  remove_feature: False
  resample_disjoint: False
  resample_negative: False
  shuffle_split: True
  split: [0.8, 0.2]
  split_mode: random
  task: node
  task_type: classification
  to_undirected: False
  transductive: True
  transform: none
  tu_simple: True
device: cpu
example_arg: example
example_group:
  example_arg: example
gnn:
  act: prelu
  agg: add
  att_final_linear: False
  att_final_linear_bn: False
  att_heads: 1
  batchnorm: True
  clear_feature: True
  dim_inner: 256
  dropout: 0.0
  flow: source_to_target
  head: node
  keep_edge: 0.5
  l2norm: True
  layer_type: generalconv
  layers_mp: 2
  layers_post_mp: 1
  layers_pre_mp: 1
  msg_direction: single
  normalize_adj: False
  self_msg: concat
  skip_every: 1
  stage_type: stack
gpu_mem: False
mem:
  inplace: False
metric_agg: argmax
metric_best: auto
model:
  edge_decoding: dot
  graph_pooling: add
  loss_fun: cross_entropy
  match_upper: True
  size_average: mean
  thresh: 0.5
  type: gnn
num_threads: 6
num_workers: 0
optim:
  base_lr: 0.01
  lr_decay: 0.1
  max_epoch: 400
  momentum: 0.9
  optimizer: adam
  scheduler: cos
  steps: [30, 60, 90]
  weight_decay: 0.0005
out_dir: results/example_noneq_7
params: 632328
print: both
round: 4
run_dir: results/example_noneq_7/1
seed: 2
share:
  dim_in: 1433
  dim_out: 7
  num_splits: 2
tensorboard_agg: True
tensorboard_each_run: False
train:
  auto_resume: False
  batch_size: 32
  ckpt_clean: True
  ckpt_period: 100
  enable_ckpt: True
  energy_alpha: 1.0
  energy_beta: 0.0
  energy_reg: True
  epoch_resume: -1
  eval_period: 20
  iter_per_epoch: 32
  mode: standard
  neighbor_sizes: [20, 15, 10, 5]
  node_per_graph: 32
  radius: extend
  sample_node: False
  sampler: full_batch
  skip_train_eval: False
  walk_length: 4
val:
  node_per_graph: 32
  radius: extend
  sample_node: False
  sampler: full_batch
view_emb: False
Num parameters: 632328
Start from epoch 0
train: {'epoch': 0, 'eta': 45.5382, 'loss': 2.9366, 'lr': 0.01, 'params': 632328, 'time_iter': 0.1141, 'accuracy': 0.1519}
val: {'epoch': 0, 'loss': 2.7806, 'lr': 0, 'params': 632328, 'time_iter': 0.0437, 'accuracy': 0.4077}
train: {'epoch': 1, 'eta': 77.8333, 'loss': 2.5171, 'lr': 0.01, 'params': 632328, 'time_iter': 0.277, 'accuracy': 0.6496}
train: {'epoch': 2, 'eta': 69.7652, 'loss': 2.2682, 'lr': 0.01, 'params': 632328, 'time_iter': 0.1361, 'accuracy': 0.7175}
train: {'epoch': 3, 'eta': 64.8586, 'loss': 2.0851, 'lr': 0.01, 'params': 632328, 'time_iter': 0.1279, 'accuracy': 0.7904}
train: {'epoch': 4, 'eta': 60.609, 'loss': 1.9333, 'lr': 0.01, 'params': 632328, 'time_iter': 0.1121, 'accuracy': 0.8259}
train: {'epoch': 5, 'eta': 57.3148, 'loss': 1.8419, 'lr': 0.01, 'params': 632328, 'time_iter': 0.1056, 'accuracy': 0.8749}
train: {'epoch': 6, 'eta': 55.0364, 'loss': 1.7516, 'lr': 0.01, 'params': 632328, 'time_iter': 0.1075, 'accuracy': 0.8629}
train: {'epoch': 7, 'eta': 52.8246, 'loss': 1.6651, 'lr': 0.01, 'params': 632328, 'time_iter': 0.0978, 'accuracy': 0.8878}
train: {'epoch': 8, 'eta': 51.929, 'loss': 1.6134, 'lr': 0.01, 'params': 632328, 'time_iter': 0.1172, 'accuracy': 0.8989}
train: {'epoch': 9, 'eta': 51.1797, 'loss': 1.5424, 'lr': 0.01, 'params': 632328, 'time_iter': 0.117, 'accuracy': 0.9114}
train: {'epoch': 10, 'eta': 49.7307, 'loss': 1.4962, 'lr': 0.01, 'params': 632328, 'time_iter': 0.094, 'accuracy': 0.9155}
train: {'epoch': 11, 'eta': 48.8084, 'loss': 1.4534, 'lr': 0.01, 'params': 632328, 'time_iter': 0.1033, 'accuracy': 0.9197}
train: {'epoch': 12, 'eta': 48.0679, 'loss': 1.4104, 'lr': 0.01, 'params': 632328, 'time_iter': 0.1051, 'accuracy': 0.9294}
train: {'epoch': 13, 'eta': 47.416, 'loss': 1.3783, 'lr': 0.01, 'params': 632328, 'time_iter': 0.1051, 'accuracy': 0.9317}
train: {'epoch': 14, 'eta': 46.9963, 'loss': 1.3466, 'lr': 0.01, 'params': 632328, 'time_iter': 0.1113, 'accuracy': 0.9363}
train: {'epoch': 15, 'eta': 46.3444, 'loss': 1.3166, 'lr': 0.01, 'params': 632328, 'time_iter': 0.1, 'accuracy': 0.9446}
train: {'epoch': 16, 'eta': 45.9085, 'loss': 1.2928, 'lr': 0.01, 'params': 632328, 'time_iter': 0.1067, 'accuracy': 0.9492}
train: {'epoch': 17, 'eta': 45.469, 'loss': 1.2687, 'lr': 0.01, 'params': 632328, 'time_iter': 0.1048, 'accuracy': 0.952}
train: {'epoch': 18, 'eta': 45.0953, 'loss': 1.248, 'lr': 0.01, 'params': 632328, 'time_iter': 0.1063, 'accuracy': 0.9529}
train: {'epoch': 19, 'eta': 44.5531, 'loss': 1.2284, 'lr': 0.0099, 'params': 632328, 'time_iter': 0.0961, 'accuracy': 0.9589}
val: {'epoch': 19, 'loss': 1.4507, 'lr': 0, 'params': 632328, 'time_iter': 0.0419, 'accuracy': 0.8653}
train: {'epoch': 20, 'eta': 44.3598, 'loss': 1.2118, 'lr': 0.0099, 'params': 632328, 'time_iter': 0.113, 'accuracy': 0.9635}
train: {'epoch': 21, 'eta': 43.9316, 'loss': 1.1956, 'lr': 0.0099, 'params': 632328, 'time_iter': 0.0989, 'accuracy': 0.9649}
train: {'epoch': 22, 'eta': 43.5964, 'loss': 1.1792, 'lr': 0.0099, 'params': 632328, 'time_iter': 0.1029, 'accuracy': 0.9709}
train: {'epoch': 23, 'eta': 43.3617, 'loss': 1.1644, 'lr': 0.0099, 'params': 632328, 'time_iter': 0.108, 'accuracy': 0.9737}
train: {'epoch': 24, 'eta': 43.028, 'loss': 1.1521, 'lr': 0.0099, 'params': 632328, 'time_iter': 0.1008, 'accuracy': 0.9778}
train: {'epoch': 25, 'eta': 42.7402, 'loss': 1.1468, 'lr': 0.0099, 'params': 632328, 'time_iter': 0.1027, 'accuracy': 0.9783}
train: {'epoch': 26, 'eta': 42.4161, 'loss': 1.1719, 'lr': 0.0099, 'params': 632328, 'time_iter': 0.0991, 'accuracy': 0.9654}
train: {'epoch': 27, 'eta': 42.1763, 'loss': 1.1471, 'lr': 0.0099, 'params': 632328, 'time_iter': 0.1042, 'accuracy': 0.9765}
train: {'epoch': 28, 'eta': 41.858, 'loss': 1.1486, 'lr': 0.0099, 'params': 632328, 'time_iter': 0.0974, 'accuracy': 0.9718}
train: {'epoch': 29, 'eta': 41.6704, 'loss': 1.1329, 'lr': 0.0099, 'params': 632328, 'time_iter': 0.1068, 'accuracy': 0.9746}
train: {'epoch': 30, 'eta': 41.4662, 'loss': 1.1309, 'lr': 0.0099, 'params': 632328, 'time_iter': 0.1049, 'accuracy': 0.9778}
train: {'epoch': 31, 'eta': 41.2698, 'loss': 1.1263, 'lr': 0.0099, 'params': 632328, 'time_iter': 0.1051, 'accuracy': 0.9774}
train: {'epoch': 32, 'eta': 40.9898, 'loss': 1.1297, 'lr': 0.0098, 'params': 632328, 'time_iter': 0.0971, 'accuracy': 0.9797}
train: {'epoch': 33, 'eta': 40.8459, 'loss': 1.1171, 'lr': 0.0098, 'params': 632328, 'time_iter': 0.1087, 'accuracy': 0.9783}
train: {'epoch': 34, 'eta': 40.5825, 'loss': 1.1148, 'lr': 0.0098, 'params': 632328, 'time_iter': 0.0971, 'accuracy': 0.9815}
train: {'epoch': 35, 'eta': 40.44, 'loss': 1.1052, 'lr': 0.0098, 'params': 632328, 'time_iter': 0.1081, 'accuracy': 0.9838}
train: {'epoch': 36, 'eta': 40.1754, 'loss': 1.096, 'lr': 0.0098, 'params': 632328, 'time_iter': 0.0955, 'accuracy': 0.9857}
train: {'epoch': 37, 'eta': 40.2298, 'loss': 1.0867, 'lr': 0.0098, 'params': 632328, 'time_iter': 0.128, 'accuracy': 0.9889}
train: {'epoch': 38, 'eta': 41.0134, 'loss': 1.0837, 'lr': 0.0098, 'params': 632328, 'time_iter': 0.2078, 'accuracy': 0.9861}
train: {'epoch': 39, 'eta': 41.5036, 'loss': 1.075, 'lr': 0.0098, 'params': 632328, 'time_iter': 0.1807, 'accuracy': 0.9908}
val: {'epoch': 39, 'loss': 1.5129, 'lr': 0, 'params': 632328, 'time_iter': 0.072, 'accuracy': 0.8579}
train: {'epoch': 40, 'eta': 42.0734, 'loss': 1.07, 'lr': 0.0098, 'params': 632328, 'time_iter': 0.1935, 'accuracy': 0.9903}
train: {'epoch': 41, 'eta': 42.5386, 'loss': 1.0657, 'lr': 0.0097, 'params': 632328, 'time_iter': 0.1855, 'accuracy': 0.9898}
train: {'epoch': 42, 'eta': 42.4635, 'loss': 1.0607, 'lr': 0.0097, 'params': 632328, 'time_iter': 0.1241, 'accuracy': 0.9931}
train: {'epoch': 43, 'eta': 42.1323, 'loss': 1.0594, 'lr': 0.0097, 'params': 632328, 'time_iter': 0.0927, 'accuracy': 0.9922}
train: {'epoch': 44, 'eta': 41.855, 'loss': 1.0531, 'lr': 0.0097, 'params': 632328, 'time_iter': 0.0982, 'accuracy': 0.9945}
train: {'epoch': 45, 'eta': 41.6087, 'loss': 1.0499, 'lr': 0.0097, 'params': 632328, 'time_iter': 0.1012, 'accuracy': 0.9945}
train: {'epoch': 46, 'eta': 41.4775, 'loss': 1.0468, 'lr': 0.0097, 'params': 632328, 'time_iter': 0.1157, 'accuracy': 0.9963}
train: {'epoch': 47, 'eta': 41.2229, 'loss': 1.0435, 'lr': 0.0097, 'params': 632328, 'time_iter': 0.0988, 'accuracy': 0.9963}
train: {'epoch': 48, 'eta': 41.0447, 'loss': 1.0432, 'lr': 0.0096, 'params': 632328, 'time_iter': 0.1086, 'accuracy': 0.9977}
train: {'epoch': 49, 'eta': 40.8205, 'loss': 1.0397, 'lr': 0.0096, 'params': 632328, 'time_iter': 0.1016, 'accuracy': 0.9968}
train: {'epoch': 50, 'eta': 40.6528, 'loss': 1.0395, 'lr': 0.0096, 'params': 632328, 'time_iter': 0.1092, 'accuracy': 0.9977}
train: {'epoch': 51, 'eta': 40.4026, 'loss': 1.0412, 'lr': 0.0096, 'params': 632328, 'time_iter': 0.0965, 'accuracy': 0.9949}
train: {'epoch': 52, 'eta': 40.2711, 'loss': 1.0465, 'lr': 0.0096, 'params': 632328, 'time_iter': 0.1138, 'accuracy': 0.9972}
train: {'epoch': 53, 'eta': 40.06, 'loss': 1.08, 'lr': 0.0096, 'params': 632328, 'time_iter': 0.1012, 'accuracy': 0.9871}
train: {'epoch': 54, 'eta': 39.9295, 'loss': 1.1668, 'lr': 0.0096, 'params': 632328, 'time_iter': 0.1134, 'accuracy': 0.9658}
train: {'epoch': 55, 'eta': 39.6826, 'loss': 1.316, 'lr': 0.0095, 'params': 632328, 'time_iter': 0.0944, 'accuracy': 0.8873}
train: {'epoch': 56, 'eta': 39.5397, 'loss': 1.1755, 'lr': 0.0095, 'params': 632328, 'time_iter': 0.1108, 'accuracy': 0.9612}
train: {'epoch': 57, 'eta': 39.3085, 'loss': 1.1604, 'lr': 0.0095, 'params': 632328, 'time_iter': 0.0956, 'accuracy': 0.964}
train: {'epoch': 58, 'eta': 39.1435, 'loss': 1.1184, 'lr': 0.0095, 'params': 632328, 'time_iter': 0.1063, 'accuracy': 0.9788}
train: {'epoch': 59, 'eta': 38.9178, 'loss': 1.0919, 'lr': 0.0095, 'params': 632328, 'time_iter': 0.0952, 'accuracy': 0.9811}
val: {'epoch': 59, 'loss': 1.4655, 'lr': 0, 'params': 632328, 'time_iter': 0.0455, 'accuracy': 0.869}
train: {'epoch': 60, 'eta': 38.6596, 'loss': 1.0938, 'lr': 0.0095, 'params': 632328, 'time_iter': 0.0886, 'accuracy': 0.9815}
train: {'epoch': 61, 'eta': 38.5207, 'loss': 1.0902, 'lr': 0.0094, 'params': 632328, 'time_iter': 0.1095, 'accuracy': 0.982}
train: {'epoch': 62, 'eta': 38.641, 'loss': 1.0732, 'lr': 0.0094, 'params': 632328, 'time_iter': 0.1578, 'accuracy': 0.9889}
train: {'epoch': 63, 'eta': 38.4561, 'loss': 1.0711, 'lr': 0.0094, 'params': 632328, 'time_iter': 0.1013, 'accuracy': 0.9894}
train: {'epoch': 64, 'eta': 38.3471, 'loss': 1.0585, 'lr': 0.0094, 'params': 632328, 'time_iter': 0.1155, 'accuracy': 0.9926}
train: {'epoch': 65, 'eta': 38.1069, 'loss': 1.0548, 'lr': 0.0094, 'params': 632328, 'time_iter': 0.0896, 'accuracy': 0.9926}
train: {'epoch': 66, 'eta': 37.9973, 'loss': 1.0467, 'lr': 0.0093, 'params': 632328, 'time_iter': 0.115, 'accuracy': 0.9968}
train: {'epoch': 67, 'eta': 37.8264, 'loss': 1.0465, 'lr': 0.0093, 'params': 632328, 'time_iter': 0.1025, 'accuracy': 0.9954}
train: {'epoch': 68, 'eta': 37.6283, 'loss': 1.0414, 'lr': 0.0093, 'params': 632328, 'time_iter': 0.0964, 'accuracy': 0.9968}
train: {'epoch': 69, 'eta': 37.4868, 'loss': 1.0376, 'lr': 0.0093, 'params': 632328, 'time_iter': 0.1078, 'accuracy': 0.9986}
train: {'epoch': 70, 'eta': 37.2735, 'loss': 1.0361, 'lr': 0.0093, 'params': 632328, 'time_iter': 0.0921, 'accuracy': 0.9991}
train: {'epoch': 71, 'eta': 37.1072, 'loss': 1.0344, 'lr': 0.0092, 'params': 632328, 'time_iter': 0.1017, 'accuracy': 0.9986}
train: {'epoch': 72, 'eta': 36.9704, 'loss': 1.0316, 'lr': 0.0092, 'params': 632328, 'time_iter': 0.1078, 'accuracy': 0.9991}
train: {'epoch': 73, 'eta': 36.8057, 'loss': 1.0296, 'lr': 0.0092, 'params': 632328, 'time_iter': 0.1013, 'accuracy': 0.9991}
train: {'epoch': 74, 'eta': 36.6342, 'loss': 1.0284, 'lr': 0.0092, 'params': 632328, 'time_iter': 0.0994, 'accuracy': 0.9991}
train: {'epoch': 75, 'eta': 36.4929, 'loss': 1.0273, 'lr': 0.0092, 'params': 632328, 'time_iter': 0.106, 'accuracy': 0.9991}
train: {'epoch': 76, 'eta': 36.3195, 'loss': 1.026, 'lr': 0.0091, 'params': 632328, 'time_iter': 0.0982, 'accuracy': 0.9995}
train: {'epoch': 77, 'eta': 36.1451, 'loss': 1.0248, 'lr': 0.0091, 'params': 632328, 'time_iter': 0.0974, 'accuracy': 0.9995}
train: {'epoch': 78, 'eta': 36.046, 'loss': 1.0242, 'lr': 0.0091, 'params': 632328, 'time_iter': 0.1155, 'accuracy': 0.9995}
train: {'epoch': 79, 'eta': 35.953, 'loss': 1.0234, 'lr': 0.0091, 'params': 632328, 'time_iter': 0.1171, 'accuracy': 0.9995}
val: {'epoch': 79, 'loss': 1.4859, 'lr': 0, 'params': 632328, 'time_iter': 0.0491, 'accuracy': 0.8745}
train: {'epoch': 80, 'eta': 35.8529, 'loss': 1.0229, 'lr': 0.009, 'params': 632328, 'time_iter': 0.1155, 'accuracy': 0.9995}
train: {'epoch': 81, 'eta': 35.7332, 'loss': 1.0222, 'lr': 0.009, 'params': 632328, 'time_iter': 0.1105, 'accuracy': 0.9995}
train: {'epoch': 82, 'eta': 35.6186, 'loss': 1.0217, 'lr': 0.009, 'params': 632328, 'time_iter': 0.1118, 'accuracy': 1.0}
train: {'epoch': 83, 'eta': 35.5208, 'loss': 1.0213, 'lr': 0.009, 'params': 632328, 'time_iter': 0.1162, 'accuracy': 1.0}
train: {'epoch': 84, 'eta': 35.4084, 'loss': 1.0206, 'lr': 0.009, 'params': 632328, 'time_iter': 0.1124, 'accuracy': 1.0}
train: {'epoch': 85, 'eta': 35.2821, 'loss': 1.0205, 'lr': 0.0089, 'params': 632328, 'time_iter': 0.1086, 'accuracy': 1.0}
train: {'epoch': 86, 'eta': 35.1489, 'loss': 1.0227, 'lr': 0.0089, 'params': 632328, 'time_iter': 0.1066, 'accuracy': 0.9991}
train: {'epoch': 87, 'eta': 35.0101, 'loss': 1.0386, 'lr': 0.0089, 'params': 632328, 'time_iter': 0.1048, 'accuracy': 0.9894}
train: {'epoch': 88, 'eta': 34.8448, 'loss': 1.0769, 'lr': 0.0089, 'params': 632328, 'time_iter': 0.097, 'accuracy': 0.9866}
train: {'epoch': 89, 'eta': 34.6827, 'loss': 1.0812, 'lr': 0.0088, 'params': 632328, 'time_iter': 0.0975, 'accuracy': 0.9806}
train: {'epoch': 90, 'eta': 34.558, 'loss': 1.1512, 'lr': 0.0088, 'params': 632328, 'time_iter': 0.1081, 'accuracy': 0.9608}
train: {'epoch': 91, 'eta': 34.5012, 'loss': 1.1109, 'lr': 0.0088, 'params': 632328, 'time_iter': 0.1283, 'accuracy': 0.9741}
train: {'epoch': 92, 'eta': 34.3657, 'loss': 1.0799, 'lr': 0.0088, 'params': 632328, 'time_iter': 0.1049, 'accuracy': 0.9843}
train: {'epoch': 93, 'eta': 34.2059, 'loss': 1.0653, 'lr': 0.0087, 'params': 632328, 'time_iter': 0.0973, 'accuracy': 0.988}
train: {'epoch': 94, 'eta': 34.0442, 'loss': 1.0628, 'lr': 0.0087, 'params': 632328, 'time_iter': 0.0962, 'accuracy': 0.9917}
train: {'epoch': 95, 'eta': 33.9375, 'loss': 1.0606, 'lr': 0.0087, 'params': 632328, 'time_iter': 0.1132, 'accuracy': 0.9917}
train: {'epoch': 96, 'eta': 33.8367, 'loss': 1.0532, 'lr': 0.0086, 'params': 632328, 'time_iter': 0.1151, 'accuracy': 0.9917}
train: {'epoch': 97, 'eta': 33.7141, 'loss': 1.0489, 'lr': 0.0086, 'params': 632328, 'time_iter': 0.1081, 'accuracy': 0.994}
train: {'epoch': 98, 'eta': 33.6188, 'loss': 1.0417, 'lr': 0.0086, 'params': 632328, 'time_iter': 0.117, 'accuracy': 0.9968}
train: {'epoch': 99, 'eta': 33.5022, 'loss': 1.0362, 'lr': 0.0086, 'params': 632328, 'time_iter': 0.11, 'accuracy': 0.9977}
val: {'epoch': 99, 'loss': 1.5747, 'lr': 0, 'params': 632328, 'time_iter': 0.0467, 'accuracy': 0.8506}
train: {'epoch': 100, 'eta': 33.5956, 'loss': 1.032, 'lr': 0.0085, 'params': 632328, 'time_iter': 0.1809, 'accuracy': 0.9995}
train: {'epoch': 101, 'eta': 33.6925, 'loss': 1.0299, 'lr': 0.0085, 'params': 632328, 'time_iter': 0.184, 'accuracy': 0.9991}
train: {'epoch': 102, 'eta': 33.7096, 'loss': 1.0277, 'lr': 0.0085, 'params': 632328, 'time_iter': 0.1582, 'accuracy': 0.9995}
train: {'epoch': 103, 'eta': 33.7413, 'loss': 1.0255, 'lr': 0.0085, 'params': 632328, 'time_iter': 0.1645, 'accuracy': 1.0}
train: {'epoch': 104, 'eta': 33.7689, 'loss': 1.0242, 'lr': 0.0084, 'params': 632328, 'time_iter': 0.1644, 'accuracy': 1.0}
train: {'epoch': 105, 'eta': 33.7205, 'loss': 1.023, 'lr': 0.0084, 'params': 632328, 'time_iter': 0.1383, 'accuracy': 1.0}
train: {'epoch': 106, 'eta': 33.9137, 'loss': 1.0217, 'lr': 0.0084, 'params': 632328, 'time_iter': 0.2271, 'accuracy': 1.0}
train: {'epoch': 107, 'eta': 33.9173, 'loss': 1.0207, 'lr': 0.0083, 'params': 632328, 'time_iter': 0.1599, 'accuracy': 1.0}
train: {'epoch': 108, 'eta': 33.8697, 'loss': 1.0202, 'lr': 0.0083, 'params': 632328, 'time_iter': 0.1418, 'accuracy': 1.0}
train: {'epoch': 109, 'eta': 33.8327, 'loss': 1.0198, 'lr': 0.0083, 'params': 632328, 'time_iter': 0.1465, 'accuracy': 1.0}
train: {'epoch': 110, 'eta': 33.8238, 'loss': 1.0192, 'lr': 0.0082, 'params': 632328, 'time_iter': 0.158, 'accuracy': 1.0}
train: {'epoch': 111, 'eta': 33.814, 'loss': 1.0187, 'lr': 0.0082, 'params': 632328, 'time_iter': 0.1587, 'accuracy': 1.0}
train: {'epoch': 112, 'eta': 33.8557, 'loss': 1.0183, 'lr': 0.0082, 'params': 632328, 'time_iter': 0.1801, 'accuracy': 1.0}
train: {'epoch': 113, 'eta': 33.8654, 'loss': 1.018, 'lr': 0.0082, 'params': 632328, 'time_iter': 0.1689, 'accuracy': 1.0}
train: {'epoch': 114, 'eta': 33.9021, 'loss': 1.0175, 'lr': 0.0081, 'params': 632328, 'time_iter': 0.181, 'accuracy': 1.0}
train: {'epoch': 115, 'eta': 33.8672, 'loss': 1.0171, 'lr': 0.0081, 'params': 632328, 'time_iter': 0.1533, 'accuracy': 1.0}
train: {'epoch': 116, 'eta': 33.8289, 'loss': 1.0168, 'lr': 0.0081, 'params': 632328, 'time_iter': 0.1527, 'accuracy': 1.0}
train: {'epoch': 117, 'eta': 33.9102, 'loss': 1.0165, 'lr': 0.008, 'params': 632328, 'time_iter': 0.2036, 'accuracy': 1.0}
train: {'epoch': 118, 'eta': 33.964, 'loss': 1.0161, 'lr': 0.008, 'params': 632328, 'time_iter': 0.194, 'accuracy': 1.0}
train: {'epoch': 119, 'eta': 34.0689, 'loss': 1.0158, 'lr': 0.008, 'params': 632328, 'time_iter': 0.2176, 'accuracy': 1.0}
val: {'epoch': 119, 'loss': 1.5156, 'lr': 0, 'params': 632328, 'time_iter': 0.0737, 'accuracy': 0.8708}
train: {'epoch': 120, 'eta': 34.1046, 'loss': 1.0157, 'lr': 0.0079, 'params': 632328, 'time_iter': 0.1899, 'accuracy': 1.0}
train: {'epoch': 121, 'eta': 34.2005, 'loss': 1.0155, 'lr': 0.0079, 'params': 632328, 'time_iter': 0.2179, 'accuracy': 1.0}
train: {'epoch': 122, 'eta': 34.2383, 'loss': 1.0153, 'lr': 0.0079, 'params': 632328, 'time_iter': 0.1944, 'accuracy': 1.0}
train: {'epoch': 123, 'eta': 34.1784, 'loss': 1.0151, 'lr': 0.0078, 'params': 632328, 'time_iter': 0.1522, 'accuracy': 1.0}
train: {'epoch': 124, 'eta': 34.1339, 'loss': 1.015, 'lr': 0.0078, 'params': 632328, 'time_iter': 0.1599, 'accuracy': 1.0}
train: {'epoch': 125, 'eta': 34.0452, 'loss': 1.0149, 'lr': 0.0078, 'params': 632328, 'time_iter': 0.1404, 'accuracy': 1.0}
train: {'epoch': 126, 'eta': 34.0094, 'loss': 1.0147, 'lr': 0.0077, 'params': 632328, 'time_iter': 0.1654, 'accuracy': 1.0}
train: {'epoch': 127, 'eta': 33.9147, 'loss': 1.0145, 'lr': 0.0077, 'params': 632328, 'time_iter': 0.1386, 'accuracy': 1.0}
train: {'epoch': 128, 'eta': 33.8476, 'loss': 1.0143, 'lr': 0.0077, 'params': 632328, 'time_iter': 0.1521, 'accuracy': 1.0}
train: {'epoch': 129, 'eta': 33.77, 'loss': 1.0142, 'lr': 0.0076, 'params': 632328, 'time_iter': 0.1477, 'accuracy': 1.0}
train: {'epoch': 130, 'eta': 33.638, 'loss': 1.014, 'lr': 0.0076, 'params': 632328, 'time_iter': 0.1217, 'accuracy': 1.0}
train: {'epoch': 131, 'eta': 33.5733, 'loss': 1.014, 'lr': 0.0076, 'params': 632328, 'time_iter': 0.1547, 'accuracy': 1.0}
train: {'epoch': 132, 'eta': 33.4517, 'loss': 1.0157, 'lr': 0.0075, 'params': 632328, 'time_iter': 0.1271, 'accuracy': 0.9995}
train: {'epoch': 133, 'eta': 33.3486, 'loss': 1.0864, 'lr': 0.0075, 'params': 632328, 'time_iter': 0.1365, 'accuracy': 0.9838}
train: {'epoch': 134, 'eta': 33.2416, 'loss': 1.3871, 'lr': 0.0075, 'params': 632328, 'time_iter': 0.1347, 'accuracy': 0.8735}
train: {'epoch': 135, 'eta': 33.1627, 'loss': 1.3154, 'lr': 0.0074, 'params': 632328, 'time_iter': 0.1494, 'accuracy': 0.9044}
train: {'epoch': 136, 'eta': 33.0378, 'loss': 1.3694, 'lr': 0.0074, 'params': 632328, 'time_iter': 0.126, 'accuracy': 0.8786}
train: {'epoch': 137, 'eta': 32.919, 'loss': 1.2009, 'lr': 0.0074, 'params': 632328, 'time_iter': 0.1292, 'accuracy': 0.9474}
train: {'epoch': 138, 'eta': 32.7447, 'loss': 1.1599, 'lr': 0.0073, 'params': 632328, 'time_iter': 0.0997, 'accuracy': 0.9598}
train: {'epoch': 139, 'eta': 32.5626, 'loss': 1.1499, 'lr': 0.0073, 'params': 632328, 'time_iter': 0.095, 'accuracy': 0.9663}
val: {'epoch': 139, 'loss': 1.5816, 'lr': 0, 'params': 632328, 'time_iter': 0.1307, 'accuracy': 0.845}
train: {'epoch': 140, 'eta': 32.3952, 'loss': 1.1361, 'lr': 0.0073, 'params': 632328, 'time_iter': 0.1023, 'accuracy': 0.9737}
train: {'epoch': 141, 'eta': 32.2727, 'loss': 1.1164, 'lr': 0.0072, 'params': 632328, 'time_iter': 0.1265, 'accuracy': 0.9806}
train: {'epoch': 142, 'eta': 32.1147, 'loss': 1.1041, 'lr': 0.0072, 'params': 632328, 'time_iter': 0.1067, 'accuracy': 0.9829}
train: {'epoch': 143, 'eta': 31.9737, 'loss': 1.0915, 'lr': 0.0072, 'params': 632328, 'time_iter': 0.1159, 'accuracy': 0.9852}
train: {'epoch': 144, 'eta': 31.9736, 'loss': 1.0809, 'lr': 0.0071, 'params': 632328, 'time_iter': 0.1959, 'accuracy': 0.9866}
train: {'epoch': 145, 'eta': 32.0381, 'loss': 1.0718, 'lr': 0.0071, 'params': 632328, 'time_iter': 0.2345, 'accuracy': 0.9912}
train: {'epoch': 146, 'eta': 31.9939, 'loss': 1.064, 'lr': 0.0071, 'params': 632328, 'time_iter': 0.1737, 'accuracy': 0.9922}
train: {'epoch': 147, 'eta': 32.0325, 'loss': 1.0587, 'lr': 0.007, 'params': 632328, 'time_iter': 0.2234, 'accuracy': 0.994}
train: {'epoch': 148, 'eta': 31.9679, 'loss': 1.0534, 'lr': 0.007, 'params': 632328, 'time_iter': 0.1642, 'accuracy': 0.9963}
train: {'epoch': 149, 'eta': 31.84, 'loss': 1.048, 'lr': 0.0069, 'params': 632328, 'time_iter': 0.1271, 'accuracy': 0.9958}
train: {'epoch': 150, 'eta': 31.6883, 'loss': 1.0439, 'lr': 0.0069, 'params': 632328, 'time_iter': 0.1126, 'accuracy': 0.9986}
train: {'epoch': 151, 'eta': 31.5136, 'loss': 1.0402, 'lr': 0.0069, 'params': 632328, 'time_iter': 0.0982, 'accuracy': 0.9986}
train: {'epoch': 152, 'eta': 31.3528, 'loss': 1.0373, 'lr': 0.0068, 'params': 632328, 'time_iter': 0.1062, 'accuracy': 0.9986}
train: {'epoch': 153, 'eta': 31.18, 'loss': 1.035, 'lr': 0.0068, 'params': 632328, 'time_iter': 0.0982, 'accuracy': 0.9986}
train: {'epoch': 154, 'eta': 31.0436, 'loss': 1.0329, 'lr': 0.0068, 'params': 632328, 'time_iter': 0.1206, 'accuracy': 0.9995}
train: {'epoch': 155, 'eta': 30.8991, 'loss': 1.0313, 'lr': 0.0067, 'params': 632328, 'time_iter': 0.1154, 'accuracy': 0.9995}
train: {'epoch': 156, 'eta': 30.7298, 'loss': 1.0296, 'lr': 0.0067, 'params': 632328, 'time_iter': 0.0991, 'accuracy': 0.9995}
train: {'epoch': 157, 'eta': 30.5732, 'loss': 1.0281, 'lr': 0.0067, 'params': 632328, 'time_iter': 0.1068, 'accuracy': 1.0}
train: {'epoch': 158, 'eta': 30.4245, 'loss': 1.0269, 'lr': 0.0066, 'params': 632328, 'time_iter': 0.1116, 'accuracy': 0.9995}
train: {'epoch': 159, 'eta': 30.2449, 'loss': 1.0257, 'lr': 0.0066, 'params': 632328, 'time_iter': 0.0907, 'accuracy': 1.0}
val: {'epoch': 159, 'loss': 1.4375, 'lr': 0, 'params': 632328, 'time_iter': 0.0464, 'accuracy': 0.8745}
train: {'epoch': 160, 'eta': 30.078, 'loss': 1.0247, 'lr': 0.0065, 'params': 632328, 'time_iter': 0.0984, 'accuracy': 1.0}
train: {'epoch': 161, 'eta': 29.9144, 'loss': 1.024, 'lr': 0.0065, 'params': 632328, 'time_iter': 0.1002, 'accuracy': 1.0}
train: {'epoch': 162, 'eta': 29.7576, 'loss': 1.0232, 'lr': 0.0065, 'params': 632328, 'time_iter': 0.1043, 'accuracy': 1.0}
train: {'epoch': 163, 'eta': 29.5917, 'loss': 1.0225, 'lr': 0.0064, 'params': 632328, 'time_iter': 0.0975, 'accuracy': 1.0}
train: {'epoch': 164, 'eta': 29.4423, 'loss': 1.0219, 'lr': 0.0064, 'params': 632328, 'time_iter': 0.1085, 'accuracy': 1.0}
train: {'epoch': 165, 'eta': 29.2763, 'loss': 1.0214, 'lr': 0.0064, 'params': 632328, 'time_iter': 0.0964, 'accuracy': 1.0}
train: {'epoch': 166, 'eta': 29.1261, 'loss': 1.0209, 'lr': 0.0063, 'params': 632328, 'time_iter': 0.1071, 'accuracy': 1.0}
train: {'epoch': 167, 'eta': 28.9606, 'loss': 1.0205, 'lr': 0.0063, 'params': 632328, 'time_iter': 0.0957, 'accuracy': 1.0}
train: {'epoch': 168, 'eta': 28.8057, 'loss': 1.0201, 'lr': 0.0062, 'params': 632328, 'time_iter': 0.1028, 'accuracy': 1.0}
train: {'epoch': 169, 'eta': 28.6492, 'loss': 1.02, 'lr': 0.0062, 'params': 632328, 'time_iter': 0.1012, 'accuracy': 1.0}
train: {'epoch': 170, 'eta': 28.5016, 'loss': 1.0216, 'lr': 0.0062, 'params': 632328, 'time_iter': 0.1074, 'accuracy': 0.9995}
train: {'epoch': 171, 'eta': 28.3497, 'loss': 1.0433, 'lr': 0.0061, 'params': 632328, 'time_iter': 0.1037, 'accuracy': 0.9949}
train: {'epoch': 172, 'eta': 28.199, 'loss': 1.0306, 'lr': 0.0061, 'params': 632328, 'time_iter': 0.1043, 'accuracy': 0.9972}
train: {'epoch': 173, 'eta': 28.0463, 'loss': 1.029, 'lr': 0.0061, 'params': 632328, 'time_iter': 0.1023, 'accuracy': 0.9986}
train: {'epoch': 174, 'eta': 27.8859, 'loss': 1.0243, 'lr': 0.006, 'params': 632328, 'time_iter': 0.0958, 'accuracy': 0.9986}
train: {'epoch': 175, 'eta': 27.7509, 'loss': 1.025, 'lr': 0.006, 'params': 632328, 'time_iter': 0.1153, 'accuracy': 0.9982}
train: {'epoch': 176, 'eta': 27.6038, 'loss': 1.0246, 'lr': 0.0059, 'params': 632328, 'time_iter': 0.1054, 'accuracy': 0.9982}
train: {'epoch': 177, 'eta': 27.4445, 'loss': 1.0229, 'lr': 0.0059, 'params': 632328, 'time_iter': 0.0953, 'accuracy': 1.0}
train: {'epoch': 178, 'eta': 27.293, 'loss': 1.0215, 'lr': 0.0059, 'params': 632328, 'time_iter': 0.1011, 'accuracy': 1.0}
train: {'epoch': 179, 'eta': 27.1328, 'loss': 1.0213, 'lr': 0.0058, 'params': 632328, 'time_iter': 0.0935, 'accuracy': 1.0}
val: {'epoch': 179, 'loss': 1.4573, 'lr': 0, 'params': 632328, 'time_iter': 0.0406, 'accuracy': 0.8745}
train: {'epoch': 180, 'eta': 26.9887, 'loss': 1.021, 'lr': 0.0058, 'params': 632328, 'time_iter': 0.1061, 'accuracy': 1.0}
train: {'epoch': 181, 'eta': 26.8435, 'loss': 1.02, 'lr': 0.0057, 'params': 632328, 'time_iter': 0.1049, 'accuracy': 1.0}
train: {'epoch': 182, 'eta': 26.6866, 'loss': 1.0196, 'lr': 0.0057, 'params': 632328, 'time_iter': 0.0947, 'accuracy': 1.0}
train: {'epoch': 183, 'eta': 26.5447, 'loss': 1.0192, 'lr': 0.0057, 'params': 632328, 'time_iter': 0.1069, 'accuracy': 1.0}
train: {'epoch': 184, 'eta': 26.3924, 'loss': 1.0189, 'lr': 0.0056, 'params': 632328, 'time_iter': 0.0976, 'accuracy': 1.0}
train: {'epoch': 185, 'eta': 26.3246, 'loss': 1.0186, 'lr': 0.0056, 'params': 632328, 'time_iter': 0.1704, 'accuracy': 1.0}
train: {'epoch': 186, 'eta': 26.2083, 'loss': 1.0184, 'lr': 0.0055, 'params': 632328, 'time_iter': 0.1289, 'accuracy': 1.0}
train: {'epoch': 187, 'eta': 26.0892, 'loss': 1.018, 'lr': 0.0055, 'params': 632328, 'time_iter': 0.1266, 'accuracy': 1.0}
train: {'epoch': 188, 'eta': 25.9763, 'loss': 1.0177, 'lr': 0.0055, 'params': 632328, 'time_iter': 0.1322, 'accuracy': 1.0}
train: {'epoch': 189, 'eta': 25.9593, 'loss': 1.0175, 'lr': 0.0054, 'params': 632328, 'time_iter': 0.2191, 'accuracy': 1.0}
train: {'epoch': 190, 'eta': 25.9049, 'loss': 1.0171, 'lr': 0.0054, 'params': 632328, 'time_iter': 0.1868, 'accuracy': 1.0}
train: {'epoch': 191, 'eta': 25.8355, 'loss': 1.0168, 'lr': 0.0054, 'params': 632328, 'time_iter': 0.1743, 'accuracy': 1.0}
train: {'epoch': 192, 'eta': 25.736, 'loss': 1.0165, 'lr': 0.0053, 'params': 632328, 'time_iter': 0.1472, 'accuracy': 1.0}
train: {'epoch': 193, 'eta': 25.6059, 'loss': 1.0163, 'lr': 0.0053, 'params': 632328, 'time_iter': 0.1189, 'accuracy': 1.0}
train: {'epoch': 194, 'eta': 25.4555, 'loss': 1.0161, 'lr': 0.0052, 'params': 632328, 'time_iter': 0.0994, 'accuracy': 1.0}
train: {'epoch': 195, 'eta': 25.3047, 'loss': 1.016, 'lr': 0.0052, 'params': 632328, 'time_iter': 0.0986, 'accuracy': 1.0}
train: {'epoch': 196, 'eta': 25.1563, 'loss': 1.0158, 'lr': 0.0052, 'params': 632328, 'time_iter': 0.1004, 'accuracy': 1.0}
train: {'epoch': 197, 'eta': 25.0384, 'loss': 1.0157, 'lr': 0.0051, 'params': 632328, 'time_iter': 0.1299, 'accuracy': 1.0}
train: {'epoch': 198, 'eta': 24.8873, 'loss': 1.0155, 'lr': 0.0051, 'params': 632328, 'time_iter': 0.0971, 'accuracy': 1.0}
train: {'epoch': 199, 'eta': 24.7383, 'loss': 1.0154, 'lr': 0.005, 'params': 632328, 'time_iter': 0.0986, 'accuracy': 1.0}
val: {'epoch': 199, 'loss': 1.4858, 'lr': 0, 'params': 632328, 'time_iter': 0.0474, 'accuracy': 0.8727}
train: {'epoch': 200, 'eta': 24.582, 'loss': 1.0153, 'lr': 0.005, 'params': 632328, 'time_iter': 0.0908, 'accuracy': 1.0}
train: {'epoch': 201, 'eta': 24.4407, 'loss': 1.0152, 'lr': 0.005, 'params': 632328, 'time_iter': 0.1054, 'accuracy': 1.0}
train: {'epoch': 202, 'eta': 24.2913, 'loss': 1.0151, 'lr': 0.0049, 'params': 632328, 'time_iter': 0.0968, 'accuracy': 1.0}
train: {'epoch': 203, 'eta': 24.1381, 'loss': 1.015, 'lr': 0.0049, 'params': 632328, 'time_iter': 0.0922, 'accuracy': 1.0}
train: {'epoch': 204, 'eta': 24.0086, 'loss': 1.0149, 'lr': 0.0048, 'params': 632328, 'time_iter': 0.1165, 'accuracy': 1.0}
train: {'epoch': 205, 'eta': 23.8592, 'loss': 1.0148, 'lr': 0.0048, 'params': 632328, 'time_iter': 0.0952, 'accuracy': 1.0}
train: {'epoch': 206, 'eta': 23.7223, 'loss': 1.0148, 'lr': 0.0048, 'params': 632328, 'time_iter': 0.1081, 'accuracy': 1.0}
train: {'epoch': 207, 'eta': 23.5764, 'loss': 1.0147, 'lr': 0.0047, 'params': 632328, 'time_iter': 0.098, 'accuracy': 1.0}
train: {'epoch': 208, 'eta': 23.4409, 'loss': 1.0146, 'lr': 0.0047, 'params': 632328, 'time_iter': 0.1089, 'accuracy': 1.0}
train: {'epoch': 209, 'eta': 23.2935, 'loss': 1.0145, 'lr': 0.0046, 'params': 632328, 'time_iter': 0.0955, 'accuracy': 1.0}
train: {'epoch': 210, 'eta': 23.154, 'loss': 1.0145, 'lr': 0.0046, 'params': 632328, 'time_iter': 0.1036, 'accuracy': 1.0}
train: {'epoch': 211, 'eta': 23.0168, 'loss': 1.0144, 'lr': 0.0046, 'params': 632328, 'time_iter': 0.106, 'accuracy': 1.0}
train: {'epoch': 212, 'eta': 22.8793, 'loss': 1.0144, 'lr': 0.0045, 'params': 632328, 'time_iter': 0.1052, 'accuracy': 1.0}
train: {'epoch': 213, 'eta': 22.7412, 'loss': 1.0143, 'lr': 0.0045, 'params': 632328, 'time_iter': 0.1043, 'accuracy': 1.0}
train: {'epoch': 214, 'eta': 22.6002, 'loss': 1.0143, 'lr': 0.0045, 'params': 632328, 'time_iter': 0.1005, 'accuracy': 1.0}
train: {'epoch': 215, 'eta': 22.464, 'loss': 1.0142, 'lr': 0.0044, 'params': 632328, 'time_iter': 0.1057, 'accuracy': 1.0}
train: {'epoch': 216, 'eta': 22.3208, 'loss': 1.0142, 'lr': 0.0044, 'params': 632328, 'time_iter': 0.097, 'accuracy': 1.0}
train: {'epoch': 217, 'eta': 22.1876, 'loss': 1.0141, 'lr': 0.0043, 'params': 632328, 'time_iter': 0.1086, 'accuracy': 1.0}
train: {'epoch': 218, 'eta': 22.0509, 'loss': 1.0141, 'lr': 0.0043, 'params': 632328, 'time_iter': 0.104, 'accuracy': 1.0}
train: {'epoch': 219, 'eta': 21.9167, 'loss': 1.0141, 'lr': 0.0043, 'params': 632328, 'time_iter': 0.1068, 'accuracy': 1.0}
val: {'epoch': 219, 'loss': 1.4654, 'lr': 0, 'params': 632328, 'time_iter': 0.0528, 'accuracy': 0.8764}
train: {'epoch': 220, 'eta': 21.7731, 'loss': 1.0141, 'lr': 0.0042, 'params': 632328, 'time_iter': 0.0948, 'accuracy': 1.0}
train: {'epoch': 221, 'eta': 21.6473, 'loss': 1.014, 'lr': 0.0042, 'params': 632328, 'time_iter': 0.1164, 'accuracy': 1.0}
train: {'epoch': 222, 'eta': 21.5116, 'loss': 1.014, 'lr': 0.0041, 'params': 632328, 'time_iter': 0.1038, 'accuracy': 1.0}
train: {'epoch': 223, 'eta': 21.3677, 'loss': 1.0139, 'lr': 0.0041, 'params': 632328, 'time_iter': 0.0931, 'accuracy': 1.0}
train: {'epoch': 224, 'eta': 21.2354, 'loss': 1.014, 'lr': 0.0041, 'params': 632328, 'time_iter': 0.1073, 'accuracy': 1.0}
train: {'epoch': 225, 'eta': 21.0975, 'loss': 1.0142, 'lr': 0.004, 'params': 632328, 'time_iter': 0.0998, 'accuracy': 1.0}
train: {'epoch': 226, 'eta': 20.9609, 'loss': 1.0145, 'lr': 0.004, 'params': 632328, 'time_iter': 0.1012, 'accuracy': 1.0}
train: {'epoch': 227, 'eta': 20.8261, 'loss': 1.0151, 'lr': 0.0039, 'params': 632328, 'time_iter': 0.103, 'accuracy': 1.0}
train: {'epoch': 228, 'eta': 20.6939, 'loss': 1.0143, 'lr': 0.0039, 'params': 632328, 'time_iter': 0.1063, 'accuracy': 1.0}
train: {'epoch': 229, 'eta': 20.5664, 'loss': 1.0165, 'lr': 0.0039, 'params': 632328, 'time_iter': 0.1122, 'accuracy': 1.0}
train: {'epoch': 230, 'eta': 20.5005, 'loss': 1.2308, 'lr': 0.0038, 'params': 632328, 'time_iter': 0.1963, 'accuracy': 0.952}
train: {'epoch': 231, 'eta': 20.4009, 'loss': 1.3698, 'lr': 0.0038, 'params': 632328, 'time_iter': 0.1512, 'accuracy': 0.879}
train: {'epoch': 232, 'eta': 20.2885, 'loss': 1.314, 'lr': 0.0038, 'params': 632328, 'time_iter': 0.1341, 'accuracy': 0.9321}
train: {'epoch': 233, 'eta': 20.166, 'loss': 1.2353, 'lr': 0.0037, 'params': 632328, 'time_iter': 0.12, 'accuracy': 0.9594}
train: {'epoch': 234, 'eta': 20.0509, 'loss': 1.239, 'lr': 0.0037, 'params': 632328, 'time_iter': 0.1307, 'accuracy': 0.9524}
train: {'epoch': 235, 'eta': 19.9269, 'loss': 1.2144, 'lr': 0.0036, 'params': 632328, 'time_iter': 0.118, 'accuracy': 0.958}
train: {'epoch': 236, 'eta': 19.799, 'loss': 1.1815, 'lr': 0.0036, 'params': 632328, 'time_iter': 0.1121, 'accuracy': 0.9686}
train: {'epoch': 237, 'eta': 19.6788, 'loss': 1.1537, 'lr': 0.0036, 'params': 632328, 'time_iter': 0.1234, 'accuracy': 0.9755}
train: {'epoch': 238, 'eta': 19.5525, 'loss': 1.1341, 'lr': 0.0035, 'params': 632328, 'time_iter': 0.1144, 'accuracy': 0.982}
train: {'epoch': 239, 'eta': 19.4239, 'loss': 1.1195, 'lr': 0.0035, 'params': 632328, 'time_iter': 0.1106, 'accuracy': 0.9843}
val: {'epoch': 239, 'loss': 1.4352, 'lr': 0, 'params': 632328, 'time_iter': 0.058, 'accuracy': 0.8727}
train: {'epoch': 240, 'eta': 19.3017, 'loss': 1.1082, 'lr': 0.0035, 'params': 632328, 'time_iter': 0.1202, 'accuracy': 0.9875}
train: {'epoch': 241, 'eta': 19.1767, 'loss': 1.0977, 'lr': 0.0034, 'params': 632328, 'time_iter': 0.1159, 'accuracy': 0.9885}
train: {'epoch': 242, 'eta': 19.048, 'loss': 1.0889, 'lr': 0.0034, 'params': 632328, 'time_iter': 0.11, 'accuracy': 0.9917}
train: {'epoch': 243, 'eta': 18.928, 'loss': 1.0823, 'lr': 0.0033, 'params': 632328, 'time_iter': 0.1235, 'accuracy': 0.9908}
train: {'epoch': 244, 'eta': 18.8065, 'loss': 1.0762, 'lr': 0.0033, 'params': 632328, 'time_iter': 0.1209, 'accuracy': 0.9917}
train: {'epoch': 245, 'eta': 18.6801, 'loss': 1.0699, 'lr': 0.0033, 'params': 632328, 'time_iter': 0.1132, 'accuracy': 0.9935}
train: {'epoch': 246, 'eta': 18.5442, 'loss': 1.0645, 'lr': 0.0032, 'params': 632328, 'time_iter': 0.0978, 'accuracy': 0.9954}
train: {'epoch': 247, 'eta': 18.4124, 'loss': 1.0605, 'lr': 0.0032, 'params': 632328, 'time_iter': 0.1039, 'accuracy': 0.9958}
train: {'epoch': 248, 'eta': 18.2792, 'loss': 1.057, 'lr': 0.0032, 'params': 632328, 'time_iter': 0.1012, 'accuracy': 0.9954}
train: {'epoch': 249, 'eta': 18.1427, 'loss': 1.0534, 'lr': 0.0031, 'params': 632328, 'time_iter': 0.0953, 'accuracy': 0.9954}
train: {'epoch': 250, 'eta': 18.008, 'loss': 1.0501, 'lr': 0.0031, 'params': 632328, 'time_iter': 0.0979, 'accuracy': 0.9954}
train: {'epoch': 251, 'eta': 17.8763, 'loss': 1.0472, 'lr': 0.0031, 'params': 632328, 'time_iter': 0.1024, 'accuracy': 0.9954}
train: {'epoch': 252, 'eta': 17.7447, 'loss': 1.0447, 'lr': 0.003, 'params': 632328, 'time_iter': 0.1022, 'accuracy': 0.9958}
train: {'epoch': 253, 'eta': 17.6144, 'loss': 1.0424, 'lr': 0.003, 'params': 632328, 'time_iter': 0.104, 'accuracy': 0.9958}
train: {'epoch': 254, 'eta': 17.4847, 'loss': 1.0402, 'lr': 0.0029, 'params': 632328, 'time_iter': 0.1047, 'accuracy': 0.9958}
train: {'epoch': 255, 'eta': 17.3521, 'loss': 1.0383, 'lr': 0.0029, 'params': 632328, 'time_iter': 0.0993, 'accuracy': 0.9968}
train: {'epoch': 256, 'eta': 17.2294, 'loss': 1.0366, 'lr': 0.0029, 'params': 632328, 'time_iter': 0.1165, 'accuracy': 0.9972}
train: {'epoch': 257, 'eta': 17.0925, 'loss': 1.0351, 'lr': 0.0028, 'params': 632328, 'time_iter': 0.0906, 'accuracy': 0.9977}
train: {'epoch': 258, 'eta': 16.9682, 'loss': 1.0337, 'lr': 0.0028, 'params': 632328, 'time_iter': 0.1133, 'accuracy': 0.9977}
train: {'epoch': 259, 'eta': 16.8375, 'loss': 1.0323, 'lr': 0.0028, 'params': 632328, 'time_iter': 0.101, 'accuracy': 0.9977}
val: {'epoch': 259, 'loss': 1.4665, 'lr': 0, 'params': 632328, 'time_iter': 0.0455, 'accuracy': 0.8764}
train: {'epoch': 260, 'eta': 16.7065, 'loss': 1.0311, 'lr': 0.0027, 'params': 632328, 'time_iter': 0.1002, 'accuracy': 0.9982}
train: {'epoch': 261, 'eta': 16.5806, 'loss': 1.0299, 'lr': 0.0027, 'params': 632328, 'time_iter': 0.1093, 'accuracy': 0.9986}
train: {'epoch': 262, 'eta': 16.4497, 'loss': 1.0288, 'lr': 0.0027, 'params': 632328, 'time_iter': 0.0996, 'accuracy': 0.9986}
train: {'epoch': 263, 'eta': 16.3191, 'loss': 1.0279, 'lr': 0.0026, 'params': 632328, 'time_iter': 0.0996, 'accuracy': 0.9991}
train: {'epoch': 264, 'eta': 16.1928, 'loss': 1.027, 'lr': 0.0026, 'params': 632328, 'time_iter': 0.1075, 'accuracy': 0.9991}
train: {'epoch': 265, 'eta': 16.0632, 'loss': 1.0263, 'lr': 0.0026, 'params': 632328, 'time_iter': 0.101, 'accuracy': 0.9991}
train: {'epoch': 266, 'eta': 15.9356, 'loss': 1.0256, 'lr': 0.0025, 'params': 632328, 'time_iter': 0.1042, 'accuracy': 0.9995}
train: {'epoch': 267, 'eta': 15.8088, 'loss': 1.0249, 'lr': 0.0025, 'params': 632328, 'time_iter': 0.1058, 'accuracy': 0.9995}
train: {'epoch': 268, 'eta': 15.6833, 'loss': 1.0243, 'lr': 0.0025, 'params': 632328, 'time_iter': 0.1078, 'accuracy': 0.9995}
train: {'epoch': 269, 'eta': 15.556, 'loss': 1.0238, 'lr': 0.0024, 'params': 632328, 'time_iter': 0.1041, 'accuracy': 0.9995}
train: {'epoch': 270, 'eta': 15.424, 'loss': 1.0233, 'lr': 0.0024, 'params': 632328, 'time_iter': 0.0937, 'accuracy': 0.9995}
train: {'epoch': 271, 'eta': 15.299, 'loss': 1.0228, 'lr': 0.0024, 'params': 632328, 'time_iter': 0.1079, 'accuracy': 0.9995}
train: {'epoch': 272, 'eta': 15.1779, 'loss': 1.0223, 'lr': 0.0023, 'params': 632328, 'time_iter': 0.1161, 'accuracy': 0.9995}
train: {'epoch': 273, 'eta': 15.0558, 'loss': 1.0219, 'lr': 0.0023, 'params': 632328, 'time_iter': 0.1139, 'accuracy': 0.9995}
train: {'epoch': 274, 'eta': 15.0045, 'loss': 1.0215, 'lr': 0.0023, 'params': 632328, 'time_iter': 0.2696, 'accuracy': 0.9995}
train: {'epoch': 275, 'eta': 14.9232, 'loss': 1.0212, 'lr': 0.0022, 'params': 632328, 'time_iter': 0.2063, 'accuracy': 0.9995}
train: {'epoch': 276, 'eta': 14.8398, 'loss': 1.0209, 'lr': 0.0022, 'params': 632328, 'time_iter': 0.2035, 'accuracy': 0.9995}
train: {'epoch': 277, 'eta': 14.7345, 'loss': 1.0206, 'lr': 0.0022, 'params': 632328, 'time_iter': 0.1557, 'accuracy': 0.9995}
train: {'epoch': 278, 'eta': 14.6296, 'loss': 1.0203, 'lr': 0.0021, 'params': 632328, 'time_iter': 0.1572, 'accuracy': 0.9995}
train: {'epoch': 279, 'eta': 14.5262, 'loss': 1.02, 'lr': 0.0021, 'params': 632328, 'time_iter': 0.1619, 'accuracy': 0.9995}
val: {'epoch': 279, 'loss': 1.4839, 'lr': 0, 'params': 632328, 'time_iter': 0.0554, 'accuracy': 0.8708}
train: {'epoch': 280, 'eta': 14.3971, 'loss': 1.0198, 'lr': 0.0021, 'params': 632328, 'time_iter': 0.1019, 'accuracy': 0.9995}
train: {'epoch': 281, 'eta': 14.2734, 'loss': 1.0196, 'lr': 0.002, 'params': 632328, 'time_iter': 0.1146, 'accuracy': 0.9995}
train: {'epoch': 282, 'eta': 14.1473, 'loss': 1.0193, 'lr': 0.002, 'params': 632328, 'time_iter': 0.1086, 'accuracy': 0.9995}
train: {'epoch': 283, 'eta': 14.0242, 'loss': 1.0191, 'lr': 0.002, 'params': 632328, 'time_iter': 0.1155, 'accuracy': 0.9995}
train: {'epoch': 284, 'eta': 13.8963, 'loss': 1.0189, 'lr': 0.0019, 'params': 632328, 'time_iter': 0.1037, 'accuracy': 0.9995}
train: {'epoch': 285, 'eta': 13.7698, 'loss': 1.0188, 'lr': 0.0019, 'params': 632328, 'time_iter': 0.1065, 'accuracy': 0.9995}
train: {'epoch': 286, 'eta': 13.6433, 'loss': 1.0186, 'lr': 0.0019, 'params': 632328, 'time_iter': 0.1064, 'accuracy': 0.9995}
train: {'epoch': 287, 'eta': 13.5163, 'loss': 1.0184, 'lr': 0.0018, 'params': 632328, 'time_iter': 0.1046, 'accuracy': 1.0}
train: {'epoch': 288, 'eta': 13.3923, 'loss': 1.0183, 'lr': 0.0018, 'params': 632328, 'time_iter': 0.112, 'accuracy': 1.0}
train: {'epoch': 289, 'eta': 13.2665, 'loss': 1.0182, 'lr': 0.0018, 'params': 632328, 'time_iter': 0.1072, 'accuracy': 1.0}
train: {'epoch': 290, 'eta': 13.1408, 'loss': 1.018, 'lr': 0.0018, 'params': 632328, 'time_iter': 0.1071, 'accuracy': 1.0}
train: {'epoch': 291, 'eta': 13.0122, 'loss': 1.0179, 'lr': 0.0017, 'params': 632328, 'time_iter': 0.0986, 'accuracy': 1.0}
train: {'epoch': 292, 'eta': 12.8862, 'loss': 1.0178, 'lr': 0.0017, 'params': 632328, 'time_iter': 0.1055, 'accuracy': 1.0}
train: {'epoch': 293, 'eta': 12.7586, 'loss': 1.0177, 'lr': 0.0017, 'params': 632328, 'time_iter': 0.1005, 'accuracy': 1.0}
train: {'epoch': 294, 'eta': 12.6322, 'loss': 1.0176, 'lr': 0.0016, 'params': 632328, 'time_iter': 0.1033, 'accuracy': 1.0}
train: {'epoch': 295, 'eta': 12.5014, 'loss': 1.0175, 'lr': 0.0016, 'params': 632328, 'time_iter': 0.0907, 'accuracy': 1.0}
train: {'epoch': 296, 'eta': 12.3815, 'loss': 1.0174, 'lr': 0.0016, 'params': 632328, 'time_iter': 0.1211, 'accuracy': 1.0}
train: {'epoch': 297, 'eta': 12.2561, 'loss': 1.0174, 'lr': 0.0015, 'params': 632328, 'time_iter': 0.105, 'accuracy': 1.0}
train: {'epoch': 298, 'eta': 12.1315, 'loss': 1.0173, 'lr': 0.0015, 'params': 632328, 'time_iter': 0.1068, 'accuracy': 1.0}
train: {'epoch': 299, 'eta': 12.0085, 'loss': 1.0172, 'lr': 0.0015, 'params': 632328, 'time_iter': 0.1115, 'accuracy': 1.0}
val: {'epoch': 299, 'loss': 1.4824, 'lr': 0, 'params': 632328, 'time_iter': 0.0431, 'accuracy': 0.8672}
train: {'epoch': 300, 'eta': 11.8799, 'loss': 1.0172, 'lr': 0.0015, 'params': 632328, 'time_iter': 0.0945, 'accuracy': 1.0}
train: {'epoch': 301, 'eta': 11.753, 'loss': 1.0171, 'lr': 0.0014, 'params': 632328, 'time_iter': 0.0985, 'accuracy': 1.0}
train: {'epoch': 302, 'eta': 11.6282, 'loss': 1.017, 'lr': 0.0014, 'params': 632328, 'time_iter': 0.1049, 'accuracy': 1.0}
train: {'epoch': 303, 'eta': 11.5001, 'loss': 1.017, 'lr': 0.0014, 'params': 632328, 'time_iter': 0.0937, 'accuracy': 1.0}
train: {'epoch': 304, 'eta': 11.375, 'loss': 1.0169, 'lr': 0.0014, 'params': 632328, 'time_iter': 0.103, 'accuracy': 1.0}
train: {'epoch': 305, 'eta': 11.2485, 'loss': 1.0169, 'lr': 0.0013, 'params': 632328, 'time_iter': 0.0975, 'accuracy': 1.0}
train: {'epoch': 306, 'eta': 11.1253, 'loss': 1.0168, 'lr': 0.0013, 'params': 632328, 'time_iter': 0.1079, 'accuracy': 1.0}
train: {'epoch': 307, 'eta': 10.998, 'loss': 1.0168, 'lr': 0.0013, 'params': 632328, 'time_iter': 0.094, 'accuracy': 1.0}
train: {'epoch': 308, 'eta': 10.875, 'loss': 1.0168, 'lr': 0.0012, 'params': 632328, 'time_iter': 0.1078, 'accuracy': 1.0}
train: {'epoch': 309, 'eta': 10.7535, 'loss': 1.0167, 'lr': 0.0012, 'params': 632328, 'time_iter': 0.1128, 'accuracy': 1.0}
train: {'epoch': 310, 'eta': 10.6265, 'loss': 1.0167, 'lr': 0.0012, 'params': 632328, 'time_iter': 0.0931, 'accuracy': 1.0}
train: {'epoch': 311, 'eta': 10.5026, 'loss': 1.0166, 'lr': 0.0012, 'params': 632328, 'time_iter': 0.1036, 'accuracy': 1.0}
train: {'epoch': 312, 'eta': 10.3841, 'loss': 1.0166, 'lr': 0.0011, 'params': 632328, 'time_iter': 0.1224, 'accuracy': 1.0}
train: {'epoch': 313, 'eta': 10.2641, 'loss': 1.0166, 'lr': 0.0011, 'params': 632328, 'time_iter': 0.1171, 'accuracy': 1.0}
train: {'epoch': 314, 'eta': 10.1439, 'loss': 1.0165, 'lr': 0.0011, 'params': 632328, 'time_iter': 0.116, 'accuracy': 1.0}
train: {'epoch': 315, 'eta': 10.0194, 'loss': 1.0165, 'lr': 0.0011, 'params': 632328, 'time_iter': 0.1001, 'accuracy': 1.0}
train: {'epoch': 316, 'eta': 9.8994, 'loss': 1.0165, 'lr': 0.001, 'params': 632328, 'time_iter': 0.1162, 'accuracy': 1.0}
train: {'epoch': 317, 'eta': 9.7785, 'loss': 1.0165, 'lr': 0.001, 'params': 632328, 'time_iter': 0.1132, 'accuracy': 1.0}
train: {'epoch': 318, 'eta': 9.6575, 'loss': 1.0164, 'lr': 0.001, 'params': 632328, 'time_iter': 0.1124, 'accuracy': 1.0}
train: {'epoch': 319, 'eta': 9.5386, 'loss': 1.0164, 'lr': 0.001, 'params': 632328, 'time_iter': 0.1205, 'accuracy': 1.0}
val: {'epoch': 319, 'loss': 1.4803, 'lr': 0, 'params': 632328, 'time_iter': 0.109, 'accuracy': 0.8727}
train: {'epoch': 320, 'eta': 9.4192, 'loss': 1.0164, 'lr': 0.001, 'params': 632328, 'time_iter': 0.1186, 'accuracy': 1.0}
train: {'epoch': 321, 'eta': 9.2989, 'loss': 1.0164, 'lr': 0.0009, 'params': 632328, 'time_iter': 0.1148, 'accuracy': 1.0}
train: {'epoch': 322, 'eta': 9.1772, 'loss': 1.0163, 'lr': 0.0009, 'params': 632328, 'time_iter': 0.1086, 'accuracy': 1.0}
train: {'epoch': 323, 'eta': 9.056, 'loss': 1.0163, 'lr': 0.0009, 'params': 632328, 'time_iter': 0.1108, 'accuracy': 1.0}
train: {'epoch': 324, 'eta': 8.9341, 'loss': 1.0163, 'lr': 0.0009, 'params': 632328, 'time_iter': 0.1073, 'accuracy': 1.0}
train: {'epoch': 325, 'eta': 8.8123, 'loss': 1.0163, 'lr': 0.0008, 'params': 632328, 'time_iter': 0.107, 'accuracy': 1.0}
train: {'epoch': 326, 'eta': 8.6877, 'loss': 1.0162, 'lr': 0.0008, 'params': 632328, 'time_iter': 0.0943, 'accuracy': 1.0}
train: {'epoch': 327, 'eta': 8.5644, 'loss': 1.0162, 'lr': 0.0008, 'params': 632328, 'time_iter': 0.0995, 'accuracy': 1.0}
train: {'epoch': 328, 'eta': 8.4426, 'loss': 1.0162, 'lr': 0.0008, 'params': 632328, 'time_iter': 0.106, 'accuracy': 1.0}
train: {'epoch': 329, 'eta': 8.3199, 'loss': 1.0162, 'lr': 0.0008, 'params': 632328, 'time_iter': 0.1009, 'accuracy': 1.0}
train: {'epoch': 330, 'eta': 8.198, 'loss': 1.0162, 'lr': 0.0007, 'params': 632328, 'time_iter': 0.1042, 'accuracy': 1.0}
train: {'epoch': 331, 'eta': 8.0775, 'loss': 1.0162, 'lr': 0.0007, 'params': 632328, 'time_iter': 0.1109, 'accuracy': 1.0}
train: {'epoch': 332, 'eta': 7.9564, 'loss': 1.0161, 'lr': 0.0007, 'params': 632328, 'time_iter': 0.1069, 'accuracy': 1.0}
train: {'epoch': 333, 'eta': 7.8324, 'loss': 1.0161, 'lr': 0.0007, 'params': 632328, 'time_iter': 0.0924, 'accuracy': 1.0}
train: {'epoch': 334, 'eta': 7.7104, 'loss': 1.0161, 'lr': 0.0007, 'params': 632328, 'time_iter': 0.1014, 'accuracy': 1.0}
train: {'epoch': 335, 'eta': 7.5881, 'loss': 1.0161, 'lr': 0.0006, 'params': 632328, 'time_iter': 0.0993, 'accuracy': 1.0}
train: {'epoch': 336, 'eta': 7.4659, 'loss': 1.0161, 'lr': 0.0006, 'params': 632328, 'time_iter': 0.0994, 'accuracy': 1.0}
train: {'epoch': 337, 'eta': 7.3445, 'loss': 1.0161, 'lr': 0.0006, 'params': 632328, 'time_iter': 0.1029, 'accuracy': 1.0}
train: {'epoch': 338, 'eta': 7.2226, 'loss': 1.0161, 'lr': 0.0006, 'params': 632328, 'time_iter': 0.0993, 'accuracy': 1.0}
train: {'epoch': 339, 'eta': 7.1013, 'loss': 1.016, 'lr': 0.0006, 'params': 632328, 'time_iter': 0.1016, 'accuracy': 1.0}
val: {'epoch': 339, 'loss': 1.48, 'lr': 0, 'params': 632328, 'time_iter': 0.0375, 'accuracy': 0.8745}
train: {'epoch': 340, 'eta': 6.9808, 'loss': 1.016, 'lr': 0.0005, 'params': 632328, 'time_iter': 0.1064, 'accuracy': 1.0}
train: {'epoch': 341, 'eta': 6.8604, 'loss': 1.016, 'lr': 0.0005, 'params': 632328, 'time_iter': 0.1057, 'accuracy': 1.0}
train: {'epoch': 342, 'eta': 6.7383, 'loss': 1.016, 'lr': 0.0005, 'params': 632328, 'time_iter': 0.0953, 'accuracy': 1.0}
train: {'epoch': 343, 'eta': 6.618, 'loss': 1.016, 'lr': 0.0005, 'params': 632328, 'time_iter': 0.1057, 'accuracy': 1.0}
train: {'epoch': 344, 'eta': 6.4977, 'loss': 1.016, 'lr': 0.0005, 'params': 632328, 'time_iter': 0.1048, 'accuracy': 1.0}
train: {'epoch': 345, 'eta': 6.3775, 'loss': 1.016, 'lr': 0.0005, 'params': 632328, 'time_iter': 0.1052, 'accuracy': 1.0}
train: {'epoch': 346, 'eta': 6.2579, 'loss': 1.016, 'lr': 0.0004, 'params': 632328, 'time_iter': 0.1078, 'accuracy': 1.0}
train: {'epoch': 347, 'eta': 6.1369, 'loss': 1.016, 'lr': 0.0004, 'params': 632328, 'time_iter': 0.0986, 'accuracy': 1.0}
train: {'epoch': 348, 'eta': 6.0168, 'loss': 1.016, 'lr': 0.0004, 'params': 632328, 'time_iter': 0.1036, 'accuracy': 1.0}
train: {'epoch': 349, 'eta': 5.8967, 'loss': 1.0159, 'lr': 0.0004, 'params': 632328, 'time_iter': 0.1032, 'accuracy': 1.0}
train: {'epoch': 350, 'eta': 5.775, 'loss': 1.0159, 'lr': 0.0004, 'params': 632328, 'time_iter': 0.0913, 'accuracy': 1.0}
train: {'epoch': 351, 'eta': 5.656, 'loss': 1.0159, 'lr': 0.0004, 'params': 632328, 'time_iter': 0.1095, 'accuracy': 1.0}
train: {'epoch': 352, 'eta': 5.5353, 'loss': 1.0159, 'lr': 0.0004, 'params': 632328, 'time_iter': 0.0961, 'accuracy': 1.0}
train: {'epoch': 353, 'eta': 5.4159, 'loss': 1.0159, 'lr': 0.0003, 'params': 632328, 'time_iter': 0.1052, 'accuracy': 1.0}
train: {'epoch': 354, 'eta': 5.295, 'loss': 1.0159, 'lr': 0.0003, 'params': 632328, 'time_iter': 0.0926, 'accuracy': 1.0}
train: {'epoch': 355, 'eta': 5.1758, 'loss': 1.0159, 'lr': 0.0003, 'params': 632328, 'time_iter': 0.1055, 'accuracy': 1.0}
train: {'epoch': 356, 'eta': 5.0573, 'loss': 1.0159, 'lr': 0.0003, 'params': 632328, 'time_iter': 0.1105, 'accuracy': 1.0}
train: {'epoch': 357, 'eta': 4.9393, 'loss': 1.0159, 'lr': 0.0003, 'params': 632328, 'time_iter': 0.1139, 'accuracy': 1.0}
train: {'epoch': 358, 'eta': 4.8238, 'loss': 1.0159, 'lr': 0.0003, 'params': 632328, 'time_iter': 0.1359, 'accuracy': 1.0}
train: {'epoch': 359, 'eta': 4.7146, 'loss': 1.0159, 'lr': 0.0003, 'params': 632328, 'time_iter': 0.1937, 'accuracy': 1.0}
val: {'epoch': 359, 'loss': 1.4803, 'lr': 0, 'params': 632328, 'time_iter': 0.0681, 'accuracy': 0.8782}
train: {'epoch': 360, 'eta': 4.6034, 'loss': 1.0159, 'lr': 0.0002, 'params': 632328, 'time_iter': 0.1797, 'accuracy': 1.0}
train: {'epoch': 361, 'eta': 4.4914, 'loss': 1.0159, 'lr': 0.0002, 'params': 632328, 'time_iter': 0.1758, 'accuracy': 1.0}
train: {'epoch': 362, 'eta': 4.3777, 'loss': 1.0159, 'lr': 0.0002, 'params': 632328, 'time_iter': 0.1623, 'accuracy': 1.0}
train: {'epoch': 363, 'eta': 4.2608, 'loss': 1.0159, 'lr': 0.0002, 'params': 632328, 'time_iter': 0.1323, 'accuracy': 1.0}
train: {'epoch': 364, 'eta': 4.1408, 'loss': 1.0159, 'lr': 0.0002, 'params': 632328, 'time_iter': 0.1013, 'accuracy': 1.0}
train: {'epoch': 365, 'eta': 4.0207, 'loss': 1.0159, 'lr': 0.0002, 'params': 632328, 'time_iter': 0.0995, 'accuracy': 1.0}
train: {'epoch': 366, 'eta': 3.9043, 'loss': 1.0159, 'lr': 0.0002, 'params': 632328, 'time_iter': 0.1385, 'accuracy': 1.0}
train: {'epoch': 367, 'eta': 3.7932, 'loss': 1.0158, 'lr': 0.0002, 'params': 632328, 'time_iter': 0.2011, 'accuracy': 1.0}
train: {'epoch': 368, 'eta': 3.6773, 'loss': 1.0158, 'lr': 0.0002, 'params': 632328, 'time_iter': 0.1496, 'accuracy': 1.0}
train: {'epoch': 369, 'eta': 3.564, 'loss': 1.0158, 'lr': 0.0001, 'params': 632328, 'time_iter': 0.1852, 'accuracy': 1.0}
train: {'epoch': 370, 'eta': 3.4465, 'loss': 1.0158, 'lr': 0.0001, 'params': 632328, 'time_iter': 0.1354, 'accuracy': 1.0}
train: {'epoch': 371, 'eta': 3.3321, 'loss': 1.0158, 'lr': 0.0001, 'params': 632328, 'time_iter': 0.1775, 'accuracy': 1.0}
train: {'epoch': 372, 'eta': 3.2163, 'loss': 1.0158, 'lr': 0.0001, 'params': 632328, 'time_iter': 0.1634, 'accuracy': 1.0}
train: {'epoch': 373, 'eta': 3.0978, 'loss': 1.0158, 'lr': 0.0001, 'params': 632328, 'time_iter': 0.1279, 'accuracy': 1.0}
train: {'epoch': 374, 'eta': 2.9776, 'loss': 1.0158, 'lr': 0.0001, 'params': 632328, 'time_iter': 0.1028, 'accuracy': 1.0}
train: {'epoch': 375, 'eta': 2.8586, 'loss': 1.0158, 'lr': 0.0001, 'params': 632328, 'time_iter': 0.1206, 'accuracy': 1.0}
train: {'epoch': 376, 'eta': 2.739, 'loss': 1.0158, 'lr': 0.0001, 'params': 632328, 'time_iter': 0.1114, 'accuracy': 1.0}
train: {'epoch': 377, 'eta': 2.6208, 'loss': 1.0158, 'lr': 0.0001, 'params': 632328, 'time_iter': 0.134, 'accuracy': 1.0}
train: {'epoch': 378, 'eta': 2.5002, 'loss': 1.0158, 'lr': 0.0001, 'params': 632328, 'time_iter': 0.0924, 'accuracy': 1.0}
train: {'epoch': 379, 'eta': 2.3816, 'loss': 1.0158, 'lr': 0.0001, 'params': 632328, 'time_iter': 0.1281, 'accuracy': 1.0}
val: {'epoch': 379, 'loss': 1.4805, 'lr': 0, 'params': 632328, 'time_iter': 0.0379, 'accuracy': 0.8782}
train: {'epoch': 380, 'eta': 2.2614, 'loss': 1.0158, 'lr': 0.0001, 'params': 632328, 'time_iter': 0.0966, 'accuracy': 1.0}
train: {'epoch': 381, 'eta': 2.1419, 'loss': 1.0158, 'lr': 0.0001, 'params': 632328, 'time_iter': 0.1088, 'accuracy': 1.0}
train: {'epoch': 382, 'eta': 2.0228, 'loss': 1.0158, 'lr': 0.0, 'params': 632328, 'time_iter': 0.1163, 'accuracy': 1.0}
train: {'epoch': 383, 'eta': 1.9052, 'loss': 1.0158, 'lr': 0.0, 'params': 632328, 'time_iter': 0.1527, 'accuracy': 1.0}
train: {'epoch': 384, 'eta': 1.7863, 'loss': 1.0158, 'lr': 0.0, 'params': 632328, 'time_iter': 0.1229, 'accuracy': 1.0}
train: {'epoch': 385, 'eta': 1.6665, 'loss': 1.0158, 'lr': 0.0, 'params': 632328, 'time_iter': 0.0995, 'accuracy': 1.0}
train: {'epoch': 386, 'eta': 1.5472, 'loss': 1.0158, 'lr': 0.0, 'params': 632328, 'time_iter': 0.1132, 'accuracy': 1.0}
train: {'epoch': 387, 'eta': 1.4275, 'loss': 1.0158, 'lr': 0.0, 'params': 632328, 'time_iter': 0.0955, 'accuracy': 1.0}
train: {'epoch': 388, 'eta': 1.3084, 'loss': 1.0158, 'lr': 0.0, 'params': 632328, 'time_iter': 0.1129, 'accuracy': 1.0}
train: {'epoch': 389, 'eta': 1.1895, 'loss': 1.0158, 'lr': 0.0, 'params': 632328, 'time_iter': 0.1229, 'accuracy': 1.0}
train: {'epoch': 390, 'eta': 1.0703, 'loss': 1.0158, 'lr': 0.0, 'params': 632328, 'time_iter': 0.1062, 'accuracy': 1.0}
train: {'epoch': 391, 'eta': 0.951, 'loss': 1.0158, 'lr': 0.0, 'params': 632328, 'time_iter': 0.1024, 'accuracy': 1.0}
train: {'epoch': 392, 'eta': 0.832, 'loss': 1.0158, 'lr': 0.0, 'params': 632328, 'time_iter': 0.1083, 'accuracy': 1.0}
train: {'epoch': 393, 'eta': 0.7129, 'loss': 1.0158, 'lr': 0.0, 'params': 632328, 'time_iter': 0.1042, 'accuracy': 1.0}
train: {'epoch': 394, 'eta': 0.5943, 'loss': 1.0158, 'lr': 0.0, 'params': 632328, 'time_iter': 0.1347, 'accuracy': 1.0}
train: {'epoch': 395, 'eta': 0.4754, 'loss': 1.0158, 'lr': 0.0, 'params': 632328, 'time_iter': 0.1131, 'accuracy': 1.0}
train: {'epoch': 396, 'eta': 0.3566, 'loss': 1.0158, 'lr': 0.0, 'params': 632328, 'time_iter': 0.1293, 'accuracy': 1.0}
train: {'epoch': 397, 'eta': 0.2377, 'loss': 1.0158, 'lr': 0.0, 'params': 632328, 'time_iter': 0.1144, 'accuracy': 1.0}
train: {'epoch': 398, 'eta': 0.1188, 'loss': 1.0158, 'lr': 0.0, 'params': 632328, 'time_iter': 0.1138, 'accuracy': 1.0}
train: {'epoch': 399, 'eta': 0.0, 'loss': 1.0158, 'lr': 0.0, 'params': 632328, 'time_iter': 0.0996, 'accuracy': 1.0}
val: {'epoch': 399, 'loss': 1.4806, 'lr': 0, 'params': 632328, 'time_iter': 0.057, 'accuracy': 0.8782}
Task done, results saved in results/example_noneq_7
