Load: 0.07557s, Before split: 0.000479s, Split: 0.0002601s, After split: 0.000361s
GNN(
  (preprocess): Preprocess(
    node_feature: dim_out=1433
    Total: dim_out=1433
  )
  (pre_mp): GeneralMultiLayer(
    (Layer_0): GeneralLayer(
      (layer): Linear(
        (model): Linear(in_features=1433, out_features=256, bias=False)
      )
      (post_layer): Sequential(
        (0): BatchNorm1d(256, eps=1e-05, momentum=0.1, affine=True, track_running_stats=True)
        (1): PReLU(num_parameters=1)
      )
    )
  )
  (mp): GNNStackStage(
    (layer0): GeneralLayer(
      (layer): GeneralConv(
        (model): GeneralConvLayer(256, 256)
      )
      (post_layer): Sequential(
        (0): BatchNorm1d(256, eps=1e-05, momentum=0.1, affine=True, track_running_stats=True)
        (1): PReLU(num_parameters=1)
      )
    )
    (layer1): GeneralLayer(
      (layer): GeneralConv(
        (model): GeneralConvLayer(256, 256)
      )
      (post_layer): Sequential(
        (0): BatchNorm1d(256, eps=1e-05, momentum=0.1, affine=True, track_running_stats=True)
        (1): PReLU(num_parameters=1)
      )
    )
  )
  (post_mp): GNNNodeHead(
    (layer_post_mp): MLP(
      (model): Sequential(
        (0): Linear(
          (model): Linear(in_features=256, out_features=7, bias=True)
        )
      )
    )
  )
)
bn:
  eps: 1e-05
  mom: 0.1
cfg_dest: config.yaml
custom_metrics: []
dataset:
  augment_feature: []
  augment_feature_dims: []
  augment_feature_repr: position
  augment_label: 
  augment_label_dims: 0
  cache_load: False
  cache_save: False
  dir: ./datasets
  edge_dim: 128
  edge_encoder: False
  edge_encoder_bn: True
  edge_encoder_name: Bond
  edge_message_ratio: 0.8
  edge_negative_sampling_ratio: 1.0
  edge_train_mode: all
  encoder: True
  encoder_bn: True
  encoder_dim: 128
  encoder_name: db
  format: PyG
  label_column: none
  label_table: none
  location: local
  name: Cora
  node_encoder: False
  node_encoder_bn: True
  node_encoder_name: Atom
  remove_feature: False
  resample_disjoint: False
  resample_negative: False
  shuffle_split: True
  split: [0.8, 0.2]
  split_mode: random
  task: node
  task_type: classification
  to_undirected: False
  transductive: True
  transform: none
  tu_simple: True
device: cpu
example_arg: example
example_group:
  example_arg: example
gnn:
  act: prelu
  agg: add
  att_final_linear: False
  att_final_linear_bn: False
  att_heads: 1
  batchnorm: True
  clear_feature: True
  dim_inner: 256
  dropout: 0.0
  flow: source_to_target
  head: node
  keep_edge: 0.5
  l2norm: True
  layer_type: generalconv
  layers_mp: 2
  layers_post_mp: 1
  layers_pre_mp: 1
  msg_direction: single
  normalize_adj: False
  self_msg: concat
  skip_every: 1
  stage_type: stack
gpu_mem: False
mem:
  inplace: False
metric_agg: argmax
metric_best: auto
model:
  edge_decoding: dot
  graph_pooling: add
  loss_fun: cross_entropy
  match_upper: True
  size_average: mean
  thresh: 0.5
  type: gnn
num_threads: 6
num_workers: 0
optim:
  base_lr: 0.01
  lr_decay: 0.1
  max_epoch: 400
  momentum: 0.9
  optimizer: adam
  scheduler: cos
  steps: [30, 60, 90]
  weight_decay: 0.0005
out_dir: results/example_noneq_7
params: 632328
print: both
round: 4
run_dir: results/example_noneq_7/2
seed: 3
share:
  dim_in: 1433
  dim_out: 7
  num_splits: 2
tensorboard_agg: True
tensorboard_each_run: False
train:
  auto_resume: False
  batch_size: 32
  ckpt_clean: True
  ckpt_period: 100
  enable_ckpt: True
  energy_alpha: 1.0
  energy_beta: 0.0
  energy_reg: True
  epoch_resume: -1
  eval_period: 20
  iter_per_epoch: 32
  mode: standard
  neighbor_sizes: [20, 15, 10, 5]
  node_per_graph: 32
  radius: extend
  sample_node: False
  sampler: full_batch
  skip_train_eval: False
  walk_length: 4
val:
  node_per_graph: 32
  radius: extend
  sample_node: False
  sampler: full_batch
view_emb: False
Num parameters: 632328
Start from epoch 0
train: {'epoch': 0, 'eta': 64.5969, 'loss': 2.9607, 'lr': 0.01, 'params': 632328, 'time_iter': 0.1619, 'accuracy': 0.2027}
val: {'epoch': 0, 'loss': 2.9006, 'lr': 0, 'params': 632328, 'time_iter': 0.0782, 'accuracy': 0.1697}
train: {'epoch': 1, 'eta': 64.7796, 'loss': 2.5373, 'lr': 0.01, 'params': 632328, 'time_iter': 0.1636, 'accuracy': 0.6565}
train: {'epoch': 2, 'eta': 69.7925, 'loss': 2.2744, 'lr': 0.01, 'params': 632328, 'time_iter': 0.2019, 'accuracy': 0.7211}
train: {'epoch': 3, 'eta': 61.5987, 'loss': 2.0955, 'lr': 0.01, 'params': 632328, 'time_iter': 0.0948, 'accuracy': 0.8227}
train: {'epoch': 4, 'eta': 58.6138, 'loss': 1.9535, 'lr': 0.01, 'params': 632328, 'time_iter': 0.1197, 'accuracy': 0.8296}
train: {'epoch': 5, 'eta': 55.5904, 'loss': 1.8368, 'lr': 0.01, 'params': 632328, 'time_iter': 0.1046, 'accuracy': 0.8841}
train: {'epoch': 6, 'eta': 52.9363, 'loss': 1.7376, 'lr': 0.01, 'params': 632328, 'time_iter': 0.0963, 'accuracy': 0.8929}
train: {'epoch': 7, 'eta': 51.4226, 'loss': 1.6601, 'lr': 0.01, 'params': 632328, 'time_iter': 0.1066, 'accuracy': 0.9058}
train: {'epoch': 8, 'eta': 50.5182, 'loss': 1.5945, 'lr': 0.01, 'params': 632328, 'time_iter': 0.1134, 'accuracy': 0.9164}
train: {'epoch': 9, 'eta': 49.4278, 'loss': 1.5375, 'lr': 0.01, 'params': 632328, 'time_iter': 0.1046, 'accuracy': 0.9238}
train: {'epoch': 10, 'eta': 48.5346, 'loss': 1.4864, 'lr': 0.01, 'params': 632328, 'time_iter': 0.1051, 'accuracy': 0.9294}
train: {'epoch': 11, 'eta': 47.3994, 'loss': 1.4415, 'lr': 0.01, 'params': 632328, 'time_iter': 0.0935, 'accuracy': 0.9326}
train: {'epoch': 12, 'eta': 46.7139, 'loss': 1.402, 'lr': 0.01, 'params': 632328, 'time_iter': 0.1032, 'accuracy': 0.9326}
train: {'epoch': 13, 'eta': 46.1891, 'loss': 1.3669, 'lr': 0.01, 'params': 632328, 'time_iter': 0.106, 'accuracy': 0.94}
train: {'epoch': 14, 'eta': 45.8003, 'loss': 1.3359, 'lr': 0.01, 'params': 632328, 'time_iter': 0.1092, 'accuracy': 0.9441}
train: {'epoch': 15, 'eta': 45.4554, 'loss': 1.3082, 'lr': 0.01, 'params': 632328, 'time_iter': 0.1095, 'accuracy': 0.946}
train: {'epoch': 16, 'eta': 44.8809, 'loss': 1.2834, 'lr': 0.01, 'params': 632328, 'time_iter': 0.0981, 'accuracy': 0.9488}
train: {'epoch': 17, 'eta': 46.0332, 'loss': 1.2614, 'lr': 0.01, 'params': 632328, 'time_iter': 0.177, 'accuracy': 0.9548}
train: {'epoch': 18, 'eta': 46.0198, 'loss': 1.2411, 'lr': 0.01, 'params': 632328, 'time_iter': 0.1258, 'accuracy': 0.9584}
train: {'epoch': 19, 'eta': 45.4162, 'loss': 1.2222, 'lr': 0.0099, 'params': 632328, 'time_iter': 0.0954, 'accuracy': 0.9635}
val: {'epoch': 19, 'loss': 1.4822, 'lr': 0, 'params': 632328, 'time_iter': 0.058, 'accuracy': 0.869}
train: {'epoch': 20, 'eta': 45.0858, 'loss': 1.206, 'lr': 0.0099, 'params': 632328, 'time_iter': 0.1078, 'accuracy': 0.9663}
train: {'epoch': 21, 'eta': 44.9278, 'loss': 1.197, 'lr': 0.0099, 'params': 632328, 'time_iter': 0.1167, 'accuracy': 0.9663}
train: {'epoch': 22, 'eta': 44.8172, 'loss': 1.1888, 'lr': 0.0099, 'params': 632328, 'time_iter': 0.1194, 'accuracy': 0.9635}
train: {'epoch': 23, 'eta': 44.6008, 'loss': 1.1912, 'lr': 0.0099, 'params': 632328, 'time_iter': 0.1127, 'accuracy': 0.9681}
train: {'epoch': 24, 'eta': 44.4676, 'loss': 1.2058, 'lr': 0.0099, 'params': 632328, 'time_iter': 0.1176, 'accuracy': 0.9506}
train: {'epoch': 25, 'eta': 44.234, 'loss': 1.1537, 'lr': 0.0099, 'params': 632328, 'time_iter': 0.1106, 'accuracy': 0.97}
train: {'epoch': 26, 'eta': 43.9739, 'loss': 1.1622, 'lr': 0.0099, 'params': 632328, 'time_iter': 0.108, 'accuracy': 0.9705}
train: {'epoch': 27, 'eta': 43.639, 'loss': 1.1355, 'lr': 0.0099, 'params': 632328, 'time_iter': 0.1016, 'accuracy': 0.9769}
train: {'epoch': 28, 'eta': 43.27, 'loss': 1.1354, 'lr': 0.0099, 'params': 632328, 'time_iter': 0.0976, 'accuracy': 0.9723}
train: {'epoch': 29, 'eta': 42.8773, 'loss': 1.1312, 'lr': 0.0099, 'params': 632328, 'time_iter': 0.0942, 'accuracy': 0.9723}
train: {'epoch': 30, 'eta': 42.6795, 'loss': 1.1223, 'lr': 0.0099, 'params': 632328, 'time_iter': 0.109, 'accuracy': 0.9751}
train: {'epoch': 31, 'eta': 42.4312, 'loss': 1.1211, 'lr': 0.0099, 'params': 632328, 'time_iter': 0.1041, 'accuracy': 0.9746}
train: {'epoch': 32, 'eta': 42.1703, 'loss': 1.1041, 'lr': 0.0098, 'params': 632328, 'time_iter': 0.1022, 'accuracy': 0.982}
train: {'epoch': 33, 'eta': 42.2042, 'loss': 1.1018, 'lr': 0.0098, 'params': 632328, 'time_iter': 0.1287, 'accuracy': 0.9801}
train: {'epoch': 34, 'eta': 42.1186, 'loss': 1.0923, 'lr': 0.0098, 'params': 632328, 'time_iter': 0.1182, 'accuracy': 0.9838}
train: {'epoch': 35, 'eta': 42.8569, 'loss': 1.0908, 'lr': 0.0098, 'params': 632328, 'time_iter': 0.1998, 'accuracy': 0.9852}
train: {'epoch': 36, 'eta': 43.3204, 'loss': 1.0835, 'lr': 0.0098, 'params': 632328, 'time_iter': 0.177, 'accuracy': 0.9861}
train: {'epoch': 37, 'eta': 43.9496, 'loss': 1.0806, 'lr': 0.0098, 'params': 632328, 'time_iter': 0.1979, 'accuracy': 0.9889}
train: {'epoch': 38, 'eta': 44.2509, 'loss': 1.0773, 'lr': 0.0098, 'params': 632328, 'time_iter': 0.1671, 'accuracy': 0.988}
train: {'epoch': 39, 'eta': 44.3526, 'loss': 1.0814, 'lr': 0.0098, 'params': 632328, 'time_iter': 0.1475, 'accuracy': 0.9843}
val: {'epoch': 39, 'loss': 1.515, 'lr': 0, 'params': 632328, 'time_iter': 0.0427, 'accuracy': 0.845}
train: {'epoch': 40, 'eta': 43.968, 'loss': 1.068, 'lr': 0.0098, 'params': 632328, 'time_iter': 0.0933, 'accuracy': 0.9903}
train: {'epoch': 41, 'eta': 43.7006, 'loss': 1.077, 'lr': 0.0097, 'params': 632328, 'time_iter': 0.1055, 'accuracy': 0.988}
train: {'epoch': 42, 'eta': 43.5225, 'loss': 1.1732, 'lr': 0.0097, 'params': 632328, 'time_iter': 0.1153, 'accuracy': 0.9686}
train: {'epoch': 43, 'eta': 43.2842, 'loss': 1.1303, 'lr': 0.0097, 'params': 632328, 'time_iter': 0.1075, 'accuracy': 0.9783}
train: {'epoch': 44, 'eta': 43.0286, 'loss': 1.1076, 'lr': 0.0097, 'params': 632328, 'time_iter': 0.1046, 'accuracy': 0.9788}
train: {'epoch': 45, 'eta': 42.6854, 'loss': 1.1191, 'lr': 0.0097, 'params': 632328, 'time_iter': 0.0924, 'accuracy': 0.9705}
train: {'epoch': 46, 'eta': 42.4608, 'loss': 1.0946, 'lr': 0.0097, 'params': 632328, 'time_iter': 0.1067, 'accuracy': 0.9825}
train: {'epoch': 47, 'eta': 42.1633, 'loss': 1.0859, 'lr': 0.0097, 'params': 632328, 'time_iter': 0.0961, 'accuracy': 0.9852}
train: {'epoch': 48, 'eta': 41.9466, 'loss': 1.0799, 'lr': 0.0096, 'params': 632328, 'time_iter': 0.1063, 'accuracy': 0.9861}
train: {'epoch': 49, 'eta': 41.7039, 'loss': 1.0742, 'lr': 0.0096, 'params': 632328, 'time_iter': 0.1019, 'accuracy': 0.9885}
train: {'epoch': 50, 'eta': 41.5012, 'loss': 1.0691, 'lr': 0.0096, 'params': 632328, 'time_iter': 0.1069, 'accuracy': 0.9903}
train: {'epoch': 51, 'eta': 41.2849, 'loss': 1.0643, 'lr': 0.0096, 'params': 632328, 'time_iter': 0.1044, 'accuracy': 0.9917}
train: {'epoch': 52, 'eta': 41.0938, 'loss': 1.0595, 'lr': 0.0096, 'params': 632328, 'time_iter': 0.1076, 'accuracy': 0.9922}
train: {'epoch': 53, 'eta': 40.8491, 'loss': 1.0527, 'lr': 0.0096, 'params': 632328, 'time_iter': 0.0987, 'accuracy': 0.9931}
train: {'epoch': 54, 'eta': 40.6491, 'loss': 1.0505, 'lr': 0.0096, 'params': 632328, 'time_iter': 0.105, 'accuracy': 0.9949}
train: {'epoch': 55, 'eta': 40.4067, 'loss': 1.0472, 'lr': 0.0095, 'params': 632328, 'time_iter': 0.0975, 'accuracy': 0.9954}
train: {'epoch': 56, 'eta': 40.223, 'loss': 1.045, 'lr': 0.0095, 'params': 632328, 'time_iter': 0.1065, 'accuracy': 0.9954}
train: {'epoch': 57, 'eta': 40.0108, 'loss': 1.0418, 'lr': 0.0095, 'params': 632328, 'time_iter': 0.1012, 'accuracy': 0.9958}
train: {'epoch': 58, 'eta': 39.8177, 'loss': 1.0391, 'lr': 0.0095, 'params': 632328, 'time_iter': 0.1038, 'accuracy': 0.9968}
train: {'epoch': 59, 'eta': 39.545, 'loss': 1.0381, 'lr': 0.0095, 'params': 632328, 'time_iter': 0.0893, 'accuracy': 0.9968}
val: {'epoch': 59, 'loss': 1.53, 'lr': 0, 'params': 632328, 'time_iter': 0.0405, 'accuracy': 0.8579}
train: {'epoch': 60, 'eta': 39.3751, 'loss': 1.0406, 'lr': 0.0095, 'params': 632328, 'time_iter': 0.1067, 'accuracy': 0.9954}
train: {'epoch': 61, 'eta': 39.1873, 'loss': 1.0873, 'lr': 0.0094, 'params': 632328, 'time_iter': 0.103, 'accuracy': 0.9861}
train: {'epoch': 62, 'eta': 38.9451, 'loss': 1.1192, 'lr': 0.0094, 'params': 632328, 'time_iter': 0.0923, 'accuracy': 0.9635}
train: {'epoch': 63, 'eta': 38.7655, 'loss': 1.0617, 'lr': 0.0094, 'params': 632328, 'time_iter': 0.1034, 'accuracy': 0.9852}
train: {'epoch': 64, 'eta': 38.5892, 'loss': 1.0779, 'lr': 0.0094, 'params': 632328, 'time_iter': 0.1036, 'accuracy': 0.9811}
train: {'epoch': 65, 'eta': 38.4091, 'loss': 1.0548, 'lr': 0.0094, 'params': 632328, 'time_iter': 0.1024, 'accuracy': 0.9908}
train: {'epoch': 66, 'eta': 38.27, 'loss': 1.056, 'lr': 0.0093, 'params': 632328, 'time_iter': 0.1102, 'accuracy': 0.9898}
train: {'epoch': 67, 'eta': 38.092, 'loss': 1.0533, 'lr': 0.0093, 'params': 632328, 'time_iter': 0.102, 'accuracy': 0.9922}
train: {'epoch': 68, 'eta': 37.9152, 'loss': 1.0485, 'lr': 0.0093, 'params': 632328, 'time_iter': 0.1018, 'accuracy': 0.9935}
train: {'epoch': 69, 'eta': 37.7518, 'loss': 1.0419, 'lr': 0.0093, 'params': 632328, 'time_iter': 0.1042, 'accuracy': 0.9968}
train: {'epoch': 70, 'eta': 37.5591, 'loss': 1.0412, 'lr': 0.0093, 'params': 632328, 'time_iter': 0.0975, 'accuracy': 0.9982}
train: {'epoch': 71, 'eta': 37.4192, 'loss': 1.0389, 'lr': 0.0092, 'params': 632328, 'time_iter': 0.1085, 'accuracy': 0.9977}
train: {'epoch': 72, 'eta': 37.2345, 'loss': 1.035, 'lr': 0.0092, 'params': 632328, 'time_iter': 0.0983, 'accuracy': 0.9982}
train: {'epoch': 73, 'eta': 37.0834, 'loss': 1.0321, 'lr': 0.0092, 'params': 632328, 'time_iter': 0.1054, 'accuracy': 0.9982}
train: {'epoch': 74, 'eta': 36.8735, 'loss': 1.0301, 'lr': 0.0092, 'params': 632328, 'time_iter': 0.0916, 'accuracy': 0.9991}
train: {'epoch': 75, 'eta': 37.0612, 'loss': 1.0295, 'lr': 0.0092, 'params': 632328, 'time_iter': 0.1841, 'accuracy': 0.9995}
train: {'epoch': 76, 'eta': 37.0293, 'loss': 1.0265, 'lr': 0.0091, 'params': 632328, 'time_iter': 0.134, 'accuracy': 0.9995}
train: {'epoch': 77, 'eta': 36.957, 'loss': 1.0264, 'lr': 0.0091, 'params': 632328, 'time_iter': 0.1249, 'accuracy': 0.9991}
train: {'epoch': 78, 'eta': 36.8713, 'loss': 1.0247, 'lr': 0.0091, 'params': 632328, 'time_iter': 0.1219, 'accuracy': 0.9995}
train: {'epoch': 79, 'eta': 36.858, 'loss': 1.0259, 'lr': 0.0091, 'params': 632328, 'time_iter': 0.1403, 'accuracy': 0.9982}
val: {'epoch': 79, 'loss': 1.5659, 'lr': 0, 'params': 632328, 'time_iter': 0.0551, 'accuracy': 0.8579}
train: {'epoch': 80, 'eta': 36.8011, 'loss': 1.0348, 'lr': 0.009, 'params': 632328, 'time_iter': 0.13, 'accuracy': 0.9963}
train: {'epoch': 81, 'eta': 36.6858, 'loss': 1.0418, 'lr': 0.009, 'params': 632328, 'time_iter': 0.1154, 'accuracy': 0.9945}
train: {'epoch': 82, 'eta': 36.5618, 'loss': 1.0363, 'lr': 0.009, 'params': 632328, 'time_iter': 0.1131, 'accuracy': 0.9954}
train: {'epoch': 83, 'eta': 36.3771, 'loss': 1.0363, 'lr': 0.009, 'params': 632328, 'time_iter': 0.0969, 'accuracy': 0.9972}
train: {'epoch': 84, 'eta': 36.2726, 'loss': 1.0317, 'lr': 0.009, 'params': 632328, 'time_iter': 0.118, 'accuracy': 0.9986}
train: {'epoch': 85, 'eta': 36.2914, 'loss': 1.0281, 'lr': 0.0089, 'params': 632328, 'time_iter': 0.1519, 'accuracy': 0.9982}
train: {'epoch': 86, 'eta': 36.3052, 'loss': 1.0278, 'lr': 0.0089, 'params': 632328, 'time_iter': 0.1515, 'accuracy': 0.9986}
train: {'epoch': 87, 'eta': 36.1813, 'loss': 1.0253, 'lr': 0.0089, 'params': 632328, 'time_iter': 0.1138, 'accuracy': 1.0}
train: {'epoch': 88, 'eta': 36.0566, 'loss': 1.0225, 'lr': 0.0089, 'params': 632328, 'time_iter': 0.1135, 'accuracy': 1.0}
train: {'epoch': 89, 'eta': 35.9007, 'loss': 1.0221, 'lr': 0.0088, 'params': 632328, 'time_iter': 0.1043, 'accuracy': 1.0}
train: {'epoch': 90, 'eta': 35.7828, 'loss': 1.0218, 'lr': 0.0088, 'params': 632328, 'time_iter': 0.1152, 'accuracy': 1.0}
train: {'epoch': 91, 'eta': 35.6427, 'loss': 1.0204, 'lr': 0.0088, 'params': 632328, 'time_iter': 0.1085, 'accuracy': 1.0}
train: {'epoch': 92, 'eta': 35.5133, 'loss': 1.0194, 'lr': 0.0088, 'params': 632328, 'time_iter': 0.1116, 'accuracy': 1.0}
train: {'epoch': 93, 'eta': 35.3397, 'loss': 1.0185, 'lr': 0.0087, 'params': 632328, 'time_iter': 0.0979, 'accuracy': 1.0}
train: {'epoch': 94, 'eta': 35.1842, 'loss': 1.0179, 'lr': 0.0087, 'params': 632328, 'time_iter': 0.103, 'accuracy': 1.0}
train: {'epoch': 95, 'eta': 35.0458, 'loss': 1.0178, 'lr': 0.0087, 'params': 632328, 'time_iter': 0.1081, 'accuracy': 1.0}
train: {'epoch': 96, 'eta': 34.9005, 'loss': 1.0169, 'lr': 0.0086, 'params': 632328, 'time_iter': 0.1057, 'accuracy': 1.0}
train: {'epoch': 97, 'eta': 34.747, 'loss': 1.0164, 'lr': 0.0086, 'params': 632328, 'time_iter': 0.1027, 'accuracy': 1.0}
train: {'epoch': 98, 'eta': 34.5937, 'loss': 1.016, 'lr': 0.0086, 'params': 632328, 'time_iter': 0.1025, 'accuracy': 1.0}
train: {'epoch': 99, 'eta': 34.4346, 'loss': 1.0156, 'lr': 0.0086, 'params': 632328, 'time_iter': 0.1002, 'accuracy': 1.0}
val: {'epoch': 99, 'loss': 1.5477, 'lr': 0, 'params': 632328, 'time_iter': 0.0401, 'accuracy': 0.8524}
train: {'epoch': 100, 'eta': 34.2914, 'loss': 1.0154, 'lr': 0.0085, 'params': 632328, 'time_iter': 0.1052, 'accuracy': 1.0}
train: {'epoch': 101, 'eta': 34.1344, 'loss': 1.0151, 'lr': 0.0085, 'params': 632328, 'time_iter': 0.1002, 'accuracy': 1.0}
train: {'epoch': 102, 'eta': 33.9817, 'loss': 1.0148, 'lr': 0.0085, 'params': 632328, 'time_iter': 0.1013, 'accuracy': 1.0}
train: {'epoch': 103, 'eta': 33.832, 'loss': 1.0146, 'lr': 0.0085, 'params': 632328, 'time_iter': 0.102, 'accuracy': 1.0}
train: {'epoch': 104, 'eta': 33.7162, 'loss': 1.0145, 'lr': 0.0084, 'params': 632328, 'time_iter': 0.1138, 'accuracy': 1.0}
train: {'epoch': 105, 'eta': 33.5786, 'loss': 1.0142, 'lr': 0.0084, 'params': 632328, 'time_iter': 0.1059, 'accuracy': 1.0}
train: {'epoch': 106, 'eta': 33.4166, 'loss': 1.0141, 'lr': 0.0084, 'params': 632328, 'time_iter': 0.0968, 'accuracy': 1.0}
train: {'epoch': 107, 'eta': 33.2502, 'loss': 1.0138, 'lr': 0.0083, 'params': 632328, 'time_iter': 0.0947, 'accuracy': 1.0}
train: {'epoch': 108, 'eta': 33.1284, 'loss': 1.0137, 'lr': 0.0083, 'params': 632328, 'time_iter': 0.1109, 'accuracy': 1.0}
train: {'epoch': 109, 'eta': 32.9773, 'loss': 1.0135, 'lr': 0.0083, 'params': 632328, 'time_iter': 0.0997, 'accuracy': 1.0}
train: {'epoch': 110, 'eta': 32.8197, 'loss': 1.0134, 'lr': 0.0082, 'params': 632328, 'time_iter': 0.0969, 'accuracy': 1.0}
train: {'epoch': 111, 'eta': 32.6747, 'loss': 1.0133, 'lr': 0.0082, 'params': 632328, 'time_iter': 0.1013, 'accuracy': 1.0}
train: {'epoch': 112, 'eta': 32.5275, 'loss': 1.0135, 'lr': 0.0082, 'params': 632328, 'time_iter': 0.1001, 'accuracy': 1.0}
train: {'epoch': 113, 'eta': 32.3844, 'loss': 1.0271, 'lr': 0.0082, 'params': 632328, 'time_iter': 0.1015, 'accuracy': 0.9968}
train: {'epoch': 114, 'eta': 32.2653, 'loss': 1.7572, 'lr': 0.0081, 'params': 632328, 'time_iter': 0.1108, 'accuracy': 0.8375}
train: {'epoch': 115, 'eta': 32.1106, 'loss': 1.508, 'lr': 0.0081, 'params': 632328, 'time_iter': 0.0963, 'accuracy': 0.8578}
train: {'epoch': 116, 'eta': 31.9747, 'loss': 1.543, 'lr': 0.0081, 'params': 632328, 'time_iter': 0.1036, 'accuracy': 0.7862}
train: {'epoch': 117, 'eta': 31.8369, 'loss': 1.3618, 'lr': 0.008, 'params': 632328, 'time_iter': 0.1026, 'accuracy': 0.8994}
train: {'epoch': 118, 'eta': 31.7226, 'loss': 1.3164, 'lr': 0.008, 'params': 632328, 'time_iter': 0.1123, 'accuracy': 0.9275}
train: {'epoch': 119, 'eta': 31.6337, 'loss': 1.2658, 'lr': 0.008, 'params': 632328, 'time_iter': 0.1232, 'accuracy': 0.9414}
val: {'epoch': 119, 'loss': 1.4975, 'lr': 0, 'params': 632328, 'time_iter': 0.0672, 'accuracy': 0.8579}
train: {'epoch': 120, 'eta': 31.806, 'loss': 1.2208, 'lr': 0.0079, 'params': 632328, 'time_iter': 0.2367, 'accuracy': 0.9414}
train: {'epoch': 121, 'eta': 31.9173, 'loss': 1.197, 'lr': 0.0079, 'params': 632328, 'time_iter': 0.2129, 'accuracy': 0.9524}
train: {'epoch': 122, 'eta': 31.9265, 'loss': 1.175, 'lr': 0.0079, 'params': 632328, 'time_iter': 0.1699, 'accuracy': 0.958}
train: {'epoch': 123, 'eta': 31.9044, 'loss': 1.1584, 'lr': 0.0078, 'params': 632328, 'time_iter': 0.1571, 'accuracy': 0.9635}
train: {'epoch': 124, 'eta': 31.7732, 'loss': 1.1437, 'lr': 0.0078, 'params': 632328, 'time_iter': 0.1085, 'accuracy': 0.9686}
train: {'epoch': 125, 'eta': 31.641, 'loss': 1.1305, 'lr': 0.0078, 'params': 632328, 'time_iter': 0.1079, 'accuracy': 0.97}
train: {'epoch': 126, 'eta': 31.4845, 'loss': 1.1196, 'lr': 0.0077, 'params': 632328, 'time_iter': 0.0964, 'accuracy': 0.9746}
train: {'epoch': 127, 'eta': 31.3739, 'loss': 1.1107, 'lr': 0.0077, 'params': 632328, 'time_iter': 0.1176, 'accuracy': 0.9769}
train: {'epoch': 128, 'eta': 31.2264, 'loss': 1.1045, 'lr': 0.0077, 'params': 632328, 'time_iter': 0.1, 'accuracy': 0.9792}
train: {'epoch': 129, 'eta': 31.0807, 'loss': 1.099, 'lr': 0.0076, 'params': 632328, 'time_iter': 0.1005, 'accuracy': 0.9811}
train: {'epoch': 130, 'eta': 30.951, 'loss': 1.0934, 'lr': 0.0076, 'params': 632328, 'time_iter': 0.108, 'accuracy': 0.9829}
train: {'epoch': 131, 'eta': 30.7966, 'loss': 1.088, 'lr': 0.0076, 'params': 632328, 'time_iter': 0.0957, 'accuracy': 0.9857}
train: {'epoch': 132, 'eta': 30.7859, 'loss': 1.0825, 'lr': 0.0075, 'params': 632328, 'time_iter': 0.1668, 'accuracy': 0.9871}
train: {'epoch': 133, 'eta': 30.6592, 'loss': 1.0773, 'lr': 0.0075, 'params': 632328, 'time_iter': 0.1096, 'accuracy': 0.9889}
train: {'epoch': 134, 'eta': 30.5136, 'loss': 1.0729, 'lr': 0.0075, 'params': 632328, 'time_iter': 0.0998, 'accuracy': 0.9903}
train: {'epoch': 135, 'eta': 30.4079, 'loss': 1.069, 'lr': 0.0074, 'params': 632328, 'time_iter': 0.12, 'accuracy': 0.9917}
train: {'epoch': 136, 'eta': 30.2763, 'loss': 1.0654, 'lr': 0.0074, 'params': 632328, 'time_iter': 0.1066, 'accuracy': 0.9926}
train: {'epoch': 137, 'eta': 30.1386, 'loss': 1.0623, 'lr': 0.0074, 'params': 632328, 'time_iter': 0.1032, 'accuracy': 0.9926}
train: {'epoch': 138, 'eta': 30.0041, 'loss': 1.059, 'lr': 0.0073, 'params': 632328, 'time_iter': 0.1047, 'accuracy': 0.9926}
train: {'epoch': 139, 'eta': 29.8547, 'loss': 1.0555, 'lr': 0.0073, 'params': 632328, 'time_iter': 0.0964, 'accuracy': 0.9945}
val: {'epoch': 139, 'loss': 1.5038, 'lr': 0, 'params': 632328, 'time_iter': 0.0418, 'accuracy': 0.8745}
train: {'epoch': 140, 'eta': 29.7052, 'loss': 1.0525, 'lr': 0.0073, 'params': 632328, 'time_iter': 0.096, 'accuracy': 0.9949}
train: {'epoch': 141, 'eta': 29.562, 'loss': 1.0499, 'lr': 0.0072, 'params': 632328, 'time_iter': 0.099, 'accuracy': 0.9954}
train: {'epoch': 142, 'eta': 29.4443, 'loss': 1.048, 'lr': 0.0072, 'params': 632328, 'time_iter': 0.1129, 'accuracy': 0.9963}
train: {'epoch': 143, 'eta': 29.3038, 'loss': 1.0462, 'lr': 0.0072, 'params': 632328, 'time_iter': 0.1, 'accuracy': 0.9963}
train: {'epoch': 144, 'eta': 29.1791, 'loss': 1.0443, 'lr': 0.0071, 'params': 632328, 'time_iter': 0.1087, 'accuracy': 0.9963}
train: {'epoch': 145, 'eta': 29.0335, 'loss': 1.0427, 'lr': 0.0071, 'params': 632328, 'time_iter': 0.0965, 'accuracy': 0.9968}
train: {'epoch': 146, 'eta': 28.9052, 'loss': 1.0411, 'lr': 0.0071, 'params': 632328, 'time_iter': 0.1061, 'accuracy': 0.9972}
train: {'epoch': 147, 'eta': 28.7845, 'loss': 1.0397, 'lr': 0.007, 'params': 632328, 'time_iter': 0.1104, 'accuracy': 0.9972}
train: {'epoch': 148, 'eta': 28.6379, 'loss': 1.0382, 'lr': 0.007, 'params': 632328, 'time_iter': 0.0951, 'accuracy': 0.9972}
train: {'epoch': 149, 'eta': 28.5098, 'loss': 1.0369, 'lr': 0.0069, 'params': 632328, 'time_iter': 0.1057, 'accuracy': 0.9972}
train: {'epoch': 150, 'eta': 28.3716, 'loss': 1.0356, 'lr': 0.0069, 'params': 632328, 'time_iter': 0.0994, 'accuracy': 0.9972}
train: {'epoch': 151, 'eta': 28.2205, 'loss': 1.0346, 'lr': 0.0069, 'params': 632328, 'time_iter': 0.0912, 'accuracy': 0.9977}
train: {'epoch': 152, 'eta': 28.0952, 'loss': 1.0334, 'lr': 0.0068, 'params': 632328, 'time_iter': 0.1066, 'accuracy': 0.9982}
train: {'epoch': 153, 'eta': 27.9637, 'loss': 1.0325, 'lr': 0.0068, 'params': 632328, 'time_iter': 0.1026, 'accuracy': 0.9982}
train: {'epoch': 154, 'eta': 27.8232, 'loss': 1.0314, 'lr': 0.0068, 'params': 632328, 'time_iter': 0.0967, 'accuracy': 0.9982}
train: {'epoch': 155, 'eta': 27.6938, 'loss': 1.0305, 'lr': 0.0067, 'params': 632328, 'time_iter': 0.1035, 'accuracy': 0.9986}
train: {'epoch': 156, 'eta': 27.5686, 'loss': 1.0295, 'lr': 0.0067, 'params': 632328, 'time_iter': 0.1059, 'accuracy': 0.9982}
train: {'epoch': 157, 'eta': 27.4429, 'loss': 1.0287, 'lr': 0.0067, 'params': 632328, 'time_iter': 0.1055, 'accuracy': 0.9991}
train: {'epoch': 158, 'eta': 27.3399, 'loss': 1.0278, 'lr': 0.0066, 'params': 632328, 'time_iter': 0.1203, 'accuracy': 0.9986}
train: {'epoch': 159, 'eta': 27.2153, 'loss': 1.027, 'lr': 0.0066, 'params': 632328, 'time_iter': 0.106, 'accuracy': 0.9991}
val: {'epoch': 159, 'loss': 1.4941, 'lr': 0, 'params': 632328, 'time_iter': 0.0652, 'accuracy': 0.8653}
train: {'epoch': 160, 'eta': 27.1157, 'loss': 1.0262, 'lr': 0.0065, 'params': 632328, 'time_iter': 0.1227, 'accuracy': 0.9991}
train: {'epoch': 161, 'eta': 27.0499, 'loss': 1.0255, 'lr': 0.0065, 'params': 632328, 'time_iter': 0.1459, 'accuracy': 0.9991}
train: {'epoch': 162, 'eta': 26.9684, 'loss': 1.0248, 'lr': 0.0065, 'params': 632328, 'time_iter': 0.1358, 'accuracy': 0.9991}
train: {'epoch': 163, 'eta': 26.8622, 'loss': 1.0243, 'lr': 0.0064, 'params': 632328, 'time_iter': 0.119, 'accuracy': 0.9991}
train: {'epoch': 164, 'eta': 26.7678, 'loss': 1.0237, 'lr': 0.0064, 'params': 632328, 'time_iter': 0.1275, 'accuracy': 0.9991}
train: {'epoch': 165, 'eta': 26.6813, 'loss': 1.0248, 'lr': 0.0064, 'params': 632328, 'time_iter': 0.1333, 'accuracy': 0.9977}
train: {'epoch': 166, 'eta': 26.5824, 'loss': 1.0224, 'lr': 0.0063, 'params': 632328, 'time_iter': 0.1249, 'accuracy': 0.9995}
train: {'epoch': 167, 'eta': 26.4573, 'loss': 1.0216, 'lr': 0.0063, 'params': 632328, 'time_iter': 0.1061, 'accuracy': 0.9991}
train: {'epoch': 168, 'eta': 26.3495, 'loss': 1.0206, 'lr': 0.0062, 'params': 632328, 'time_iter': 0.1187, 'accuracy': 0.9991}
train: {'epoch': 169, 'eta': 26.2358, 'loss': 1.0199, 'lr': 0.0062, 'params': 632328, 'time_iter': 0.1143, 'accuracy': 1.0}
train: {'epoch': 170, 'eta': 26.1049, 'loss': 1.0196, 'lr': 0.0062, 'params': 632328, 'time_iter': 0.1015, 'accuracy': 1.0}
train: {'epoch': 171, 'eta': 26.0063, 'loss': 1.0194, 'lr': 0.0061, 'params': 632328, 'time_iter': 0.1256, 'accuracy': 1.0}
train: {'epoch': 172, 'eta': 25.8618, 'loss': 1.0201, 'lr': 0.0061, 'params': 632328, 'time_iter': 0.0909, 'accuracy': 0.9991}
train: {'epoch': 173, 'eta': 25.7291, 'loss': 1.0232, 'lr': 0.0061, 'params': 632328, 'time_iter': 0.0995, 'accuracy': 0.9995}
train: {'epoch': 174, 'eta': 25.5986, 'loss': 1.072, 'lr': 0.006, 'params': 632328, 'time_iter': 0.1008, 'accuracy': 0.988}
train: {'epoch': 175, 'eta': 25.4682, 'loss': 1.0612, 'lr': 0.006, 'params': 632328, 'time_iter': 0.1007, 'accuracy': 0.9894}
train: {'epoch': 176, 'eta': 25.3306, 'loss': 1.0494, 'lr': 0.0059, 'params': 632328, 'time_iter': 0.0947, 'accuracy': 0.9931}
train: {'epoch': 177, 'eta': 25.2122, 'loss': 1.0572, 'lr': 0.0059, 'params': 632328, 'time_iter': 0.1097, 'accuracy': 0.9885}
train: {'epoch': 178, 'eta': 25.0767, 'loss': 1.0493, 'lr': 0.0059, 'params': 632328, 'time_iter': 0.0959, 'accuracy': 0.9912}
train: {'epoch': 179, 'eta': 24.9569, 'loss': 1.0451, 'lr': 0.0058, 'params': 632328, 'time_iter': 0.1082, 'accuracy': 0.9945}
val: {'epoch': 179, 'loss': 1.5276, 'lr': 0, 'params': 632328, 'time_iter': 0.0478, 'accuracy': 0.8542}
train: {'epoch': 180, 'eta': 24.8169, 'loss': 1.0404, 'lr': 0.0058, 'params': 632328, 'time_iter': 0.0915, 'accuracy': 0.9963}
train: {'epoch': 181, 'eta': 24.698, 'loss': 1.038, 'lr': 0.0057, 'params': 632328, 'time_iter': 0.1086, 'accuracy': 0.9977}
train: {'epoch': 182, 'eta': 24.5752, 'loss': 1.0383, 'lr': 0.0057, 'params': 632328, 'time_iter': 0.1053, 'accuracy': 0.9968}
train: {'epoch': 183, 'eta': 24.4446, 'loss': 1.0328, 'lr': 0.0057, 'params': 632328, 'time_iter': 0.0985, 'accuracy': 0.9977}
train: {'epoch': 184, 'eta': 24.327, 'loss': 1.031, 'lr': 0.0056, 'params': 632328, 'time_iter': 0.1093, 'accuracy': 0.9977}
train: {'epoch': 185, 'eta': 24.1992, 'loss': 1.0286, 'lr': 0.0056, 'params': 632328, 'time_iter': 0.1004, 'accuracy': 0.9977}
train: {'epoch': 186, 'eta': 24.0714, 'loss': 1.0276, 'lr': 0.0055, 'params': 632328, 'time_iter': 0.1002, 'accuracy': 0.9991}
train: {'epoch': 187, 'eta': 23.9518, 'loss': 1.0261, 'lr': 0.0055, 'params': 632328, 'time_iter': 0.1071, 'accuracy': 0.9995}
train: {'epoch': 188, 'eta': 23.8191, 'loss': 1.025, 'lr': 0.0055, 'params': 632328, 'time_iter': 0.0953, 'accuracy': 0.9986}
train: {'epoch': 189, 'eta': 23.6978, 'loss': 1.0236, 'lr': 0.0054, 'params': 632328, 'time_iter': 0.1053, 'accuracy': 1.0}
train: {'epoch': 190, 'eta': 23.5669, 'loss': 1.0225, 'lr': 0.0054, 'params': 632328, 'time_iter': 0.0964, 'accuracy': 1.0}
train: {'epoch': 191, 'eta': 23.4469, 'loss': 1.0213, 'lr': 0.0054, 'params': 632328, 'time_iter': 0.106, 'accuracy': 1.0}
train: {'epoch': 192, 'eta': 23.3258, 'loss': 1.0208, 'lr': 0.0053, 'params': 632328, 'time_iter': 0.1049, 'accuracy': 1.0}
train: {'epoch': 193, 'eta': 23.2079, 'loss': 1.0203, 'lr': 0.0053, 'params': 632328, 'time_iter': 0.1078, 'accuracy': 1.0}
train: {'epoch': 194, 'eta': 23.1455, 'loss': 1.0195, 'lr': 0.0052, 'params': 632328, 'time_iter': 0.1605, 'accuracy': 1.0}
train: {'epoch': 195, 'eta': 23.0412, 'loss': 1.0188, 'lr': 0.0052, 'params': 632328, 'time_iter': 0.1212, 'accuracy': 1.0}
train: {'epoch': 196, 'eta': 22.9128, 'loss': 1.0183, 'lr': 0.0052, 'params': 632328, 'time_iter': 0.0979, 'accuracy': 1.0}
train: {'epoch': 197, 'eta': 22.7963, 'loss': 1.0178, 'lr': 0.0051, 'params': 632328, 'time_iter': 0.1093, 'accuracy': 1.0}
train: {'epoch': 198, 'eta': 22.6682, 'loss': 1.0172, 'lr': 0.0051, 'params': 632328, 'time_iter': 0.0978, 'accuracy': 1.0}
train: {'epoch': 199, 'eta': 22.5516, 'loss': 1.0169, 'lr': 0.005, 'params': 632328, 'time_iter': 0.1089, 'accuracy': 1.0}
val: {'epoch': 199, 'loss': 1.5535, 'lr': 0, 'params': 632328, 'time_iter': 0.0452, 'accuracy': 0.8616}
train: {'epoch': 200, 'eta': 22.4203, 'loss': 1.0165, 'lr': 0.005, 'params': 632328, 'time_iter': 0.094, 'accuracy': 1.0}
train: {'epoch': 201, 'eta': 22.302, 'loss': 1.0162, 'lr': 0.005, 'params': 632328, 'time_iter': 0.1069, 'accuracy': 1.0}
train: {'epoch': 202, 'eta': 22.182, 'loss': 1.0159, 'lr': 0.0049, 'params': 632328, 'time_iter': 0.1051, 'accuracy': 1.0}
train: {'epoch': 203, 'eta': 22.0913, 'loss': 1.0157, 'lr': 0.0049, 'params': 632328, 'time_iter': 0.1354, 'accuracy': 1.0}
train: {'epoch': 204, 'eta': 22.0004, 'loss': 1.0155, 'lr': 0.0048, 'params': 632328, 'time_iter': 0.1356, 'accuracy': 1.0}
train: {'epoch': 205, 'eta': 21.8958, 'loss': 1.0154, 'lr': 0.0048, 'params': 632328, 'time_iter': 0.1215, 'accuracy': 1.0}
train: {'epoch': 206, 'eta': 21.8948, 'loss': 1.0152, 'lr': 0.0048, 'params': 632328, 'time_iter': 0.2329, 'accuracy': 1.0}
train: {'epoch': 207, 'eta': 21.8538, 'loss': 1.0151, 'lr': 0.0047, 'params': 632328, 'time_iter': 0.1919, 'accuracy': 1.0}
train: {'epoch': 208, 'eta': 21.799, 'loss': 1.0149, 'lr': 0.0047, 'params': 632328, 'time_iter': 0.1785, 'accuracy': 1.0}
train: {'epoch': 209, 'eta': 21.7033, 'loss': 1.0147, 'lr': 0.0046, 'params': 632328, 'time_iter': 0.1345, 'accuracy': 1.0}
train: {'epoch': 210, 'eta': 21.5942, 'loss': 1.0146, 'lr': 0.0046, 'params': 632328, 'time_iter': 0.1199, 'accuracy': 1.0}
train: {'epoch': 211, 'eta': 21.4632, 'loss': 1.0145, 'lr': 0.0046, 'params': 632328, 'time_iter': 0.0953, 'accuracy': 1.0}
train: {'epoch': 212, 'eta': 21.3595, 'loss': 1.0144, 'lr': 0.0045, 'params': 632328, 'time_iter': 0.1262, 'accuracy': 1.0}
train: {'epoch': 213, 'eta': 21.2264, 'loss': 1.0143, 'lr': 0.0045, 'params': 632328, 'time_iter': 0.0925, 'accuracy': 1.0}
train: {'epoch': 214, 'eta': 21.1088, 'loss': 1.0142, 'lr': 0.0045, 'params': 632328, 'time_iter': 0.1101, 'accuracy': 1.0}
train: {'epoch': 215, 'eta': 20.9849, 'loss': 1.0141, 'lr': 0.0044, 'params': 632328, 'time_iter': 0.1026, 'accuracy': 1.0}
train: {'epoch': 216, 'eta': 20.8664, 'loss': 1.014, 'lr': 0.0044, 'params': 632328, 'time_iter': 0.1087, 'accuracy': 1.0}
train: {'epoch': 217, 'eta': 20.7431, 'loss': 1.014, 'lr': 0.0043, 'params': 632328, 'time_iter': 0.1029, 'accuracy': 1.0}
train: {'epoch': 218, 'eta': 20.6136, 'loss': 1.0139, 'lr': 0.0043, 'params': 632328, 'time_iter': 0.0952, 'accuracy': 1.0}
train: {'epoch': 219, 'eta': 20.4932, 'loss': 1.0139, 'lr': 0.0043, 'params': 632328, 'time_iter': 0.106, 'accuracy': 1.0}
val: {'epoch': 219, 'loss': 1.5673, 'lr': 0, 'params': 632328, 'time_iter': 0.0591, 'accuracy': 0.8616}
train: {'epoch': 220, 'eta': 20.4059, 'loss': 1.0138, 'lr': 0.0042, 'params': 632328, 'time_iter': 0.1467, 'accuracy': 1.0}
train: {'epoch': 221, 'eta': 20.3201, 'loss': 1.0138, 'lr': 0.0042, 'params': 632328, 'time_iter': 0.1491, 'accuracy': 1.0}
train: {'epoch': 222, 'eta': 20.2596, 'loss': 1.0137, 'lr': 0.0041, 'params': 632328, 'time_iter': 0.1818, 'accuracy': 1.0}
train: {'epoch': 223, 'eta': 20.1723, 'loss': 1.0137, 'lr': 0.0041, 'params': 632328, 'time_iter': 0.149, 'accuracy': 1.0}
train: {'epoch': 224, 'eta': 20.1527, 'loss': 1.0136, 'lr': 0.0041, 'params': 632328, 'time_iter': 0.2367, 'accuracy': 1.0}
train: {'epoch': 225, 'eta': 20.078, 'loss': 1.0136, 'lr': 0.004, 'params': 632328, 'time_iter': 0.1678, 'accuracy': 1.0}
train: {'epoch': 226, 'eta': 19.9951, 'loss': 1.0138, 'lr': 0.004, 'params': 632328, 'time_iter': 0.158, 'accuracy': 1.0}
train: {'epoch': 227, 'eta': 19.901, 'loss': 1.0149, 'lr': 0.0039, 'params': 632328, 'time_iter': 0.1441, 'accuracy': 1.0}
train: {'epoch': 228, 'eta': 19.8054, 'loss': 1.0382, 'lr': 0.0039, 'params': 632328, 'time_iter': 0.1426, 'accuracy': 0.9958}
train: {'epoch': 229, 'eta': 19.7105, 'loss': 1.109, 'lr': 0.0039, 'params': 632328, 'time_iter': 0.1441, 'accuracy': 0.9741}
train: {'epoch': 230, 'eta': 19.6319, 'loss': 1.1545, 'lr': 0.0038, 'params': 632328, 'time_iter': 0.167, 'accuracy': 0.9654}
train: {'epoch': 231, 'eta': 19.5219, 'loss': 1.1352, 'lr': 0.0038, 'params': 632328, 'time_iter': 0.1247, 'accuracy': 0.9663}
train: {'epoch': 232, 'eta': 19.422, 'loss': 1.1122, 'lr': 0.0038, 'params': 632328, 'time_iter': 0.139, 'accuracy': 0.976}
train: {'epoch': 233, 'eta': 19.3175, 'loss': 1.0884, 'lr': 0.0037, 'params': 632328, 'time_iter': 0.1329, 'accuracy': 0.9765}
train: {'epoch': 234, 'eta': 19.2156, 'loss': 1.0863, 'lr': 0.0037, 'params': 632328, 'time_iter': 0.1369, 'accuracy': 0.9829}
train: {'epoch': 235, 'eta': 19.1185, 'loss': 1.0804, 'lr': 0.0036, 'params': 632328, 'time_iter': 0.1443, 'accuracy': 0.988}
train: {'epoch': 236, 'eta': 18.9959, 'loss': 1.0715, 'lr': 0.0036, 'params': 632328, 'time_iter': 0.1079, 'accuracy': 0.9875}
train: {'epoch': 237, 'eta': 18.8778, 'loss': 1.0638, 'lr': 0.0036, 'params': 632328, 'time_iter': 0.1142, 'accuracy': 0.9894}
train: {'epoch': 238, 'eta': 18.7603, 'loss': 1.0565, 'lr': 0.0035, 'params': 632328, 'time_iter': 0.1152, 'accuracy': 0.9931}
train: {'epoch': 239, 'eta': 18.6427, 'loss': 1.0509, 'lr': 0.0035, 'params': 632328, 'time_iter': 0.1149, 'accuracy': 0.9949}
val: {'epoch': 239, 'loss': 1.5272, 'lr': 0, 'params': 632328, 'time_iter': 0.0584, 'accuracy': 0.8672}
train: {'epoch': 240, 'eta': 18.5239, 'loss': 1.0461, 'lr': 0.0035, 'params': 632328, 'time_iter': 0.1131, 'accuracy': 0.9949}
train: {'epoch': 241, 'eta': 18.4068, 'loss': 1.0423, 'lr': 0.0034, 'params': 632328, 'time_iter': 0.1155, 'accuracy': 0.9958}
train: {'epoch': 242, 'eta': 18.346, 'loss': 1.0398, 'lr': 0.0034, 'params': 632328, 'time_iter': 0.2029, 'accuracy': 0.9972}
train: {'epoch': 243, 'eta': 18.2721, 'loss': 1.037, 'lr': 0.0033, 'params': 632328, 'time_iter': 0.1839, 'accuracy': 0.9972}
train: {'epoch': 244, 'eta': 18.1784, 'loss': 1.0342, 'lr': 0.0033, 'params': 632328, 'time_iter': 0.1541, 'accuracy': 0.9977}
train: {'epoch': 245, 'eta': 18.0813, 'loss': 1.0321, 'lr': 0.0033, 'params': 632328, 'time_iter': 0.1496, 'accuracy': 0.9982}
train: {'epoch': 246, 'eta': 17.9987, 'loss': 1.03, 'lr': 0.0032, 'params': 632328, 'time_iter': 0.1735, 'accuracy': 0.9986}
train: {'epoch': 247, 'eta': 17.8935, 'loss': 1.0281, 'lr': 0.0032, 'params': 632328, 'time_iter': 0.1381, 'accuracy': 0.9995}
train: {'epoch': 248, 'eta': 17.7614, 'loss': 1.0267, 'lr': 0.0032, 'params': 632328, 'time_iter': 0.0939, 'accuracy': 0.9995}
train: {'epoch': 249, 'eta': 17.6397, 'loss': 1.0255, 'lr': 0.0031, 'params': 632328, 'time_iter': 0.1109, 'accuracy': 0.9995}
train: {'epoch': 250, 'eta': 17.5099, 'loss': 1.0245, 'lr': 0.0031, 'params': 632328, 'time_iter': 0.097, 'accuracy': 0.9995}
train: {'epoch': 251, 'eta': 17.3875, 'loss': 1.0236, 'lr': 0.0031, 'params': 632328, 'time_iter': 0.1092, 'accuracy': 0.9995}
train: {'epoch': 252, 'eta': 17.2578, 'loss': 1.0228, 'lr': 0.003, 'params': 632328, 'time_iter': 0.0965, 'accuracy': 0.9995}
train: {'epoch': 253, 'eta': 17.1303, 'loss': 1.0221, 'lr': 0.003, 'params': 632328, 'time_iter': 0.0999, 'accuracy': 0.9995}
train: {'epoch': 254, 'eta': 17.0062, 'loss': 1.0214, 'lr': 0.0029, 'params': 632328, 'time_iter': 0.1054, 'accuracy': 1.0}
train: {'epoch': 255, 'eta': 16.9145, 'loss': 1.0207, 'lr': 0.0029, 'params': 632328, 'time_iter': 0.1628, 'accuracy': 1.0}
train: {'epoch': 256, 'eta': 16.7967, 'loss': 1.0202, 'lr': 0.0029, 'params': 632328, 'time_iter': 0.1168, 'accuracy': 1.0}
train: {'epoch': 257, 'eta': 16.6695, 'loss': 1.0196, 'lr': 0.0028, 'params': 632328, 'time_iter': 0.0999, 'accuracy': 1.0}
train: {'epoch': 258, 'eta': 16.5449, 'loss': 1.0191, 'lr': 0.0028, 'params': 632328, 'time_iter': 0.1041, 'accuracy': 1.0}
train: {'epoch': 259, 'eta': 16.4199, 'loss': 1.0187, 'lr': 0.0028, 'params': 632328, 'time_iter': 0.103, 'accuracy': 1.0}
val: {'epoch': 259, 'loss': 1.5224, 'lr': 0, 'params': 632328, 'time_iter': 0.0443, 'accuracy': 0.8653}
train: {'epoch': 260, 'eta': 16.2942, 'loss': 1.0183, 'lr': 0.0027, 'params': 632328, 'time_iter': 0.1015, 'accuracy': 1.0}
train: {'epoch': 261, 'eta': 16.1714, 'loss': 1.018, 'lr': 0.0027, 'params': 632328, 'time_iter': 0.1068, 'accuracy': 1.0}
train: {'epoch': 262, 'eta': 16.043, 'loss': 1.0177, 'lr': 0.0027, 'params': 632328, 'time_iter': 0.0956, 'accuracy': 1.0}
train: {'epoch': 263, 'eta': 15.9218, 'loss': 1.0174, 'lr': 0.0026, 'params': 632328, 'time_iter': 0.1093, 'accuracy': 1.0}
train: {'epoch': 264, 'eta': 15.795, 'loss': 1.0172, 'lr': 0.0026, 'params': 632328, 'time_iter': 0.0979, 'accuracy': 1.0}
train: {'epoch': 265, 'eta': 15.675, 'loss': 1.017, 'lr': 0.0026, 'params': 632328, 'time_iter': 0.111, 'accuracy': 1.0}
train: {'epoch': 266, 'eta': 15.5492, 'loss': 1.0168, 'lr': 0.0025, 'params': 632328, 'time_iter': 0.0994, 'accuracy': 1.0}
train: {'epoch': 267, 'eta': 15.4241, 'loss': 1.0166, 'lr': 0.0025, 'params': 632328, 'time_iter': 0.1002, 'accuracy': 1.0}
train: {'epoch': 268, 'eta': 15.3009, 'loss': 1.0164, 'lr': 0.0025, 'params': 632328, 'time_iter': 0.1039, 'accuracy': 1.0}
train: {'epoch': 269, 'eta': 15.1799, 'loss': 1.0163, 'lr': 0.0024, 'params': 632328, 'time_iter': 0.108, 'accuracy': 1.0}
train: {'epoch': 270, 'eta': 15.0512, 'loss': 1.0161, 'lr': 0.0024, 'params': 632328, 'time_iter': 0.0917, 'accuracy': 1.0}
train: {'epoch': 271, 'eta': 14.9278, 'loss': 1.016, 'lr': 0.0024, 'params': 632328, 'time_iter': 0.1024, 'accuracy': 1.0}
train: {'epoch': 272, 'eta': 14.8024, 'loss': 1.0159, 'lr': 0.0023, 'params': 632328, 'time_iter': 0.0979, 'accuracy': 1.0}
train: {'epoch': 273, 'eta': 14.677, 'loss': 1.0158, 'lr': 0.0023, 'params': 632328, 'time_iter': 0.0972, 'accuracy': 1.0}
train: {'epoch': 274, 'eta': 14.5563, 'loss': 1.0157, 'lr': 0.0023, 'params': 632328, 'time_iter': 0.1072, 'accuracy': 1.0}
train: {'epoch': 275, 'eta': 14.4331, 'loss': 1.0156, 'lr': 0.0022, 'params': 632328, 'time_iter': 0.1015, 'accuracy': 1.0}
train: {'epoch': 276, 'eta': 14.3135, 'loss': 1.0155, 'lr': 0.0022, 'params': 632328, 'time_iter': 0.1091, 'accuracy': 1.0}
train: {'epoch': 277, 'eta': 14.1852, 'loss': 1.0154, 'lr': 0.0022, 'params': 632328, 'time_iter': 0.0894, 'accuracy': 1.0}
train: {'epoch': 278, 'eta': 14.0721, 'loss': 1.0154, 'lr': 0.0021, 'params': 632328, 'time_iter': 0.1236, 'accuracy': 1.0}
train: {'epoch': 279, 'eta': 13.9603, 'loss': 1.0153, 'lr': 0.0021, 'params': 632328, 'time_iter': 0.1267, 'accuracy': 1.0}
val: {'epoch': 279, 'loss': 1.5158, 'lr': 0, 'params': 632328, 'time_iter': 0.0834, 'accuracy': 0.8616}
train: {'epoch': 280, 'eta': 13.8784, 'loss': 1.0152, 'lr': 0.0021, 'params': 632328, 'time_iter': 0.1977, 'accuracy': 1.0}
train: {'epoch': 281, 'eta': 13.8238, 'loss': 1.0152, 'lr': 0.002, 'params': 632328, 'time_iter': 0.2647, 'accuracy': 1.0}
train: {'epoch': 282, 'eta': 13.7334, 'loss': 1.0151, 'lr': 0.002, 'params': 632328, 'time_iter': 0.1819, 'accuracy': 1.0}
train: {'epoch': 283, 'eta': 13.6243, 'loss': 1.0151, 'lr': 0.002, 'params': 632328, 'time_iter': 0.1377, 'accuracy': 1.0}
train: {'epoch': 284, 'eta': 13.5108, 'loss': 1.015, 'lr': 0.0019, 'params': 632328, 'time_iter': 0.1273, 'accuracy': 1.0}
train: {'epoch': 285, 'eta': 13.3887, 'loss': 1.015, 'lr': 0.0019, 'params': 632328, 'time_iter': 0.1058, 'accuracy': 1.0}
train: {'epoch': 286, 'eta': 13.2636, 'loss': 1.0149, 'lr': 0.0019, 'params': 632328, 'time_iter': 0.098, 'accuracy': 1.0}
train: {'epoch': 287, 'eta': 13.1427, 'loss': 1.0149, 'lr': 0.0018, 'params': 632328, 'time_iter': 0.1083, 'accuracy': 1.0}
train: {'epoch': 288, 'eta': 13.027, 'loss': 1.0149, 'lr': 0.0018, 'params': 632328, 'time_iter': 0.1217, 'accuracy': 1.0}
train: {'epoch': 289, 'eta': 12.9052, 'loss': 1.0148, 'lr': 0.0018, 'params': 632328, 'time_iter': 0.1057, 'accuracy': 1.0}
train: {'epoch': 290, 'eta': 12.7805, 'loss': 1.0148, 'lr': 0.0018, 'params': 632328, 'time_iter': 0.0975, 'accuracy': 1.0}
train: {'epoch': 291, 'eta': 12.6552, 'loss': 1.0148, 'lr': 0.0017, 'params': 632328, 'time_iter': 0.0956, 'accuracy': 1.0}
train: {'epoch': 292, 'eta': 12.5359, 'loss': 1.0147, 'lr': 0.0017, 'params': 632328, 'time_iter': 0.1113, 'accuracy': 1.0}
train: {'epoch': 293, 'eta': 12.4124, 'loss': 1.0147, 'lr': 0.0017, 'params': 632328, 'time_iter': 0.0996, 'accuracy': 1.0}
train: {'epoch': 294, 'eta': 12.2892, 'loss': 1.0147, 'lr': 0.0016, 'params': 632328, 'time_iter': 0.1, 'accuracy': 1.0}
train: {'epoch': 295, 'eta': 12.1656, 'loss': 1.0147, 'lr': 0.0016, 'params': 632328, 'time_iter': 0.0983, 'accuracy': 1.0}
train: {'epoch': 296, 'eta': 12.0419, 'loss': 1.0147, 'lr': 0.0016, 'params': 632328, 'time_iter': 0.0974, 'accuracy': 1.0}
train: {'epoch': 297, 'eta': 11.9221, 'loss': 1.0146, 'lr': 0.0015, 'params': 632328, 'time_iter': 0.1087, 'accuracy': 1.0}
train: {'epoch': 298, 'eta': 11.7982, 'loss': 1.0146, 'lr': 0.0015, 'params': 632328, 'time_iter': 0.0962, 'accuracy': 1.0}
train: {'epoch': 299, 'eta': 11.6773, 'loss': 1.0146, 'lr': 0.0015, 'params': 632328, 'time_iter': 0.1044, 'accuracy': 1.0}
val: {'epoch': 299, 'loss': 1.5156, 'lr': 0, 'params': 632328, 'time_iter': 0.043, 'accuracy': 0.8672}
train: {'epoch': 300, 'eta': 11.5511, 'loss': 1.0146, 'lr': 0.0015, 'params': 632328, 'time_iter': 0.0882, 'accuracy': 1.0}
train: {'epoch': 301, 'eta': 11.431, 'loss': 1.0146, 'lr': 0.0014, 'params': 632328, 'time_iter': 0.1061, 'accuracy': 1.0}
train: {'epoch': 302, 'eta': 11.3082, 'loss': 1.0145, 'lr': 0.0014, 'params': 632328, 'time_iter': 0.0972, 'accuracy': 1.0}
train: {'epoch': 303, 'eta': 11.1855, 'loss': 1.0145, 'lr': 0.0014, 'params': 632328, 'time_iter': 0.0975, 'accuracy': 1.0}
train: {'epoch': 304, 'eta': 11.0651, 'loss': 1.0145, 'lr': 0.0014, 'params': 632328, 'time_iter': 0.1038, 'accuracy': 1.0}
train: {'epoch': 305, 'eta': 10.9437, 'loss': 1.0145, 'lr': 0.0013, 'params': 632328, 'time_iter': 0.1006, 'accuracy': 1.0}
train: {'epoch': 306, 'eta': 10.8214, 'loss': 1.0145, 'lr': 0.0013, 'params': 632328, 'time_iter': 0.097, 'accuracy': 1.0}
train: {'epoch': 307, 'eta': 10.7015, 'loss': 1.0145, 'lr': 0.0013, 'params': 632328, 'time_iter': 0.1047, 'accuracy': 1.0}
train: {'epoch': 308, 'eta': 10.5814, 'loss': 1.0145, 'lr': 0.0012, 'params': 632328, 'time_iter': 0.1033, 'accuracy': 1.0}
train: {'epoch': 309, 'eta': 10.4605, 'loss': 1.0144, 'lr': 0.0012, 'params': 632328, 'time_iter': 0.1005, 'accuracy': 1.0}
train: {'epoch': 310, 'eta': 10.3403, 'loss': 1.0144, 'lr': 0.0012, 'params': 632328, 'time_iter': 0.1022, 'accuracy': 1.0}
train: {'epoch': 311, 'eta': 10.2182, 'loss': 1.0144, 'lr': 0.0012, 'params': 632328, 'time_iter': 0.0953, 'accuracy': 1.0}
train: {'epoch': 312, 'eta': 10.0985, 'loss': 1.0144, 'lr': 0.0011, 'params': 632328, 'time_iter': 0.1033, 'accuracy': 1.0}
train: {'epoch': 313, 'eta': 9.98, 'loss': 1.0144, 'lr': 0.0011, 'params': 632328, 'time_iter': 0.1072, 'accuracy': 1.0}
train: {'epoch': 314, 'eta': 9.8587, 'loss': 1.0144, 'lr': 0.0011, 'params': 632328, 'time_iter': 0.0965, 'accuracy': 1.0}
train: {'epoch': 315, 'eta': 9.7404, 'loss': 1.0144, 'lr': 0.0011, 'params': 632328, 'time_iter': 0.1074, 'accuracy': 1.0}
train: {'epoch': 316, 'eta': 9.6219, 'loss': 1.0144, 'lr': 0.001, 'params': 632328, 'time_iter': 0.1063, 'accuracy': 1.0}
train: {'epoch': 317, 'eta': 9.518, 'loss': 1.0143, 'lr': 0.001, 'params': 632328, 'time_iter': 0.1626, 'accuracy': 1.0}
train: {'epoch': 318, 'eta': 9.4015, 'loss': 1.0143, 'lr': 0.001, 'params': 632328, 'time_iter': 0.1141, 'accuracy': 1.0}
train: {'epoch': 319, 'eta': 9.2823, 'loss': 1.0143, 'lr': 0.001, 'params': 632328, 'time_iter': 0.1037, 'accuracy': 1.0}
val: {'epoch': 319, 'loss': 1.5175, 'lr': 0, 'params': 632328, 'time_iter': 0.056, 'accuracy': 0.8672}
train: {'epoch': 320, 'eta': 9.1658, 'loss': 1.0143, 'lr': 0.001, 'params': 632328, 'time_iter': 0.114, 'accuracy': 1.0}
train: {'epoch': 321, 'eta': 9.0629, 'loss': 1.0143, 'lr': 0.0009, 'params': 632328, 'time_iter': 0.1705, 'accuracy': 1.0}
train: {'epoch': 322, 'eta': 8.9531, 'loss': 1.0143, 'lr': 0.0009, 'params': 632328, 'time_iter': 0.143, 'accuracy': 1.0}
train: {'epoch': 323, 'eta': 8.8413, 'loss': 1.0143, 'lr': 0.0009, 'params': 632328, 'time_iter': 0.1352, 'accuracy': 1.0}
train: {'epoch': 324, 'eta': 8.7254, 'loss': 1.0143, 'lr': 0.0009, 'params': 632328, 'time_iter': 0.1183, 'accuracy': 1.0}
train: {'epoch': 325, 'eta': 8.6147, 'loss': 1.0143, 'lr': 0.0008, 'params': 632328, 'time_iter': 0.1412, 'accuracy': 1.0}
train: {'epoch': 326, 'eta': 8.4972, 'loss': 1.0143, 'lr': 0.0008, 'params': 632328, 'time_iter': 0.1115, 'accuracy': 1.0}
train: {'epoch': 327, 'eta': 8.3803, 'loss': 1.0143, 'lr': 0.0008, 'params': 632328, 'time_iter': 0.1139, 'accuracy': 1.0}
train: {'epoch': 328, 'eta': 8.2612, 'loss': 1.0143, 'lr': 0.0008, 'params': 632328, 'time_iter': 0.1038, 'accuracy': 1.0}
train: {'epoch': 329, 'eta': 8.1415, 'loss': 1.0142, 'lr': 0.0008, 'params': 632328, 'time_iter': 0.1009, 'accuracy': 1.0}
train: {'epoch': 330, 'eta': 8.0252, 'loss': 1.0142, 'lr': 0.0007, 'params': 632328, 'time_iter': 0.1163, 'accuracy': 1.0}
train: {'epoch': 331, 'eta': 7.9104, 'loss': 1.0142, 'lr': 0.0007, 'params': 632328, 'time_iter': 0.1238, 'accuracy': 1.0}
train: {'epoch': 332, 'eta': 7.7922, 'loss': 1.0142, 'lr': 0.0007, 'params': 632328, 'time_iter': 0.107, 'accuracy': 1.0}
train: {'epoch': 333, 'eta': 7.6709, 'loss': 1.0142, 'lr': 0.0007, 'params': 632328, 'time_iter': 0.0908, 'accuracy': 1.0}
train: {'epoch': 334, 'eta': 7.5551, 'loss': 1.0142, 'lr': 0.0007, 'params': 632328, 'time_iter': 0.1186, 'accuracy': 1.0}
train: {'epoch': 335, 'eta': 7.4369, 'loss': 1.0142, 'lr': 0.0006, 'params': 632328, 'time_iter': 0.1057, 'accuracy': 1.0}
train: {'epoch': 336, 'eta': 7.3175, 'loss': 1.0142, 'lr': 0.0006, 'params': 632328, 'time_iter': 0.0992, 'accuracy': 1.0}
train: {'epoch': 337, 'eta': 7.202, 'loss': 1.0142, 'lr': 0.0006, 'params': 632328, 'time_iter': 0.1198, 'accuracy': 1.0}
train: {'epoch': 338, 'eta': 7.0844, 'loss': 1.0142, 'lr': 0.0006, 'params': 632328, 'time_iter': 0.1078, 'accuracy': 1.0}
train: {'epoch': 339, 'eta': 6.9694, 'loss': 1.0142, 'lr': 0.0006, 'params': 632328, 'time_iter': 0.123, 'accuracy': 1.0}
val: {'epoch': 339, 'loss': 1.5205, 'lr': 0, 'params': 632328, 'time_iter': 0.0465, 'accuracy': 0.8672}
train: {'epoch': 340, 'eta': 6.8498, 'loss': 1.0142, 'lr': 0.0005, 'params': 632328, 'time_iter': 0.0962, 'accuracy': 1.0}
train: {'epoch': 341, 'eta': 6.7324, 'loss': 1.0142, 'lr': 0.0005, 'params': 632328, 'time_iter': 0.1084, 'accuracy': 1.0}
train: {'epoch': 342, 'eta': 6.614, 'loss': 1.0142, 'lr': 0.0005, 'params': 632328, 'time_iter': 0.1022, 'accuracy': 1.0}
train: {'epoch': 343, 'eta': 6.497, 'loss': 1.0142, 'lr': 0.0005, 'params': 632328, 'time_iter': 0.1102, 'accuracy': 1.0}
train: {'epoch': 344, 'eta': 6.3791, 'loss': 1.0142, 'lr': 0.0005, 'params': 632328, 'time_iter': 0.1038, 'accuracy': 1.0}
train: {'epoch': 345, 'eta': 6.2616, 'loss': 1.0142, 'lr': 0.0005, 'params': 632328, 'time_iter': 0.1066, 'accuracy': 1.0}
train: {'epoch': 346, 'eta': 6.1432, 'loss': 1.0142, 'lr': 0.0004, 'params': 632328, 'time_iter': 0.1, 'accuracy': 1.0}
train: {'epoch': 347, 'eta': 6.0256, 'loss': 1.0142, 'lr': 0.0004, 'params': 632328, 'time_iter': 0.1043, 'accuracy': 1.0}
train: {'epoch': 348, 'eta': 5.9075, 'loss': 1.0141, 'lr': 0.0004, 'params': 632328, 'time_iter': 0.101, 'accuracy': 1.0}
train: {'epoch': 349, 'eta': 5.7905, 'loss': 1.0141, 'lr': 0.0004, 'params': 632328, 'time_iter': 0.1077, 'accuracy': 1.0}
train: {'epoch': 350, 'eta': 5.6726, 'loss': 1.0141, 'lr': 0.0004, 'params': 632328, 'time_iter': 0.1008, 'accuracy': 1.0}
train: {'epoch': 351, 'eta': 5.5558, 'loss': 1.0141, 'lr': 0.0004, 'params': 632328, 'time_iter': 0.1078, 'accuracy': 1.0}
train: {'epoch': 352, 'eta': 5.4376, 'loss': 1.0141, 'lr': 0.0004, 'params': 632328, 'time_iter': 0.0971, 'accuracy': 1.0}
train: {'epoch': 353, 'eta': 5.3215, 'loss': 1.0141, 'lr': 0.0003, 'params': 632328, 'time_iter': 0.1128, 'accuracy': 1.0}
train: {'epoch': 354, 'eta': 5.2039, 'loss': 1.0141, 'lr': 0.0003, 'params': 632328, 'time_iter': 0.1009, 'accuracy': 1.0}
train: {'epoch': 355, 'eta': 5.0868, 'loss': 1.0141, 'lr': 0.0003, 'params': 632328, 'time_iter': 0.1037, 'accuracy': 1.0}
train: {'epoch': 356, 'eta': 4.971, 'loss': 1.0141, 'lr': 0.0003, 'params': 632328, 'time_iter': 0.1141, 'accuracy': 1.0}
train: {'epoch': 357, 'eta': 4.8543, 'loss': 1.0141, 'lr': 0.0003, 'params': 632328, 'time_iter': 0.1064, 'accuracy': 1.0}
train: {'epoch': 358, 'eta': 4.7365, 'loss': 1.0141, 'lr': 0.0003, 'params': 632328, 'time_iter': 0.0955, 'accuracy': 1.0}
train: {'epoch': 359, 'eta': 4.6213, 'loss': 1.0141, 'lr': 0.0003, 'params': 632328, 'time_iter': 0.119, 'accuracy': 1.0}
val: {'epoch': 359, 'loss': 1.5225, 'lr': 0, 'params': 632328, 'time_iter': 0.0375, 'accuracy': 0.869}
train: {'epoch': 360, 'eta': 4.5036, 'loss': 1.0141, 'lr': 0.0002, 'params': 632328, 'time_iter': 0.0952, 'accuracy': 1.0}
train: {'epoch': 361, 'eta': 4.389, 'loss': 1.0141, 'lr': 0.0002, 'params': 632328, 'time_iter': 0.1235, 'accuracy': 1.0}
train: {'epoch': 362, 'eta': 4.2725, 'loss': 1.0141, 'lr': 0.0002, 'params': 632328, 'time_iter': 0.106, 'accuracy': 1.0}
train: {'epoch': 363, 'eta': 4.157, 'loss': 1.0141, 'lr': 0.0002, 'params': 632328, 'time_iter': 0.1154, 'accuracy': 1.0}
train: {'epoch': 364, 'eta': 4.0463, 'loss': 1.0141, 'lr': 0.0002, 'params': 632328, 'time_iter': 0.1647, 'accuracy': 1.0}
train: {'epoch': 365, 'eta': 3.9407, 'loss': 1.0141, 'lr': 0.0002, 'params': 632328, 'time_iter': 0.2233, 'accuracy': 1.0}
train: {'epoch': 366, 'eta': 3.8311, 'loss': 1.0141, 'lr': 0.0002, 'params': 632328, 'time_iter': 0.1862, 'accuracy': 1.0}
train: {'epoch': 367, 'eta': 3.7195, 'loss': 1.0141, 'lr': 0.0002, 'params': 632328, 'time_iter': 0.1679, 'accuracy': 1.0}
train: {'epoch': 368, 'eta': 3.6061, 'loss': 1.0141, 'lr': 0.0002, 'params': 632328, 'time_iter': 0.1495, 'accuracy': 1.0}
train: {'epoch': 369, 'eta': 3.4902, 'loss': 1.0141, 'lr': 0.0001, 'params': 632328, 'time_iter': 0.1219, 'accuracy': 1.0}
train: {'epoch': 370, 'eta': 3.3725, 'loss': 1.0141, 'lr': 0.0001, 'params': 632328, 'time_iter': 0.0997, 'accuracy': 1.0}
train: {'epoch': 371, 'eta': 3.2552, 'loss': 1.0141, 'lr': 0.0001, 'params': 632328, 'time_iter': 0.1026, 'accuracy': 1.0}
train: {'epoch': 372, 'eta': 3.1384, 'loss': 1.0141, 'lr': 0.0001, 'params': 632328, 'time_iter': 0.108, 'accuracy': 1.0}
train: {'epoch': 373, 'eta': 3.022, 'loss': 1.0141, 'lr': 0.0001, 'params': 632328, 'time_iter': 0.1144, 'accuracy': 1.0}
train: {'epoch': 374, 'eta': 2.9049, 'loss': 1.0141, 'lr': 0.0001, 'params': 632328, 'time_iter': 0.1033, 'accuracy': 1.0}
train: {'epoch': 375, 'eta': 2.7877, 'loss': 1.0141, 'lr': 0.0001, 'params': 632328, 'time_iter': 0.1005, 'accuracy': 1.0}
train: {'epoch': 376, 'eta': 2.6707, 'loss': 1.0141, 'lr': 0.0001, 'params': 632328, 'time_iter': 0.1017, 'accuracy': 1.0}
train: {'epoch': 377, 'eta': 2.5583, 'loss': 1.0141, 'lr': 0.0001, 'params': 632328, 'time_iter': 0.1811, 'accuracy': 1.0}
train: {'epoch': 378, 'eta': 2.4428, 'loss': 1.0141, 'lr': 0.0001, 'params': 632328, 'time_iter': 0.1301, 'accuracy': 1.0}
train: {'epoch': 379, 'eta': 2.3256, 'loss': 1.0141, 'lr': 0.0001, 'params': 632328, 'time_iter': 0.0998, 'accuracy': 1.0}
val: {'epoch': 379, 'loss': 1.5236, 'lr': 0, 'params': 632328, 'time_iter': 0.0525, 'accuracy': 0.869}
train: {'epoch': 380, 'eta': 2.2089, 'loss': 1.0141, 'lr': 0.0001, 'params': 632328, 'time_iter': 0.1075, 'accuracy': 1.0}
train: {'epoch': 381, 'eta': 2.0924, 'loss': 1.0141, 'lr': 0.0001, 'params': 632328, 'time_iter': 0.1115, 'accuracy': 1.0}
train: {'epoch': 382, 'eta': 1.9757, 'loss': 1.0141, 'lr': 0.0, 'params': 632328, 'time_iter': 0.1056, 'accuracy': 1.0}
train: {'epoch': 383, 'eta': 1.8593, 'loss': 1.0141, 'lr': 0.0, 'params': 632328, 'time_iter': 0.1121, 'accuracy': 1.0}
train: {'epoch': 384, 'eta': 1.7424, 'loss': 1.0141, 'lr': 0.0, 'params': 632328, 'time_iter': 0.0974, 'accuracy': 1.0}
train: {'epoch': 385, 'eta': 1.6258, 'loss': 1.0141, 'lr': 0.0, 'params': 632328, 'time_iter': 0.1058, 'accuracy': 1.0}
train: {'epoch': 386, 'eta': 1.5091, 'loss': 1.0141, 'lr': 0.0, 'params': 632328, 'time_iter': 0.0975, 'accuracy': 1.0}
train: {'epoch': 387, 'eta': 1.3925, 'loss': 1.0141, 'lr': 0.0, 'params': 632328, 'time_iter': 0.0993, 'accuracy': 1.0}
train: {'epoch': 388, 'eta': 1.2762, 'loss': 1.0141, 'lr': 0.0, 'params': 632328, 'time_iter': 0.1091, 'accuracy': 1.0}
train: {'epoch': 389, 'eta': 1.1597, 'loss': 1.0141, 'lr': 0.0, 'params': 632328, 'time_iter': 0.0965, 'accuracy': 1.0}
train: {'epoch': 390, 'eta': 1.0432, 'loss': 1.0141, 'lr': 0.0, 'params': 632328, 'time_iter': 0.094, 'accuracy': 1.0}
train: {'epoch': 391, 'eta': 0.927, 'loss': 1.0141, 'lr': 0.0, 'params': 632328, 'time_iter': 0.1021, 'accuracy': 1.0}
train: {'epoch': 392, 'eta': 0.8109, 'loss': 1.0141, 'lr': 0.0, 'params': 632328, 'time_iter': 0.1011, 'accuracy': 1.0}
train: {'epoch': 393, 'eta': 0.695, 'loss': 1.0141, 'lr': 0.0, 'params': 632328, 'time_iter': 0.1121, 'accuracy': 1.0}
train: {'epoch': 394, 'eta': 0.579, 'loss': 1.0141, 'lr': 0.0, 'params': 632328, 'time_iter': 0.0994, 'accuracy': 1.0}
train: {'epoch': 395, 'eta': 0.463, 'loss': 1.0141, 'lr': 0.0, 'params': 632328, 'time_iter': 0.0983, 'accuracy': 1.0}
train: {'epoch': 396, 'eta': 0.3471, 'loss': 1.0141, 'lr': 0.0, 'params': 632328, 'time_iter': 0.1027, 'accuracy': 1.0}
train: {'epoch': 397, 'eta': 0.2314, 'loss': 1.0141, 'lr': 0.0, 'params': 632328, 'time_iter': 0.1048, 'accuracy': 1.0}
train: {'epoch': 398, 'eta': 0.1156, 'loss': 1.0141, 'lr': 0.0, 'params': 632328, 'time_iter': 0.0991, 'accuracy': 1.0}
train: {'epoch': 399, 'eta': 0.0, 'loss': 1.0141, 'lr': 0.0, 'params': 632328, 'time_iter': 0.1018, 'accuracy': 1.0}
val: {'epoch': 399, 'loss': 1.5241, 'lr': 0, 'params': 632328, 'time_iter': 0.0464, 'accuracy': 0.869}
Task done, results saved in results/example_noneq_7
Results aggregated across runs saved in results/example_noneq_7/agg
