Load: 0.1076s, Before split: 0.0005078s, Split: 0.0007203s, After split: 0.003368s
GNN(
  (preprocess): Preprocess(
    node_feature: dim_out=1433
    Total: dim_out=1433
  )
  (pre_mp): GeneralMultiLayer(
    (Layer_0): GeneralLayer(
      (layer): Linear(
        (model): Linear(in_features=1433, out_features=256, bias=False)
      )
      (post_layer): Sequential(
        (0): BatchNorm1d(256, eps=1e-05, momentum=0.1, affine=True, track_running_stats=True)
        (1): PReLU(num_parameters=1)
      )
    )
  )
  (mp): GNNStackStage(
    (layer0): GeneralLayer(
      (layer): GeneralConv(
        (model): GeneralConvLayer(256, 256)
      )
      (post_layer): Sequential(
        (0): BatchNorm1d(256, eps=1e-05, momentum=0.1, affine=True, track_running_stats=True)
        (1): PReLU(num_parameters=1)
      )
    )
    (layer1): GeneralLayer(
      (layer): GeneralConv(
        (model): GeneralConvLayer(256, 256)
      )
      (post_layer): Sequential(
        (0): BatchNorm1d(256, eps=1e-05, momentum=0.1, affine=True, track_running_stats=True)
        (1): PReLU(num_parameters=1)
      )
    )
  )
  (post_mp): GNNNodeHead(
    (layer_post_mp): MLP(
      (model): Sequential(
        (0): Linear(
          (model): Linear(in_features=256, out_features=7, bias=True)
        )
      )
    )
  )
)
bn:
  eps: 1e-05
  mom: 0.1
cfg_dest: config.yaml
custom_metrics: []
dataset:
  augment_feature: []
  augment_feature_dims: []
  augment_feature_repr: position
  augment_label: 
  augment_label_dims: 0
  cache_load: False
  cache_save: False
  dir: ./datasets
  edge_dim: 128
  edge_encoder: False
  edge_encoder_bn: True
  edge_encoder_name: Bond
  edge_message_ratio: 0.8
  edge_negative_sampling_ratio: 1.0
  edge_train_mode: all
  encoder: True
  encoder_bn: True
  encoder_dim: 128
  encoder_name: db
  format: PyG
  label_column: none
  label_table: none
  location: local
  name: Cora
  node_encoder: False
  node_encoder_bn: True
  node_encoder_name: Atom
  remove_feature: False
  resample_disjoint: False
  resample_negative: False
  shuffle_split: True
  split: [0.8, 0.2]
  split_mode: random
  task: node
  task_type: classification
  to_undirected: False
  transductive: True
  transform: none
  tu_simple: True
device: cpu
example_arg: example
example_group:
  example_arg: example
gnn:
  act: prelu
  agg: add
  att_final_linear: False
  att_final_linear_bn: False
  att_heads: 1
  batchnorm: True
  clear_feature: True
  dim_inner: 256
  dropout: 0.0
  flow: source_to_target
  head: node
  keep_edge: 0.5
  l2norm: True
  layer_type: generalconv
  layers_mp: 2
  layers_post_mp: 1
  layers_pre_mp: 1
  msg_direction: single
  normalize_adj: False
  self_msg: concat
  skip_every: 1
  stage_type: stack
gpu_mem: False
mem:
  inplace: False
metric_agg: argmax
metric_best: auto
model:
  edge_decoding: dot
  graph_pooling: add
  loss_fun: cross_entropy
  match_upper: True
  size_average: mean
  thresh: 0.5
  type: gnn
num_threads: 6
num_workers: 0
optim:
  base_lr: 0.01
  lr_decay: 0.1
  max_epoch: 400
  momentum: 0.9
  optimizer: adam
  scheduler: cos
  steps: [30, 60, 90]
  weight_decay: 0.0005
out_dir: results/example_noneq_4
params: 632328
print: both
round: 4
run_dir: results/example_noneq_4/1
seed: 2
share:
  dim_in: 1433
  dim_out: 7
  num_splits: 2
tensorboard_agg: True
tensorboard_each_run: False
train:
  auto_resume: False
  batch_size: 32
  ckpt_clean: True
  ckpt_period: 100
  enable_ckpt: True
  energy_alpha: 0.5
  energy_beta: 0.5
  energy_reg: True
  epoch_resume: -1
  eval_period: 20
  iter_per_epoch: 32
  mode: standard
  neighbor_sizes: [20, 15, 10, 5]
  node_per_graph: 32
  radius: extend
  sample_node: False
  sampler: full_batch
  skip_train_eval: False
  walk_length: 4
val:
  node_per_graph: 32
  radius: extend
  sample_node: False
  sampler: full_batch
view_emb: False
Num parameters: 632328
Start from epoch 0
train: {'epoch': 0, 'eta': 56.5095, 'loss': 2.8557, 'lr': 0.01, 'params': 632328, 'time_iter': 0.1416, 'accuracy': 0.163}
val: {'epoch': 0, 'loss': 2.3251, 'lr': 0, 'params': 632328, 'time_iter': 0.0716, 'accuracy': 0.3948}
train: {'epoch': 1, 'eta': 71.006, 'loss': 2.3043, 'lr': 0.01, 'params': 632328, 'time_iter': 0.2152, 'accuracy': 0.6247}
train: {'epoch': 2, 'eta': 82.3151, 'loss': 2.0236, 'lr': 0.01, 'params': 632328, 'time_iter': 0.2652, 'accuracy': 0.7008}
train: {'epoch': 3, 'eta': 87.1982, 'loss': 1.817, 'lr': 0.01, 'params': 632328, 'time_iter': 0.2588, 'accuracy': 0.7271}
train: {'epoch': 4, 'eta': 81.9795, 'loss': 1.6441, 'lr': 0.01, 'params': 632328, 'time_iter': 0.1569, 'accuracy': 0.7955}
train: {'epoch': 5, 'eta': 78.2166, 'loss': 1.5194, 'lr': 0.01, 'params': 632328, 'time_iter': 0.1534, 'accuracy': 0.8449}
train: {'epoch': 6, 'eta': 72.8808, 'loss': 1.413, 'lr': 0.01, 'params': 632328, 'time_iter': 0.107, 'accuracy': 0.8624}
train: {'epoch': 7, 'eta': 69.044, 'loss': 1.3221, 'lr': 0.01, 'params': 632328, 'time_iter': 0.1109, 'accuracy': 0.8827}
train: {'epoch': 8, 'eta': 66.3566, 'loss': 1.2495, 'lr': 0.01, 'params': 632328, 'time_iter': 0.1183, 'accuracy': 0.8934}
train: {'epoch': 9, 'eta': 63.994, 'loss': 1.1882, 'lr': 0.01, 'params': 632328, 'time_iter': 0.1135, 'accuracy': 0.9017}
train: {'epoch': 10, 'eta': 62.0344, 'loss': 1.1336, 'lr': 0.01, 'params': 632328, 'time_iter': 0.1133, 'accuracy': 0.9072}
train: {'epoch': 11, 'eta': 60.1913, 'loss': 1.0856, 'lr': 0.01, 'params': 632328, 'time_iter': 0.1074, 'accuracy': 0.9127}
train: {'epoch': 12, 'eta': 58.4374, 'loss': 1.0444, 'lr': 0.01, 'params': 632328, 'time_iter': 0.1014, 'accuracy': 0.9192}
train: {'epoch': 13, 'eta': 56.8459, 'loss': 1.0077, 'lr': 0.01, 'params': 632328, 'time_iter': 0.0988, 'accuracy': 0.9229}
train: {'epoch': 14, 'eta': 56.0873, 'loss': 0.9745, 'lr': 0.01, 'params': 632328, 'time_iter': 0.1235, 'accuracy': 0.9271}
train: {'epoch': 15, 'eta': 56.0261, 'loss': 0.9445, 'lr': 0.01, 'params': 632328, 'time_iter': 0.1492, 'accuracy': 0.9312}
train: {'epoch': 16, 'eta': 54.9364, 'loss': 0.9173, 'lr': 0.01, 'params': 632328, 'time_iter': 0.104, 'accuracy': 0.9381}
train: {'epoch': 17, 'eta': 54.07, 'loss': 0.8926, 'lr': 0.01, 'params': 632328, 'time_iter': 0.1094, 'accuracy': 0.94}
train: {'epoch': 18, 'eta': 53.7467, 'loss': 0.8709, 'lr': 0.01, 'params': 632328, 'time_iter': 0.1325, 'accuracy': 0.9428}
train: {'epoch': 19, 'eta': 52.9386, 'loss': 0.8516, 'lr': 0.0099, 'params': 632328, 'time_iter': 0.106, 'accuracy': 0.9478}
val: {'epoch': 19, 'loss': 0.9902, 'lr': 0, 'params': 632328, 'time_iter': 0.053, 'accuracy': 0.8764}
train: {'epoch': 20, 'eta': 52.1604, 'loss': 0.8332, 'lr': 0.0099, 'params': 632328, 'time_iter': 0.1039, 'accuracy': 0.9534}
train: {'epoch': 21, 'eta': 51.3708, 'loss': 0.817, 'lr': 0.0099, 'params': 632328, 'time_iter': 0.0997, 'accuracy': 0.9548}
train: {'epoch': 22, 'eta': 50.803, 'loss': 0.8028, 'lr': 0.0099, 'params': 632328, 'time_iter': 0.1096, 'accuracy': 0.9584}
train: {'epoch': 23, 'eta': 50.5106, 'loss': 0.7887, 'lr': 0.0099, 'params': 632328, 'time_iter': 0.1247, 'accuracy': 0.9631}
train: {'epoch': 24, 'eta': 50.2404, 'loss': 0.7762, 'lr': 0.0099, 'params': 632328, 'time_iter': 0.1253, 'accuracy': 0.9686}
train: {'epoch': 25, 'eta': 49.5567, 'loss': 0.7655, 'lr': 0.0099, 'params': 632328, 'time_iter': 0.0958, 'accuracy': 0.9705}
train: {'epoch': 26, 'eta': 49.6822, 'loss': 0.7611, 'lr': 0.0099, 'params': 632328, 'time_iter': 0.1512, 'accuracy': 0.9686}
train: {'epoch': 27, 'eta': 49.054, 'loss': 0.7947, 'lr': 0.0099, 'params': 632328, 'time_iter': 0.0959, 'accuracy': 0.9511}
train: {'epoch': 28, 'eta': 48.8105, 'loss': 0.8095, 'lr': 0.0099, 'params': 632328, 'time_iter': 0.1231, 'accuracy': 0.952}
train: {'epoch': 29, 'eta': 48.5126, 'loss': 0.7607, 'lr': 0.0099, 'params': 632328, 'time_iter': 0.1181, 'accuracy': 0.9612}
train: {'epoch': 30, 'eta': 47.8645, 'loss': 0.7944, 'lr': 0.0099, 'params': 632328, 'time_iter': 0.0877, 'accuracy': 0.9488}
train: {'epoch': 31, 'eta': 47.5862, 'loss': 0.7431, 'lr': 0.0099, 'params': 632328, 'time_iter': 0.1168, 'accuracy': 0.9681}
train: {'epoch': 32, 'eta': 47.1383, 'loss': 0.7349, 'lr': 0.0098, 'params': 632328, 'time_iter': 0.1007, 'accuracy': 0.9728}
train: {'epoch': 33, 'eta': 47.0897, 'loss': 0.7365, 'lr': 0.0098, 'params': 632328, 'time_iter': 0.1359, 'accuracy': 0.9714}
train: {'epoch': 34, 'eta': 46.682, 'loss': 0.7272, 'lr': 0.0098, 'params': 632328, 'time_iter': 0.1019, 'accuracy': 0.9741}
train: {'epoch': 35, 'eta': 47.9467, 'loss': 0.7133, 'lr': 0.0098, 'params': 632328, 'time_iter': 0.2656, 'accuracy': 0.976}
train: {'epoch': 36, 'eta': 48.3334, 'loss': 0.7082, 'lr': 0.0098, 'params': 632328, 'time_iter': 0.1846, 'accuracy': 0.976}
train: {'epoch': 37, 'eta': 48.5893, 'loss': 0.7028, 'lr': 0.0098, 'params': 632328, 'time_iter': 0.174, 'accuracy': 0.9788}
train: {'epoch': 38, 'eta': 48.6986, 'loss': 0.6962, 'lr': 0.0098, 'params': 632328, 'time_iter': 0.1605, 'accuracy': 0.9829}
train: {'epoch': 39, 'eta': 48.5666, 'loss': 0.6891, 'lr': 0.0098, 'params': 632328, 'time_iter': 0.1352, 'accuracy': 0.9825}
val: {'epoch': 39, 'loss': 1.0144, 'lr': 0, 'params': 632328, 'time_iter': 0.0576, 'accuracy': 0.8635}
train: {'epoch': 40, 'eta': 48.867, 'loss': 0.6853, 'lr': 0.0098, 'params': 632328, 'time_iter': 0.1846, 'accuracy': 0.9852}
train: {'epoch': 41, 'eta': 48.6893, 'loss': 0.6799, 'lr': 0.0097, 'params': 632328, 'time_iter': 0.1312, 'accuracy': 0.9885}
train: {'epoch': 42, 'eta': 48.3971, 'loss': 0.6756, 'lr': 0.0097, 'params': 632328, 'time_iter': 0.1172, 'accuracy': 0.9885}
train: {'epoch': 43, 'eta': 48.2708, 'loss': 0.6749, 'lr': 0.0097, 'params': 632328, 'time_iter': 0.1367, 'accuracy': 0.9866}
train: {'epoch': 44, 'eta': 48.1382, 'loss': 0.6696, 'lr': 0.0097, 'params': 632328, 'time_iter': 0.136, 'accuracy': 0.9889}
train: {'epoch': 45, 'eta': 47.8661, 'loss': 0.6678, 'lr': 0.0097, 'params': 632328, 'time_iter': 0.1179, 'accuracy': 0.9898}
train: {'epoch': 46, 'eta': 47.6182, 'loss': 0.6674, 'lr': 0.0097, 'params': 632328, 'time_iter': 0.1202, 'accuracy': 0.9908}
train: {'epoch': 47, 'eta': 47.6166, 'loss': 0.6799, 'lr': 0.0097, 'params': 632328, 'time_iter': 0.1531, 'accuracy': 0.9871}
train: {'epoch': 48, 'eta': 47.451, 'loss': 0.668, 'lr': 0.0096, 'params': 632328, 'time_iter': 0.131, 'accuracy': 0.9871}
train: {'epoch': 49, 'eta': 47.4593, 'loss': 0.6629, 'lr': 0.0096, 'params': 632328, 'time_iter': 0.1557, 'accuracy': 0.988}
train: {'epoch': 50, 'eta': 47.3636, 'loss': 0.6605, 'lr': 0.0096, 'params': 632328, 'time_iter': 0.1414, 'accuracy': 0.9894}
train: {'epoch': 51, 'eta': 47.0908, 'loss': 0.6584, 'lr': 0.0096, 'params': 632328, 'time_iter': 0.1152, 'accuracy': 0.9917}
train: {'epoch': 52, 'eta': 46.9064, 'loss': 0.6517, 'lr': 0.0096, 'params': 632328, 'time_iter': 0.1278, 'accuracy': 0.9908}
train: {'epoch': 53, 'eta': 46.6337, 'loss': 0.6497, 'lr': 0.0096, 'params': 632328, 'time_iter': 0.1137, 'accuracy': 0.9922}
train: {'epoch': 54, 'eta': 46.5363, 'loss': 0.6462, 'lr': 0.0096, 'params': 632328, 'time_iter': 0.1407, 'accuracy': 0.9945}
train: {'epoch': 55, 'eta': 46.4382, 'loss': 0.6422, 'lr': 0.0095, 'params': 632328, 'time_iter': 0.1409, 'accuracy': 0.9931}
train: {'epoch': 56, 'eta': 46.1954, 'loss': 0.6412, 'lr': 0.0095, 'params': 632328, 'time_iter': 0.1171, 'accuracy': 0.9968}
train: {'epoch': 57, 'eta': 46.0576, 'loss': 0.6412, 'lr': 0.0095, 'params': 632328, 'time_iter': 0.1341, 'accuracy': 0.9945}
train: {'epoch': 58, 'eta': 45.8135, 'loss': 0.6386, 'lr': 0.0095, 'params': 632328, 'time_iter': 0.1158, 'accuracy': 0.9931}
train: {'epoch': 59, 'eta': 45.5852, 'loss': 0.6362, 'lr': 0.0095, 'params': 632328, 'time_iter': 0.1178, 'accuracy': 0.9958}
val: {'epoch': 59, 'loss': 0.9901, 'lr': 0, 'params': 632328, 'time_iter': 0.0581, 'accuracy': 0.8561}
train: {'epoch': 60, 'eta': 45.3466, 'loss': 0.6302, 'lr': 0.0095, 'params': 632328, 'time_iter': 0.1153, 'accuracy': 0.9972}
train: {'epoch': 61, 'eta': 45.2335, 'loss': 0.6314, 'lr': 0.0094, 'params': 632328, 'time_iter': 0.1376, 'accuracy': 0.9958}
train: {'epoch': 62, 'eta': 45.0255, 'loss': 0.6298, 'lr': 0.0094, 'params': 632328, 'time_iter': 0.12, 'accuracy': 0.9945}
train: {'epoch': 63, 'eta': 44.8027, 'loss': 0.6245, 'lr': 0.0094, 'params': 632328, 'time_iter': 0.1166, 'accuracy': 0.9982}
train: {'epoch': 64, 'eta': 44.6237, 'loss': 0.6259, 'lr': 0.0094, 'params': 632328, 'time_iter': 0.1245, 'accuracy': 0.9982}
train: {'epoch': 65, 'eta': 44.3382, 'loss': 0.6217, 'lr': 0.0094, 'params': 632328, 'time_iter': 0.1031, 'accuracy': 0.9982}
train: {'epoch': 66, 'eta': 44.1172, 'loss': 0.6214, 'lr': 0.0093, 'params': 632328, 'time_iter': 0.115, 'accuracy': 0.9995}
train: {'epoch': 67, 'eta': 43.8076, 'loss': 0.625, 'lr': 0.0093, 'params': 632328, 'time_iter': 0.0962, 'accuracy': 0.9945}
train: {'epoch': 68, 'eta': 43.6416, 'loss': 0.6552, 'lr': 0.0093, 'params': 632328, 'time_iter': 0.1248, 'accuracy': 0.9861}
train: {'epoch': 69, 'eta': 43.3626, 'loss': 0.8762, 'lr': 0.0093, 'params': 632328, 'time_iter': 0.1006, 'accuracy': 0.9081}
train: {'epoch': 70, 'eta': 43.1367, 'loss': 0.7683, 'lr': 0.0093, 'params': 632328, 'time_iter': 0.111, 'accuracy': 0.9474}
train: {'epoch': 71, 'eta': 42.8836, 'loss': 0.8042, 'lr': 0.0092, 'params': 632328, 'time_iter': 0.1043, 'accuracy': 0.9321}
train: {'epoch': 72, 'eta': 42.6331, 'loss': 0.7092, 'lr': 0.0092, 'params': 632328, 'time_iter': 0.104, 'accuracy': 0.9691}
train: {'epoch': 73, 'eta': 42.5709, 'loss': 0.7158, 'lr': 0.0092, 'params': 632328, 'time_iter': 0.1458, 'accuracy': 0.9723}
train: {'epoch': 74, 'eta': 42.4575, 'loss': 0.7068, 'lr': 0.0092, 'params': 632328, 'time_iter': 0.1346, 'accuracy': 0.9746}
train: {'epoch': 75, 'eta': 42.8602, 'loss': 0.6888, 'lr': 0.0092, 'params': 632328, 'time_iter': 0.2557, 'accuracy': 0.9811}
train: {'epoch': 76, 'eta': 43.3022, 'loss': 0.6783, 'lr': 0.0091, 'params': 632328, 'time_iter': 0.2692, 'accuracy': 0.9843}
train: {'epoch': 77, 'eta': 43.4026, 'loss': 0.6693, 'lr': 0.0091, 'params': 632328, 'time_iter': 0.1909, 'accuracy': 0.9848}
train: {'epoch': 78, 'eta': 43.3695, 'loss': 0.6598, 'lr': 0.0091, 'params': 632328, 'time_iter': 0.1598, 'accuracy': 0.9889}
train: {'epoch': 79, 'eta': 43.1121, 'loss': 0.6536, 'lr': 0.0091, 'params': 632328, 'time_iter': 0.1045, 'accuracy': 0.994}
val: {'epoch': 79, 'loss': 0.9446, 'lr': 0, 'params': 632328, 'time_iter': 0.0544, 'accuracy': 0.8856}
train: {'epoch': 80, 'eta': 42.8301, 'loss': 0.6479, 'lr': 0.009, 'params': 632328, 'time_iter': 0.0973, 'accuracy': 0.9935}
train: {'epoch': 81, 'eta': 42.6002, 'loss': 0.6433, 'lr': 0.009, 'params': 632328, 'time_iter': 0.1096, 'accuracy': 0.9935}
train: {'epoch': 82, 'eta': 42.3301, 'loss': 0.6392, 'lr': 0.009, 'params': 632328, 'time_iter': 0.0983, 'accuracy': 0.9949}
train: {'epoch': 83, 'eta': 42.4028, 'loss': 0.6352, 'lr': 0.009, 'params': 632328, 'time_iter': 0.1884, 'accuracy': 0.9968}
train: {'epoch': 84, 'eta': 42.2074, 'loss': 0.6314, 'lr': 0.009, 'params': 632328, 'time_iter': 0.1177, 'accuracy': 0.9963}
train: {'epoch': 85, 'eta': 42.1709, 'loss': 0.628, 'lr': 0.0089, 'params': 632328, 'time_iter': 0.1607, 'accuracy': 0.9968}
train: {'epoch': 86, 'eta': 41.9406, 'loss': 0.626, 'lr': 0.0089, 'params': 632328, 'time_iter': 0.1076, 'accuracy': 0.9977}
train: {'epoch': 87, 'eta': 41.6937, 'loss': 0.6242, 'lr': 0.0089, 'params': 632328, 'time_iter': 0.1021, 'accuracy': 0.9977}
train: {'epoch': 88, 'eta': 41.4437, 'loss': 0.6223, 'lr': 0.0089, 'params': 632328, 'time_iter': 0.1003, 'accuracy': 0.9982}
train: {'epoch': 89, 'eta': 41.1929, 'loss': 0.62, 'lr': 0.0088, 'params': 632328, 'time_iter': 0.0991, 'accuracy': 0.9982}
train: {'epoch': 90, 'eta': 41.2887, 'loss': 0.618, 'lr': 0.0088, 'params': 632328, 'time_iter': 0.2002, 'accuracy': 0.9991}
train: {'epoch': 91, 'eta': 41.1416, 'loss': 0.6164, 'lr': 0.0088, 'params': 632328, 'time_iter': 0.1296, 'accuracy': 0.9991}
train: {'epoch': 92, 'eta': 40.8996, 'loss': 0.6153, 'lr': 0.0088, 'params': 632328, 'time_iter': 0.1007, 'accuracy': 0.9991}
train: {'epoch': 93, 'eta': 40.6838, 'loss': 0.614, 'lr': 0.0087, 'params': 632328, 'time_iter': 0.1079, 'accuracy': 0.9991}
train: {'epoch': 94, 'eta': 40.4737, 'loss': 0.6128, 'lr': 0.0087, 'params': 632328, 'time_iter': 0.1089, 'accuracy': 0.9991}
train: {'epoch': 95, 'eta': 40.2189, 'loss': 0.6115, 'lr': 0.0087, 'params': 632328, 'time_iter': 0.0941, 'accuracy': 0.9995}
train: {'epoch': 96, 'eta': 40.0204, 'loss': 0.6105, 'lr': 0.0086, 'params': 632328, 'time_iter': 0.1111, 'accuracy': 1.0}
train: {'epoch': 97, 'eta': 39.8194, 'loss': 0.6098, 'lr': 0.0086, 'params': 632328, 'time_iter': 0.1097, 'accuracy': 0.9991}
train: {'epoch': 98, 'eta': 39.6166, 'loss': 0.6085, 'lr': 0.0086, 'params': 632328, 'time_iter': 0.1085, 'accuracy': 0.9995}
train: {'epoch': 99, 'eta': 39.447, 'loss': 0.608, 'lr': 0.0086, 'params': 632328, 'time_iter': 0.119, 'accuracy': 0.9991}
val: {'epoch': 99, 'loss': 0.9428, 'lr': 0, 'params': 632328, 'time_iter': 0.0422, 'accuracy': 0.8819}
train: {'epoch': 100, 'eta': 39.2, 'loss': 0.6073, 'lr': 0.0085, 'params': 632328, 'time_iter': 0.0925, 'accuracy': 0.9991}
train: {'epoch': 101, 'eta': 39.0037, 'loss': 0.606, 'lr': 0.0085, 'params': 632328, 'time_iter': 0.1088, 'accuracy': 1.0}
train: {'epoch': 102, 'eta': 38.7998, 'loss': 0.6053, 'lr': 0.0085, 'params': 632328, 'time_iter': 0.1056, 'accuracy': 1.0}
train: {'epoch': 103, 'eta': 38.6143, 'loss': 0.6048, 'lr': 0.0085, 'params': 632328, 'time_iter': 0.1114, 'accuracy': 1.0}
train: {'epoch': 104, 'eta': 38.4122, 'loss': 0.6041, 'lr': 0.0084, 'params': 632328, 'time_iter': 0.1049, 'accuracy': 0.9995}
train: {'epoch': 105, 'eta': 38.1921, 'loss': 0.6036, 'lr': 0.0084, 'params': 632328, 'time_iter': 0.0978, 'accuracy': 0.9995}
train: {'epoch': 106, 'eta': 38.0032, 'loss': 0.604, 'lr': 0.0084, 'params': 632328, 'time_iter': 0.1084, 'accuracy': 0.9991}
train: {'epoch': 107, 'eta': 37.7786, 'loss': 0.6031, 'lr': 0.0083, 'params': 632328, 'time_iter': 0.0946, 'accuracy': 1.0}
train: {'epoch': 108, 'eta': 37.6506, 'loss': 0.608, 'lr': 0.0083, 'params': 632328, 'time_iter': 0.1299, 'accuracy': 0.9972}
train: {'epoch': 109, 'eta': 37.5283, 'loss': 0.6133, 'lr': 0.0083, 'params': 632328, 'time_iter': 0.132, 'accuracy': 0.9991}
train: {'epoch': 110, 'eta': 37.3035, 'loss': 0.6657, 'lr': 0.0082, 'params': 632328, 'time_iter': 0.0928, 'accuracy': 0.9741}
train: {'epoch': 111, 'eta': 37.2064, 'loss': 0.8088, 'lr': 0.0082, 'params': 632328, 'time_iter': 0.1415, 'accuracy': 0.9418}
train: {'epoch': 112, 'eta': 37.0616, 'loss': 0.6961, 'lr': 0.0082, 'params': 632328, 'time_iter': 0.1231, 'accuracy': 0.9723}
train: {'epoch': 113, 'eta': 36.917, 'loss': 0.6664, 'lr': 0.0082, 'params': 632328, 'time_iter': 0.123, 'accuracy': 0.9783}
train: {'epoch': 114, 'eta': 36.7974, 'loss': 0.6688, 'lr': 0.0081, 'params': 632328, 'time_iter': 0.1329, 'accuracy': 0.9797}
train: {'epoch': 115, 'eta': 36.6401, 'loss': 0.6591, 'lr': 0.0081, 'params': 632328, 'time_iter': 0.1176, 'accuracy': 0.9852}
train: {'epoch': 116, 'eta': 36.6062, 'loss': 0.6433, 'lr': 0.0081, 'params': 632328, 'time_iter': 0.1683, 'accuracy': 0.9931}
train: {'epoch': 117, 'eta': 36.4387, 'loss': 0.6378, 'lr': 0.008, 'params': 632328, 'time_iter': 0.1134, 'accuracy': 0.9935}
train: {'epoch': 118, 'eta': 36.26, 'loss': 0.633, 'lr': 0.008, 'params': 632328, 'time_iter': 0.1083, 'accuracy': 0.9963}
train: {'epoch': 119, 'eta': 36.0868, 'loss': 0.6277, 'lr': 0.008, 'params': 632328, 'time_iter': 0.1101, 'accuracy': 0.9968}
val: {'epoch': 119, 'loss': 0.9354, 'lr': 0, 'params': 632328, 'time_iter': 0.0528, 'accuracy': 0.8948}
train: {'epoch': 120, 'eta': 35.886, 'loss': 0.6235, 'lr': 0.0079, 'params': 632328, 'time_iter': 0.0977, 'accuracy': 0.9968}
train: {'epoch': 121, 'eta': 35.7153, 'loss': 0.6204, 'lr': 0.0079, 'params': 632328, 'time_iter': 0.1102, 'accuracy': 0.9968}
train: {'epoch': 122, 'eta': 35.5341, 'loss': 0.617, 'lr': 0.0079, 'params': 632328, 'time_iter': 0.1051, 'accuracy': 0.9982}
train: {'epoch': 123, 'eta': 35.3436, 'loss': 0.6144, 'lr': 0.0078, 'params': 632328, 'time_iter': 0.1003, 'accuracy': 0.9982}
train: {'epoch': 124, 'eta': 35.1829, 'loss': 0.6124, 'lr': 0.0078, 'params': 632328, 'time_iter': 0.1132, 'accuracy': 0.9982}
train: {'epoch': 125, 'eta': 35.0003, 'loss': 0.6106, 'lr': 0.0078, 'params': 632328, 'time_iter': 0.1028, 'accuracy': 0.9991}
train: {'epoch': 126, 'eta': 34.992, 'loss': 0.6088, 'lr': 0.0077, 'params': 632328, 'time_iter': 0.1833, 'accuracy': 0.9991}
train: {'epoch': 127, 'eta': 34.8735, 'loss': 0.607, 'lr': 0.0077, 'params': 632328, 'time_iter': 0.1327, 'accuracy': 0.9995}
train: {'epoch': 128, 'eta': 34.7229, 'loss': 0.6057, 'lr': 0.0077, 'params': 632328, 'time_iter': 0.1176, 'accuracy': 0.9995}
train: {'epoch': 129, 'eta': 34.5862, 'loss': 0.6046, 'lr': 0.0076, 'params': 632328, 'time_iter': 0.124, 'accuracy': 0.9995}
train: {'epoch': 130, 'eta': 34.4056, 'loss': 0.6034, 'lr': 0.0076, 'params': 632328, 'time_iter': 0.1025, 'accuracy': 0.9995}
train: {'epoch': 131, 'eta': 34.255, 'loss': 0.6022, 'lr': 0.0076, 'params': 632328, 'time_iter': 0.1167, 'accuracy': 1.0}
train: {'epoch': 132, 'eta': 34.1368, 'loss': 0.6012, 'lr': 0.0075, 'params': 632328, 'time_iter': 0.1326, 'accuracy': 1.0}
train: {'epoch': 133, 'eta': 34.0008, 'loss': 0.6002, 'lr': 0.0075, 'params': 632328, 'time_iter': 0.1237, 'accuracy': 1.0}
train: {'epoch': 134, 'eta': 33.8336, 'loss': 0.5995, 'lr': 0.0075, 'params': 632328, 'time_iter': 0.1078, 'accuracy': 0.9995}
train: {'epoch': 135, 'eta': 33.7175, 'loss': 0.5989, 'lr': 0.0074, 'params': 632328, 'time_iter': 0.1336, 'accuracy': 0.9995}
train: {'epoch': 136, 'eta': 33.5347, 'loss': 0.5982, 'lr': 0.0074, 'params': 632328, 'time_iter': 0.099, 'accuracy': 1.0}
train: {'epoch': 137, 'eta': 33.3805, 'loss': 0.5975, 'lr': 0.0074, 'params': 632328, 'time_iter': 0.1135, 'accuracy': 1.0}
train: {'epoch': 138, 'eta': 33.2261, 'loss': 0.5968, 'lr': 0.0073, 'params': 632328, 'time_iter': 0.113, 'accuracy': 1.0}
train: {'epoch': 139, 'eta': 33.1377, 'loss': 0.5964, 'lr': 0.0073, 'params': 632328, 'time_iter': 0.1483, 'accuracy': 1.0}
val: {'epoch': 139, 'loss': 0.9049, 'lr': 0, 'params': 632328, 'time_iter': 0.0583, 'accuracy': 0.8985}
train: {'epoch': 140, 'eta': 32.9943, 'loss': 0.5959, 'lr': 0.0073, 'params': 632328, 'time_iter': 0.1188, 'accuracy': 1.0}
train: {'epoch': 141, 'eta': 32.8295, 'loss': 0.5954, 'lr': 0.0072, 'params': 632328, 'time_iter': 0.1068, 'accuracy': 1.0}
train: {'epoch': 142, 'eta': 32.639, 'loss': 0.595, 'lr': 0.0072, 'params': 632328, 'time_iter': 0.092, 'accuracy': 1.0}
train: {'epoch': 143, 'eta': 32.4932, 'loss': 0.5946, 'lr': 0.0072, 'params': 632328, 'time_iter': 0.1164, 'accuracy': 1.0}
train: {'epoch': 144, 'eta': 32.3119, 'loss': 0.5942, 'lr': 0.0071, 'params': 632328, 'time_iter': 0.096, 'accuracy': 1.0}
train: {'epoch': 145, 'eta': 32.1567, 'loss': 0.5938, 'lr': 0.0071, 'params': 632328, 'time_iter': 0.1104, 'accuracy': 1.0}
train: {'epoch': 146, 'eta': 32.0869, 'loss': 0.5934, 'lr': 0.0071, 'params': 632328, 'time_iter': 0.1596, 'accuracy': 1.0}
train: {'epoch': 147, 'eta': 31.9373, 'loss': 0.593, 'lr': 0.007, 'params': 632328, 'time_iter': 0.1135, 'accuracy': 1.0}
train: {'epoch': 148, 'eta': 31.7733, 'loss': 0.5928, 'lr': 0.007, 'params': 632328, 'time_iter': 0.1046, 'accuracy': 1.0}
train: {'epoch': 149, 'eta': 31.6331, 'loss': 0.5936, 'lr': 0.0069, 'params': 632328, 'time_iter': 0.1184, 'accuracy': 0.9986}
train: {'epoch': 150, 'eta': 31.4834, 'loss': 0.6058, 'lr': 0.0069, 'params': 632328, 'time_iter': 0.1125, 'accuracy': 0.9949}
train: {'epoch': 151, 'eta': 31.4142, 'loss': 0.6042, 'lr': 0.0069, 'params': 632328, 'time_iter': 0.1615, 'accuracy': 0.9968}
train: {'epoch': 152, 'eta': 31.4079, 'loss': 0.6021, 'lr': 0.0068, 'params': 632328, 'time_iter': 0.2013, 'accuracy': 0.9986}
train: {'epoch': 153, 'eta': 31.3617, 'loss': 0.6002, 'lr': 0.0068, 'params': 632328, 'time_iter': 0.1778, 'accuracy': 0.9986}
train: {'epoch': 154, 'eta': 31.4526, 'loss': 0.6007, 'lr': 0.0068, 'params': 632328, 'time_iter': 0.2656, 'accuracy': 0.9977}
train: {'epoch': 155, 'eta': 31.5297, 'loss': 0.5985, 'lr': 0.0067, 'params': 632328, 'time_iter': 0.2598, 'accuracy': 0.9986}
train: {'epoch': 156, 'eta': 31.537, 'loss': 0.5973, 'lr': 0.0067, 'params': 632328, 'time_iter': 0.2175, 'accuracy': 0.9986}
train: {'epoch': 157, 'eta': 31.4513, 'loss': 0.5963, 'lr': 0.0067, 'params': 632328, 'time_iter': 0.1585, 'accuracy': 0.9986}
train: {'epoch': 158, 'eta': 31.311, 'loss': 0.595, 'lr': 0.0066, 'params': 632328, 'time_iter': 0.1232, 'accuracy': 0.9986}
train: {'epoch': 159, 'eta': 31.135, 'loss': 0.5942, 'lr': 0.0066, 'params': 632328, 'time_iter': 0.0992, 'accuracy': 0.9991}
val: {'epoch': 159, 'loss': 0.9225, 'lr': 0, 'params': 632328, 'time_iter': 0.0551, 'accuracy': 0.893}
train: {'epoch': 160, 'eta': 30.9652, 'loss': 0.5936, 'lr': 0.0065, 'params': 632328, 'time_iter': 0.1027, 'accuracy': 1.0}
train: {'epoch': 161, 'eta': 30.8096, 'loss': 0.5931, 'lr': 0.0065, 'params': 632328, 'time_iter': 0.1118, 'accuracy': 1.0}
train: {'epoch': 162, 'eta': 30.6576, 'loss': 0.5926, 'lr': 0.0065, 'params': 632328, 'time_iter': 0.1139, 'accuracy': 1.0}
train: {'epoch': 163, 'eta': 30.6032, 'loss': 0.5919, 'lr': 0.0064, 'params': 632328, 'time_iter': 0.1814, 'accuracy': 0.9995}
train: {'epoch': 164, 'eta': 30.4924, 'loss': 0.5915, 'lr': 0.0064, 'params': 632328, 'time_iter': 0.143, 'accuracy': 0.9995}
train: {'epoch': 165, 'eta': 30.389, 'loss': 0.5909, 'lr': 0.0064, 'params': 632328, 'time_iter': 0.1484, 'accuracy': 1.0}
train: {'epoch': 166, 'eta': 30.2806, 'loss': 0.5904, 'lr': 0.0063, 'params': 632328, 'time_iter': 0.1452, 'accuracy': 1.0}
train: {'epoch': 167, 'eta': 30.1458, 'loss': 0.59, 'lr': 0.0063, 'params': 632328, 'time_iter': 0.1264, 'accuracy': 1.0}
train: {'epoch': 168, 'eta': 30.1052, 'loss': 0.5895, 'lr': 0.0062, 'params': 632328, 'time_iter': 0.1953, 'accuracy': 1.0}
train: {'epoch': 169, 'eta': 30.0105, 'loss': 0.5893, 'lr': 0.0062, 'params': 632328, 'time_iter': 0.1566, 'accuracy': 1.0}
train: {'epoch': 170, 'eta': 29.8959, 'loss': 0.5889, 'lr': 0.0062, 'params': 632328, 'time_iter': 0.1423, 'accuracy': 1.0}
train: {'epoch': 171, 'eta': 29.8394, 'loss': 0.5888, 'lr': 0.0061, 'params': 632328, 'time_iter': 0.1864, 'accuracy': 1.0}
train: {'epoch': 172, 'eta': 29.7457, 'loss': 0.5888, 'lr': 0.0061, 'params': 632328, 'time_iter': 0.1593, 'accuracy': 1.0}
train: {'epoch': 173, 'eta': 29.655, 'loss': 0.5894, 'lr': 0.0061, 'params': 632328, 'time_iter': 0.1621, 'accuracy': 1.0}
train: {'epoch': 174, 'eta': 29.5834, 'loss': 0.5889, 'lr': 0.006, 'params': 632328, 'time_iter': 0.1776, 'accuracy': 1.0}
train: {'epoch': 175, 'eta': 29.5038, 'loss': 0.5896, 'lr': 0.006, 'params': 632328, 'time_iter': 0.1722, 'accuracy': 1.0}
train: {'epoch': 176, 'eta': 29.4162, 'loss': 0.6016, 'lr': 0.0059, 'params': 632328, 'time_iter': 0.1667, 'accuracy': 0.9963}
train: {'epoch': 177, 'eta': 29.3322, 'loss': 0.8644, 'lr': 0.0059, 'params': 632328, 'time_iter': 0.1703, 'accuracy': 0.9363}
train: {'epoch': 178, 'eta': 29.2382, 'loss': 1.0603, 'lr': 0.0059, 'params': 632328, 'time_iter': 0.163, 'accuracy': 0.8693}
train: {'epoch': 179, 'eta': 29.1069, 'loss': 0.9102, 'lr': 0.0058, 'params': 632328, 'time_iter': 0.1331, 'accuracy': 0.9127}
val: {'epoch': 179, 'loss': 1.284, 'lr': 0, 'params': 632328, 'time_iter': 0.0532, 'accuracy': 0.7325}
train: {'epoch': 180, 'eta': 29.0578, 'loss': 0.9993, 'lr': 0.0058, 'params': 632328, 'time_iter': 0.2011, 'accuracy': 0.8749}
train: {'epoch': 181, 'eta': 29.0087, 'loss': 0.851, 'lr': 0.0057, 'params': 632328, 'time_iter': 0.2024, 'accuracy': 0.9326}
train: {'epoch': 182, 'eta': 28.9439, 'loss': 0.8133, 'lr': 0.0057, 'params': 632328, 'time_iter': 0.1906, 'accuracy': 0.946}
train: {'epoch': 183, 'eta': 28.8043, 'loss': 0.7677, 'lr': 0.0057, 'params': 632328, 'time_iter': 0.1281, 'accuracy': 0.9584}
train: {'epoch': 184, 'eta': 28.6969, 'loss': 0.7574, 'lr': 0.0056, 'params': 632328, 'time_iter': 0.1557, 'accuracy': 0.9608}
train: {'epoch': 185, 'eta': 28.5643, 'loss': 0.7285, 'lr': 0.0056, 'params': 632328, 'time_iter': 0.1342, 'accuracy': 0.9649}
train: {'epoch': 186, 'eta': 28.4168, 'loss': 0.7118, 'lr': 0.0055, 'params': 632328, 'time_iter': 0.1212, 'accuracy': 0.9728}
train: {'epoch': 187, 'eta': 28.2617, 'loss': 0.704, 'lr': 0.0055, 'params': 632328, 'time_iter': 0.1142, 'accuracy': 0.9751}
train: {'epoch': 188, 'eta': 28.1316, 'loss': 0.6915, 'lr': 0.0055, 'params': 632328, 'time_iter': 0.1362, 'accuracy': 0.9788}
train: {'epoch': 189, 'eta': 28.0922, 'loss': 0.6807, 'lr': 0.0054, 'params': 632328, 'time_iter': 0.2183, 'accuracy': 0.9834}
train: {'epoch': 190, 'eta': 28.0367, 'loss': 0.6704, 'lr': 0.0054, 'params': 632328, 'time_iter': 0.2053, 'accuracy': 0.9838}
train: {'epoch': 191, 'eta': 27.9631, 'loss': 0.6616, 'lr': 0.0054, 'params': 632328, 'time_iter': 0.19, 'accuracy': 0.9852}
train: {'epoch': 192, 'eta': 27.863, 'loss': 0.6543, 'lr': 0.0053, 'params': 632328, 'time_iter': 0.1665, 'accuracy': 0.988}
train: {'epoch': 193, 'eta': 27.7439, 'loss': 0.6488, 'lr': 0.0053, 'params': 632328, 'time_iter': 0.1492, 'accuracy': 0.9898}
train: {'epoch': 194, 'eta': 27.5839, 'loss': 0.6444, 'lr': 0.0052, 'params': 632328, 'time_iter': 0.1106, 'accuracy': 0.9903}
train: {'epoch': 195, 'eta': 27.4139, 'loss': 0.6402, 'lr': 0.0052, 'params': 632328, 'time_iter': 0.1005, 'accuracy': 0.9926}
train: {'epoch': 196, 'eta': 27.2446, 'loss': 0.6364, 'lr': 0.0052, 'params': 632328, 'time_iter': 0.1005, 'accuracy': 0.9935}
train: {'epoch': 197, 'eta': 27.0865, 'loss': 0.6325, 'lr': 0.0051, 'params': 632328, 'time_iter': 0.1108, 'accuracy': 0.994}
train: {'epoch': 198, 'eta': 26.9249, 'loss': 0.6288, 'lr': 0.0051, 'params': 632328, 'time_iter': 0.1069, 'accuracy': 0.9945}
train: {'epoch': 199, 'eta': 26.7634, 'loss': 0.6257, 'lr': 0.005, 'params': 632328, 'time_iter': 0.1064, 'accuracy': 0.9935}
val: {'epoch': 199, 'loss': 0.9359, 'lr': 0, 'params': 632328, 'time_iter': 0.0411, 'accuracy': 0.8948}
train: {'epoch': 200, 'eta': 26.5928, 'loss': 0.6229, 'lr': 0.005, 'params': 632328, 'time_iter': 0.0966, 'accuracy': 0.9945}
train: {'epoch': 201, 'eta': 26.468, 'loss': 0.6205, 'lr': 0.005, 'params': 632328, 'time_iter': 0.1427, 'accuracy': 0.9949}
train: {'epoch': 202, 'eta': 26.3414, 'loss': 0.618, 'lr': 0.0049, 'params': 632328, 'time_iter': 0.141, 'accuracy': 0.9958}
train: {'epoch': 203, 'eta': 26.1805, 'loss': 0.616, 'lr': 0.0049, 'params': 632328, 'time_iter': 0.1055, 'accuracy': 0.9968}
train: {'epoch': 204, 'eta': 26.0431, 'loss': 0.6144, 'lr': 0.0048, 'params': 632328, 'time_iter': 0.1295, 'accuracy': 0.9963}
train: {'epoch': 205, 'eta': 25.9055, 'loss': 0.6127, 'lr': 0.0048, 'params': 632328, 'time_iter': 0.1293, 'accuracy': 0.9982}
train: {'epoch': 206, 'eta': 25.7655, 'loss': 0.6112, 'lr': 0.0048, 'params': 632328, 'time_iter': 0.1266, 'accuracy': 0.9982}
train: {'epoch': 207, 'eta': 25.6089, 'loss': 0.6099, 'lr': 0.0047, 'params': 632328, 'time_iter': 0.1085, 'accuracy': 0.9982}
train: {'epoch': 208, 'eta': 25.4484, 'loss': 0.6085, 'lr': 0.0047, 'params': 632328, 'time_iter': 0.1037, 'accuracy': 0.9977}
train: {'epoch': 209, 'eta': 25.3108, 'loss': 0.6075, 'lr': 0.0046, 'params': 632328, 'time_iter': 0.1284, 'accuracy': 0.9977}
train: {'epoch': 210, 'eta': 25.1429, 'loss': 0.6066, 'lr': 0.0046, 'params': 632328, 'time_iter': 0.0946, 'accuracy': 0.9986}
train: {'epoch': 211, 'eta': 24.9865, 'loss': 0.6056, 'lr': 0.0046, 'params': 632328, 'time_iter': 0.1067, 'accuracy': 0.9991}
train: {'epoch': 212, 'eta': 24.847, 'loss': 0.6047, 'lr': 0.0045, 'params': 632328, 'time_iter': 0.1253, 'accuracy': 0.9991}
train: {'epoch': 213, 'eta': 24.6895, 'loss': 0.6039, 'lr': 0.0045, 'params': 632328, 'time_iter': 0.1045, 'accuracy': 0.9995}
train: {'epoch': 214, 'eta': 24.5297, 'loss': 0.603, 'lr': 0.0045, 'params': 632328, 'time_iter': 0.1013, 'accuracy': 0.9995}
train: {'epoch': 215, 'eta': 24.3852, 'loss': 0.6024, 'lr': 0.0044, 'params': 632328, 'time_iter': 0.1186, 'accuracy': 0.9995}
train: {'epoch': 216, 'eta': 24.2568, 'loss': 0.6019, 'lr': 0.0044, 'params': 632328, 'time_iter': 0.1374, 'accuracy': 0.9995}
train: {'epoch': 217, 'eta': 24.191, 'loss': 0.6013, 'lr': 0.0043, 'params': 632328, 'time_iter': 0.2125, 'accuracy': 0.9995}
train: {'epoch': 218, 'eta': 24.09, 'loss': 0.6006, 'lr': 0.0043, 'params': 632328, 'time_iter': 0.1716, 'accuracy': 0.9995}
train: {'epoch': 219, 'eta': 24.0233, 'loss': 0.6002, 'lr': 0.0043, 'params': 632328, 'time_iter': 0.2141, 'accuracy': 0.9995}
val: {'epoch': 219, 'loss': 0.9123, 'lr': 0, 'params': 632328, 'time_iter': 0.0575, 'accuracy': 0.9096}
train: {'epoch': 220, 'eta': 23.9221, 'loss': 0.5998, 'lr': 0.0042, 'params': 632328, 'time_iter': 0.1733, 'accuracy': 0.9995}
train: {'epoch': 221, 'eta': 23.7878, 'loss': 0.5992, 'lr': 0.0042, 'params': 632328, 'time_iter': 0.1328, 'accuracy': 0.9995}
train: {'epoch': 222, 'eta': 23.6523, 'loss': 0.5987, 'lr': 0.0041, 'params': 632328, 'time_iter': 0.1314, 'accuracy': 0.9995}
train: {'epoch': 223, 'eta': 23.5154, 'loss': 0.5983, 'lr': 0.0041, 'params': 632328, 'time_iter': 0.1294, 'accuracy': 0.9995}
train: {'epoch': 224, 'eta': 23.3706, 'loss': 0.598, 'lr': 0.0041, 'params': 632328, 'time_iter': 0.1192, 'accuracy': 0.9995}
train: {'epoch': 225, 'eta': 23.2084, 'loss': 0.5978, 'lr': 0.004, 'params': 632328, 'time_iter': 0.0964, 'accuracy': 0.9995}
train: {'epoch': 226, 'eta': 23.0595, 'loss': 0.5977, 'lr': 0.004, 'params': 632328, 'time_iter': 0.1131, 'accuracy': 0.9995}
train: {'epoch': 227, 'eta': 22.9076, 'loss': 0.5969, 'lr': 0.0039, 'params': 632328, 'time_iter': 0.1085, 'accuracy': 0.9995}
train: {'epoch': 228, 'eta': 22.7518, 'loss': 0.5969, 'lr': 0.0039, 'params': 632328, 'time_iter': 0.103, 'accuracy': 0.9995}
train: {'epoch': 229, 'eta': 22.6012, 'loss': 0.5963, 'lr': 0.0039, 'params': 632328, 'time_iter': 0.1092, 'accuracy': 0.9995}
train: {'epoch': 230, 'eta': 22.4465, 'loss': 0.5962, 'lr': 0.0038, 'params': 632328, 'time_iter': 0.1033, 'accuracy': 0.9995}
train: {'epoch': 231, 'eta': 22.2969, 'loss': 0.5956, 'lr': 0.0038, 'params': 632328, 'time_iter': 0.1097, 'accuracy': 0.9995}
train: {'epoch': 232, 'eta': 22.15, 'loss': 0.5954, 'lr': 0.0038, 'params': 632328, 'time_iter': 0.1129, 'accuracy': 0.9995}
train: {'epoch': 233, 'eta': 22.0045, 'loss': 0.595, 'lr': 0.0037, 'params': 632328, 'time_iter': 0.1145, 'accuracy': 0.9995}
train: {'epoch': 234, 'eta': 21.8475, 'loss': 0.5949, 'lr': 0.0037, 'params': 632328, 'time_iter': 0.0977, 'accuracy': 0.9995}
train: {'epoch': 235, 'eta': 21.7079, 'loss': 0.5945, 'lr': 0.0036, 'params': 632328, 'time_iter': 0.1221, 'accuracy': 0.9995}
train: {'epoch': 236, 'eta': 21.5558, 'loss': 0.5943, 'lr': 0.0036, 'params': 632328, 'time_iter': 0.1038, 'accuracy': 0.9995}
train: {'epoch': 237, 'eta': 21.4041, 'loss': 0.5939, 'lr': 0.0036, 'params': 632328, 'time_iter': 0.1037, 'accuracy': 0.9995}
train: {'epoch': 238, 'eta': 21.2567, 'loss': 0.5939, 'lr': 0.0035, 'params': 632328, 'time_iter': 0.1094, 'accuracy': 1.0}
train: {'epoch': 239, 'eta': 21.103, 'loss': 0.5938, 'lr': 0.0035, 'params': 632328, 'time_iter': 0.0995, 'accuracy': 0.9995}
val: {'epoch': 239, 'loss': 0.9139, 'lr': 0, 'params': 632328, 'time_iter': 0.0412, 'accuracy': 0.9004}
train: {'epoch': 240, 'eta': 20.9541, 'loss': 0.5947, 'lr': 0.0035, 'params': 632328, 'time_iter': 0.1061, 'accuracy': 1.0}
train: {'epoch': 241, 'eta': 20.7982, 'loss': 0.6051, 'lr': 0.0034, 'params': 632328, 'time_iter': 0.0949, 'accuracy': 0.9963}
train: {'epoch': 242, 'eta': 20.6562, 'loss': 0.5972, 'lr': 0.0034, 'params': 632328, 'time_iter': 0.1157, 'accuracy': 0.9995}
train: {'epoch': 243, 'eta': 20.505, 'loss': 0.5969, 'lr': 0.0033, 'params': 632328, 'time_iter': 0.1008, 'accuracy': 1.0}
train: {'epoch': 244, 'eta': 20.3598, 'loss': 0.597, 'lr': 0.0033, 'params': 632328, 'time_iter': 0.1096, 'accuracy': 0.9995}
train: {'epoch': 245, 'eta': 20.2124, 'loss': 0.5976, 'lr': 0.0033, 'params': 632328, 'time_iter': 0.1057, 'accuracy': 0.9991}
train: {'epoch': 246, 'eta': 20.0651, 'loss': 0.5964, 'lr': 0.0032, 'params': 632328, 'time_iter': 0.1055, 'accuracy': 0.9995}
train: {'epoch': 247, 'eta': 19.9186, 'loss': 0.5967, 'lr': 0.0032, 'params': 632328, 'time_iter': 0.106, 'accuracy': 0.9995}
train: {'epoch': 248, 'eta': 19.7736, 'loss': 0.5951, 'lr': 0.0032, 'params': 632328, 'time_iter': 0.108, 'accuracy': 0.9995}
train: {'epoch': 249, 'eta': 19.6213, 'loss': 0.5955, 'lr': 0.0031, 'params': 632328, 'time_iter': 0.0954, 'accuracy': 0.9995}
train: {'epoch': 250, 'eta': 19.4749, 'loss': 0.5946, 'lr': 0.0031, 'params': 632328, 'time_iter': 0.1045, 'accuracy': 1.0}
train: {'epoch': 251, 'eta': 19.3313, 'loss': 0.5942, 'lr': 0.0031, 'params': 632328, 'time_iter': 0.1088, 'accuracy': 1.0}
train: {'epoch': 252, 'eta': 19.1843, 'loss': 0.5941, 'lr': 0.003, 'params': 632328, 'time_iter': 0.1024, 'accuracy': 0.9995}
train: {'epoch': 253, 'eta': 19.0388, 'loss': 0.5936, 'lr': 0.003, 'params': 632328, 'time_iter': 0.1044, 'accuracy': 0.9995}
train: {'epoch': 254, 'eta': 18.9433, 'loss': 0.5933, 'lr': 0.0029, 'params': 632328, 'time_iter': 0.1918, 'accuracy': 1.0}
train: {'epoch': 255, 'eta': 18.8199, 'loss': 0.5931, 'lr': 0.0029, 'params': 632328, 'time_iter': 0.1435, 'accuracy': 1.0}
train: {'epoch': 256, 'eta': 18.7054, 'loss': 0.5927, 'lr': 0.0029, 'params': 632328, 'time_iter': 0.1599, 'accuracy': 1.0}
train: {'epoch': 257, 'eta': 18.5796, 'loss': 0.5927, 'lr': 0.0028, 'params': 632328, 'time_iter': 0.1398, 'accuracy': 1.0}
train: {'epoch': 258, 'eta': 18.4488, 'loss': 0.5921, 'lr': 0.0028, 'params': 632328, 'time_iter': 0.1309, 'accuracy': 1.0}
train: {'epoch': 259, 'eta': 18.3205, 'loss': 0.5918, 'lr': 0.0028, 'params': 632328, 'time_iter': 0.1356, 'accuracy': 1.0}
val: {'epoch': 259, 'loss': 0.9226, 'lr': 0, 'params': 632328, 'time_iter': 0.0865, 'accuracy': 0.8911}
train: {'epoch': 260, 'eta': 18.1925, 'loss': 0.5918, 'lr': 0.0027, 'params': 632328, 'time_iter': 0.1362, 'accuracy': 1.0}
train: {'epoch': 261, 'eta': 18.0499, 'loss': 0.5915, 'lr': 0.0027, 'params': 632328, 'time_iter': 0.1086, 'accuracy': 1.0}
train: {'epoch': 262, 'eta': 17.9082, 'loss': 0.5913, 'lr': 0.0027, 'params': 632328, 'time_iter': 0.1098, 'accuracy': 1.0}
train: {'epoch': 263, 'eta': 17.7636, 'loss': 0.5911, 'lr': 0.0026, 'params': 632328, 'time_iter': 0.1038, 'accuracy': 1.0}
train: {'epoch': 264, 'eta': 17.6226, 'loss': 0.591, 'lr': 0.0026, 'params': 632328, 'time_iter': 0.1103, 'accuracy': 1.0}
train: {'epoch': 265, 'eta': 17.4775, 'loss': 0.5908, 'lr': 0.0026, 'params': 632328, 'time_iter': 0.1016, 'accuracy': 1.0}
train: {'epoch': 266, 'eta': 17.3389, 'loss': 0.5906, 'lr': 0.0025, 'params': 632328, 'time_iter': 0.114, 'accuracy': 1.0}
train: {'epoch': 267, 'eta': 17.1902, 'loss': 0.5904, 'lr': 0.0025, 'params': 632328, 'time_iter': 0.0931, 'accuracy': 1.0}
train: {'epoch': 268, 'eta': 17.0532, 'loss': 0.5903, 'lr': 0.0025, 'params': 632328, 'time_iter': 0.1164, 'accuracy': 1.0}
train: {'epoch': 269, 'eta': 16.9127, 'loss': 0.5901, 'lr': 0.0024, 'params': 632328, 'time_iter': 0.1087, 'accuracy': 1.0}
train: {'epoch': 270, 'eta': 16.7688, 'loss': 0.59, 'lr': 0.0024, 'params': 632328, 'time_iter': 0.101, 'accuracy': 1.0}
train: {'epoch': 271, 'eta': 16.6272, 'loss': 0.5899, 'lr': 0.0024, 'params': 632328, 'time_iter': 0.1054, 'accuracy': 1.0}
train: {'epoch': 272, 'eta': 16.482, 'loss': 0.5897, 'lr': 0.0023, 'params': 632328, 'time_iter': 0.0969, 'accuracy': 1.0}
train: {'epoch': 273, 'eta': 16.3414, 'loss': 0.5896, 'lr': 0.0023, 'params': 632328, 'time_iter': 0.1064, 'accuracy': 1.0}
train: {'epoch': 274, 'eta': 16.2011, 'loss': 0.5895, 'lr': 0.0023, 'params': 632328, 'time_iter': 0.1064, 'accuracy': 1.0}
train: {'epoch': 275, 'eta': 16.0657, 'loss': 0.5894, 'lr': 0.0022, 'params': 632328, 'time_iter': 0.1166, 'accuracy': 1.0}
train: {'epoch': 276, 'eta': 15.9253, 'loss': 0.5893, 'lr': 0.0022, 'params': 632328, 'time_iter': 0.1052, 'accuracy': 1.0}
train: {'epoch': 277, 'eta': 15.7933, 'loss': 0.5892, 'lr': 0.0022, 'params': 632328, 'time_iter': 0.1237, 'accuracy': 1.0}
train: {'epoch': 278, 'eta': 15.6526, 'loss': 0.5891, 'lr': 0.0021, 'params': 632328, 'time_iter': 0.1036, 'accuracy': 1.0}
train: {'epoch': 279, 'eta': 15.5102, 'loss': 0.589, 'lr': 0.0021, 'params': 632328, 'time_iter': 0.0989, 'accuracy': 1.0}
val: {'epoch': 279, 'loss': 0.9191, 'lr': 0, 'params': 632328, 'time_iter': 0.048, 'accuracy': 0.8948}
train: {'epoch': 280, 'eta': 15.3646, 'loss': 0.5889, 'lr': 0.0021, 'params': 632328, 'time_iter': 0.0907, 'accuracy': 1.0}
train: {'epoch': 281, 'eta': 15.2254, 'loss': 0.5888, 'lr': 0.002, 'params': 632328, 'time_iter': 0.1048, 'accuracy': 1.0}
train: {'epoch': 282, 'eta': 15.0835, 'loss': 0.5888, 'lr': 0.002, 'params': 632328, 'time_iter': 0.098, 'accuracy': 1.0}
train: {'epoch': 283, 'eta': 14.9429, 'loss': 0.5887, 'lr': 0.002, 'params': 632328, 'time_iter': 0.1004, 'accuracy': 1.0}
train: {'epoch': 284, 'eta': 14.8068, 'loss': 0.5886, 'lr': 0.0019, 'params': 632328, 'time_iter': 0.1108, 'accuracy': 1.0}
train: {'epoch': 285, 'eta': 14.6718, 'loss': 0.5885, 'lr': 0.0019, 'params': 632328, 'time_iter': 0.1132, 'accuracy': 1.0}
train: {'epoch': 286, 'eta': 14.5326, 'loss': 0.5884, 'lr': 0.0019, 'params': 632328, 'time_iter': 0.1021, 'accuracy': 1.0}
train: {'epoch': 287, 'eta': 14.3964, 'loss': 0.5884, 'lr': 0.0018, 'params': 632328, 'time_iter': 0.1089, 'accuracy': 1.0}
train: {'epoch': 288, 'eta': 14.2609, 'loss': 0.5883, 'lr': 0.0018, 'params': 632328, 'time_iter': 0.1103, 'accuracy': 1.0}
train: {'epoch': 289, 'eta': 14.1219, 'loss': 0.5882, 'lr': 0.0018, 'params': 632328, 'time_iter': 0.1007, 'accuracy': 1.0}
train: {'epoch': 290, 'eta': 13.9947, 'loss': 0.5882, 'lr': 0.0018, 'params': 632328, 'time_iter': 0.1315, 'accuracy': 1.0}
train: {'epoch': 291, 'eta': 13.8567, 'loss': 0.5881, 'lr': 0.0017, 'params': 632328, 'time_iter': 0.1025, 'accuracy': 1.0}
train: {'epoch': 292, 'eta': 13.7212, 'loss': 0.5881, 'lr': 0.0017, 'params': 632328, 'time_iter': 0.1085, 'accuracy': 1.0}
train: {'epoch': 293, 'eta': 13.583, 'loss': 0.588, 'lr': 0.0017, 'params': 632328, 'time_iter': 0.1006, 'accuracy': 1.0}
train: {'epoch': 294, 'eta': 13.4451, 'loss': 0.5879, 'lr': 0.0016, 'params': 632328, 'time_iter': 0.1009, 'accuracy': 1.0}
train: {'epoch': 295, 'eta': 13.3128, 'loss': 0.5879, 'lr': 0.0016, 'params': 632328, 'time_iter': 0.1159, 'accuracy': 1.0}
train: {'epoch': 296, 'eta': 13.181, 'loss': 0.5878, 'lr': 0.0016, 'params': 632328, 'time_iter': 0.1168, 'accuracy': 1.0}
train: {'epoch': 297, 'eta': 13.0462, 'loss': 0.5878, 'lr': 0.0015, 'params': 632328, 'time_iter': 0.1081, 'accuracy': 1.0}
train: {'epoch': 298, 'eta': 12.9154, 'loss': 0.5877, 'lr': 0.0015, 'params': 632328, 'time_iter': 0.1194, 'accuracy': 1.0}
train: {'epoch': 299, 'eta': 12.8131, 'loss': 0.5877, 'lr': 0.0015, 'params': 632328, 'time_iter': 0.2046, 'accuracy': 1.0}
val: {'epoch': 299, 'loss': 0.915, 'lr': 0, 'params': 632328, 'time_iter': 0.1035, 'accuracy': 0.8911}
train: {'epoch': 300, 'eta': 12.7054, 'loss': 0.5876, 'lr': 0.0015, 'params': 632328, 'time_iter': 0.1901, 'accuracy': 1.0}
train: {'epoch': 301, 'eta': 12.6291, 'loss': 0.5876, 'lr': 0.0014, 'params': 632328, 'time_iter': 0.2889, 'accuracy': 1.0}
train: {'epoch': 302, 'eta': 12.575, 'loss': 0.5875, 'lr': 0.0014, 'params': 632328, 'time_iter': 0.3625, 'accuracy': 1.0}
train: {'epoch': 303, 'eta': 12.4943, 'loss': 0.5875, 'lr': 0.0014, 'params': 632328, 'time_iter': 0.2846, 'accuracy': 1.0}
train: {'epoch': 304, 'eta': 12.4118, 'loss': 0.5874, 'lr': 0.0014, 'params': 632328, 'time_iter': 0.2829, 'accuracy': 1.0}
train: {'epoch': 305, 'eta': 12.2768, 'loss': 0.5874, 'lr': 0.0013, 'params': 632328, 'time_iter': 0.1168, 'accuracy': 1.0}
train: {'epoch': 306, 'eta': 12.1473, 'loss': 0.5873, 'lr': 0.0013, 'params': 632328, 'time_iter': 0.1342, 'accuracy': 1.0}
train: {'epoch': 307, 'eta': 12.0176, 'loss': 0.5873, 'lr': 0.0013, 'params': 632328, 'time_iter': 0.1337, 'accuracy': 1.0}
train: {'epoch': 308, 'eta': 11.8847, 'loss': 0.5873, 'lr': 0.0012, 'params': 632328, 'time_iter': 0.123, 'accuracy': 1.0}
train: {'epoch': 309, 'eta': 11.7523, 'loss': 0.5872, 'lr': 0.0012, 'params': 632328, 'time_iter': 0.1242, 'accuracy': 1.0}
train: {'epoch': 310, 'eta': 11.6222, 'loss': 0.5872, 'lr': 0.0012, 'params': 632328, 'time_iter': 0.1323, 'accuracy': 1.0}
train: {'epoch': 311, 'eta': 11.496, 'loss': 0.5872, 'lr': 0.0012, 'params': 632328, 'time_iter': 0.1461, 'accuracy': 1.0}
train: {'epoch': 312, 'eta': 11.3646, 'loss': 0.5871, 'lr': 0.0011, 'params': 632328, 'time_iter': 0.1278, 'accuracy': 1.0}
train: {'epoch': 313, 'eta': 11.2339, 'loss': 0.5871, 'lr': 0.0011, 'params': 632328, 'time_iter': 0.1307, 'accuracy': 1.0}
train: {'epoch': 314, 'eta': 11.1037, 'loss': 0.587, 'lr': 0.0011, 'params': 632328, 'time_iter': 0.1321, 'accuracy': 1.0}
train: {'epoch': 315, 'eta': 10.9664, 'loss': 0.587, 'lr': 0.0011, 'params': 632328, 'time_iter': 0.1053, 'accuracy': 1.0}
train: {'epoch': 316, 'eta': 10.8369, 'loss': 0.587, 'lr': 0.001, 'params': 632328, 'time_iter': 0.1346, 'accuracy': 1.0}
train: {'epoch': 317, 'eta': 10.6979, 'loss': 0.5869, 'lr': 0.001, 'params': 632328, 'time_iter': 0.0981, 'accuracy': 1.0}
train: {'epoch': 318, 'eta': 10.5646, 'loss': 0.5869, 'lr': 0.001, 'params': 632328, 'time_iter': 0.1192, 'accuracy': 1.0}
train: {'epoch': 319, 'eta': 10.4292, 'loss': 0.5869, 'lr': 0.001, 'params': 632328, 'time_iter': 0.1106, 'accuracy': 1.0}
val: {'epoch': 319, 'loss': 0.9122, 'lr': 0, 'params': 632328, 'time_iter': 0.0478, 'accuracy': 0.893}
train: {'epoch': 320, 'eta': 10.2929, 'loss': 0.5869, 'lr': 0.001, 'params': 632328, 'time_iter': 0.1062, 'accuracy': 1.0}
train: {'epoch': 321, 'eta': 10.1597, 'loss': 0.5868, 'lr': 0.0009, 'params': 632328, 'time_iter': 0.1183, 'accuracy': 1.0}
train: {'epoch': 322, 'eta': 10.0244, 'loss': 0.5868, 'lr': 0.0009, 'params': 632328, 'time_iter': 0.1092, 'accuracy': 1.0}
train: {'epoch': 323, 'eta': 9.8894, 'loss': 0.5868, 'lr': 0.0009, 'params': 632328, 'time_iter': 0.1095, 'accuracy': 1.0}
train: {'epoch': 324, 'eta': 9.7525, 'loss': 0.5867, 'lr': 0.0009, 'params': 632328, 'time_iter': 0.1007, 'accuracy': 1.0}
train: {'epoch': 325, 'eta': 9.6165, 'loss': 0.5867, 'lr': 0.0008, 'params': 632328, 'time_iter': 0.1037, 'accuracy': 1.0}
train: {'epoch': 326, 'eta': 9.4781, 'loss': 0.5867, 'lr': 0.0008, 'params': 632328, 'time_iter': 0.092, 'accuracy': 1.0}
train: {'epoch': 327, 'eta': 9.3464, 'loss': 0.5867, 'lr': 0.0008, 'params': 632328, 'time_iter': 0.1214, 'accuracy': 1.0}
train: {'epoch': 328, 'eta': 9.2081, 'loss': 0.5866, 'lr': 0.0008, 'params': 632328, 'time_iter': 0.0908, 'accuracy': 1.0}
train: {'epoch': 329, 'eta': 9.0762, 'loss': 0.5866, 'lr': 0.0008, 'params': 632328, 'time_iter': 0.1189, 'accuracy': 1.0}
train: {'epoch': 330, 'eta': 8.9488, 'loss': 0.5866, 'lr': 0.0007, 'params': 632328, 'time_iter': 0.1407, 'accuracy': 1.0}
train: {'epoch': 331, 'eta': 8.8166, 'loss': 0.5866, 'lr': 0.0007, 'params': 632328, 'time_iter': 0.1177, 'accuracy': 1.0}
train: {'epoch': 332, 'eta': 8.6837, 'loss': 0.5866, 'lr': 0.0007, 'params': 632328, 'time_iter': 0.1131, 'accuracy': 1.0}
train: {'epoch': 333, 'eta': 8.552, 'loss': 0.5865, 'lr': 0.0007, 'params': 632328, 'time_iter': 0.119, 'accuracy': 1.0}
train: {'epoch': 334, 'eta': 8.42, 'loss': 0.5865, 'lr': 0.0007, 'params': 632328, 'time_iter': 0.1171, 'accuracy': 1.0}
train: {'epoch': 335, 'eta': 8.2903, 'loss': 0.5865, 'lr': 0.0006, 'params': 632328, 'time_iter': 0.1292, 'accuracy': 1.0}
train: {'epoch': 336, 'eta': 8.1711, 'loss': 0.5865, 'lr': 0.0006, 'params': 632328, 'time_iter': 0.1845, 'accuracy': 1.0}
train: {'epoch': 337, 'eta': 8.0374, 'loss': 0.5865, 'lr': 0.0006, 'params': 632328, 'time_iter': 0.1081, 'accuracy': 1.0}
train: {'epoch': 338, 'eta': 7.9069, 'loss': 0.5864, 'lr': 0.0006, 'params': 632328, 'time_iter': 0.1248, 'accuracy': 1.0}
train: {'epoch': 339, 'eta': 7.7727, 'loss': 0.5864, 'lr': 0.0006, 'params': 632328, 'time_iter': 0.1038, 'accuracy': 1.0}
val: {'epoch': 339, 'loss': 0.911, 'lr': 0, 'params': 632328, 'time_iter': 0.0491, 'accuracy': 0.8948}
train: {'epoch': 340, 'eta': 7.637, 'loss': 0.5864, 'lr': 0.0005, 'params': 632328, 'time_iter': 0.0939, 'accuracy': 1.0}
train: {'epoch': 341, 'eta': 7.504, 'loss': 0.5864, 'lr': 0.0005, 'params': 632328, 'time_iter': 0.1082, 'accuracy': 1.0}
train: {'epoch': 342, 'eta': 7.3701, 'loss': 0.5864, 'lr': 0.0005, 'params': 632328, 'time_iter': 0.1022, 'accuracy': 1.0}
train: {'epoch': 343, 'eta': 7.2411, 'loss': 0.5864, 'lr': 0.0005, 'params': 632328, 'time_iter': 0.1313, 'accuracy': 1.0}
train: {'epoch': 344, 'eta': 7.1085, 'loss': 0.5863, 'lr': 0.0005, 'params': 632328, 'time_iter': 0.1089, 'accuracy': 1.0}
train: {'epoch': 345, 'eta': 6.9768, 'loss': 0.5863, 'lr': 0.0005, 'params': 632328, 'time_iter': 0.1133, 'accuracy': 1.0}
train: {'epoch': 346, 'eta': 6.8469, 'loss': 0.5863, 'lr': 0.0004, 'params': 632328, 'time_iter': 0.1245, 'accuracy': 1.0}
train: {'epoch': 347, 'eta': 6.7127, 'loss': 0.5863, 'lr': 0.0004, 'params': 632328, 'time_iter': 0.0958, 'accuracy': 1.0}
train: {'epoch': 348, 'eta': 6.5839, 'loss': 0.5863, 'lr': 0.0004, 'params': 632328, 'time_iter': 0.1308, 'accuracy': 1.0}
train: {'epoch': 349, 'eta': 6.4515, 'loss': 0.5863, 'lr': 0.0004, 'params': 632328, 'time_iter': 0.106, 'accuracy': 1.0}
train: {'epoch': 350, 'eta': 6.3198, 'loss': 0.5863, 'lr': 0.0004, 'params': 632328, 'time_iter': 0.1098, 'accuracy': 1.0}
train: {'epoch': 351, 'eta': 6.1869, 'loss': 0.5863, 'lr': 0.0004, 'params': 632328, 'time_iter': 0.1004, 'accuracy': 1.0}
train: {'epoch': 352, 'eta': 6.0563, 'loss': 0.5863, 'lr': 0.0004, 'params': 632328, 'time_iter': 0.1161, 'accuracy': 1.0}
train: {'epoch': 353, 'eta': 5.9238, 'loss': 0.5862, 'lr': 0.0003, 'params': 632328, 'time_iter': 0.1005, 'accuracy': 1.0}
train: {'epoch': 354, 'eta': 5.7922, 'loss': 0.5862, 'lr': 0.0003, 'params': 632328, 'time_iter': 0.1071, 'accuracy': 1.0}
train: {'epoch': 355, 'eta': 5.6616, 'loss': 0.5862, 'lr': 0.0003, 'params': 632328, 'time_iter': 0.1135, 'accuracy': 1.0}
train: {'epoch': 356, 'eta': 5.5311, 'loss': 0.5862, 'lr': 0.0003, 'params': 632328, 'time_iter': 0.1132, 'accuracy': 1.0}
train: {'epoch': 357, 'eta': 5.3986, 'loss': 0.5862, 'lr': 0.0003, 'params': 632328, 'time_iter': 0.0959, 'accuracy': 1.0}
train: {'epoch': 358, 'eta': 5.2678, 'loss': 0.5862, 'lr': 0.0003, 'params': 632328, 'time_iter': 0.1085, 'accuracy': 1.0}
train: {'epoch': 359, 'eta': 5.136, 'loss': 0.5862, 'lr': 0.0003, 'params': 632328, 'time_iter': 0.0986, 'accuracy': 1.0}
val: {'epoch': 359, 'loss': 0.9096, 'lr': 0, 'params': 632328, 'time_iter': 0.04, 'accuracy': 0.8948}
train: {'epoch': 360, 'eta': 5.0053, 'loss': 0.5862, 'lr': 0.0002, 'params': 632328, 'time_iter': 0.1072, 'accuracy': 1.0}
train: {'epoch': 361, 'eta': 4.8838, 'loss': 0.5862, 'lr': 0.0002, 'params': 632328, 'time_iter': 0.1933, 'accuracy': 1.0}
train: {'epoch': 362, 'eta': 4.7551, 'loss': 0.5862, 'lr': 0.0002, 'params': 632328, 'time_iter': 0.127, 'accuracy': 1.0}
train: {'epoch': 363, 'eta': 4.6258, 'loss': 0.5862, 'lr': 0.0002, 'params': 632328, 'time_iter': 0.1205, 'accuracy': 1.0}
train: {'epoch': 364, 'eta': 4.4966, 'loss': 0.5862, 'lr': 0.0002, 'params': 632328, 'time_iter': 0.1212, 'accuracy': 1.0}
train: {'epoch': 365, 'eta': 4.3686, 'loss': 0.5861, 'lr': 0.0002, 'params': 632328, 'time_iter': 0.1341, 'accuracy': 1.0}
train: {'epoch': 366, 'eta': 4.2392, 'loss': 0.5861, 'lr': 0.0002, 'params': 632328, 'time_iter': 0.1179, 'accuracy': 1.0}
train: {'epoch': 367, 'eta': 4.1098, 'loss': 0.5861, 'lr': 0.0002, 'params': 632328, 'time_iter': 0.1181, 'accuracy': 1.0}
train: {'epoch': 368, 'eta': 3.9792, 'loss': 0.5861, 'lr': 0.0002, 'params': 632328, 'time_iter': 0.1025, 'accuracy': 1.0}
train: {'epoch': 369, 'eta': 3.8497, 'loss': 0.5861, 'lr': 0.0001, 'params': 632328, 'time_iter': 0.1141, 'accuracy': 1.0}
train: {'epoch': 370, 'eta': 3.7196, 'loss': 0.5861, 'lr': 0.0001, 'params': 632328, 'time_iter': 0.1058, 'accuracy': 1.0}
train: {'epoch': 371, 'eta': 3.5918, 'loss': 0.5861, 'lr': 0.0001, 'params': 632328, 'time_iter': 0.1346, 'accuracy': 1.0}
train: {'epoch': 372, 'eta': 3.4678, 'loss': 0.5861, 'lr': 0.0001, 'params': 632328, 'time_iter': 0.1865, 'accuracy': 1.0}
train: {'epoch': 373, 'eta': 3.3451, 'loss': 0.5861, 'lr': 0.0001, 'params': 632328, 'time_iter': 0.2108, 'accuracy': 1.0}
train: {'epoch': 374, 'eta': 3.2211, 'loss': 0.5861, 'lr': 0.0001, 'params': 632328, 'time_iter': 0.1989, 'accuracy': 1.0}
train: {'epoch': 375, 'eta': 3.0991, 'loss': 0.5861, 'lr': 0.0001, 'params': 632328, 'time_iter': 0.2355, 'accuracy': 1.0}
train: {'epoch': 376, 'eta': 2.9726, 'loss': 0.5861, 'lr': 0.0001, 'params': 632328, 'time_iter': 0.1736, 'accuracy': 1.0}
train: {'epoch': 377, 'eta': 2.8458, 'loss': 0.5861, 'lr': 0.0001, 'params': 632328, 'time_iter': 0.1703, 'accuracy': 1.0}
train: {'epoch': 378, 'eta': 2.7165, 'loss': 0.5861, 'lr': 0.0001, 'params': 632328, 'time_iter': 0.1301, 'accuracy': 1.0}
train: {'epoch': 379, 'eta': 2.5873, 'loss': 0.5861, 'lr': 0.0001, 'params': 632328, 'time_iter': 0.1322, 'accuracy': 1.0}
val: {'epoch': 379, 'loss': 0.9097, 'lr': 0, 'params': 632328, 'time_iter': 0.065, 'accuracy': 0.8967}
train: {'epoch': 380, 'eta': 2.4575, 'loss': 0.5861, 'lr': 0.0001, 'params': 632328, 'time_iter': 0.1209, 'accuracy': 1.0}
train: {'epoch': 381, 'eta': 2.328, 'loss': 0.5861, 'lr': 0.0001, 'params': 632328, 'time_iter': 0.126, 'accuracy': 1.0}
train: {'epoch': 382, 'eta': 2.1976, 'loss': 0.5861, 'lr': 0.0, 'params': 632328, 'time_iter': 0.1045, 'accuracy': 1.0}
train: {'epoch': 383, 'eta': 2.067, 'loss': 0.5861, 'lr': 0.0, 'params': 632328, 'time_iter': 0.0973, 'accuracy': 1.0}
train: {'epoch': 384, 'eta': 1.9371, 'loss': 0.5861, 'lr': 0.0, 'params': 632328, 'time_iter': 0.1131, 'accuracy': 1.0}
train: {'epoch': 385, 'eta': 1.8069, 'loss': 0.5861, 'lr': 0.0, 'params': 632328, 'time_iter': 0.0981, 'accuracy': 1.0}
train: {'epoch': 386, 'eta': 1.677, 'loss': 0.5861, 'lr': 0.0, 'params': 632328, 'time_iter': 0.104, 'accuracy': 1.0}
train: {'epoch': 387, 'eta': 1.5473, 'loss': 0.5861, 'lr': 0.0, 'params': 632328, 'time_iter': 0.1076, 'accuracy': 1.0}
train: {'epoch': 388, 'eta': 1.4179, 'loss': 0.5861, 'lr': 0.0, 'params': 632328, 'time_iter': 0.1116, 'accuracy': 1.0}
train: {'epoch': 389, 'eta': 1.2888, 'loss': 0.5861, 'lr': 0.0, 'params': 632328, 'time_iter': 0.1204, 'accuracy': 1.0}
train: {'epoch': 390, 'eta': 1.1593, 'loss': 0.5861, 'lr': 0.0, 'params': 632328, 'time_iter': 0.1037, 'accuracy': 1.0}
train: {'epoch': 391, 'eta': 1.03, 'loss': 0.5861, 'lr': 0.0, 'params': 632328, 'time_iter': 0.1027, 'accuracy': 1.0}
train: {'epoch': 392, 'eta': 0.9009, 'loss': 0.5861, 'lr': 0.0, 'params': 632328, 'time_iter': 0.1136, 'accuracy': 1.0}
train: {'epoch': 393, 'eta': 0.7718, 'loss': 0.5861, 'lr': 0.0, 'params': 632328, 'time_iter': 0.0999, 'accuracy': 1.0}
train: {'epoch': 394, 'eta': 0.6436, 'loss': 0.5861, 'lr': 0.0, 'params': 632328, 'time_iter': 0.1617, 'accuracy': 1.0}
train: {'epoch': 395, 'eta': 0.5147, 'loss': 0.5861, 'lr': 0.0, 'params': 632328, 'time_iter': 0.1135, 'accuracy': 1.0}
train: {'epoch': 396, 'eta': 0.3859, 'loss': 0.5861, 'lr': 0.0, 'params': 632328, 'time_iter': 0.1068, 'accuracy': 1.0}
train: {'epoch': 397, 'eta': 0.2572, 'loss': 0.5861, 'lr': 0.0, 'params': 632328, 'time_iter': 0.1238, 'accuracy': 1.0}
train: {'epoch': 398, 'eta': 0.1286, 'loss': 0.5861, 'lr': 0.0, 'params': 632328, 'time_iter': 0.1275, 'accuracy': 1.0}
train: {'epoch': 399, 'eta': 0.0, 'loss': 0.5861, 'lr': 0.0, 'params': 632328, 'time_iter': 0.1313, 'accuracy': 1.0}
val: {'epoch': 399, 'loss': 0.9099, 'lr': 0, 'params': 632328, 'time_iter': 0.0627, 'accuracy': 0.8967}
Task done, results saved in results/example_noneq_4
