Load: 0.05856s, Before split: 0.0004411s, Split: 0.0002291s, After split: 0.0003128s
GNN(
  (preprocess): Preprocess(
    node_feature: dim_out=1433
    Total: dim_out=1433
  )
  (pre_mp): GeneralMultiLayer(
    (Layer_0): GeneralLayer(
      (layer): Linear(
        (model): Linear(in_features=1433, out_features=256, bias=False)
      )
      (post_layer): Sequential(
        (0): BatchNorm1d(256, eps=1e-05, momentum=0.1, affine=True, track_running_stats=True)
        (1): PReLU(num_parameters=1)
      )
    )
  )
  (mp): GNNStackStage(
    (layer0): GeneralLayer(
      (layer): GeneralConv(
        (model): GeneralConvLayer(256, 256)
      )
      (post_layer): Sequential(
        (0): BatchNorm1d(256, eps=1e-05, momentum=0.1, affine=True, track_running_stats=True)
        (1): PReLU(num_parameters=1)
      )
    )
    (layer1): GeneralLayer(
      (layer): GeneralConv(
        (model): GeneralConvLayer(256, 256)
      )
      (post_layer): Sequential(
        (0): BatchNorm1d(256, eps=1e-05, momentum=0.1, affine=True, track_running_stats=True)
        (1): PReLU(num_parameters=1)
      )
    )
  )
  (post_mp): GNNNodeHead(
    (layer_post_mp): MLP(
      (model): Sequential(
        (0): Linear(
          (model): Linear(in_features=256, out_features=7, bias=True)
        )
      )
    )
  )
)
bn:
  eps: 1e-05
  mom: 0.1
cfg_dest: config.yaml
custom_metrics: []
dataset:
  augment_feature: []
  augment_feature_dims: []
  augment_feature_repr: position
  augment_label: 
  augment_label_dims: 0
  cache_load: False
  cache_save: False
  dir: ./datasets
  edge_dim: 128
  edge_encoder: False
  edge_encoder_bn: True
  edge_encoder_name: Bond
  edge_message_ratio: 0.8
  edge_negative_sampling_ratio: 1.0
  edge_train_mode: all
  encoder: True
  encoder_bn: True
  encoder_dim: 128
  encoder_name: db
  format: PyG
  label_column: none
  label_table: none
  location: local
  name: Cora
  node_encoder: False
  node_encoder_bn: True
  node_encoder_name: Atom
  remove_feature: False
  resample_disjoint: False
  resample_negative: False
  shuffle_split: True
  split: [0.8, 0.2]
  split_mode: random
  task: node
  task_type: classification
  to_undirected: False
  transductive: True
  transform: none
  tu_simple: True
device: cpu
example_arg: example
example_group:
  example_arg: example
gnn:
  act: prelu
  agg: add
  att_final_linear: False
  att_final_linear_bn: False
  att_heads: 1
  batchnorm: True
  clear_feature: True
  dim_inner: 256
  dropout: 0.0
  flow: source_to_target
  head: node
  keep_edge: 0.5
  l2norm: True
  layer_type: generalconv
  layers_mp: 2
  layers_post_mp: 1
  layers_pre_mp: 1
  msg_direction: single
  normalize_adj: False
  self_msg: concat
  skip_every: 1
  stage_type: stack
gpu_mem: False
mem:
  inplace: False
metric_agg: argmax
metric_best: auto
model:
  edge_decoding: dot
  graph_pooling: add
  loss_fun: cross_entropy
  match_upper: True
  size_average: mean
  thresh: 0.5
  type: gnn
num_threads: 6
num_workers: 0
optim:
  base_lr: 0.01
  lr_decay: 0.1
  max_epoch: 400
  momentum: 0.9
  optimizer: adam
  scheduler: cos
  steps: [30, 60, 90]
  weight_decay: 0.0005
out_dir: results/example_noneq_9
params: 632328
print: both
round: 4
run_dir: results/example_noneq_9/1
seed: 2
share:
  dim_in: 1433
  dim_out: 7
  num_splits: 2
tensorboard_agg: True
tensorboard_each_run: False
train:
  auto_resume: False
  batch_size: 32
  ckpt_clean: True
  ckpt_period: 100
  enable_ckpt: True
  energy_alpha: 3.0
  energy_beta: 1.0
  energy_reg: True
  epoch_resume: -1
  eval_period: 20
  iter_per_epoch: 32
  mode: standard
  neighbor_sizes: [20, 15, 10, 5]
  node_per_graph: 32
  radius: extend
  sample_node: False
  sampler: full_batch
  skip_train_eval: False
  walk_length: 4
val:
  node_per_graph: 32
  radius: extend
  sample_node: False
  sampler: full_batch
view_emb: False
Num parameters: 632328
Start from epoch 0
train: {'epoch': 0, 'eta': 50.756, 'loss': 5.7508, 'lr': 0.01, 'params': 632328, 'time_iter': 0.1272, 'accuracy': 0.1851}
val: {'epoch': 0, 'loss': 4.9121, 'lr': 0, 'params': 632328, 'time_iter': 0.0535, 'accuracy': 0.3469}
train: {'epoch': 1, 'eta': 48.1731, 'loss': 5.156, 'lr': 0.01, 'params': 632328, 'time_iter': 0.1149, 'accuracy': 0.5702}
train: {'epoch': 2, 'eta': 47.6351, 'loss': 4.8386, 'lr': 0.01, 'params': 632328, 'time_iter': 0.1179, 'accuracy': 0.5951}
train: {'epoch': 3, 'eta': 46.3829, 'loss': 4.6283, 'lr': 0.01, 'params': 632328, 'time_iter': 0.1086, 'accuracy': 0.6505}
train: {'epoch': 4, 'eta': 45.6008, 'loss': 4.4519, 'lr': 0.01, 'params': 632328, 'time_iter': 0.1087, 'accuracy': 0.699}
train: {'epoch': 5, 'eta': 45.409, 'loss': 4.3101, 'lr': 0.01, 'params': 632328, 'time_iter': 0.1143, 'accuracy': 0.7502}
train: {'epoch': 6, 'eta': 44.3117, 'loss': 4.1954, 'lr': 0.01, 'params': 632328, 'time_iter': 0.0978, 'accuracy': 0.7765}
train: {'epoch': 7, 'eta': 44.2088, 'loss': 4.0926, 'lr': 0.01, 'params': 632328, 'time_iter': 0.113, 'accuracy': 0.8061}
train: {'epoch': 8, 'eta': 43.8535, 'loss': 3.9994, 'lr': 0.01, 'params': 632328, 'time_iter': 0.1072, 'accuracy': 0.837}
train: {'epoch': 9, 'eta': 43.2444, 'loss': 3.9173, 'lr': 0.01, 'params': 632328, 'time_iter': 0.0994, 'accuracy': 0.8583}
train: {'epoch': 10, 'eta': 43.5151, 'loss': 3.8455, 'lr': 0.01, 'params': 632328, 'time_iter': 0.1217, 'accuracy': 0.8777}
train: {'epoch': 11, 'eta': 43.2611, 'loss': 3.7845, 'lr': 0.01, 'params': 632328, 'time_iter': 0.1075, 'accuracy': 0.8855}
train: {'epoch': 12, 'eta': 43.6725, 'loss': 3.7308, 'lr': 0.01, 'params': 632328, 'time_iter': 0.1291, 'accuracy': 0.8947}
train: {'epoch': 13, 'eta': 45.158, 'loss': 3.6822, 'lr': 0.01, 'params': 632328, 'time_iter': 0.1708, 'accuracy': 0.904}
train: {'epoch': 14, 'eta': 44.9364, 'loss': 3.6399, 'lr': 0.01, 'params': 632328, 'time_iter': 0.1129, 'accuracy': 0.9104}
train: {'epoch': 15, 'eta': 44.7559, 'loss': 3.6021, 'lr': 0.01, 'params': 632328, 'time_iter': 0.1141, 'accuracy': 0.9169}
train: {'epoch': 16, 'eta': 45.0549, 'loss': 3.5683, 'lr': 0.01, 'params': 632328, 'time_iter': 0.135, 'accuracy': 0.9201}
train: {'epoch': 17, 'eta': 44.5766, 'loss': 3.5372, 'lr': 0.01, 'params': 632328, 'time_iter': 0.1006, 'accuracy': 0.9224}
train: {'epoch': 18, 'eta': 44.5284, 'loss': 3.5087, 'lr': 0.01, 'params': 632328, 'time_iter': 0.1201, 'accuracy': 0.928}
train: {'epoch': 19, 'eta': 44.3822, 'loss': 3.483, 'lr': 0.0099, 'params': 632328, 'time_iter': 0.1153, 'accuracy': 0.9321}
val: {'epoch': 19, 'loss': 3.5612, 'lr': 0, 'params': 632328, 'time_iter': 0.0371, 'accuracy': 0.8838}
train: {'epoch': 20, 'eta': 43.7444, 'loss': 3.4598, 'lr': 0.0099, 'params': 632328, 'time_iter': 0.0879, 'accuracy': 0.9354}
train: {'epoch': 21, 'eta': 43.2306, 'loss': 3.4384, 'lr': 0.0099, 'params': 632328, 'time_iter': 0.0922, 'accuracy': 0.9395}
train: {'epoch': 22, 'eta': 42.7728, 'loss': 3.419, 'lr': 0.0099, 'params': 632328, 'time_iter': 0.0934, 'accuracy': 0.9441}
train: {'epoch': 23, 'eta': 42.3127, 'loss': 3.4009, 'lr': 0.0099, 'params': 632328, 'time_iter': 0.0913, 'accuracy': 0.9478}
train: {'epoch': 24, 'eta': 41.922, 'loss': 3.3844, 'lr': 0.0099, 'params': 632328, 'time_iter': 0.094, 'accuracy': 0.9488}
train: {'epoch': 25, 'eta': 41.53, 'loss': 3.37, 'lr': 0.0099, 'params': 632328, 'time_iter': 0.0923, 'accuracy': 0.9538}
train: {'epoch': 26, 'eta': 41.3821, 'loss': 3.3569, 'lr': 0.0099, 'params': 632328, 'time_iter': 0.1084, 'accuracy': 0.9571}
train: {'epoch': 27, 'eta': 41.141, 'loss': 3.3443, 'lr': 0.0099, 'params': 632328, 'time_iter': 0.1011, 'accuracy': 0.9598}
train: {'epoch': 28, 'eta': 41.2619, 'loss': 3.3322, 'lr': 0.0099, 'params': 632328, 'time_iter': 0.1287, 'accuracy': 0.9612}
train: {'epoch': 29, 'eta': 41.1518, 'loss': 3.3223, 'lr': 0.0099, 'params': 632328, 'time_iter': 0.1113, 'accuracy': 0.964}
train: {'epoch': 30, 'eta': 40.7883, 'loss': 3.3171, 'lr': 0.0099, 'params': 632328, 'time_iter': 0.09, 'accuracy': 0.9645}
train: {'epoch': 31, 'eta': 41.8867, 'loss': 3.3269, 'lr': 0.0099, 'params': 632328, 'time_iter': 0.2157, 'accuracy': 0.9654}
train: {'epoch': 32, 'eta': 44.3737, 'loss': 3.3752, 'lr': 0.0098, 'params': 632328, 'time_iter': 0.3477, 'accuracy': 0.9377}
train: {'epoch': 33, 'eta': 57.4934, 'loss': 3.2976, 'lr': 0.0098, 'params': 632328, 'time_iter': 1.3509, 'accuracy': 0.9668}
train: {'epoch': 34, 'eta': 57.7479, 'loss': 3.3336, 'lr': 0.0098, 'params': 632328, 'time_iter': 0.1966, 'accuracy': 0.9621}
train: {'epoch': 35, 'eta': 58.0855, 'loss': 3.285, 'lr': 0.0098, 'params': 632328, 'time_iter': 0.2073, 'accuracy': 0.9705}
train: {'epoch': 36, 'eta': 57.6505, 'loss': 3.3048, 'lr': 0.0098, 'params': 632328, 'time_iter': 0.1315, 'accuracy': 0.9608}
train: {'epoch': 37, 'eta': 57.0945, 'loss': 3.2884, 'lr': 0.0098, 'params': 632328, 'time_iter': 0.1171, 'accuracy': 0.9695}
train: {'epoch': 38, 'eta': 56.9905, 'loss': 3.2713, 'lr': 0.0098, 'params': 632328, 'time_iter': 0.1635, 'accuracy': 0.976}
train: {'epoch': 39, 'eta': 56.4564, 'loss': 3.2712, 'lr': 0.0098, 'params': 632328, 'time_iter': 0.1161, 'accuracy': 0.9797}
val: {'epoch': 39, 'loss': 3.5151, 'lr': 0, 'params': 632328, 'time_iter': 0.0747, 'accuracy': 0.8764}
train: {'epoch': 40, 'eta': 56.4741, 'loss': 3.2666, 'lr': 0.0098, 'params': 632328, 'time_iter': 0.1768, 'accuracy': 0.9778}
train: {'epoch': 41, 'eta': 56.5726, 'loss': 3.2562, 'lr': 0.0097, 'params': 632328, 'time_iter': 0.1873, 'accuracy': 0.9746}
train: {'epoch': 42, 'eta': 56.2922, 'loss': 3.2507, 'lr': 0.0097, 'params': 632328, 'time_iter': 0.1433, 'accuracy': 0.9792}
train: {'epoch': 43, 'eta': 55.7047, 'loss': 3.248, 'lr': 0.0097, 'params': 632328, 'time_iter': 0.1046, 'accuracy': 0.9825}
train: {'epoch': 44, 'eta': 54.9719, 'loss': 3.2381, 'lr': 0.0097, 'params': 632328, 'time_iter': 0.0834, 'accuracy': 0.9838}
train: {'epoch': 45, 'eta': 54.4181, 'loss': 3.234, 'lr': 0.0097, 'params': 632328, 'time_iter': 0.103, 'accuracy': 0.9866}
train: {'epoch': 46, 'eta': 53.7836, 'loss': 3.2299, 'lr': 0.0097, 'params': 632328, 'time_iter': 0.0897, 'accuracy': 0.9861}
train: {'epoch': 47, 'eta': 53.1515, 'loss': 3.2244, 'lr': 0.0097, 'params': 632328, 'time_iter': 0.0869, 'accuracy': 0.9843}
train: {'epoch': 48, 'eta': 52.6292, 'loss': 3.2224, 'lr': 0.0096, 'params': 632328, 'time_iter': 0.0992, 'accuracy': 0.9843}
train: {'epoch': 49, 'eta': 52.0425, 'loss': 3.2213, 'lr': 0.0096, 'params': 632328, 'time_iter': 0.0875, 'accuracy': 0.9857}
train: {'epoch': 50, 'eta': 51.507, 'loss': 3.2158, 'lr': 0.0096, 'params': 632328, 'time_iter': 0.0922, 'accuracy': 0.9848}
train: {'epoch': 51, 'eta': 50.9883, 'loss': 3.2084, 'lr': 0.0096, 'params': 632328, 'time_iter': 0.0921, 'accuracy': 0.9908}
train: {'epoch': 52, 'eta': 50.4835, 'loss': 3.2042, 'lr': 0.0096, 'params': 632328, 'time_iter': 0.0918, 'accuracy': 0.9931}
train: {'epoch': 53, 'eta': 50.5153, 'loss': 3.2103, 'lr': 0.0096, 'params': 632328, 'time_iter': 0.1731, 'accuracy': 0.9857}
train: {'epoch': 54, 'eta': 54.3727, 'loss': 3.2242, 'lr': 0.0096, 'params': 632328, 'time_iter': 0.7842, 'accuracy': 0.988}
train: {'epoch': 55, 'eta': 55.4782, 'loss': 3.2774, 'lr': 0.0095, 'params': 632328, 'time_iter': 0.3632, 'accuracy': 0.9778}
train: {'epoch': 56, 'eta': 55.2402, 'loss': 3.2595, 'lr': 0.0095, 'params': 632328, 'time_iter': 0.1485, 'accuracy': 0.9765}
train: {'epoch': 57, 'eta': 55.0404, 'loss': 3.2517, 'lr': 0.0095, 'params': 632328, 'time_iter': 0.1545, 'accuracy': 0.9751}
train: {'epoch': 58, 'eta': 54.6308, 'loss': 3.2382, 'lr': 0.0095, 'params': 632328, 'time_iter': 0.1179, 'accuracy': 0.9783}
train: {'epoch': 59, 'eta': 54.8031, 'loss': 3.232, 'lr': 0.0095, 'params': 632328, 'time_iter': 0.2189, 'accuracy': 0.9834}
val: {'epoch': 59, 'loss': 3.4891, 'lr': 0, 'params': 632328, 'time_iter': 0.0969, 'accuracy': 0.8782}
train: {'epoch': 60, 'eta': 54.4714, 'loss': 3.2255, 'lr': 0.0095, 'params': 632328, 'time_iter': 0.1305, 'accuracy': 0.9838}
train: {'epoch': 61, 'eta': 54.1285, 'loss': 3.2188, 'lr': 0.0094, 'params': 632328, 'time_iter': 0.1272, 'accuracy': 0.9871}
train: {'epoch': 62, 'eta': 53.6951, 'loss': 3.2103, 'lr': 0.0094, 'params': 632328, 'time_iter': 0.1091, 'accuracy': 0.9889}
train: {'epoch': 63, 'eta': 53.2181, 'loss': 3.2053, 'lr': 0.0094, 'params': 632328, 'time_iter': 0.0988, 'accuracy': 0.9871}
train: {'epoch': 64, 'eta': 52.7776, 'loss': 3.1998, 'lr': 0.0094, 'params': 632328, 'time_iter': 0.1036, 'accuracy': 0.9917}
train: {'epoch': 65, 'eta': 52.3295, 'loss': 3.1964, 'lr': 0.0094, 'params': 632328, 'time_iter': 0.1001, 'accuracy': 0.9931}
train: {'epoch': 66, 'eta': 51.8573, 'loss': 3.1923, 'lr': 0.0093, 'params': 632328, 'time_iter': 0.0932, 'accuracy': 0.9931}
train: {'epoch': 67, 'eta': 51.4317, 'loss': 3.1876, 'lr': 0.0093, 'params': 632328, 'time_iter': 0.1004, 'accuracy': 0.9931}
train: {'epoch': 68, 'eta': 50.9763, 'loss': 3.1844, 'lr': 0.0093, 'params': 632328, 'time_iter': 0.0923, 'accuracy': 0.9958}
train: {'epoch': 69, 'eta': 50.567, 'loss': 3.1809, 'lr': 0.0093, 'params': 632328, 'time_iter': 0.0999, 'accuracy': 0.9968}
train: {'epoch': 70, 'eta': 50.1684, 'loss': 3.1812, 'lr': 0.0093, 'params': 632328, 'time_iter': 0.1003, 'accuracy': 0.9945}
train: {'epoch': 71, 'eta': 49.8733, 'loss': 3.1918, 'lr': 0.0092, 'params': 632328, 'time_iter': 0.1212, 'accuracy': 0.9949}
train: {'epoch': 72, 'eta': 49.6623, 'loss': 3.2302, 'lr': 0.0092, 'params': 632328, 'time_iter': 0.1389, 'accuracy': 0.9778}
train: {'epoch': 73, 'eta': 49.4433, 'loss': 3.1989, 'lr': 0.0092, 'params': 632328, 'time_iter': 0.1367, 'accuracy': 0.9871}
train: {'epoch': 74, 'eta': 49.0999, 'loss': 3.2004, 'lr': 0.0092, 'params': 632328, 'time_iter': 0.1074, 'accuracy': 0.9871}
train: {'epoch': 75, 'eta': 48.7819, 'loss': 3.1906, 'lr': 0.0092, 'params': 632328, 'time_iter': 0.1119, 'accuracy': 0.988}
train: {'epoch': 76, 'eta': 48.4741, 'loss': 3.1858, 'lr': 0.0091, 'params': 632328, 'time_iter': 0.1131, 'accuracy': 0.9898}
train: {'epoch': 77, 'eta': 48.2819, 'loss': 3.1818, 'lr': 0.0091, 'params': 632328, 'time_iter': 0.1399, 'accuracy': 0.994}
train: {'epoch': 78, 'eta': 48.018, 'loss': 3.1788, 'lr': 0.0091, 'params': 632328, 'time_iter': 0.1219, 'accuracy': 0.9935}
train: {'epoch': 79, 'eta': 47.642, 'loss': 3.1729, 'lr': 0.0091, 'params': 632328, 'time_iter': 0.093, 'accuracy': 0.9968}
val: {'epoch': 79, 'loss': 3.4656, 'lr': 0, 'params': 632328, 'time_iter': 0.0378, 'accuracy': 0.8801}
train: {'epoch': 80, 'eta': 47.2709, 'loss': 3.171, 'lr': 0.009, 'params': 632328, 'time_iter': 0.0925, 'accuracy': 0.9963}
train: {'epoch': 81, 'eta': 46.914, 'loss': 3.1674, 'lr': 0.009, 'params': 632328, 'time_iter': 0.0944, 'accuracy': 0.9958}
train: {'epoch': 82, 'eta': 46.5865, 'loss': 3.1661, 'lr': 0.009, 'params': 632328, 'time_iter': 0.1004, 'accuracy': 0.9977}
train: {'epoch': 83, 'eta': 46.2179, 'loss': 3.1625, 'lr': 0.009, 'params': 632328, 'time_iter': 0.088, 'accuracy': 0.9977}
train: {'epoch': 84, 'eta': 45.9296, 'loss': 3.1613, 'lr': 0.009, 'params': 632328, 'time_iter': 0.1079, 'accuracy': 0.9982}
train: {'epoch': 85, 'eta': 45.6298, 'loss': 3.1586, 'lr': 0.0089, 'params': 632328, 'time_iter': 0.1036, 'accuracy': 0.9982}
train: {'epoch': 86, 'eta': 45.3434, 'loss': 3.1564, 'lr': 0.0089, 'params': 632328, 'time_iter': 0.1061, 'accuracy': 0.9986}
train: {'epoch': 87, 'eta': 45.0212, 'loss': 3.155, 'lr': 0.0089, 'params': 632328, 'time_iter': 0.0948, 'accuracy': 0.9986}
train: {'epoch': 88, 'eta': 44.8259, 'loss': 3.1532, 'lr': 0.0089, 'params': 632328, 'time_iter': 0.1297, 'accuracy': 0.9986}
train: {'epoch': 89, 'eta': 44.568, 'loss': 3.1511, 'lr': 0.0088, 'params': 632328, 'time_iter': 0.1111, 'accuracy': 0.9991}
train: {'epoch': 90, 'eta': 44.2426, 'loss': 3.1502, 'lr': 0.0088, 'params': 632328, 'time_iter': 0.0903, 'accuracy': 0.9991}
train: {'epoch': 91, 'eta': 44.0393, 'loss': 3.1493, 'lr': 0.0088, 'params': 632328, 'time_iter': 0.1252, 'accuracy': 0.9991}
train: {'epoch': 92, 'eta': 43.7288, 'loss': 3.1496, 'lr': 0.0088, 'params': 632328, 'time_iter': 0.0922, 'accuracy': 0.9986}
train: {'epoch': 93, 'eta': 43.4264, 'loss': 3.1521, 'lr': 0.0087, 'params': 632328, 'time_iter': 0.0933, 'accuracy': 0.9977}
train: {'epoch': 94, 'eta': 43.1334, 'loss': 3.1756, 'lr': 0.0087, 'params': 632328, 'time_iter': 0.0949, 'accuracy': 0.9866}
train: {'epoch': 95, 'eta': 42.8375, 'loss': 3.3104, 'lr': 0.0087, 'params': 632328, 'time_iter': 0.0926, 'accuracy': 0.9312}
train: {'epoch': 96, 'eta': 42.5512, 'loss': 3.2106, 'lr': 0.0086, 'params': 632328, 'time_iter': 0.0944, 'accuracy': 0.9774}
train: {'epoch': 97, 'eta': 42.2937, 'loss': 3.2206, 'lr': 0.0086, 'params': 632328, 'time_iter': 0.1024, 'accuracy': 0.9686}
train: {'epoch': 98, 'eta': 41.9935, 'loss': 3.2068, 'lr': 0.0086, 'params': 632328, 'time_iter': 0.0874, 'accuracy': 0.9811}
train: {'epoch': 99, 'eta': 41.7168, 'loss': 3.1881, 'lr': 0.0086, 'params': 632328, 'time_iter': 0.0938, 'accuracy': 0.9871}
val: {'epoch': 99, 'loss': 3.4696, 'lr': 0, 'params': 632328, 'time_iter': 0.0373, 'accuracy': 0.8745}
train: {'epoch': 100, 'eta': 41.4269, 'loss': 3.1878, 'lr': 0.0085, 'params': 632328, 'time_iter': 0.0881, 'accuracy': 0.9843}
train: {'epoch': 101, 'eta': 41.1559, 'loss': 3.1824, 'lr': 0.0085, 'params': 632328, 'time_iter': 0.0932, 'accuracy': 0.9889}
train: {'epoch': 102, 'eta': 40.8784, 'loss': 3.173, 'lr': 0.0085, 'params': 632328, 'time_iter': 0.0898, 'accuracy': 0.9935}
train: {'epoch': 103, 'eta': 40.6166, 'loss': 3.1699, 'lr': 0.0085, 'params': 632328, 'time_iter': 0.094, 'accuracy': 0.9949}
train: {'epoch': 104, 'eta': 40.3488, 'loss': 3.1652, 'lr': 0.0084, 'params': 632328, 'time_iter': 0.0907, 'accuracy': 0.9958}
train: {'epoch': 105, 'eta': 40.0959, 'loss': 3.162, 'lr': 0.0084, 'params': 632328, 'time_iter': 0.0949, 'accuracy': 0.9972}
train: {'epoch': 106, 'eta': 39.8471, 'loss': 3.1583, 'lr': 0.0084, 'params': 632328, 'time_iter': 0.0953, 'accuracy': 0.9977}
train: {'epoch': 107, 'eta': 39.5885, 'loss': 3.1559, 'lr': 0.0083, 'params': 632328, 'time_iter': 0.0906, 'accuracy': 0.9972}
train: {'epoch': 108, 'eta': 39.3608, 'loss': 3.1539, 'lr': 0.0083, 'params': 632328, 'time_iter': 0.1011, 'accuracy': 0.9982}
train: {'epoch': 109, 'eta': 39.1526, 'loss': 3.1513, 'lr': 0.0083, 'params': 632328, 'time_iter': 0.1076, 'accuracy': 0.9982}
train: {'epoch': 110, 'eta': 38.9163, 'loss': 3.1486, 'lr': 0.0082, 'params': 632328, 'time_iter': 0.0961, 'accuracy': 0.9991}
train: {'epoch': 111, 'eta': 38.6754, 'loss': 3.1467, 'lr': 0.0082, 'params': 632328, 'time_iter': 0.0933, 'accuracy': 0.9991}
train: {'epoch': 112, 'eta': 38.6054, 'loss': 3.1448, 'lr': 0.0082, 'params': 632328, 'time_iter': 0.1596, 'accuracy': 0.9991}
train: {'epoch': 113, 'eta': 38.4093, 'loss': 3.1438, 'lr': 0.0082, 'params': 632328, 'time_iter': 0.11, 'accuracy': 0.9991}
train: {'epoch': 114, 'eta': 38.1571, 'loss': 3.1426, 'lr': 0.0081, 'params': 632328, 'time_iter': 0.0868, 'accuracy': 0.9991}
train: {'epoch': 115, 'eta': 37.9187, 'loss': 3.1413, 'lr': 0.0081, 'params': 632328, 'time_iter': 0.0912, 'accuracy': 0.9991}
train: {'epoch': 116, 'eta': 37.7094, 'loss': 3.1398, 'lr': 0.0081, 'params': 632328, 'time_iter': 0.1022, 'accuracy': 0.9991}
train: {'epoch': 117, 'eta': 37.4981, 'loss': 3.1386, 'lr': 0.008, 'params': 632328, 'time_iter': 0.1006, 'accuracy': 0.9995}
train: {'epoch': 118, 'eta': 37.2611, 'loss': 3.138, 'lr': 0.008, 'params': 632328, 'time_iter': 0.0889, 'accuracy': 0.9995}
train: {'epoch': 119, 'eta': 37.0538, 'loss': 3.1369, 'lr': 0.008, 'params': 632328, 'time_iter': 0.1006, 'accuracy': 0.9991}
val: {'epoch': 119, 'loss': 3.4036, 'lr': 0, 'params': 632328, 'time_iter': 0.0394, 'accuracy': 0.8967}
train: {'epoch': 120, 'eta': 36.8131, 'loss': 3.136, 'lr': 0.0079, 'params': 632328, 'time_iter': 0.0854, 'accuracy': 0.9991}
train: {'epoch': 121, 'eta': 36.6099, 'loss': 3.1352, 'lr': 0.0079, 'params': 632328, 'time_iter': 0.1006, 'accuracy': 0.9991}
train: {'epoch': 122, 'eta': 36.3733, 'loss': 3.1345, 'lr': 0.0079, 'params': 632328, 'time_iter': 0.0851, 'accuracy': 0.9991}
train: {'epoch': 123, 'eta': 36.1624, 'loss': 3.1337, 'lr': 0.0078, 'params': 632328, 'time_iter': 0.0956, 'accuracy': 0.9991}
train: {'epoch': 124, 'eta': 35.9477, 'loss': 3.1331, 'lr': 0.0078, 'params': 632328, 'time_iter': 0.093, 'accuracy': 0.9991}
train: {'epoch': 125, 'eta': 35.7432, 'loss': 3.1323, 'lr': 0.0078, 'params': 632328, 'time_iter': 0.0968, 'accuracy': 0.9991}
train: {'epoch': 126, 'eta': 35.5186, 'loss': 3.1318, 'lr': 0.0077, 'params': 632328, 'time_iter': 0.0867, 'accuracy': 1.0}
train: {'epoch': 127, 'eta': 35.3079, 'loss': 3.1314, 'lr': 0.0077, 'params': 632328, 'time_iter': 0.0922, 'accuracy': 0.9991}
train: {'epoch': 128, 'eta': 35.1087, 'loss': 3.1321, 'lr': 0.0077, 'params': 632328, 'time_iter': 0.0968, 'accuracy': 1.0}
train: {'epoch': 129, 'eta': 34.9007, 'loss': 3.137, 'lr': 0.0076, 'params': 632328, 'time_iter': 0.0918, 'accuracy': 0.9972}
train: {'epoch': 130, 'eta': 34.7007, 'loss': 3.1993, 'lr': 0.0076, 'params': 632328, 'time_iter': 0.0948, 'accuracy': 0.982}
train: {'epoch': 131, 'eta': 34.4856, 'loss': 3.6479, 'lr': 0.0076, 'params': 632328, 'time_iter': 0.0866, 'accuracy': 0.8236}
train: {'epoch': 132, 'eta': 34.3, 'loss': 3.3379, 'lr': 0.0075, 'params': 632328, 'time_iter': 0.1004, 'accuracy': 0.9455}
train: {'epoch': 133, 'eta': 34.1255, 'loss': 3.2936, 'lr': 0.0075, 'params': 632328, 'time_iter': 0.1053, 'accuracy': 0.9543}
train: {'epoch': 134, 'eta': 33.9313, 'loss': 3.2493, 'lr': 0.0075, 'params': 632328, 'time_iter': 0.0947, 'accuracy': 0.9668}
train: {'epoch': 135, 'eta': 33.7651, 'loss': 3.2315, 'lr': 0.0074, 'params': 632328, 'time_iter': 0.1084, 'accuracy': 0.9728}
train: {'epoch': 136, 'eta': 33.5755, 'loss': 3.2149, 'lr': 0.0074, 'params': 632328, 'time_iter': 0.0957, 'accuracy': 0.9792}
train: {'epoch': 137, 'eta': 33.392, 'loss': 3.2056, 'lr': 0.0074, 'params': 632328, 'time_iter': 0.0983, 'accuracy': 0.9811}
train: {'epoch': 138, 'eta': 33.1921, 'loss': 3.1946, 'lr': 0.0073, 'params': 632328, 'time_iter': 0.0888, 'accuracy': 0.9871}
train: {'epoch': 139, 'eta': 33.0034, 'loss': 3.186, 'lr': 0.0073, 'params': 632328, 'time_iter': 0.0941, 'accuracy': 0.9912}
val: {'epoch': 139, 'loss': 3.4926, 'lr': 0, 'params': 632328, 'time_iter': 0.0447, 'accuracy': 0.8801}
train: {'epoch': 140, 'eta': 32.8308, 'loss': 3.1797, 'lr': 0.0073, 'params': 632328, 'time_iter': 0.1021, 'accuracy': 0.9912}
train: {'epoch': 141, 'eta': 32.643, 'loss': 3.1744, 'lr': 0.0072, 'params': 632328, 'time_iter': 0.0931, 'accuracy': 0.9926}
train: {'epoch': 142, 'eta': 32.4507, 'loss': 3.1697, 'lr': 0.0072, 'params': 632328, 'time_iter': 0.09, 'accuracy': 0.994}
train: {'epoch': 143, 'eta': 32.2724, 'loss': 3.1652, 'lr': 0.0072, 'params': 632328, 'time_iter': 0.097, 'accuracy': 0.9958}
train: {'epoch': 144, 'eta': 32.1335, 'loss': 3.1614, 'lr': 0.0071, 'params': 632328, 'time_iter': 0.1187, 'accuracy': 0.9958}
train: {'epoch': 145, 'eta': 31.9602, 'loss': 3.1586, 'lr': 0.0071, 'params': 632328, 'time_iter': 0.0989, 'accuracy': 0.9972}
train: {'epoch': 146, 'eta': 31.7719, 'loss': 3.1561, 'lr': 0.0071, 'params': 632328, 'time_iter': 0.0895, 'accuracy': 0.9977}
train: {'epoch': 147, 'eta': 31.6031, 'loss': 3.1534, 'lr': 0.007, 'params': 632328, 'time_iter': 0.1001, 'accuracy': 0.9977}
train: {'epoch': 148, 'eta': 31.4234, 'loss': 3.151, 'lr': 0.007, 'params': 632328, 'time_iter': 0.0932, 'accuracy': 0.9977}
train: {'epoch': 149, 'eta': 31.2318, 'loss': 3.149, 'lr': 0.0069, 'params': 632328, 'time_iter': 0.0853, 'accuracy': 0.9972}
train: {'epoch': 150, 'eta': 31.059, 'loss': 3.1473, 'lr': 0.0069, 'params': 632328, 'time_iter': 0.0959, 'accuracy': 0.9972}
train: {'epoch': 151, 'eta': 30.8669, 'loss': 3.1454, 'lr': 0.0069, 'params': 632328, 'time_iter': 0.0834, 'accuracy': 0.9972}
train: {'epoch': 152, 'eta': 30.6967, 'loss': 3.1436, 'lr': 0.0068, 'params': 632328, 'time_iter': 0.0961, 'accuracy': 0.9977}
train: {'epoch': 153, 'eta': 30.5219, 'loss': 3.1421, 'lr': 0.0068, 'params': 632328, 'time_iter': 0.0926, 'accuracy': 0.9977}
train: {'epoch': 154, 'eta': 30.3437, 'loss': 3.1409, 'lr': 0.0068, 'params': 632328, 'time_iter': 0.0899, 'accuracy': 0.9977}
train: {'epoch': 155, 'eta': 30.1934, 'loss': 3.1397, 'lr': 0.0067, 'params': 632328, 'time_iter': 0.107, 'accuracy': 0.9977}
train: {'epoch': 156, 'eta': 30.0375, 'loss': 3.1386, 'lr': 0.0067, 'params': 632328, 'time_iter': 0.103, 'accuracy': 0.9977}
train: {'epoch': 157, 'eta': 29.863, 'loss': 3.1375, 'lr': 0.0067, 'params': 632328, 'time_iter': 0.0904, 'accuracy': 0.9977}
train: {'epoch': 158, 'eta': 29.6987, 'loss': 3.1365, 'lr': 0.0066, 'params': 632328, 'time_iter': 0.0964, 'accuracy': 0.9986}
train: {'epoch': 159, 'eta': 29.5201, 'loss': 3.1356, 'lr': 0.0066, 'params': 632328, 'time_iter': 0.0864, 'accuracy': 0.9986}
val: {'epoch': 159, 'loss': 3.4178, 'lr': 0, 'params': 632328, 'time_iter': 0.037, 'accuracy': 0.893}
train: {'epoch': 160, 'eta': 29.3477, 'loss': 3.1348, 'lr': 0.0065, 'params': 632328, 'time_iter': 0.0897, 'accuracy': 0.9986}
train: {'epoch': 161, 'eta': 29.1833, 'loss': 3.134, 'lr': 0.0065, 'params': 632328, 'time_iter': 0.0945, 'accuracy': 0.9986}
train: {'epoch': 162, 'eta': 29.0172, 'loss': 3.1332, 'lr': 0.0065, 'params': 632328, 'time_iter': 0.0927, 'accuracy': 0.9986}
train: {'epoch': 163, 'eta': 28.9692, 'loss': 3.1325, 'lr': 0.0064, 'params': 632328, 'time_iter': 0.1741, 'accuracy': 0.9991}
train: {'epoch': 164, 'eta': 28.8047, 'loss': 3.1318, 'lr': 0.0064, 'params': 632328, 'time_iter': 0.0935, 'accuracy': 0.9991}
train: {'epoch': 165, 'eta': 28.635, 'loss': 3.1311, 'lr': 0.0064, 'params': 632328, 'time_iter': 0.0891, 'accuracy': 0.9991}
train: {'epoch': 166, 'eta': 28.5175, 'loss': 3.1305, 'lr': 0.0063, 'params': 632328, 'time_iter': 0.1259, 'accuracy': 0.9991}
train: {'epoch': 167, 'eta': 28.4352, 'loss': 3.1299, 'lr': 0.0063, 'params': 632328, 'time_iter': 0.1514, 'accuracy': 0.9991}
train: {'epoch': 168, 'eta': 28.2956, 'loss': 3.1294, 'lr': 0.0062, 'params': 632328, 'time_iter': 0.1101, 'accuracy': 0.9991}
train: {'epoch': 169, 'eta': 28.1494, 'loss': 3.129, 'lr': 0.0062, 'params': 632328, 'time_iter': 0.105, 'accuracy': 0.9991}
train: {'epoch': 170, 'eta': 27.9987, 'loss': 3.1285, 'lr': 0.0062, 'params': 632328, 'time_iter': 0.1013, 'accuracy': 0.9991}
train: {'epoch': 171, 'eta': 27.8812, 'loss': 3.128, 'lr': 0.0061, 'params': 632328, 'time_iter': 0.1258, 'accuracy': 0.9991}
train: {'epoch': 172, 'eta': 27.7321, 'loss': 3.1276, 'lr': 0.0061, 'params': 632328, 'time_iter': 0.1019, 'accuracy': 0.9991}
train: {'epoch': 173, 'eta': 27.6591, 'loss': 3.1272, 'lr': 0.0061, 'params': 632328, 'time_iter': 0.1601, 'accuracy': 0.9991}
train: {'epoch': 174, 'eta': 27.4874, 'loss': 3.1267, 'lr': 0.006, 'params': 632328, 'time_iter': 0.084, 'accuracy': 0.9991}
train: {'epoch': 175, 'eta': 27.3245, 'loss': 3.1263, 'lr': 0.006, 'params': 632328, 'time_iter': 0.0901, 'accuracy': 0.9991}
train: {'epoch': 176, 'eta': 27.1555, 'loss': 3.1259, 'lr': 0.0059, 'params': 632328, 'time_iter': 0.0847, 'accuracy': 0.9991}
train: {'epoch': 177, 'eta': 26.9979, 'loss': 3.1255, 'lr': 0.0059, 'params': 632328, 'time_iter': 0.093, 'accuracy': 0.9991}
train: {'epoch': 178, 'eta': 26.843, 'loss': 3.1251, 'lr': 0.0059, 'params': 632328, 'time_iter': 0.0947, 'accuracy': 0.9991}
train: {'epoch': 179, 'eta': 26.6836, 'loss': 3.1247, 'lr': 0.0058, 'params': 632328, 'time_iter': 0.0904, 'accuracy': 0.9991}
val: {'epoch': 179, 'loss': 3.413, 'lr': 0, 'params': 632328, 'time_iter': 0.0397, 'accuracy': 0.8819}
train: {'epoch': 180, 'eta': 26.523, 'loss': 3.1244, 'lr': 0.0058, 'params': 632328, 'time_iter': 0.0888, 'accuracy': 0.9991}
train: {'epoch': 181, 'eta': 26.3808, 'loss': 3.1241, 'lr': 0.0057, 'params': 632328, 'time_iter': 0.1035, 'accuracy': 0.9991}
train: {'epoch': 182, 'eta': 26.2309, 'loss': 3.1237, 'lr': 0.0057, 'params': 632328, 'time_iter': 0.0967, 'accuracy': 0.9991}
train: {'epoch': 183, 'eta': 26.0767, 'loss': 3.1234, 'lr': 0.0057, 'params': 632328, 'time_iter': 0.0925, 'accuracy': 0.9991}
train: {'epoch': 184, 'eta': 25.9261, 'loss': 3.123, 'lr': 0.0056, 'params': 632328, 'time_iter': 0.0951, 'accuracy': 0.9991}
train: {'epoch': 185, 'eta': 25.7794, 'loss': 3.1227, 'lr': 0.0056, 'params': 632328, 'time_iter': 0.0979, 'accuracy': 0.9991}
train: {'epoch': 186, 'eta': 25.6251, 'loss': 3.1224, 'lr': 0.0055, 'params': 632328, 'time_iter': 0.0907, 'accuracy': 0.9991}
train: {'epoch': 187, 'eta': 25.4697, 'loss': 3.1221, 'lr': 0.0055, 'params': 632328, 'time_iter': 0.0892, 'accuracy': 0.9995}
train: {'epoch': 188, 'eta': 25.3465, 'loss': 3.1218, 'lr': 0.0055, 'params': 632328, 'time_iter': 0.1175, 'accuracy': 0.9995}
train: {'epoch': 189, 'eta': 25.1996, 'loss': 3.1215, 'lr': 0.0054, 'params': 632328, 'time_iter': 0.0958, 'accuracy': 0.9995}
train: {'epoch': 190, 'eta': 25.0476, 'loss': 3.1212, 'lr': 0.0054, 'params': 632328, 'time_iter': 0.0908, 'accuracy': 0.9995}
train: {'epoch': 191, 'eta': 24.8979, 'loss': 3.1209, 'lr': 0.0054, 'params': 632328, 'time_iter': 0.0922, 'accuracy': 0.9991}
train: {'epoch': 192, 'eta': 24.7609, 'loss': 3.1207, 'lr': 0.0053, 'params': 632328, 'time_iter': 0.1036, 'accuracy': 0.9991}
train: {'epoch': 193, 'eta': 24.6097, 'loss': 3.1204, 'lr': 0.0053, 'params': 632328, 'time_iter': 0.0899, 'accuracy': 0.9995}
train: {'epoch': 194, 'eta': 24.467, 'loss': 3.1202, 'lr': 0.0052, 'params': 632328, 'time_iter': 0.0974, 'accuracy': 0.9995}
train: {'epoch': 195, 'eta': 24.3168, 'loss': 3.1202, 'lr': 0.0052, 'params': 632328, 'time_iter': 0.0897, 'accuracy': 0.9995}
train: {'epoch': 196, 'eta': 24.1745, 'loss': 3.1208, 'lr': 0.0052, 'params': 632328, 'time_iter': 0.0968, 'accuracy': 0.9986}
train: {'epoch': 197, 'eta': 24.028, 'loss': 3.1228, 'lr': 0.0051, 'params': 632328, 'time_iter': 0.0922, 'accuracy': 0.9986}
train: {'epoch': 198, 'eta': 23.8794, 'loss': 3.1267, 'lr': 0.0051, 'params': 632328, 'time_iter': 0.0897, 'accuracy': 0.9972}
train: {'epoch': 199, 'eta': 23.7396, 'loss': 3.1292, 'lr': 0.005, 'params': 632328, 'time_iter': 0.0978, 'accuracy': 0.9977}
val: {'epoch': 199, 'loss': 3.4101, 'lr': 0, 'params': 632328, 'time_iter': 0.0419, 'accuracy': 0.8801}
train: {'epoch': 200, 'eta': 23.5876, 'loss': 3.1271, 'lr': 0.005, 'params': 632328, 'time_iter': 0.085, 'accuracy': 0.9986}
train: {'epoch': 201, 'eta': 23.4417, 'loss': 3.1266, 'lr': 0.005, 'params': 632328, 'time_iter': 0.0907, 'accuracy': 0.9995}
train: {'epoch': 202, 'eta': 23.2991, 'loss': 3.1253, 'lr': 0.0049, 'params': 632328, 'time_iter': 0.0934, 'accuracy': 0.9995}
train: {'epoch': 203, 'eta': 23.1577, 'loss': 3.1237, 'lr': 0.0049, 'params': 632328, 'time_iter': 0.0942, 'accuracy': 0.9995}
train: {'epoch': 204, 'eta': 23.0144, 'loss': 3.1237, 'lr': 0.0048, 'params': 632328, 'time_iter': 0.0917, 'accuracy': 0.9995}
train: {'epoch': 205, 'eta': 22.8752, 'loss': 3.1225, 'lr': 0.0048, 'params': 632328, 'time_iter': 0.0956, 'accuracy': 0.9991}
train: {'epoch': 206, 'eta': 22.7317, 'loss': 3.1223, 'lr': 0.0048, 'params': 632328, 'time_iter': 0.0905, 'accuracy': 0.9991}
train: {'epoch': 207, 'eta': 22.5899, 'loss': 3.1215, 'lr': 0.0047, 'params': 632328, 'time_iter': 0.0918, 'accuracy': 0.9995}
train: {'epoch': 208, 'eta': 22.4489, 'loss': 3.1211, 'lr': 0.0047, 'params': 632328, 'time_iter': 0.0921, 'accuracy': 0.9995}
train: {'epoch': 209, 'eta': 22.3104, 'loss': 3.1206, 'lr': 0.0046, 'params': 632328, 'time_iter': 0.0944, 'accuracy': 0.9995}
train: {'epoch': 210, 'eta': 22.1771, 'loss': 3.1201, 'lr': 0.0046, 'params': 632328, 'time_iter': 0.0997, 'accuracy': 0.9991}
train: {'epoch': 211, 'eta': 22.0451, 'loss': 3.1199, 'lr': 0.0046, 'params': 632328, 'time_iter': 0.1007, 'accuracy': 0.9995}
train: {'epoch': 212, 'eta': 21.902, 'loss': 3.1192, 'lr': 0.0045, 'params': 632328, 'time_iter': 0.0879, 'accuracy': 1.0}
train: {'epoch': 213, 'eta': 21.7788, 'loss': 3.1191, 'lr': 0.0045, 'params': 632328, 'time_iter': 0.1101, 'accuracy': 1.0}
train: {'epoch': 214, 'eta': 21.6363, 'loss': 3.1187, 'lr': 0.0045, 'params': 632328, 'time_iter': 0.0875, 'accuracy': 0.9995}
train: {'epoch': 215, 'eta': 21.505, 'loss': 3.1184, 'lr': 0.0044, 'params': 632328, 'time_iter': 0.1001, 'accuracy': 0.9991}
train: {'epoch': 216, 'eta': 21.3722, 'loss': 3.1182, 'lr': 0.0044, 'params': 632328, 'time_iter': 0.098, 'accuracy': 0.9995}
train: {'epoch': 217, 'eta': 21.238, 'loss': 3.1179, 'lr': 0.0043, 'params': 632328, 'time_iter': 0.096, 'accuracy': 0.9995}
train: {'epoch': 218, 'eta': 21.1028, 'loss': 3.1178, 'lr': 0.0043, 'params': 632328, 'time_iter': 0.0943, 'accuracy': 0.9995}
train: {'epoch': 219, 'eta': 20.9627, 'loss': 3.1176, 'lr': 0.0043, 'params': 632328, 'time_iter': 0.0878, 'accuracy': 0.9995}
val: {'epoch': 219, 'loss': 3.408, 'lr': 0, 'params': 632328, 'time_iter': 0.0372, 'accuracy': 0.8893}
train: {'epoch': 220, 'eta': 20.8748, 'loss': 3.1173, 'lr': 0.0042, 'params': 632328, 'time_iter': 0.1518, 'accuracy': 0.9995}
train: {'epoch': 221, 'eta': 20.7435, 'loss': 3.1172, 'lr': 0.0042, 'params': 632328, 'time_iter': 0.0983, 'accuracy': 0.9995}
train: {'epoch': 222, 'eta': 20.6107, 'loss': 3.117, 'lr': 0.0041, 'params': 632328, 'time_iter': 0.0961, 'accuracy': 0.9995}
train: {'epoch': 223, 'eta': 20.4751, 'loss': 3.1169, 'lr': 0.0041, 'params': 632328, 'time_iter': 0.092, 'accuracy': 0.9995}
train: {'epoch': 224, 'eta': 20.3377, 'loss': 3.1167, 'lr': 0.0041, 'params': 632328, 'time_iter': 0.0892, 'accuracy': 0.9995}
train: {'epoch': 225, 'eta': 20.2017, 'loss': 3.1165, 'lr': 0.004, 'params': 632328, 'time_iter': 0.0906, 'accuracy': 0.9995}
train: {'epoch': 226, 'eta': 20.0698, 'loss': 3.1164, 'lr': 0.004, 'params': 632328, 'time_iter': 0.0953, 'accuracy': 0.9995}
train: {'epoch': 227, 'eta': 19.9354, 'loss': 3.1163, 'lr': 0.0039, 'params': 632328, 'time_iter': 0.0917, 'accuracy': 0.9995}
train: {'epoch': 228, 'eta': 19.8018, 'loss': 3.1161, 'lr': 0.0039, 'params': 632328, 'time_iter': 0.0922, 'accuracy': 0.9995}
train: {'epoch': 229, 'eta': 19.6683, 'loss': 3.116, 'lr': 0.0039, 'params': 632328, 'time_iter': 0.0919, 'accuracy': 0.9995}
train: {'epoch': 230, 'eta': 19.5379, 'loss': 3.1159, 'lr': 0.0038, 'params': 632328, 'time_iter': 0.0955, 'accuracy': 0.9995}
train: {'epoch': 231, 'eta': 19.4017, 'loss': 3.1158, 'lr': 0.0038, 'params': 632328, 'time_iter': 0.0872, 'accuracy': 0.9995}
train: {'epoch': 232, 'eta': 19.271, 'loss': 3.1157, 'lr': 0.0038, 'params': 632328, 'time_iter': 0.0943, 'accuracy': 0.9995}
train: {'epoch': 233, 'eta': 19.1399, 'loss': 3.1155, 'lr': 0.0037, 'params': 632328, 'time_iter': 0.0932, 'accuracy': 0.9995}
train: {'epoch': 234, 'eta': 19.0095, 'loss': 3.1155, 'lr': 0.0037, 'params': 632328, 'time_iter': 0.0939, 'accuracy': 0.9995}
train: {'epoch': 235, 'eta': 18.883, 'loss': 3.1154, 'lr': 0.0036, 'params': 632328, 'time_iter': 0.099, 'accuracy': 0.9995}
train: {'epoch': 236, 'eta': 18.7534, 'loss': 3.1153, 'lr': 0.0036, 'params': 632328, 'time_iter': 0.0941, 'accuracy': 0.9995}
train: {'epoch': 237, 'eta': 18.6244, 'loss': 3.1152, 'lr': 0.0036, 'params': 632328, 'time_iter': 0.0946, 'accuracy': 0.9995}
train: {'epoch': 238, 'eta': 18.5153, 'loss': 3.1151, 'lr': 0.0035, 'params': 632328, 'time_iter': 0.1236, 'accuracy': 0.9995}
train: {'epoch': 239, 'eta': 18.3816, 'loss': 3.1151, 'lr': 0.0035, 'params': 632328, 'time_iter': 0.0871, 'accuracy': 0.9995}
val: {'epoch': 239, 'loss': 3.4042, 'lr': 0, 'params': 632328, 'time_iter': 0.0374, 'accuracy': 0.893}
train: {'epoch': 240, 'eta': 18.2547, 'loss': 3.1153, 'lr': 0.0035, 'params': 632328, 'time_iter': 0.0966, 'accuracy': 0.9995}
train: {'epoch': 241, 'eta': 18.1285, 'loss': 3.1155, 'lr': 0.0034, 'params': 632328, 'time_iter': 0.0973, 'accuracy': 0.9995}
train: {'epoch': 242, 'eta': 17.996, 'loss': 3.1156, 'lr': 0.0034, 'params': 632328, 'time_iter': 0.0873, 'accuracy': 0.9995}
train: {'epoch': 243, 'eta': 17.8778, 'loss': 3.1162, 'lr': 0.0033, 'params': 632328, 'time_iter': 0.109, 'accuracy': 1.0}
train: {'epoch': 244, 'eta': 17.7511, 'loss': 3.1177, 'lr': 0.0033, 'params': 632328, 'time_iter': 0.0955, 'accuracy': 0.9991}
train: {'epoch': 245, 'eta': 17.636, 'loss': 3.1176, 'lr': 0.0033, 'params': 632328, 'time_iter': 0.1136, 'accuracy': 1.0}
train: {'epoch': 246, 'eta': 17.5061, 'loss': 3.1167, 'lr': 0.0032, 'params': 632328, 'time_iter': 0.0897, 'accuracy': 0.9995}
train: {'epoch': 247, 'eta': 17.3825, 'loss': 3.1157, 'lr': 0.0032, 'params': 632328, 'time_iter': 0.0993, 'accuracy': 0.9995}
train: {'epoch': 248, 'eta': 17.2564, 'loss': 3.117, 'lr': 0.0032, 'params': 632328, 'time_iter': 0.0951, 'accuracy': 1.0}
train: {'epoch': 249, 'eta': 17.1293, 'loss': 3.1172, 'lr': 0.0031, 'params': 632328, 'time_iter': 0.093, 'accuracy': 0.9991}
train: {'epoch': 250, 'eta': 17.0046, 'loss': 3.1158, 'lr': 0.0031, 'params': 632328, 'time_iter': 0.0964, 'accuracy': 0.9995}
train: {'epoch': 251, 'eta': 16.878, 'loss': 3.1157, 'lr': 0.0031, 'params': 632328, 'time_iter': 0.0929, 'accuracy': 0.9995}
train: {'epoch': 252, 'eta': 16.7539, 'loss': 3.1158, 'lr': 0.003, 'params': 632328, 'time_iter': 0.0967, 'accuracy': 0.9995}
train: {'epoch': 253, 'eta': 16.6319, 'loss': 3.1152, 'lr': 0.003, 'params': 632328, 'time_iter': 0.1001, 'accuracy': 0.9995}
train: {'epoch': 254, 'eta': 16.5098, 'loss': 3.1153, 'lr': 0.0029, 'params': 632328, 'time_iter': 0.0994, 'accuracy': 0.9995}
train: {'epoch': 255, 'eta': 16.3839, 'loss': 3.115, 'lr': 0.0029, 'params': 632328, 'time_iter': 0.0925, 'accuracy': 1.0}
train: {'epoch': 256, 'eta': 16.2566, 'loss': 3.1149, 'lr': 0.0029, 'params': 632328, 'time_iter': 0.0895, 'accuracy': 0.9995}
train: {'epoch': 257, 'eta': 16.1342, 'loss': 3.1147, 'lr': 0.0028, 'params': 632328, 'time_iter': 0.0978, 'accuracy': 0.9995}
train: {'epoch': 258, 'eta': 16.0138, 'loss': 3.1146, 'lr': 0.0028, 'params': 632328, 'time_iter': 0.1012, 'accuracy': 0.9991}
train: {'epoch': 259, 'eta': 15.8922, 'loss': 3.1145, 'lr': 0.0028, 'params': 632328, 'time_iter': 0.0987, 'accuracy': 1.0}
val: {'epoch': 259, 'loss': 3.4133, 'lr': 0, 'params': 632328, 'time_iter': 0.0399, 'accuracy': 0.8819}
train: {'epoch': 260, 'eta': 15.7668, 'loss': 3.1143, 'lr': 0.0027, 'params': 632328, 'time_iter': 0.0912, 'accuracy': 1.0}
train: {'epoch': 261, 'eta': 15.6442, 'loss': 3.1143, 'lr': 0.0027, 'params': 632328, 'time_iter': 0.096, 'accuracy': 0.9995}
train: {'epoch': 262, 'eta': 15.5216, 'loss': 3.1142, 'lr': 0.0027, 'params': 632328, 'time_iter': 0.0957, 'accuracy': 0.9995}
train: {'epoch': 263, 'eta': 15.4073, 'loss': 3.1141, 'lr': 0.0026, 'params': 632328, 'time_iter': 0.1112, 'accuracy': 0.9995}
train: {'epoch': 264, 'eta': 15.2955, 'loss': 3.114, 'lr': 0.0026, 'params': 632328, 'time_iter': 0.1163, 'accuracy': 0.9995}
train: {'epoch': 265, 'eta': 15.1838, 'loss': 3.114, 'lr': 0.0026, 'params': 632328, 'time_iter': 0.1165, 'accuracy': 0.9995}
train: {'epoch': 266, 'eta': 15.0676, 'loss': 3.1139, 'lr': 0.0025, 'params': 632328, 'time_iter': 0.1075, 'accuracy': 1.0}
train: {'epoch': 267, 'eta': 14.9518, 'loss': 3.1138, 'lr': 0.0025, 'params': 632328, 'time_iter': 0.1082, 'accuracy': 1.0}
train: {'epoch': 268, 'eta': 14.8384, 'loss': 3.1138, 'lr': 0.0025, 'params': 632328, 'time_iter': 0.1129, 'accuracy': 1.0}
train: {'epoch': 269, 'eta': 14.731, 'loss': 3.1137, 'lr': 0.0024, 'params': 632328, 'time_iter': 0.1255, 'accuracy': 1.0}
train: {'epoch': 270, 'eta': 14.6369, 'loss': 3.1136, 'lr': 0.0024, 'params': 632328, 'time_iter': 0.1536, 'accuracy': 1.0}
train: {'epoch': 271, 'eta': 14.5556, 'loss': 3.1136, 'lr': 0.0024, 'params': 632328, 'time_iter': 0.1818, 'accuracy': 1.0}
train: {'epoch': 272, 'eta': 14.4415, 'loss': 3.1135, 'lr': 0.0023, 'params': 632328, 'time_iter': 0.113, 'accuracy': 1.0}
train: {'epoch': 273, 'eta': 14.3453, 'loss': 3.1135, 'lr': 0.0023, 'params': 632328, 'time_iter': 0.1518, 'accuracy': 1.0}
train: {'epoch': 274, 'eta': 14.2279, 'loss': 3.1134, 'lr': 0.0023, 'params': 632328, 'time_iter': 0.106, 'accuracy': 0.9995}
train: {'epoch': 275, 'eta': 14.1054, 'loss': 3.1134, 'lr': 0.0022, 'params': 632328, 'time_iter': 0.0946, 'accuracy': 1.0}
train: {'epoch': 276, 'eta': 13.9819, 'loss': 3.1133, 'lr': 0.0022, 'params': 632328, 'time_iter': 0.0917, 'accuracy': 1.0}
train: {'epoch': 277, 'eta': 13.8615, 'loss': 3.1133, 'lr': 0.0022, 'params': 632328, 'time_iter': 0.0984, 'accuracy': 1.0}
train: {'epoch': 278, 'eta': 13.7378, 'loss': 3.1133, 'lr': 0.0021, 'params': 632328, 'time_iter': 0.0904, 'accuracy': 1.0}
train: {'epoch': 279, 'eta': 13.6476, 'loss': 3.1132, 'lr': 0.0021, 'params': 632328, 'time_iter': 0.168, 'accuracy': 0.9995}
val: {'epoch': 279, 'loss': 3.4114, 'lr': 0, 'params': 632328, 'time_iter': 0.0426, 'accuracy': 0.8893}
train: {'epoch': 280, 'eta': 13.5339, 'loss': 3.1132, 'lr': 0.0021, 'params': 632328, 'time_iter': 0.1138, 'accuracy': 1.0}
train: {'epoch': 281, 'eta': 13.4279, 'loss': 3.1132, 'lr': 0.002, 'params': 632328, 'time_iter': 0.1322, 'accuracy': 1.0}
train: {'epoch': 282, 'eta': 13.3161, 'loss': 3.1131, 'lr': 0.002, 'params': 632328, 'time_iter': 0.1187, 'accuracy': 1.0}
train: {'epoch': 283, 'eta': 13.1958, 'loss': 3.1131, 'lr': 0.002, 'params': 632328, 'time_iter': 0.0979, 'accuracy': 0.9995}
train: {'epoch': 284, 'eta': 13.0733, 'loss': 3.1131, 'lr': 0.0019, 'params': 632328, 'time_iter': 0.0921, 'accuracy': 1.0}
train: {'epoch': 285, 'eta': 12.955, 'loss': 3.1131, 'lr': 0.0019, 'params': 632328, 'time_iter': 0.102, 'accuracy': 1.0}
train: {'epoch': 286, 'eta': 12.8332, 'loss': 3.113, 'lr': 0.0019, 'params': 632328, 'time_iter': 0.093, 'accuracy': 1.0}
train: {'epoch': 287, 'eta': 12.7137, 'loss': 3.113, 'lr': 0.0018, 'params': 632328, 'time_iter': 0.0983, 'accuracy': 0.9995}
train: {'epoch': 288, 'eta': 12.5965, 'loss': 3.113, 'lr': 0.0018, 'params': 632328, 'time_iter': 0.1038, 'accuracy': 1.0}
train: {'epoch': 289, 'eta': 12.4728, 'loss': 3.113, 'lr': 0.0018, 'params': 632328, 'time_iter': 0.0866, 'accuracy': 1.0}
train: {'epoch': 290, 'eta': 12.3538, 'loss': 3.1129, 'lr': 0.0018, 'params': 632328, 'time_iter': 0.0986, 'accuracy': 0.9995}
train: {'epoch': 291, 'eta': 12.2324, 'loss': 3.1129, 'lr': 0.0017, 'params': 632328, 'time_iter': 0.0915, 'accuracy': 1.0}
train: {'epoch': 292, 'eta': 12.1111, 'loss': 3.1129, 'lr': 0.0017, 'params': 632328, 'time_iter': 0.091, 'accuracy': 1.0}
train: {'epoch': 293, 'eta': 11.9918, 'loss': 3.1128, 'lr': 0.0017, 'params': 632328, 'time_iter': 0.0962, 'accuracy': 0.9995}
train: {'epoch': 294, 'eta': 11.8703, 'loss': 3.1128, 'lr': 0.0016, 'params': 632328, 'time_iter': 0.0898, 'accuracy': 1.0}
train: {'epoch': 295, 'eta': 11.7519, 'loss': 3.1128, 'lr': 0.0016, 'params': 632328, 'time_iter': 0.0978, 'accuracy': 1.0}
train: {'epoch': 296, 'eta': 11.6298, 'loss': 3.1128, 'lr': 0.0016, 'params': 632328, 'time_iter': 0.0869, 'accuracy': 1.0}
train: {'epoch': 297, 'eta': 11.511, 'loss': 3.1128, 'lr': 0.0015, 'params': 632328, 'time_iter': 0.0957, 'accuracy': 0.9995}
train: {'epoch': 298, 'eta': 11.3916, 'loss': 3.1128, 'lr': 0.0015, 'params': 632328, 'time_iter': 0.0933, 'accuracy': 1.0}
train: {'epoch': 299, 'eta': 11.2724, 'loss': 3.1128, 'lr': 0.0015, 'params': 632328, 'time_iter': 0.0936, 'accuracy': 1.0}
val: {'epoch': 299, 'loss': 3.4131, 'lr': 0, 'params': 632328, 'time_iter': 0.0394, 'accuracy': 0.8911}
train: {'epoch': 300, 'eta': 11.1499, 'loss': 3.1128, 'lr': 0.0015, 'params': 632328, 'time_iter': 0.083, 'accuracy': 1.0}
train: {'epoch': 301, 'eta': 11.0337, 'loss': 3.1128, 'lr': 0.0014, 'params': 632328, 'time_iter': 0.1016, 'accuracy': 1.0}
train: {'epoch': 302, 'eta': 10.9129, 'loss': 3.1127, 'lr': 0.0014, 'params': 632328, 'time_iter': 0.0871, 'accuracy': 1.0}
train: {'epoch': 303, 'eta': 10.7958, 'loss': 3.1126, 'lr': 0.0014, 'params': 632328, 'time_iter': 0.0979, 'accuracy': 1.0}
train: {'epoch': 304, 'eta': 10.6754, 'loss': 3.1127, 'lr': 0.0014, 'params': 632328, 'time_iter': 0.0869, 'accuracy': 1.0}
train: {'epoch': 305, 'eta': 10.5582, 'loss': 3.1126, 'lr': 0.0013, 'params': 632328, 'time_iter': 0.0967, 'accuracy': 1.0}
train: {'epoch': 306, 'eta': 10.4378, 'loss': 3.1126, 'lr': 0.0013, 'params': 632328, 'time_iter': 0.0856, 'accuracy': 1.0}
train: {'epoch': 307, 'eta': 10.3215, 'loss': 3.1126, 'lr': 0.0013, 'params': 632328, 'time_iter': 0.0987, 'accuracy': 1.0}
train: {'epoch': 308, 'eta': 10.2023, 'loss': 3.1126, 'lr': 0.0012, 'params': 632328, 'time_iter': 0.0883, 'accuracy': 1.0}
train: {'epoch': 309, 'eta': 10.0854, 'loss': 3.1126, 'lr': 0.0012, 'params': 632328, 'time_iter': 0.0957, 'accuracy': 1.0}
train: {'epoch': 310, 'eta': 9.9675, 'loss': 3.1125, 'lr': 0.0012, 'params': 632328, 'time_iter': 0.0914, 'accuracy': 1.0}
train: {'epoch': 311, 'eta': 9.8493, 'loss': 3.1125, 'lr': 0.0012, 'params': 632328, 'time_iter': 0.0902, 'accuracy': 1.0}
train: {'epoch': 312, 'eta': 9.7329, 'loss': 3.1125, 'lr': 0.0011, 'params': 632328, 'time_iter': 0.0957, 'accuracy': 1.0}
train: {'epoch': 313, 'eta': 9.6158, 'loss': 3.1125, 'lr': 0.0011, 'params': 632328, 'time_iter': 0.0928, 'accuracy': 1.0}
train: {'epoch': 314, 'eta': 9.5016, 'loss': 3.1125, 'lr': 0.0011, 'params': 632328, 'time_iter': 0.1031, 'accuracy': 1.0}
train: {'epoch': 315, 'eta': 9.3845, 'loss': 3.1125, 'lr': 0.0011, 'params': 632328, 'time_iter': 0.0915, 'accuracy': 1.0}
train: {'epoch': 316, 'eta': 9.2687, 'loss': 3.1124, 'lr': 0.001, 'params': 632328, 'time_iter': 0.0962, 'accuracy': 1.0}
train: {'epoch': 317, 'eta': 9.1521, 'loss': 3.1124, 'lr': 0.001, 'params': 632328, 'time_iter': 0.0928, 'accuracy': 1.0}
train: {'epoch': 318, 'eta': 9.0392, 'loss': 3.1124, 'lr': 0.001, 'params': 632328, 'time_iter': 0.1066, 'accuracy': 1.0}
train: {'epoch': 319, 'eta': 8.9218, 'loss': 3.1124, 'lr': 0.001, 'params': 632328, 'time_iter': 0.088, 'accuracy': 1.0}
val: {'epoch': 319, 'loss': 3.4167, 'lr': 0, 'params': 632328, 'time_iter': 0.0425, 'accuracy': 0.8911}
train: {'epoch': 320, 'eta': 8.8054, 'loss': 3.1124, 'lr': 0.001, 'params': 632328, 'time_iter': 0.0917, 'accuracy': 1.0}
train: {'epoch': 321, 'eta': 8.6909, 'loss': 3.1124, 'lr': 0.0009, 'params': 632328, 'time_iter': 0.099, 'accuracy': 1.0}
train: {'epoch': 322, 'eta': 8.5739, 'loss': 3.1124, 'lr': 0.0009, 'params': 632328, 'time_iter': 0.0883, 'accuracy': 1.0}
train: {'epoch': 323, 'eta': 8.4595, 'loss': 3.1124, 'lr': 0.0009, 'params': 632328, 'time_iter': 0.0981, 'accuracy': 1.0}
train: {'epoch': 324, 'eta': 8.3445, 'loss': 3.1124, 'lr': 0.0009, 'params': 632328, 'time_iter': 0.0953, 'accuracy': 1.0}
train: {'epoch': 325, 'eta': 8.2284, 'loss': 3.1123, 'lr': 0.0008, 'params': 632328, 'time_iter': 0.09, 'accuracy': 1.0}
train: {'epoch': 326, 'eta': 8.115, 'loss': 3.1123, 'lr': 0.0008, 'params': 632328, 'time_iter': 0.1013, 'accuracy': 1.0}
train: {'epoch': 327, 'eta': 7.9999, 'loss': 3.1123, 'lr': 0.0008, 'params': 632328, 'time_iter': 0.0933, 'accuracy': 1.0}
train: {'epoch': 328, 'eta': 7.8921, 'loss': 3.1123, 'lr': 0.0008, 'params': 632328, 'time_iter': 0.1265, 'accuracy': 1.0}
train: {'epoch': 329, 'eta': 7.7759, 'loss': 3.1123, 'lr': 0.0008, 'params': 632328, 'time_iter': 0.0872, 'accuracy': 1.0}
train: {'epoch': 330, 'eta': 7.664, 'loss': 3.1123, 'lr': 0.0007, 'params': 632328, 'time_iter': 0.1071, 'accuracy': 1.0}
train: {'epoch': 331, 'eta': 7.5486, 'loss': 3.1123, 'lr': 0.0007, 'params': 632328, 'time_iter': 0.0898, 'accuracy': 1.0}
train: {'epoch': 332, 'eta': 7.4414, 'loss': 3.1123, 'lr': 0.0007, 'params': 632328, 'time_iter': 0.1302, 'accuracy': 1.0}
train: {'epoch': 333, 'eta': 7.3272, 'loss': 3.1123, 'lr': 0.0007, 'params': 632328, 'time_iter': 0.095, 'accuracy': 1.0}
train: {'epoch': 334, 'eta': 7.2119, 'loss': 3.1123, 'lr': 0.0007, 'params': 632328, 'time_iter': 0.089, 'accuracy': 1.0}
train: {'epoch': 335, 'eta': 7.1023, 'loss': 3.1122, 'lr': 0.0006, 'params': 632328, 'time_iter': 0.1185, 'accuracy': 1.0}
train: {'epoch': 336, 'eta': 6.9875, 'loss': 3.1122, 'lr': 0.0006, 'params': 632328, 'time_iter': 0.0902, 'accuracy': 1.0}
train: {'epoch': 337, 'eta': 6.885, 'loss': 3.1122, 'lr': 0.0006, 'params': 632328, 'time_iter': 0.1569, 'accuracy': 1.0}
train: {'epoch': 338, 'eta': 6.7721, 'loss': 3.1122, 'lr': 0.0006, 'params': 632328, 'time_iter': 0.1008, 'accuracy': 1.0}
train: {'epoch': 339, 'eta': 6.6573, 'loss': 3.1122, 'lr': 0.0006, 'params': 632328, 'time_iter': 0.0896, 'accuracy': 1.0}
val: {'epoch': 339, 'loss': 3.4196, 'lr': 0, 'params': 632328, 'time_iter': 0.0365, 'accuracy': 0.8911}
train: {'epoch': 340, 'eta': 6.5447, 'loss': 3.1122, 'lr': 0.0005, 'params': 632328, 'time_iter': 0.1017, 'accuracy': 1.0}
train: {'epoch': 341, 'eta': 6.4306, 'loss': 3.1122, 'lr': 0.0005, 'params': 632328, 'time_iter': 0.0922, 'accuracy': 1.0}
train: {'epoch': 342, 'eta': 6.3172, 'loss': 3.1122, 'lr': 0.0005, 'params': 632328, 'time_iter': 0.0951, 'accuracy': 1.0}
train: {'epoch': 343, 'eta': 6.2042, 'loss': 3.1122, 'lr': 0.0005, 'params': 632328, 'time_iter': 0.0977, 'accuracy': 1.0}
train: {'epoch': 344, 'eta': 6.0907, 'loss': 3.1122, 'lr': 0.0005, 'params': 632328, 'time_iter': 0.0938, 'accuracy': 1.0}
train: {'epoch': 345, 'eta': 5.9775, 'loss': 3.1122, 'lr': 0.0005, 'params': 632328, 'time_iter': 0.0951, 'accuracy': 1.0}
train: {'epoch': 346, 'eta': 5.864, 'loss': 3.1122, 'lr': 0.0004, 'params': 632328, 'time_iter': 0.0924, 'accuracy': 1.0}
train: {'epoch': 347, 'eta': 5.7506, 'loss': 3.1122, 'lr': 0.0004, 'params': 632328, 'time_iter': 0.0918, 'accuracy': 1.0}
train: {'epoch': 348, 'eta': 5.6382, 'loss': 3.1122, 'lr': 0.0004, 'params': 632328, 'time_iter': 0.0982, 'accuracy': 1.0}
train: {'epoch': 349, 'eta': 5.5256, 'loss': 3.1122, 'lr': 0.0004, 'params': 632328, 'time_iter': 0.0967, 'accuracy': 1.0}
train: {'epoch': 350, 'eta': 5.4122, 'loss': 3.1122, 'lr': 0.0004, 'params': 632328, 'time_iter': 0.0899, 'accuracy': 1.0}
train: {'epoch': 351, 'eta': 5.2994, 'loss': 3.1122, 'lr': 0.0004, 'params': 632328, 'time_iter': 0.0931, 'accuracy': 1.0}
train: {'epoch': 352, 'eta': 5.1871, 'loss': 3.1122, 'lr': 0.0004, 'params': 632328, 'time_iter': 0.0957, 'accuracy': 1.0}
train: {'epoch': 353, 'eta': 5.0739, 'loss': 3.1122, 'lr': 0.0003, 'params': 632328, 'time_iter': 0.0886, 'accuracy': 1.0}
train: {'epoch': 354, 'eta': 4.9617, 'loss': 3.1121, 'lr': 0.0003, 'params': 632328, 'time_iter': 0.0956, 'accuracy': 1.0}
train: {'epoch': 355, 'eta': 4.8488, 'loss': 3.1121, 'lr': 0.0003, 'params': 632328, 'time_iter': 0.089, 'accuracy': 1.0}
train: {'epoch': 356, 'eta': 4.7368, 'loss': 3.1121, 'lr': 0.0003, 'params': 632328, 'time_iter': 0.0951, 'accuracy': 1.0}
train: {'epoch': 357, 'eta': 4.6253, 'loss': 3.1121, 'lr': 0.0003, 'params': 632328, 'time_iter': 0.0987, 'accuracy': 1.0}
train: {'epoch': 358, 'eta': 4.5228, 'loss': 3.1121, 'lr': 0.0003, 'params': 632328, 'time_iter': 0.1768, 'accuracy': 1.0}
train: {'epoch': 359, 'eta': 4.4152, 'loss': 3.1121, 'lr': 0.0003, 'params': 632328, 'time_iter': 0.1348, 'accuracy': 1.0}
val: {'epoch': 359, 'loss': 3.421, 'lr': 0, 'params': 632328, 'time_iter': 0.0585, 'accuracy': 0.8893}
train: {'epoch': 360, 'eta': 4.3067, 'loss': 3.1121, 'lr': 0.0002, 'params': 632328, 'time_iter': 0.1281, 'accuracy': 1.0}
train: {'epoch': 361, 'eta': 4.1981, 'loss': 3.1121, 'lr': 0.0002, 'params': 632328, 'time_iter': 0.1279, 'accuracy': 1.0}
train: {'epoch': 362, 'eta': 4.089, 'loss': 3.1121, 'lr': 0.0002, 'params': 632328, 'time_iter': 0.1232, 'accuracy': 1.0}
train: {'epoch': 363, 'eta': 3.9821, 'loss': 3.1121, 'lr': 0.0002, 'params': 632328, 'time_iter': 0.1474, 'accuracy': 1.0}
train: {'epoch': 364, 'eta': 3.8702, 'loss': 3.1121, 'lr': 0.0002, 'params': 632328, 'time_iter': 0.0973, 'accuracy': 1.0}
train: {'epoch': 365, 'eta': 3.758, 'loss': 3.1121, 'lr': 0.0002, 'params': 632328, 'time_iter': 0.0927, 'accuracy': 1.0}
train: {'epoch': 366, 'eta': 3.646, 'loss': 3.1121, 'lr': 0.0002, 'params': 632328, 'time_iter': 0.094, 'accuracy': 1.0}
train: {'epoch': 367, 'eta': 3.5336, 'loss': 3.1121, 'lr': 0.0002, 'params': 632328, 'time_iter': 0.089, 'accuracy': 1.0}
train: {'epoch': 368, 'eta': 3.422, 'loss': 3.1121, 'lr': 0.0002, 'params': 632328, 'time_iter': 0.0965, 'accuracy': 1.0}
train: {'epoch': 369, 'eta': 3.3095, 'loss': 3.1121, 'lr': 0.0001, 'params': 632328, 'time_iter': 0.0843, 'accuracy': 1.0}
train: {'epoch': 370, 'eta': 3.1981, 'loss': 3.1121, 'lr': 0.0001, 'params': 632328, 'time_iter': 0.0964, 'accuracy': 1.0}
train: {'epoch': 371, 'eta': 3.0869, 'loss': 3.1121, 'lr': 0.0001, 'params': 632328, 'time_iter': 0.0976, 'accuracy': 1.0}
train: {'epoch': 372, 'eta': 2.9755, 'loss': 3.1121, 'lr': 0.0001, 'params': 632328, 'time_iter': 0.0943, 'accuracy': 1.0}
train: {'epoch': 373, 'eta': 2.8645, 'loss': 3.1121, 'lr': 0.0001, 'params': 632328, 'time_iter': 0.0985, 'accuracy': 1.0}
train: {'epoch': 374, 'eta': 2.7531, 'loss': 3.1121, 'lr': 0.0001, 'params': 632328, 'time_iter': 0.0921, 'accuracy': 1.0}
train: {'epoch': 375, 'eta': 2.642, 'loss': 3.1121, 'lr': 0.0001, 'params': 632328, 'time_iter': 0.0953, 'accuracy': 1.0}
train: {'epoch': 376, 'eta': 2.5375, 'loss': 3.1121, 'lr': 0.0001, 'params': 632328, 'time_iter': 0.201, 'accuracy': 1.0}
train: {'epoch': 377, 'eta': 2.4281, 'loss': 3.1121, 'lr': 0.0001, 'params': 632328, 'time_iter': 0.1267, 'accuracy': 1.0}
train: {'epoch': 378, 'eta': 2.3174, 'loss': 3.1121, 'lr': 0.0001, 'params': 632328, 'time_iter': 0.1038, 'accuracy': 1.0}
train: {'epoch': 379, 'eta': 2.2075, 'loss': 3.1121, 'lr': 0.0001, 'params': 632328, 'time_iter': 0.1187, 'accuracy': 1.0}
val: {'epoch': 379, 'loss': 3.4219, 'lr': 0, 'params': 632328, 'time_iter': 0.0455, 'accuracy': 0.8893}
train: {'epoch': 380, 'eta': 2.0963, 'loss': 3.1121, 'lr': 0.0001, 'params': 632328, 'time_iter': 0.0946, 'accuracy': 1.0}
train: {'epoch': 381, 'eta': 1.9856, 'loss': 3.1121, 'lr': 0.0001, 'params': 632328, 'time_iter': 0.102, 'accuracy': 1.0}
train: {'epoch': 382, 'eta': 1.8753, 'loss': 3.1121, 'lr': 0.0, 'params': 632328, 'time_iter': 0.1104, 'accuracy': 1.0}
train: {'epoch': 383, 'eta': 1.7643, 'loss': 3.1121, 'lr': 0.0, 'params': 632328, 'time_iter': 0.0956, 'accuracy': 1.0}
train: {'epoch': 384, 'eta': 1.6532, 'loss': 3.1121, 'lr': 0.0, 'params': 632328, 'time_iter': 0.0878, 'accuracy': 1.0}
train: {'epoch': 385, 'eta': 1.5423, 'loss': 3.1121, 'lr': 0.0, 'params': 632328, 'time_iter': 0.0915, 'accuracy': 1.0}
train: {'epoch': 386, 'eta': 1.4317, 'loss': 3.1121, 'lr': 0.0, 'params': 632328, 'time_iter': 0.0971, 'accuracy': 1.0}
train: {'epoch': 387, 'eta': 1.3211, 'loss': 3.1121, 'lr': 0.0, 'params': 632328, 'time_iter': 0.0949, 'accuracy': 1.0}
train: {'epoch': 388, 'eta': 1.2104, 'loss': 3.1121, 'lr': 0.0, 'params': 632328, 'time_iter': 0.0892, 'accuracy': 1.0}
train: {'epoch': 389, 'eta': 1.1001, 'loss': 3.1121, 'lr': 0.0, 'params': 632328, 'time_iter': 0.0978, 'accuracy': 1.0}
train: {'epoch': 390, 'eta': 0.9898, 'loss': 3.1121, 'lr': 0.0, 'params': 632328, 'time_iter': 0.0968, 'accuracy': 1.0}
train: {'epoch': 391, 'eta': 0.8794, 'loss': 3.1121, 'lr': 0.0, 'params': 632328, 'time_iter': 0.0932, 'accuracy': 1.0}
train: {'epoch': 392, 'eta': 0.7693, 'loss': 3.1121, 'lr': 0.0, 'params': 632328, 'time_iter': 0.0983, 'accuracy': 1.0}
train: {'epoch': 393, 'eta': 0.6593, 'loss': 3.1121, 'lr': 0.0, 'params': 632328, 'time_iter': 0.1046, 'accuracy': 1.0}
train: {'epoch': 394, 'eta': 0.5494, 'loss': 3.1121, 'lr': 0.0, 'params': 632328, 'time_iter': 0.1062, 'accuracy': 1.0}
train: {'epoch': 395, 'eta': 0.4394, 'loss': 3.1121, 'lr': 0.0, 'params': 632328, 'time_iter': 0.0975, 'accuracy': 1.0}
train: {'epoch': 396, 'eta': 0.3295, 'loss': 3.1121, 'lr': 0.0, 'params': 632328, 'time_iter': 0.1012, 'accuracy': 1.0}
train: {'epoch': 397, 'eta': 0.2196, 'loss': 3.1121, 'lr': 0.0, 'params': 632328, 'time_iter': 0.0989, 'accuracy': 1.0}
train: {'epoch': 398, 'eta': 0.1098, 'loss': 3.1121, 'lr': 0.0, 'params': 632328, 'time_iter': 0.0983, 'accuracy': 1.0}
train: {'epoch': 399, 'eta': 0.0, 'loss': 3.1121, 'lr': 0.0, 'params': 632328, 'time_iter': 0.0908, 'accuracy': 1.0}
val: {'epoch': 399, 'loss': 3.4224, 'lr': 0, 'params': 632328, 'time_iter': 0.0451, 'accuracy': 0.8875}
Task done, results saved in results/example_noneq_9
