Load: 0.08958s, Before split: 0.0003908s, Split: 0.0004132s, After split: 0.001166s
GNN(
  (preprocess): Preprocess(
    node_feature: dim_out=1433
    Total: dim_out=1433
  )
  (pre_mp): GeneralMultiLayer(
    (Layer_0): GeneralLayer(
      (layer): Linear(
        (model): Linear(in_features=1433, out_features=256, bias=False)
      )
      (post_layer): Sequential(
        (0): BatchNorm1d(256, eps=1e-05, momentum=0.1, affine=True, track_running_stats=True)
        (1): PReLU(num_parameters=1)
      )
    )
  )
  (mp): GNNStackStage(
    (layer0): GeneralLayer(
      (layer): GeneralConv(
        (model): GeneralConvLayer(256, 256)
      )
      (post_layer): Sequential(
        (0): BatchNorm1d(256, eps=1e-05, momentum=0.1, affine=True, track_running_stats=True)
        (1): PReLU(num_parameters=1)
      )
    )
    (layer1): GeneralLayer(
      (layer): GeneralConv(
        (model): GeneralConvLayer(256, 256)
      )
      (post_layer): Sequential(
        (0): BatchNorm1d(256, eps=1e-05, momentum=0.1, affine=True, track_running_stats=True)
        (1): PReLU(num_parameters=1)
      )
    )
  )
  (post_mp): GNNNodeHead(
    (layer_post_mp): MLP(
      (model): Sequential(
        (0): Linear(
          (model): Linear(in_features=256, out_features=7, bias=True)
        )
      )
    )
  )
)
bn:
  eps: 1e-05
  mom: 0.1
cfg_dest: config.yaml
custom_metrics: []
dataset:
  augment_feature: []
  augment_feature_dims: []
  augment_feature_repr: position
  augment_label: 
  augment_label_dims: 0
  cache_load: False
  cache_save: False
  dir: ./datasets
  edge_dim: 128
  edge_encoder: False
  edge_encoder_bn: True
  edge_encoder_name: Bond
  edge_message_ratio: 0.8
  edge_negative_sampling_ratio: 1.0
  edge_train_mode: all
  encoder: True
  encoder_bn: True
  encoder_dim: 128
  encoder_name: db
  format: PyG
  label_column: none
  label_table: none
  location: local
  name: Cora
  node_encoder: False
  node_encoder_bn: True
  node_encoder_name: Atom
  remove_feature: False
  resample_disjoint: False
  resample_negative: False
  shuffle_split: True
  split: [0.8, 0.2]
  split_mode: random
  task: node
  task_type: classification
  to_undirected: False
  transductive: True
  transform: none
  tu_simple: True
device: cpu
example_arg: example
example_group:
  example_arg: example
gnn:
  act: prelu
  agg: add
  att_final_linear: False
  att_final_linear_bn: False
  att_heads: 1
  batchnorm: True
  clear_feature: True
  dim_inner: 256
  dropout: 0.0
  flow: source_to_target
  head: node
  keep_edge: 0.5
  l2norm: True
  layer_type: generalconv
  layers_mp: 2
  layers_post_mp: 1
  layers_pre_mp: 1
  msg_direction: single
  normalize_adj: False
  self_msg: concat
  skip_every: 1
  stage_type: stack
gpu_mem: False
mem:
  inplace: False
metric_agg: argmax
metric_best: auto
model:
  edge_decoding: dot
  graph_pooling: add
  loss_fun: cross_entropy
  match_upper: True
  size_average: mean
  thresh: 0.5
  type: gnn
num_threads: 6
num_workers: 0
optim:
  base_lr: 0.01
  lr_decay: 0.1
  max_epoch: 400
  momentum: 0.9
  optimizer: adam
  scheduler: cos
  steps: [30, 60, 90]
  weight_decay: 0.0005
out_dir: results/example_noneq_4
params: 632328
print: both
round: 4
run_dir: results/example_noneq_4/2
seed: 3
share:
  dim_in: 1433
  dim_out: 7
  num_splits: 2
tensorboard_agg: True
tensorboard_each_run: False
train:
  auto_resume: False
  batch_size: 32
  ckpt_clean: True
  ckpt_period: 100
  enable_ckpt: True
  energy_alpha: 0.5
  energy_beta: 0.5
  energy_reg: True
  epoch_resume: -1
  eval_period: 20
  iter_per_epoch: 32
  mode: standard
  neighbor_sizes: [20, 15, 10, 5]
  node_per_graph: 32
  radius: extend
  sample_node: False
  sampler: full_batch
  skip_train_eval: False
  walk_length: 4
val:
  node_per_graph: 32
  radius: extend
  sample_node: False
  sampler: full_batch
view_emb: False
Num parameters: 632328
Start from epoch 0
train: {'epoch': 0, 'eta': 45.2722, 'loss': 2.8836, 'lr': 0.01, 'params': 632328, 'time_iter': 0.1135, 'accuracy': 0.2018}
val: {'epoch': 0, 'loss': 2.4258, 'lr': 0, 'params': 632328, 'time_iter': 0.0748, 'accuracy': 0.2638}
train: {'epoch': 1, 'eta': 46.5316, 'loss': 2.395, 'lr': 0.01, 'params': 632328, 'time_iter': 0.1204, 'accuracy': 0.6473}
train: {'epoch': 2, 'eta': 45.1124, 'loss': 2.1139, 'lr': 0.01, 'params': 632328, 'time_iter': 0.1071, 'accuracy': 0.6874}
train: {'epoch': 3, 'eta': 44.2307, 'loss': 1.9052, 'lr': 0.01, 'params': 632328, 'time_iter': 0.1059, 'accuracy': 0.729}
train: {'epoch': 4, 'eta': 43.1665, 'loss': 1.7391, 'lr': 0.01, 'params': 632328, 'time_iter': 0.0996, 'accuracy': 0.7844}
train: {'epoch': 5, 'eta': 42.9304, 'loss': 1.6055, 'lr': 0.01, 'params': 632328, 'time_iter': 0.1074, 'accuracy': 0.8301}
train: {'epoch': 6, 'eta': 44.5186, 'loss': 1.493, 'lr': 0.01, 'params': 632328, 'time_iter': 0.1392, 'accuracy': 0.8573}
train: {'epoch': 7, 'eta': 45.0712, 'loss': 1.3971, 'lr': 0.01, 'params': 632328, 'time_iter': 0.1269, 'accuracy': 0.8763}
train: {'epoch': 8, 'eta': 45.0345, 'loss': 1.3149, 'lr': 0.01, 'params': 632328, 'time_iter': 0.1168, 'accuracy': 0.8915}
train: {'epoch': 9, 'eta': 45.0768, 'loss': 1.2436, 'lr': 0.01, 'params': 632328, 'time_iter': 0.1192, 'accuracy': 0.9044}
train: {'epoch': 10, 'eta': 45.1683, 'loss': 1.1803, 'lr': 0.01, 'params': 632328, 'time_iter': 0.1214, 'accuracy': 0.9127}
train: {'epoch': 11, 'eta': 45.8253, 'loss': 1.1288, 'lr': 0.01, 'params': 632328, 'time_iter': 0.14, 'accuracy': 0.9192}
train: {'epoch': 12, 'eta': 50.0354, 'loss': 1.0837, 'lr': 0.01, 'params': 632328, 'time_iter': 0.2635, 'accuracy': 0.922}
train: {'epoch': 13, 'eta': 50.2225, 'loss': 1.0413, 'lr': 0.01, 'params': 632328, 'time_iter': 0.1408, 'accuracy': 0.9289}
train: {'epoch': 14, 'eta': 49.4036, 'loss': 1.0027, 'lr': 0.01, 'params': 632328, 'time_iter': 0.1033, 'accuracy': 0.9312}
train: {'epoch': 15, 'eta': 48.9187, 'loss': 0.9681, 'lr': 0.01, 'params': 632328, 'time_iter': 0.1135, 'accuracy': 0.9349}
train: {'epoch': 16, 'eta': 48.254, 'loss': 0.9375, 'lr': 0.01, 'params': 632328, 'time_iter': 0.1035, 'accuracy': 0.9354}
train: {'epoch': 17, 'eta': 47.6564, 'loss': 0.9107, 'lr': 0.01, 'params': 632328, 'time_iter': 0.1038, 'accuracy': 0.94}
train: {'epoch': 18, 'eta': 47.0725, 'loss': 0.8867, 'lr': 0.01, 'params': 632328, 'time_iter': 0.1019, 'accuracy': 0.9451}
train: {'epoch': 19, 'eta': 46.6173, 'loss': 0.8649, 'lr': 0.0099, 'params': 632328, 'time_iter': 0.1061, 'accuracy': 0.9464}
val: {'epoch': 19, 'loss': 1.0573, 'lr': 0, 'params': 632328, 'time_iter': 0.052, 'accuracy': 0.8598}
train: {'epoch': 20, 'eta': 46.0303, 'loss': 0.8451, 'lr': 0.0099, 'params': 632328, 'time_iter': 0.0969, 'accuracy': 0.9529}
train: {'epoch': 21, 'eta': 45.5486, 'loss': 0.8269, 'lr': 0.0099, 'params': 632328, 'time_iter': 0.1005, 'accuracy': 0.9552}
train: {'epoch': 22, 'eta': 45.1891, 'loss': 0.8104, 'lr': 0.0099, 'params': 632328, 'time_iter': 0.1059, 'accuracy': 0.9575}
train: {'epoch': 23, 'eta': 44.8721, 'loss': 0.7948, 'lr': 0.0099, 'params': 632328, 'time_iter': 0.1073, 'accuracy': 0.9626}
train: {'epoch': 24, 'eta': 44.5366, 'loss': 0.7806, 'lr': 0.0099, 'params': 632328, 'time_iter': 0.1049, 'accuracy': 0.9645}
train: {'epoch': 25, 'eta': 44.7835, 'loss': 0.7676, 'lr': 0.0099, 'params': 632328, 'time_iter': 0.1442, 'accuracy': 0.9677}
train: {'epoch': 26, 'eta': 44.618, 'loss': 0.7562, 'lr': 0.0099, 'params': 632328, 'time_iter': 0.1164, 'accuracy': 0.9677}
train: {'epoch': 27, 'eta': 44.4553, 'loss': 0.7447, 'lr': 0.0099, 'params': 632328, 'time_iter': 0.1164, 'accuracy': 0.9723}
train: {'epoch': 28, 'eta': 44.2425, 'loss': 0.7354, 'lr': 0.0099, 'params': 632328, 'time_iter': 0.1122, 'accuracy': 0.9769}
train: {'epoch': 29, 'eta': 44.0541, 'loss': 0.7413, 'lr': 0.0099, 'params': 632328, 'time_iter': 0.1136, 'accuracy': 0.9732}
train: {'epoch': 30, 'eta': 43.6804, 'loss': 0.8721, 'lr': 0.0099, 'params': 632328, 'time_iter': 0.0977, 'accuracy': 0.9118}
train: {'epoch': 31, 'eta': 43.3481, 'loss': 0.7652, 'lr': 0.0099, 'params': 632328, 'time_iter': 0.0998, 'accuracy': 0.9571}
train: {'epoch': 32, 'eta': 43.1297, 'loss': 0.7609, 'lr': 0.0098, 'params': 632328, 'time_iter': 0.1087, 'accuracy': 0.9552}
train: {'epoch': 33, 'eta': 42.9441, 'loss': 0.7393, 'lr': 0.0098, 'params': 632328, 'time_iter': 0.1112, 'accuracy': 0.9571}
train: {'epoch': 34, 'eta': 42.729, 'loss': 0.7427, 'lr': 0.0098, 'params': 632328, 'time_iter': 0.108, 'accuracy': 0.9617}
train: {'epoch': 35, 'eta': 42.4749, 'loss': 0.7394, 'lr': 0.0098, 'params': 632328, 'time_iter': 0.1035, 'accuracy': 0.9621}
train: {'epoch': 36, 'eta': 42.3309, 'loss': 0.7214, 'lr': 0.0098, 'params': 632328, 'time_iter': 0.1139, 'accuracy': 0.9705}
train: {'epoch': 37, 'eta': 42.1026, 'loss': 0.7089, 'lr': 0.0098, 'params': 632328, 'time_iter': 0.1049, 'accuracy': 0.9746}
train: {'epoch': 38, 'eta': 41.9088, 'loss': 0.7047, 'lr': 0.0098, 'params': 632328, 'time_iter': 0.1079, 'accuracy': 0.976}
train: {'epoch': 39, 'eta': 41.6847, 'loss': 0.7014, 'lr': 0.0098, 'params': 632328, 'time_iter': 0.1041, 'accuracy': 0.9778}
val: {'epoch': 39, 'loss': 1.0202, 'lr': 0, 'params': 632328, 'time_iter': 0.0527, 'accuracy': 0.869}
train: {'epoch': 40, 'eta': 41.5138, 'loss': 0.6931, 'lr': 0.0098, 'params': 632328, 'time_iter': 0.1095, 'accuracy': 0.9792}
train: {'epoch': 41, 'eta': 41.3072, 'loss': 0.6879, 'lr': 0.0097, 'params': 632328, 'time_iter': 0.105, 'accuracy': 0.9843}
train: {'epoch': 42, 'eta': 41.1898, 'loss': 0.6821, 'lr': 0.0097, 'params': 632328, 'time_iter': 0.1151, 'accuracy': 0.9825}
train: {'epoch': 43, 'eta': 41.078, 'loss': 0.6744, 'lr': 0.0097, 'params': 632328, 'time_iter': 0.1158, 'accuracy': 0.9852}
train: {'epoch': 44, 'eta': 40.8869, 'loss': 0.6691, 'lr': 0.0097, 'params': 632328, 'time_iter': 0.1058, 'accuracy': 0.988}
train: {'epoch': 45, 'eta': 40.613, 'loss': 0.6684, 'lr': 0.0097, 'params': 632328, 'time_iter': 0.0945, 'accuracy': 0.9889}
train: {'epoch': 46, 'eta': 40.5091, 'loss': 0.6616, 'lr': 0.0097, 'params': 632328, 'time_iter': 0.1162, 'accuracy': 0.9912}
train: {'epoch': 47, 'eta': 40.4042, 'loss': 0.6594, 'lr': 0.0097, 'params': 632328, 'time_iter': 0.1161, 'accuracy': 0.9885}
train: {'epoch': 48, 'eta': 40.3192, 'loss': 0.6558, 'lr': 0.0096, 'params': 632328, 'time_iter': 0.1189, 'accuracy': 0.9908}
train: {'epoch': 49, 'eta': 40.793, 'loss': 0.6508, 'lr': 0.0096, 'params': 632328, 'time_iter': 0.199, 'accuracy': 0.9945}
train: {'epoch': 50, 'eta': 41.3876, 'loss': 0.6488, 'lr': 0.0096, 'params': 632328, 'time_iter': 0.2205, 'accuracy': 0.9931}
train: {'epoch': 51, 'eta': 42.0878, 'loss': 0.6477, 'lr': 0.0096, 'params': 632328, 'time_iter': 0.2409, 'accuracy': 0.9935}
train: {'epoch': 52, 'eta': 42.287, 'loss': 0.6452, 'lr': 0.0096, 'params': 632328, 'time_iter': 0.1698, 'accuracy': 0.9931}
train: {'epoch': 53, 'eta': 42.1553, 'loss': 0.6497, 'lr': 0.0096, 'params': 632328, 'time_iter': 0.1203, 'accuracy': 0.9922}
train: {'epoch': 54, 'eta': 41.9541, 'loss': 0.6769, 'lr': 0.0096, 'params': 632328, 'time_iter': 0.1092, 'accuracy': 0.9765}
train: {'epoch': 55, 'eta': 41.6844, 'loss': 0.6611, 'lr': 0.0095, 'params': 632328, 'time_iter': 0.0975, 'accuracy': 0.982}
train: {'epoch': 56, 'eta': 41.4097, 'loss': 0.653, 'lr': 0.0095, 'params': 632328, 'time_iter': 0.0957, 'accuracy': 0.9875}
train: {'epoch': 57, 'eta': 41.1998, 'loss': 0.6487, 'lr': 0.0095, 'params': 632328, 'time_iter': 0.1056, 'accuracy': 0.9885}
train: {'epoch': 58, 'eta': 40.9472, 'loss': 0.6515, 'lr': 0.0095, 'params': 632328, 'time_iter': 0.0976, 'accuracy': 0.9857}
train: {'epoch': 59, 'eta': 40.7578, 'loss': 0.6644, 'lr': 0.0095, 'params': 632328, 'time_iter': 0.1079, 'accuracy': 0.9875}
val: {'epoch': 59, 'loss': 1.1057, 'lr': 0, 'params': 632328, 'time_iter': 0.053, 'accuracy': 0.8358}
train: {'epoch': 60, 'eta': 40.4889, 'loss': 0.8344, 'lr': 0.0095, 'params': 632328, 'time_iter': 0.0931, 'accuracy': 0.9557}
train: {'epoch': 61, 'eta': 40.3266, 'loss': 0.7684, 'lr': 0.0094, 'params': 632328, 'time_iter': 0.1116, 'accuracy': 0.9603}
train: {'epoch': 62, 'eta': 40.0894, 'loss': 0.7183, 'lr': 0.0094, 'params': 632328, 'time_iter': 0.0973, 'accuracy': 0.9686}
train: {'epoch': 63, 'eta': 39.9098, 'loss': 0.7508, 'lr': 0.0094, 'params': 632328, 'time_iter': 0.1074, 'accuracy': 0.9617}
train: {'epoch': 64, 'eta': 39.763, 'loss': 0.7239, 'lr': 0.0094, 'params': 632328, 'time_iter': 0.1133, 'accuracy': 0.9705}
train: {'epoch': 65, 'eta': 39.5375, 'loss': 0.7057, 'lr': 0.0094, 'params': 632328, 'time_iter': 0.0976, 'accuracy': 0.9774}
train: {'epoch': 66, 'eta': 39.3614, 'loss': 0.6921, 'lr': 0.0093, 'params': 632328, 'time_iter': 0.1068, 'accuracy': 0.9825}
train: {'epoch': 67, 'eta': 39.2099, 'loss': 0.6854, 'lr': 0.0093, 'params': 632328, 'time_iter': 0.1114, 'accuracy': 0.9838}
train: {'epoch': 68, 'eta': 39.1428, 'loss': 0.681, 'lr': 0.0093, 'params': 632328, 'time_iter': 0.1287, 'accuracy': 0.9848}
train: {'epoch': 69, 'eta': 39.4257, 'loss': 0.6756, 'lr': 0.0093, 'params': 632328, 'time_iter': 0.2034, 'accuracy': 0.9871}
train: {'epoch': 70, 'eta': 39.3135, 'loss': 0.67, 'lr': 0.0093, 'params': 632328, 'time_iter': 0.121, 'accuracy': 0.9885}
train: {'epoch': 71, 'eta': 39.2034, 'loss': 0.6627, 'lr': 0.0092, 'params': 632328, 'time_iter': 0.1216, 'accuracy': 0.9903}
train: {'epoch': 72, 'eta': 39.0605, 'loss': 0.658, 'lr': 0.0092, 'params': 632328, 'time_iter': 0.1143, 'accuracy': 0.9894}
train: {'epoch': 73, 'eta': 38.9553, 'loss': 0.6538, 'lr': 0.0092, 'params': 632328, 'time_iter': 0.1227, 'accuracy': 0.9898}
train: {'epoch': 74, 'eta': 38.8311, 'loss': 0.65, 'lr': 0.0092, 'params': 632328, 'time_iter': 0.1184, 'accuracy': 0.9908}
train: {'epoch': 75, 'eta': 38.6444, 'loss': 0.646, 'lr': 0.0092, 'params': 632328, 'time_iter': 0.1037, 'accuracy': 0.9926}
train: {'epoch': 76, 'eta': 38.4773, 'loss': 0.6431, 'lr': 0.0091, 'params': 632328, 'time_iter': 0.1079, 'accuracy': 0.9926}
train: {'epoch': 77, 'eta': 38.2605, 'loss': 0.6399, 'lr': 0.0091, 'params': 632328, 'time_iter': 0.0955, 'accuracy': 0.9945}
train: {'epoch': 78, 'eta': 38.0819, 'loss': 0.6374, 'lr': 0.0091, 'params': 632328, 'time_iter': 0.1041, 'accuracy': 0.9945}
train: {'epoch': 79, 'eta': 37.878, 'loss': 0.6353, 'lr': 0.0091, 'params': 632328, 'time_iter': 0.0973, 'accuracy': 0.9949}
val: {'epoch': 79, 'loss': 1.0183, 'lr': 0, 'params': 632328, 'time_iter': 0.0422, 'accuracy': 0.8653}
train: {'epoch': 80, 'eta': 37.6725, 'loss': 0.6325, 'lr': 0.009, 'params': 632328, 'time_iter': 0.0962, 'accuracy': 0.9958}
train: {'epoch': 81, 'eta': 37.517, 'loss': 0.6298, 'lr': 0.009, 'params': 632328, 'time_iter': 0.1084, 'accuracy': 0.9958}
train: {'epoch': 82, 'eta': 37.3792, 'loss': 0.6296, 'lr': 0.009, 'params': 632328, 'time_iter': 0.1128, 'accuracy': 0.9954}
train: {'epoch': 83, 'eta': 37.2157, 'loss': 0.6429, 'lr': 0.009, 'params': 632328, 'time_iter': 0.1058, 'accuracy': 0.9931}
train: {'epoch': 84, 'eta': 37.0947, 'loss': 0.7059, 'lr': 0.009, 'params': 632328, 'time_iter': 0.1169, 'accuracy': 0.9746}
train: {'epoch': 85, 'eta': 36.9105, 'loss': 0.6578, 'lr': 0.0089, 'params': 632328, 'time_iter': 0.0996, 'accuracy': 0.9866}
train: {'epoch': 86, 'eta': 36.7413, 'loss': 0.6654, 'lr': 0.0089, 'params': 632328, 'time_iter': 0.1032, 'accuracy': 0.9866}
train: {'epoch': 87, 'eta': 36.639, 'loss': 0.6533, 'lr': 0.0089, 'params': 632328, 'time_iter': 0.1216, 'accuracy': 0.9889}
train: {'epoch': 88, 'eta': 36.4848, 'loss': 0.6552, 'lr': 0.0089, 'params': 632328, 'time_iter': 0.1069, 'accuracy': 0.9889}
train: {'epoch': 89, 'eta': 36.6357, 'loss': 0.6482, 'lr': 0.0088, 'params': 632328, 'time_iter': 0.1952, 'accuracy': 0.9903}
train: {'epoch': 90, 'eta': 36.6085, 'loss': 0.6426, 'lr': 0.0088, 'params': 632328, 'time_iter': 0.145, 'accuracy': 0.9898}
train: {'epoch': 91, 'eta': 36.5263, 'loss': 0.6413, 'lr': 0.0088, 'params': 632328, 'time_iter': 0.1293, 'accuracy': 0.9931}
train: {'epoch': 92, 'eta': 36.5894, 'loss': 0.6335, 'lr': 0.0088, 'params': 632328, 'time_iter': 0.1736, 'accuracy': 0.9958}
train: {'epoch': 93, 'eta': 36.4704, 'loss': 0.6313, 'lr': 0.0087, 'params': 632328, 'time_iter': 0.1193, 'accuracy': 0.9958}
train: {'epoch': 94, 'eta': 36.3172, 'loss': 0.6295, 'lr': 0.0087, 'params': 632328, 'time_iter': 0.1086, 'accuracy': 0.9954}
train: {'epoch': 95, 'eta': 36.1378, 'loss': 0.6261, 'lr': 0.0087, 'params': 632328, 'time_iter': 0.1, 'accuracy': 0.9968}
train: {'epoch': 96, 'eta': 35.9515, 'loss': 0.6236, 'lr': 0.0086, 'params': 632328, 'time_iter': 0.0973, 'accuracy': 0.9972}
train: {'epoch': 97, 'eta': 35.8451, 'loss': 0.6205, 'lr': 0.0086, 'params': 632328, 'time_iter': 0.1226, 'accuracy': 0.9968}
train: {'epoch': 98, 'eta': 35.6674, 'loss': 0.6183, 'lr': 0.0086, 'params': 632328, 'time_iter': 0.0993, 'accuracy': 0.9968}
train: {'epoch': 99, 'eta': 35.546, 'loss': 0.6169, 'lr': 0.0086, 'params': 632328, 'time_iter': 0.1175, 'accuracy': 0.9972}
val: {'epoch': 99, 'loss': 1.0159, 'lr': 0, 'params': 632328, 'time_iter': 0.0491, 'accuracy': 0.8708}
train: {'epoch': 100, 'eta': 35.3949, 'loss': 0.615, 'lr': 0.0085, 'params': 632328, 'time_iter': 0.1075, 'accuracy': 0.9968}
train: {'epoch': 101, 'eta': 35.2233, 'loss': 0.6134, 'lr': 0.0085, 'params': 632328, 'time_iter': 0.1001, 'accuracy': 0.9982}
train: {'epoch': 102, 'eta': 35.0678, 'loss': 0.6119, 'lr': 0.0085, 'params': 632328, 'time_iter': 0.1053, 'accuracy': 0.9986}
train: {'epoch': 103, 'eta': 34.9097, 'loss': 0.6106, 'lr': 0.0085, 'params': 632328, 'time_iter': 0.104, 'accuracy': 0.9991}
train: {'epoch': 104, 'eta': 34.7527, 'loss': 0.6091, 'lr': 0.0084, 'params': 632328, 'time_iter': 0.104, 'accuracy': 0.9995}
train: {'epoch': 105, 'eta': 34.588, 'loss': 0.6079, 'lr': 0.0084, 'params': 632328, 'time_iter': 0.1009, 'accuracy': 0.9995}
train: {'epoch': 106, 'eta': 34.4503, 'loss': 0.6066, 'lr': 0.0084, 'params': 632328, 'time_iter': 0.1103, 'accuracy': 0.9995}
train: {'epoch': 107, 'eta': 34.2921, 'loss': 0.6057, 'lr': 0.0083, 'params': 632328, 'time_iter': 0.1025, 'accuracy': 0.9995}
train: {'epoch': 108, 'eta': 34.1717, 'loss': 0.6045, 'lr': 0.0083, 'params': 632328, 'time_iter': 0.1164, 'accuracy': 0.9995}
train: {'epoch': 109, 'eta': 34.0135, 'loss': 0.604, 'lr': 0.0083, 'params': 632328, 'time_iter': 0.102, 'accuracy': 0.9991}
train: {'epoch': 110, 'eta': 33.8695, 'loss': 0.6045, 'lr': 0.0082, 'params': 632328, 'time_iter': 0.107, 'accuracy': 0.9991}
train: {'epoch': 111, 'eta': 33.6958, 'loss': 0.6053, 'lr': 0.0082, 'params': 632328, 'time_iter': 0.0952, 'accuracy': 0.9995}
train: {'epoch': 112, 'eta': 33.5814, 'loss': 0.6122, 'lr': 0.0082, 'params': 632328, 'time_iter': 0.118, 'accuracy': 0.9977}
train: {'epoch': 113, 'eta': 33.4683, 'loss': 0.6052, 'lr': 0.0082, 'params': 632328, 'time_iter': 0.1185, 'accuracy': 0.9986}
train: {'epoch': 114, 'eta': 33.284, 'loss': 0.6067, 'lr': 0.0081, 'params': 632328, 'time_iter': 0.0899, 'accuracy': 0.9986}
train: {'epoch': 115, 'eta': 33.1707, 'loss': 0.6042, 'lr': 0.0081, 'params': 632328, 'time_iter': 0.1182, 'accuracy': 0.9982}
train: {'epoch': 116, 'eta': 33.0227, 'loss': 0.6068, 'lr': 0.0081, 'params': 632328, 'time_iter': 0.1039, 'accuracy': 0.9991}
train: {'epoch': 117, 'eta': 32.8544, 'loss': 0.604, 'lr': 0.008, 'params': 632328, 'time_iter': 0.0951, 'accuracy': 0.9982}
train: {'epoch': 118, 'eta': 32.7152, 'loss': 0.606, 'lr': 0.008, 'params': 632328, 'time_iter': 0.1069, 'accuracy': 0.9982}
train: {'epoch': 119, 'eta': 32.6105, 'loss': 0.6032, 'lr': 0.008, 'params': 632328, 'time_iter': 0.1214, 'accuracy': 0.9986}
val: {'epoch': 119, 'loss': 1.003, 'lr': 0, 'params': 632328, 'time_iter': 0.0447, 'accuracy': 0.8653}
train: {'epoch': 120, 'eta': 32.4543, 'loss': 0.6027, 'lr': 0.0079, 'params': 632328, 'time_iter': 0.0992, 'accuracy': 0.9986}
train: {'epoch': 121, 'eta': 32.437, 'loss': 0.6014, 'lr': 0.0079, 'params': 632328, 'time_iter': 0.1598, 'accuracy': 0.9991}
train: {'epoch': 122, 'eta': 32.4443, 'loss': 0.5998, 'lr': 0.0079, 'params': 632328, 'time_iter': 0.1717, 'accuracy': 0.9995}
train: {'epoch': 123, 'eta': 32.3203, 'loss': 0.5995, 'lr': 0.0078, 'params': 632328, 'time_iter': 0.114, 'accuracy': 0.9991}
train: {'epoch': 124, 'eta': 32.209, 'loss': 0.5984, 'lr': 0.0078, 'params': 632328, 'time_iter': 0.1197, 'accuracy': 0.9995}
train: {'epoch': 125, 'eta': 32.1005, 'loss': 0.5977, 'lr': 0.0078, 'params': 632328, 'time_iter': 0.1211, 'accuracy': 0.9991}
train: {'epoch': 126, 'eta': 31.9895, 'loss': 0.597, 'lr': 0.0077, 'params': 632328, 'time_iter': 0.12, 'accuracy': 1.0}
train: {'epoch': 127, 'eta': 31.8778, 'loss': 0.5963, 'lr': 0.0077, 'params': 632328, 'time_iter': 0.1198, 'accuracy': 1.0}
train: {'epoch': 128, 'eta': 31.7748, 'loss': 0.5956, 'lr': 0.0077, 'params': 632328, 'time_iter': 0.124, 'accuracy': 1.0}
train: {'epoch': 129, 'eta': 31.7621, 'loss': 0.5955, 'lr': 0.0076, 'params': 632328, 'time_iter': 0.1676, 'accuracy': 1.0}
train: {'epoch': 130, 'eta': 31.9334, 'loss': 0.5954, 'lr': 0.0076, 'params': 632328, 'time_iter': 0.2584, 'accuracy': 0.9995}
train: {'epoch': 131, 'eta': 32.4803, 'loss': 0.5955, 'lr': 0.0076, 'params': 632328, 'time_iter': 0.4465, 'accuracy': 0.9991}
train: {'epoch': 132, 'eta': 32.6201, 'loss': 0.5952, 'lr': 0.0075, 'params': 632328, 'time_iter': 0.2512, 'accuracy': 1.0}
train: {'epoch': 133, 'eta': 32.5981, 'loss': 0.595, 'lr': 0.0075, 'params': 632328, 'time_iter': 0.1726, 'accuracy': 0.9995}
train: {'epoch': 134, 'eta': 32.5592, 'loss': 0.5955, 'lr': 0.0075, 'params': 632328, 'time_iter': 0.1652, 'accuracy': 1.0}
train: {'epoch': 135, 'eta': 32.5361, 'loss': 0.5986, 'lr': 0.0074, 'params': 632328, 'time_iter': 0.1742, 'accuracy': 0.9986}
train: {'epoch': 136, 'eta': 32.4319, 'loss': 0.629, 'lr': 0.0074, 'params': 632328, 'time_iter': 0.1332, 'accuracy': 0.9852}
train: {'epoch': 137, 'eta': 32.3906, 'loss': 0.7731, 'lr': 0.0074, 'params': 632328, 'time_iter': 0.1665, 'accuracy': 0.9428}
train: {'epoch': 138, 'eta': 32.3703, 'loss': 0.8233, 'lr': 0.0073, 'params': 632328, 'time_iter': 0.1787, 'accuracy': 0.9164}
train: {'epoch': 139, 'eta': 32.301, 'loss': 0.7897, 'lr': 0.0073, 'params': 632328, 'time_iter': 0.1535, 'accuracy': 0.9386}
val: {'epoch': 139, 'loss': 1.2136, 'lr': 0, 'params': 632328, 'time_iter': 0.0533, 'accuracy': 0.8026}
train: {'epoch': 140, 'eta': 32.2239, 'loss': 0.8808, 'lr': 0.0073, 'params': 632328, 'time_iter': 0.1499, 'accuracy': 0.8975}
train: {'epoch': 141, 'eta': 32.178, 'loss': 0.8043, 'lr': 0.0072, 'params': 632328, 'time_iter': 0.1677, 'accuracy': 0.9294}
train: {'epoch': 142, 'eta': 32.1051, 'loss': 0.7397, 'lr': 0.0072, 'params': 632328, 'time_iter': 0.1535, 'accuracy': 0.9561}
train: {'epoch': 143, 'eta': 32.0125, 'loss': 0.7221, 'lr': 0.0072, 'params': 632328, 'time_iter': 0.1431, 'accuracy': 0.9654}
train: {'epoch': 144, 'eta': 31.8765, 'loss': 0.6991, 'lr': 0.0071, 'params': 632328, 'time_iter': 0.1188, 'accuracy': 0.9755}
train: {'epoch': 145, 'eta': 31.7349, 'loss': 0.6809, 'lr': 0.0071, 'params': 632328, 'time_iter': 0.1154, 'accuracy': 0.9783}
train: {'epoch': 146, 'eta': 31.5835, 'loss': 0.6677, 'lr': 0.0071, 'params': 632328, 'time_iter': 0.1096, 'accuracy': 0.982}
train: {'epoch': 147, 'eta': 31.4447, 'loss': 0.66, 'lr': 0.007, 'params': 632328, 'time_iter': 0.1167, 'accuracy': 0.9857}
train: {'epoch': 148, 'eta': 31.312, 'loss': 0.6537, 'lr': 0.007, 'params': 632328, 'time_iter': 0.1201, 'accuracy': 0.9889}
train: {'epoch': 149, 'eta': 31.1804, 'loss': 0.6463, 'lr': 0.0069, 'params': 632328, 'time_iter': 0.1206, 'accuracy': 0.9922}
train: {'epoch': 150, 'eta': 31.0252, 'loss': 0.6403, 'lr': 0.0069, 'params': 632328, 'time_iter': 0.1062, 'accuracy': 0.9922}
train: {'epoch': 151, 'eta': 30.9875, 'loss': 0.6355, 'lr': 0.0069, 'params': 632328, 'time_iter': 0.1779, 'accuracy': 0.9922}
train: {'epoch': 152, 'eta': 30.9405, 'loss': 0.6312, 'lr': 0.0068, 'params': 632328, 'time_iter': 0.1732, 'accuracy': 0.9926}
train: {'epoch': 153, 'eta': 30.84, 'loss': 0.6273, 'lr': 0.0068, 'params': 632328, 'time_iter': 0.1408, 'accuracy': 0.9945}
train: {'epoch': 154, 'eta': 30.763, 'loss': 0.624, 'lr': 0.0068, 'params': 632328, 'time_iter': 0.156, 'accuracy': 0.9963}
train: {'epoch': 155, 'eta': 30.7185, 'loss': 0.621, 'lr': 0.0067, 'params': 632328, 'time_iter': 0.1774, 'accuracy': 0.9977}
train: {'epoch': 156, 'eta': 30.6574, 'loss': 0.6183, 'lr': 0.0067, 'params': 632328, 'time_iter': 0.1677, 'accuracy': 0.9977}
train: {'epoch': 157, 'eta': 30.5475, 'loss': 0.6158, 'lr': 0.0067, 'params': 632328, 'time_iter': 0.1368, 'accuracy': 0.9977}
train: {'epoch': 158, 'eta': 30.41, 'loss': 0.6137, 'lr': 0.0066, 'params': 632328, 'time_iter': 0.1188, 'accuracy': 0.9977}
train: {'epoch': 159, 'eta': 30.2962, 'loss': 0.6119, 'lr': 0.0066, 'params': 632328, 'time_iter': 0.1345, 'accuracy': 0.9982}
val: {'epoch': 159, 'loss': 0.9845, 'lr': 0, 'params': 632328, 'time_iter': 0.0586, 'accuracy': 0.8708}
train: {'epoch': 160, 'eta': 30.1585, 'loss': 0.6103, 'lr': 0.0065, 'params': 632328, 'time_iter': 0.1185, 'accuracy': 0.9982}
train: {'epoch': 161, 'eta': 30.029, 'loss': 0.6089, 'lr': 0.0065, 'params': 632328, 'time_iter': 0.1239, 'accuracy': 0.9982}
train: {'epoch': 162, 'eta': 29.9543, 'loss': 0.6077, 'lr': 0.0065, 'params': 632328, 'time_iter': 0.1616, 'accuracy': 0.9991}
train: {'epoch': 163, 'eta': 29.8113, 'loss': 0.6066, 'lr': 0.0064, 'params': 632328, 'time_iter': 0.1149, 'accuracy': 0.9991}
train: {'epoch': 164, 'eta': 29.6662, 'loss': 0.6056, 'lr': 0.0064, 'params': 632328, 'time_iter': 0.1131, 'accuracy': 0.9991}
train: {'epoch': 165, 'eta': 29.5148, 'loss': 0.6047, 'lr': 0.0064, 'params': 632328, 'time_iter': 0.1084, 'accuracy': 0.9991}
train: {'epoch': 166, 'eta': 29.3455, 'loss': 0.6038, 'lr': 0.0063, 'params': 632328, 'time_iter': 0.0952, 'accuracy': 1.0}
train: {'epoch': 167, 'eta': 29.1968, 'loss': 0.603, 'lr': 0.0063, 'params': 632328, 'time_iter': 0.1094, 'accuracy': 1.0}
train: {'epoch': 168, 'eta': 29.0509, 'loss': 0.6023, 'lr': 0.0062, 'params': 632328, 'time_iter': 0.1112, 'accuracy': 1.0}
train: {'epoch': 169, 'eta': 28.9318, 'loss': 0.6017, 'lr': 0.0062, 'params': 632328, 'time_iter': 0.1307, 'accuracy': 1.0}
train: {'epoch': 170, 'eta': 28.7917, 'loss': 0.601, 'lr': 0.0062, 'params': 632328, 'time_iter': 0.1151, 'accuracy': 0.9995}
train: {'epoch': 171, 'eta': 28.8191, 'loss': 0.6004, 'lr': 0.0061, 'params': 632328, 'time_iter': 0.2413, 'accuracy': 0.9995}
train: {'epoch': 172, 'eta': 28.7964, 'loss': 0.5998, 'lr': 0.0061, 'params': 632328, 'time_iter': 0.2054, 'accuracy': 1.0}
train: {'epoch': 173, 'eta': 28.6901, 'loss': 0.5991, 'lr': 0.0061, 'params': 632328, 'time_iter': 0.1427, 'accuracy': 1.0}
train: {'epoch': 174, 'eta': 28.5818, 'loss': 0.5986, 'lr': 0.006, 'params': 632328, 'time_iter': 0.1415, 'accuracy': 1.0}
train: {'epoch': 175, 'eta': 28.4821, 'loss': 0.5981, 'lr': 0.006, 'params': 632328, 'time_iter': 0.1485, 'accuracy': 1.0}
train: {'epoch': 176, 'eta': 28.4686, 'loss': 0.5976, 'lr': 0.0059, 'params': 632328, 'time_iter': 0.2173, 'accuracy': 1.0}
train: {'epoch': 177, 'eta': 28.3677, 'loss': 0.5972, 'lr': 0.0059, 'params': 632328, 'time_iter': 0.1491, 'accuracy': 1.0}
train: {'epoch': 178, 'eta': 28.2429, 'loss': 0.5968, 'lr': 0.0059, 'params': 632328, 'time_iter': 0.1302, 'accuracy': 1.0}
train: {'epoch': 179, 'eta': 28.1603, 'loss': 0.5964, 'lr': 0.0058, 'params': 632328, 'time_iter': 0.1648, 'accuracy': 1.0}
val: {'epoch': 179, 'loss': 0.9617, 'lr': 0, 'params': 632328, 'time_iter': 0.0343, 'accuracy': 0.869}
train: {'epoch': 180, 'eta': 28.0078, 'loss': 0.5961, 'lr': 0.0058, 'params': 632328, 'time_iter': 0.1077, 'accuracy': 1.0}
train: {'epoch': 181, 'eta': 27.9668, 'loss': 0.5957, 'lr': 0.0057, 'params': 632328, 'time_iter': 0.2005, 'accuracy': 1.0}
train: {'epoch': 182, 'eta': 28.0547, 'loss': 0.5954, 'lr': 0.0057, 'params': 632328, 'time_iter': 0.3106, 'accuracy': 1.0}
train: {'epoch': 183, 'eta': 28.0037, 'loss': 0.5951, 'lr': 0.0057, 'params': 632328, 'time_iter': 0.1959, 'accuracy': 1.0}
train: {'epoch': 184, 'eta': 27.9146, 'loss': 0.5947, 'lr': 0.0056, 'params': 632328, 'time_iter': 0.1646, 'accuracy': 1.0}
train: {'epoch': 185, 'eta': 27.8083, 'loss': 0.5944, 'lr': 0.0056, 'params': 632328, 'time_iter': 0.1503, 'accuracy': 1.0}
train: {'epoch': 186, 'eta': 27.6697, 'loss': 0.5941, 'lr': 0.0055, 'params': 632328, 'time_iter': 0.1224, 'accuracy': 1.0}
train: {'epoch': 187, 'eta': 27.5642, 'loss': 0.5938, 'lr': 0.0055, 'params': 632328, 'time_iter': 0.1515, 'accuracy': 1.0}
train: {'epoch': 188, 'eta': 27.716, 'loss': 0.5935, 'lr': 0.0055, 'params': 632328, 'time_iter': 0.3825, 'accuracy': 1.0}
train: {'epoch': 189, 'eta': 27.6934, 'loss': 0.5932, 'lr': 0.0054, 'params': 632328, 'time_iter': 0.2297, 'accuracy': 1.0}
train: {'epoch': 190, 'eta': 27.6516, 'loss': 0.5929, 'lr': 0.0054, 'params': 632328, 'time_iter': 0.2142, 'accuracy': 1.0}
train: {'epoch': 191, 'eta': 27.6614, 'loss': 0.5926, 'lr': 0.0054, 'params': 632328, 'time_iter': 0.2635, 'accuracy': 1.0}
train: {'epoch': 192, 'eta': 27.5839, 'loss': 0.5923, 'lr': 0.0053, 'params': 632328, 'time_iter': 0.1847, 'accuracy': 1.0}
train: {'epoch': 193, 'eta': 27.7494, 'loss': 0.5921, 'lr': 0.0053, 'params': 632328, 'time_iter': 0.4146, 'accuracy': 1.0}
train: {'epoch': 194, 'eta': 27.7075, 'loss': 0.5918, 'lr': 0.0052, 'params': 632328, 'time_iter': 0.223, 'accuracy': 1.0}
train: {'epoch': 195, 'eta': 27.749, 'loss': 0.5915, 'lr': 0.0052, 'params': 632328, 'time_iter': 0.3049, 'accuracy': 1.0}
train: {'epoch': 196, 'eta': 27.6556, 'loss': 0.5913, 'lr': 0.0052, 'params': 632328, 'time_iter': 0.1774, 'accuracy': 1.0}
train: {'epoch': 197, 'eta': 27.5882, 'loss': 0.591, 'lr': 0.0051, 'params': 632328, 'time_iter': 0.2037, 'accuracy': 1.0}
train: {'epoch': 198, 'eta': 27.4911, 'loss': 0.5908, 'lr': 0.0051, 'params': 632328, 'time_iter': 0.1756, 'accuracy': 1.0}
train: {'epoch': 199, 'eta': 27.4312, 'loss': 0.5906, 'lr': 0.005, 'params': 632328, 'time_iter': 0.2137, 'accuracy': 1.0}
val: {'epoch': 199, 'loss': 0.9815, 'lr': 0, 'params': 632328, 'time_iter': 0.0728, 'accuracy': 0.8616}
train: {'epoch': 200, 'eta': 27.3184, 'loss': 0.5904, 'lr': 0.005, 'params': 632328, 'time_iter': 0.1618, 'accuracy': 1.0}
train: {'epoch': 201, 'eta': 27.1994, 'loss': 0.5901, 'lr': 0.005, 'params': 632328, 'time_iter': 0.156, 'accuracy': 1.0}
train: {'epoch': 202, 'eta': 27.1035, 'loss': 0.5899, 'lr': 0.0049, 'params': 632328, 'time_iter': 0.18, 'accuracy': 1.0}
train: {'epoch': 203, 'eta': 27.0406, 'loss': 0.5897, 'lr': 0.0049, 'params': 632328, 'time_iter': 0.2153, 'accuracy': 1.0}
train: {'epoch': 204, 'eta': 26.9544, 'loss': 0.5896, 'lr': 0.0048, 'params': 632328, 'time_iter': 0.1924, 'accuracy': 1.0}
train: {'epoch': 205, 'eta': 26.8358, 'loss': 0.5895, 'lr': 0.0048, 'params': 632328, 'time_iter': 0.1591, 'accuracy': 1.0}
train: {'epoch': 206, 'eta': 26.6936, 'loss': 0.5898, 'lr': 0.0048, 'params': 632328, 'time_iter': 0.1342, 'accuracy': 1.0}
train: {'epoch': 207, 'eta': 26.6192, 'loss': 0.5904, 'lr': 0.0047, 'params': 632328, 'time_iter': 0.2075, 'accuracy': 1.0}
train: {'epoch': 208, 'eta': 26.5079, 'loss': 0.5952, 'lr': 0.0047, 'params': 632328, 'time_iter': 0.1686, 'accuracy': 0.9982}
train: {'epoch': 209, 'eta': 26.3575, 'loss': 0.594, 'lr': 0.0046, 'params': 632328, 'time_iter': 0.126, 'accuracy': 0.9991}
train: {'epoch': 210, 'eta': 26.1966, 'loss': 0.5963, 'lr': 0.0046, 'params': 632328, 'time_iter': 0.1139, 'accuracy': 0.9977}
train: {'epoch': 211, 'eta': 26.0386, 'loss': 0.5961, 'lr': 0.0046, 'params': 632328, 'time_iter': 0.1167, 'accuracy': 0.9977}
train: {'epoch': 212, 'eta': 25.8716, 'loss': 0.5945, 'lr': 0.0045, 'params': 632328, 'time_iter': 0.1061, 'accuracy': 0.9995}
train: {'epoch': 213, 'eta': 25.7096, 'loss': 0.5934, 'lr': 0.0045, 'params': 632328, 'time_iter': 0.1112, 'accuracy': 0.9995}
train: {'epoch': 214, 'eta': 25.5551, 'loss': 0.5926, 'lr': 0.0045, 'params': 632328, 'time_iter': 0.1193, 'accuracy': 1.0}
train: {'epoch': 215, 'eta': 25.4605, 'loss': 0.5916, 'lr': 0.0044, 'params': 632328, 'time_iter': 0.1892, 'accuracy': 1.0}
train: {'epoch': 216, 'eta': 25.3239, 'loss': 0.5909, 'lr': 0.0044, 'params': 632328, 'time_iter': 0.1405, 'accuracy': 1.0}
train: {'epoch': 217, 'eta': 25.2223, 'loss': 0.5908, 'lr': 0.0043, 'params': 632328, 'time_iter': 0.1825, 'accuracy': 1.0}
train: {'epoch': 218, 'eta': 25.0919, 'loss': 0.5903, 'lr': 0.0043, 'params': 632328, 'time_iter': 0.1485, 'accuracy': 1.0}
train: {'epoch': 219, 'eta': 24.9575, 'loss': 0.5901, 'lr': 0.0043, 'params': 632328, 'time_iter': 0.1438, 'accuracy': 1.0}
val: {'epoch': 219, 'loss': 0.9988, 'lr': 0, 'params': 632328, 'time_iter': 0.047, 'accuracy': 0.8635}
train: {'epoch': 220, 'eta': 24.8156, 'loss': 0.5897, 'lr': 0.0042, 'params': 632328, 'time_iter': 0.1346, 'accuracy': 1.0}
train: {'epoch': 221, 'eta': 24.6599, 'loss': 0.5893, 'lr': 0.0042, 'params': 632328, 'time_iter': 0.1174, 'accuracy': 1.0}
train: {'epoch': 222, 'eta': 24.4976, 'loss': 0.589, 'lr': 0.0041, 'params': 632328, 'time_iter': 0.1087, 'accuracy': 1.0}
train: {'epoch': 223, 'eta': 24.3397, 'loss': 0.5887, 'lr': 0.0041, 'params': 632328, 'time_iter': 0.1135, 'accuracy': 1.0}
train: {'epoch': 224, 'eta': 24.1777, 'loss': 0.5885, 'lr': 0.0041, 'params': 632328, 'time_iter': 0.1079, 'accuracy': 1.0}
train: {'epoch': 225, 'eta': 24.0162, 'loss': 0.5883, 'lr': 0.004, 'params': 632328, 'time_iter': 0.1078, 'accuracy': 1.0}
train: {'epoch': 226, 'eta': 23.8645, 'loss': 0.5881, 'lr': 0.004, 'params': 632328, 'time_iter': 0.1201, 'accuracy': 1.0}
train: {'epoch': 227, 'eta': 23.7009, 'loss': 0.5878, 'lr': 0.0039, 'params': 632328, 'time_iter': 0.104, 'accuracy': 1.0}
train: {'epoch': 228, 'eta': 23.5405, 'loss': 0.5876, 'lr': 0.0039, 'params': 632328, 'time_iter': 0.1074, 'accuracy': 1.0}
train: {'epoch': 229, 'eta': 23.3938, 'loss': 0.5874, 'lr': 0.0039, 'params': 632328, 'time_iter': 0.1254, 'accuracy': 1.0}
train: {'epoch': 230, 'eta': 23.2543, 'loss': 0.5872, 'lr': 0.0038, 'params': 632328, 'time_iter': 0.1351, 'accuracy': 1.0}
train: {'epoch': 231, 'eta': 23.0978, 'loss': 0.587, 'lr': 0.0038, 'params': 632328, 'time_iter': 0.1115, 'accuracy': 1.0}
train: {'epoch': 232, 'eta': 22.9363, 'loss': 0.5869, 'lr': 0.0038, 'params': 632328, 'time_iter': 0.104, 'accuracy': 1.0}
train: {'epoch': 233, 'eta': 22.7972, 'loss': 0.5867, 'lr': 0.0037, 'params': 632328, 'time_iter': 0.1348, 'accuracy': 1.0}
train: {'epoch': 234, 'eta': 22.6598, 'loss': 0.5866, 'lr': 0.0037, 'params': 632328, 'time_iter': 0.1373, 'accuracy': 1.0}
train: {'epoch': 235, 'eta': 22.5046, 'loss': 0.5865, 'lr': 0.0036, 'params': 632328, 'time_iter': 0.1116, 'accuracy': 1.0}
train: {'epoch': 236, 'eta': 22.3506, 'loss': 0.5863, 'lr': 0.0036, 'params': 632328, 'time_iter': 0.1129, 'accuracy': 1.0}
train: {'epoch': 237, 'eta': 22.1855, 'loss': 0.5862, 'lr': 0.0036, 'params': 632328, 'time_iter': 0.096, 'accuracy': 1.0}
train: {'epoch': 238, 'eta': 22.0412, 'loss': 0.5861, 'lr': 0.0035, 'params': 632328, 'time_iter': 0.126, 'accuracy': 1.0}
train: {'epoch': 239, 'eta': 21.8748, 'loss': 0.586, 'lr': 0.0035, 'params': 632328, 'time_iter': 0.0926, 'accuracy': 1.0}
val: {'epoch': 239, 'loss': 1.0084, 'lr': 0, 'params': 632328, 'time_iter': 0.0417, 'accuracy': 0.8653}
train: {'epoch': 240, 'eta': 21.7563, 'loss': 0.5859, 'lr': 0.0035, 'params': 632328, 'time_iter': 0.1644, 'accuracy': 1.0}
train: {'epoch': 241, 'eta': 21.607, 'loss': 0.5858, 'lr': 0.0034, 'params': 632328, 'time_iter': 0.1177, 'accuracy': 1.0}
train: {'epoch': 242, 'eta': 21.4446, 'loss': 0.5857, 'lr': 0.0034, 'params': 632328, 'time_iter': 0.097, 'accuracy': 1.0}
train: {'epoch': 243, 'eta': 21.2867, 'loss': 0.5856, 'lr': 0.0033, 'params': 632328, 'time_iter': 0.1033, 'accuracy': 1.0}
train: {'epoch': 244, 'eta': 21.131, 'loss': 0.5855, 'lr': 0.0033, 'params': 632328, 'time_iter': 0.106, 'accuracy': 1.0}
train: {'epoch': 245, 'eta': 20.9709, 'loss': 0.5854, 'lr': 0.0033, 'params': 632328, 'time_iter': 0.0983, 'accuracy': 1.0}
train: {'epoch': 246, 'eta': 20.8238, 'loss': 0.5854, 'lr': 0.0032, 'params': 632328, 'time_iter': 0.1185, 'accuracy': 1.0}
train: {'epoch': 247, 'eta': 20.6618, 'loss': 0.5853, 'lr': 0.0032, 'params': 632328, 'time_iter': 0.094, 'accuracy': 1.0}
train: {'epoch': 248, 'eta': 20.5121, 'loss': 0.5852, 'lr': 0.0032, 'params': 632328, 'time_iter': 0.1131, 'accuracy': 1.0}
train: {'epoch': 249, 'eta': 20.3598, 'loss': 0.5851, 'lr': 0.0031, 'params': 632328, 'time_iter': 0.1084, 'accuracy': 1.0}
train: {'epoch': 250, 'eta': 20.2083, 'loss': 0.5851, 'lr': 0.0031, 'params': 632328, 'time_iter': 0.1092, 'accuracy': 1.0}
train: {'epoch': 251, 'eta': 20.0519, 'loss': 0.585, 'lr': 0.0031, 'params': 632328, 'time_iter': 0.1002, 'accuracy': 1.0}
train: {'epoch': 252, 'eta': 19.9052, 'loss': 0.5849, 'lr': 0.003, 'params': 632328, 'time_iter': 0.1162, 'accuracy': 1.0}
train: {'epoch': 253, 'eta': 19.7608, 'loss': 0.5849, 'lr': 0.003, 'params': 632328, 'time_iter': 0.1197, 'accuracy': 1.0}
train: {'epoch': 254, 'eta': 19.6339, 'loss': 0.5848, 'lr': 0.0029, 'params': 632328, 'time_iter': 0.1501, 'accuracy': 1.0}
train: {'epoch': 255, 'eta': 19.5129, 'loss': 0.5848, 'lr': 0.0029, 'params': 632328, 'time_iter': 0.1611, 'accuracy': 1.0}
train: {'epoch': 256, 'eta': 19.4299, 'loss': 0.5847, 'lr': 0.0029, 'params': 632328, 'time_iter': 0.2299, 'accuracy': 1.0}
train: {'epoch': 257, 'eta': 19.3922, 'loss': 0.5847, 'lr': 0.0028, 'params': 632328, 'time_iter': 0.3142, 'accuracy': 1.0}
train: {'epoch': 258, 'eta': 19.2738, 'loss': 0.5846, 'lr': 0.0028, 'params': 632328, 'time_iter': 0.1698, 'accuracy': 1.0}
train: {'epoch': 259, 'eta': 19.1595, 'loss': 0.5846, 'lr': 0.0028, 'params': 632328, 'time_iter': 0.1783, 'accuracy': 1.0}
val: {'epoch': 259, 'loss': 1.0165, 'lr': 0, 'params': 632328, 'time_iter': 0.0568, 'accuracy': 0.8672}
train: {'epoch': 260, 'eta': 19.026, 'loss': 0.5845, 'lr': 0.0027, 'params': 632328, 'time_iter': 0.1431, 'accuracy': 1.0}
train: {'epoch': 261, 'eta': 18.8927, 'loss': 0.5845, 'lr': 0.0027, 'params': 632328, 'time_iter': 0.1437, 'accuracy': 1.0}
train: {'epoch': 262, 'eta': 18.7589, 'loss': 0.5845, 'lr': 0.0027, 'params': 632328, 'time_iter': 0.1428, 'accuracy': 1.0}
train: {'epoch': 263, 'eta': 18.612, 'loss': 0.5844, 'lr': 0.0026, 'params': 632328, 'time_iter': 0.1177, 'accuracy': 1.0}
train: {'epoch': 264, 'eta': 18.467, 'loss': 0.5843, 'lr': 0.0026, 'params': 632328, 'time_iter': 0.1208, 'accuracy': 1.0}
train: {'epoch': 265, 'eta': 18.3138, 'loss': 0.5843, 'lr': 0.0026, 'params': 632328, 'time_iter': 0.1043, 'accuracy': 1.0}
train: {'epoch': 266, 'eta': 18.1678, 'loss': 0.5843, 'lr': 0.0025, 'params': 632328, 'time_iter': 0.118, 'accuracy': 1.0}
train: {'epoch': 267, 'eta': 18.012, 'loss': 0.5842, 'lr': 0.0025, 'params': 632328, 'time_iter': 0.0977, 'accuracy': 1.0}
train: {'epoch': 268, 'eta': 17.865, 'loss': 0.5841, 'lr': 0.0025, 'params': 632328, 'time_iter': 0.1148, 'accuracy': 1.0}
train: {'epoch': 269, 'eta': 17.7095, 'loss': 0.5841, 'lr': 0.0024, 'params': 632328, 'time_iter': 0.0966, 'accuracy': 1.0}
train: {'epoch': 270, 'eta': 17.564, 'loss': 0.5842, 'lr': 0.0024, 'params': 632328, 'time_iter': 0.1167, 'accuracy': 1.0}
train: {'epoch': 271, 'eta': 17.4123, 'loss': 0.5843, 'lr': 0.0024, 'params': 632328, 'time_iter': 0.1031, 'accuracy': 1.0}
train: {'epoch': 272, 'eta': 17.263, 'loss': 0.5845, 'lr': 0.0023, 'params': 632328, 'time_iter': 0.1077, 'accuracy': 1.0}
train: {'epoch': 273, 'eta': 17.1137, 'loss': 0.5845, 'lr': 0.0023, 'params': 632328, 'time_iter': 0.1067, 'accuracy': 1.0}
train: {'epoch': 274, 'eta': 16.9746, 'loss': 0.5842, 'lr': 0.0023, 'params': 632328, 'time_iter': 0.1288, 'accuracy': 1.0}
train: {'epoch': 275, 'eta': 16.8249, 'loss': 0.5843, 'lr': 0.0022, 'params': 632328, 'time_iter': 0.1047, 'accuracy': 1.0}
train: {'epoch': 276, 'eta': 16.673, 'loss': 0.5845, 'lr': 0.0022, 'params': 632328, 'time_iter': 0.0992, 'accuracy': 1.0}
train: {'epoch': 277, 'eta': 16.5212, 'loss': 0.5843, 'lr': 0.0022, 'params': 632328, 'time_iter': 0.0984, 'accuracy': 1.0}
train: {'epoch': 278, 'eta': 16.3712, 'loss': 0.5841, 'lr': 0.0021, 'params': 632328, 'time_iter': 0.1019, 'accuracy': 1.0}
train: {'epoch': 279, 'eta': 16.2204, 'loss': 0.5841, 'lr': 0.0021, 'params': 632328, 'time_iter': 0.099, 'accuracy': 1.0}
val: {'epoch': 279, 'loss': 1.027, 'lr': 0, 'params': 632328, 'time_iter': 0.0452, 'accuracy': 0.869}
train: {'epoch': 280, 'eta': 16.0716, 'loss': 0.5839, 'lr': 0.0021, 'params': 632328, 'time_iter': 0.103, 'accuracy': 1.0}
train: {'epoch': 281, 'eta': 15.9205, 'loss': 0.5839, 'lr': 0.002, 'params': 632328, 'time_iter': 0.0967, 'accuracy': 1.0}
train: {'epoch': 282, 'eta': 15.774, 'loss': 0.5839, 'lr': 0.002, 'params': 632328, 'time_iter': 0.1071, 'accuracy': 1.0}
train: {'epoch': 283, 'eta': 15.6255, 'loss': 0.5838, 'lr': 0.002, 'params': 632328, 'time_iter': 0.1012, 'accuracy': 1.0}
train: {'epoch': 284, 'eta': 15.4772, 'loss': 0.5838, 'lr': 0.0019, 'params': 632328, 'time_iter': 0.1009, 'accuracy': 1.0}
train: {'epoch': 285, 'eta': 15.3311, 'loss': 0.5838, 'lr': 0.0019, 'params': 632328, 'time_iter': 0.1058, 'accuracy': 1.0}
train: {'epoch': 286, 'eta': 15.182, 'loss': 0.5838, 'lr': 0.0019, 'params': 632328, 'time_iter': 0.0973, 'accuracy': 1.0}
train: {'epoch': 287, 'eta': 15.0366, 'loss': 0.5838, 'lr': 0.0018, 'params': 632328, 'time_iter': 0.106, 'accuracy': 1.0}
train: {'epoch': 288, 'eta': 14.8957, 'loss': 0.5836, 'lr': 0.0018, 'params': 632328, 'time_iter': 0.1169, 'accuracy': 1.0}
train: {'epoch': 289, 'eta': 14.7493, 'loss': 0.5837, 'lr': 0.0018, 'params': 632328, 'time_iter': 0.102, 'accuracy': 1.0}
train: {'epoch': 290, 'eta': 14.6044, 'loss': 0.5836, 'lr': 0.0018, 'params': 632328, 'time_iter': 0.1052, 'accuracy': 1.0}
train: {'epoch': 291, 'eta': 14.4673, 'loss': 0.5835, 'lr': 0.0017, 'params': 632328, 'time_iter': 0.1256, 'accuracy': 1.0}
train: {'epoch': 292, 'eta': 14.3312, 'loss': 0.5835, 'lr': 0.0017, 'params': 632328, 'time_iter': 0.128, 'accuracy': 1.0}
train: {'epoch': 293, 'eta': 14.1935, 'loss': 0.5834, 'lr': 0.0017, 'params': 632328, 'time_iter': 0.1236, 'accuracy': 1.0}
train: {'epoch': 294, 'eta': 14.0551, 'loss': 0.5834, 'lr': 0.0016, 'params': 632328, 'time_iter': 0.1214, 'accuracy': 1.0}
train: {'epoch': 295, 'eta': 13.9194, 'loss': 0.5834, 'lr': 0.0016, 'params': 632328, 'time_iter': 0.1285, 'accuracy': 1.0}
train: {'epoch': 296, 'eta': 13.7791, 'loss': 0.5834, 'lr': 0.0016, 'params': 632328, 'time_iter': 0.1152, 'accuracy': 1.0}
train: {'epoch': 297, 'eta': 13.6545, 'loss': 0.5834, 'lr': 0.0015, 'params': 632328, 'time_iter': 0.1607, 'accuracy': 1.0}
train: {'epoch': 298, 'eta': 13.5144, 'loss': 0.5833, 'lr': 0.0015, 'params': 632328, 'time_iter': 0.1153, 'accuracy': 1.0}
train: {'epoch': 299, 'eta': 13.3685, 'loss': 0.5833, 'lr': 0.0015, 'params': 632328, 'time_iter': 0.0976, 'accuracy': 1.0}
val: {'epoch': 299, 'loss': 1.0366, 'lr': 0, 'params': 632328, 'time_iter': 0.0419, 'accuracy': 0.869}
train: {'epoch': 300, 'eta': 13.2212, 'loss': 0.5833, 'lr': 0.0015, 'params': 632328, 'time_iter': 0.0923, 'accuracy': 1.0}
train: {'epoch': 301, 'eta': 13.0806, 'loss': 0.5832, 'lr': 0.0014, 'params': 632328, 'time_iter': 0.1119, 'accuracy': 1.0}
train: {'epoch': 302, 'eta': 12.9384, 'loss': 0.5832, 'lr': 0.0014, 'params': 632328, 'time_iter': 0.1062, 'accuracy': 1.0}
train: {'epoch': 303, 'eta': 12.7956, 'loss': 0.5832, 'lr': 0.0014, 'params': 632328, 'time_iter': 0.1036, 'accuracy': 1.0}
train: {'epoch': 304, 'eta': 12.663, 'loss': 0.5832, 'lr': 0.0014, 'params': 632328, 'time_iter': 0.1354, 'accuracy': 1.0}
train: {'epoch': 305, 'eta': 12.532, 'loss': 0.5831, 'lr': 0.0013, 'params': 632328, 'time_iter': 0.1409, 'accuracy': 1.0}
train: {'epoch': 306, 'eta': 12.4503, 'loss': 0.5831, 'lr': 0.0013, 'params': 632328, 'time_iter': 0.3035, 'accuracy': 1.0}
train: {'epoch': 307, 'eta': 12.3224, 'loss': 0.5831, 'lr': 0.0013, 'params': 632328, 'time_iter': 0.1539, 'accuracy': 1.0}
train: {'epoch': 308, 'eta': 12.1825, 'loss': 0.5831, 'lr': 0.0012, 'params': 632328, 'time_iter': 0.1137, 'accuracy': 1.0}
train: {'epoch': 309, 'eta': 12.0457, 'loss': 0.5831, 'lr': 0.0012, 'params': 632328, 'time_iter': 0.1238, 'accuracy': 1.0}
train: {'epoch': 310, 'eta': 11.9131, 'loss': 0.583, 'lr': 0.0012, 'params': 632328, 'time_iter': 0.1382, 'accuracy': 1.0}
train: {'epoch': 311, 'eta': 11.7724, 'loss': 0.583, 'lr': 0.0012, 'params': 632328, 'time_iter': 0.1097, 'accuracy': 1.0}
train: {'epoch': 312, 'eta': 11.6342, 'loss': 0.583, 'lr': 0.0011, 'params': 632328, 'time_iter': 0.1176, 'accuracy': 1.0}
train: {'epoch': 313, 'eta': 11.494, 'loss': 0.583, 'lr': 0.0011, 'params': 632328, 'time_iter': 0.1102, 'accuracy': 1.0}
train: {'epoch': 314, 'eta': 11.3564, 'loss': 0.583, 'lr': 0.0011, 'params': 632328, 'time_iter': 0.1189, 'accuracy': 1.0}
train: {'epoch': 315, 'eta': 11.2218, 'loss': 0.583, 'lr': 0.0011, 'params': 632328, 'time_iter': 0.1299, 'accuracy': 1.0}
train: {'epoch': 316, 'eta': 11.0943, 'loss': 0.5829, 'lr': 0.001, 'params': 632328, 'time_iter': 0.1569, 'accuracy': 1.0}
train: {'epoch': 317, 'eta': 10.9513, 'loss': 0.5829, 'lr': 0.001, 'params': 632328, 'time_iter': 0.0976, 'accuracy': 1.0}
train: {'epoch': 318, 'eta': 10.8686, 'loss': 0.5829, 'lr': 0.001, 'params': 632328, 'time_iter': 0.3339, 'accuracy': 1.0}
train: {'epoch': 319, 'eta': 10.7439, 'loss': 0.5829, 'lr': 0.001, 'params': 632328, 'time_iter': 0.172, 'accuracy': 1.0}
val: {'epoch': 319, 'loss': 1.0386, 'lr': 0, 'params': 632328, 'time_iter': 0.0485, 'accuracy': 0.869}
train: {'epoch': 320, 'eta': 10.6093, 'loss': 0.5829, 'lr': 0.001, 'params': 632328, 'time_iter': 0.1332, 'accuracy': 1.0}
train: {'epoch': 321, 'eta': 10.4786, 'loss': 0.5829, 'lr': 0.0009, 'params': 632328, 'time_iter': 0.149, 'accuracy': 1.0}
train: {'epoch': 322, 'eta': 10.3411, 'loss': 0.5829, 'lr': 0.0009, 'params': 632328, 'time_iter': 0.1209, 'accuracy': 1.0}
train: {'epoch': 323, 'eta': 10.2089, 'loss': 0.5828, 'lr': 0.0009, 'params': 632328, 'time_iter': 0.1434, 'accuracy': 1.0}
train: {'epoch': 324, 'eta': 10.0717, 'loss': 0.5828, 'lr': 0.0009, 'params': 632328, 'time_iter': 0.1218, 'accuracy': 1.0}
train: {'epoch': 325, 'eta': 9.9328, 'loss': 0.5828, 'lr': 0.0008, 'params': 632328, 'time_iter': 0.1142, 'accuracy': 1.0}
train: {'epoch': 326, 'eta': 9.8158, 'loss': 0.5828, 'lr': 0.0008, 'params': 632328, 'time_iter': 0.2116, 'accuracy': 1.0}
train: {'epoch': 327, 'eta': 9.7023, 'loss': 0.5828, 'lr': 0.0008, 'params': 632328, 'time_iter': 0.2297, 'accuracy': 1.0}
train: {'epoch': 328, 'eta': 9.5883, 'loss': 0.5828, 'lr': 0.0008, 'params': 632328, 'time_iter': 0.2308, 'accuracy': 1.0}
train: {'epoch': 329, 'eta': 9.4815, 'loss': 0.5828, 'lr': 0.0008, 'params': 632328, 'time_iter': 0.2682, 'accuracy': 1.0}
train: {'epoch': 330, 'eta': 9.3628, 'loss': 0.5828, 'lr': 0.0007, 'params': 632328, 'time_iter': 0.2159, 'accuracy': 1.0}
train: {'epoch': 331, 'eta': 9.2497, 'loss': 0.5828, 'lr': 0.0007, 'params': 632328, 'time_iter': 0.2462, 'accuracy': 1.0}
train: {'epoch': 332, 'eta': 9.107, 'loss': 0.5828, 'lr': 0.0007, 'params': 632328, 'time_iter': 0.1026, 'accuracy': 1.0}
train: {'epoch': 333, 'eta': 8.9724, 'loss': 0.5828, 'lr': 0.0007, 'params': 632328, 'time_iter': 0.1425, 'accuracy': 1.0}
train: {'epoch': 334, 'eta': 8.8384, 'loss': 0.5827, 'lr': 0.0007, 'params': 632328, 'time_iter': 0.1464, 'accuracy': 1.0}
train: {'epoch': 335, 'eta': 8.7004, 'loss': 0.5827, 'lr': 0.0006, 'params': 632328, 'time_iter': 0.1251, 'accuracy': 1.0}
train: {'epoch': 336, 'eta': 8.5643, 'loss': 0.5827, 'lr': 0.0006, 'params': 632328, 'time_iter': 0.1349, 'accuracy': 1.0}
train: {'epoch': 337, 'eta': 8.4215, 'loss': 0.5827, 'lr': 0.0006, 'params': 632328, 'time_iter': 0.0986, 'accuracy': 1.0}
train: {'epoch': 338, 'eta': 8.2806, 'loss': 0.5827, 'lr': 0.0006, 'params': 632328, 'time_iter': 0.1081, 'accuracy': 1.0}
train: {'epoch': 339, 'eta': 8.1397, 'loss': 0.5827, 'lr': 0.0006, 'params': 632328, 'time_iter': 0.1061, 'accuracy': 1.0}
val: {'epoch': 339, 'loss': 1.0409, 'lr': 0, 'params': 632328, 'time_iter': 0.0484, 'accuracy': 0.8708}
train: {'epoch': 340, 'eta': 7.9997, 'loss': 0.5827, 'lr': 0.0005, 'params': 632328, 'time_iter': 0.1106, 'accuracy': 1.0}
train: {'epoch': 341, 'eta': 7.8602, 'loss': 0.5827, 'lr': 0.0005, 'params': 632328, 'time_iter': 0.113, 'accuracy': 1.0}
train: {'epoch': 342, 'eta': 7.7214, 'loss': 0.5827, 'lr': 0.0005, 'params': 632328, 'time_iter': 0.1152, 'accuracy': 1.0}
train: {'epoch': 343, 'eta': 7.5838, 'loss': 0.5827, 'lr': 0.0005, 'params': 632328, 'time_iter': 0.1228, 'accuracy': 1.0}
train: {'epoch': 344, 'eta': 7.4426, 'loss': 0.5827, 'lr': 0.0005, 'params': 632328, 'time_iter': 0.0991, 'accuracy': 1.0}
train: {'epoch': 345, 'eta': 7.3036, 'loss': 0.5827, 'lr': 0.0005, 'params': 632328, 'time_iter': 0.1115, 'accuracy': 1.0}
train: {'epoch': 346, 'eta': 7.1639, 'loss': 0.5827, 'lr': 0.0004, 'params': 632328, 'time_iter': 0.1064, 'accuracy': 1.0}
train: {'epoch': 347, 'eta': 7.0235, 'loss': 0.5827, 'lr': 0.0004, 'params': 632328, 'time_iter': 0.0999, 'accuracy': 1.0}
train: {'epoch': 348, 'eta': 6.8837, 'loss': 0.5827, 'lr': 0.0004, 'params': 632328, 'time_iter': 0.1027, 'accuracy': 1.0}
train: {'epoch': 349, 'eta': 6.7432, 'loss': 0.5827, 'lr': 0.0004, 'params': 632328, 'time_iter': 0.0965, 'accuracy': 1.0}
train: {'epoch': 350, 'eta': 6.6057, 'loss': 0.5827, 'lr': 0.0004, 'params': 632328, 'time_iter': 0.116, 'accuracy': 1.0}
train: {'epoch': 351, 'eta': 6.4663, 'loss': 0.5826, 'lr': 0.0004, 'params': 632328, 'time_iter': 0.1011, 'accuracy': 1.0}
train: {'epoch': 352, 'eta': 6.3291, 'loss': 0.5826, 'lr': 0.0004, 'params': 632328, 'time_iter': 0.1159, 'accuracy': 1.0}
train: {'epoch': 353, 'eta': 6.1906, 'loss': 0.5826, 'lr': 0.0003, 'params': 632328, 'time_iter': 0.1053, 'accuracy': 1.0}
train: {'epoch': 354, 'eta': 6.0529, 'loss': 0.5826, 'lr': 0.0003, 'params': 632328, 'time_iter': 0.11, 'accuracy': 1.0}
train: {'epoch': 355, 'eta': 5.9153, 'loss': 0.5826, 'lr': 0.0003, 'params': 632328, 'time_iter': 0.1092, 'accuracy': 1.0}
train: {'epoch': 356, 'eta': 5.7773, 'loss': 0.5826, 'lr': 0.0003, 'params': 632328, 'time_iter': 0.1048, 'accuracy': 1.0}
train: {'epoch': 357, 'eta': 5.6384, 'loss': 0.5826, 'lr': 0.0003, 'params': 632328, 'time_iter': 0.0959, 'accuracy': 1.0}
train: {'epoch': 358, 'eta': 5.5011, 'loss': 0.5826, 'lr': 0.0003, 'params': 632328, 'time_iter': 0.1074, 'accuracy': 1.0}
train: {'epoch': 359, 'eta': 5.3628, 'loss': 0.5826, 'lr': 0.0003, 'params': 632328, 'time_iter': 0.0972, 'accuracy': 1.0}
val: {'epoch': 359, 'loss': 1.0426, 'lr': 0, 'params': 632328, 'time_iter': 0.0488, 'accuracy': 0.8727}
train: {'epoch': 360, 'eta': 5.2246, 'loss': 0.5826, 'lr': 0.0002, 'params': 632328, 'time_iter': 0.0956, 'accuracy': 1.0}
train: {'epoch': 361, 'eta': 5.0887, 'loss': 0.5826, 'lr': 0.0002, 'params': 632328, 'time_iter': 0.1163, 'accuracy': 1.0}
train: {'epoch': 362, 'eta': 4.9518, 'loss': 0.5826, 'lr': 0.0002, 'params': 632328, 'time_iter': 0.1039, 'accuracy': 1.0}
train: {'epoch': 363, 'eta': 4.8167, 'loss': 0.5826, 'lr': 0.0002, 'params': 632328, 'time_iter': 0.1215, 'accuracy': 1.0}
train: {'epoch': 364, 'eta': 4.6811, 'loss': 0.5826, 'lr': 0.0002, 'params': 632328, 'time_iter': 0.115, 'accuracy': 1.0}
train: {'epoch': 365, 'eta': 4.545, 'loss': 0.5826, 'lr': 0.0002, 'params': 632328, 'time_iter': 0.1083, 'accuracy': 1.0}
train: {'epoch': 366, 'eta': 4.4108, 'loss': 0.5826, 'lr': 0.0002, 'params': 632328, 'time_iter': 0.128, 'accuracy': 1.0}
train: {'epoch': 367, 'eta': 4.2754, 'loss': 0.5826, 'lr': 0.0002, 'params': 632328, 'time_iter': 0.1139, 'accuracy': 1.0}
train: {'epoch': 368, 'eta': 4.1427, 'loss': 0.5826, 'lr': 0.0002, 'params': 632328, 'time_iter': 0.1441, 'accuracy': 1.0}
train: {'epoch': 369, 'eta': 4.0085, 'loss': 0.5826, 'lr': 0.0001, 'params': 632328, 'time_iter': 0.1262, 'accuracy': 1.0}
train: {'epoch': 370, 'eta': 3.8726, 'loss': 0.5826, 'lr': 0.0001, 'params': 632328, 'time_iter': 0.1047, 'accuracy': 1.0}
train: {'epoch': 371, 'eta': 3.7374, 'loss': 0.5826, 'lr': 0.0001, 'params': 632328, 'time_iter': 0.1114, 'accuracy': 1.0}
train: {'epoch': 372, 'eta': 3.6015, 'loss': 0.5826, 'lr': 0.0001, 'params': 632328, 'time_iter': 0.1008, 'accuracy': 1.0}
train: {'epoch': 373, 'eta': 3.4665, 'loss': 0.5826, 'lr': 0.0001, 'params': 632328, 'time_iter': 0.1093, 'accuracy': 1.0}
train: {'epoch': 374, 'eta': 3.3308, 'loss': 0.5826, 'lr': 0.0001, 'params': 632328, 'time_iter': 0.0976, 'accuracy': 1.0}
train: {'epoch': 375, 'eta': 3.1968, 'loss': 0.5826, 'lr': 0.0001, 'params': 632328, 'time_iter': 0.1218, 'accuracy': 1.0}
train: {'epoch': 376, 'eta': 3.0628, 'loss': 0.5826, 'lr': 0.0001, 'params': 632328, 'time_iter': 0.1192, 'accuracy': 1.0}
train: {'epoch': 377, 'eta': 2.9281, 'loss': 0.5826, 'lr': 0.0001, 'params': 632328, 'time_iter': 0.108, 'accuracy': 1.0}
train: {'epoch': 378, 'eta': 2.7937, 'loss': 0.5826, 'lr': 0.0001, 'params': 632328, 'time_iter': 0.109, 'accuracy': 1.0}
train: {'epoch': 379, 'eta': 2.6594, 'loss': 0.5826, 'lr': 0.0001, 'params': 632328, 'time_iter': 0.1097, 'accuracy': 1.0}
val: {'epoch': 379, 'loss': 1.0436, 'lr': 0, 'params': 632328, 'time_iter': 0.054, 'accuracy': 0.8708}
train: {'epoch': 380, 'eta': 2.524, 'loss': 0.5826, 'lr': 0.0001, 'params': 632328, 'time_iter': 0.0844, 'accuracy': 1.0}
train: {'epoch': 381, 'eta': 2.39, 'loss': 0.5826, 'lr': 0.0001, 'params': 632328, 'time_iter': 0.1068, 'accuracy': 1.0}
train: {'epoch': 382, 'eta': 2.2559, 'loss': 0.5826, 'lr': 0.0, 'params': 632328, 'time_iter': 0.1034, 'accuracy': 1.0}
train: {'epoch': 383, 'eta': 2.122, 'loss': 0.5826, 'lr': 0.0, 'params': 632328, 'time_iter': 0.104, 'accuracy': 1.0}
train: {'epoch': 384, 'eta': 1.9883, 'loss': 0.5826, 'lr': 0.0, 'params': 632328, 'time_iter': 0.1044, 'accuracy': 1.0}
train: {'epoch': 385, 'eta': 1.8552, 'loss': 0.5826, 'lr': 0.0, 'params': 632328, 'time_iter': 0.119, 'accuracy': 1.0}
train: {'epoch': 386, 'eta': 1.7217, 'loss': 0.5826, 'lr': 0.0, 'params': 632328, 'time_iter': 0.1024, 'accuracy': 1.0}
train: {'epoch': 387, 'eta': 1.5892, 'loss': 0.5826, 'lr': 0.0, 'params': 632328, 'time_iter': 0.1294, 'accuracy': 1.0}
train: {'epoch': 388, 'eta': 1.4561, 'loss': 0.5826, 'lr': 0.0, 'params': 632328, 'time_iter': 0.1093, 'accuracy': 1.0}
train: {'epoch': 389, 'eta': 1.3234, 'loss': 0.5826, 'lr': 0.0, 'params': 632328, 'time_iter': 0.1188, 'accuracy': 1.0}
train: {'epoch': 390, 'eta': 1.1901, 'loss': 0.5826, 'lr': 0.0, 'params': 632328, 'time_iter': 0.0927, 'accuracy': 1.0}
train: {'epoch': 391, 'eta': 1.0573, 'loss': 0.5826, 'lr': 0.0, 'params': 632328, 'time_iter': 0.1029, 'accuracy': 1.0}
train: {'epoch': 392, 'eta': 0.9248, 'loss': 0.5826, 'lr': 0.0, 'params': 632328, 'time_iter': 0.1125, 'accuracy': 1.0}
train: {'epoch': 393, 'eta': 0.7921, 'loss': 0.5826, 'lr': 0.0, 'params': 632328, 'time_iter': 0.0985, 'accuracy': 1.0}
train: {'epoch': 394, 'eta': 0.6605, 'loss': 0.5826, 'lr': 0.0, 'params': 632328, 'time_iter': 0.1635, 'accuracy': 1.0}
train: {'epoch': 395, 'eta': 0.5283, 'loss': 0.5826, 'lr': 0.0, 'params': 632328, 'time_iter': 0.1226, 'accuracy': 1.0}
train: {'epoch': 396, 'eta': 0.396, 'loss': 0.5826, 'lr': 0.0, 'params': 632328, 'time_iter': 0.1003, 'accuracy': 1.0}
train: {'epoch': 397, 'eta': 0.2638, 'loss': 0.5826, 'lr': 0.0, 'params': 632328, 'time_iter': 0.0944, 'accuracy': 1.0}
train: {'epoch': 398, 'eta': 0.1318, 'loss': 0.5826, 'lr': 0.0, 'params': 632328, 'time_iter': 0.1074, 'accuracy': 1.0}
train: {'epoch': 399, 'eta': 0.0, 'loss': 0.5826, 'lr': 0.0, 'params': 632328, 'time_iter': 0.0936, 'accuracy': 1.0}
val: {'epoch': 399, 'loss': 1.044, 'lr': 0, 'params': 632328, 'time_iter': 0.0403, 'accuracy': 0.8708}
Task done, results saved in results/example_noneq_4
Results aggregated across runs saved in results/example_noneq_4/agg
