Load: 0.05994s, Before split: 0.0002s, Split: 0.001979s, After split: 0.001475s
GNN(
  (preprocess): Preprocess(
    node_feature: dim_out=1433
    Total: dim_out=1433
  )
  (pre_mp): GeneralMultiLayer(
    (Layer_0): GeneralLayer(
      (layer): Linear(
        (model): Linear(in_features=1433, out_features=256, bias=False)
      )
      (post_layer): Sequential(
        (0): BatchNorm1d(256, eps=1e-05, momentum=0.1, affine=True, track_running_stats=True)
        (1): PReLU(num_parameters=1)
      )
    )
  )
  (mp): GNNStackStage(
    (layer0): GeneralLayer(
      (layer): GeneralConv(
        (model): GeneralConvLayer(256, 256)
      )
      (post_layer): Sequential(
        (0): BatchNorm1d(256, eps=1e-05, momentum=0.1, affine=True, track_running_stats=True)
        (1): PReLU(num_parameters=1)
      )
    )
    (layer1): GeneralLayer(
      (layer): GeneralConv(
        (model): GeneralConvLayer(256, 256)
      )
      (post_layer): Sequential(
        (0): BatchNorm1d(256, eps=1e-05, momentum=0.1, affine=True, track_running_stats=True)
        (1): PReLU(num_parameters=1)
      )
    )
  )
  (post_mp): GNNNodeHead(
    (layer_post_mp): MLP(
      (model): Sequential(
        (0): Linear(
          (model): Linear(in_features=256, out_features=7, bias=True)
        )
      )
    )
  )
)
bn:
  eps: 1e-05
  mom: 0.1
cfg_dest: config.yaml
custom_metrics: []
dataset:
  augment_feature: []
  augment_feature_dims: []
  augment_feature_repr: position
  augment_label: 
  augment_label_dims: 0
  cache_load: False
  cache_save: False
  dir: ./datasets
  edge_dim: 128
  edge_encoder: False
  edge_encoder_bn: True
  edge_encoder_name: Bond
  edge_message_ratio: 0.8
  edge_negative_sampling_ratio: 1.0
  edge_train_mode: all
  encoder: True
  encoder_bn: True
  encoder_dim: 128
  encoder_name: db
  format: PyG
  label_column: none
  label_table: none
  location: local
  name: Cora
  node_encoder: False
  node_encoder_bn: True
  node_encoder_name: Atom
  remove_feature: False
  resample_disjoint: False
  resample_negative: False
  shuffle_split: True
  split: [0.8, 0.2]
  split_mode: random
  task: node
  task_type: classification
  to_undirected: False
  transductive: True
  transform: none
  tu_simple: True
device: cpu
example_arg: example
example_group:
  example_arg: example
gnn:
  act: prelu
  agg: add
  att_final_linear: False
  att_final_linear_bn: False
  att_heads: 1
  batchnorm: True
  clear_feature: True
  dim_inner: 256
  dropout: 0.0
  flow: source_to_target
  head: node
  keep_edge: 0.5
  l2norm: True
  layer_type: generalconv
  layers_mp: 2
  layers_post_mp: 1
  layers_pre_mp: 1
  msg_direction: single
  normalize_adj: False
  self_msg: concat
  skip_every: 1
  stage_type: stack
gpu_mem: False
mem:
  inplace: False
metric_agg: argmax
metric_best: auto
model:
  edge_decoding: dot
  graph_pooling: add
  loss_fun: cross_entropy
  match_upper: True
  size_average: mean
  thresh: 0.5
  type: gnn
num_threads: 6
num_workers: 0
optim:
  base_lr: 0.01
  lr_decay: 0.1
  max_epoch: 400
  momentum: 0.9
  optimizer: adam
  scheduler: cos
  steps: [30, 60, 90]
  weight_decay: 0.0005
out_dir: results/example_noneq_5
print: both
round: 4
run_dir: results/example_noneq_5/0
seed: 1
share:
  dim_in: 1433
  dim_out: 7
  num_splits: 2
tensorboard_agg: True
tensorboard_each_run: False
train:
  auto_resume: False
  batch_size: 32
  ckpt_clean: True
  ckpt_period: 100
  enable_ckpt: True
  energy_alpha: 1.2
  energy_beta: 0.3
  energy_reg: True
  epoch_resume: -1
  eval_period: 20
  iter_per_epoch: 32
  mode: standard
  neighbor_sizes: [20, 15, 10, 5]
  node_per_graph: 32
  radius: extend
  sample_node: False
  sampler: full_batch
  skip_train_eval: False
  walk_length: 4
val:
  node_per_graph: 32
  radius: extend
  sample_node: False
  sampler: full_batch
view_emb: False
Num parameters: 632328
Start from epoch 0
train: {'epoch': 0, 'eta': 64.3093, 'loss': 3.4054, 'lr': 0.01, 'params': 632328, 'time_iter': 0.1612, 'accuracy': 0.1302}
val: {'epoch': 0, 'loss': 3.0256, 'lr': 0, 'params': 632328, 'time_iter': 0.0244, 'accuracy': 0.3579}
train: {'epoch': 1, 'eta': 45.6563, 'loss': 2.8993, 'lr': 0.01, 'params': 632328, 'time_iter': 0.0683, 'accuracy': 0.627}
train: {'epoch': 2, 'eta': 42.579, 'loss': 2.5978, 'lr': 0.01, 'params': 632328, 'time_iter': 0.0923, 'accuracy': 0.7295}
train: {'epoch': 3, 'eta': 41.7986, 'loss': 2.3908, 'lr': 0.01, 'params': 632328, 'time_iter': 0.1005, 'accuracy': 0.7784}
train: {'epoch': 4, 'eta': 39.3272, 'loss': 2.2295, 'lr': 0.01, 'params': 632328, 'time_iter': 0.0756, 'accuracy': 0.8075}
train: {'epoch': 5, 'eta': 58.381, 'loss': 2.1316, 'lr': 0.01, 'params': 632328, 'time_iter': 0.3912, 'accuracy': 0.8435}
train: {'epoch': 6, 'eta': 61.4675, 'loss': 2.0433, 'lr': 0.01, 'params': 632328, 'time_iter': 0.2058, 'accuracy': 0.8523}
train: {'epoch': 7, 'eta': 70.7646, 'loss': 1.9598, 'lr': 0.01, 'params': 632328, 'time_iter': 0.3493, 'accuracy': 0.8813}
train: {'epoch': 8, 'eta': 72.3909, 'loss': 1.8877, 'lr': 0.01, 'params': 632328, 'time_iter': 0.2221, 'accuracy': 0.9026}
train: {'epoch': 9, 'eta': 74.792, 'loss': 1.8244, 'lr': 0.01, 'params': 632328, 'time_iter': 0.2515, 'accuracy': 0.91}
train: {'epoch': 10, 'eta': 73.7019, 'loss': 1.7722, 'lr': 0.01, 'params': 632328, 'time_iter': 0.1664, 'accuracy': 0.9178}
train: {'epoch': 11, 'eta': 72.4689, 'loss': 1.7226, 'lr': 0.01, 'params': 632328, 'time_iter': 0.1572, 'accuracy': 0.9215}
train: {'epoch': 12, 'eta': 74.829, 'loss': 1.685, 'lr': 0.01, 'params': 632328, 'time_iter': 0.2723, 'accuracy': 0.9257}
train: {'epoch': 13, 'eta': 73.5153, 'loss': 1.6516, 'lr': 0.01, 'params': 632328, 'time_iter': 0.1527, 'accuracy': 0.9317}
train: {'epoch': 14, 'eta': 72.6138, 'loss': 1.6177, 'lr': 0.01, 'params': 632328, 'time_iter': 0.1627, 'accuracy': 0.9349}
train: {'epoch': 15, 'eta': 70.4859, 'loss': 1.5901, 'lr': 0.01, 'params': 632328, 'time_iter': 0.1078, 'accuracy': 0.9358}
train: {'epoch': 16, 'eta': 69.0589, 'loss': 1.5664, 'lr': 0.01, 'params': 632328, 'time_iter': 0.1284, 'accuracy': 0.9404}
train: {'epoch': 17, 'eta': 67.5867, 'loss': 1.5434, 'lr': 0.01, 'params': 632328, 'time_iter': 0.1194, 'accuracy': 0.9428}
train: {'epoch': 18, 'eta': 66.2251, 'loss': 1.5221, 'lr': 0.01, 'params': 632328, 'time_iter': 0.1179, 'accuracy': 0.952}
train: {'epoch': 19, 'eta': 64.8073, 'loss': 1.5034, 'lr': 0.0099, 'params': 632328, 'time_iter': 0.1083, 'accuracy': 0.9538}
val: {'epoch': 19, 'loss': 1.7197, 'lr': 0, 'params': 632328, 'time_iter': 0.0713, 'accuracy': 0.8598}
train: {'epoch': 20, 'eta': 63.4491, 'loss': 1.4871, 'lr': 0.0099, 'params': 632328, 'time_iter': 0.1047, 'accuracy': 0.9557}
train: {'epoch': 21, 'eta': 63.4616, 'loss': 1.472, 'lr': 0.0099, 'params': 632328, 'time_iter': 0.1779, 'accuracy': 0.9575}
train: {'epoch': 22, 'eta': 65.3173, 'loss': 1.4578, 'lr': 0.0099, 'params': 632328, 'time_iter': 0.2913, 'accuracy': 0.9626}
train: {'epoch': 23, 'eta': 66.3865, 'loss': 1.4447, 'lr': 0.0099, 'params': 632328, 'time_iter': 0.2526, 'accuracy': 0.9686}
train: {'epoch': 24, 'eta': 66.8555, 'loss': 1.4329, 'lr': 0.0099, 'params': 632328, 'time_iter': 0.2196, 'accuracy': 0.9691}
train: {'epoch': 25, 'eta': 67.2925, 'loss': 1.4216, 'lr': 0.0099, 'params': 632328, 'time_iter': 0.2211, 'accuracy': 0.9705}
train: {'epoch': 26, 'eta': 66.8341, 'loss': 1.4111, 'lr': 0.0099, 'params': 632328, 'time_iter': 0.1598, 'accuracy': 0.9741}
train: {'epoch': 27, 'eta': 66.4748, 'loss': 1.4026, 'lr': 0.0099, 'params': 632328, 'time_iter': 0.1656, 'accuracy': 0.9746}
train: {'epoch': 28, 'eta': 65.7534, 'loss': 1.3964, 'lr': 0.0099, 'params': 632328, 'time_iter': 0.1363, 'accuracy': 0.9797}
train: {'epoch': 29, 'eta': 65.2752, 'loss': 1.4007, 'lr': 0.0099, 'params': 632328, 'time_iter': 0.1528, 'accuracy': 0.9718}
train: {'epoch': 30, 'eta': 64.5002, 'loss': 1.3866, 'lr': 0.0099, 'params': 632328, 'time_iter': 0.1261, 'accuracy': 0.9792}
train: {'epoch': 31, 'eta': 63.8886, 'loss': 1.4217, 'lr': 0.0099, 'params': 632328, 'time_iter': 0.1368, 'accuracy': 0.9677}
train: {'epoch': 32, 'eta': 63.3172, 'loss': 1.5891, 'lr': 0.0098, 'params': 632328, 'time_iter': 0.1378, 'accuracy': 0.8989}
train: {'epoch': 33, 'eta': 62.5604, 'loss': 1.5384, 'lr': 0.0098, 'params': 632328, 'time_iter': 0.1182, 'accuracy': 0.94}
train: {'epoch': 34, 'eta': 61.9097, 'loss': 1.4672, 'lr': 0.0098, 'params': 632328, 'time_iter': 0.1249, 'accuracy': 0.9511}
train: {'epoch': 35, 'eta': 61.0525, 'loss': 1.4592, 'lr': 0.0098, 'params': 632328, 'time_iter': 0.1016, 'accuracy': 0.9501}
train: {'epoch': 36, 'eta': 60.2912, 'loss': 1.4897, 'lr': 0.0098, 'params': 632328, 'time_iter': 0.1072, 'accuracy': 0.9381}
train: {'epoch': 37, 'eta': 59.4536, 'loss': 1.4388, 'lr': 0.0098, 'params': 632328, 'time_iter': 0.0956, 'accuracy': 0.9511}
train: {'epoch': 38, 'eta': 59.6489, 'loss': 1.4268, 'lr': 0.0098, 'params': 632328, 'time_iter': 0.2031, 'accuracy': 0.9594}
train: {'epoch': 39, 'eta': 59.1266, 'loss': 1.418, 'lr': 0.0098, 'params': 632328, 'time_iter': 0.1256, 'accuracy': 0.9621}
val: {'epoch': 39, 'loss': 1.7516, 'lr': 0, 'params': 632328, 'time_iter': 0.0473, 'accuracy': 0.8487}
train: {'epoch': 40, 'eta': 58.4118, 'loss': 1.4145, 'lr': 0.0098, 'params': 632328, 'time_iter': 0.1014, 'accuracy': 0.9645}
train: {'epoch': 41, 'eta': 57.7915, 'loss': 1.4087, 'lr': 0.0097, 'params': 632328, 'time_iter': 0.109, 'accuracy': 0.9645}
train: {'epoch': 42, 'eta': 57.1952, 'loss': 1.397, 'lr': 0.0097, 'params': 632328, 'time_iter': 0.1091, 'accuracy': 0.9705}
train: {'epoch': 43, 'eta': 56.5655, 'loss': 1.3865, 'lr': 0.0097, 'params': 632328, 'time_iter': 0.1022, 'accuracy': 0.9741}
train: {'epoch': 44, 'eta': 56.1549, 'loss': 1.3795, 'lr': 0.0097, 'params': 632328, 'time_iter': 0.127, 'accuracy': 0.9765}
train: {'epoch': 45, 'eta': 55.6564, 'loss': 1.3735, 'lr': 0.0097, 'params': 632328, 'time_iter': 0.114, 'accuracy': 0.9797}
train: {'epoch': 46, 'eta': 55.1285, 'loss': 1.3665, 'lr': 0.0097, 'params': 632328, 'time_iter': 0.1079, 'accuracy': 0.9834}
train: {'epoch': 47, 'eta': 54.5929, 'loss': 1.3625, 'lr': 0.0097, 'params': 632328, 'time_iter': 0.1044, 'accuracy': 0.9843}
train: {'epoch': 48, 'eta': 54.0912, 'loss': 1.3589, 'lr': 0.0096, 'params': 632328, 'time_iter': 0.1067, 'accuracy': 0.9834}
train: {'epoch': 49, 'eta': 53.6006, 'loss': 1.3539, 'lr': 0.0096, 'params': 632328, 'time_iter': 0.106, 'accuracy': 0.9848}
train: {'epoch': 50, 'eta': 53.1023, 'loss': 1.35, 'lr': 0.0096, 'params': 632328, 'time_iter': 0.1027, 'accuracy': 0.9838}
train: {'epoch': 51, 'eta': 52.7514, 'loss': 1.3467, 'lr': 0.0096, 'params': 632328, 'time_iter': 0.1224, 'accuracy': 0.9861}
train: {'epoch': 52, 'eta': 52.3582, 'loss': 1.3428, 'lr': 0.0096, 'params': 632328, 'time_iter': 0.1147, 'accuracy': 0.9885}
train: {'epoch': 53, 'eta': 52.1536, 'loss': 1.3389, 'lr': 0.0096, 'params': 632328, 'time_iter': 0.1425, 'accuracy': 0.9885}
train: {'epoch': 54, 'eta': 51.7444, 'loss': 1.3352, 'lr': 0.0096, 'params': 632328, 'time_iter': 0.1095, 'accuracy': 0.9894}
train: {'epoch': 55, 'eta': 51.3917, 'loss': 1.3313, 'lr': 0.0095, 'params': 632328, 'time_iter': 0.117, 'accuracy': 0.9894}
train: {'epoch': 56, 'eta': 51.2111, 'loss': 1.3286, 'lr': 0.0095, 'params': 632328, 'time_iter': 0.1442, 'accuracy': 0.9898}
train: {'epoch': 57, 'eta': 51.0623, 'loss': 1.327, 'lr': 0.0095, 'params': 632328, 'time_iter': 0.1494, 'accuracy': 0.9908}
train: {'epoch': 58, 'eta': 50.9177, 'loss': 1.3358, 'lr': 0.0095, 'params': 632328, 'time_iter': 0.1501, 'accuracy': 0.9857}
train: {'epoch': 59, 'eta': 50.6909, 'loss': 1.4085, 'lr': 0.0095, 'params': 632328, 'time_iter': 0.1356, 'accuracy': 0.9589}
val: {'epoch': 59, 'loss': 1.8032, 'lr': 0, 'params': 632328, 'time_iter': 0.0597, 'accuracy': 0.8469}
train: {'epoch': 60, 'eta': 50.512, 'loss': 1.3812, 'lr': 0.0095, 'params': 632328, 'time_iter': 0.1437, 'accuracy': 0.9695}
train: {'epoch': 61, 'eta': 50.3164, 'loss': 1.3673, 'lr': 0.0094, 'params': 632328, 'time_iter': 0.1405, 'accuracy': 0.9741}
train: {'epoch': 62, 'eta': 50.0667, 'loss': 1.3681, 'lr': 0.0094, 'params': 632328, 'time_iter': 0.13, 'accuracy': 0.9705}
train: {'epoch': 63, 'eta': 49.6434, 'loss': 1.3552, 'lr': 0.0094, 'params': 632328, 'time_iter': 0.0962, 'accuracy': 0.9774}
train: {'epoch': 64, 'eta': 49.3278, 'loss': 1.348, 'lr': 0.0094, 'params': 632328, 'time_iter': 0.1152, 'accuracy': 0.982}
train: {'epoch': 65, 'eta': 48.9206, 'loss': 1.3405, 'lr': 0.0094, 'params': 632328, 'time_iter': 0.0959, 'accuracy': 0.9866}
train: {'epoch': 66, 'eta': 48.638, 'loss': 1.3312, 'lr': 0.0093, 'params': 632328, 'time_iter': 0.1191, 'accuracy': 0.988}
train: {'epoch': 67, 'eta': 48.3876, 'loss': 1.3301, 'lr': 0.0093, 'params': 632328, 'time_iter': 0.1247, 'accuracy': 0.9875}
train: {'epoch': 68, 'eta': 48.041, 'loss': 1.3219, 'lr': 0.0093, 'params': 632328, 'time_iter': 0.1039, 'accuracy': 0.9912}
train: {'epoch': 69, 'eta': 48.0948, 'loss': 1.3199, 'lr': 0.0093, 'params': 632328, 'time_iter': 0.1873, 'accuracy': 0.994}
train: {'epoch': 70, 'eta': 47.8224, 'loss': 1.3147, 'lr': 0.0093, 'params': 632328, 'time_iter': 0.1184, 'accuracy': 0.9931}
train: {'epoch': 71, 'eta': 47.6678, 'loss': 1.3107, 'lr': 0.0092, 'params': 632328, 'time_iter': 0.1433, 'accuracy': 0.9945}
train: {'epoch': 72, 'eta': 47.3459, 'loss': 1.3077, 'lr': 0.0092, 'params': 632328, 'time_iter': 0.1059, 'accuracy': 0.9963}
train: {'epoch': 73, 'eta': 47.0233, 'loss': 1.305, 'lr': 0.0092, 'params': 632328, 'time_iter': 0.1044, 'accuracy': 0.9972}
train: {'epoch': 74, 'eta': 46.7576, 'loss': 1.302, 'lr': 0.0092, 'params': 632328, 'time_iter': 0.1162, 'accuracy': 0.9977}
train: {'epoch': 75, 'eta': 46.4284, 'loss': 1.2998, 'lr': 0.0092, 'params': 632328, 'time_iter': 0.1004, 'accuracy': 0.9977}
train: {'epoch': 76, 'eta': 46.1853, 'loss': 1.2985, 'lr': 0.0091, 'params': 632328, 'time_iter': 0.1195, 'accuracy': 0.9982}
train: {'epoch': 77, 'eta': 45.8898, 'loss': 1.2969, 'lr': 0.0091, 'params': 632328, 'time_iter': 0.106, 'accuracy': 0.9968}
train: {'epoch': 78, 'eta': 45.5805, 'loss': 1.2952, 'lr': 0.0091, 'params': 632328, 'time_iter': 0.1015, 'accuracy': 0.9972}
train: {'epoch': 79, 'eta': 45.3292, 'loss': 1.2935, 'lr': 0.0091, 'params': 632328, 'time_iter': 0.1147, 'accuracy': 0.9986}
val: {'epoch': 79, 'loss': 1.7473, 'lr': 0, 'params': 632328, 'time_iter': 0.0498, 'accuracy': 0.8524}
train: {'epoch': 80, 'eta': 45.044, 'loss': 1.2916, 'lr': 0.009, 'params': 632328, 'time_iter': 0.1052, 'accuracy': 0.9995}
train: {'epoch': 81, 'eta': 44.781, 'loss': 1.2898, 'lr': 0.009, 'params': 632328, 'time_iter': 0.1098, 'accuracy': 0.9995}
train: {'epoch': 82, 'eta': 44.5173, 'loss': 1.2894, 'lr': 0.009, 'params': 632328, 'time_iter': 0.1087, 'accuracy': 0.9995}
train: {'epoch': 83, 'eta': 44.2505, 'loss': 1.288, 'lr': 0.009, 'params': 632328, 'time_iter': 0.1068, 'accuracy': 0.9995}
train: {'epoch': 84, 'eta': 44.0679, 'loss': 1.2863, 'lr': 0.009, 'params': 632328, 'time_iter': 0.1285, 'accuracy': 0.9995}
train: {'epoch': 85, 'eta': 43.8217, 'loss': 1.2861, 'lr': 0.0089, 'params': 632328, 'time_iter': 0.1108, 'accuracy': 0.9991}
train: {'epoch': 86, 'eta': 43.5719, 'loss': 1.2882, 'lr': 0.0089, 'params': 632328, 'time_iter': 0.1089, 'accuracy': 0.9986}
train: {'epoch': 87, 'eta': 43.304, 'loss': 1.3116, 'lr': 0.0089, 'params': 632328, 'time_iter': 0.1029, 'accuracy': 0.9922}
train: {'epoch': 88, 'eta': 43.0311, 'loss': 1.3072, 'lr': 0.0089, 'params': 632328, 'time_iter': 0.1004, 'accuracy': 0.9949}
train: {'epoch': 89, 'eta': 42.7667, 'loss': 1.327, 'lr': 0.0088, 'params': 632328, 'time_iter': 0.1018, 'accuracy': 0.9843}
train: {'epoch': 90, 'eta': 42.5228, 'loss': 1.3049, 'lr': 0.0088, 'params': 632328, 'time_iter': 0.1068, 'accuracy': 0.9963}
train: {'epoch': 91, 'eta': 42.2763, 'loss': 1.3141, 'lr': 0.0088, 'params': 632328, 'time_iter': 0.1051, 'accuracy': 0.9898}
train: {'epoch': 92, 'eta': 42.0647, 'loss': 1.3017, 'lr': 0.0088, 'params': 632328, 'time_iter': 0.1147, 'accuracy': 0.9949}
train: {'epoch': 93, 'eta': 41.7924, 'loss': 1.2968, 'lr': 0.0087, 'params': 632328, 'time_iter': 0.0955, 'accuracy': 0.9991}
train: {'epoch': 94, 'eta': 41.8146, 'loss': 1.2978, 'lr': 0.0087, 'params': 632328, 'time_iter': 0.186, 'accuracy': 0.9991}
train: {'epoch': 95, 'eta': 41.7295, 'loss': 1.2942, 'lr': 0.0087, 'params': 632328, 'time_iter': 0.1535, 'accuracy': 0.9991}
train: {'epoch': 96, 'eta': 41.4622, 'loss': 1.2924, 'lr': 0.0086, 'params': 632328, 'time_iter': 0.0956, 'accuracy': 0.9982}
train: {'epoch': 97, 'eta': 41.6839, 'loss': 1.2904, 'lr': 0.0086, 'params': 632328, 'time_iter': 0.2532, 'accuracy': 0.9982}
train: {'epoch': 98, 'eta': 41.7697, 'loss': 1.288, 'lr': 0.0086, 'params': 632328, 'time_iter': 0.2116, 'accuracy': 0.9991}
train: {'epoch': 99, 'eta': 41.7113, 'loss': 1.2867, 'lr': 0.0086, 'params': 632328, 'time_iter': 0.1656, 'accuracy': 0.9995}
val: {'epoch': 99, 'loss': 1.7342, 'lr': 0, 'params': 632328, 'time_iter': 0.0758, 'accuracy': 0.8506}
train: {'epoch': 100, 'eta': 41.5628, 'loss': 1.2853, 'lr': 0.0085, 'params': 632328, 'time_iter': 0.1358, 'accuracy': 0.9995}
train: {'epoch': 101, 'eta': 41.3077, 'loss': 1.2834, 'lr': 0.0085, 'params': 632328, 'time_iter': 0.0993, 'accuracy': 0.9995}
train: {'epoch': 102, 'eta': 41.0948, 'loss': 1.2819, 'lr': 0.0085, 'params': 632328, 'time_iter': 0.1129, 'accuracy': 0.9995}
train: {'epoch': 103, 'eta': 40.8341, 'loss': 1.2809, 'lr': 0.0085, 'params': 632328, 'time_iter': 0.0954, 'accuracy': 0.9995}
train: {'epoch': 104, 'eta': 40.6089, 'loss': 1.2801, 'lr': 0.0084, 'params': 632328, 'time_iter': 0.1069, 'accuracy': 0.9995}
train: {'epoch': 105, 'eta': 40.4219, 'loss': 1.2793, 'lr': 0.0084, 'params': 632328, 'time_iter': 0.1199, 'accuracy': 0.9995}
train: {'epoch': 106, 'eta': 40.1907, 'loss': 1.2787, 'lr': 0.0084, 'params': 632328, 'time_iter': 0.1033, 'accuracy': 0.9995}
train: {'epoch': 107, 'eta': 39.9683, 'loss': 1.278, 'lr': 0.0083, 'params': 632328, 'time_iter': 0.1057, 'accuracy': 0.9995}
train: {'epoch': 108, 'eta': 39.7405, 'loss': 1.2771, 'lr': 0.0083, 'params': 632328, 'time_iter': 0.1028, 'accuracy': 0.9995}
train: {'epoch': 109, 'eta': 39.5301, 'loss': 1.2763, 'lr': 0.0083, 'params': 632328, 'time_iter': 0.1085, 'accuracy': 1.0}
train: {'epoch': 110, 'eta': 39.3029, 'loss': 1.276, 'lr': 0.0082, 'params': 632328, 'time_iter': 0.1014, 'accuracy': 1.0}
train: {'epoch': 111, 'eta': 39.1031, 'loss': 1.2757, 'lr': 0.0082, 'params': 632328, 'time_iter': 0.1112, 'accuracy': 1.0}
train: {'epoch': 112, 'eta': 38.9197, 'loss': 1.2753, 'lr': 0.0082, 'params': 632328, 'time_iter': 0.117, 'accuracy': 1.0}
train: {'epoch': 113, 'eta': 38.7032, 'loss': 1.2747, 'lr': 0.0082, 'params': 632328, 'time_iter': 0.1034, 'accuracy': 1.0}
train: {'epoch': 114, 'eta': 38.5054, 'loss': 1.2741, 'lr': 0.0081, 'params': 632328, 'time_iter': 0.1101, 'accuracy': 1.0}
train: {'epoch': 115, 'eta': 38.3059, 'loss': 1.274, 'lr': 0.0081, 'params': 632328, 'time_iter': 0.1088, 'accuracy': 1.0}
train: {'epoch': 116, 'eta': 38.109, 'loss': 1.2751, 'lr': 0.0081, 'params': 632328, 'time_iter': 0.1092, 'accuracy': 1.0}
train: {'epoch': 117, 'eta': 37.9076, 'loss': 1.2908, 'lr': 0.008, 'params': 632328, 'time_iter': 0.1068, 'accuracy': 0.9903}
train: {'epoch': 118, 'eta': 37.7116, 'loss': 1.5622, 'lr': 0.008, 'params': 632328, 'time_iter': 0.1083, 'accuracy': 0.9252}
train: {'epoch': 119, 'eta': 37.4942, 'loss': 1.5476, 'lr': 0.008, 'params': 632328, 'time_iter': 0.0986, 'accuracy': 0.9132}
val: {'epoch': 119, 'loss': 1.9263, 'lr': 0, 'params': 632328, 'time_iter': 0.0428, 'accuracy': 0.7841}
train: {'epoch': 120, 'eta': 37.2633, 'loss': 1.621, 'lr': 0.0079, 'params': 632328, 'time_iter': 0.0918, 'accuracy': 0.8804}
train: {'epoch': 121, 'eta': 37.0802, 'loss': 1.5843, 'lr': 0.0079, 'params': 632328, 'time_iter': 0.1118, 'accuracy': 0.9063}
train: {'epoch': 122, 'eta': 36.8887, 'loss': 1.4372, 'lr': 0.0079, 'params': 632328, 'time_iter': 0.1076, 'accuracy': 0.9552}
train: {'epoch': 123, 'eta': 36.6908, 'loss': 1.3999, 'lr': 0.0078, 'params': 632328, 'time_iter': 0.1041, 'accuracy': 0.9672}
train: {'epoch': 124, 'eta': 36.4968, 'loss': 1.384, 'lr': 0.0078, 'params': 632328, 'time_iter': 0.1052, 'accuracy': 0.9737}
train: {'epoch': 125, 'eta': 36.3069, 'loss': 1.3809, 'lr': 0.0078, 'params': 632328, 'time_iter': 0.1064, 'accuracy': 0.9741}
train: {'epoch': 126, 'eta': 36.1085, 'loss': 1.3678, 'lr': 0.0077, 'params': 632328, 'time_iter': 0.1019, 'accuracy': 0.982}
train: {'epoch': 127, 'eta': 35.9094, 'loss': 1.3564, 'lr': 0.0077, 'params': 632328, 'time_iter': 0.1008, 'accuracy': 0.9871}
train: {'epoch': 128, 'eta': 35.7473, 'loss': 1.3491, 'lr': 0.0077, 'params': 632328, 'time_iter': 0.1177, 'accuracy': 0.9875}
train: {'epoch': 129, 'eta': 35.5368, 'loss': 1.3414, 'lr': 0.0076, 'params': 632328, 'time_iter': 0.0941, 'accuracy': 0.9871}
train: {'epoch': 130, 'eta': 35.3593, 'loss': 1.3333, 'lr': 0.0076, 'params': 632328, 'time_iter': 0.1093, 'accuracy': 0.9898}
train: {'epoch': 131, 'eta': 35.1749, 'loss': 1.3261, 'lr': 0.0076, 'params': 632328, 'time_iter': 0.1053, 'accuracy': 0.9903}
train: {'epoch': 132, 'eta': 34.9834, 'loss': 1.3206, 'lr': 0.0075, 'params': 632328, 'time_iter': 0.1013, 'accuracy': 0.9912}
train: {'epoch': 133, 'eta': 34.8018, 'loss': 1.3165, 'lr': 0.0075, 'params': 632328, 'time_iter': 0.1055, 'accuracy': 0.9922}
train: {'epoch': 134, 'eta': 34.6242, 'loss': 1.3128, 'lr': 0.0075, 'params': 632328, 'time_iter': 0.107, 'accuracy': 0.9926}
train: {'epoch': 135, 'eta': 34.4406, 'loss': 1.3089, 'lr': 0.0074, 'params': 632328, 'time_iter': 0.1034, 'accuracy': 0.9945}
train: {'epoch': 136, 'eta': 34.3192, 'loss': 1.3052, 'lr': 0.0074, 'params': 632328, 'time_iter': 0.1352, 'accuracy': 0.9945}
train: {'epoch': 137, 'eta': 34.151, 'loss': 1.3022, 'lr': 0.0074, 'params': 632328, 'time_iter': 0.1106, 'accuracy': 0.9958}
train: {'epoch': 138, 'eta': 34.0227, 'loss': 1.3, 'lr': 0.0073, 'params': 632328, 'time_iter': 0.1314, 'accuracy': 0.9968}
train: {'epoch': 139, 'eta': 33.8748, 'loss': 1.298, 'lr': 0.0073, 'params': 632328, 'time_iter': 0.1209, 'accuracy': 0.9968}
val: {'epoch': 139, 'loss': 1.7384, 'lr': 0, 'params': 632328, 'time_iter': 0.0448, 'accuracy': 0.8653}
train: {'epoch': 140, 'eta': 33.7102, 'loss': 1.2963, 'lr': 0.0073, 'params': 632328, 'time_iter': 0.1116, 'accuracy': 0.9977}
train: {'epoch': 141, 'eta': 33.5462, 'loss': 1.2946, 'lr': 0.0072, 'params': 632328, 'time_iter': 0.1116, 'accuracy': 0.9982}
train: {'epoch': 142, 'eta': 33.39, 'loss': 1.2929, 'lr': 0.0072, 'params': 632328, 'time_iter': 0.1155, 'accuracy': 0.9991}
train: {'epoch': 143, 'eta': 33.2348, 'loss': 1.2915, 'lr': 0.0072, 'params': 632328, 'time_iter': 0.1157, 'accuracy': 0.9991}
train: {'epoch': 144, 'eta': 33.0702, 'loss': 1.2902, 'lr': 0.0071, 'params': 632328, 'time_iter': 0.11, 'accuracy': 0.9991}
train: {'epoch': 145, 'eta': 32.8979, 'loss': 1.2892, 'lr': 0.0071, 'params': 632328, 'time_iter': 0.1052, 'accuracy': 0.9991}
train: {'epoch': 146, 'eta': 32.7324, 'loss': 1.2883, 'lr': 0.0071, 'params': 632328, 'time_iter': 0.1086, 'accuracy': 0.9991}
train: {'epoch': 147, 'eta': 32.5884, 'loss': 1.2875, 'lr': 0.007, 'params': 632328, 'time_iter': 0.1208, 'accuracy': 0.9991}
train: {'epoch': 148, 'eta': 32.5372, 'loss': 1.2865, 'lr': 0.007, 'params': 632328, 'time_iter': 0.1757, 'accuracy': 0.9991}
train: {'epoch': 149, 'eta': 32.3902, 'loss': 1.2855, 'lr': 0.0069, 'params': 632328, 'time_iter': 0.1192, 'accuracy': 0.9991}
train: {'epoch': 150, 'eta': 32.2172, 'loss': 1.2847, 'lr': 0.0069, 'params': 632328, 'time_iter': 0.1032, 'accuracy': 0.9991}
train: {'epoch': 151, 'eta': 32.0512, 'loss': 1.2839, 'lr': 0.0069, 'params': 632328, 'time_iter': 0.1069, 'accuracy': 0.9995}
train: {'epoch': 152, 'eta': 31.8855, 'loss': 1.2833, 'lr': 0.0068, 'params': 632328, 'time_iter': 0.1066, 'accuracy': 0.9991}
train: {'epoch': 153, 'eta': 31.7141, 'loss': 1.2827, 'lr': 0.0068, 'params': 632328, 'time_iter': 0.1026, 'accuracy': 0.9995}
train: {'epoch': 154, 'eta': 31.5451, 'loss': 1.282, 'lr': 0.0068, 'params': 632328, 'time_iter': 0.1036, 'accuracy': 0.9995}
train: {'epoch': 155, 'eta': 31.3845, 'loss': 1.2813, 'lr': 0.0067, 'params': 632328, 'time_iter': 0.1084, 'accuracy': 0.9995}
train: {'epoch': 156, 'eta': 31.2048, 'loss': 1.2807, 'lr': 0.0067, 'params': 632328, 'time_iter': 0.0956, 'accuracy': 0.9995}
train: {'epoch': 157, 'eta': 31.0447, 'loss': 1.2801, 'lr': 0.0067, 'params': 632328, 'time_iter': 0.1077, 'accuracy': 0.9995}
train: {'epoch': 158, 'eta': 30.874, 'loss': 1.2795, 'lr': 0.0066, 'params': 632328, 'time_iter': 0.1003, 'accuracy': 0.9995}
train: {'epoch': 159, 'eta': 30.7105, 'loss': 1.2789, 'lr': 0.0066, 'params': 632328, 'time_iter': 0.1045, 'accuracy': 0.9995}
val: {'epoch': 159, 'loss': 1.7199, 'lr': 0, 'params': 632328, 'time_iter': 0.0427, 'accuracy': 0.8635}
train: {'epoch': 160, 'eta': 30.546, 'loss': 1.2784, 'lr': 0.0065, 'params': 632328, 'time_iter': 0.1033, 'accuracy': 0.9995}
train: {'epoch': 161, 'eta': 30.3806, 'loss': 1.2781, 'lr': 0.0065, 'params': 632328, 'time_iter': 0.1022, 'accuracy': 0.9995}
train: {'epoch': 162, 'eta': 30.2194, 'loss': 1.2821, 'lr': 0.0065, 'params': 632328, 'time_iter': 0.1046, 'accuracy': 0.9986}
train: {'epoch': 163, 'eta': 30.0582, 'loss': 1.3109, 'lr': 0.0064, 'params': 632328, 'time_iter': 0.1041, 'accuracy': 0.9931}
train: {'epoch': 164, 'eta': 29.8985, 'loss': 1.3071, 'lr': 0.0064, 'params': 632328, 'time_iter': 0.1047, 'accuracy': 0.9945}
train: {'epoch': 165, 'eta': 29.7373, 'loss': 1.303, 'lr': 0.0064, 'params': 632328, 'time_iter': 0.1031, 'accuracy': 0.994}
train: {'epoch': 166, 'eta': 29.5725, 'loss': 1.3018, 'lr': 0.0063, 'params': 632328, 'time_iter': 0.1001, 'accuracy': 0.9949}
train: {'epoch': 167, 'eta': 29.4186, 'loss': 1.2983, 'lr': 0.0063, 'params': 632328, 'time_iter': 0.1074, 'accuracy': 0.9954}
train: {'epoch': 168, 'eta': 29.2648, 'loss': 1.2934, 'lr': 0.0062, 'params': 632328, 'time_iter': 0.1071, 'accuracy': 0.9958}
train: {'epoch': 169, 'eta': 29.0974, 'loss': 1.291, 'lr': 0.0062, 'params': 632328, 'time_iter': 0.0966, 'accuracy': 0.9949}
train: {'epoch': 170, 'eta': 28.9429, 'loss': 1.2897, 'lr': 0.0062, 'params': 632328, 'time_iter': 0.1056, 'accuracy': 0.9958}
train: {'epoch': 171, 'eta': 28.7876, 'loss': 1.2876, 'lr': 0.0061, 'params': 632328, 'time_iter': 0.1046, 'accuracy': 0.9977}
train: {'epoch': 172, 'eta': 28.6203, 'loss': 1.2854, 'lr': 0.0061, 'params': 632328, 'time_iter': 0.095, 'accuracy': 0.9986}
train: {'epoch': 173, 'eta': 28.4637, 'loss': 1.2836, 'lr': 0.0061, 'params': 632328, 'time_iter': 0.1026, 'accuracy': 0.9991}
train: {'epoch': 174, 'eta': 28.3068, 'loss': 1.2824, 'lr': 0.006, 'params': 632328, 'time_iter': 0.1019, 'accuracy': 0.9991}
train: {'epoch': 175, 'eta': 28.1576, 'loss': 1.2808, 'lr': 0.006, 'params': 632328, 'time_iter': 0.1075, 'accuracy': 0.9991}
train: {'epoch': 176, 'eta': 27.9965, 'loss': 1.2795, 'lr': 0.0059, 'params': 632328, 'time_iter': 0.0976, 'accuracy': 0.9991}
train: {'epoch': 177, 'eta': 27.8478, 'loss': 1.2785, 'lr': 0.0059, 'params': 632328, 'time_iter': 0.107, 'accuracy': 0.9991}
train: {'epoch': 178, 'eta': 27.7133, 'loss': 1.2779, 'lr': 0.0059, 'params': 632328, 'time_iter': 0.1181, 'accuracy': 0.9991}
train: {'epoch': 179, 'eta': 27.5713, 'loss': 1.2772, 'lr': 0.0058, 'params': 632328, 'time_iter': 0.1118, 'accuracy': 1.0}
val: {'epoch': 179, 'loss': 1.7175, 'lr': 0, 'params': 632328, 'time_iter': 0.0579, 'accuracy': 0.8579}
train: {'epoch': 180, 'eta': 27.4342, 'loss': 1.2764, 'lr': 0.0058, 'params': 632328, 'time_iter': 0.1156, 'accuracy': 1.0}
train: {'epoch': 181, 'eta': 27.3262, 'loss': 1.2757, 'lr': 0.0057, 'params': 632328, 'time_iter': 0.1397, 'accuracy': 1.0}
train: {'epoch': 182, 'eta': 27.2802, 'loss': 1.2751, 'lr': 0.0057, 'params': 632328, 'time_iter': 0.1922, 'accuracy': 1.0}
train: {'epoch': 183, 'eta': 27.2228, 'loss': 1.2745, 'lr': 0.0057, 'params': 632328, 'time_iter': 0.184, 'accuracy': 1.0}
train: {'epoch': 184, 'eta': 27.1639, 'loss': 1.274, 'lr': 0.0056, 'params': 632328, 'time_iter': 0.1837, 'accuracy': 1.0}
train: {'epoch': 185, 'eta': 27.0637, 'loss': 1.2735, 'lr': 0.0056, 'params': 632328, 'time_iter': 0.1491, 'accuracy': 1.0}
train: {'epoch': 186, 'eta': 26.945, 'loss': 1.273, 'lr': 0.0055, 'params': 632328, 'time_iter': 0.1332, 'accuracy': 1.0}
train: {'epoch': 187, 'eta': 26.7991, 'loss': 1.2727, 'lr': 0.0055, 'params': 632328, 'time_iter': 0.1093, 'accuracy': 1.0}
train: {'epoch': 188, 'eta': 26.6459, 'loss': 1.2723, 'lr': 0.0055, 'params': 632328, 'time_iter': 0.1024, 'accuracy': 1.0}
train: {'epoch': 189, 'eta': 26.6135, 'loss': 1.2719, 'lr': 0.0054, 'params': 632328, 'time_iter': 0.2113, 'accuracy': 1.0}
train: {'epoch': 190, 'eta': 26.5079, 'loss': 1.2716, 'lr': 0.0054, 'params': 632328, 'time_iter': 0.146, 'accuracy': 1.0}
train: {'epoch': 191, 'eta': 26.3794, 'loss': 1.2713, 'lr': 0.0054, 'params': 632328, 'time_iter': 0.1254, 'accuracy': 1.0}
train: {'epoch': 192, 'eta': 26.2242, 'loss': 1.2711, 'lr': 0.0053, 'params': 632328, 'time_iter': 0.1003, 'accuracy': 1.0}
train: {'epoch': 193, 'eta': 26.0729, 'loss': 1.2708, 'lr': 0.0053, 'params': 632328, 'time_iter': 0.1035, 'accuracy': 1.0}
train: {'epoch': 194, 'eta': 25.917, 'loss': 1.2706, 'lr': 0.0052, 'params': 632328, 'time_iter': 0.0987, 'accuracy': 1.0}
train: {'epoch': 195, 'eta': 25.7716, 'loss': 1.2704, 'lr': 0.0052, 'params': 632328, 'time_iter': 0.1081, 'accuracy': 1.0}
train: {'epoch': 196, 'eta': 25.6172, 'loss': 1.2702, 'lr': 0.0052, 'params': 632328, 'time_iter': 0.0992, 'accuracy': 1.0}
train: {'epoch': 197, 'eta': 25.5468, 'loss': 1.2702, 'lr': 0.0051, 'params': 632328, 'time_iter': 0.1809, 'accuracy': 1.0}
train: {'epoch': 198, 'eta': 25.4102, 'loss': 1.27, 'lr': 0.0051, 'params': 632328, 'time_iter': 0.1164, 'accuracy': 1.0}
train: {'epoch': 199, 'eta': 25.2666, 'loss': 1.2696, 'lr': 0.005, 'params': 632328, 'time_iter': 0.1093, 'accuracy': 1.0}
val: {'epoch': 199, 'loss': 1.7282, 'lr': 0, 'params': 632328, 'time_iter': 0.0561, 'accuracy': 0.8542}
train: {'epoch': 200, 'eta': 25.1199, 'loss': 1.2696, 'lr': 0.005, 'params': 632328, 'time_iter': 0.1058, 'accuracy': 1.0}
train: {'epoch': 201, 'eta': 24.9921, 'loss': 1.2696, 'lr': 0.005, 'params': 632328, 'time_iter': 0.1246, 'accuracy': 1.0}
train: {'epoch': 202, 'eta': 24.8763, 'loss': 1.2691, 'lr': 0.0049, 'params': 632328, 'time_iter': 0.137, 'accuracy': 1.0}
train: {'epoch': 203, 'eta': 24.7242, 'loss': 1.2692, 'lr': 0.0049, 'params': 632328, 'time_iter': 0.0994, 'accuracy': 1.0}
train: {'epoch': 204, 'eta': 24.5841, 'loss': 1.2692, 'lr': 0.0048, 'params': 632328, 'time_iter': 0.1115, 'accuracy': 1.0}
train: {'epoch': 205, 'eta': 24.4337, 'loss': 1.2691, 'lr': 0.0048, 'params': 632328, 'time_iter': 0.1003, 'accuracy': 1.0}
train: {'epoch': 206, 'eta': 24.2933, 'loss': 1.2687, 'lr': 0.0048, 'params': 632328, 'time_iter': 0.1104, 'accuracy': 1.0}
train: {'epoch': 207, 'eta': 24.146, 'loss': 1.2687, 'lr': 0.0047, 'params': 632328, 'time_iter': 0.1027, 'accuracy': 1.0}
train: {'epoch': 208, 'eta': 24.0022, 'loss': 1.2686, 'lr': 0.0047, 'params': 632328, 'time_iter': 0.106, 'accuracy': 1.0}
train: {'epoch': 209, 'eta': 23.8612, 'loss': 1.2686, 'lr': 0.0046, 'params': 632328, 'time_iter': 0.1088, 'accuracy': 1.0}
train: {'epoch': 210, 'eta': 23.7198, 'loss': 1.2683, 'lr': 0.0046, 'params': 632328, 'time_iter': 0.108, 'accuracy': 1.0}
train: {'epoch': 211, 'eta': 23.5714, 'loss': 1.2681, 'lr': 0.0046, 'params': 632328, 'time_iter': 0.0997, 'accuracy': 1.0}
train: {'epoch': 212, 'eta': 23.4301, 'loss': 1.268, 'lr': 0.0045, 'params': 632328, 'time_iter': 0.1072, 'accuracy': 1.0}
train: {'epoch': 213, 'eta': 23.287, 'loss': 1.268, 'lr': 0.0045, 'params': 632328, 'time_iter': 0.1048, 'accuracy': 1.0}
train: {'epoch': 214, 'eta': 23.1449, 'loss': 1.2681, 'lr': 0.0045, 'params': 632328, 'time_iter': 0.1056, 'accuracy': 1.0}
train: {'epoch': 215, 'eta': 23.0024, 'loss': 1.2681, 'lr': 0.0044, 'params': 632328, 'time_iter': 0.1047, 'accuracy': 1.0}
train: {'epoch': 216, 'eta': 22.8651, 'loss': 1.2677, 'lr': 0.0044, 'params': 632328, 'time_iter': 0.1104, 'accuracy': 1.0}
train: {'epoch': 217, 'eta': 22.721, 'loss': 1.2677, 'lr': 0.0043, 'params': 632328, 'time_iter': 0.102, 'accuracy': 1.0}
train: {'epoch': 218, 'eta': 22.6027, 'loss': 1.2677, 'lr': 0.0043, 'params': 632328, 'time_iter': 0.1328, 'accuracy': 1.0}
train: {'epoch': 219, 'eta': 22.4747, 'loss': 1.2674, 'lr': 0.0043, 'params': 632328, 'time_iter': 0.1211, 'accuracy': 1.0}
val: {'epoch': 219, 'loss': 1.7264, 'lr': 0, 'params': 632328, 'time_iter': 0.0526, 'accuracy': 0.8524}
train: {'epoch': 220, 'eta': 22.347, 'loss': 1.2674, 'lr': 0.0042, 'params': 632328, 'time_iter': 0.1213, 'accuracy': 1.0}
train: {'epoch': 221, 'eta': 22.2088, 'loss': 1.2673, 'lr': 0.0042, 'params': 632328, 'time_iter': 0.1083, 'accuracy': 1.0}
train: {'epoch': 222, 'eta': 22.0871, 'loss': 1.2673, 'lr': 0.0041, 'params': 632328, 'time_iter': 0.1286, 'accuracy': 1.0}
train: {'epoch': 223, 'eta': 21.9551, 'loss': 1.2672, 'lr': 0.0041, 'params': 632328, 'time_iter': 0.1156, 'accuracy': 1.0}
train: {'epoch': 224, 'eta': 21.8212, 'loss': 1.2672, 'lr': 0.0041, 'params': 632328, 'time_iter': 0.113, 'accuracy': 1.0}
train: {'epoch': 225, 'eta': 21.6917, 'loss': 1.267, 'lr': 0.004, 'params': 632328, 'time_iter': 0.1184, 'accuracy': 1.0}
train: {'epoch': 226, 'eta': 21.5538, 'loss': 1.2669, 'lr': 0.004, 'params': 632328, 'time_iter': 0.1073, 'accuracy': 1.0}
train: {'epoch': 227, 'eta': 21.4178, 'loss': 1.2668, 'lr': 0.0039, 'params': 632328, 'time_iter': 0.1094, 'accuracy': 1.0}
train: {'epoch': 228, 'eta': 21.2794, 'loss': 1.2668, 'lr': 0.0039, 'params': 632328, 'time_iter': 0.106, 'accuracy': 1.0}
train: {'epoch': 229, 'eta': 21.1391, 'loss': 1.2668, 'lr': 0.0039, 'params': 632328, 'time_iter': 0.1029, 'accuracy': 1.0}
train: {'epoch': 230, 'eta': 20.9959, 'loss': 1.2672, 'lr': 0.0038, 'params': 632328, 'time_iter': 0.0987, 'accuracy': 1.0}
train: {'epoch': 231, 'eta': 20.8664, 'loss': 1.2716, 'lr': 0.0038, 'params': 632328, 'time_iter': 0.1169, 'accuracy': 0.9986}
train: {'epoch': 232, 'eta': 20.7302, 'loss': 1.2912, 'lr': 0.0038, 'params': 632328, 'time_iter': 0.1075, 'accuracy': 0.9958}
train: {'epoch': 233, 'eta': 20.5929, 'loss': 1.4, 'lr': 0.0037, 'params': 632328, 'time_iter': 0.1056, 'accuracy': 0.9723}
train: {'epoch': 234, 'eta': 20.4496, 'loss': 1.3847, 'lr': 0.0037, 'params': 632328, 'time_iter': 0.0966, 'accuracy': 0.9663}
train: {'epoch': 235, 'eta': 20.3071, 'loss': 1.3567, 'lr': 0.0036, 'params': 632328, 'time_iter': 0.0973, 'accuracy': 0.9792}
train: {'epoch': 236, 'eta': 20.1762, 'loss': 1.3506, 'lr': 0.0036, 'params': 632328, 'time_iter': 0.1134, 'accuracy': 0.9848}
train: {'epoch': 237, 'eta': 20.0389, 'loss': 1.3332, 'lr': 0.0036, 'params': 632328, 'time_iter': 0.1039, 'accuracy': 0.9912}
train: {'epoch': 238, 'eta': 19.9084, 'loss': 1.326, 'lr': 0.0035, 'params': 632328, 'time_iter': 0.1137, 'accuracy': 0.9926}
train: {'epoch': 239, 'eta': 19.8083, 'loss': 1.3236, 'lr': 0.0035, 'params': 632328, 'time_iter': 0.159, 'accuracy': 0.9894}
val: {'epoch': 239, 'loss': 1.801, 'lr': 0, 'params': 632328, 'time_iter': 0.0492, 'accuracy': 0.8432}
train: {'epoch': 240, 'eta': 19.6729, 'loss': 1.3167, 'lr': 0.0035, 'params': 632328, 'time_iter': 0.1061, 'accuracy': 0.9926}
train: {'epoch': 241, 'eta': 19.571, 'loss': 1.3109, 'lr': 0.0034, 'params': 632328, 'time_iter': 0.1572, 'accuracy': 0.9926}
train: {'epoch': 242, 'eta': 19.448, 'loss': 1.307, 'lr': 0.0034, 'params': 632328, 'time_iter': 0.1252, 'accuracy': 0.994}
train: {'epoch': 243, 'eta': 19.3327, 'loss': 1.3034, 'lr': 0.0033, 'params': 632328, 'time_iter': 0.1374, 'accuracy': 0.9949}
train: {'epoch': 244, 'eta': 19.2049, 'loss': 1.2998, 'lr': 0.0033, 'params': 632328, 'time_iter': 0.1177, 'accuracy': 0.9954}
train: {'epoch': 245, 'eta': 19.0892, 'loss': 1.2968, 'lr': 0.0033, 'params': 632328, 'time_iter': 0.1371, 'accuracy': 0.9963}
train: {'epoch': 246, 'eta': 19.0626, 'loss': 1.2943, 'lr': 0.0032, 'params': 632328, 'time_iter': 0.2811, 'accuracy': 0.9972}
train: {'epoch': 247, 'eta': 18.9944, 'loss': 1.2921, 'lr': 0.0032, 'params': 632328, 'time_iter': 0.2166, 'accuracy': 0.9982}
train: {'epoch': 248, 'eta': 18.8804, 'loss': 1.2902, 'lr': 0.0032, 'params': 632328, 'time_iter': 0.143, 'accuracy': 0.9977}
train: {'epoch': 249, 'eta': 18.7934, 'loss': 1.2886, 'lr': 0.0031, 'params': 632328, 'time_iter': 0.1885, 'accuracy': 0.9977}
train: {'epoch': 250, 'eta': 18.6828, 'loss': 1.2869, 'lr': 0.0031, 'params': 632328, 'time_iter': 0.15, 'accuracy': 0.9977}
train: {'epoch': 251, 'eta': 18.5737, 'loss': 1.2852, 'lr': 0.0031, 'params': 632328, 'time_iter': 0.1531, 'accuracy': 0.9982}
train: {'epoch': 252, 'eta': 18.4718, 'loss': 1.2837, 'lr': 0.003, 'params': 632328, 'time_iter': 0.1661, 'accuracy': 0.9982}
train: {'epoch': 253, 'eta': 18.3526, 'loss': 1.2825, 'lr': 0.003, 'params': 632328, 'time_iter': 0.1369, 'accuracy': 0.9986}
train: {'epoch': 254, 'eta': 18.2749, 'loss': 1.2814, 'lr': 0.0029, 'params': 632328, 'time_iter': 0.2101, 'accuracy': 0.9986}
train: {'epoch': 255, 'eta': 18.2351, 'loss': 1.2804, 'lr': 0.0029, 'params': 632328, 'time_iter': 0.2793, 'accuracy': 0.9991}
train: {'epoch': 256, 'eta': 18.2043, 'loss': 1.2795, 'lr': 0.0029, 'params': 632328, 'time_iter': 0.2989, 'accuracy': 0.9991}
train: {'epoch': 257, 'eta': 18.1241, 'loss': 1.2787, 'lr': 0.0028, 'params': 632328, 'time_iter': 0.213, 'accuracy': 0.9991}
train: {'epoch': 258, 'eta': 18.0002, 'loss': 1.2779, 'lr': 0.0028, 'params': 632328, 'time_iter': 0.1346, 'accuracy': 0.9991}
train: {'epoch': 259, 'eta': 17.8779, 'loss': 1.2771, 'lr': 0.0028, 'params': 632328, 'time_iter': 0.1375, 'accuracy': 0.9991}
val: {'epoch': 259, 'loss': 1.7481, 'lr': 0, 'params': 632328, 'time_iter': 0.0399, 'accuracy': 0.8579}
train: {'epoch': 260, 'eta': 17.7403, 'loss': 1.2764, 'lr': 0.0027, 'params': 632328, 'time_iter': 0.1092, 'accuracy': 0.9991}
train: {'epoch': 261, 'eta': 17.605, 'loss': 1.2758, 'lr': 0.0027, 'params': 632328, 'time_iter': 0.1129, 'accuracy': 0.9991}
train: {'epoch': 262, 'eta': 17.4631, 'loss': 1.2752, 'lr': 0.0027, 'params': 632328, 'time_iter': 0.1002, 'accuracy': 0.9991}
train: {'epoch': 263, 'eta': 17.3509, 'loss': 1.2748, 'lr': 0.0026, 'params': 632328, 'time_iter': 0.157, 'accuracy': 0.9991}
train: {'epoch': 264, 'eta': 17.2045, 'loss': 1.2743, 'lr': 0.0026, 'params': 632328, 'time_iter': 0.0907, 'accuracy': 0.9995}
train: {'epoch': 265, 'eta': 17.0716, 'loss': 1.2739, 'lr': 0.0026, 'params': 632328, 'time_iter': 0.1165, 'accuracy': 0.9995}
train: {'epoch': 266, 'eta': 16.9371, 'loss': 1.2735, 'lr': 0.0025, 'params': 632328, 'time_iter': 0.1132, 'accuracy': 0.9995}
train: {'epoch': 267, 'eta': 16.7988, 'loss': 1.2731, 'lr': 0.0025, 'params': 632328, 'time_iter': 0.1052, 'accuracy': 0.9995}
train: {'epoch': 268, 'eta': 16.6635, 'loss': 1.2728, 'lr': 0.0025, 'params': 632328, 'time_iter': 0.1106, 'accuracy': 0.9995}
train: {'epoch': 269, 'eta': 16.5269, 'loss': 1.2725, 'lr': 0.0024, 'params': 632328, 'time_iter': 0.1078, 'accuracy': 0.9995}
train: {'epoch': 270, 'eta': 16.3882, 'loss': 1.2722, 'lr': 0.0024, 'params': 632328, 'time_iter': 0.1029, 'accuracy': 0.9995}
train: {'epoch': 271, 'eta': 16.2514, 'loss': 1.2719, 'lr': 0.0024, 'params': 632328, 'time_iter': 0.1064, 'accuracy': 0.9995}
train: {'epoch': 272, 'eta': 16.1138, 'loss': 1.2716, 'lr': 0.0023, 'params': 632328, 'time_iter': 0.1041, 'accuracy': 0.9995}
train: {'epoch': 273, 'eta': 15.9837, 'loss': 1.2714, 'lr': 0.0023, 'params': 632328, 'time_iter': 0.1197, 'accuracy': 0.9995}
train: {'epoch': 274, 'eta': 15.846, 'loss': 1.2712, 'lr': 0.0023, 'params': 632328, 'time_iter': 0.1031, 'accuracy': 1.0}
train: {'epoch': 275, 'eta': 15.7078, 'loss': 1.271, 'lr': 0.0022, 'params': 632328, 'time_iter': 0.1013, 'accuracy': 1.0}
train: {'epoch': 276, 'eta': 15.5757, 'loss': 1.2708, 'lr': 0.0022, 'params': 632328, 'time_iter': 0.1145, 'accuracy': 1.0}
train: {'epoch': 277, 'eta': 15.4355, 'loss': 1.2706, 'lr': 0.0022, 'params': 632328, 'time_iter': 0.0957, 'accuracy': 1.0}
train: {'epoch': 278, 'eta': 15.3015, 'loss': 1.2704, 'lr': 0.0021, 'params': 632328, 'time_iter': 0.1093, 'accuracy': 1.0}
train: {'epoch': 279, 'eta': 15.1637, 'loss': 1.2703, 'lr': 0.0021, 'params': 632328, 'time_iter': 0.1, 'accuracy': 1.0}
val: {'epoch': 279, 'loss': 1.7385, 'lr': 0, 'params': 632328, 'time_iter': 0.0405, 'accuracy': 0.8542}
train: {'epoch': 280, 'eta': 15.0297, 'loss': 1.2701, 'lr': 0.0021, 'params': 632328, 'time_iter': 0.1083, 'accuracy': 1.0}
train: {'epoch': 281, 'eta': 14.8935, 'loss': 1.27, 'lr': 0.002, 'params': 632328, 'time_iter': 0.1026, 'accuracy': 1.0}
train: {'epoch': 282, 'eta': 14.7584, 'loss': 1.2699, 'lr': 0.002, 'params': 632328, 'time_iter': 0.1047, 'accuracy': 1.0}
train: {'epoch': 283, 'eta': 14.6265, 'loss': 1.2698, 'lr': 0.002, 'params': 632328, 'time_iter': 0.1122, 'accuracy': 1.0}
train: {'epoch': 284, 'eta': 14.5159, 'loss': 1.2697, 'lr': 0.0019, 'params': 632328, 'time_iter': 0.1644, 'accuracy': 1.0}
train: {'epoch': 285, 'eta': 14.4004, 'loss': 1.2696, 'lr': 0.0019, 'params': 632328, 'time_iter': 0.153, 'accuracy': 1.0}
train: {'epoch': 286, 'eta': 14.279, 'loss': 1.2695, 'lr': 0.0019, 'params': 632328, 'time_iter': 0.1389, 'accuracy': 1.0}
train: {'epoch': 287, 'eta': 14.1706, 'loss': 1.2694, 'lr': 0.0018, 'params': 632328, 'time_iter': 0.1727, 'accuracy': 1.0}
train: {'epoch': 288, 'eta': 14.0426, 'loss': 1.2693, 'lr': 0.0018, 'params': 632328, 'time_iter': 0.1227, 'accuracy': 1.0}
train: {'epoch': 289, 'eta': 13.9177, 'loss': 1.2692, 'lr': 0.0018, 'params': 632328, 'time_iter': 0.1305, 'accuracy': 1.0}
train: {'epoch': 290, 'eta': 13.7924, 'loss': 1.2691, 'lr': 0.0018, 'params': 632328, 'time_iter': 0.1299, 'accuracy': 1.0}
train: {'epoch': 291, 'eta': 13.7119, 'loss': 1.2691, 'lr': 0.0017, 'params': 632328, 'time_iter': 0.251, 'accuracy': 1.0}
train: {'epoch': 292, 'eta': 13.6068, 'loss': 1.269, 'lr': 0.0017, 'params': 632328, 'time_iter': 0.1867, 'accuracy': 1.0}
train: {'epoch': 293, 'eta': 13.481, 'loss': 1.2689, 'lr': 0.0017, 'params': 632328, 'time_iter': 0.1311, 'accuracy': 1.0}
train: {'epoch': 294, 'eta': 13.3558, 'loss': 1.2689, 'lr': 0.0016, 'params': 632328, 'time_iter': 0.1326, 'accuracy': 1.0}
train: {'epoch': 295, 'eta': 13.2407, 'loss': 1.2688, 'lr': 0.0016, 'params': 632328, 'time_iter': 0.1618, 'accuracy': 1.0}
train: {'epoch': 296, 'eta': 13.1109, 'loss': 1.2687, 'lr': 0.0016, 'params': 632328, 'time_iter': 0.12, 'accuracy': 1.0}
train: {'epoch': 297, 'eta': 13.0173, 'loss': 1.2687, 'lr': 0.0015, 'params': 632328, 'time_iter': 0.2258, 'accuracy': 1.0}
train: {'epoch': 298, 'eta': 12.8924, 'loss': 1.2686, 'lr': 0.0015, 'params': 632328, 'time_iter': 0.1358, 'accuracy': 1.0}
train: {'epoch': 299, 'eta': 12.7558, 'loss': 1.2686, 'lr': 0.0015, 'params': 632328, 'time_iter': 0.1006, 'accuracy': 1.0}
val: {'epoch': 299, 'loss': 1.7408, 'lr': 0, 'params': 632328, 'time_iter': 0.0461, 'accuracy': 0.8542}
train: {'epoch': 300, 'eta': 12.6325, 'loss': 1.2685, 'lr': 0.0015, 'params': 632328, 'time_iter': 0.1405, 'accuracy': 1.0}
train: {'epoch': 301, 'eta': 12.511, 'loss': 1.2685, 'lr': 0.0014, 'params': 632328, 'time_iter': 0.1466, 'accuracy': 1.0}
train: {'epoch': 302, 'eta': 12.388, 'loss': 1.2684, 'lr': 0.0014, 'params': 632328, 'time_iter': 0.1421, 'accuracy': 1.0}
train: {'epoch': 303, 'eta': 12.2569, 'loss': 1.2684, 'lr': 0.0014, 'params': 632328, 'time_iter': 0.1169, 'accuracy': 1.0}
train: {'epoch': 304, 'eta': 12.1302, 'loss': 1.2683, 'lr': 0.0014, 'params': 632328, 'time_iter': 0.1309, 'accuracy': 1.0}
train: {'epoch': 305, 'eta': 11.9987, 'loss': 1.2683, 'lr': 0.0013, 'params': 632328, 'time_iter': 0.1153, 'accuracy': 1.0}
train: {'epoch': 306, 'eta': 11.8714, 'loss': 1.2682, 'lr': 0.0013, 'params': 632328, 'time_iter': 0.1288, 'accuracy': 1.0}
train: {'epoch': 307, 'eta': 11.7433, 'loss': 1.2682, 'lr': 0.0013, 'params': 632328, 'time_iter': 0.126, 'accuracy': 1.0}
train: {'epoch': 308, 'eta': 11.6137, 'loss': 1.2682, 'lr': 0.0012, 'params': 632328, 'time_iter': 0.1209, 'accuracy': 1.0}
train: {'epoch': 309, 'eta': 11.4833, 'loss': 1.2681, 'lr': 0.0012, 'params': 632328, 'time_iter': 0.1183, 'accuracy': 1.0}
train: {'epoch': 310, 'eta': 11.3554, 'loss': 1.2681, 'lr': 0.0012, 'params': 632328, 'time_iter': 0.1263, 'accuracy': 1.0}
train: {'epoch': 311, 'eta': 11.2205, 'loss': 1.2681, 'lr': 0.0012, 'params': 632328, 'time_iter': 0.1019, 'accuracy': 1.0}
train: {'epoch': 312, 'eta': 11.0909, 'loss': 1.268, 'lr': 0.0011, 'params': 632328, 'time_iter': 0.12, 'accuracy': 1.0}
train: {'epoch': 313, 'eta': 10.9583, 'loss': 1.268, 'lr': 0.0011, 'params': 632328, 'time_iter': 0.1087, 'accuracy': 1.0}
train: {'epoch': 314, 'eta': 10.8229, 'loss': 1.268, 'lr': 0.0011, 'params': 632328, 'time_iter': 0.0977, 'accuracy': 1.0}
train: {'epoch': 315, 'eta': 10.6908, 'loss': 1.2679, 'lr': 0.0011, 'params': 632328, 'time_iter': 0.1096, 'accuracy': 1.0}
train: {'epoch': 316, 'eta': 10.5844, 'loss': 1.2679, 'lr': 0.001, 'params': 632328, 'time_iter': 0.2068, 'accuracy': 1.0}
train: {'epoch': 317, 'eta': 10.4623, 'loss': 1.2679, 'lr': 0.001, 'params': 632328, 'time_iter': 0.1487, 'accuracy': 1.0}
train: {'epoch': 318, 'eta': 10.3427, 'loss': 1.2679, 'lr': 0.001, 'params': 632328, 'time_iter': 0.159, 'accuracy': 1.0}
train: {'epoch': 319, 'eta': 10.2177, 'loss': 1.2678, 'lr': 0.001, 'params': 632328, 'time_iter': 0.1385, 'accuracy': 1.0}
val: {'epoch': 319, 'loss': 1.7404, 'lr': 0, 'params': 632328, 'time_iter': 0.0674, 'accuracy': 0.8561}
train: {'epoch': 320, 'eta': 10.0913, 'loss': 1.2678, 'lr': 0.001, 'params': 632328, 'time_iter': 0.1329, 'accuracy': 1.0}
train: {'epoch': 321, 'eta': 10.0267, 'loss': 1.2678, 'lr': 0.0009, 'params': 632328, 'time_iter': 0.3884, 'accuracy': 1.0}
train: {'epoch': 322, 'eta': 9.966, 'loss': 1.2678, 'lr': 0.0009, 'params': 632328, 'time_iter': 0.4133, 'accuracy': 1.0}
train: {'epoch': 323, 'eta': 9.9319, 'loss': 1.2677, 'lr': 0.0009, 'params': 632328, 'time_iter': 0.5356, 'accuracy': 1.0}
train: {'epoch': 324, 'eta': 9.8485, 'loss': 1.2677, 'lr': 0.0009, 'params': 632328, 'time_iter': 0.3359, 'accuracy': 1.0}
train: {'epoch': 325, 'eta': 9.7282, 'loss': 1.2677, 'lr': 0.0008, 'params': 632328, 'time_iter': 0.1799, 'accuracy': 1.0}
train: {'epoch': 326, 'eta': 9.5987, 'loss': 1.2677, 'lr': 0.0008, 'params': 632328, 'time_iter': 0.1399, 'accuracy': 1.0}
train: {'epoch': 327, 'eta': 9.4799, 'loss': 1.2676, 'lr': 0.0008, 'params': 632328, 'time_iter': 0.1894, 'accuracy': 1.0}
train: {'epoch': 328, 'eta': 9.3535, 'loss': 1.2676, 'lr': 0.0008, 'params': 632328, 'time_iter': 0.156, 'accuracy': 1.0}
train: {'epoch': 329, 'eta': 9.2269, 'loss': 1.2676, 'lr': 0.0008, 'params': 632328, 'time_iter': 0.1559, 'accuracy': 1.0}
train: {'epoch': 330, 'eta': 9.1077, 'loss': 1.2676, 'lr': 0.0007, 'params': 632328, 'time_iter': 0.1923, 'accuracy': 1.0}
train: {'epoch': 331, 'eta': 8.9967, 'loss': 1.2676, 'lr': 0.0007, 'params': 632328, 'time_iter': 0.2345, 'accuracy': 1.0}
train: {'epoch': 332, 'eta': 8.8762, 'loss': 1.2676, 'lr': 0.0007, 'params': 632328, 'time_iter': 0.1912, 'accuracy': 1.0}
train: {'epoch': 333, 'eta': 8.7512, 'loss': 1.2675, 'lr': 0.0007, 'params': 632328, 'time_iter': 0.1702, 'accuracy': 1.0}
train: {'epoch': 334, 'eta': 8.629, 'loss': 1.2675, 'lr': 0.0007, 'params': 632328, 'time_iter': 0.1862, 'accuracy': 1.0}
train: {'epoch': 335, 'eta': 8.5079, 'loss': 1.2675, 'lr': 0.0006, 'params': 632328, 'time_iter': 0.1937, 'accuracy': 1.0}
train: {'epoch': 336, 'eta': 8.3737, 'loss': 1.2675, 'lr': 0.0006, 'params': 632328, 'time_iter': 0.1266, 'accuracy': 1.0}
train: {'epoch': 337, 'eta': 8.2404, 'loss': 1.2675, 'lr': 0.0006, 'params': 632328, 'time_iter': 0.1308, 'accuracy': 1.0}
train: {'epoch': 338, 'eta': 8.108, 'loss': 1.2675, 'lr': 0.0006, 'params': 632328, 'time_iter': 0.1354, 'accuracy': 1.0}
train: {'epoch': 339, 'eta': 7.9703, 'loss': 1.2675, 'lr': 0.0006, 'params': 632328, 'time_iter': 0.1057, 'accuracy': 1.0}
val: {'epoch': 339, 'loss': 1.7403, 'lr': 0, 'params': 632328, 'time_iter': 0.0484, 'accuracy': 0.8561}
train: {'epoch': 340, 'eta': 7.8331, 'loss': 1.2674, 'lr': 0.0005, 'params': 632328, 'time_iter': 0.1076, 'accuracy': 1.0}
train: {'epoch': 341, 'eta': 7.6985, 'loss': 1.2674, 'lr': 0.0005, 'params': 632328, 'time_iter': 0.1224, 'accuracy': 1.0}
train: {'epoch': 342, 'eta': 7.5633, 'loss': 1.2674, 'lr': 0.0005, 'params': 632328, 'time_iter': 0.1174, 'accuracy': 1.0}
train: {'epoch': 343, 'eta': 7.4279, 'loss': 1.2674, 'lr': 0.0005, 'params': 632328, 'time_iter': 0.1162, 'accuracy': 1.0}
train: {'epoch': 344, 'eta': 7.2911, 'loss': 1.2674, 'lr': 0.0005, 'params': 632328, 'time_iter': 0.1064, 'accuracy': 1.0}
train: {'epoch': 345, 'eta': 7.1814, 'loss': 1.2674, 'lr': 0.0005, 'params': 632328, 'time_iter': 0.2792, 'accuracy': 1.0}
train: {'epoch': 346, 'eta': 7.0528, 'loss': 1.2674, 'lr': 0.0004, 'params': 632328, 'time_iter': 0.1616, 'accuracy': 1.0}
train: {'epoch': 347, 'eta': 6.9206, 'loss': 1.2674, 'lr': 0.0004, 'params': 632328, 'time_iter': 0.1393, 'accuracy': 1.0}
train: {'epoch': 348, 'eta': 6.8019, 'loss': 1.2674, 'lr': 0.0004, 'params': 632328, 'time_iter': 0.2315, 'accuracy': 1.0}
train: {'epoch': 349, 'eta': 6.6805, 'loss': 1.2673, 'lr': 0.0004, 'params': 632328, 'time_iter': 0.2172, 'accuracy': 1.0}
train: {'epoch': 350, 'eta': 6.5527, 'loss': 1.2673, 'lr': 0.0004, 'params': 632328, 'time_iter': 0.1753, 'accuracy': 1.0}
train: {'epoch': 351, 'eta': 6.4231, 'loss': 1.2673, 'lr': 0.0004, 'params': 632328, 'time_iter': 0.1635, 'accuracy': 1.0}
train: {'epoch': 352, 'eta': 6.304, 'loss': 1.2673, 'lr': 0.0004, 'params': 632328, 'time_iter': 0.2442, 'accuracy': 1.0}
train: {'epoch': 353, 'eta': 6.1793, 'loss': 1.2673, 'lr': 0.0003, 'params': 632328, 'time_iter': 0.2073, 'accuracy': 1.0}
train: {'epoch': 354, 'eta': 6.0566, 'loss': 1.2673, 'lr': 0.0003, 'params': 632328, 'time_iter': 0.2261, 'accuracy': 1.0}
train: {'epoch': 355, 'eta': 5.9193, 'loss': 1.2673, 'lr': 0.0003, 'params': 632328, 'time_iter': 0.1124, 'accuracy': 1.0}
train: {'epoch': 356, 'eta': 5.7884, 'loss': 1.2673, 'lr': 0.0003, 'params': 632328, 'time_iter': 0.1643, 'accuracy': 1.0}
train: {'epoch': 357, 'eta': 5.6532, 'loss': 1.2673, 'lr': 0.0003, 'params': 632328, 'time_iter': 0.1297, 'accuracy': 1.0}
train: {'epoch': 358, 'eta': 5.5184, 'loss': 1.2673, 'lr': 0.0003, 'params': 632328, 'time_iter': 0.1333, 'accuracy': 1.0}
train: {'epoch': 359, 'eta': 5.3828, 'loss': 1.2673, 'lr': 0.0003, 'params': 632328, 'time_iter': 0.1251, 'accuracy': 1.0}
val: {'epoch': 359, 'loss': 1.7407, 'lr': 0, 'params': 632328, 'time_iter': 0.052, 'accuracy': 0.8561}
train: {'epoch': 360, 'eta': 5.2468, 'loss': 1.2673, 'lr': 0.0002, 'params': 632328, 'time_iter': 0.1212, 'accuracy': 1.0}
train: {'epoch': 361, 'eta': 5.1124, 'loss': 1.2673, 'lr': 0.0002, 'params': 632328, 'time_iter': 0.1365, 'accuracy': 1.0}
train: {'epoch': 362, 'eta': 4.9751, 'loss': 1.2673, 'lr': 0.0002, 'params': 632328, 'time_iter': 0.1074, 'accuracy': 1.0}
train: {'epoch': 363, 'eta': 4.8385, 'loss': 1.2673, 'lr': 0.0002, 'params': 632328, 'time_iter': 0.1131, 'accuracy': 1.0}
train: {'epoch': 364, 'eta': 4.7015, 'loss': 1.2673, 'lr': 0.0002, 'params': 632328, 'time_iter': 0.1065, 'accuracy': 1.0}
train: {'epoch': 365, 'eta': 4.5656, 'loss': 1.2672, 'lr': 0.0002, 'params': 632328, 'time_iter': 0.1177, 'accuracy': 1.0}
train: {'epoch': 366, 'eta': 4.429, 'loss': 1.2672, 'lr': 0.0002, 'params': 632328, 'time_iter': 0.1089, 'accuracy': 1.0}
train: {'epoch': 367, 'eta': 4.2924, 'loss': 1.2672, 'lr': 0.0002, 'params': 632328, 'time_iter': 0.1061, 'accuracy': 1.0}
train: {'epoch': 368, 'eta': 4.156, 'loss': 1.2672, 'lr': 0.0002, 'params': 632328, 'time_iter': 0.108, 'accuracy': 1.0}
train: {'epoch': 369, 'eta': 4.0196, 'loss': 1.2672, 'lr': 0.0001, 'params': 632328, 'time_iter': 0.1053, 'accuracy': 1.0}
train: {'epoch': 370, 'eta': 3.8833, 'loss': 1.2672, 'lr': 0.0001, 'params': 632328, 'time_iter': 0.1042, 'accuracy': 1.0}
train: {'epoch': 371, 'eta': 3.7473, 'loss': 1.2672, 'lr': 0.0001, 'params': 632328, 'time_iter': 0.1055, 'accuracy': 1.0}
train: {'epoch': 372, 'eta': 3.6114, 'loss': 1.2672, 'lr': 0.0001, 'params': 632328, 'time_iter': 0.1051, 'accuracy': 1.0}
train: {'epoch': 373, 'eta': 3.4761, 'loss': 1.2672, 'lr': 0.0001, 'params': 632328, 'time_iter': 0.1121, 'accuracy': 1.0}
train: {'epoch': 374, 'eta': 3.3407, 'loss': 1.2672, 'lr': 0.0001, 'params': 632328, 'time_iter': 0.108, 'accuracy': 1.0}
train: {'epoch': 375, 'eta': 3.2051, 'loss': 1.2672, 'lr': 0.0001, 'params': 632328, 'time_iter': 0.1028, 'accuracy': 1.0}
train: {'epoch': 376, 'eta': 3.0699, 'loss': 1.2672, 'lr': 0.0001, 'params': 632328, 'time_iter': 0.1059, 'accuracy': 1.0}
train: {'epoch': 377, 'eta': 2.9348, 'loss': 1.2672, 'lr': 0.0001, 'params': 632328, 'time_iter': 0.1052, 'accuracy': 1.0}
train: {'epoch': 378, 'eta': 2.8, 'loss': 1.2672, 'lr': 0.0001, 'params': 632328, 'time_iter': 0.1096, 'accuracy': 1.0}
train: {'epoch': 379, 'eta': 2.665, 'loss': 1.2672, 'lr': 0.0001, 'params': 632328, 'time_iter': 0.101, 'accuracy': 1.0}
val: {'epoch': 379, 'loss': 1.7409, 'lr': 0, 'params': 632328, 'time_iter': 0.0416, 'accuracy': 0.8542}
train: {'epoch': 380, 'eta': 2.5304, 'loss': 1.2672, 'lr': 0.0001, 'params': 632328, 'time_iter': 0.1071, 'accuracy': 1.0}
train: {'epoch': 381, 'eta': 2.3958, 'loss': 1.2672, 'lr': 0.0001, 'params': 632328, 'time_iter': 0.102, 'accuracy': 1.0}
train: {'epoch': 382, 'eta': 2.2615, 'loss': 1.2672, 'lr': 0.0, 'params': 632328, 'time_iter': 0.1064, 'accuracy': 1.0}
train: {'epoch': 383, 'eta': 2.1277, 'loss': 1.2672, 'lr': 0.0, 'params': 632328, 'time_iter': 0.1134, 'accuracy': 1.0}
train: {'epoch': 384, 'eta': 1.9954, 'loss': 1.2672, 'lr': 0.0, 'params': 632328, 'time_iter': 0.1509, 'accuracy': 1.0}
train: {'epoch': 385, 'eta': 1.8617, 'loss': 1.2672, 'lr': 0.0, 'params': 632328, 'time_iter': 0.1148, 'accuracy': 1.0}
train: {'epoch': 386, 'eta': 1.7344, 'loss': 1.2672, 'lr': 0.0, 'params': 632328, 'time_iter': 0.3021, 'accuracy': 1.0}
train: {'epoch': 387, 'eta': 1.6033, 'loss': 1.2672, 'lr': 0.0, 'params': 632328, 'time_iter': 0.2098, 'accuracy': 1.0}
train: {'epoch': 388, 'eta': 1.4719, 'loss': 1.2672, 'lr': 0.0, 'params': 632328, 'time_iter': 0.2113, 'accuracy': 1.0}
train: {'epoch': 389, 'eta': 1.3395, 'loss': 1.2672, 'lr': 0.0, 'params': 632328, 'time_iter': 0.1873, 'accuracy': 1.0}
train: {'epoch': 390, 'eta': 1.2059, 'loss': 1.2672, 'lr': 0.0, 'params': 632328, 'time_iter': 0.1481, 'accuracy': 1.0}
train: {'epoch': 391, 'eta': 1.0724, 'loss': 1.2672, 'lr': 0.0, 'params': 632328, 'time_iter': 0.1585, 'accuracy': 1.0}
train: {'epoch': 392, 'eta': 0.9385, 'loss': 1.2672, 'lr': 0.0, 'params': 632328, 'time_iter': 0.1448, 'accuracy': 1.0}
train: {'epoch': 393, 'eta': 0.8047, 'loss': 1.2672, 'lr': 0.0, 'params': 632328, 'time_iter': 0.1526, 'accuracy': 1.0}
train: {'epoch': 394, 'eta': 0.6712, 'loss': 1.2672, 'lr': 0.0, 'params': 632328, 'time_iter': 0.1814, 'accuracy': 1.0}
train: {'epoch': 395, 'eta': 0.5373, 'loss': 1.2672, 'lr': 0.0, 'params': 632328, 'time_iter': 0.1708, 'accuracy': 1.0}
train: {'epoch': 396, 'eta': 0.4032, 'loss': 1.2672, 'lr': 0.0, 'params': 632328, 'time_iter': 0.1625, 'accuracy': 1.0}
train: {'epoch': 397, 'eta': 0.269, 'loss': 1.2672, 'lr': 0.0, 'params': 632328, 'time_iter': 0.1671, 'accuracy': 1.0}
train: {'epoch': 398, 'eta': 0.1346, 'loss': 1.2672, 'lr': 0.0, 'params': 632328, 'time_iter': 0.1662, 'accuracy': 1.0}
train: {'epoch': 399, 'eta': 0.0, 'loss': 1.2672, 'lr': 0.0, 'params': 632328, 'time_iter': 0.2038, 'accuracy': 1.0}
val: {'epoch': 399, 'loss': 1.741, 'lr': 0, 'params': 632328, 'time_iter': 0.0661, 'accuracy': 0.8542}
Task done, results saved in results/example_noneq_5
