Load: 0.07454s, Before split: 0.0004601s, Split: 0.000237s, After split: 0.0002749s
GNN(
  (preprocess): Preprocess(
    node_feature: dim_out=1433
    Total: dim_out=1433
  )
  (pre_mp): GeneralMultiLayer(
    (Layer_0): GeneralLayer(
      (layer): Linear(
        (model): Linear(in_features=1433, out_features=256, bias=False)
      )
      (post_layer): Sequential(
        (0): BatchNorm1d(256, eps=1e-05, momentum=0.1, affine=True, track_running_stats=True)
        (1): PReLU(num_parameters=1)
      )
    )
  )
  (mp): GNNStackStage(
    (layer0): GeneralLayer(
      (layer): GeneralConv(
        (model): GeneralConvLayer(256, 256)
      )
      (post_layer): Sequential(
        (0): BatchNorm1d(256, eps=1e-05, momentum=0.1, affine=True, track_running_stats=True)
        (1): PReLU(num_parameters=1)
      )
    )
    (layer1): GeneralLayer(
      (layer): GeneralConv(
        (model): GeneralConvLayer(256, 256)
      )
      (post_layer): Sequential(
        (0): BatchNorm1d(256, eps=1e-05, momentum=0.1, affine=True, track_running_stats=True)
        (1): PReLU(num_parameters=1)
      )
    )
  )
  (post_mp): GNNNodeHead(
    (layer_post_mp): MLP(
      (model): Sequential(
        (0): Linear(
          (model): Linear(in_features=256, out_features=7, bias=True)
        )
      )
    )
  )
)
bn:
  eps: 1e-05
  mom: 0.1
cfg_dest: config.yaml
custom_metrics: []
dataset:
  augment_feature: []
  augment_feature_dims: []
  augment_feature_repr: position
  augment_label: 
  augment_label_dims: 0
  cache_load: False
  cache_save: False
  dir: ./datasets
  edge_dim: 128
  edge_encoder: False
  edge_encoder_bn: True
  edge_encoder_name: Bond
  edge_message_ratio: 0.8
  edge_negative_sampling_ratio: 1.0
  edge_train_mode: all
  encoder: True
  encoder_bn: True
  encoder_dim: 128
  encoder_name: db
  format: PyG
  label_column: none
  label_table: none
  location: local
  name: Cora
  node_encoder: False
  node_encoder_bn: True
  node_encoder_name: Atom
  remove_feature: False
  resample_disjoint: False
  resample_negative: False
  shuffle_split: True
  split: [0.8, 0.2]
  split_mode: random
  task: node
  task_type: classification
  to_undirected: False
  transductive: True
  transform: none
  tu_simple: True
device: cpu
example_arg: example
example_group:
  example_arg: example
gnn:
  act: prelu
  agg: add
  att_final_linear: False
  att_final_linear_bn: False
  att_heads: 1
  batchnorm: True
  clear_feature: True
  dim_inner: 256
  dropout: 0.0
  flow: source_to_target
  head: node
  keep_edge: 0.5
  l2norm: True
  layer_type: generalconv
  layers_mp: 2
  layers_post_mp: 1
  layers_pre_mp: 1
  msg_direction: single
  normalize_adj: False
  self_msg: concat
  skip_every: 1
  stage_type: stack
gpu_mem: False
mem:
  inplace: False
metric_agg: argmax
metric_best: auto
model:
  edge_decoding: dot
  graph_pooling: add
  loss_fun: cross_entropy
  match_upper: True
  size_average: mean
  thresh: 0.5
  type: gnn
num_threads: 6
num_workers: 0
optim:
  base_lr: 0.01
  lr_decay: 0.1
  max_epoch: 400
  momentum: 0.9
  optimizer: adam
  scheduler: cos
  steps: [30, 60, 90]
  weight_decay: 0.0005
out_dir: results/example_noneq_6
params: 632328
print: both
round: 4
run_dir: results/example_noneq_6/2
seed: 3
share:
  dim_in: 1433
  dim_out: 7
  num_splits: 2
tensorboard_agg: True
tensorboard_each_run: False
train:
  auto_resume: False
  batch_size: 32
  ckpt_clean: True
  ckpt_period: 100
  enable_ckpt: True
  energy_alpha: 0.8
  energy_beta: 0.8
  energy_reg: True
  epoch_resume: -1
  eval_period: 20
  iter_per_epoch: 32
  mode: standard
  neighbor_sizes: [20, 15, 10, 5]
  node_per_graph: 32
  radius: extend
  sample_node: False
  sampler: full_batch
  skip_train_eval: False
  walk_length: 4
val:
  node_per_graph: 32
  radius: extend
  sample_node: False
  sampler: full_batch
view_emb: False
Num parameters: 632328
Start from epoch 0
train: {'epoch': 0, 'eta': 46.1575, 'loss': 3.4315, 'lr': 0.01, 'params': 632328, 'time_iter': 0.1157, 'accuracy': 0.2031}
val: {'epoch': 0, 'loss': 2.7526, 'lr': 0, 'params': 632328, 'time_iter': 0.05, 'accuracy': 0.2823}
train: {'epoch': 1, 'eta': 59.591, 'loss': 2.8921, 'lr': 0.01, 'params': 632328, 'time_iter': 0.1838, 'accuracy': 0.6163}
train: {'epoch': 2, 'eta': 55.6593, 'loss': 2.5704, 'lr': 0.01, 'params': 632328, 'time_iter': 0.1211, 'accuracy': 0.6768}
train: {'epoch': 3, 'eta': 52.5871, 'loss': 2.3789, 'lr': 0.01, 'params': 632328, 'time_iter': 0.1106, 'accuracy': 0.7078}
train: {'epoch': 4, 'eta': 49.9091, 'loss': 2.2081, 'lr': 0.01, 'params': 632328, 'time_iter': 0.1006, 'accuracy': 0.7424}
train: {'epoch': 5, 'eta': 48.7708, 'loss': 2.0606, 'lr': 0.01, 'params': 632328, 'time_iter': 0.1109, 'accuracy': 0.7696}
train: {'epoch': 6, 'eta': 46.8968, 'loss': 1.9491, 'lr': 0.01, 'params': 632328, 'time_iter': 0.0926, 'accuracy': 0.8135}
train: {'epoch': 7, 'eta': 46.3759, 'loss': 1.836, 'lr': 0.01, 'params': 632328, 'time_iter': 0.1111, 'accuracy': 0.8486}
train: {'epoch': 8, 'eta': 45.3119, 'loss': 1.7492, 'lr': 0.01, 'params': 632328, 'time_iter': 0.0965, 'accuracy': 0.8698}
train: {'epoch': 9, 'eta': 45.0309, 'loss': 1.6752, 'lr': 0.01, 'params': 632328, 'time_iter': 0.1117, 'accuracy': 0.8897}
train: {'epoch': 10, 'eta': 44.4839, 'loss': 1.6027, 'lr': 0.01, 'params': 632328, 'time_iter': 0.1033, 'accuracy': 0.8947}
train: {'epoch': 11, 'eta': 43.7824, 'loss': 1.5415, 'lr': 0.01, 'params': 632328, 'time_iter': 0.0962, 'accuracy': 0.9067}
train: {'epoch': 12, 'eta': 43.3568, 'loss': 1.4877, 'lr': 0.01, 'params': 632328, 'time_iter': 0.1023, 'accuracy': 0.9141}
train: {'epoch': 13, 'eta': 42.8949, 'loss': 1.4411, 'lr': 0.01, 'params': 632328, 'time_iter': 0.0993, 'accuracy': 0.9201}
train: {'epoch': 14, 'eta': 42.5997, 'loss': 1.4002, 'lr': 0.01, 'params': 632328, 'time_iter': 0.104, 'accuracy': 0.9229}
train: {'epoch': 15, 'eta': 42.7983, 'loss': 1.3621, 'lr': 0.01, 'params': 632328, 'time_iter': 0.1235, 'accuracy': 0.9252}
train: {'epoch': 16, 'eta': 42.7579, 'loss': 1.3276, 'lr': 0.01, 'params': 632328, 'time_iter': 0.1146, 'accuracy': 0.9303}
train: {'epoch': 17, 'eta': 42.9337, 'loss': 1.2965, 'lr': 0.01, 'params': 632328, 'time_iter': 0.1252, 'accuracy': 0.9326}
train: {'epoch': 18, 'eta': 43.0027, 'loss': 1.2686, 'lr': 0.01, 'params': 632328, 'time_iter': 0.1214, 'accuracy': 0.9367}
train: {'epoch': 19, 'eta': 43.1052, 'loss': 1.243, 'lr': 0.0099, 'params': 632328, 'time_iter': 0.1242, 'accuracy': 0.9418}
val: {'epoch': 19, 'loss': 1.4099, 'lr': 0, 'params': 632328, 'time_iter': 0.0519, 'accuracy': 0.8708}
train: {'epoch': 20, 'eta': 42.8881, 'loss': 1.22, 'lr': 0.0099, 'params': 632328, 'time_iter': 0.1077, 'accuracy': 0.9441}
train: {'epoch': 21, 'eta': 42.8808, 'loss': 1.1996, 'lr': 0.0099, 'params': 632328, 'time_iter': 0.1193, 'accuracy': 0.9464}
train: {'epoch': 22, 'eta': 42.7474, 'loss': 1.181, 'lr': 0.0099, 'params': 632328, 'time_iter': 0.1122, 'accuracy': 0.9501}
train: {'epoch': 23, 'eta': 42.8551, 'loss': 1.1642, 'lr': 0.0099, 'params': 632328, 'time_iter': 0.1275, 'accuracy': 0.9529}
train: {'epoch': 24, 'eta': 42.558, 'loss': 1.1486, 'lr': 0.0099, 'params': 632328, 'time_iter': 0.1018, 'accuracy': 0.9534}
train: {'epoch': 25, 'eta': 42.3484, 'loss': 1.1343, 'lr': 0.0099, 'params': 632328, 'time_iter': 0.1068, 'accuracy': 0.9575}
train: {'epoch': 26, 'eta': 42.1373, 'loss': 1.1208, 'lr': 0.0099, 'params': 632328, 'time_iter': 0.1061, 'accuracy': 0.9617}
train: {'epoch': 27, 'eta': 42.0199, 'loss': 1.1075, 'lr': 0.0099, 'params': 632328, 'time_iter': 0.1126, 'accuracy': 0.9631}
train: {'epoch': 28, 'eta': 41.7147, 'loss': 1.0958, 'lr': 0.0099, 'params': 632328, 'time_iter': 0.0979, 'accuracy': 0.9663}
train: {'epoch': 29, 'eta': 41.5476, 'loss': 1.0862, 'lr': 0.0099, 'params': 632328, 'time_iter': 0.108, 'accuracy': 0.9691}
train: {'epoch': 30, 'eta': 41.438, 'loss': 1.0783, 'lr': 0.0099, 'params': 632328, 'time_iter': 0.1125, 'accuracy': 0.9691}
train: {'epoch': 31, 'eta': 41.351, 'loss': 1.0865, 'lr': 0.0099, 'params': 632328, 'time_iter': 0.1145, 'accuracy': 0.9695}
train: {'epoch': 32, 'eta': 41.079, 'loss': 1.1903, 'lr': 0.0098, 'params': 632328, 'time_iter': 0.098, 'accuracy': 0.9169}
train: {'epoch': 33, 'eta': 40.8934, 'loss': 1.0782, 'lr': 0.0098, 'params': 632328, 'time_iter': 0.1051, 'accuracy': 0.9663}
train: {'epoch': 34, 'eta': 40.6053, 'loss': 1.1443, 'lr': 0.0098, 'params': 632328, 'time_iter': 0.0948, 'accuracy': 0.9474}
train: {'epoch': 35, 'eta': 40.5431, 'loss': 1.0859, 'lr': 0.0098, 'params': 632328, 'time_iter': 0.1161, 'accuracy': 0.9575}
train: {'epoch': 36, 'eta': 40.272, 'loss': 1.1409, 'lr': 0.0098, 'params': 632328, 'time_iter': 0.0951, 'accuracy': 0.9428}
train: {'epoch': 37, 'eta': 40.1464, 'loss': 1.108, 'lr': 0.0098, 'params': 632328, 'time_iter': 0.1094, 'accuracy': 0.9538}
train: {'epoch': 38, 'eta': 39.8863, 'loss': 1.0708, 'lr': 0.0098, 'params': 632328, 'time_iter': 0.0948, 'accuracy': 0.9608}
train: {'epoch': 39, 'eta': 39.7301, 'loss': 1.0567, 'lr': 0.0098, 'params': 632328, 'time_iter': 0.1054, 'accuracy': 0.97}
val: {'epoch': 39, 'loss': 1.3476, 'lr': 0, 'params': 632328, 'time_iter': 0.0496, 'accuracy': 0.8801}
train: {'epoch': 40, 'eta': 39.6234, 'loss': 1.0596, 'lr': 0.0098, 'params': 632328, 'time_iter': 0.1108, 'accuracy': 0.9705}
train: {'epoch': 41, 'eta': 39.4849, 'loss': 1.0613, 'lr': 0.0097, 'params': 632328, 'time_iter': 0.1071, 'accuracy': 0.9686}
train: {'epoch': 42, 'eta': 39.2871, 'loss': 1.0441, 'lr': 0.0097, 'params': 632328, 'time_iter': 0.0998, 'accuracy': 0.9732}
train: {'epoch': 43, 'eta': 39.0913, 'loss': 1.0319, 'lr': 0.0097, 'params': 632328, 'time_iter': 0.0994, 'accuracy': 0.976}
train: {'epoch': 44, 'eta': 38.9489, 'loss': 1.0281, 'lr': 0.0097, 'params': 632328, 'time_iter': 0.1057, 'accuracy': 0.9755}
train: {'epoch': 45, 'eta': 38.8409, 'loss': 1.0233, 'lr': 0.0097, 'params': 632328, 'time_iter': 0.1099, 'accuracy': 0.976}
train: {'epoch': 46, 'eta': 38.6742, 'loss': 1.0171, 'lr': 0.0097, 'params': 632328, 'time_iter': 0.1021, 'accuracy': 0.9806}
train: {'epoch': 47, 'eta': 38.5578, 'loss': 1.013, 'lr': 0.0097, 'params': 632328, 'time_iter': 0.1086, 'accuracy': 0.982}
train: {'epoch': 48, 'eta': 38.3533, 'loss': 1.0087, 'lr': 0.0096, 'params': 632328, 'time_iter': 0.0963, 'accuracy': 0.9852}
train: {'epoch': 49, 'eta': 38.2172, 'loss': 1.0021, 'lr': 0.0096, 'params': 632328, 'time_iter': 0.1054, 'accuracy': 0.9875}
train: {'epoch': 50, 'eta': 38.0875, 'loss': 0.9978, 'lr': 0.0096, 'params': 632328, 'time_iter': 0.1062, 'accuracy': 0.9866}
train: {'epoch': 51, 'eta': 37.9776, 'loss': 0.9934, 'lr': 0.0096, 'params': 632328, 'time_iter': 0.109, 'accuracy': 0.9885}
train: {'epoch': 52, 'eta': 37.8162, 'loss': 0.9906, 'lr': 0.0096, 'params': 632328, 'time_iter': 0.1011, 'accuracy': 0.9908}
train: {'epoch': 53, 'eta': 37.6009, 'loss': 0.9889, 'lr': 0.0096, 'params': 632328, 'time_iter': 0.0924, 'accuracy': 0.9917}
train: {'epoch': 54, 'eta': 38.2111, 'loss': 0.9937, 'lr': 0.0096, 'params': 632328, 'time_iter': 0.2233, 'accuracy': 0.9852}
train: {'epoch': 55, 'eta': 38.1071, 'loss': 1.0101, 'lr': 0.0095, 'params': 632328, 'time_iter': 0.1119, 'accuracy': 0.9769}
train: {'epoch': 56, 'eta': 37.9868, 'loss': 1.006, 'lr': 0.0095, 'params': 632328, 'time_iter': 0.1092, 'accuracy': 0.9751}
train: {'epoch': 57, 'eta': 38.2292, 'loss': 0.9914, 'lr': 0.0095, 'params': 632328, 'time_iter': 0.1706, 'accuracy': 0.9815}
train: {'epoch': 58, 'eta': 38.2589, 'loss': 0.9903, 'lr': 0.0095, 'params': 632328, 'time_iter': 0.1363, 'accuracy': 0.9834}
train: {'epoch': 59, 'eta': 38.3081, 'loss': 0.9923, 'lr': 0.0095, 'params': 632328, 'time_iter': 0.1407, 'accuracy': 0.9834}
val: {'epoch': 59, 'loss': 1.3775, 'lr': 0, 'params': 632328, 'time_iter': 0.051, 'accuracy': 0.8561}
train: {'epoch': 60, 'eta': 38.7674, 'loss': 0.9817, 'lr': 0.0095, 'params': 632328, 'time_iter': 0.2156, 'accuracy': 0.9912}
train: {'epoch': 61, 'eta': 39.3443, 'loss': 0.978, 'lr': 0.0094, 'params': 632328, 'time_iter': 0.2412, 'accuracy': 0.9912}
train: {'epoch': 62, 'eta': 39.9657, 'loss': 0.979, 'lr': 0.0094, 'params': 632328, 'time_iter': 0.2543, 'accuracy': 0.9912}
train: {'epoch': 63, 'eta': 40.0241, 'loss': 0.9727, 'lr': 0.0094, 'params': 632328, 'time_iter': 0.1523, 'accuracy': 0.9922}
train: {'epoch': 64, 'eta': 40.0881, 'loss': 0.9737, 'lr': 0.0094, 'params': 632328, 'time_iter': 0.1546, 'accuracy': 0.9903}
train: {'epoch': 65, 'eta': 40.0595, 'loss': 0.9658, 'lr': 0.0094, 'params': 632328, 'time_iter': 0.1377, 'accuracy': 0.9935}
train: {'epoch': 66, 'eta': 40.3303, 'loss': 0.9672, 'lr': 0.0093, 'params': 632328, 'time_iter': 0.1985, 'accuracy': 0.9926}
train: {'epoch': 67, 'eta': 40.7225, 'loss': 0.9605, 'lr': 0.0093, 'params': 632328, 'time_iter': 0.2263, 'accuracy': 0.9954}
train: {'epoch': 68, 'eta': 40.6553, 'loss': 0.9604, 'lr': 0.0093, 'params': 632328, 'time_iter': 0.1342, 'accuracy': 0.9958}
train: {'epoch': 69, 'eta': 40.563, 'loss': 0.9565, 'lr': 0.0093, 'params': 632328, 'time_iter': 0.1293, 'accuracy': 0.9954}
train: {'epoch': 70, 'eta': 40.4158, 'loss': 0.9549, 'lr': 0.0093, 'params': 632328, 'time_iter': 0.1177, 'accuracy': 0.9958}
train: {'epoch': 71, 'eta': 40.2527, 'loss': 0.9522, 'lr': 0.0092, 'params': 632328, 'time_iter': 0.114, 'accuracy': 0.9958}
train: {'epoch': 72, 'eta': 40.2369, 'loss': 0.9512, 'lr': 0.0092, 'params': 632328, 'time_iter': 0.1466, 'accuracy': 0.9958}
train: {'epoch': 73, 'eta': 40.0614, 'loss': 0.9487, 'lr': 0.0092, 'params': 632328, 'time_iter': 0.1112, 'accuracy': 0.9986}
train: {'epoch': 74, 'eta': 39.9435, 'loss': 0.9482, 'lr': 0.0092, 'params': 632328, 'time_iter': 0.124, 'accuracy': 0.9963}
train: {'epoch': 75, 'eta': 39.8641, 'loss': 0.9538, 'lr': 0.0092, 'params': 632328, 'time_iter': 0.1331, 'accuracy': 0.9963}
train: {'epoch': 76, 'eta': 39.6658, 'loss': 1.0195, 'lr': 0.0091, 'params': 632328, 'time_iter': 0.1051, 'accuracy': 0.9774}
train: {'epoch': 77, 'eta': 39.4955, 'loss': 1.1759, 'lr': 0.0091, 'params': 632328, 'time_iter': 0.1113, 'accuracy': 0.9109}
train: {'epoch': 78, 'eta': 39.2797, 'loss': 1.0245, 'lr': 0.0091, 'params': 632328, 'time_iter': 0.0997, 'accuracy': 0.9714}
train: {'epoch': 79, 'eta': 39.1174, 'loss': 1.0461, 'lr': 0.0091, 'params': 632328, 'time_iter': 0.1124, 'accuracy': 0.9681}
val: {'epoch': 79, 'loss': 1.3638, 'lr': 0, 'params': 632328, 'time_iter': 0.0457, 'accuracy': 0.8708}
train: {'epoch': 80, 'eta': 38.9425, 'loss': 1.0195, 'lr': 0.009, 'params': 632328, 'time_iter': 0.1089, 'accuracy': 0.9778}
train: {'epoch': 81, 'eta': 38.774, 'loss': 1.0141, 'lr': 0.009, 'params': 632328, 'time_iter': 0.1101, 'accuracy': 0.9788}
train: {'epoch': 82, 'eta': 38.6472, 'loss': 1.0033, 'lr': 0.009, 'params': 632328, 'time_iter': 0.1207, 'accuracy': 0.9811}
train: {'epoch': 83, 'eta': 38.5684, 'loss': 0.9964, 'lr': 0.009, 'params': 632328, 'time_iter': 0.1334, 'accuracy': 0.982}
train: {'epoch': 84, 'eta': 38.4333, 'loss': 0.9888, 'lr': 0.009, 'params': 632328, 'time_iter': 0.1185, 'accuracy': 0.9852}
train: {'epoch': 85, 'eta': 38.2754, 'loss': 0.9801, 'lr': 0.0089, 'params': 632328, 'time_iter': 0.1122, 'accuracy': 0.9885}
train: {'epoch': 86, 'eta': 38.1148, 'loss': 0.9757, 'lr': 0.0089, 'params': 632328, 'time_iter': 0.1111, 'accuracy': 0.9889}
train: {'epoch': 87, 'eta': 37.9703, 'loss': 0.9712, 'lr': 0.0089, 'params': 632328, 'time_iter': 0.1154, 'accuracy': 0.9917}
train: {'epoch': 88, 'eta': 37.8594, 'loss': 0.9655, 'lr': 0.0089, 'params': 632328, 'time_iter': 0.1248, 'accuracy': 0.994}
train: {'epoch': 89, 'eta': 37.7082, 'loss': 0.9619, 'lr': 0.0088, 'params': 632328, 'time_iter': 0.1132, 'accuracy': 0.9945}
train: {'epoch': 90, 'eta': 37.5663, 'loss': 0.9582, 'lr': 0.0088, 'params': 632328, 'time_iter': 0.1157, 'accuracy': 0.9949}
train: {'epoch': 91, 'eta': 37.4667, 'loss': 0.956, 'lr': 0.0088, 'params': 632328, 'time_iter': 0.1281, 'accuracy': 0.9954}
train: {'epoch': 92, 'eta': 37.292, 'loss': 0.9543, 'lr': 0.0088, 'params': 632328, 'time_iter': 0.1056, 'accuracy': 0.9954}
train: {'epoch': 93, 'eta': 37.2086, 'loss': 0.9522, 'lr': 0.0087, 'params': 632328, 'time_iter': 0.1332, 'accuracy': 0.9958}
train: {'epoch': 94, 'eta': 37.0986, 'loss': 0.9488, 'lr': 0.0087, 'params': 632328, 'time_iter': 0.1252, 'accuracy': 0.9963}
train: {'epoch': 95, 'eta': 37.0596, 'loss': 0.9465, 'lr': 0.0087, 'params': 632328, 'time_iter': 0.1477, 'accuracy': 0.9963}
train: {'epoch': 96, 'eta': 36.9407, 'loss': 0.9442, 'lr': 0.0086, 'params': 632328, 'time_iter': 0.1229, 'accuracy': 0.9963}
train: {'epoch': 97, 'eta': 36.8011, 'loss': 0.9425, 'lr': 0.0086, 'params': 632328, 'time_iter': 0.1162, 'accuracy': 0.9977}
train: {'epoch': 98, 'eta': 36.7298, 'loss': 0.9407, 'lr': 0.0086, 'params': 632328, 'time_iter': 0.1385, 'accuracy': 0.9977}
train: {'epoch': 99, 'eta': 36.6408, 'loss': 0.9395, 'lr': 0.0086, 'params': 632328, 'time_iter': 0.133, 'accuracy': 0.9977}
val: {'epoch': 99, 'loss': 1.2907, 'lr': 0, 'params': 632328, 'time_iter': 0.0528, 'accuracy': 0.8782}
train: {'epoch': 100, 'eta': 36.4998, 'loss': 0.9379, 'lr': 0.0085, 'params': 632328, 'time_iter': 0.1158, 'accuracy': 0.9986}
train: {'epoch': 101, 'eta': 36.3435, 'loss': 0.9368, 'lr': 0.0085, 'params': 632328, 'time_iter': 0.1104, 'accuracy': 0.9991}
train: {'epoch': 102, 'eta': 36.1866, 'loss': 0.9353, 'lr': 0.0085, 'params': 632328, 'time_iter': 0.1098, 'accuracy': 0.9986}
train: {'epoch': 103, 'eta': 36.0016, 'loss': 0.9342, 'lr': 0.0085, 'params': 632328, 'time_iter': 0.0997, 'accuracy': 0.9991}
train: {'epoch': 104, 'eta': 35.8453, 'loss': 0.9331, 'lr': 0.0084, 'params': 632328, 'time_iter': 0.1093, 'accuracy': 0.9991}
train: {'epoch': 105, 'eta': 35.8105, 'loss': 0.932, 'lr': 0.0084, 'params': 632328, 'time_iter': 0.1528, 'accuracy': 0.9995}
train: {'epoch': 106, 'eta': 35.6451, 'loss': 0.9309, 'lr': 0.0084, 'params': 632328, 'time_iter': 0.1059, 'accuracy': 0.9991}
train: {'epoch': 107, 'eta': 35.4822, 'loss': 0.9301, 'lr': 0.0083, 'params': 632328, 'time_iter': 0.1064, 'accuracy': 0.9991}
train: {'epoch': 108, 'eta': 35.316, 'loss': 0.9291, 'lr': 0.0083, 'params': 632328, 'time_iter': 0.1047, 'accuracy': 0.9991}
train: {'epoch': 109, 'eta': 35.2323, 'loss': 0.9284, 'lr': 0.0083, 'params': 632328, 'time_iter': 0.1357, 'accuracy': 0.9991}
train: {'epoch': 110, 'eta': 35.0692, 'loss': 0.9275, 'lr': 0.0082, 'params': 632328, 'time_iter': 0.1055, 'accuracy': 0.9995}
train: {'epoch': 111, 'eta': 34.9016, 'loss': 0.9287, 'lr': 0.0082, 'params': 632328, 'time_iter': 0.1034, 'accuracy': 0.9982}
train: {'epoch': 112, 'eta': 34.7317, 'loss': 0.9331, 'lr': 0.0082, 'params': 632328, 'time_iter': 0.102, 'accuracy': 0.9972}
train: {'epoch': 113, 'eta': 34.5809, 'loss': 0.9658, 'lr': 0.0082, 'params': 632328, 'time_iter': 0.1091, 'accuracy': 0.9908}
train: {'epoch': 114, 'eta': 34.4063, 'loss': 1.0075, 'lr': 0.0081, 'params': 632328, 'time_iter': 0.0993, 'accuracy': 0.9848}
train: {'epoch': 115, 'eta': 34.2851, 'loss': 1.0266, 'lr': 0.0081, 'params': 632328, 'time_iter': 0.1205, 'accuracy': 0.9575}
train: {'epoch': 116, 'eta': 34.2076, 'loss': 1.0255, 'lr': 0.0081, 'params': 632328, 'time_iter': 0.1386, 'accuracy': 0.9672}
train: {'epoch': 117, 'eta': 34.1207, 'loss': 0.9932, 'lr': 0.008, 'params': 632328, 'time_iter': 0.1351, 'accuracy': 0.9801}
train: {'epoch': 118, 'eta': 33.9409, 'loss': 0.9824, 'lr': 0.008, 'params': 632328, 'time_iter': 0.0961, 'accuracy': 0.9783}
train: {'epoch': 119, 'eta': 33.8174, 'loss': 0.97, 'lr': 0.008, 'params': 632328, 'time_iter': 0.1196, 'accuracy': 0.9885}
val: {'epoch': 119, 'loss': 1.3059, 'lr': 0, 'params': 632328, 'time_iter': 0.0621, 'accuracy': 0.8801}
train: {'epoch': 120, 'eta': 33.6659, 'loss': 0.9635, 'lr': 0.0079, 'params': 632328, 'time_iter': 0.1074, 'accuracy': 0.9922}
train: {'epoch': 121, 'eta': 33.7256, 'loss': 0.9605, 'lr': 0.0079, 'params': 632328, 'time_iter': 0.1998, 'accuracy': 0.9922}
train: {'epoch': 122, 'eta': 33.6285, 'loss': 0.9572, 'lr': 0.0079, 'params': 632328, 'time_iter': 0.1321, 'accuracy': 0.9949}
train: {'epoch': 123, 'eta': 33.5103, 'loss': 0.9523, 'lr': 0.0078, 'params': 632328, 'time_iter': 0.1228, 'accuracy': 0.9972}
train: {'epoch': 124, 'eta': 33.3648, 'loss': 0.9467, 'lr': 0.0078, 'params': 632328, 'time_iter': 0.1105, 'accuracy': 0.9972}
train: {'epoch': 125, 'eta': 33.2407, 'loss': 0.9428, 'lr': 0.0078, 'params': 632328, 'time_iter': 0.1201, 'accuracy': 0.9982}
train: {'epoch': 126, 'eta': 33.1011, 'loss': 0.9403, 'lr': 0.0077, 'params': 632328, 'time_iter': 0.1128, 'accuracy': 0.9982}
train: {'epoch': 127, 'eta': 32.9498, 'loss': 0.9379, 'lr': 0.0077, 'params': 632328, 'time_iter': 0.1071, 'accuracy': 0.9977}
train: {'epoch': 128, 'eta': 32.8134, 'loss': 0.9357, 'lr': 0.0077, 'params': 632328, 'time_iter': 0.1139, 'accuracy': 0.9972}
train: {'epoch': 129, 'eta': 32.6684, 'loss': 0.9339, 'lr': 0.0076, 'params': 632328, 'time_iter': 0.1096, 'accuracy': 0.9977}
train: {'epoch': 130, 'eta': 32.521, 'loss': 0.9322, 'lr': 0.0076, 'params': 632328, 'time_iter': 0.1081, 'accuracy': 0.9986}
train: {'epoch': 131, 'eta': 32.3651, 'loss': 0.9304, 'lr': 0.0076, 'params': 632328, 'time_iter': 0.1037, 'accuracy': 0.9991}
train: {'epoch': 132, 'eta': 32.2111, 'loss': 0.9289, 'lr': 0.0075, 'params': 632328, 'time_iter': 0.1042, 'accuracy': 0.9991}
train: {'epoch': 133, 'eta': 32.034, 'loss': 0.9276, 'lr': 0.0075, 'params': 632328, 'time_iter': 0.0922, 'accuracy': 0.9991}
train: {'epoch': 134, 'eta': 31.9483, 'loss': 0.9264, 'lr': 0.0075, 'params': 632328, 'time_iter': 0.1381, 'accuracy': 0.9986}
train: {'epoch': 135, 'eta': 32.2126, 'loss': 0.9252, 'lr': 0.0074, 'params': 632328, 'time_iter': 0.3188, 'accuracy': 0.9986}
train: {'epoch': 136, 'eta': 32.4066, 'loss': 0.9242, 'lr': 0.0074, 'params': 632328, 'time_iter': 0.2866, 'accuracy': 0.9991}
train: {'epoch': 137, 'eta': 32.4179, 'loss': 0.9232, 'lr': 0.0074, 'params': 632328, 'time_iter': 0.1941, 'accuracy': 0.9995}
train: {'epoch': 138, 'eta': 32.354, 'loss': 0.9224, 'lr': 0.0073, 'params': 632328, 'time_iter': 0.1556, 'accuracy': 0.9995}
train: {'epoch': 139, 'eta': 32.2828, 'loss': 0.9216, 'lr': 0.0073, 'params': 632328, 'time_iter': 0.1524, 'accuracy': 0.9991}
val: {'epoch': 139, 'loss': 1.2926, 'lr': 0, 'params': 632328, 'time_iter': 0.0434, 'accuracy': 0.8708}
train: {'epoch': 140, 'eta': 32.1013, 'loss': 0.9208, 'lr': 0.0073, 'params': 632328, 'time_iter': 0.093, 'accuracy': 0.9995}
train: {'epoch': 141, 'eta': 31.927, 'loss': 0.9202, 'lr': 0.0072, 'params': 632328, 'time_iter': 0.0962, 'accuracy': 0.9995}
train: {'epoch': 142, 'eta': 31.7566, 'loss': 0.9196, 'lr': 0.0072, 'params': 632328, 'time_iter': 0.0978, 'accuracy': 0.9995}
train: {'epoch': 143, 'eta': 31.5929, 'loss': 0.919, 'lr': 0.0072, 'params': 632328, 'time_iter': 0.101, 'accuracy': 1.0}
train: {'epoch': 144, 'eta': 31.4222, 'loss': 0.9183, 'lr': 0.0071, 'params': 632328, 'time_iter': 0.0965, 'accuracy': 1.0}
train: {'epoch': 145, 'eta': 31.3215, 'loss': 0.9176, 'lr': 0.0071, 'params': 632328, 'time_iter': 0.1362, 'accuracy': 1.0}
train: {'epoch': 146, 'eta': 31.1761, 'loss': 0.9171, 'lr': 0.0071, 'params': 632328, 'time_iter': 0.1104, 'accuracy': 1.0}
train: {'epoch': 147, 'eta': 31.0615, 'loss': 0.9166, 'lr': 0.007, 'params': 632328, 'time_iter': 0.1283, 'accuracy': 1.0}
train: {'epoch': 148, 'eta': 30.9078, 'loss': 0.9162, 'lr': 0.007, 'params': 632328, 'time_iter': 0.1052, 'accuracy': 1.0}
train: {'epoch': 149, 'eta': 30.7833, 'loss': 0.9157, 'lr': 0.0069, 'params': 632328, 'time_iter': 0.1223, 'accuracy': 1.0}
train: {'epoch': 150, 'eta': 30.6383, 'loss': 0.9152, 'lr': 0.0069, 'params': 632328, 'time_iter': 0.1099, 'accuracy': 0.9995}
train: {'epoch': 151, 'eta': 30.4703, 'loss': 0.9147, 'lr': 0.0069, 'params': 632328, 'time_iter': 0.0955, 'accuracy': 0.9995}
train: {'epoch': 152, 'eta': 30.3027, 'loss': 0.9143, 'lr': 0.0068, 'params': 632328, 'time_iter': 0.0952, 'accuracy': 1.0}
train: {'epoch': 153, 'eta': 30.1962, 'loss': 0.9139, 'lr': 0.0068, 'params': 632328, 'time_iter': 0.1328, 'accuracy': 1.0}
train: {'epoch': 154, 'eta': 30.0455, 'loss': 0.9137, 'lr': 0.0068, 'params': 632328, 'time_iter': 0.1051, 'accuracy': 1.0}
train: {'epoch': 155, 'eta': 29.8827, 'loss': 0.9139, 'lr': 0.0067, 'params': 632328, 'time_iter': 0.097, 'accuracy': 1.0}
train: {'epoch': 156, 'eta': 29.7294, 'loss': 0.9137, 'lr': 0.0067, 'params': 632328, 'time_iter': 0.1025, 'accuracy': 1.0}
train: {'epoch': 157, 'eta': 29.5687, 'loss': 0.9129, 'lr': 0.0067, 'params': 632328, 'time_iter': 0.0973, 'accuracy': 1.0}
train: {'epoch': 158, 'eta': 29.4251, 'loss': 0.9128, 'lr': 0.0066, 'params': 632328, 'time_iter': 0.1081, 'accuracy': 0.9995}
train: {'epoch': 159, 'eta': 29.2642, 'loss': 0.9124, 'lr': 0.0066, 'params': 632328, 'time_iter': 0.0962, 'accuracy': 1.0}
val: {'epoch': 159, 'loss': 1.2898, 'lr': 0, 'params': 632328, 'time_iter': 0.044, 'accuracy': 0.8598}
train: {'epoch': 160, 'eta': 29.1111, 'loss': 0.912, 'lr': 0.0065, 'params': 632328, 'time_iter': 0.1009, 'accuracy': 1.0}
train: {'epoch': 161, 'eta': 28.9639, 'loss': 0.9128, 'lr': 0.0065, 'params': 632328, 'time_iter': 0.1045, 'accuracy': 0.9995}
train: {'epoch': 162, 'eta': 28.8063, 'loss': 0.9189, 'lr': 0.0065, 'params': 632328, 'time_iter': 0.097, 'accuracy': 0.9972}
train: {'epoch': 163, 'eta': 28.6644, 'loss': 0.9203, 'lr': 0.0064, 'params': 632328, 'time_iter': 0.1074, 'accuracy': 0.9991}
train: {'epoch': 164, 'eta': 28.514, 'loss': 0.9245, 'lr': 0.0064, 'params': 632328, 'time_iter': 0.1011, 'accuracy': 0.9963}
train: {'epoch': 165, 'eta': 28.3735, 'loss': 0.9333, 'lr': 0.0064, 'params': 632328, 'time_iter': 0.1078, 'accuracy': 0.9991}
train: {'epoch': 166, 'eta': 28.2317, 'loss': 0.9615, 'lr': 0.0063, 'params': 632328, 'time_iter': 0.1065, 'accuracy': 0.9908}
train: {'epoch': 167, 'eta': 28.0812, 'loss': 0.9697, 'lr': 0.0063, 'params': 632328, 'time_iter': 0.1, 'accuracy': 0.9852}
train: {'epoch': 168, 'eta': 27.9358, 'loss': 0.9422, 'lr': 0.0062, 'params': 632328, 'time_iter': 0.1032, 'accuracy': 0.9958}
train: {'epoch': 169, 'eta': 27.7953, 'loss': 0.9431, 'lr': 0.0062, 'params': 632328, 'time_iter': 0.1065, 'accuracy': 0.9958}
train: {'epoch': 170, 'eta': 27.6434, 'loss': 0.9389, 'lr': 0.0062, 'params': 632328, 'time_iter': 0.0976, 'accuracy': 0.9954}
train: {'epoch': 171, 'eta': 27.5023, 'loss': 0.935, 'lr': 0.0061, 'params': 632328, 'time_iter': 0.1053, 'accuracy': 0.9968}
train: {'epoch': 172, 'eta': 27.3648, 'loss': 0.9319, 'lr': 0.0061, 'params': 632328, 'time_iter': 0.1077, 'accuracy': 0.9982}
train: {'epoch': 173, 'eta': 27.2258, 'loss': 0.929, 'lr': 0.0061, 'params': 632328, 'time_iter': 0.1064, 'accuracy': 0.9986}
train: {'epoch': 174, 'eta': 27.1004, 'loss': 0.9275, 'lr': 0.006, 'params': 632328, 'time_iter': 0.1167, 'accuracy': 0.9995}
train: {'epoch': 175, 'eta': 26.9708, 'loss': 0.926, 'lr': 0.006, 'params': 632328, 'time_iter': 0.1132, 'accuracy': 0.9991}
train: {'epoch': 176, 'eta': 26.8377, 'loss': 0.9239, 'lr': 0.0059, 'params': 632328, 'time_iter': 0.1104, 'accuracy': 0.9995}
train: {'epoch': 177, 'eta': 26.7218, 'loss': 0.9218, 'lr': 0.0059, 'params': 632328, 'time_iter': 0.1239, 'accuracy': 1.0}
train: {'epoch': 178, 'eta': 26.6485, 'loss': 0.9204, 'lr': 0.0059, 'params': 632328, 'time_iter': 0.1585, 'accuracy': 0.9995}
train: {'epoch': 179, 'eta': 26.6835, 'loss': 0.9195, 'lr': 0.0058, 'params': 632328, 'time_iter': 0.248, 'accuracy': 1.0}
val: {'epoch': 179, 'loss': 1.3684, 'lr': 0, 'params': 632328, 'time_iter': 0.0681, 'accuracy': 0.8672}
train: {'epoch': 180, 'eta': 26.5584, 'loss': 0.9186, 'lr': 0.0058, 'params': 632328, 'time_iter': 0.1181, 'accuracy': 1.0}
train: {'epoch': 181, 'eta': 26.4308, 'loss': 0.9175, 'lr': 0.0057, 'params': 632328, 'time_iter': 0.1159, 'accuracy': 0.9995}
train: {'epoch': 182, 'eta': 26.2937, 'loss': 0.9163, 'lr': 0.0057, 'params': 632328, 'time_iter': 0.1079, 'accuracy': 0.9995}
train: {'epoch': 183, 'eta': 26.1507, 'loss': 0.9154, 'lr': 0.0057, 'params': 632328, 'time_iter': 0.1025, 'accuracy': 0.9995}
train: {'epoch': 184, 'eta': 26.0036, 'loss': 0.9146, 'lr': 0.0056, 'params': 632328, 'time_iter': 0.0986, 'accuracy': 1.0}
train: {'epoch': 185, 'eta': 25.8673, 'loss': 0.9139, 'lr': 0.0056, 'params': 632328, 'time_iter': 0.1077, 'accuracy': 1.0}
train: {'epoch': 186, 'eta': 25.7236, 'loss': 0.9133, 'lr': 0.0055, 'params': 632328, 'time_iter': 0.1008, 'accuracy': 1.0}
train: {'epoch': 187, 'eta': 25.5814, 'loss': 0.9128, 'lr': 0.0055, 'params': 632328, 'time_iter': 0.1018, 'accuracy': 1.0}
train: {'epoch': 188, 'eta': 25.4355, 'loss': 0.9123, 'lr': 0.0055, 'params': 632328, 'time_iter': 0.0981, 'accuracy': 1.0}
train: {'epoch': 189, 'eta': 25.3006, 'loss': 0.9119, 'lr': 0.0054, 'params': 632328, 'time_iter': 0.1076, 'accuracy': 1.0}
train: {'epoch': 190, 'eta': 25.1565, 'loss': 0.9115, 'lr': 0.0054, 'params': 632328, 'time_iter': 0.0989, 'accuracy': 0.9995}
train: {'epoch': 191, 'eta': 25.022, 'loss': 0.9111, 'lr': 0.0054, 'params': 632328, 'time_iter': 0.1073, 'accuracy': 0.9995}
train: {'epoch': 192, 'eta': 24.8784, 'loss': 0.9106, 'lr': 0.0053, 'params': 632328, 'time_iter': 0.0986, 'accuracy': 0.9995}
train: {'epoch': 193, 'eta': 24.7347, 'loss': 0.9102, 'lr': 0.0053, 'params': 632328, 'time_iter': 0.098, 'accuracy': 1.0}
train: {'epoch': 194, 'eta': 24.6015, 'loss': 0.9099, 'lr': 0.0052, 'params': 632328, 'time_iter': 0.1076, 'accuracy': 1.0}
train: {'epoch': 195, 'eta': 24.4632, 'loss': 0.9096, 'lr': 0.0052, 'params': 632328, 'time_iter': 0.1024, 'accuracy': 1.0}
train: {'epoch': 196, 'eta': 24.3552, 'loss': 0.9093, 'lr': 0.0052, 'params': 632328, 'time_iter': 0.1315, 'accuracy': 1.0}
train: {'epoch': 197, 'eta': 24.2153, 'loss': 0.909, 'lr': 0.0051, 'params': 632328, 'time_iter': 0.1004, 'accuracy': 1.0}
train: {'epoch': 198, 'eta': 24.081, 'loss': 0.9087, 'lr': 0.0051, 'params': 632328, 'time_iter': 0.1056, 'accuracy': 1.0}
train: {'epoch': 199, 'eta': 23.9356, 'loss': 0.9085, 'lr': 0.005, 'params': 632328, 'time_iter': 0.0942, 'accuracy': 1.0}
val: {'epoch': 199, 'loss': 1.3204, 'lr': 0, 'params': 632328, 'time_iter': 0.0418, 'accuracy': 0.8561}
train: {'epoch': 200, 'eta': 23.7829, 'loss': 0.9083, 'lr': 0.005, 'params': 632328, 'time_iter': 0.0864, 'accuracy': 1.0}
train: {'epoch': 201, 'eta': 23.6547, 'loss': 0.908, 'lr': 0.005, 'params': 632328, 'time_iter': 0.1106, 'accuracy': 1.0}
train: {'epoch': 202, 'eta': 23.5555, 'loss': 0.9078, 'lr': 0.0049, 'params': 632328, 'time_iter': 0.1404, 'accuracy': 1.0}
train: {'epoch': 203, 'eta': 23.4336, 'loss': 0.9076, 'lr': 0.0049, 'params': 632328, 'time_iter': 0.1172, 'accuracy': 1.0}
train: {'epoch': 204, 'eta': 23.3018, 'loss': 0.9074, 'lr': 0.0048, 'params': 632328, 'time_iter': 0.1067, 'accuracy': 1.0}
train: {'epoch': 205, 'eta': 23.1676, 'loss': 0.9072, 'lr': 0.0048, 'params': 632328, 'time_iter': 0.1038, 'accuracy': 1.0}
train: {'epoch': 206, 'eta': 23.0381, 'loss': 0.907, 'lr': 0.0048, 'params': 632328, 'time_iter': 0.1086, 'accuracy': 1.0}
train: {'epoch': 207, 'eta': 22.9078, 'loss': 0.9068, 'lr': 0.0047, 'params': 632328, 'time_iter': 0.1076, 'accuracy': 1.0}
train: {'epoch': 208, 'eta': 22.776, 'loss': 0.9067, 'lr': 0.0047, 'params': 632328, 'time_iter': 0.1056, 'accuracy': 1.0}
train: {'epoch': 209, 'eta': 22.6445, 'loss': 0.9065, 'lr': 0.0046, 'params': 632328, 'time_iter': 0.1057, 'accuracy': 1.0}
train: {'epoch': 210, 'eta': 22.5083, 'loss': 0.9063, 'lr': 0.0046, 'params': 632328, 'time_iter': 0.1001, 'accuracy': 1.0}
train: {'epoch': 211, 'eta': 22.3689, 'loss': 0.9062, 'lr': 0.0046, 'params': 632328, 'time_iter': 0.0963, 'accuracy': 1.0}
train: {'epoch': 212, 'eta': 22.2377, 'loss': 0.906, 'lr': 0.0045, 'params': 632328, 'time_iter': 0.1051, 'accuracy': 1.0}
train: {'epoch': 213, 'eta': 22.0978, 'loss': 0.9059, 'lr': 0.0045, 'params': 632328, 'time_iter': 0.0947, 'accuracy': 1.0}
train: {'epoch': 214, 'eta': 21.9636, 'loss': 0.9057, 'lr': 0.0045, 'params': 632328, 'time_iter': 0.1009, 'accuracy': 1.0}
train: {'epoch': 215, 'eta': 21.8266, 'loss': 0.9056, 'lr': 0.0044, 'params': 632328, 'time_iter': 0.0974, 'accuracy': 1.0}
train: {'epoch': 216, 'eta': 21.6965, 'loss': 0.9054, 'lr': 0.0044, 'params': 632328, 'time_iter': 0.1049, 'accuracy': 1.0}
train: {'epoch': 217, 'eta': 21.581, 'loss': 0.9053, 'lr': 0.0043, 'params': 632328, 'time_iter': 0.1223, 'accuracy': 1.0}
train: {'epoch': 218, 'eta': 21.4829, 'loss': 0.9052, 'lr': 0.0043, 'params': 632328, 'time_iter': 0.1434, 'accuracy': 1.0}
train: {'epoch': 219, 'eta': 21.3833, 'loss': 0.9051, 'lr': 0.0043, 'params': 632328, 'time_iter': 0.1419, 'accuracy': 1.0}
val: {'epoch': 219, 'loss': 1.312, 'lr': 0, 'params': 632328, 'time_iter': 0.1034, 'accuracy': 0.8598}
train: {'epoch': 220, 'eta': 21.309, 'loss': 0.9049, 'lr': 0.0042, 'params': 632328, 'time_iter': 0.1738, 'accuracy': 1.0}
train: {'epoch': 221, 'eta': 21.2378, 'loss': 0.9048, 'lr': 0.0042, 'params': 632328, 'time_iter': 0.1786, 'accuracy': 1.0}
train: {'epoch': 222, 'eta': 21.152, 'loss': 0.9047, 'lr': 0.0041, 'params': 632328, 'time_iter': 0.1615, 'accuracy': 1.0}
train: {'epoch': 223, 'eta': 21.0475, 'loss': 0.9046, 'lr': 0.0041, 'params': 632328, 'time_iter': 0.1387, 'accuracy': 1.0}
train: {'epoch': 224, 'eta': 20.9323, 'loss': 0.9046, 'lr': 0.0041, 'params': 632328, 'time_iter': 0.1251, 'accuracy': 1.0}
train: {'epoch': 225, 'eta': 20.7918, 'loss': 0.9047, 'lr': 0.004, 'params': 632328, 'time_iter': 0.0926, 'accuracy': 1.0}
train: {'epoch': 226, 'eta': 20.6593, 'loss': 0.9051, 'lr': 0.004, 'params': 632328, 'time_iter': 0.1024, 'accuracy': 1.0}
train: {'epoch': 227, 'eta': 20.5248, 'loss': 0.9055, 'lr': 0.0039, 'params': 632328, 'time_iter': 0.0994, 'accuracy': 1.0}
train: {'epoch': 228, 'eta': 20.3862, 'loss': 0.9081, 'lr': 0.0039, 'params': 632328, 'time_iter': 0.0936, 'accuracy': 0.9995}
train: {'epoch': 229, 'eta': 20.2564, 'loss': 0.9082, 'lr': 0.0039, 'params': 632328, 'time_iter': 0.1048, 'accuracy': 0.9995}
train: {'epoch': 230, 'eta': 20.1267, 'loss': 0.9083, 'lr': 0.0038, 'params': 632328, 'time_iter': 0.1048, 'accuracy': 1.0}
train: {'epoch': 231, 'eta': 19.9978, 'loss': 0.9087, 'lr': 0.0038, 'params': 632328, 'time_iter': 0.1055, 'accuracy': 0.9986}
train: {'epoch': 232, 'eta': 19.8607, 'loss': 0.9083, 'lr': 0.0038, 'params': 632328, 'time_iter': 0.0939, 'accuracy': 0.9995}
train: {'epoch': 233, 'eta': 19.7335, 'loss': 0.9075, 'lr': 0.0037, 'params': 632328, 'time_iter': 0.1073, 'accuracy': 1.0}
train: {'epoch': 234, 'eta': 19.6475, 'loss': 0.9071, 'lr': 0.0037, 'params': 632328, 'time_iter': 0.1657, 'accuracy': 0.9991}
train: {'epoch': 235, 'eta': 19.521, 'loss': 0.9064, 'lr': 0.0036, 'params': 632328, 'time_iter': 0.1084, 'accuracy': 0.9995}
train: {'epoch': 236, 'eta': 19.3943, 'loss': 0.9061, 'lr': 0.0036, 'params': 632328, 'time_iter': 0.1079, 'accuracy': 1.0}
train: {'epoch': 237, 'eta': 19.2839, 'loss': 0.9059, 'lr': 0.0036, 'params': 632328, 'time_iter': 0.1315, 'accuracy': 1.0}
train: {'epoch': 238, 'eta': 19.1471, 'loss': 0.9056, 'lr': 0.0035, 'params': 632328, 'time_iter': 0.0927, 'accuracy': 0.9995}
train: {'epoch': 239, 'eta': 19.0142, 'loss': 0.9051, 'lr': 0.0035, 'params': 632328, 'time_iter': 0.098, 'accuracy': 1.0}
val: {'epoch': 239, 'loss': 1.339, 'lr': 0, 'params': 632328, 'time_iter': 0.0489, 'accuracy': 0.8653}
train: {'epoch': 240, 'eta': 18.879, 'loss': 0.905, 'lr': 0.0035, 'params': 632328, 'time_iter': 0.0939, 'accuracy': 1.0}
train: {'epoch': 241, 'eta': 18.7533, 'loss': 0.9049, 'lr': 0.0034, 'params': 632328, 'time_iter': 0.108, 'accuracy': 1.0}
train: {'epoch': 242, 'eta': 18.6241, 'loss': 0.9045, 'lr': 0.0034, 'params': 632328, 'time_iter': 0.1025, 'accuracy': 1.0}
train: {'epoch': 243, 'eta': 18.4947, 'loss': 0.9044, 'lr': 0.0033, 'params': 632328, 'time_iter': 0.1017, 'accuracy': 1.0}
train: {'epoch': 244, 'eta': 18.3625, 'loss': 0.9042, 'lr': 0.0033, 'params': 632328, 'time_iter': 0.097, 'accuracy': 1.0}
train: {'epoch': 245, 'eta': 18.2337, 'loss': 0.9041, 'lr': 0.0033, 'params': 632328, 'time_iter': 0.102, 'accuracy': 1.0}
train: {'epoch': 246, 'eta': 18.1058, 'loss': 0.904, 'lr': 0.0032, 'params': 632328, 'time_iter': 0.103, 'accuracy': 1.0}
train: {'epoch': 247, 'eta': 17.9795, 'loss': 0.9038, 'lr': 0.0032, 'params': 632328, 'time_iter': 0.1053, 'accuracy': 1.0}
train: {'epoch': 248, 'eta': 17.8448, 'loss': 0.9037, 'lr': 0.0032, 'params': 632328, 'time_iter': 0.0912, 'accuracy': 1.0}
train: {'epoch': 249, 'eta': 17.7228, 'loss': 0.9036, 'lr': 0.0031, 'params': 632328, 'time_iter': 0.1119, 'accuracy': 1.0}
train: {'epoch': 250, 'eta': 17.592, 'loss': 0.9034, 'lr': 0.0031, 'params': 632328, 'time_iter': 0.0968, 'accuracy': 1.0}
train: {'epoch': 251, 'eta': 17.4665, 'loss': 0.9034, 'lr': 0.0031, 'params': 632328, 'time_iter': 0.1054, 'accuracy': 1.0}
train: {'epoch': 252, 'eta': 17.3375, 'loss': 0.9033, 'lr': 0.003, 'params': 632328, 'time_iter': 0.0992, 'accuracy': 1.0}
train: {'epoch': 253, 'eta': 17.2097, 'loss': 0.9032, 'lr': 0.003, 'params': 632328, 'time_iter': 0.1008, 'accuracy': 1.0}
train: {'epoch': 254, 'eta': 17.0854, 'loss': 0.9031, 'lr': 0.0029, 'params': 632328, 'time_iter': 0.1065, 'accuracy': 1.0}
train: {'epoch': 255, 'eta': 16.958, 'loss': 0.903, 'lr': 0.0029, 'params': 632328, 'time_iter': 0.101, 'accuracy': 1.0}
train: {'epoch': 256, 'eta': 16.8321, 'loss': 0.903, 'lr': 0.0029, 'params': 632328, 'time_iter': 0.1031, 'accuracy': 1.0}
train: {'epoch': 257, 'eta': 16.7052, 'loss': 0.9029, 'lr': 0.0028, 'params': 632328, 'time_iter': 0.1009, 'accuracy': 1.0}
train: {'epoch': 258, 'eta': 16.5793, 'loss': 0.9028, 'lr': 0.0028, 'params': 632328, 'time_iter': 0.1025, 'accuracy': 1.0}
train: {'epoch': 259, 'eta': 16.4641, 'loss': 0.9028, 'lr': 0.0028, 'params': 632328, 'time_iter': 0.1221, 'accuracy': 1.0}
val: {'epoch': 259, 'loss': 1.334, 'lr': 0, 'params': 632328, 'time_iter': 0.0504, 'accuracy': 0.8616}
train: {'epoch': 260, 'eta': 16.3369, 'loss': 0.9027, 'lr': 0.0027, 'params': 632328, 'time_iter': 0.0996, 'accuracy': 1.0}
train: {'epoch': 261, 'eta': 16.2296, 'loss': 0.9026, 'lr': 0.0027, 'params': 632328, 'time_iter': 0.137, 'accuracy': 1.0}
train: {'epoch': 262, 'eta': 16.1105, 'loss': 0.9026, 'lr': 0.0027, 'params': 632328, 'time_iter': 0.1147, 'accuracy': 1.0}
train: {'epoch': 263, 'eta': 15.9906, 'loss': 0.9025, 'lr': 0.0026, 'params': 632328, 'time_iter': 0.1132, 'accuracy': 1.0}
train: {'epoch': 264, 'eta': 15.8654, 'loss': 0.9025, 'lr': 0.0026, 'params': 632328, 'time_iter': 0.1025, 'accuracy': 1.0}
train: {'epoch': 265, 'eta': 15.7525, 'loss': 0.9025, 'lr': 0.0026, 'params': 632328, 'time_iter': 0.1267, 'accuracy': 1.0}
train: {'epoch': 266, 'eta': 15.6269, 'loss': 0.9024, 'lr': 0.0025, 'params': 632328, 'time_iter': 0.1014, 'accuracy': 1.0}
train: {'epoch': 267, 'eta': 15.5089, 'loss': 0.9024, 'lr': 0.0025, 'params': 632328, 'time_iter': 0.1166, 'accuracy': 1.0}
train: {'epoch': 268, 'eta': 15.3853, 'loss': 0.9024, 'lr': 0.0025, 'params': 632328, 'time_iter': 0.1049, 'accuracy': 1.0}
train: {'epoch': 269, 'eta': 15.2577, 'loss': 0.9023, 'lr': 0.0024, 'params': 632328, 'time_iter': 0.0963, 'accuracy': 1.0}
train: {'epoch': 270, 'eta': 15.1356, 'loss': 0.9023, 'lr': 0.0024, 'params': 632328, 'time_iter': 0.1075, 'accuracy': 1.0}
train: {'epoch': 271, 'eta': 15.0084, 'loss': 0.9023, 'lr': 0.0024, 'params': 632328, 'time_iter': 0.0962, 'accuracy': 1.0}
train: {'epoch': 272, 'eta': 14.8868, 'loss': 0.9023, 'lr': 0.0023, 'params': 632328, 'time_iter': 0.108, 'accuracy': 1.0}
train: {'epoch': 273, 'eta': 14.7627, 'loss': 0.9023, 'lr': 0.0023, 'params': 632328, 'time_iter': 0.1022, 'accuracy': 1.0}
train: {'epoch': 274, 'eta': 14.6416, 'loss': 0.9023, 'lr': 0.0023, 'params': 632328, 'time_iter': 0.1085, 'accuracy': 1.0}
train: {'epoch': 275, 'eta': 14.5167, 'loss': 0.9023, 'lr': 0.0022, 'params': 632328, 'time_iter': 0.0999, 'accuracy': 1.0}
train: {'epoch': 276, 'eta': 14.3934, 'loss': 0.9023, 'lr': 0.0022, 'params': 632328, 'time_iter': 0.1032, 'accuracy': 1.0}
train: {'epoch': 277, 'eta': 14.2676, 'loss': 0.9022, 'lr': 0.0022, 'params': 632328, 'time_iter': 0.0969, 'accuracy': 1.0}
train: {'epoch': 278, 'eta': 14.1463, 'loss': 0.9021, 'lr': 0.0021, 'params': 632328, 'time_iter': 0.107, 'accuracy': 1.0}
train: {'epoch': 279, 'eta': 14.0223, 'loss': 0.902, 'lr': 0.0021, 'params': 632328, 'time_iter': 0.1004, 'accuracy': 1.0}
val: {'epoch': 279, 'loss': 1.3346, 'lr': 0, 'params': 632328, 'time_iter': 0.0396, 'accuracy': 0.8616}
train: {'epoch': 280, 'eta': 13.9007, 'loss': 0.902, 'lr': 0.0021, 'params': 632328, 'time_iter': 0.1057, 'accuracy': 1.0}
train: {'epoch': 281, 'eta': 13.7762, 'loss': 0.902, 'lr': 0.002, 'params': 632328, 'time_iter': 0.0983, 'accuracy': 1.0}
train: {'epoch': 282, 'eta': 13.663, 'loss': 0.902, 'lr': 0.002, 'params': 632328, 'time_iter': 0.1253, 'accuracy': 1.0}
train: {'epoch': 283, 'eta': 13.5416, 'loss': 0.9021, 'lr': 0.002, 'params': 632328, 'time_iter': 0.1056, 'accuracy': 1.0}
train: {'epoch': 284, 'eta': 13.4174, 'loss': 0.9022, 'lr': 0.0019, 'params': 632328, 'time_iter': 0.0982, 'accuracy': 1.0}
train: {'epoch': 285, 'eta': 13.2953, 'loss': 0.9021, 'lr': 0.0019, 'params': 632328, 'time_iter': 0.1031, 'accuracy': 1.0}
train: {'epoch': 286, 'eta': 13.1755, 'loss': 0.9021, 'lr': 0.0019, 'params': 632328, 'time_iter': 0.1085, 'accuracy': 1.0}
train: {'epoch': 287, 'eta': 13.0494, 'loss': 0.9019, 'lr': 0.0018, 'params': 632328, 'time_iter': 0.092, 'accuracy': 1.0}
train: {'epoch': 288, 'eta': 12.9276, 'loss': 0.9018, 'lr': 0.0018, 'params': 632328, 'time_iter': 0.1027, 'accuracy': 1.0}
train: {'epoch': 289, 'eta': 12.8023, 'loss': 0.9018, 'lr': 0.0018, 'params': 632328, 'time_iter': 0.0932, 'accuracy': 1.0}
train: {'epoch': 290, 'eta': 12.6817, 'loss': 0.9019, 'lr': 0.0018, 'params': 632328, 'time_iter': 0.1054, 'accuracy': 1.0}
train: {'epoch': 291, 'eta': 12.5612, 'loss': 0.9019, 'lr': 0.0017, 'params': 632328, 'time_iter': 0.1049, 'accuracy': 1.0}
train: {'epoch': 292, 'eta': 12.4587, 'loss': 0.9019, 'lr': 0.0017, 'params': 632328, 'time_iter': 0.1544, 'accuracy': 1.0}
train: {'epoch': 293, 'eta': 12.3417, 'loss': 0.9018, 'lr': 0.0017, 'params': 632328, 'time_iter': 0.1147, 'accuracy': 1.0}
train: {'epoch': 294, 'eta': 12.216, 'loss': 0.9018, 'lr': 0.0016, 'params': 632328, 'time_iter': 0.0905, 'accuracy': 1.0}
train: {'epoch': 295, 'eta': 12.095, 'loss': 0.9017, 'lr': 0.0016, 'params': 632328, 'time_iter': 0.103, 'accuracy': 1.0}
train: {'epoch': 296, 'eta': 11.9699, 'loss': 0.9017, 'lr': 0.0016, 'params': 632328, 'time_iter': 0.091, 'accuracy': 1.0}
train: {'epoch': 297, 'eta': 11.8499, 'loss': 0.9017, 'lr': 0.0015, 'params': 632328, 'time_iter': 0.1051, 'accuracy': 1.0}
train: {'epoch': 298, 'eta': 11.7269, 'loss': 0.9017, 'lr': 0.0015, 'params': 632328, 'time_iter': 0.0959, 'accuracy': 1.0}
train: {'epoch': 299, 'eta': 11.6064, 'loss': 0.9017, 'lr': 0.0015, 'params': 632328, 'time_iter': 0.103, 'accuracy': 1.0}
val: {'epoch': 299, 'loss': 1.3388, 'lr': 0, 'params': 632328, 'time_iter': 0.0483, 'accuracy': 0.8672}
train: {'epoch': 300, 'eta': 11.4823, 'loss': 0.9017, 'lr': 0.0015, 'params': 632328, 'time_iter': 0.0914, 'accuracy': 1.0}
train: {'epoch': 301, 'eta': 11.3598, 'loss': 0.9016, 'lr': 0.0014, 'params': 632328, 'time_iter': 0.0959, 'accuracy': 1.0}
train: {'epoch': 302, 'eta': 11.2384, 'loss': 0.9016, 'lr': 0.0014, 'params': 632328, 'time_iter': 0.099, 'accuracy': 1.0}
train: {'epoch': 303, 'eta': 11.1229, 'loss': 0.9016, 'lr': 0.0014, 'params': 632328, 'time_iter': 0.1169, 'accuracy': 1.0}
train: {'epoch': 304, 'eta': 11.0029, 'loss': 0.9016, 'lr': 0.0014, 'params': 632328, 'time_iter': 0.1025, 'accuracy': 1.0}
train: {'epoch': 305, 'eta': 10.9147, 'loss': 0.9016, 'lr': 0.0013, 'params': 632328, 'time_iter': 0.2059, 'accuracy': 1.0}
train: {'epoch': 306, 'eta': 10.8243, 'loss': 0.9016, 'lr': 0.0013, 'params': 632328, 'time_iter': 0.201, 'accuracy': 1.0}
train: {'epoch': 307, 'eta': 10.7284, 'loss': 0.9015, 'lr': 0.0013, 'params': 632328, 'time_iter': 0.185, 'accuracy': 1.0}
train: {'epoch': 308, 'eta': 10.621, 'loss': 0.9015, 'lr': 0.0012, 'params': 632328, 'time_iter': 0.1479, 'accuracy': 1.0}
train: {'epoch': 309, 'eta': 10.5078, 'loss': 0.9015, 'lr': 0.0012, 'params': 632328, 'time_iter': 0.1288, 'accuracy': 1.0}
train: {'epoch': 310, 'eta': 10.3863, 'loss': 0.9015, 'lr': 0.0012, 'params': 632328, 'time_iter': 0.1001, 'accuracy': 1.0}
train: {'epoch': 311, 'eta': 10.2657, 'loss': 0.9015, 'lr': 0.0012, 'params': 632328, 'time_iter': 0.1029, 'accuracy': 1.0}
train: {'epoch': 312, 'eta': 10.1415, 'loss': 0.9014, 'lr': 0.0011, 'params': 632328, 'time_iter': 0.0897, 'accuracy': 1.0}
train: {'epoch': 313, 'eta': 10.0213, 'loss': 0.9014, 'lr': 0.0011, 'params': 632328, 'time_iter': 0.1031, 'accuracy': 1.0}
train: {'epoch': 314, 'eta': 9.9006, 'loss': 0.9014, 'lr': 0.0011, 'params': 632328, 'time_iter': 0.101, 'accuracy': 1.0}
train: {'epoch': 315, 'eta': 9.7807, 'loss': 0.9014, 'lr': 0.0011, 'params': 632328, 'time_iter': 0.1039, 'accuracy': 1.0}
train: {'epoch': 316, 'eta': 9.66, 'loss': 0.9014, 'lr': 0.001, 'params': 632328, 'time_iter': 0.1001, 'accuracy': 1.0}
train: {'epoch': 317, 'eta': 9.5384, 'loss': 0.9014, 'lr': 0.001, 'params': 632328, 'time_iter': 0.096, 'accuracy': 1.0}
train: {'epoch': 318, 'eta': 9.4178, 'loss': 0.9014, 'lr': 0.001, 'params': 632328, 'time_iter': 0.0994, 'accuracy': 1.0}
train: {'epoch': 319, 'eta': 9.2998, 'loss': 0.9014, 'lr': 0.001, 'params': 632328, 'time_iter': 0.1095, 'accuracy': 1.0}
val: {'epoch': 319, 'loss': 1.3419, 'lr': 0, 'params': 632328, 'time_iter': 0.0401, 'accuracy': 0.8672}
train: {'epoch': 320, 'eta': 9.178, 'loss': 0.9014, 'lr': 0.001, 'params': 632328, 'time_iter': 0.0936, 'accuracy': 1.0}
train: {'epoch': 321, 'eta': 9.0585, 'loss': 0.9014, 'lr': 0.0009, 'params': 632328, 'time_iter': 0.1025, 'accuracy': 1.0}
train: {'epoch': 322, 'eta': 8.942, 'loss': 0.9014, 'lr': 0.0009, 'params': 632328, 'time_iter': 0.1145, 'accuracy': 1.0}
train: {'epoch': 323, 'eta': 8.8211, 'loss': 0.9014, 'lr': 0.0009, 'params': 632328, 'time_iter': 0.0961, 'accuracy': 1.0}
train: {'epoch': 324, 'eta': 8.703, 'loss': 0.9013, 'lr': 0.0009, 'params': 632328, 'time_iter': 0.1069, 'accuracy': 1.0}
train: {'epoch': 325, 'eta': 8.5876, 'loss': 0.9013, 'lr': 0.0008, 'params': 632328, 'time_iter': 0.1189, 'accuracy': 1.0}
train: {'epoch': 326, 'eta': 8.4682, 'loss': 0.9013, 'lr': 0.0008, 'params': 632328, 'time_iter': 0.1012, 'accuracy': 1.0}
train: {'epoch': 327, 'eta': 8.3476, 'loss': 0.9013, 'lr': 0.0008, 'params': 632328, 'time_iter': 0.095, 'accuracy': 1.0}
train: {'epoch': 328, 'eta': 8.2272, 'loss': 0.9013, 'lr': 0.0008, 'params': 632328, 'time_iter': 0.0955, 'accuracy': 1.0}
train: {'epoch': 329, 'eta': 8.1086, 'loss': 0.9013, 'lr': 0.0008, 'params': 632328, 'time_iter': 0.103, 'accuracy': 1.0}
train: {'epoch': 330, 'eta': 7.9909, 'loss': 0.9013, 'lr': 0.0007, 'params': 632328, 'time_iter': 0.1066, 'accuracy': 1.0}
train: {'epoch': 331, 'eta': 7.8714, 'loss': 0.9013, 'lr': 0.0007, 'params': 632328, 'time_iter': 0.098, 'accuracy': 1.0}
train: {'epoch': 332, 'eta': 7.7526, 'loss': 0.9013, 'lr': 0.0007, 'params': 632328, 'time_iter': 0.1004, 'accuracy': 1.0}
train: {'epoch': 333, 'eta': 7.6335, 'loss': 0.9013, 'lr': 0.0007, 'params': 632328, 'time_iter': 0.0989, 'accuracy': 1.0}
train: {'epoch': 334, 'eta': 7.514, 'loss': 0.9013, 'lr': 0.0007, 'params': 632328, 'time_iter': 0.0957, 'accuracy': 1.0}
train: {'epoch': 335, 'eta': 7.3969, 'loss': 0.9013, 'lr': 0.0006, 'params': 632328, 'time_iter': 0.1081, 'accuracy': 1.0}
train: {'epoch': 336, 'eta': 7.277, 'loss': 0.9013, 'lr': 0.0006, 'params': 632328, 'time_iter': 0.0921, 'accuracy': 1.0}
train: {'epoch': 337, 'eta': 7.1585, 'loss': 0.9012, 'lr': 0.0006, 'params': 632328, 'time_iter': 0.0991, 'accuracy': 1.0}
train: {'epoch': 338, 'eta': 7.0403, 'loss': 0.9012, 'lr': 0.0006, 'params': 632328, 'time_iter': 0.1002, 'accuracy': 1.0}
train: {'epoch': 339, 'eta': 6.9226, 'loss': 0.9012, 'lr': 0.0006, 'params': 632328, 'time_iter': 0.1029, 'accuracy': 1.0}
val: {'epoch': 339, 'loss': 1.345, 'lr': 0, 'params': 632328, 'time_iter': 0.0492, 'accuracy': 0.8672}
train: {'epoch': 340, 'eta': 6.8046, 'loss': 0.9012, 'lr': 0.0005, 'params': 632328, 'time_iter': 0.1001, 'accuracy': 1.0}
train: {'epoch': 341, 'eta': 6.6874, 'loss': 0.9012, 'lr': 0.0005, 'params': 632328, 'time_iter': 0.1045, 'accuracy': 1.0}
train: {'epoch': 342, 'eta': 6.5693, 'loss': 0.9012, 'lr': 0.0005, 'params': 632328, 'time_iter': 0.0981, 'accuracy': 1.0}
train: {'epoch': 343, 'eta': 6.4512, 'loss': 0.9012, 'lr': 0.0005, 'params': 632328, 'time_iter': 0.0979, 'accuracy': 1.0}
train: {'epoch': 344, 'eta': 6.3348, 'loss': 0.9012, 'lr': 0.0005, 'params': 632328, 'time_iter': 0.1076, 'accuracy': 1.0}
train: {'epoch': 345, 'eta': 6.2172, 'loss': 0.9012, 'lr': 0.0005, 'params': 632328, 'time_iter': 0.0999, 'accuracy': 1.0}
train: {'epoch': 346, 'eta': 6.1106, 'loss': 0.9012, 'lr': 0.0004, 'params': 632328, 'time_iter': 0.1708, 'accuracy': 1.0}
train: {'epoch': 347, 'eta': 5.9923, 'loss': 0.9012, 'lr': 0.0004, 'params': 632328, 'time_iter': 0.0951, 'accuracy': 1.0}
train: {'epoch': 348, 'eta': 5.8804, 'loss': 0.9012, 'lr': 0.0004, 'params': 632328, 'time_iter': 0.1383, 'accuracy': 1.0}
train: {'epoch': 349, 'eta': 5.7758, 'loss': 0.9012, 'lr': 0.0004, 'params': 632328, 'time_iter': 0.1899, 'accuracy': 1.0}
train: {'epoch': 350, 'eta': 5.6611, 'loss': 0.9012, 'lr': 0.0004, 'params': 632328, 'time_iter': 0.1219, 'accuracy': 1.0}
train: {'epoch': 351, 'eta': 5.5478, 'loss': 0.9012, 'lr': 0.0004, 'params': 632328, 'time_iter': 0.1316, 'accuracy': 1.0}
train: {'epoch': 352, 'eta': 5.4335, 'loss': 0.9012, 'lr': 0.0004, 'params': 632328, 'time_iter': 0.125, 'accuracy': 1.0}
train: {'epoch': 353, 'eta': 5.3165, 'loss': 0.9012, 'lr': 0.0003, 'params': 632328, 'time_iter': 0.1049, 'accuracy': 1.0}
train: {'epoch': 354, 'eta': 5.2006, 'loss': 0.9012, 'lr': 0.0003, 'params': 632328, 'time_iter': 0.1133, 'accuracy': 1.0}
train: {'epoch': 355, 'eta': 5.0831, 'loss': 0.9012, 'lr': 0.0003, 'params': 632328, 'time_iter': 0.0999, 'accuracy': 1.0}
train: {'epoch': 356, 'eta': 4.9663, 'loss': 0.9012, 'lr': 0.0003, 'params': 632328, 'time_iter': 0.1049, 'accuracy': 1.0}
train: {'epoch': 357, 'eta': 4.8487, 'loss': 0.9012, 'lr': 0.0003, 'params': 632328, 'time_iter': 0.0978, 'accuracy': 1.0}
train: {'epoch': 358, 'eta': 4.7319, 'loss': 0.9012, 'lr': 0.0003, 'params': 632328, 'time_iter': 0.1033, 'accuracy': 1.0}
train: {'epoch': 359, 'eta': 4.6148, 'loss': 0.9012, 'lr': 0.0003, 'params': 632328, 'time_iter': 0.1004, 'accuracy': 1.0}
val: {'epoch': 359, 'loss': 1.3465, 'lr': 0, 'params': 632328, 'time_iter': 0.0393, 'accuracy': 0.8708}
train: {'epoch': 360, 'eta': 4.4983, 'loss': 0.9012, 'lr': 0.0002, 'params': 632328, 'time_iter': 0.105, 'accuracy': 1.0}
train: {'epoch': 361, 'eta': 4.3856, 'loss': 0.9012, 'lr': 0.0002, 'params': 632328, 'time_iter': 0.1398, 'accuracy': 1.0}
train: {'epoch': 362, 'eta': 4.269, 'loss': 0.9012, 'lr': 0.0002, 'params': 632328, 'time_iter': 0.1043, 'accuracy': 1.0}
train: {'epoch': 363, 'eta': 4.1533, 'loss': 0.9012, 'lr': 0.0002, 'params': 632328, 'time_iter': 0.1115, 'accuracy': 1.0}
train: {'epoch': 364, 'eta': 4.0364, 'loss': 0.9011, 'lr': 0.0002, 'params': 632328, 'time_iter': 0.1003, 'accuracy': 1.0}
train: {'epoch': 365, 'eta': 3.9204, 'loss': 0.9011, 'lr': 0.0002, 'params': 632328, 'time_iter': 0.1072, 'accuracy': 1.0}
train: {'epoch': 366, 'eta': 3.8038, 'loss': 0.9011, 'lr': 0.0002, 'params': 632328, 'time_iter': 0.1016, 'accuracy': 1.0}
train: {'epoch': 367, 'eta': 3.6875, 'loss': 0.9011, 'lr': 0.0002, 'params': 632328, 'time_iter': 0.1035, 'accuracy': 1.0}
train: {'epoch': 368, 'eta': 3.5719, 'loss': 0.9011, 'lr': 0.0002, 'params': 632328, 'time_iter': 0.1103, 'accuracy': 1.0}
train: {'epoch': 369, 'eta': 3.4572, 'loss': 0.9011, 'lr': 0.0001, 'params': 632328, 'time_iter': 0.1224, 'accuracy': 1.0}
train: {'epoch': 370, 'eta': 3.3405, 'loss': 0.9011, 'lr': 0.0001, 'params': 632328, 'time_iter': 0.0966, 'accuracy': 1.0}
train: {'epoch': 371, 'eta': 3.2241, 'loss': 0.9011, 'lr': 0.0001, 'params': 632328, 'time_iter': 0.0987, 'accuracy': 1.0}
train: {'epoch': 372, 'eta': 3.1084, 'loss': 0.9011, 'lr': 0.0001, 'params': 632328, 'time_iter': 0.108, 'accuracy': 1.0}
train: {'epoch': 373, 'eta': 2.9919, 'loss': 0.9011, 'lr': 0.0001, 'params': 632328, 'time_iter': 0.0944, 'accuracy': 1.0}
train: {'epoch': 374, 'eta': 2.8761, 'loss': 0.9011, 'lr': 0.0001, 'params': 632328, 'time_iter': 0.1041, 'accuracy': 1.0}
train: {'epoch': 375, 'eta': 2.7601, 'loss': 0.9011, 'lr': 0.0001, 'params': 632328, 'time_iter': 0.0999, 'accuracy': 1.0}
train: {'epoch': 376, 'eta': 2.644, 'loss': 0.9011, 'lr': 0.0001, 'params': 632328, 'time_iter': 0.0967, 'accuracy': 1.0}
train: {'epoch': 377, 'eta': 2.5285, 'loss': 0.9011, 'lr': 0.0001, 'params': 632328, 'time_iter': 0.1066, 'accuracy': 1.0}
train: {'epoch': 378, 'eta': 2.413, 'loss': 0.9011, 'lr': 0.0001, 'params': 632328, 'time_iter': 0.1051, 'accuracy': 1.0}
train: {'epoch': 379, 'eta': 2.2978, 'loss': 0.9011, 'lr': 0.0001, 'params': 632328, 'time_iter': 0.1095, 'accuracy': 1.0}
val: {'epoch': 379, 'loss': 1.347, 'lr': 0, 'params': 632328, 'time_iter': 0.0495, 'accuracy': 0.869}
train: {'epoch': 380, 'eta': 2.1819, 'loss': 0.9011, 'lr': 0.0001, 'params': 632328, 'time_iter': 0.0931, 'accuracy': 1.0}
train: {'epoch': 381, 'eta': 2.067, 'loss': 0.9011, 'lr': 0.0001, 'params': 632328, 'time_iter': 0.1132, 'accuracy': 1.0}
train: {'epoch': 382, 'eta': 1.9515, 'loss': 0.9011, 'lr': 0.0, 'params': 632328, 'time_iter': 0.1006, 'accuracy': 1.0}
train: {'epoch': 383, 'eta': 1.8366, 'loss': 0.9011, 'lr': 0.0, 'params': 632328, 'time_iter': 0.1124, 'accuracy': 1.0}
train: {'epoch': 384, 'eta': 1.7208, 'loss': 0.9011, 'lr': 0.0, 'params': 632328, 'time_iter': 0.0882, 'accuracy': 1.0}
train: {'epoch': 385, 'eta': 1.6059, 'loss': 0.9011, 'lr': 0.0, 'params': 632328, 'time_iter': 0.11, 'accuracy': 1.0}
train: {'epoch': 386, 'eta': 1.4905, 'loss': 0.9011, 'lr': 0.0, 'params': 632328, 'time_iter': 0.0951, 'accuracy': 1.0}
train: {'epoch': 387, 'eta': 1.3759, 'loss': 0.9011, 'lr': 0.0, 'params': 632328, 'time_iter': 0.1169, 'accuracy': 1.0}
train: {'epoch': 388, 'eta': 1.2609, 'loss': 0.9011, 'lr': 0.0, 'params': 632328, 'time_iter': 0.1029, 'accuracy': 1.0}
train: {'epoch': 389, 'eta': 1.1464, 'loss': 0.9011, 'lr': 0.0, 'params': 632328, 'time_iter': 0.1162, 'accuracy': 1.0}
train: {'epoch': 390, 'eta': 1.032, 'loss': 0.9011, 'lr': 0.0, 'params': 632328, 'time_iter': 0.1283, 'accuracy': 1.0}
train: {'epoch': 391, 'eta': 0.9191, 'loss': 0.9011, 'lr': 0.0, 'params': 632328, 'time_iter': 0.1984, 'accuracy': 1.0}
train: {'epoch': 392, 'eta': 0.8063, 'loss': 0.9011, 'lr': 0.0, 'params': 632328, 'time_iter': 0.2334, 'accuracy': 1.0}
train: {'epoch': 393, 'eta': 0.6922, 'loss': 0.9011, 'lr': 0.0, 'params': 632328, 'time_iter': 0.1847, 'accuracy': 1.0}
train: {'epoch': 394, 'eta': 0.5777, 'loss': 0.9011, 'lr': 0.0, 'params': 632328, 'time_iter': 0.1876, 'accuracy': 1.0}
train: {'epoch': 395, 'eta': 0.4624, 'loss': 0.9011, 'lr': 0.0, 'params': 632328, 'time_iter': 0.1348, 'accuracy': 1.0}
train: {'epoch': 396, 'eta': 0.3467, 'loss': 0.9011, 'lr': 0.0, 'params': 632328, 'time_iter': 0.1005, 'accuracy': 1.0}
train: {'epoch': 397, 'eta': 0.231, 'loss': 0.9011, 'lr': 0.0, 'params': 632328, 'time_iter': 0.0996, 'accuracy': 1.0}
train: {'epoch': 398, 'eta': 0.1155, 'loss': 0.9011, 'lr': 0.0, 'params': 632328, 'time_iter': 0.0969, 'accuracy': 1.0}
train: {'epoch': 399, 'eta': 0.0, 'loss': 0.9011, 'lr': 0.0, 'params': 632328, 'time_iter': 0.0964, 'accuracy': 1.0}
val: {'epoch': 399, 'loss': 1.3473, 'lr': 0, 'params': 632328, 'time_iter': 0.0382, 'accuracy': 0.869}
Task done, results saved in results/example_noneq_6
Results aggregated across runs saved in results/example_noneq_6/agg
