Load: 0.04818s, Before split: 0.0001161s, Split: 0.001275s, After split: 0.001009s
GNN(
  (preprocess): Preprocess(
    node_feature: dim_out=1433
    Total: dim_out=1433
  )
  (pre_mp): GeneralMultiLayer(
    (Layer_0): GeneralLayer(
      (layer): Linear(
        (model): Linear(in_features=1433, out_features=256, bias=False)
      )
      (post_layer): Sequential(
        (0): BatchNorm1d(256, eps=1e-05, momentum=0.1, affine=True, track_running_stats=True)
        (1): PReLU(num_parameters=1)
      )
    )
  )
  (mp): GNNStackStage(
    (layer0): GeneralLayer(
      (layer): GeneralConv(
        (model): GeneralConvLayer(256, 256)
      )
      (post_layer): Sequential(
        (0): BatchNorm1d(256, eps=1e-05, momentum=0.1, affine=True, track_running_stats=True)
        (1): PReLU(num_parameters=1)
      )
    )
    (layer1): GeneralLayer(
      (layer): GeneralConv(
        (model): GeneralConvLayer(256, 256)
      )
      (post_layer): Sequential(
        (0): BatchNorm1d(256, eps=1e-05, momentum=0.1, affine=True, track_running_stats=True)
        (1): PReLU(num_parameters=1)
      )
    )
  )
  (post_mp): GNNNodeHead(
    (layer_post_mp): MLP(
      (model): Sequential(
        (0): Linear(
          (model): Linear(in_features=256, out_features=7, bias=True)
        )
      )
    )
  )
)
bn:
  eps: 1e-05
  mom: 0.1
cfg_dest: config.yaml
custom_metrics: []
dataset:
  augment_feature: []
  augment_feature_dims: []
  augment_feature_repr: position
  augment_label: 
  augment_label_dims: 0
  cache_load: False
  cache_save: False
  dir: ./datasets
  edge_dim: 128
  edge_encoder: False
  edge_encoder_bn: True
  edge_encoder_name: Bond
  edge_message_ratio: 0.8
  edge_negative_sampling_ratio: 1.0
  edge_train_mode: all
  encoder: True
  encoder_bn: True
  encoder_dim: 128
  encoder_name: db
  format: PyG
  label_column: none
  label_table: none
  location: local
  name: Cora
  node_encoder: False
  node_encoder_bn: True
  node_encoder_name: Atom
  remove_feature: False
  resample_disjoint: False
  resample_negative: False
  shuffle_split: True
  split: [0.8, 0.2]
  split_mode: random
  task: node
  task_type: classification
  to_undirected: False
  transductive: True
  transform: none
  tu_simple: True
device: cpu
example_arg: example
example_group:
  example_arg: example
gnn:
  act: prelu
  agg: add
  att_final_linear: False
  att_final_linear_bn: False
  att_heads: 1
  batchnorm: True
  clear_feature: True
  dim_inner: 256
  dropout: 0.0
  flow: source_to_target
  head: node
  keep_edge: 0.5
  l2norm: True
  layer_type: generalconv
  layers_mp: 2
  layers_post_mp: 1
  layers_pre_mp: 1
  msg_direction: single
  normalize_adj: False
  self_msg: concat
  skip_every: 1
  stage_type: stack
gpu_mem: False
mem:
  inplace: False
metric_agg: argmax
metric_best: auto
model:
  edge_decoding: dot
  graph_pooling: add
  loss_fun: cross_entropy
  match_upper: True
  size_average: mean
  thresh: 0.5
  type: gnn
num_threads: 6
num_workers: 0
optim:
  base_lr: 0.01
  lr_decay: 0.1
  max_epoch: 400
  momentum: 0.9
  optimizer: adam
  scheduler: cos
  steps: [30, 60, 90]
  weight_decay: 0.0005
out_dir: results/example_noneq_1
print: both
round: 4
run_dir: results/example_noneq_1/0
seed: 1
share:
  dim_in: 1433
  dim_out: 7
  num_splits: 2
tensorboard_agg: True
tensorboard_each_run: False
train:
  auto_resume: False
  batch_size: 32
  ckpt_clean: True
  ckpt_period: 100
  enable_ckpt: True
  energy_alpha: 0.5
  energy_beta: 2.0
  energy_reg: True
  epoch_resume: -1
  eval_period: 20
  iter_per_epoch: 32
  mode: standard
  neighbor_sizes: [20, 15, 10, 5]
  node_per_graph: 32
  radius: extend
  sample_node: False
  sampler: full_batch
  skip_train_eval: False
  walk_length: 4
val:
  node_per_graph: 32
  radius: extend
  sample_node: False
  sampler: full_batch
view_emb: False
Num parameters: 632328
Start from epoch 0
train: {'epoch': 0, 'eta': 49.0785, 'loss': 2.1512, 'lr': 0.01, 'params': 632328, 'time_iter': 0.123, 'accuracy': 0.1302}
val: {'epoch': 0, 'loss': 2.3921, 'lr': 0, 'params': 632328, 'time_iter': 0.0182, 'accuracy': 0.297}
train: {'epoch': 1, 'eta': 33.292, 'loss': 3.4243, 'lr': 0.01, 'params': 632328, 'time_iter': 0.0443, 'accuracy': 0.4455}
train: {'epoch': 2, 'eta': 27.4358, 'loss': 2.1622, 'lr': 0.01, 'params': 632328, 'time_iter': 0.04, 'accuracy': 0.5669}
train: {'epoch': 3, 'eta': 25.0082, 'loss': 2.0371, 'lr': 0.01, 'params': 632328, 'time_iter': 0.0453, 'accuracy': 0.6316}
train: {'epoch': 4, 'eta': 23.2789, 'loss': 1.9282, 'lr': 0.01, 'params': 632328, 'time_iter': 0.0421, 'accuracy': 0.6427}
train: {'epoch': 5, 'eta': 22.0089, 'loss': 1.8916, 'lr': 0.01, 'params': 632328, 'time_iter': 0.0405, 'accuracy': 0.6016}
train: {'epoch': 6, 'eta': 21.224, 'loss': 1.8889, 'lr': 0.01, 'params': 632328, 'time_iter': 0.0429, 'accuracy': 0.5623}
train: {'epoch': 7, 'eta': 20.5015, 'loss': 1.8869, 'lr': 0.01, 'params': 632328, 'time_iter': 0.0404, 'accuracy': 0.5452}
train: {'epoch': 8, 'eta': 19.9181, 'loss': 1.8854, 'lr': 0.01, 'params': 632328, 'time_iter': 0.0401, 'accuracy': 0.5291}
train: {'epoch': 9, 'eta': 19.5338, 'loss': 1.8795, 'lr': 0.01, 'params': 632328, 'time_iter': 0.0424, 'accuracy': 0.5319}
train: {'epoch': 10, 'eta': 19.0846, 'loss': 1.8714, 'lr': 0.01, 'params': 632328, 'time_iter': 0.0388, 'accuracy': 0.5489}
train: {'epoch': 11, 'eta': 18.7313, 'loss': 1.868, 'lr': 0.01, 'params': 632328, 'time_iter': 0.0397, 'accuracy': 0.5868}
train: {'epoch': 12, 'eta': 18.4816, 'loss': 1.8632, 'lr': 0.01, 'params': 632328, 'time_iter': 0.0415, 'accuracy': 0.6343}
train: {'epoch': 13, 'eta': 18.283, 'loss': 1.8591, 'lr': 0.01, 'params': 632328, 'time_iter': 0.0423, 'accuracy': 0.6436}
train: {'epoch': 14, 'eta': 17.9992, 'loss': 1.8553, 'lr': 0.01, 'params': 632328, 'time_iter': 0.0382, 'accuracy': 0.6574}
train: {'epoch': 15, 'eta': 17.869, 'loss': 1.8501, 'lr': 0.01, 'params': 632328, 'time_iter': 0.0433, 'accuracy': 0.6814}
train: {'epoch': 16, 'eta': 17.6463, 'loss': 1.8451, 'lr': 0.01, 'params': 632328, 'time_iter': 0.0387, 'accuracy': 0.6999}
train: {'epoch': 17, 'eta': 17.5036, 'loss': 1.8411, 'lr': 0.01, 'params': 632328, 'time_iter': 0.0415, 'accuracy': 0.7175}
train: {'epoch': 18, 'eta': 17.3529, 'loss': 1.8382, 'lr': 0.01, 'params': 632328, 'time_iter': 0.0406, 'accuracy': 0.729}
train: {'epoch': 19, 'eta': 17.2136, 'loss': 1.8355, 'lr': 0.0099, 'params': 632328, 'time_iter': 0.0406, 'accuracy': 0.7396}
val: {'epoch': 19, 'loss': 1.8418, 'lr': 0, 'params': 632328, 'time_iter': 0.0156, 'accuracy': 0.7177}
train: {'epoch': 20, 'eta': 17.0531, 'loss': 1.831, 'lr': 0.0099, 'params': 632328, 'time_iter': 0.0389, 'accuracy': 0.7544}
train: {'epoch': 21, 'eta': 16.8813, 'loss': 1.8265, 'lr': 0.0099, 'params': 632328, 'time_iter': 0.0376, 'accuracy': 0.7608}
train: {'epoch': 22, 'eta': 16.7276, 'loss': 1.8226, 'lr': 0.0099, 'params': 632328, 'time_iter': 0.038, 'accuracy': 0.7724}
train: {'epoch': 23, 'eta': 16.5753, 'loss': 1.8191, 'lr': 0.0099, 'params': 632328, 'time_iter': 0.0375, 'accuracy': 0.7798}
train: {'epoch': 24, 'eta': 16.5679, 'loss': 1.8157, 'lr': 0.0099, 'params': 632328, 'time_iter': 0.0465, 'accuracy': 0.783}
train: {'epoch': 25, 'eta': 16.4966, 'loss': 1.8112, 'lr': 0.0099, 'params': 632328, 'time_iter': 0.0423, 'accuracy': 0.8001}
train: {'epoch': 26, 'eta': 16.3532, 'loss': 1.8071, 'lr': 0.0099, 'params': 632328, 'time_iter': 0.0369, 'accuracy': 0.8181}
train: {'epoch': 27, 'eta': 16.2291, 'loss': 1.802, 'lr': 0.0099, 'params': 632328, 'time_iter': 0.0378, 'accuracy': 0.8195}
train: {'epoch': 28, 'eta': 16.1112, 'loss': 1.7983, 'lr': 0.0099, 'params': 632328, 'time_iter': 0.0378, 'accuracy': 0.8195}
train: {'epoch': 29, 'eta': 16.0031, 'loss': 1.7944, 'lr': 0.0099, 'params': 632328, 'time_iter': 0.0382, 'accuracy': 0.838}
train: {'epoch': 30, 'eta': 15.8789, 'loss': 1.7908, 'lr': 0.0099, 'params': 632328, 'time_iter': 0.0364, 'accuracy': 0.844}
train: {'epoch': 31, 'eta': 15.751, 'loss': 1.7873, 'lr': 0.0099, 'params': 632328, 'time_iter': 0.0357, 'accuracy': 0.8449}
train: {'epoch': 32, 'eta': 15.7009, 'loss': 1.7834, 'lr': 0.0098, 'params': 632328, 'time_iter': 0.0421, 'accuracy': 0.8509}
train: {'epoch': 33, 'eta': 15.5984, 'loss': 1.7791, 'lr': 0.0098, 'params': 632328, 'time_iter': 0.0372, 'accuracy': 0.8587}
train: {'epoch': 34, 'eta': 15.4822, 'loss': 1.7749, 'lr': 0.0098, 'params': 632328, 'time_iter': 0.0356, 'accuracy': 0.8647}
train: {'epoch': 35, 'eta': 15.3785, 'loss': 1.7711, 'lr': 0.0098, 'params': 632328, 'time_iter': 0.0364, 'accuracy': 0.8707}
train: {'epoch': 36, 'eta': 15.282, 'loss': 1.7674, 'lr': 0.0098, 'params': 632328, 'time_iter': 0.0367, 'accuracy': 0.8744}
train: {'epoch': 37, 'eta': 15.2157, 'loss': 1.765, 'lr': 0.0098, 'params': 632328, 'time_iter': 0.0396, 'accuracy': 0.8758}
train: {'epoch': 38, 'eta': 15.1525, 'loss': 1.7678, 'lr': 0.0098, 'params': 632328, 'time_iter': 0.0397, 'accuracy': 0.8767}
train: {'epoch': 39, 'eta': 15.0772, 'loss': 1.7662, 'lr': 0.0098, 'params': 632328, 'time_iter': 0.0383, 'accuracy': 0.8804}
val: {'epoch': 39, 'loss': 1.8154, 'lr': 0, 'params': 632328, 'time_iter': 0.0165, 'accuracy': 0.7601}
train: {'epoch': 40, 'eta': 15.0197, 'loss': 1.7568, 'lr': 0.0098, 'params': 632328, 'time_iter': 0.0401, 'accuracy': 0.8957}
train: {'epoch': 41, 'eta': 14.9984, 'loss': 1.7533, 'lr': 0.0097, 'params': 632328, 'time_iter': 0.0442, 'accuracy': 0.9003}
train: {'epoch': 42, 'eta': 14.9198, 'loss': 1.7531, 'lr': 0.0097, 'params': 632328, 'time_iter': 0.0375, 'accuracy': 0.8975}
train: {'epoch': 43, 'eta': 14.8438, 'loss': 1.7471, 'lr': 0.0097, 'params': 632328, 'time_iter': 0.0376, 'accuracy': 0.9003}
train: {'epoch': 44, 'eta': 14.7803, 'loss': 1.7443, 'lr': 0.0097, 'params': 632328, 'time_iter': 0.0389, 'accuracy': 0.9146}
train: {'epoch': 45, 'eta': 14.7229, 'loss': 1.7442, 'lr': 0.0097, 'params': 632328, 'time_iter': 0.0396, 'accuracy': 0.9003}
train: {'epoch': 46, 'eta': 14.6456, 'loss': 1.7474, 'lr': 0.0097, 'params': 632328, 'time_iter': 0.0368, 'accuracy': 0.9044}
train: {'epoch': 47, 'eta': 14.5728, 'loss': 1.7444, 'lr': 0.0097, 'params': 632328, 'time_iter': 0.0372, 'accuracy': 0.904}
train: {'epoch': 48, 'eta': 14.5005, 'loss': 1.7376, 'lr': 0.0096, 'params': 632328, 'time_iter': 0.0371, 'accuracy': 0.9141}
train: {'epoch': 49, 'eta': 14.4479, 'loss': 1.7387, 'lr': 0.0096, 'params': 632328, 'time_iter': 0.0397, 'accuracy': 0.9164}
train: {'epoch': 50, 'eta': 14.3742, 'loss': 1.7345, 'lr': 0.0096, 'params': 632328, 'time_iter': 0.0365, 'accuracy': 0.916}
train: {'epoch': 51, 'eta': 14.3197, 'loss': 1.7293, 'lr': 0.0096, 'params': 632328, 'time_iter': 0.0392, 'accuracy': 0.928}
train: {'epoch': 52, 'eta': 14.2682, 'loss': 1.7301, 'lr': 0.0096, 'params': 632328, 'time_iter': 0.0396, 'accuracy': 0.9275}
train: {'epoch': 53, 'eta': 14.1993, 'loss': 1.7302, 'lr': 0.0096, 'params': 632328, 'time_iter': 0.0368, 'accuracy': 0.9155}
train: {'epoch': 54, 'eta': 14.1464, 'loss': 1.7264, 'lr': 0.0096, 'params': 632328, 'time_iter': 0.0391, 'accuracy': 0.9326}
train: {'epoch': 55, 'eta': 14.0793, 'loss': 1.721, 'lr': 0.0095, 'params': 632328, 'time_iter': 0.0368, 'accuracy': 0.9358}
train: {'epoch': 56, 'eta': 14.01, 'loss': 1.7209, 'lr': 0.0095, 'params': 632328, 'time_iter': 0.0362, 'accuracy': 0.9344}
train: {'epoch': 57, 'eta': 13.9523, 'loss': 1.7161, 'lr': 0.0095, 'params': 632328, 'time_iter': 0.038, 'accuracy': 0.9391}
train: {'epoch': 58, 'eta': 13.8947, 'loss': 1.7161, 'lr': 0.0095, 'params': 632328, 'time_iter': 0.0379, 'accuracy': 0.9354}
train: {'epoch': 59, 'eta': 13.8283, 'loss': 1.7156, 'lr': 0.0095, 'params': 632328, 'time_iter': 0.0362, 'accuracy': 0.934}
val: {'epoch': 59, 'loss': 1.8077, 'lr': 0, 'params': 632328, 'time_iter': 0.0149, 'accuracy': 0.8063}
train: {'epoch': 60, 'eta': 13.7884, 'loss': 1.7223, 'lr': 0.0095, 'params': 632328, 'time_iter': 0.0408, 'accuracy': 0.9284}
train: {'epoch': 61, 'eta': 13.7287, 'loss': 1.7158, 'lr': 0.0094, 'params': 632328, 'time_iter': 0.0372, 'accuracy': 0.9414}
train: {'epoch': 62, 'eta': 13.6628, 'loss': 1.7154, 'lr': 0.0094, 'params': 632328, 'time_iter': 0.0359, 'accuracy': 0.9331}
train: {'epoch': 63, 'eta': 13.6234, 'loss': 1.711, 'lr': 0.0094, 'params': 632328, 'time_iter': 0.0408, 'accuracy': 0.9367}
train: {'epoch': 64, 'eta': 13.5645, 'loss': 1.7122, 'lr': 0.0094, 'params': 632328, 'time_iter': 0.037, 'accuracy': 0.9391}
train: {'epoch': 65, 'eta': 13.5022, 'loss': 1.7064, 'lr': 0.0094, 'params': 632328, 'time_iter': 0.0362, 'accuracy': 0.9423}
train: {'epoch': 66, 'eta': 13.4725, 'loss': 1.7061, 'lr': 0.0093, 'params': 632328, 'time_iter': 0.0426, 'accuracy': 0.9478}
train: {'epoch': 67, 'eta': 13.4336, 'loss': 1.7056, 'lr': 0.0093, 'params': 632328, 'time_iter': 0.0408, 'accuracy': 0.9451}
train: {'epoch': 68, 'eta': 13.3835, 'loss': 1.7043, 'lr': 0.0093, 'params': 632328, 'time_iter': 0.0384, 'accuracy': 0.9483}
train: {'epoch': 69, 'eta': 13.3161, 'loss': 1.7038, 'lr': 0.0093, 'params': 632328, 'time_iter': 0.0347, 'accuracy': 0.9423}
train: {'epoch': 70, 'eta': 13.2598, 'loss': 1.7021, 'lr': 0.0093, 'params': 632328, 'time_iter': 0.0369, 'accuracy': 0.9451}
train: {'epoch': 71, 'eta': 13.2201, 'loss': 1.7046, 'lr': 0.0092, 'params': 632328, 'time_iter': 0.0404, 'accuracy': 0.946}
train: {'epoch': 72, 'eta': 13.1616, 'loss': 1.7015, 'lr': 0.0092, 'params': 632328, 'time_iter': 0.0362, 'accuracy': 0.9478}
train: {'epoch': 73, 'eta': 13.126, 'loss': 1.7005, 'lr': 0.0092, 'params': 632328, 'time_iter': 0.0413, 'accuracy': 0.9469}
train: {'epoch': 74, 'eta': 13.0797, 'loss': 1.6978, 'lr': 0.0092, 'params': 632328, 'time_iter': 0.0389, 'accuracy': 0.946}
train: {'epoch': 75, 'eta': 13.0427, 'loss': 1.6988, 'lr': 0.0092, 'params': 632328, 'time_iter': 0.041, 'accuracy': 0.9483}
train: {'epoch': 76, 'eta': 13.0016, 'loss': 1.706, 'lr': 0.0091, 'params': 632328, 'time_iter': 0.0401, 'accuracy': 0.94}
train: {'epoch': 77, 'eta': 12.9607, 'loss': 1.7084, 'lr': 0.0091, 'params': 632328, 'time_iter': 0.0401, 'accuracy': 0.9349}
train: {'epoch': 78, 'eta': 12.9359, 'loss': 1.7154, 'lr': 0.0091, 'params': 632328, 'time_iter': 0.0441, 'accuracy': 0.9414}
train: {'epoch': 79, 'eta': 12.8834, 'loss': 1.7014, 'lr': 0.0091, 'params': 632328, 'time_iter': 0.0373, 'accuracy': 0.9483}
val: {'epoch': 79, 'loss': 1.804, 'lr': 0, 'params': 632328, 'time_iter': 0.017, 'accuracy': 0.845}
train: {'epoch': 80, 'eta': 12.8441, 'loss': 1.7007, 'lr': 0.009, 'params': 632328, 'time_iter': 0.0405, 'accuracy': 0.9483}
train: {'epoch': 81, 'eta': 12.796, 'loss': 1.6992, 'lr': 0.009, 'params': 632328, 'time_iter': 0.0382, 'accuracy': 0.9483}
train: {'epoch': 82, 'eta': 12.7616, 'loss': 1.697, 'lr': 0.009, 'params': 632328, 'time_iter': 0.0418, 'accuracy': 0.9492}
train: {'epoch': 83, 'eta': 12.7135, 'loss': 1.6965, 'lr': 0.009, 'params': 632328, 'time_iter': 0.0382, 'accuracy': 0.9524}
train: {'epoch': 84, 'eta': 12.6668, 'loss': 1.6934, 'lr': 0.009, 'params': 632328, 'time_iter': 0.0385, 'accuracy': 0.952}
train: {'epoch': 85, 'eta': 12.8034, 'loss': 1.6927, 'lr': 0.0089, 'params': 632328, 'time_iter': 0.0886, 'accuracy': 0.9538}
train: {'epoch': 86, 'eta': 12.7569, 'loss': 1.6913, 'lr': 0.0089, 'params': 632328, 'time_iter': 0.0392, 'accuracy': 0.9538}
train: {'epoch': 87, 'eta': 12.715, 'loss': 1.6908, 'lr': 0.0089, 'params': 632328, 'time_iter': 0.0404, 'accuracy': 0.9534}
train: {'epoch': 88, 'eta': 12.6783, 'loss': 1.6909, 'lr': 0.0089, 'params': 632328, 'time_iter': 0.0419, 'accuracy': 0.9538}
train: {'epoch': 89, 'eta': 12.6327, 'loss': 1.6948, 'lr': 0.0088, 'params': 632328, 'time_iter': 0.0394, 'accuracy': 0.9524}
train: {'epoch': 90, 'eta': 12.592, 'loss': 1.6909, 'lr': 0.0088, 'params': 632328, 'time_iter': 0.0408, 'accuracy': 0.9534}
train: {'epoch': 91, 'eta': 12.5435, 'loss': 1.691, 'lr': 0.0088, 'params': 632328, 'time_iter': 0.0384, 'accuracy': 0.9515}
train: {'epoch': 92, 'eta': 12.5029, 'loss': 1.6904, 'lr': 0.0088, 'params': 632328, 'time_iter': 0.0408, 'accuracy': 0.9511}
train: {'epoch': 93, 'eta': 12.448, 'loss': 1.6937, 'lr': 0.0087, 'params': 632328, 'time_iter': 0.0364, 'accuracy': 0.9598}
train: {'epoch': 94, 'eta': 12.3971, 'loss': 1.6914, 'lr': 0.0087, 'params': 632328, 'time_iter': 0.0375, 'accuracy': 0.9598}
train: {'epoch': 95, 'eta': 12.3459, 'loss': 1.6914, 'lr': 0.0087, 'params': 632328, 'time_iter': 0.0373, 'accuracy': 0.9538}
train: {'epoch': 96, 'eta': 12.2952, 'loss': 1.6866, 'lr': 0.0086, 'params': 632328, 'time_iter': 0.0374, 'accuracy': 0.9548}
train: {'epoch': 97, 'eta': 12.2402, 'loss': 1.6889, 'lr': 0.0086, 'params': 632328, 'time_iter': 0.0359, 'accuracy': 0.9575}
train: {'epoch': 98, 'eta': 12.19, 'loss': 1.6875, 'lr': 0.0086, 'params': 632328, 'time_iter': 0.0373, 'accuracy': 0.9566}
train: {'epoch': 99, 'eta': 12.1433, 'loss': 1.6863, 'lr': 0.0086, 'params': 632328, 'time_iter': 0.0384, 'accuracy': 0.9552}
val: {'epoch': 99, 'loss': 1.8197, 'lr': 0, 'params': 632328, 'time_iter': 0.0166, 'accuracy': 0.8413}
train: {'epoch': 100, 'eta': 12.0996, 'loss': 1.6864, 'lr': 0.0085, 'params': 632328, 'time_iter': 0.0394, 'accuracy': 0.9543}
train: {'epoch': 101, 'eta': 12.0571, 'loss': 1.6854, 'lr': 0.0085, 'params': 632328, 'time_iter': 0.0398, 'accuracy': 0.9534}
train: {'epoch': 102, 'eta': 12.0191, 'loss': 1.6885, 'lr': 0.0085, 'params': 632328, 'time_iter': 0.0413, 'accuracy': 0.9584}
train: {'epoch': 103, 'eta': 11.975, 'loss': 1.6989, 'lr': 0.0085, 'params': 632328, 'time_iter': 0.0392, 'accuracy': 0.9557}
train: {'epoch': 104, 'eta': 11.9335, 'loss': 1.7023, 'lr': 0.0084, 'params': 632328, 'time_iter': 0.0401, 'accuracy': 0.9488}
train: {'epoch': 105, 'eta': 11.8835, 'loss': 1.6957, 'lr': 0.0084, 'params': 632328, 'time_iter': 0.037, 'accuracy': 0.952}
train: {'epoch': 106, 'eta': 11.8355, 'loss': 1.6979, 'lr': 0.0084, 'params': 632328, 'time_iter': 0.0376, 'accuracy': 0.9483}
train: {'epoch': 107, 'eta': 11.7874, 'loss': 1.693, 'lr': 0.0083, 'params': 632328, 'time_iter': 0.0375, 'accuracy': 0.9571}
train: {'epoch': 108, 'eta': 11.7428, 'loss': 1.693, 'lr': 0.0083, 'params': 632328, 'time_iter': 0.0388, 'accuracy': 0.9506}
train: {'epoch': 109, 'eta': 11.6964, 'loss': 1.6922, 'lr': 0.0083, 'params': 632328, 'time_iter': 0.0381, 'accuracy': 0.9524}
train: {'epoch': 110, 'eta': 11.6508, 'loss': 1.6944, 'lr': 0.0082, 'params': 632328, 'time_iter': 0.0383, 'accuracy': 0.9538}
train: {'epoch': 111, 'eta': 11.6055, 'loss': 1.6956, 'lr': 0.0082, 'params': 632328, 'time_iter': 0.0384, 'accuracy': 0.9571}
train: {'epoch': 112, 'eta': 11.5584, 'loss': 1.6901, 'lr': 0.0082, 'params': 632328, 'time_iter': 0.0376, 'accuracy': 0.9566}
train: {'epoch': 113, 'eta': 11.5105, 'loss': 1.6885, 'lr': 0.0082, 'params': 632328, 'time_iter': 0.0372, 'accuracy': 0.9612}
train: {'epoch': 114, 'eta': 11.4669, 'loss': 1.6901, 'lr': 0.0081, 'params': 632328, 'time_iter': 0.0389, 'accuracy': 0.9603}
train: {'epoch': 115, 'eta': 11.4215, 'loss': 1.6864, 'lr': 0.0081, 'params': 632328, 'time_iter': 0.0381, 'accuracy': 0.9594}
train: {'epoch': 116, 'eta': 11.386, 'loss': 1.6863, 'lr': 0.0081, 'params': 632328, 'time_iter': 0.0422, 'accuracy': 0.9548}
train: {'epoch': 117, 'eta': 11.3417, 'loss': 1.6845, 'lr': 0.008, 'params': 632328, 'time_iter': 0.0385, 'accuracy': 0.9566}
train: {'epoch': 118, 'eta': 11.2956, 'loss': 1.6844, 'lr': 0.008, 'params': 632328, 'time_iter': 0.0377, 'accuracy': 0.9612}
train: {'epoch': 119, 'eta': 11.2722, 'loss': 1.6842, 'lr': 0.008, 'params': 632328, 'time_iter': 0.0474, 'accuracy': 0.9603}
val: {'epoch': 119, 'loss': 1.8342, 'lr': 0, 'params': 632328, 'time_iter': 0.0147, 'accuracy': 0.8487}
train: {'epoch': 120, 'eta': 11.234, 'loss': 1.6822, 'lr': 0.0079, 'params': 632328, 'time_iter': 0.0411, 'accuracy': 0.9612}
train: {'epoch': 121, 'eta': 11.1916, 'loss': 1.6827, 'lr': 0.0079, 'params': 632328, 'time_iter': 0.0393, 'accuracy': 0.9589}
train: {'epoch': 122, 'eta': 11.1518, 'loss': 1.6812, 'lr': 0.0079, 'params': 632328, 'time_iter': 0.0405, 'accuracy': 0.9631}
train: {'epoch': 123, 'eta': 11.1097, 'loss': 1.6814, 'lr': 0.0078, 'params': 632328, 'time_iter': 0.0394, 'accuracy': 0.9663}
train: {'epoch': 124, 'eta': 11.0767, 'loss': 1.6797, 'lr': 0.0078, 'params': 632328, 'time_iter': 0.0436, 'accuracy': 0.9617}
train: {'epoch': 125, 'eta': 11.0405, 'loss': 1.6801, 'lr': 0.0078, 'params': 632328, 'time_iter': 0.0421, 'accuracy': 0.9635}
train: {'epoch': 126, 'eta': 10.9981, 'loss': 1.68, 'lr': 0.0077, 'params': 632328, 'time_iter': 0.0393, 'accuracy': 0.9631}
train: {'epoch': 127, 'eta': 10.9568, 'loss': 1.6803, 'lr': 0.0077, 'params': 632328, 'time_iter': 0.0398, 'accuracy': 0.9621}
train: {'epoch': 128, 'eta': 10.9118, 'loss': 1.6865, 'lr': 0.0077, 'params': 632328, 'time_iter': 0.0381, 'accuracy': 0.9552}
train: {'epoch': 129, 'eta': 10.8704, 'loss': 1.6984, 'lr': 0.0076, 'params': 632328, 'time_iter': 0.0397, 'accuracy': 0.9497}
train: {'epoch': 130, 'eta': 10.8234, 'loss': 1.7099, 'lr': 0.0076, 'params': 632328, 'time_iter': 0.037, 'accuracy': 0.9455}
train: {'epoch': 131, 'eta': 10.7752, 'loss': 1.6988, 'lr': 0.0076, 'params': 632328, 'time_iter': 0.0363, 'accuracy': 0.9441}
train: {'epoch': 132, 'eta': 10.7266, 'loss': 1.6984, 'lr': 0.0075, 'params': 632328, 'time_iter': 0.0361, 'accuracy': 0.9464}
train: {'epoch': 133, 'eta': 10.6822, 'loss': 1.6977, 'lr': 0.0075, 'params': 632328, 'time_iter': 0.038, 'accuracy': 0.9464}
train: {'epoch': 134, 'eta': 10.6332, 'loss': 1.6933, 'lr': 0.0075, 'params': 632328, 'time_iter': 0.0357, 'accuracy': 0.958}
train: {'epoch': 135, 'eta': 10.5917, 'loss': 1.6919, 'lr': 0.0074, 'params': 632328, 'time_iter': 0.0394, 'accuracy': 0.9552}
train: {'epoch': 136, 'eta': 10.5489, 'loss': 1.6901, 'lr': 0.0074, 'params': 632328, 'time_iter': 0.0387, 'accuracy': 0.9506}
train: {'epoch': 137, 'eta': 10.5023, 'loss': 1.6893, 'lr': 0.0074, 'params': 632328, 'time_iter': 0.0367, 'accuracy': 0.9543}
train: {'epoch': 138, 'eta': 10.4595, 'loss': 1.6863, 'lr': 0.0073, 'params': 632328, 'time_iter': 0.0386, 'accuracy': 0.9589}
train: {'epoch': 139, 'eta': 10.4178, 'loss': 1.6862, 'lr': 0.0073, 'params': 632328, 'time_iter': 0.0392, 'accuracy': 0.964}
val: {'epoch': 139, 'loss': 1.8293, 'lr': 0, 'params': 632328, 'time_iter': 0.0145, 'accuracy': 0.8598}
train: {'epoch': 140, 'eta': 10.3739, 'loss': 1.6843, 'lr': 0.0073, 'params': 632328, 'time_iter': 0.038, 'accuracy': 0.9603}
train: {'epoch': 141, 'eta': 10.3302, 'loss': 1.6831, 'lr': 0.0072, 'params': 632328, 'time_iter': 0.038, 'accuracy': 0.9598}
train: {'epoch': 142, 'eta': 10.2908, 'loss': 1.6825, 'lr': 0.0072, 'params': 632328, 'time_iter': 0.0404, 'accuracy': 0.9598}
train: {'epoch': 143, 'eta': 10.2551, 'loss': 1.6811, 'lr': 0.0072, 'params': 632328, 'time_iter': 0.0425, 'accuracy': 0.9598}
train: {'epoch': 144, 'eta': 10.2128, 'loss': 1.6804, 'lr': 0.0071, 'params': 632328, 'time_iter': 0.0388, 'accuracy': 0.9621}
train: {'epoch': 145, 'eta': 10.1683, 'loss': 1.6794, 'lr': 0.0071, 'params': 632328, 'time_iter': 0.0375, 'accuracy': 0.9626}
train: {'epoch': 146, 'eta': 10.1253, 'loss': 1.6791, 'lr': 0.0071, 'params': 632328, 'time_iter': 0.0383, 'accuracy': 0.9645}
train: {'epoch': 147, 'eta': 10.0826, 'loss': 1.6784, 'lr': 0.007, 'params': 632328, 'time_iter': 0.0385, 'accuracy': 0.9626}
train: {'epoch': 148, 'eta': 10.0415, 'loss': 1.678, 'lr': 0.007, 'params': 632328, 'time_iter': 0.0394, 'accuracy': 0.964}
train: {'epoch': 149, 'eta': 10.001, 'loss': 1.6775, 'lr': 0.0069, 'params': 632328, 'time_iter': 0.0397, 'accuracy': 0.9658}
train: {'epoch': 150, 'eta': 9.9617, 'loss': 1.6772, 'lr': 0.0069, 'params': 632328, 'time_iter': 0.0404, 'accuracy': 0.9649}
train: {'epoch': 151, 'eta': 9.9318, 'loss': 1.6771, 'lr': 0.0069, 'params': 632328, 'time_iter': 0.0462, 'accuracy': 0.9654}
train: {'epoch': 152, 'eta': 9.8863, 'loss': 1.678, 'lr': 0.0068, 'params': 632328, 'time_iter': 0.0367, 'accuracy': 0.9645}
train: {'epoch': 153, 'eta': 9.8449, 'loss': 1.6804, 'lr': 0.0068, 'params': 632328, 'time_iter': 0.0391, 'accuracy': 0.9677}
train: {'epoch': 154, 'eta': 9.8004, 'loss': 1.6876, 'lr': 0.0068, 'params': 632328, 'time_iter': 0.0372, 'accuracy': 0.9594}
train: {'epoch': 155, 'eta': 9.7563, 'loss': 1.6803, 'lr': 0.0067, 'params': 632328, 'time_iter': 0.0374, 'accuracy': 0.9631}
train: {'epoch': 156, 'eta': 9.7178, 'loss': 1.6806, 'lr': 0.0067, 'params': 632328, 'time_iter': 0.0409, 'accuracy': 0.9658}
train: {'epoch': 157, 'eta': 9.6767, 'loss': 1.6808, 'lr': 0.0067, 'params': 632328, 'time_iter': 0.0393, 'accuracy': 0.9612}
train: {'epoch': 158, 'eta': 9.6354, 'loss': 1.6791, 'lr': 0.0066, 'params': 632328, 'time_iter': 0.0391, 'accuracy': 0.9594}
train: {'epoch': 159, 'eta': 9.5908, 'loss': 1.6791, 'lr': 0.0066, 'params': 632328, 'time_iter': 0.0369, 'accuracy': 0.9658}
val: {'epoch': 159, 'loss': 1.8434, 'lr': 0, 'params': 632328, 'time_iter': 0.0144, 'accuracy': 0.845}
train: {'epoch': 160, 'eta': 9.5855, 'loss': 1.6783, 'lr': 0.0065, 'params': 632328, 'time_iter': 0.0633, 'accuracy': 0.9645}
train: {'epoch': 161, 'eta': 9.5439, 'loss': 1.6777, 'lr': 0.0065, 'params': 632328, 'time_iter': 0.0391, 'accuracy': 0.9626}
train: {'epoch': 162, 'eta': 9.4998, 'loss': 1.6773, 'lr': 0.0065, 'params': 632328, 'time_iter': 0.0374, 'accuracy': 0.9631}
train: {'epoch': 163, 'eta': 9.4674, 'loss': 1.677, 'lr': 0.0064, 'params': 632328, 'time_iter': 0.0454, 'accuracy': 0.964}
train: {'epoch': 164, 'eta': 9.423, 'loss': 1.6764, 'lr': 0.0064, 'params': 632328, 'time_iter': 0.0371, 'accuracy': 0.9668}
train: {'epoch': 165, 'eta': 9.3788, 'loss': 1.676, 'lr': 0.0064, 'params': 632328, 'time_iter': 0.0372, 'accuracy': 0.9658}
train: {'epoch': 166, 'eta': 9.3398, 'loss': 1.6757, 'lr': 0.0063, 'params': 632328, 'time_iter': 0.0409, 'accuracy': 0.964}
train: {'epoch': 167, 'eta': 9.3025, 'loss': 1.6752, 'lr': 0.0063, 'params': 632328, 'time_iter': 0.0421, 'accuracy': 0.9645}
train: {'epoch': 168, 'eta': 9.2624, 'loss': 1.6752, 'lr': 0.0062, 'params': 632328, 'time_iter': 0.0401, 'accuracy': 0.9686}
train: {'epoch': 169, 'eta': 9.2225, 'loss': 1.6766, 'lr': 0.0062, 'params': 632328, 'time_iter': 0.0403, 'accuracy': 0.9663}
train: {'epoch': 170, 'eta': 9.1816, 'loss': 1.6799, 'lr': 0.0062, 'params': 632328, 'time_iter': 0.0395, 'accuracy': 0.9681}
train: {'epoch': 171, 'eta': 9.1434, 'loss': 1.6889, 'lr': 0.0061, 'params': 632328, 'time_iter': 0.0416, 'accuracy': 0.9566}
train: {'epoch': 172, 'eta': 9.1139, 'loss': 1.6794, 'lr': 0.0061, 'params': 632328, 'time_iter': 0.0482, 'accuracy': 0.9594}
train: {'epoch': 173, 'eta': 9.0732, 'loss': 1.682, 'lr': 0.0061, 'params': 632328, 'time_iter': 0.0397, 'accuracy': 0.964}
train: {'epoch': 174, 'eta': 9.0311, 'loss': 1.6797, 'lr': 0.006, 'params': 632328, 'time_iter': 0.0386, 'accuracy': 0.9603}
train: {'epoch': 175, 'eta': 8.9872, 'loss': 1.6804, 'lr': 0.006, 'params': 632328, 'time_iter': 0.0372, 'accuracy': 0.964}
train: {'epoch': 176, 'eta': 8.9456, 'loss': 1.6784, 'lr': 0.0059, 'params': 632328, 'time_iter': 0.039, 'accuracy': 0.9658}
train: {'epoch': 177, 'eta': 8.9061, 'loss': 1.6781, 'lr': 0.0059, 'params': 632328, 'time_iter': 0.0406, 'accuracy': 0.9663}
train: {'epoch': 178, 'eta': 8.8629, 'loss': 1.6779, 'lr': 0.0059, 'params': 632328, 'time_iter': 0.0376, 'accuracy': 0.9635}
train: {'epoch': 179, 'eta': 8.8228, 'loss': 1.6768, 'lr': 0.0058, 'params': 632328, 'time_iter': 0.0401, 'accuracy': 0.9649}
val: {'epoch': 179, 'loss': 1.8423, 'lr': 0, 'params': 632328, 'time_iter': 0.0149, 'accuracy': 0.8524}
train: {'epoch': 180, 'eta': 8.7785, 'loss': 1.6764, 'lr': 0.0058, 'params': 632328, 'time_iter': 0.0367, 'accuracy': 0.9668}
train: {'epoch': 181, 'eta': 8.738, 'loss': 1.6762, 'lr': 0.0057, 'params': 632328, 'time_iter': 0.0397, 'accuracy': 0.9677}
train: {'epoch': 182, 'eta': 8.7003, 'loss': 1.6756, 'lr': 0.0057, 'params': 632328, 'time_iter': 0.0421, 'accuracy': 0.9668}
train: {'epoch': 183, 'eta': 8.6592, 'loss': 1.6752, 'lr': 0.0057, 'params': 632328, 'time_iter': 0.0392, 'accuracy': 0.9663}
train: {'epoch': 184, 'eta': 8.6192, 'loss': 1.6749, 'lr': 0.0056, 'params': 632328, 'time_iter': 0.0402, 'accuracy': 0.9709}
train: {'epoch': 185, 'eta': 8.5778, 'loss': 1.6746, 'lr': 0.0056, 'params': 632328, 'time_iter': 0.0389, 'accuracy': 0.9709}
train: {'epoch': 186, 'eta': 8.5362, 'loss': 1.6751, 'lr': 0.0055, 'params': 632328, 'time_iter': 0.0388, 'accuracy': 0.9686}
train: {'epoch': 187, 'eta': 8.4924, 'loss': 1.6756, 'lr': 0.0055, 'params': 632328, 'time_iter': 0.0368, 'accuracy': 0.9677}
train: {'epoch': 188, 'eta': 8.4519, 'loss': 1.6743, 'lr': 0.0055, 'params': 632328, 'time_iter': 0.0397, 'accuracy': 0.9663}
train: {'epoch': 189, 'eta': 8.4126, 'loss': 1.675, 'lr': 0.0054, 'params': 632328, 'time_iter': 0.0407, 'accuracy': 0.9658}
train: {'epoch': 190, 'eta': 8.37, 'loss': 1.6745, 'lr': 0.0054, 'params': 632328, 'time_iter': 0.0378, 'accuracy': 0.9672}
train: {'epoch': 191, 'eta': 8.3286, 'loss': 1.6742, 'lr': 0.0054, 'params': 632328, 'time_iter': 0.0387, 'accuracy': 0.9686}
train: {'epoch': 192, 'eta': 8.2937, 'loss': 1.674, 'lr': 0.0053, 'params': 632328, 'time_iter': 0.0449, 'accuracy': 0.9681}
train: {'epoch': 193, 'eta': 8.2526, 'loss': 1.6736, 'lr': 0.0053, 'params': 632328, 'time_iter': 0.0391, 'accuracy': 0.9686}
train: {'epoch': 194, 'eta': 8.2101, 'loss': 1.6736, 'lr': 0.0052, 'params': 632328, 'time_iter': 0.0378, 'accuracy': 0.9718}
train: {'epoch': 195, 'eta': 8.1676, 'loss': 1.6733, 'lr': 0.0052, 'params': 632328, 'time_iter': 0.0377, 'accuracy': 0.9705}
train: {'epoch': 196, 'eta': 8.1283, 'loss': 1.6734, 'lr': 0.0052, 'params': 632328, 'time_iter': 0.0408, 'accuracy': 0.9686}
train: {'epoch': 197, 'eta': 8.0857, 'loss': 1.6733, 'lr': 0.0051, 'params': 632328, 'time_iter': 0.0375, 'accuracy': 0.9686}
train: {'epoch': 198, 'eta': 8.0426, 'loss': 1.6731, 'lr': 0.0051, 'params': 632328, 'time_iter': 0.037, 'accuracy': 0.9705}
train: {'epoch': 199, 'eta': 7.9988, 'loss': 1.6733, 'lr': 0.005, 'params': 632328, 'time_iter': 0.0361, 'accuracy': 0.9686}
val: {'epoch': 199, 'loss': 1.8437, 'lr': 0, 'params': 632328, 'time_iter': 0.0149, 'accuracy': 0.8598}
train: {'epoch': 200, 'eta': 7.9589, 'loss': 1.6737, 'lr': 0.005, 'params': 632328, 'time_iter': 0.0401, 'accuracy': 0.9677}
train: {'epoch': 201, 'eta': 7.9187, 'loss': 1.6743, 'lr': 0.005, 'params': 632328, 'time_iter': 0.0398, 'accuracy': 0.9681}
train: {'epoch': 202, 'eta': 7.8792, 'loss': 1.6749, 'lr': 0.0049, 'params': 632328, 'time_iter': 0.0405, 'accuracy': 0.9681}
train: {'epoch': 203, 'eta': 7.8378, 'loss': 1.6751, 'lr': 0.0049, 'params': 632328, 'time_iter': 0.0385, 'accuracy': 0.9663}
train: {'epoch': 204, 'eta': 7.7955, 'loss': 1.6748, 'lr': 0.0048, 'params': 632328, 'time_iter': 0.0376, 'accuracy': 0.9663}
train: {'epoch': 205, 'eta': 7.7547, 'loss': 1.6742, 'lr': 0.0048, 'params': 632328, 'time_iter': 0.0391, 'accuracy': 0.9681}
train: {'epoch': 206, 'eta': 7.7108, 'loss': 1.6738, 'lr': 0.0048, 'params': 632328, 'time_iter': 0.0358, 'accuracy': 0.9654}
train: {'epoch': 207, 'eta': 7.6678, 'loss': 1.6742, 'lr': 0.0047, 'params': 632328, 'time_iter': 0.0367, 'accuracy': 0.9668}
train: {'epoch': 208, 'eta': 7.6279, 'loss': 1.6735, 'lr': 0.0047, 'params': 632328, 'time_iter': 0.0399, 'accuracy': 0.9695}
train: {'epoch': 209, 'eta': 7.5897, 'loss': 1.6736, 'lr': 0.0046, 'params': 632328, 'time_iter': 0.0418, 'accuracy': 0.9672}
train: {'epoch': 210, 'eta': 7.5497, 'loss': 1.6743, 'lr': 0.0046, 'params': 632328, 'time_iter': 0.0399, 'accuracy': 0.9672}
train: {'epoch': 211, 'eta': 7.5062, 'loss': 1.6764, 'lr': 0.0046, 'params': 632328, 'time_iter': 0.0359, 'accuracy': 0.9695}
train: {'epoch': 212, 'eta': 7.464, 'loss': 1.6854, 'lr': 0.0045, 'params': 632328, 'time_iter': 0.0373, 'accuracy': 0.9621}
train: {'epoch': 213, 'eta': 7.4229, 'loss': 1.6807, 'lr': 0.0045, 'params': 632328, 'time_iter': 0.0385, 'accuracy': 0.9654}
train: {'epoch': 214, 'eta': 7.3833, 'loss': 1.6836, 'lr': 0.0045, 'params': 632328, 'time_iter': 0.0403, 'accuracy': 0.9594}
train: {'epoch': 215, 'eta': 7.3431, 'loss': 1.6859, 'lr': 0.0044, 'params': 632328, 'time_iter': 0.0396, 'accuracy': 0.9538}
train: {'epoch': 216, 'eta': 7.3005, 'loss': 1.6844, 'lr': 0.0044, 'params': 632328, 'time_iter': 0.0366, 'accuracy': 0.9529}
train: {'epoch': 217, 'eta': 7.2596, 'loss': 1.6817, 'lr': 0.0043, 'params': 632328, 'time_iter': 0.0387, 'accuracy': 0.9645}
train: {'epoch': 218, 'eta': 7.2183, 'loss': 1.6823, 'lr': 0.0043, 'params': 632328, 'time_iter': 0.0382, 'accuracy': 0.958}
train: {'epoch': 219, 'eta': 7.176, 'loss': 1.68, 'lr': 0.0043, 'params': 632328, 'time_iter': 0.0369, 'accuracy': 0.9589}
val: {'epoch': 219, 'loss': 1.8472, 'lr': 0, 'params': 632328, 'time_iter': 0.0147, 'accuracy': 0.8542}
train: {'epoch': 220, 'eta': 7.1361, 'loss': 1.6788, 'lr': 0.0042, 'params': 632328, 'time_iter': 0.0398, 'accuracy': 0.9617}
train: {'epoch': 221, 'eta': 7.0967, 'loss': 1.6782, 'lr': 0.0042, 'params': 632328, 'time_iter': 0.0404, 'accuracy': 0.964}
train: {'epoch': 222, 'eta': 7.056, 'loss': 1.6775, 'lr': 0.0041, 'params': 632328, 'time_iter': 0.0389, 'accuracy': 0.9658}
train: {'epoch': 223, 'eta': 7.0147, 'loss': 1.6767, 'lr': 0.0041, 'params': 632328, 'time_iter': 0.0381, 'accuracy': 0.9626}
train: {'epoch': 224, 'eta': 6.9728, 'loss': 1.6765, 'lr': 0.0041, 'params': 632328, 'time_iter': 0.0372, 'accuracy': 0.9654}
train: {'epoch': 225, 'eta': 6.9317, 'loss': 1.6757, 'lr': 0.004, 'params': 632328, 'time_iter': 0.0382, 'accuracy': 0.9658}
train: {'epoch': 226, 'eta': 6.8907, 'loss': 1.6753, 'lr': 0.004, 'params': 632328, 'time_iter': 0.0382, 'accuracy': 0.9668}
train: {'epoch': 227, 'eta': 6.8494, 'loss': 1.6751, 'lr': 0.0039, 'params': 632328, 'time_iter': 0.0379, 'accuracy': 0.97}
train: {'epoch': 228, 'eta': 6.8099, 'loss': 1.6745, 'lr': 0.0039, 'params': 632328, 'time_iter': 0.0403, 'accuracy': 0.9686}
train: {'epoch': 229, 'eta': 6.7703, 'loss': 1.6744, 'lr': 0.0039, 'params': 632328, 'time_iter': 0.0401, 'accuracy': 0.9677}
train: {'epoch': 230, 'eta': 6.7291, 'loss': 1.6739, 'lr': 0.0038, 'params': 632328, 'time_iter': 0.038, 'accuracy': 0.9672}
train: {'epoch': 231, 'eta': 6.6896, 'loss': 1.6738, 'lr': 0.0038, 'params': 632328, 'time_iter': 0.0403, 'accuracy': 0.9695}
train: {'epoch': 232, 'eta': 6.648, 'loss': 1.6734, 'lr': 0.0038, 'params': 632328, 'time_iter': 0.0373, 'accuracy': 0.9718}
train: {'epoch': 233, 'eta': 6.6067, 'loss': 1.6734, 'lr': 0.0037, 'params': 632328, 'time_iter': 0.0377, 'accuracy': 0.9705}
train: {'epoch': 234, 'eta': 6.566, 'loss': 1.6732, 'lr': 0.0037, 'params': 632328, 'time_iter': 0.0385, 'accuracy': 0.9681}
train: {'epoch': 235, 'eta': 6.5239, 'loss': 1.673, 'lr': 0.0036, 'params': 632328, 'time_iter': 0.0364, 'accuracy': 0.9691}
train: {'epoch': 236, 'eta': 6.4845, 'loss': 1.6729, 'lr': 0.0036, 'params': 632328, 'time_iter': 0.0404, 'accuracy': 0.9681}
train: {'epoch': 237, 'eta': 6.4448, 'loss': 1.673, 'lr': 0.0036, 'params': 632328, 'time_iter': 0.0399, 'accuracy': 0.9686}
train: {'epoch': 238, 'eta': 6.4055, 'loss': 1.6728, 'lr': 0.0035, 'params': 632328, 'time_iter': 0.0404, 'accuracy': 0.9691}
train: {'epoch': 239, 'eta': 6.3641, 'loss': 1.6726, 'lr': 0.0035, 'params': 632328, 'time_iter': 0.0374, 'accuracy': 0.9705}
val: {'epoch': 239, 'loss': 1.85, 'lr': 0, 'params': 632328, 'time_iter': 0.0427, 'accuracy': 0.8579}
train: {'epoch': 240, 'eta': 6.3259, 'loss': 1.6725, 'lr': 0.0035, 'params': 632328, 'time_iter': 0.0422, 'accuracy': 0.9709}
train: {'epoch': 241, 'eta': 6.2857, 'loss': 1.6724, 'lr': 0.0034, 'params': 632328, 'time_iter': 0.0391, 'accuracy': 0.9705}
train: {'epoch': 242, 'eta': 6.2463, 'loss': 1.6725, 'lr': 0.0034, 'params': 632328, 'time_iter': 0.0403, 'accuracy': 0.97}
train: {'epoch': 243, 'eta': 6.2046, 'loss': 1.6723, 'lr': 0.0033, 'params': 632328, 'time_iter': 0.0369, 'accuracy': 0.9681}
train: {'epoch': 244, 'eta': 6.1683, 'loss': 1.6722, 'lr': 0.0033, 'params': 632328, 'time_iter': 0.0452, 'accuracy': 0.9672}
train: {'epoch': 245, 'eta': 6.1276, 'loss': 1.6721, 'lr': 0.0033, 'params': 632328, 'time_iter': 0.0383, 'accuracy': 0.9695}
train: {'epoch': 246, 'eta': 6.0874, 'loss': 1.672, 'lr': 0.0032, 'params': 632328, 'time_iter': 0.039, 'accuracy': 0.9714}
train: {'epoch': 247, 'eta': 6.0467, 'loss': 1.672, 'lr': 0.0032, 'params': 632328, 'time_iter': 0.0383, 'accuracy': 0.9718}
train: {'epoch': 248, 'eta': 6.0063, 'loss': 1.6721, 'lr': 0.0032, 'params': 632328, 'time_iter': 0.0389, 'accuracy': 0.97}
train: {'epoch': 249, 'eta': 5.9671, 'loss': 1.6721, 'lr': 0.0031, 'params': 632328, 'time_iter': 0.0406, 'accuracy': 0.97}
train: {'epoch': 250, 'eta': 5.9269, 'loss': 1.6721, 'lr': 0.0031, 'params': 632328, 'time_iter': 0.0391, 'accuracy': 0.9686}
train: {'epoch': 251, 'eta': 5.8873, 'loss': 1.672, 'lr': 0.0031, 'params': 632328, 'time_iter': 0.0401, 'accuracy': 0.9695}
train: {'epoch': 252, 'eta': 5.8456, 'loss': 1.6719, 'lr': 0.003, 'params': 632328, 'time_iter': 0.0365, 'accuracy': 0.9709}
train: {'epoch': 253, 'eta': 5.8052, 'loss': 1.6718, 'lr': 0.003, 'params': 632328, 'time_iter': 0.0387, 'accuracy': 0.9714}
train: {'epoch': 254, 'eta': 5.7654, 'loss': 1.6719, 'lr': 0.0029, 'params': 632328, 'time_iter': 0.0396, 'accuracy': 0.9705}
train: {'epoch': 255, 'eta': 5.7237, 'loss': 1.6719, 'lr': 0.0029, 'params': 632328, 'time_iter': 0.0364, 'accuracy': 0.9695}
train: {'epoch': 256, 'eta': 5.683, 'loss': 1.6718, 'lr': 0.0029, 'params': 632328, 'time_iter': 0.038, 'accuracy': 0.9691}
train: {'epoch': 257, 'eta': 5.6437, 'loss': 1.6718, 'lr': 0.0028, 'params': 632328, 'time_iter': 0.0406, 'accuracy': 0.9681}
train: {'epoch': 258, 'eta': 5.6032, 'loss': 1.6717, 'lr': 0.0028, 'params': 632328, 'time_iter': 0.0384, 'accuracy': 0.9705}
train: {'epoch': 259, 'eta': 5.5642, 'loss': 1.6717, 'lr': 0.0028, 'params': 632328, 'time_iter': 0.0412, 'accuracy': 0.9709}
val: {'epoch': 259, 'loss': 1.8455, 'lr': 0, 'params': 632328, 'time_iter': 0.016, 'accuracy': 0.8616}
train: {'epoch': 260, 'eta': 5.5254, 'loss': 1.6718, 'lr': 0.0027, 'params': 632328, 'time_iter': 0.0414, 'accuracy': 0.97}
train: {'epoch': 261, 'eta': 5.4874, 'loss': 1.6718, 'lr': 0.0027, 'params': 632328, 'time_iter': 0.0431, 'accuracy': 0.9709}
train: {'epoch': 262, 'eta': 5.4508, 'loss': 1.6719, 'lr': 0.0027, 'params': 632328, 'time_iter': 0.0459, 'accuracy': 0.97}
train: {'epoch': 263, 'eta': 5.4103, 'loss': 1.6719, 'lr': 0.0026, 'params': 632328, 'time_iter': 0.0385, 'accuracy': 0.97}
train: {'epoch': 264, 'eta': 5.3698, 'loss': 1.672, 'lr': 0.0026, 'params': 632328, 'time_iter': 0.0384, 'accuracy': 0.9691}
train: {'epoch': 265, 'eta': 5.3292, 'loss': 1.6721, 'lr': 0.0026, 'params': 632328, 'time_iter': 0.0381, 'accuracy': 0.9695}
train: {'epoch': 266, 'eta': 5.2893, 'loss': 1.6723, 'lr': 0.0025, 'params': 632328, 'time_iter': 0.0394, 'accuracy': 0.9695}
train: {'epoch': 267, 'eta': 5.2475, 'loss': 1.6719, 'lr': 0.0025, 'params': 632328, 'time_iter': 0.0358, 'accuracy': 0.9695}
train: {'epoch': 268, 'eta': 5.2067, 'loss': 1.6719, 'lr': 0.0025, 'params': 632328, 'time_iter': 0.0374, 'accuracy': 0.9705}
train: {'epoch': 269, 'eta': 5.1723, 'loss': 1.6722, 'lr': 0.0024, 'params': 632328, 'time_iter': 0.051, 'accuracy': 0.9695}
train: {'epoch': 270, 'eta': 5.1323, 'loss': 1.6722, 'lr': 0.0024, 'params': 632328, 'time_iter': 0.0392, 'accuracy': 0.9691}
train: {'epoch': 271, 'eta': 5.0955, 'loss': 1.672, 'lr': 0.0024, 'params': 632328, 'time_iter': 0.0462, 'accuracy': 0.9691}
train: {'epoch': 272, 'eta': 5.0554, 'loss': 1.6718, 'lr': 0.0023, 'params': 632328, 'time_iter': 0.0392, 'accuracy': 0.9705}
train: {'epoch': 273, 'eta': 5.0143, 'loss': 1.6717, 'lr': 0.0023, 'params': 632328, 'time_iter': 0.037, 'accuracy': 0.9705}
train: {'epoch': 274, 'eta': 4.9744, 'loss': 1.6718, 'lr': 0.0023, 'params': 632328, 'time_iter': 0.0396, 'accuracy': 0.97}
train: {'epoch': 275, 'eta': 4.9346, 'loss': 1.6718, 'lr': 0.0022, 'params': 632328, 'time_iter': 0.0396, 'accuracy': 0.9705}
train: {'epoch': 276, 'eta': 4.8941, 'loss': 1.6716, 'lr': 0.0022, 'params': 632328, 'time_iter': 0.0382, 'accuracy': 0.97}
train: {'epoch': 277, 'eta': 4.8541, 'loss': 1.6716, 'lr': 0.0022, 'params': 632328, 'time_iter': 0.0394, 'accuracy': 0.97}
train: {'epoch': 278, 'eta': 4.8158, 'loss': 1.6716, 'lr': 0.0021, 'params': 632328, 'time_iter': 0.0433, 'accuracy': 0.9714}
train: {'epoch': 279, 'eta': 4.7758, 'loss': 1.6715, 'lr': 0.0021, 'params': 632328, 'time_iter': 0.0391, 'accuracy': 0.9691}
val: {'epoch': 279, 'loss': 1.8495, 'lr': 0, 'params': 632328, 'time_iter': 0.0505, 'accuracy': 0.8598}
train: {'epoch': 280, 'eta': 4.7385, 'loss': 1.6715, 'lr': 0.0021, 'params': 632328, 'time_iter': 0.0459, 'accuracy': 0.9686}
train: {'epoch': 281, 'eta': 4.6994, 'loss': 1.6715, 'lr': 0.002, 'params': 632328, 'time_iter': 0.0414, 'accuracy': 0.9705}
train: {'epoch': 282, 'eta': 4.6625, 'loss': 1.6715, 'lr': 0.002, 'params': 632328, 'time_iter': 0.047, 'accuracy': 0.9705}
train: {'epoch': 283, 'eta': 4.6233, 'loss': 1.6715, 'lr': 0.002, 'params': 632328, 'time_iter': 0.0414, 'accuracy': 0.9695}
train: {'epoch': 284, 'eta': 4.5828, 'loss': 1.6714, 'lr': 0.0019, 'params': 632328, 'time_iter': 0.0384, 'accuracy': 0.97}
train: {'epoch': 285, 'eta': 4.5425, 'loss': 1.6714, 'lr': 0.0019, 'params': 632328, 'time_iter': 0.0388, 'accuracy': 0.9705}
train: {'epoch': 286, 'eta': 4.5019, 'loss': 1.6714, 'lr': 0.0019, 'params': 632328, 'time_iter': 0.0378, 'accuracy': 0.9709}
train: {'epoch': 287, 'eta': 4.462, 'loss': 1.6714, 'lr': 0.0018, 'params': 632328, 'time_iter': 0.0397, 'accuracy': 0.9695}
train: {'epoch': 288, 'eta': 4.4219, 'loss': 1.6714, 'lr': 0.0018, 'params': 632328, 'time_iter': 0.039, 'accuracy': 0.9705}
train: {'epoch': 289, 'eta': 4.3815, 'loss': 1.6714, 'lr': 0.0018, 'params': 632328, 'time_iter': 0.0385, 'accuracy': 0.97}
train: {'epoch': 290, 'eta': 4.3421, 'loss': 1.6714, 'lr': 0.0018, 'params': 632328, 'time_iter': 0.0409, 'accuracy': 0.97}
train: {'epoch': 291, 'eta': 4.3021, 'loss': 1.6717, 'lr': 0.0017, 'params': 632328, 'time_iter': 0.0395, 'accuracy': 0.9714}
train: {'epoch': 292, 'eta': 4.2619, 'loss': 1.6719, 'lr': 0.0017, 'params': 632328, 'time_iter': 0.0388, 'accuracy': 0.9705}
train: {'epoch': 293, 'eta': 4.2215, 'loss': 1.6725, 'lr': 0.0017, 'params': 632328, 'time_iter': 0.0383, 'accuracy': 0.97}
train: {'epoch': 294, 'eta': 4.1809, 'loss': 1.6721, 'lr': 0.0016, 'params': 632328, 'time_iter': 0.0376, 'accuracy': 0.9705}
train: {'epoch': 295, 'eta': 4.1403, 'loss': 1.6719, 'lr': 0.0016, 'params': 632328, 'time_iter': 0.0375, 'accuracy': 0.9691}
train: {'epoch': 296, 'eta': 4.1014, 'loss': 1.6719, 'lr': 0.0016, 'params': 632328, 'time_iter': 0.0426, 'accuracy': 0.9714}
train: {'epoch': 297, 'eta': 4.0606, 'loss': 1.672, 'lr': 0.0015, 'params': 632328, 'time_iter': 0.037, 'accuracy': 0.97}
train: {'epoch': 298, 'eta': 4.0195, 'loss': 1.6718, 'lr': 0.0015, 'params': 632328, 'time_iter': 0.036, 'accuracy': 0.97}
train: {'epoch': 299, 'eta': 3.98, 'loss': 1.6719, 'lr': 0.0015, 'params': 632328, 'time_iter': 0.0406, 'accuracy': 0.9691}
val: {'epoch': 299, 'loss': 1.8537, 'lr': 0, 'params': 632328, 'time_iter': 0.0144, 'accuracy': 0.8598}
train: {'epoch': 300, 'eta': 3.9399, 'loss': 1.6718, 'lr': 0.0015, 'params': 632328, 'time_iter': 0.0389, 'accuracy': 0.97}
train: {'epoch': 301, 'eta': 3.8991, 'loss': 1.6716, 'lr': 0.0014, 'params': 632328, 'time_iter': 0.0367, 'accuracy': 0.9714}
train: {'epoch': 302, 'eta': 3.859, 'loss': 1.6717, 'lr': 0.0014, 'params': 632328, 'time_iter': 0.0388, 'accuracy': 0.9714}
train: {'epoch': 303, 'eta': 3.8191, 'loss': 1.6716, 'lr': 0.0014, 'params': 632328, 'time_iter': 0.0395, 'accuracy': 0.97}
train: {'epoch': 304, 'eta': 3.7791, 'loss': 1.6716, 'lr': 0.0014, 'params': 632328, 'time_iter': 0.0392, 'accuracy': 0.97}
train: {'epoch': 305, 'eta': 3.7395, 'loss': 1.6715, 'lr': 0.0013, 'params': 632328, 'time_iter': 0.0401, 'accuracy': 0.97}
train: {'epoch': 306, 'eta': 3.6995, 'loss': 1.6715, 'lr': 0.0013, 'params': 632328, 'time_iter': 0.0392, 'accuracy': 0.9695}
train: {'epoch': 307, 'eta': 3.6603, 'loss': 1.6715, 'lr': 0.0013, 'params': 632328, 'time_iter': 0.0418, 'accuracy': 0.9691}
train: {'epoch': 308, 'eta': 3.6198, 'loss': 1.6714, 'lr': 0.0012, 'params': 632328, 'time_iter': 0.0372, 'accuracy': 0.9709}
train: {'epoch': 309, 'eta': 3.5793, 'loss': 1.6714, 'lr': 0.0012, 'params': 632328, 'time_iter': 0.0373, 'accuracy': 0.9705}
train: {'epoch': 310, 'eta': 3.5393, 'loss': 1.6714, 'lr': 0.0012, 'params': 632328, 'time_iter': 0.0391, 'accuracy': 0.9709}
train: {'epoch': 311, 'eta': 3.4989, 'loss': 1.6714, 'lr': 0.0012, 'params': 632328, 'time_iter': 0.0377, 'accuracy': 0.9709}
train: {'epoch': 312, 'eta': 3.4589, 'loss': 1.6713, 'lr': 0.0011, 'params': 632328, 'time_iter': 0.0388, 'accuracy': 0.9709}
train: {'epoch': 313, 'eta': 3.4183, 'loss': 1.6713, 'lr': 0.0011, 'params': 632328, 'time_iter': 0.0365, 'accuracy': 0.9691}
train: {'epoch': 314, 'eta': 3.3787, 'loss': 1.6713, 'lr': 0.0011, 'params': 632328, 'time_iter': 0.0402, 'accuracy': 0.9709}
train: {'epoch': 315, 'eta': 3.339, 'loss': 1.6713, 'lr': 0.0011, 'params': 632328, 'time_iter': 0.0402, 'accuracy': 0.9709}
train: {'epoch': 316, 'eta': 3.2996, 'loss': 1.6713, 'lr': 0.001, 'params': 632328, 'time_iter': 0.041, 'accuracy': 0.9709}
train: {'epoch': 317, 'eta': 3.2592, 'loss': 1.6713, 'lr': 0.001, 'params': 632328, 'time_iter': 0.0372, 'accuracy': 0.9705}
train: {'epoch': 318, 'eta': 3.219, 'loss': 1.6713, 'lr': 0.001, 'params': 632328, 'time_iter': 0.0378, 'accuracy': 0.97}
train: {'epoch': 319, 'eta': 3.1789, 'loss': 1.6713, 'lr': 0.001, 'params': 632328, 'time_iter': 0.0384, 'accuracy': 0.9705}
val: {'epoch': 319, 'loss': 1.8554, 'lr': 0, 'params': 632328, 'time_iter': 0.0141, 'accuracy': 0.8635}
train: {'epoch': 320, 'eta': 3.1382, 'loss': 1.6712, 'lr': 0.001, 'params': 632328, 'time_iter': 0.0359, 'accuracy': 0.9705}
train: {'epoch': 321, 'eta': 3.0989, 'loss': 1.6712, 'lr': 0.0009, 'params': 632328, 'time_iter': 0.0413, 'accuracy': 0.9705}
train: {'epoch': 322, 'eta': 3.0585, 'loss': 1.6712, 'lr': 0.0009, 'params': 632328, 'time_iter': 0.0369, 'accuracy': 0.9709}
train: {'epoch': 323, 'eta': 3.0184, 'loss': 1.6712, 'lr': 0.0009, 'params': 632328, 'time_iter': 0.0382, 'accuracy': 0.9705}
train: {'epoch': 324, 'eta': 2.9783, 'loss': 1.6712, 'lr': 0.0009, 'params': 632328, 'time_iter': 0.0381, 'accuracy': 0.9705}
train: {'epoch': 325, 'eta': 2.9383, 'loss': 1.6712, 'lr': 0.0008, 'params': 632328, 'time_iter': 0.0382, 'accuracy': 0.9705}
train: {'epoch': 326, 'eta': 2.8982, 'loss': 1.6712, 'lr': 0.0008, 'params': 632328, 'time_iter': 0.0382, 'accuracy': 0.9705}
train: {'epoch': 327, 'eta': 2.8581, 'loss': 1.6712, 'lr': 0.0008, 'params': 632328, 'time_iter': 0.0376, 'accuracy': 0.9709}
train: {'epoch': 328, 'eta': 2.8181, 'loss': 1.6712, 'lr': 0.0008, 'params': 632328, 'time_iter': 0.0385, 'accuracy': 0.9709}
train: {'epoch': 329, 'eta': 2.7788, 'loss': 1.6712, 'lr': 0.0008, 'params': 632328, 'time_iter': 0.0413, 'accuracy': 0.9705}
train: {'epoch': 330, 'eta': 2.739, 'loss': 1.6712, 'lr': 0.0007, 'params': 632328, 'time_iter': 0.0393, 'accuracy': 0.9705}
train: {'epoch': 331, 'eta': 2.6989, 'loss': 1.6712, 'lr': 0.0007, 'params': 632328, 'time_iter': 0.0376, 'accuracy': 0.9705}
train: {'epoch': 332, 'eta': 2.6592, 'loss': 1.6712, 'lr': 0.0007, 'params': 632328, 'time_iter': 0.0401, 'accuracy': 0.97}
train: {'epoch': 333, 'eta': 2.6192, 'loss': 1.6712, 'lr': 0.0007, 'params': 632328, 'time_iter': 0.0378, 'accuracy': 0.9705}
train: {'epoch': 334, 'eta': 2.5795, 'loss': 1.6712, 'lr': 0.0007, 'params': 632328, 'time_iter': 0.0398, 'accuracy': 0.9709}
train: {'epoch': 335, 'eta': 2.5395, 'loss': 1.6712, 'lr': 0.0006, 'params': 632328, 'time_iter': 0.0377, 'accuracy': 0.9705}
train: {'epoch': 336, 'eta': 2.4991, 'loss': 1.6712, 'lr': 0.0006, 'params': 632328, 'time_iter': 0.0361, 'accuracy': 0.9705}
train: {'epoch': 337, 'eta': 2.4594, 'loss': 1.6712, 'lr': 0.0006, 'params': 632328, 'time_iter': 0.0393, 'accuracy': 0.9705}
train: {'epoch': 338, 'eta': 2.4196, 'loss': 1.6712, 'lr': 0.0006, 'params': 632328, 'time_iter': 0.0391, 'accuracy': 0.9709}
train: {'epoch': 339, 'eta': 2.38, 'loss': 1.6712, 'lr': 0.0006, 'params': 632328, 'time_iter': 0.0402, 'accuracy': 0.9705}
val: {'epoch': 339, 'loss': 1.856, 'lr': 0, 'params': 632328, 'time_iter': 0.0142, 'accuracy': 0.8635}
train: {'epoch': 340, 'eta': 2.3399, 'loss': 1.6712, 'lr': 0.0005, 'params': 632328, 'time_iter': 0.0371, 'accuracy': 0.9705}
train: {'epoch': 341, 'eta': 2.3002, 'loss': 1.6712, 'lr': 0.0005, 'params': 632328, 'time_iter': 0.0393, 'accuracy': 0.97}
train: {'epoch': 342, 'eta': 2.2606, 'loss': 1.6712, 'lr': 0.0005, 'params': 632328, 'time_iter': 0.0402, 'accuracy': 0.9705}
train: {'epoch': 343, 'eta': 2.2211, 'loss': 1.6712, 'lr': 0.0005, 'params': 632328, 'time_iter': 0.0406, 'accuracy': 0.9705}
train: {'epoch': 344, 'eta': 2.1819, 'loss': 1.6712, 'lr': 0.0005, 'params': 632328, 'time_iter': 0.0427, 'accuracy': 0.9709}
train: {'epoch': 345, 'eta': 2.1419, 'loss': 1.6712, 'lr': 0.0005, 'params': 632328, 'time_iter': 0.0376, 'accuracy': 0.9709}
train: {'epoch': 346, 'eta': 2.1022, 'loss': 1.6712, 'lr': 0.0004, 'params': 632328, 'time_iter': 0.0394, 'accuracy': 0.9705}
train: {'epoch': 347, 'eta': 2.0621, 'loss': 1.6712, 'lr': 0.0004, 'params': 632328, 'time_iter': 0.0367, 'accuracy': 0.9705}
train: {'epoch': 348, 'eta': 2.0223, 'loss': 1.6712, 'lr': 0.0004, 'params': 632328, 'time_iter': 0.0385, 'accuracy': 0.9705}
train: {'epoch': 349, 'eta': 1.9826, 'loss': 1.6712, 'lr': 0.0004, 'params': 632328, 'time_iter': 0.0394, 'accuracy': 0.9705}
train: {'epoch': 350, 'eta': 1.9429, 'loss': 1.6712, 'lr': 0.0004, 'params': 632328, 'time_iter': 0.039, 'accuracy': 0.9705}
train: {'epoch': 351, 'eta': 1.9026, 'loss': 1.6712, 'lr': 0.0004, 'params': 632328, 'time_iter': 0.0353, 'accuracy': 0.9705}
train: {'epoch': 352, 'eta': 1.8629, 'loss': 1.6712, 'lr': 0.0004, 'params': 632328, 'time_iter': 0.0391, 'accuracy': 0.9705}
train: {'epoch': 353, 'eta': 1.823, 'loss': 1.6712, 'lr': 0.0003, 'params': 632328, 'time_iter': 0.0378, 'accuracy': 0.9705}
train: {'epoch': 354, 'eta': 1.783, 'loss': 1.6712, 'lr': 0.0003, 'params': 632328, 'time_iter': 0.036, 'accuracy': 0.9705}
train: {'epoch': 355, 'eta': 1.7434, 'loss': 1.6712, 'lr': 0.0003, 'params': 632328, 'time_iter': 0.0398, 'accuracy': 0.9705}
train: {'epoch': 356, 'eta': 1.7035, 'loss': 1.6712, 'lr': 0.0003, 'params': 632328, 'time_iter': 0.0372, 'accuracy': 0.9709}
train: {'epoch': 357, 'eta': 1.6635, 'loss': 1.6712, 'lr': 0.0003, 'params': 632328, 'time_iter': 0.0368, 'accuracy': 0.9705}
train: {'epoch': 358, 'eta': 1.624, 'loss': 1.6712, 'lr': 0.0003, 'params': 632328, 'time_iter': 0.0405, 'accuracy': 0.9705}
train: {'epoch': 359, 'eta': 1.5841, 'loss': 1.6712, 'lr': 0.0003, 'params': 632328, 'time_iter': 0.0367, 'accuracy': 0.9705}
val: {'epoch': 359, 'loss': 1.8576, 'lr': 0, 'params': 632328, 'time_iter': 0.0202, 'accuracy': 0.8616}
train: {'epoch': 360, 'eta': 1.5444, 'loss': 1.6712, 'lr': 0.0002, 'params': 632328, 'time_iter': 0.0393, 'accuracy': 0.9705}
train: {'epoch': 361, 'eta': 1.5049, 'loss': 1.6712, 'lr': 0.0002, 'params': 632328, 'time_iter': 0.0402, 'accuracy': 0.9705}
train: {'epoch': 362, 'eta': 1.4653, 'loss': 1.6712, 'lr': 0.0002, 'params': 632328, 'time_iter': 0.0401, 'accuracy': 0.9705}
train: {'epoch': 363, 'eta': 1.4256, 'loss': 1.6712, 'lr': 0.0002, 'params': 632328, 'time_iter': 0.0382, 'accuracy': 0.9705}
train: {'epoch': 364, 'eta': 1.3861, 'loss': 1.6712, 'lr': 0.0002, 'params': 632328, 'time_iter': 0.0407, 'accuracy': 0.9705}
train: {'epoch': 365, 'eta': 1.3468, 'loss': 1.6712, 'lr': 0.0002, 'params': 632328, 'time_iter': 0.0432, 'accuracy': 0.9705}
train: {'epoch': 366, 'eta': 1.3075, 'loss': 1.6712, 'lr': 0.0002, 'params': 632328, 'time_iter': 0.0423, 'accuracy': 0.9705}
train: {'epoch': 367, 'eta': 1.2678, 'loss': 1.6712, 'lr': 0.0002, 'params': 632328, 'time_iter': 0.0395, 'accuracy': 0.9705}
train: {'epoch': 368, 'eta': 1.2284, 'loss': 1.6712, 'lr': 0.0002, 'params': 632328, 'time_iter': 0.0415, 'accuracy': 0.9705}
train: {'epoch': 369, 'eta': 1.1887, 'loss': 1.6712, 'lr': 0.0001, 'params': 632328, 'time_iter': 0.0396, 'accuracy': 0.9705}
train: {'epoch': 370, 'eta': 1.1492, 'loss': 1.6712, 'lr': 0.0001, 'params': 632328, 'time_iter': 0.0403, 'accuracy': 0.9705}
train: {'epoch': 371, 'eta': 1.1097, 'loss': 1.6712, 'lr': 0.0001, 'params': 632328, 'time_iter': 0.0421, 'accuracy': 0.9705}
train: {'epoch': 372, 'eta': 1.0702, 'loss': 1.6712, 'lr': 0.0001, 'params': 632328, 'time_iter': 0.0406, 'accuracy': 0.9705}
train: {'epoch': 373, 'eta': 1.0305, 'loss': 1.6712, 'lr': 0.0001, 'params': 632328, 'time_iter': 0.0393, 'accuracy': 0.9705}
train: {'epoch': 374, 'eta': 0.9907, 'loss': 1.6712, 'lr': 0.0001, 'params': 632328, 'time_iter': 0.0374, 'accuracy': 0.9705}
train: {'epoch': 375, 'eta': 0.9512, 'loss': 1.6712, 'lr': 0.0001, 'params': 632328, 'time_iter': 0.0406, 'accuracy': 0.9705}
train: {'epoch': 376, 'eta': 0.9114, 'loss': 1.6712, 'lr': 0.0001, 'params': 632328, 'time_iter': 0.0369, 'accuracy': 0.9705}
train: {'epoch': 377, 'eta': 0.8718, 'loss': 1.6712, 'lr': 0.0001, 'params': 632328, 'time_iter': 0.0415, 'accuracy': 0.9705}
train: {'epoch': 378, 'eta': 0.8321, 'loss': 1.6712, 'lr': 0.0001, 'params': 632328, 'time_iter': 0.0377, 'accuracy': 0.9705}
train: {'epoch': 379, 'eta': 0.7926, 'loss': 1.6712, 'lr': 0.0001, 'params': 632328, 'time_iter': 0.0416, 'accuracy': 0.9705}
val: {'epoch': 379, 'loss': 1.859, 'lr': 0, 'params': 632328, 'time_iter': 0.0149, 'accuracy': 0.8616}
train: {'epoch': 380, 'eta': 0.753, 'loss': 1.6712, 'lr': 0.0001, 'params': 632328, 'time_iter': 0.0395, 'accuracy': 0.9705}
train: {'epoch': 381, 'eta': 0.7132, 'loss': 1.6712, 'lr': 0.0001, 'params': 632328, 'time_iter': 0.0372, 'accuracy': 0.9705}
train: {'epoch': 382, 'eta': 0.6736, 'loss': 1.6712, 'lr': 0.0, 'params': 632328, 'time_iter': 0.039, 'accuracy': 0.9705}
train: {'epoch': 383, 'eta': 0.6339, 'loss': 1.6712, 'lr': 0.0, 'params': 632328, 'time_iter': 0.0381, 'accuracy': 0.9705}
train: {'epoch': 384, 'eta': 0.5943, 'loss': 1.6712, 'lr': 0.0, 'params': 632328, 'time_iter': 0.0416, 'accuracy': 0.9705}
train: {'epoch': 385, 'eta': 0.5548, 'loss': 1.6712, 'lr': 0.0, 'params': 632328, 'time_iter': 0.0419, 'accuracy': 0.9705}
train: {'epoch': 386, 'eta': 0.5152, 'loss': 1.6712, 'lr': 0.0, 'params': 632328, 'time_iter': 0.0397, 'accuracy': 0.9705}
train: {'epoch': 387, 'eta': 0.4755, 'loss': 1.6712, 'lr': 0.0, 'params': 632328, 'time_iter': 0.0395, 'accuracy': 0.9705}
train: {'epoch': 388, 'eta': 0.4358, 'loss': 1.6712, 'lr': 0.0, 'params': 632328, 'time_iter': 0.0371, 'accuracy': 0.9705}
train: {'epoch': 389, 'eta': 0.3962, 'loss': 1.6712, 'lr': 0.0, 'params': 632328, 'time_iter': 0.0388, 'accuracy': 0.9705}
train: {'epoch': 390, 'eta': 0.3566, 'loss': 1.6712, 'lr': 0.0, 'params': 632328, 'time_iter': 0.039, 'accuracy': 0.9705}
train: {'epoch': 391, 'eta': 0.317, 'loss': 1.6712, 'lr': 0.0, 'params': 632328, 'time_iter': 0.0407, 'accuracy': 0.9705}
train: {'epoch': 392, 'eta': 0.2774, 'loss': 1.6712, 'lr': 0.0, 'params': 632328, 'time_iter': 0.04, 'accuracy': 0.9705}
train: {'epoch': 393, 'eta': 0.2382, 'loss': 1.6712, 'lr': 0.0, 'params': 632328, 'time_iter': 0.073, 'accuracy': 0.9705}
train: {'epoch': 394, 'eta': 0.1985, 'loss': 1.6712, 'lr': 0.0, 'params': 632328, 'time_iter': 0.0408, 'accuracy': 0.9705}
train: {'epoch': 395, 'eta': 0.1588, 'loss': 1.6712, 'lr': 0.0, 'params': 632328, 'time_iter': 0.0407, 'accuracy': 0.9705}
train: {'epoch': 396, 'eta': 0.1191, 'loss': 1.6712, 'lr': 0.0, 'params': 632328, 'time_iter': 0.0381, 'accuracy': 0.9705}
train: {'epoch': 397, 'eta': 0.0794, 'loss': 1.6712, 'lr': 0.0, 'params': 632328, 'time_iter': 0.0404, 'accuracy': 0.9705}
train: {'epoch': 398, 'eta': 0.0397, 'loss': 1.6712, 'lr': 0.0, 'params': 632328, 'time_iter': 0.0418, 'accuracy': 0.9705}
train: {'epoch': 399, 'eta': 0.0, 'loss': 1.6712, 'lr': 0.0, 'params': 632328, 'time_iter': 0.0349, 'accuracy': 0.9705}
val: {'epoch': 399, 'loss': 1.8596, 'lr': 0, 'params': 632328, 'time_iter': 0.0149, 'accuracy': 0.8635}
Task done, results saved in results/example_noneq_1
