Load: 0.07949s, Before split: 0.0004332s, Split: 0.0004439s, After split: 0.001449s
GNN(
  (preprocess): Preprocess(
    node_feature: dim_out=1433
    Total: dim_out=1433
  )
  (pre_mp): GeneralMultiLayer(
    (Layer_0): GeneralLayer(
      (layer): Linear(
        (model): Linear(in_features=1433, out_features=256, bias=False)
      )
      (post_layer): Sequential(
        (0): BatchNorm1d(256, eps=1e-05, momentum=0.1, affine=True, track_running_stats=True)
        (1): PReLU(num_parameters=1)
      )
    )
  )
  (mp): GNNStackStage(
    (layer0): GeneralLayer(
      (layer): GeneralConv(
        (model): GeneralConvLayer(256, 256)
      )
      (post_layer): Sequential(
        (0): BatchNorm1d(256, eps=1e-05, momentum=0.1, affine=True, track_running_stats=True)
        (1): PReLU(num_parameters=1)
      )
    )
    (layer1): GeneralLayer(
      (layer): GeneralConv(
        (model): GeneralConvLayer(256, 256)
      )
      (post_layer): Sequential(
        (0): BatchNorm1d(256, eps=1e-05, momentum=0.1, affine=True, track_running_stats=True)
        (1): PReLU(num_parameters=1)
      )
    )
  )
  (post_mp): GNNNodeHead(
    (layer_post_mp): MLP(
      (model): Sequential(
        (0): Linear(
          (model): Linear(in_features=256, out_features=7, bias=True)
        )
      )
    )
  )
)
bn:
  eps: 1e-05
  mom: 0.1
cfg_dest: config.yaml
custom_metrics: []
dataset:
  augment_feature: []
  augment_feature_dims: []
  augment_feature_repr: position
  augment_label: 
  augment_label_dims: 0
  cache_load: False
  cache_save: False
  dir: ./datasets
  edge_dim: 128
  edge_encoder: False
  edge_encoder_bn: True
  edge_encoder_name: Bond
  edge_message_ratio: 0.8
  edge_negative_sampling_ratio: 1.0
  edge_train_mode: all
  encoder: True
  encoder_bn: True
  encoder_dim: 128
  encoder_name: db
  format: PyG
  label_column: none
  label_table: none
  location: local
  name: Cora
  node_encoder: False
  node_encoder_bn: True
  node_encoder_name: Atom
  remove_feature: False
  resample_disjoint: False
  resample_negative: False
  shuffle_split: True
  split: [0.8, 0.2]
  split_mode: random
  task: node
  task_type: classification
  to_undirected: False
  transductive: True
  transform: none
  tu_simple: True
device: cpu
example_arg: example
example_group:
  example_arg: example
gnn:
  act: prelu
  agg: add
  att_final_linear: False
  att_final_linear_bn: False
  att_heads: 1
  batchnorm: True
  clear_feature: True
  dim_inner: 256
  dropout: 0.0
  flow: source_to_target
  head: node
  keep_edge: 0.5
  l2norm: True
  layer_type: generalconv
  layers_mp: 2
  layers_post_mp: 1
  layers_pre_mp: 1
  msg_direction: single
  normalize_adj: False
  self_msg: concat
  skip_every: 1
  stage_type: stack
gpu_mem: False
mem:
  inplace: False
metric_agg: argmax
metric_best: auto
model:
  edge_decoding: dot
  graph_pooling: add
  loss_fun: cross_entropy
  match_upper: True
  size_average: mean
  thresh: 0.5
  type: gnn
num_threads: 6
num_workers: 0
optim:
  base_lr: 0.01
  lr_decay: 0.1
  max_epoch: 400
  momentum: 0.9
  optimizer: adam
  scheduler: cos
  steps: [30, 60, 90]
  weight_decay: 0.0005
out_dir: results/example_noneq
params: 632328
print: both
round: 4
run_dir: results/example_noneq/1
seed: 2
share:
  dim_in: 1433
  dim_out: 7
  num_splits: 2
tensorboard_agg: True
tensorboard_each_run: False
train:
  auto_resume: False
  batch_size: 32
  ckpt_clean: True
  ckpt_period: 100
  enable_ckpt: True
  energy_alpha: 0.5
  energy_beta: 2.0
  energy_reg: True
  epoch_resume: -1
  eval_period: 20
  iter_per_epoch: 32
  mode: standard
  neighbor_sizes: [20, 15, 10, 5]
  node_per_graph: 32
  radius: extend
  sample_node: False
  sampler: full_batch
  skip_train_eval: False
  walk_length: 4
val:
  node_per_graph: 32
  radius: extend
  sample_node: False
  sampler: full_batch
view_emb: False
Num parameters: 632328
Start from epoch 0
train: {'epoch': 0, 'eta': 56.51, 'loss': 4.0207, 'lr': 0.01, 'params': 632328, 'time_iter': 0.1416, 'accuracy': 0.2008}
val: {'epoch': 0, 'loss': 2.5106, 'lr': 0, 'params': 632328, 'time_iter': 0.0586, 'accuracy': 0.3727}
train: {'epoch': 1, 'eta': 53.9447, 'loss': 3.2791, 'lr': 0.01, 'params': 632328, 'time_iter': 0.1294, 'accuracy': 0.5065}
train: {'epoch': 2, 'eta': 53.3815, 'loss': 2.8845, 'lr': 0.01, 'params': 632328, 'time_iter': 0.1323, 'accuracy': 0.5129}
train: {'epoch': 3, 'eta': 52.5513, 'loss': 2.6509, 'lr': 0.01, 'params': 632328, 'time_iter': 0.1274, 'accuracy': 0.5309}
train: {'epoch': 4, 'eta': 50.0014, 'loss': 2.4488, 'lr': 0.01, 'params': 632328, 'time_iter': 0.1021, 'accuracy': 0.56}
train: {'epoch': 5, 'eta': 50.3607, 'loss': 2.3031, 'lr': 0.01, 'params': 632328, 'time_iter': 0.134, 'accuracy': 0.5882}
train: {'epoch': 6, 'eta': 50.4928, 'loss': 2.1716, 'lr': 0.01, 'params': 632328, 'time_iter': 0.1324, 'accuracy': 0.621}
train: {'epoch': 7, 'eta': 51.5583, 'loss': 2.0559, 'lr': 0.01, 'params': 632328, 'time_iter': 0.1528, 'accuracy': 0.6505}
train: {'epoch': 8, 'eta': 51.9746, 'loss': 1.9488, 'lr': 0.01, 'params': 632328, 'time_iter': 0.1441, 'accuracy': 0.6884}
train: {'epoch': 9, 'eta': 51.8287, 'loss': 1.85, 'lr': 0.01, 'params': 632328, 'time_iter': 0.1326, 'accuracy': 0.7433}
train: {'epoch': 10, 'eta': 51.8909, 'loss': 1.7689, 'lr': 0.01, 'params': 632328, 'time_iter': 0.1384, 'accuracy': 0.7682}
train: {'epoch': 11, 'eta': 51.5021, 'loss': 1.6934, 'lr': 0.01, 'params': 632328, 'time_iter': 0.1255, 'accuracy': 0.7761}
train: {'epoch': 12, 'eta': 51.2847, 'loss': 1.6187, 'lr': 0.01, 'params': 632328, 'time_iter': 0.1299, 'accuracy': 0.7959}
train: {'epoch': 13, 'eta': 51.4349, 'loss': 1.5552, 'lr': 0.01, 'params': 632328, 'time_iter': 0.1428, 'accuracy': 0.8172}
train: {'epoch': 14, 'eta': 51.1824, 'loss': 1.4941, 'lr': 0.01, 'params': 632328, 'time_iter': 0.1286, 'accuracy': 0.8296}
train: {'epoch': 15, 'eta': 50.6193, 'loss': 1.442, 'lr': 0.01, 'params': 632328, 'time_iter': 0.115, 'accuracy': 0.8416}
train: {'epoch': 16, 'eta': 49.8429, 'loss': 1.3967, 'lr': 0.01, 'params': 632328, 'time_iter': 0.1032, 'accuracy': 0.855}
train: {'epoch': 17, 'eta': 49.8796, 'loss': 1.3524, 'lr': 0.01, 'params': 632328, 'time_iter': 0.138, 'accuracy': 0.8596}
train: {'epoch': 18, 'eta': 49.1771, 'loss': 1.3109, 'lr': 0.01, 'params': 632328, 'time_iter': 0.1021, 'accuracy': 0.8735}
train: {'epoch': 19, 'eta': 49.1602, 'loss': 1.2744, 'lr': 0.0099, 'params': 632328, 'time_iter': 0.135, 'accuracy': 0.886}
val: {'epoch': 19, 'loss': 1.2888, 'lr': 0, 'params': 632328, 'time_iter': 0.0483, 'accuracy': 0.8653}
train: {'epoch': 20, 'eta': 48.9047, 'loss': 1.2421, 'lr': 0.0099, 'params': 632328, 'time_iter': 0.1224, 'accuracy': 0.8994}
train: {'epoch': 21, 'eta': 48.4932, 'loss': 1.2112, 'lr': 0.0099, 'params': 632328, 'time_iter': 0.1126, 'accuracy': 0.9114}
train: {'epoch': 22, 'eta': 48.4351, 'loss': 1.1824, 'lr': 0.0099, 'params': 632328, 'time_iter': 0.1326, 'accuracy': 0.9141}
train: {'epoch': 23, 'eta': 48.2467, 'loss': 1.1558, 'lr': 0.0099, 'params': 632328, 'time_iter': 0.1246, 'accuracy': 0.916}
train: {'epoch': 24, 'eta': 47.8912, 'loss': 1.1309, 'lr': 0.0099, 'params': 632328, 'time_iter': 0.1132, 'accuracy': 0.9229}
train: {'epoch': 25, 'eta': 47.6271, 'loss': 1.1079, 'lr': 0.0099, 'params': 632328, 'time_iter': 0.1182, 'accuracy': 0.928}
train: {'epoch': 26, 'eta': 47.1518, 'loss': 1.0867, 'lr': 0.0099, 'params': 632328, 'time_iter': 0.1022, 'accuracy': 0.9335}
train: {'epoch': 27, 'eta': 46.967, 'loss': 1.0677, 'lr': 0.0099, 'params': 632328, 'time_iter': 0.122, 'accuracy': 0.9358}
train: {'epoch': 28, 'eta': 46.7616, 'loss': 1.0498, 'lr': 0.0099, 'params': 632328, 'time_iter': 0.1201, 'accuracy': 0.9367}
train: {'epoch': 29, 'eta': 46.5318, 'loss': 1.0328, 'lr': 0.0099, 'params': 632328, 'time_iter': 0.1176, 'accuracy': 0.9386}
train: {'epoch': 30, 'eta': 46.5286, 'loss': 1.0163, 'lr': 0.0099, 'params': 632328, 'time_iter': 0.1361, 'accuracy': 0.9432}
train: {'epoch': 31, 'eta': 46.7448, 'loss': 1.0012, 'lr': 0.0099, 'params': 632328, 'time_iter': 0.1559, 'accuracy': 0.9464}
train: {'epoch': 32, 'eta': 46.912, 'loss': 0.9866, 'lr': 0.0098, 'params': 632328, 'time_iter': 0.1535, 'accuracy': 0.9488}
train: {'epoch': 33, 'eta': 46.8807, 'loss': 0.9727, 'lr': 0.0098, 'params': 632328, 'time_iter': 0.1368, 'accuracy': 0.9483}
train: {'epoch': 34, 'eta': 46.5339, 'loss': 0.9595, 'lr': 0.0098, 'params': 632328, 'time_iter': 0.1071, 'accuracy': 0.9488}
train: {'epoch': 35, 'eta': 46.2425, 'loss': 0.9466, 'lr': 0.0098, 'params': 632328, 'time_iter': 0.1113, 'accuracy': 0.952}
train: {'epoch': 36, 'eta': 45.8909, 'loss': 0.9348, 'lr': 0.0098, 'params': 632328, 'time_iter': 0.1041, 'accuracy': 0.9552}
train: {'epoch': 37, 'eta': 45.613, 'loss': 0.927, 'lr': 0.0098, 'params': 632328, 'time_iter': 0.1105, 'accuracy': 0.9548}
train: {'epoch': 38, 'eta': 45.3765, 'loss': 0.9371, 'lr': 0.0098, 'params': 632328, 'time_iter': 0.1141, 'accuracy': 0.9488}
train: {'epoch': 39, 'eta': 45.1023, 'loss': 0.9252, 'lr': 0.0098, 'params': 632328, 'time_iter': 0.1092, 'accuracy': 0.9571}
val: {'epoch': 39, 'loss': 1.0467, 'lr': 0, 'params': 632328, 'time_iter': 0.0578, 'accuracy': 0.8875}
train: {'epoch': 40, 'eta': 44.9394, 'loss': 0.8976, 'lr': 0.0098, 'params': 632328, 'time_iter': 0.121, 'accuracy': 0.9635}
train: {'epoch': 41, 'eta': 44.7309, 'loss': 0.8994, 'lr': 0.0097, 'params': 632328, 'time_iter': 0.1154, 'accuracy': 0.9603}
train: {'epoch': 42, 'eta': 44.3892, 'loss': 0.8825, 'lr': 0.0097, 'params': 632328, 'time_iter': 0.0988, 'accuracy': 0.9649}
train: {'epoch': 43, 'eta': 44.3849, 'loss': 0.8758, 'lr': 0.0097, 'params': 632328, 'time_iter': 0.1392, 'accuracy': 0.9672}
train: {'epoch': 44, 'eta': 44.2843, 'loss': 0.8682, 'lr': 0.0097, 'params': 632328, 'time_iter': 0.1277, 'accuracy': 0.9714}
train: {'epoch': 45, 'eta': 44.2421, 'loss': 0.8563, 'lr': 0.0097, 'params': 632328, 'time_iter': 0.1355, 'accuracy': 0.9741}
train: {'epoch': 46, 'eta': 44.5158, 'loss': 0.8523, 'lr': 0.0097, 'params': 632328, 'time_iter': 0.1781, 'accuracy': 0.9737}
train: {'epoch': 47, 'eta': 45.133, 'loss': 0.8401, 'lr': 0.0097, 'params': 632328, 'time_iter': 0.2275, 'accuracy': 0.9783}
train: {'epoch': 48, 'eta': 46.0274, 'loss': 0.8356, 'lr': 0.0096, 'params': 632328, 'time_iter': 0.271, 'accuracy': 0.9788}
train: {'epoch': 49, 'eta': 46.8825, 'loss': 0.8295, 'lr': 0.0096, 'params': 632328, 'time_iter': 0.272, 'accuracy': 0.976}
train: {'epoch': 50, 'eta': 46.9492, 'loss': 0.8287, 'lr': 0.0096, 'params': 632328, 'time_iter': 0.1633, 'accuracy': 0.9792}
train: {'epoch': 51, 'eta': 47.0168, 'loss': 0.8161, 'lr': 0.0096, 'params': 632328, 'time_iter': 0.1647, 'accuracy': 0.9797}
train: {'epoch': 52, 'eta': 47.0215, 'loss': 0.8154, 'lr': 0.0096, 'params': 632328, 'time_iter': 0.1564, 'accuracy': 0.9774}
train: {'epoch': 53, 'eta': 47.0266, 'loss': 0.8199, 'lr': 0.0096, 'params': 632328, 'time_iter': 0.1575, 'accuracy': 0.9728}
train: {'epoch': 54, 'eta': 47.2626, 'loss': 0.8223, 'lr': 0.0096, 'params': 632328, 'time_iter': 0.1952, 'accuracy': 0.9797}
train: {'epoch': 55, 'eta': 47.1207, 'loss': 0.818, 'lr': 0.0095, 'params': 632328, 'time_iter': 0.1362, 'accuracy': 0.9765}
train: {'epoch': 56, 'eta': 47.1777, 'loss': 0.7968, 'lr': 0.0095, 'params': 632328, 'time_iter': 0.1692, 'accuracy': 0.9797}
train: {'epoch': 57, 'eta': 47.0936, 'loss': 0.7999, 'lr': 0.0095, 'params': 632328, 'time_iter': 0.1466, 'accuracy': 0.9825}
train: {'epoch': 58, 'eta': 47.0443, 'loss': 0.7903, 'lr': 0.0095, 'params': 632328, 'time_iter': 0.153, 'accuracy': 0.9861}
train: {'epoch': 59, 'eta': 46.9267, 'loss': 0.7857, 'lr': 0.0095, 'params': 632328, 'time_iter': 0.1415, 'accuracy': 0.9843}
val: {'epoch': 59, 'loss': 1.008, 'lr': 0, 'params': 632328, 'time_iter': 0.0634, 'accuracy': 0.8911}
train: {'epoch': 60, 'eta': 46.9468, 'loss': 0.7832, 'lr': 0.0095, 'params': 632328, 'time_iter': 0.1665, 'accuracy': 0.9829}
train: {'epoch': 61, 'eta': 46.6363, 'loss': 0.7757, 'lr': 0.0094, 'params': 632328, 'time_iter': 0.1069, 'accuracy': 0.9848}
train: {'epoch': 62, 'eta': 46.3671, 'loss': 0.7716, 'lr': 0.0094, 'params': 632328, 'time_iter': 0.1135, 'accuracy': 0.9875}
train: {'epoch': 63, 'eta': 46.1079, 'loss': 0.7673, 'lr': 0.0094, 'params': 632328, 'time_iter': 0.1144, 'accuracy': 0.9871}
train: {'epoch': 64, 'eta': 48.0467, 'loss': 0.763, 'lr': 0.0094, 'params': 632328, 'time_iter': 0.54, 'accuracy': 0.9898}
train: {'epoch': 65, 'eta': 48.6601, 'loss': 0.7567, 'lr': 0.0094, 'params': 632328, 'time_iter': 0.293, 'accuracy': 0.9931}
train: {'epoch': 66, 'eta': 48.6863, 'loss': 0.7557, 'lr': 0.0093, 'params': 632328, 'time_iter': 0.1803, 'accuracy': 0.9926}
train: {'epoch': 67, 'eta': 49.085, 'loss': 0.751, 'lr': 0.0093, 'params': 632328, 'time_iter': 0.2578, 'accuracy': 0.9949}
train: {'epoch': 68, 'eta': 49.1242, 'loss': 0.7485, 'lr': 0.0093, 'params': 632328, 'time_iter': 0.1868, 'accuracy': 0.9917}
train: {'epoch': 69, 'eta': 48.8063, 'loss': 0.748, 'lr': 0.0093, 'params': 632328, 'time_iter': 0.1124, 'accuracy': 0.9912}
train: {'epoch': 70, 'eta': 48.635, 'loss': 0.7427, 'lr': 0.0093, 'params': 632328, 'time_iter': 0.1428, 'accuracy': 0.9926}
train: {'epoch': 71, 'eta': 48.5888, 'loss': 0.7504, 'lr': 0.0092, 'params': 632328, 'time_iter': 0.1701, 'accuracy': 0.9912}
train: {'epoch': 72, 'eta': 48.4077, 'loss': 0.7533, 'lr': 0.0092, 'params': 632328, 'time_iter': 0.1408, 'accuracy': 0.9843}
train: {'epoch': 73, 'eta': 48.2648, 'loss': 0.7741, 'lr': 0.0092, 'params': 632328, 'time_iter': 0.1492, 'accuracy': 0.9774}
train: {'epoch': 74, 'eta': 48.1238, 'loss': 0.8376, 'lr': 0.0092, 'params': 632328, 'time_iter': 0.1497, 'accuracy': 0.9414}
train: {'epoch': 75, 'eta': 47.8926, 'loss': 0.9631, 'lr': 0.0092, 'params': 632328, 'time_iter': 0.1286, 'accuracy': 0.9206}
train: {'epoch': 76, 'eta': 47.6307, 'loss': 0.9404, 'lr': 0.0091, 'params': 632328, 'time_iter': 0.1206, 'accuracy': 0.9192}
train: {'epoch': 77, 'eta': 47.424, 'loss': 0.86, 'lr': 0.0091, 'params': 632328, 'time_iter': 0.1331, 'accuracy': 0.9501}
train: {'epoch': 78, 'eta': 47.1781, 'loss': 0.8401, 'lr': 0.0091, 'params': 632328, 'time_iter': 0.123, 'accuracy': 0.9589}
train: {'epoch': 79, 'eta': 46.9375, 'loss': 0.8171, 'lr': 0.0091, 'params': 632328, 'time_iter': 0.1236, 'accuracy': 0.9617}
val: {'epoch': 79, 'loss': 1.0825, 'lr': 0, 'params': 632328, 'time_iter': 0.0508, 'accuracy': 0.8893}
train: {'epoch': 80, 'eta': 46.6176, 'loss': 0.824, 'lr': 0.009, 'params': 632328, 'time_iter': 0.1027, 'accuracy': 0.9621}
train: {'epoch': 81, 'eta': 46.4422, 'loss': 0.8114, 'lr': 0.009, 'params': 632328, 'time_iter': 0.1386, 'accuracy': 0.9658}
train: {'epoch': 82, 'eta': 46.2933, 'loss': 0.8003, 'lr': 0.009, 'params': 632328, 'time_iter': 0.1453, 'accuracy': 0.9723}
train: {'epoch': 83, 'eta': 46.0331, 'loss': 0.7876, 'lr': 0.009, 'params': 632328, 'time_iter': 0.1157, 'accuracy': 0.9788}
train: {'epoch': 84, 'eta': 45.8287, 'loss': 0.78, 'lr': 0.009, 'params': 632328, 'time_iter': 0.1298, 'accuracy': 0.9774}
train: {'epoch': 85, 'eta': 45.5628, 'loss': 0.7742, 'lr': 0.0089, 'params': 632328, 'time_iter': 0.1125, 'accuracy': 0.9815}
train: {'epoch': 86, 'eta': 45.3452, 'loss': 0.7658, 'lr': 0.0089, 'params': 632328, 'time_iter': 0.1249, 'accuracy': 0.9834}
train: {'epoch': 87, 'eta': 45.0926, 'loss': 0.7607, 'lr': 0.0089, 'params': 632328, 'time_iter': 0.1145, 'accuracy': 0.9825}
train: {'epoch': 88, 'eta': 44.8373, 'loss': 0.7563, 'lr': 0.0089, 'params': 632328, 'time_iter': 0.1128, 'accuracy': 0.9834}
train: {'epoch': 89, 'eta': 44.6136, 'loss': 0.7519, 'lr': 0.0088, 'params': 632328, 'time_iter': 0.1211, 'accuracy': 0.9852}
train: {'epoch': 90, 'eta': 44.3601, 'loss': 0.747, 'lr': 0.0088, 'params': 632328, 'time_iter': 0.1116, 'accuracy': 0.9871}
train: {'epoch': 91, 'eta': 44.0846, 'loss': 0.7424, 'lr': 0.0088, 'params': 632328, 'time_iter': 0.1041, 'accuracy': 0.9889}
train: {'epoch': 92, 'eta': 43.8848, 'loss': 0.7391, 'lr': 0.0088, 'params': 632328, 'time_iter': 0.126, 'accuracy': 0.9912}
train: {'epoch': 93, 'eta': 43.6799, 'loss': 0.736, 'lr': 0.0087, 'params': 632328, 'time_iter': 0.1239, 'accuracy': 0.9908}
train: {'epoch': 94, 'eta': 43.5036, 'loss': 0.7324, 'lr': 0.0087, 'params': 632328, 'time_iter': 0.1323, 'accuracy': 0.9922}
train: {'epoch': 95, 'eta': 43.494, 'loss': 0.7296, 'lr': 0.0087, 'params': 632328, 'time_iter': 0.1847, 'accuracy': 0.9931}
train: {'epoch': 96, 'eta': 43.4062, 'loss': 0.727, 'lr': 0.0086, 'params': 632328, 'time_iter': 0.1608, 'accuracy': 0.9922}
train: {'epoch': 97, 'eta': 43.2637, 'loss': 0.7241, 'lr': 0.0086, 'params': 632328, 'time_iter': 0.1435, 'accuracy': 0.994}
train: {'epoch': 98, 'eta': 43.03, 'loss': 0.7214, 'lr': 0.0086, 'params': 632328, 'time_iter': 0.1135, 'accuracy': 0.9949}
train: {'epoch': 99, 'eta': 42.9271, 'loss': 0.7192, 'lr': 0.0086, 'params': 632328, 'time_iter': 0.1563, 'accuracy': 0.9954}
val: {'epoch': 99, 'loss': 0.9701, 'lr': 0, 'params': 632328, 'time_iter': 0.0421, 'accuracy': 0.8856}
train: {'epoch': 100, 'eta': 42.6954, 'loss': 0.7171, 'lr': 0.0085, 'params': 632328, 'time_iter': 0.1132, 'accuracy': 0.9958}
train: {'epoch': 101, 'eta': 42.4616, 'loss': 0.7149, 'lr': 0.0085, 'params': 632328, 'time_iter': 0.1116, 'accuracy': 0.9968}
train: {'epoch': 102, 'eta': 42.2729, 'loss': 0.7128, 'lr': 0.0085, 'params': 632328, 'time_iter': 0.1265, 'accuracy': 0.9968}
train: {'epoch': 103, 'eta': 42.0219, 'loss': 0.7111, 'lr': 0.0085, 'params': 632328, 'time_iter': 0.1041, 'accuracy': 0.9968}
train: {'epoch': 104, 'eta': 41.8396, 'loss': 0.7095, 'lr': 0.0084, 'params': 632328, 'time_iter': 0.1276, 'accuracy': 0.9972}
train: {'epoch': 105, 'eta': 41.6826, 'loss': 0.709, 'lr': 0.0084, 'params': 632328, 'time_iter': 0.1364, 'accuracy': 0.9972}
train: {'epoch': 106, 'eta': 41.4261, 'loss': 0.7068, 'lr': 0.0084, 'params': 632328, 'time_iter': 0.0999, 'accuracy': 0.9972}
train: {'epoch': 107, 'eta': 41.3481, 'loss': 0.705, 'lr': 0.0083, 'params': 632328, 'time_iter': 0.1648, 'accuracy': 0.9972}
train: {'epoch': 108, 'eta': 41.1634, 'loss': 0.7033, 'lr': 0.0083, 'params': 632328, 'time_iter': 0.1255, 'accuracy': 0.9972}
train: {'epoch': 109, 'eta': 41.2302, 'loss': 0.7023, 'lr': 0.0083, 'params': 632328, 'time_iter': 0.2204, 'accuracy': 0.9977}
train: {'epoch': 110, 'eta': 41.1384, 'loss': 0.7006, 'lr': 0.0082, 'params': 632328, 'time_iter': 0.1615, 'accuracy': 0.9977}
train: {'epoch': 111, 'eta': 40.9901, 'loss': 0.6992, 'lr': 0.0082, 'params': 632328, 'time_iter': 0.14, 'accuracy': 0.9982}
train: {'epoch': 112, 'eta': 40.8346, 'loss': 0.6981, 'lr': 0.0082, 'params': 632328, 'time_iter': 0.1372, 'accuracy': 0.9977}
train: {'epoch': 113, 'eta': 40.6848, 'loss': 0.6975, 'lr': 0.0082, 'params': 632328, 'time_iter': 0.1393, 'accuracy': 0.9982}
train: {'epoch': 114, 'eta': 40.4738, 'loss': 0.6977, 'lr': 0.0081, 'params': 632328, 'time_iter': 0.1145, 'accuracy': 0.9977}
train: {'epoch': 115, 'eta': 40.2899, 'loss': 0.6962, 'lr': 0.0081, 'params': 632328, 'time_iter': 0.1249, 'accuracy': 0.9982}
train: {'epoch': 116, 'eta': 40.0733, 'loss': 0.6947, 'lr': 0.0081, 'params': 632328, 'time_iter': 0.111, 'accuracy': 0.9977}
train: {'epoch': 117, 'eta': 39.8495, 'loss': 0.6951, 'lr': 0.008, 'params': 632328, 'time_iter': 0.1072, 'accuracy': 0.9977}
train: {'epoch': 118, 'eta': 39.6481, 'loss': 0.7242, 'lr': 0.008, 'params': 632328, 'time_iter': 0.1159, 'accuracy': 0.9926}
train: {'epoch': 119, 'eta': 39.447, 'loss': 0.9052, 'lr': 0.008, 'params': 632328, 'time_iter': 0.1154, 'accuracy': 0.9538}
val: {'epoch': 119, 'loss': 0.9808, 'lr': 0, 'params': 632328, 'time_iter': 0.0516, 'accuracy': 0.8635}
train: {'epoch': 120, 'eta': 39.2183, 'loss': 0.7814, 'lr': 0.0079, 'params': 632328, 'time_iter': 0.1028, 'accuracy': 0.9695}
train: {'epoch': 121, 'eta': 39.0101, 'loss': 0.799, 'lr': 0.0079, 'params': 632328, 'time_iter': 0.1109, 'accuracy': 0.9765}
train: {'epoch': 122, 'eta': 38.8068, 'loss': 0.7687, 'lr': 0.0079, 'params': 632328, 'time_iter': 0.1124, 'accuracy': 0.9852}
train: {'epoch': 123, 'eta': 38.6045, 'loss': 0.7571, 'lr': 0.0078, 'params': 632328, 'time_iter': 0.1121, 'accuracy': 0.9829}
train: {'epoch': 124, 'eta': 38.3952, 'loss': 0.7423, 'lr': 0.0078, 'params': 632328, 'time_iter': 0.1083, 'accuracy': 0.9838}
train: {'epoch': 125, 'eta': 38.1845, 'loss': 0.7338, 'lr': 0.0078, 'params': 632328, 'time_iter': 0.1069, 'accuracy': 0.9866}
train: {'epoch': 126, 'eta': 37.9867, 'loss': 0.7307, 'lr': 0.0077, 'params': 632328, 'time_iter': 0.1121, 'accuracy': 0.9885}
train: {'epoch': 127, 'eta': 37.7942, 'loss': 0.7263, 'lr': 0.0077, 'params': 632328, 'time_iter': 0.114, 'accuracy': 0.9898}
train: {'epoch': 128, 'eta': 37.5991, 'loss': 0.7197, 'lr': 0.0077, 'params': 632328, 'time_iter': 0.1123, 'accuracy': 0.9931}
train: {'epoch': 129, 'eta': 37.4276, 'loss': 0.7154, 'lr': 0.0076, 'params': 632328, 'time_iter': 0.1229, 'accuracy': 0.9945}
train: {'epoch': 130, 'eta': 37.2054, 'loss': 0.7118, 'lr': 0.0076, 'params': 632328, 'time_iter': 0.0979, 'accuracy': 0.9958}
train: {'epoch': 131, 'eta': 37.0569, 'loss': 0.7073, 'lr': 0.0076, 'params': 632328, 'time_iter': 0.1333, 'accuracy': 0.9958}
train: {'epoch': 132, 'eta': 36.8633, 'loss': 0.7044, 'lr': 0.0075, 'params': 632328, 'time_iter': 0.1107, 'accuracy': 0.9968}
train: {'epoch': 133, 'eta': 36.6702, 'loss': 0.7014, 'lr': 0.0075, 'params': 632328, 'time_iter': 0.1103, 'accuracy': 0.9977}
train: {'epoch': 134, 'eta': 36.4678, 'loss': 0.6984, 'lr': 0.0075, 'params': 632328, 'time_iter': 0.105, 'accuracy': 0.9982}
train: {'epoch': 135, 'eta': 36.2964, 'loss': 0.6961, 'lr': 0.0074, 'params': 632328, 'time_iter': 0.1202, 'accuracy': 0.9972}
train: {'epoch': 136, 'eta': 36.1096, 'loss': 0.6939, 'lr': 0.0074, 'params': 632328, 'time_iter': 0.1118, 'accuracy': 0.9977}
train: {'epoch': 137, 'eta': 35.9284, 'loss': 0.6919, 'lr': 0.0074, 'params': 632328, 'time_iter': 0.1142, 'accuracy': 0.9977}
train: {'epoch': 138, 'eta': 35.7582, 'loss': 0.6904, 'lr': 0.0073, 'params': 632328, 'time_iter': 0.1195, 'accuracy': 0.9982}
train: {'epoch': 139, 'eta': 35.5632, 'loss': 0.6893, 'lr': 0.0073, 'params': 632328, 'time_iter': 0.1057, 'accuracy': 0.9982}
val: {'epoch': 139, 'loss': 0.946, 'lr': 0, 'params': 632328, 'time_iter': 0.0461, 'accuracy': 0.893}
train: {'epoch': 140, 'eta': 35.3878, 'loss': 0.6873, 'lr': 0.0073, 'params': 632328, 'time_iter': 0.1158, 'accuracy': 0.9982}
train: {'epoch': 141, 'eta': 35.2001, 'loss': 0.6857, 'lr': 0.0072, 'params': 632328, 'time_iter': 0.1086, 'accuracy': 0.9982}
train: {'epoch': 142, 'eta': 35.1002, 'loss': 0.6845, 'lr': 0.0072, 'params': 632328, 'time_iter': 0.1568, 'accuracy': 0.9982}
train: {'epoch': 143, 'eta': 34.8934, 'loss': 0.6835, 'lr': 0.0072, 'params': 632328, 'time_iter': 0.0971, 'accuracy': 0.9986}
train: {'epoch': 144, 'eta': 34.7534, 'loss': 0.6825, 'lr': 0.0071, 'params': 632328, 'time_iter': 0.1342, 'accuracy': 0.9986}
train: {'epoch': 145, 'eta': 34.5652, 'loss': 0.6813, 'lr': 0.0071, 'params': 632328, 'time_iter': 0.1064, 'accuracy': 0.9986}
train: {'epoch': 146, 'eta': 34.4298, 'loss': 0.6802, 'lr': 0.0071, 'params': 632328, 'time_iter': 0.1365, 'accuracy': 0.9982}
train: {'epoch': 147, 'eta': 34.3352, 'loss': 0.6793, 'lr': 0.007, 'params': 632328, 'time_iter': 0.1604, 'accuracy': 0.9986}
train: {'epoch': 148, 'eta': 34.1981, 'loss': 0.6784, 'lr': 0.007, 'params': 632328, 'time_iter': 0.1357, 'accuracy': 0.9986}
train: {'epoch': 149, 'eta': 34.0481, 'loss': 0.6775, 'lr': 0.0069, 'params': 632328, 'time_iter': 0.128, 'accuracy': 0.9986}
train: {'epoch': 150, 'eta': 34.6975, 'loss': 0.6766, 'lr': 0.0069, 'params': 632328, 'time_iter': 0.6126, 'accuracy': 0.9986}
train: {'epoch': 151, 'eta': 34.6395, 'loss': 0.6759, 'lr': 0.0069, 'params': 632328, 'time_iter': 0.1892, 'accuracy': 0.9986}
train: {'epoch': 152, 'eta': 34.4989, 'loss': 0.6752, 'lr': 0.0068, 'params': 632328, 'time_iter': 0.1391, 'accuracy': 0.9986}
train: {'epoch': 153, 'eta': 34.3167, 'loss': 0.6744, 'lr': 0.0068, 'params': 632328, 'time_iter': 0.1131, 'accuracy': 0.9986}
train: {'epoch': 154, 'eta': 34.1651, 'loss': 0.6737, 'lr': 0.0068, 'params': 632328, 'time_iter': 0.1319, 'accuracy': 0.9986}
train: {'epoch': 155, 'eta': 34.0116, 'loss': 0.6731, 'lr': 0.0067, 'params': 632328, 'time_iter': 0.1305, 'accuracy': 0.9986}
train: {'epoch': 156, 'eta': 33.8506, 'loss': 0.6726, 'lr': 0.0067, 'params': 632328, 'time_iter': 0.1255, 'accuracy': 0.9986}
train: {'epoch': 157, 'eta': 33.6675, 'loss': 0.6719, 'lr': 0.0067, 'params': 632328, 'time_iter': 0.1107, 'accuracy': 0.9986}
train: {'epoch': 158, 'eta': 33.5159, 'loss': 0.6713, 'lr': 0.0066, 'params': 632328, 'time_iter': 0.1309, 'accuracy': 0.9986}
train: {'epoch': 159, 'eta': 33.3215, 'loss': 0.6707, 'lr': 0.0066, 'params': 632328, 'time_iter': 0.1022, 'accuracy': 0.9986}
val: {'epoch': 159, 'loss': 0.9514, 'lr': 0, 'params': 632328, 'time_iter': 0.0588, 'accuracy': 0.869}
train: {'epoch': 160, 'eta': 33.1538, 'loss': 0.6702, 'lr': 0.0065, 'params': 632328, 'time_iter': 0.1194, 'accuracy': 0.9986}
train: {'epoch': 161, 'eta': 32.9846, 'loss': 0.6698, 'lr': 0.0065, 'params': 632328, 'time_iter': 0.118, 'accuracy': 0.9986}
train: {'epoch': 162, 'eta': 32.857, 'loss': 0.6699, 'lr': 0.0065, 'params': 632328, 'time_iter': 0.1461, 'accuracy': 0.9977}
train: {'epoch': 163, 'eta': 32.675, 'loss': 0.6699, 'lr': 0.0064, 'params': 632328, 'time_iter': 0.1085, 'accuracy': 0.9986}
train: {'epoch': 164, 'eta': 32.5037, 'loss': 0.67, 'lr': 0.0064, 'params': 632328, 'time_iter': 0.1154, 'accuracy': 0.9977}
train: {'epoch': 165, 'eta': 32.3345, 'loss': 0.67, 'lr': 0.0064, 'params': 632328, 'time_iter': 0.1164, 'accuracy': 0.9982}
train: {'epoch': 166, 'eta': 32.1692, 'loss': 0.6717, 'lr': 0.0063, 'params': 632328, 'time_iter': 0.1188, 'accuracy': 0.9977}
train: {'epoch': 167, 'eta': 32.1671, 'loss': 0.6778, 'lr': 0.0063, 'params': 632328, 'time_iter': 0.2365, 'accuracy': 0.9958}
train: {'epoch': 168, 'eta': 32.0184, 'loss': 0.6779, 'lr': 0.0062, 'params': 632328, 'time_iter': 0.1313, 'accuracy': 0.9968}
train: {'epoch': 169, 'eta': 31.8574, 'loss': 0.6746, 'lr': 0.0062, 'params': 632328, 'time_iter': 0.1221, 'accuracy': 0.9977}
train: {'epoch': 170, 'eta': 31.6896, 'loss': 0.6732, 'lr': 0.0062, 'params': 632328, 'time_iter': 0.1166, 'accuracy': 0.9982}
train: {'epoch': 171, 'eta': 31.509, 'loss': 0.6753, 'lr': 0.0061, 'params': 632328, 'time_iter': 0.1065, 'accuracy': 0.9986}
train: {'epoch': 172, 'eta': 31.3268, 'loss': 0.6783, 'lr': 0.0061, 'params': 632328, 'time_iter': 0.1047, 'accuracy': 0.9977}
train: {'epoch': 173, 'eta': 31.1697, 'loss': 0.6749, 'lr': 0.0061, 'params': 632328, 'time_iter': 0.1233, 'accuracy': 0.9986}
train: {'epoch': 174, 'eta': 30.9977, 'loss': 0.6725, 'lr': 0.006, 'params': 632328, 'time_iter': 0.1114, 'accuracy': 0.9986}
train: {'epoch': 175, 'eta': 33.7732, 'loss': 0.6723, 'lr': 0.006, 'params': 632328, 'time_iter': 2.4268, 'accuracy': 0.9986}
train: {'epoch': 176, 'eta': 33.7171, 'loss': 0.6703, 'lr': 0.0059, 'params': 632328, 'time_iter': 0.2259, 'accuracy': 0.9991}
train: {'epoch': 177, 'eta': 33.5816, 'loss': 0.6699, 'lr': 0.0059, 'params': 632328, 'time_iter': 0.1637, 'accuracy': 0.9986}
train: {'epoch': 178, 'eta': 33.4034, 'loss': 0.668, 'lr': 0.0059, 'params': 632328, 'time_iter': 0.1295, 'accuracy': 0.9986}
train: {'epoch': 179, 'eta': 33.2423, 'loss': 0.6682, 'lr': 0.0058, 'params': 632328, 'time_iter': 0.143, 'accuracy': 0.9986}
val: {'epoch': 179, 'loss': 0.9484, 'lr': 0, 'params': 632328, 'time_iter': 0.0475, 'accuracy': 0.8801}
train: {'epoch': 180, 'eta': 33.0519, 'loss': 0.6667, 'lr': 0.0058, 'params': 632328, 'time_iter': 0.1186, 'accuracy': 0.9991}
train: {'epoch': 181, 'eta': 32.8902, 'loss': 0.6667, 'lr': 0.0057, 'params': 632328, 'time_iter': 0.1419, 'accuracy': 0.9986}
train: {'epoch': 182, 'eta': 32.7123, 'loss': 0.6655, 'lr': 0.0057, 'params': 632328, 'time_iter': 0.128, 'accuracy': 0.9986}
train: {'epoch': 183, 'eta': 32.5235, 'loss': 0.6653, 'lr': 0.0057, 'params': 632328, 'time_iter': 0.1183, 'accuracy': 0.9986}
train: {'epoch': 184, 'eta': 32.3575, 'loss': 0.6646, 'lr': 0.0056, 'params': 632328, 'time_iter': 0.1374, 'accuracy': 0.9986}
train: {'epoch': 185, 'eta': 32.1559, 'loss': 0.6641, 'lr': 0.0056, 'params': 632328, 'time_iter': 0.1061, 'accuracy': 0.9991}
train: {'epoch': 186, 'eta': 31.9839, 'loss': 0.6635, 'lr': 0.0055, 'params': 632328, 'time_iter': 0.1311, 'accuracy': 0.9991}
train: {'epoch': 187, 'eta': 31.7872, 'loss': 0.6638, 'lr': 0.0055, 'params': 632328, 'time_iter': 0.1089, 'accuracy': 0.9991}
train: {'epoch': 188, 'eta': 31.6081, 'loss': 0.6632, 'lr': 0.0055, 'params': 632328, 'time_iter': 0.1239, 'accuracy': 0.9991}
train: {'epoch': 189, 'eta': 31.4231, 'loss': 0.6625, 'lr': 0.0054, 'params': 632328, 'time_iter': 0.118, 'accuracy': 0.9986}
train: {'epoch': 190, 'eta': 31.2573, 'loss': 0.6625, 'lr': 0.0054, 'params': 632328, 'time_iter': 0.1349, 'accuracy': 0.9991}
train: {'epoch': 191, 'eta': 31.1181, 'loss': 0.662, 'lr': 0.0054, 'params': 632328, 'time_iter': 0.1592, 'accuracy': 0.9991}
train: {'epoch': 192, 'eta': 30.9695, 'loss': 0.6616, 'lr': 0.0053, 'params': 632328, 'time_iter': 0.1505, 'accuracy': 0.9991}
train: {'epoch': 193, 'eta': 30.7812, 'loss': 0.6617, 'lr': 0.0053, 'params': 632328, 'time_iter': 0.1132, 'accuracy': 0.9991}
train: {'epoch': 194, 'eta': 30.6673, 'loss': 0.6611, 'lr': 0.0052, 'params': 632328, 'time_iter': 0.1832, 'accuracy': 0.9991}
train: {'epoch': 195, 'eta': 30.5399, 'loss': 0.6607, 'lr': 0.0052, 'params': 632328, 'time_iter': 0.1709, 'accuracy': 0.9991}
train: {'epoch': 196, 'eta': 30.3566, 'loss': 0.6608, 'lr': 0.0052, 'params': 632328, 'time_iter': 0.117, 'accuracy': 0.9991}
train: {'epoch': 197, 'eta': 30.1739, 'loss': 0.6608, 'lr': 0.0051, 'params': 632328, 'time_iter': 0.1171, 'accuracy': 0.9986}
train: {'epoch': 198, 'eta': 30.0074, 'loss': 0.6609, 'lr': 0.0051, 'params': 632328, 'time_iter': 0.1324, 'accuracy': 0.9991}
train: {'epoch': 199, 'eta': 29.8296, 'loss': 0.6618, 'lr': 0.005, 'params': 632328, 'time_iter': 0.1208, 'accuracy': 0.9986}
val: {'epoch': 199, 'loss': 0.949, 'lr': 0, 'params': 632328, 'time_iter': 0.0776, 'accuracy': 0.8875}
train: {'epoch': 200, 'eta': 29.6424, 'loss': 0.6621, 'lr': 0.005, 'params': 632328, 'time_iter': 0.1107, 'accuracy': 0.9991}
train: {'epoch': 201, 'eta': 29.5002, 'loss': 0.6632, 'lr': 0.005, 'params': 632328, 'time_iter': 0.1558, 'accuracy': 0.9982}
train: {'epoch': 202, 'eta': 29.3396, 'loss': 0.6628, 'lr': 0.0049, 'params': 632328, 'time_iter': 0.1371, 'accuracy': 0.9991}
train: {'epoch': 203, 'eta': 29.2193, 'loss': 0.6611, 'lr': 0.0049, 'params': 632328, 'time_iter': 0.1787, 'accuracy': 0.9986}
train: {'epoch': 204, 'eta': 29.0529, 'loss': 0.66, 'lr': 0.0048, 'params': 632328, 'time_iter': 0.1309, 'accuracy': 0.9991}
train: {'epoch': 205, 'eta': 28.8789, 'loss': 0.6603, 'lr': 0.0048, 'params': 632328, 'time_iter': 0.1224, 'accuracy': 0.9991}
train: {'epoch': 206, 'eta': 28.7202, 'loss': 0.6603, 'lr': 0.0048, 'params': 632328, 'time_iter': 0.1383, 'accuracy': 0.9986}
train: {'epoch': 207, 'eta': 28.5638, 'loss': 0.6593, 'lr': 0.0047, 'params': 632328, 'time_iter': 0.1406, 'accuracy': 0.9991}
train: {'epoch': 208, 'eta': 28.3916, 'loss': 0.659, 'lr': 0.0047, 'params': 632328, 'time_iter': 0.1231, 'accuracy': 0.9991}
train: {'epoch': 209, 'eta': 28.2107, 'loss': 0.6593, 'lr': 0.0046, 'params': 632328, 'time_iter': 0.113, 'accuracy': 0.9991}
train: {'epoch': 210, 'eta': 28.0923, 'loss': 0.6591, 'lr': 0.0046, 'params': 632328, 'time_iter': 0.182, 'accuracy': 0.9991}
train: {'epoch': 211, 'eta': 27.9323, 'loss': 0.6591, 'lr': 0.0046, 'params': 632328, 'time_iter': 0.1359, 'accuracy': 0.9991}
train: {'epoch': 212, 'eta': 27.7741, 'loss': 0.6587, 'lr': 0.0045, 'params': 632328, 'time_iter': 0.1376, 'accuracy': 0.9991}
train: {'epoch': 213, 'eta': 27.6054, 'loss': 0.659, 'lr': 0.0045, 'params': 632328, 'time_iter': 0.1253, 'accuracy': 0.9991}
train: {'epoch': 214, 'eta': 27.4275, 'loss': 0.6594, 'lr': 0.0045, 'params': 632328, 'time_iter': 0.1142, 'accuracy': 0.9982}
train: {'epoch': 215, 'eta': 27.2557, 'loss': 0.6591, 'lr': 0.0044, 'params': 632328, 'time_iter': 0.1206, 'accuracy': 0.9991}
train: {'epoch': 216, 'eta': 27.0725, 'loss': 0.6594, 'lr': 0.0044, 'params': 632328, 'time_iter': 0.1066, 'accuracy': 0.9986}
train: {'epoch': 217, 'eta': 26.9037, 'loss': 0.66, 'lr': 0.0043, 'params': 632328, 'time_iter': 0.1229, 'accuracy': 0.9991}
train: {'epoch': 218, 'eta': 26.7244, 'loss': 0.6586, 'lr': 0.0043, 'params': 632328, 'time_iter': 0.1098, 'accuracy': 0.9991}
train: {'epoch': 219, 'eta': 26.5528, 'loss': 0.6586, 'lr': 0.0043, 'params': 632328, 'time_iter': 0.1183, 'accuracy': 0.9986}
val: {'epoch': 219, 'loss': 0.9339, 'lr': 0, 'params': 632328, 'time_iter': 0.0918, 'accuracy': 0.8911}
train: {'epoch': 220, 'eta': 26.3705, 'loss': 0.6586, 'lr': 0.0042, 'params': 632328, 'time_iter': 0.1046, 'accuracy': 0.9991}
train: {'epoch': 221, 'eta': 26.2769, 'loss': 0.6583, 'lr': 0.0042, 'params': 632328, 'time_iter': 0.2143, 'accuracy': 0.9986}
train: {'epoch': 222, 'eta': 26.1505, 'loss': 0.6587, 'lr': 0.0041, 'params': 632328, 'time_iter': 0.1744, 'accuracy': 0.9991}
train: {'epoch': 223, 'eta': 25.9938, 'loss': 0.6597, 'lr': 0.0041, 'params': 632328, 'time_iter': 0.1364, 'accuracy': 0.9986}
train: {'epoch': 224, 'eta': 25.8272, 'loss': 0.6605, 'lr': 0.0041, 'params': 632328, 'time_iter': 0.1234, 'accuracy': 0.9991}
train: {'epoch': 225, 'eta': 25.6659, 'loss': 0.6594, 'lr': 0.004, 'params': 632328, 'time_iter': 0.1298, 'accuracy': 0.9986}
train: {'epoch': 226, 'eta': 25.532, 'loss': 0.6592, 'lr': 0.004, 'params': 632328, 'time_iter': 0.1653, 'accuracy': 0.9991}
train: {'epoch': 227, 'eta': 25.381, 'loss': 0.6598, 'lr': 0.0039, 'params': 632328, 'time_iter': 0.1431, 'accuracy': 0.9991}
train: {'epoch': 228, 'eta': 25.2354, 'loss': 0.663, 'lr': 0.0039, 'params': 632328, 'time_iter': 0.1502, 'accuracy': 0.9968}
train: {'epoch': 229, 'eta': 25.056, 'loss': 0.6627, 'lr': 0.0039, 'params': 632328, 'time_iter': 0.1046, 'accuracy': 0.9986}
train: {'epoch': 230, 'eta': 24.9044, 'loss': 0.6626, 'lr': 0.0038, 'params': 632328, 'time_iter': 0.1416, 'accuracy': 0.9991}
train: {'epoch': 231, 'eta': 24.7321, 'loss': 0.6616, 'lr': 0.0038, 'params': 632328, 'time_iter': 0.1129, 'accuracy': 0.9991}
train: {'epoch': 232, 'eta': 24.5741, 'loss': 0.6599, 'lr': 0.0038, 'params': 632328, 'time_iter': 0.1321, 'accuracy': 0.9991}
train: {'epoch': 233, 'eta': 24.3977, 'loss': 0.6599, 'lr': 0.0037, 'params': 632328, 'time_iter': 0.1059, 'accuracy': 0.9991}
train: {'epoch': 234, 'eta': 24.2545, 'loss': 0.6593, 'lr': 0.0037, 'params': 632328, 'time_iter': 0.1524, 'accuracy': 0.9991}
train: {'epoch': 235, 'eta': 24.0902, 'loss': 0.6587, 'lr': 0.0036, 'params': 632328, 'time_iter': 0.1221, 'accuracy': 0.9991}
train: {'epoch': 236, 'eta': 23.9433, 'loss': 0.6586, 'lr': 0.0036, 'params': 632328, 'time_iter': 0.1468, 'accuracy': 0.9991}
train: {'epoch': 237, 'eta': 23.7875, 'loss': 0.6576, 'lr': 0.0036, 'params': 632328, 'time_iter': 0.1338, 'accuracy': 0.9991}
train: {'epoch': 238, 'eta': 23.6213, 'loss': 0.6578, 'lr': 0.0035, 'params': 632328, 'time_iter': 0.1181, 'accuracy': 0.9991}
train: {'epoch': 239, 'eta': 23.5158, 'loss': 0.657, 'lr': 0.0035, 'params': 632328, 'time_iter': 0.2086, 'accuracy': 0.9991}
val: {'epoch': 239, 'loss': 0.936, 'lr': 0, 'params': 632328, 'time_iter': 0.0494, 'accuracy': 0.8856}
train: {'epoch': 240, 'eta': 23.3548, 'loss': 0.6569, 'lr': 0.0035, 'params': 632328, 'time_iter': 0.1258, 'accuracy': 0.9991}
train: {'epoch': 241, 'eta': 23.4798, 'loss': 0.6565, 'lr': 0.0034, 'params': 632328, 'time_iter': 0.5633, 'accuracy': 0.9991}
train: {'epoch': 242, 'eta': 23.3181, 'loss': 0.6563, 'lr': 0.0034, 'params': 632328, 'time_iter': 0.1283, 'accuracy': 0.9991}
train: {'epoch': 243, 'eta': 23.1658, 'loss': 0.656, 'lr': 0.0033, 'params': 632328, 'time_iter': 0.1426, 'accuracy': 0.9991}
train: {'epoch': 244, 'eta': 22.9997, 'loss': 0.6558, 'lr': 0.0033, 'params': 632328, 'time_iter': 0.1207, 'accuracy': 0.9991}
train: {'epoch': 245, 'eta': 22.8425, 'loss': 0.6559, 'lr': 0.0033, 'params': 632328, 'time_iter': 0.1343, 'accuracy': 0.9991}
train: {'epoch': 246, 'eta': 22.6729, 'loss': 0.6567, 'lr': 0.0032, 'params': 632328, 'time_iter': 0.1141, 'accuracy': 0.9991}
train: {'epoch': 247, 'eta': 22.5106, 'loss': 0.6564, 'lr': 0.0032, 'params': 632328, 'time_iter': 0.1251, 'accuracy': 0.9991}
train: {'epoch': 248, 'eta': 22.3534, 'loss': 0.6556, 'lr': 0.0032, 'params': 632328, 'time_iter': 0.1332, 'accuracy': 0.9991}
train: {'epoch': 249, 'eta': 22.1854, 'loss': 0.6554, 'lr': 0.0031, 'params': 632328, 'time_iter': 0.1147, 'accuracy': 0.9991}
train: {'epoch': 250, 'eta': 22.023, 'loss': 0.6556, 'lr': 0.0031, 'params': 632328, 'time_iter': 0.1235, 'accuracy': 0.9991}
train: {'epoch': 251, 'eta': 21.8557, 'loss': 0.6555, 'lr': 0.0031, 'params': 632328, 'time_iter': 0.1146, 'accuracy': 0.9991}
train: {'epoch': 252, 'eta': 21.6882, 'loss': 0.6549, 'lr': 0.003, 'params': 632328, 'time_iter': 0.1136, 'accuracy': 0.9991}
train: {'epoch': 253, 'eta': 21.5285, 'loss': 0.6549, 'lr': 0.003, 'params': 632328, 'time_iter': 0.1264, 'accuracy': 0.9991}
train: {'epoch': 254, 'eta': 21.3586, 'loss': 0.655, 'lr': 0.0029, 'params': 632328, 'time_iter': 0.108, 'accuracy': 0.9991}
train: {'epoch': 255, 'eta': 21.1959, 'loss': 0.6546, 'lr': 0.0029, 'params': 632328, 'time_iter': 0.1198, 'accuracy': 0.9991}
train: {'epoch': 256, 'eta': 21.0277, 'loss': 0.6544, 'lr': 0.0029, 'params': 632328, 'time_iter': 0.1095, 'accuracy': 0.9991}
train: {'epoch': 257, 'eta': 20.8655, 'loss': 0.6545, 'lr': 0.0028, 'params': 632328, 'time_iter': 0.1195, 'accuracy': 0.9991}
train: {'epoch': 258, 'eta': 20.6947, 'loss': 0.6543, 'lr': 0.0028, 'params': 632328, 'time_iter': 0.1031, 'accuracy': 0.9991}
train: {'epoch': 259, 'eta': 20.6209, 'loss': 0.6541, 'lr': 0.0028, 'params': 632328, 'time_iter': 0.2824, 'accuracy': 0.9991}
val: {'epoch': 259, 'loss': 0.9322, 'lr': 0, 'params': 632328, 'time_iter': 0.0561, 'accuracy': 0.8948}
train: {'epoch': 260, 'eta': 20.465, 'loss': 0.654, 'lr': 0.0027, 'params': 632328, 'time_iter': 0.131, 'accuracy': 0.9991}
train: {'epoch': 261, 'eta': 20.305, 'loss': 0.654, 'lr': 0.0027, 'params': 632328, 'time_iter': 0.123, 'accuracy': 0.9991}
train: {'epoch': 262, 'eta': 20.152, 'loss': 0.6538, 'lr': 0.0027, 'params': 632328, 'time_iter': 0.1359, 'accuracy': 0.9991}
train: {'epoch': 263, 'eta': 19.9915, 'loss': 0.6537, 'lr': 0.0026, 'params': 632328, 'time_iter': 0.1211, 'accuracy': 0.9991}
train: {'epoch': 264, 'eta': 19.8405, 'loss': 0.6537, 'lr': 0.0026, 'params': 632328, 'time_iter': 0.1392, 'accuracy': 0.9991}
train: {'epoch': 265, 'eta': 19.6756, 'loss': 0.6536, 'lr': 0.0026, 'params': 632328, 'time_iter': 0.1114, 'accuracy': 0.9991}
train: {'epoch': 266, 'eta': 19.5645, 'loss': 0.6535, 'lr': 0.0025, 'params': 632328, 'time_iter': 0.2185, 'accuracy': 0.9991}
train: {'epoch': 267, 'eta': 19.517, 'loss': 0.6534, 'lr': 0.0025, 'params': 632328, 'time_iter': 0.3493, 'accuracy': 0.9991}
train: {'epoch': 268, 'eta': 19.4301, 'loss': 0.6534, 'lr': 0.0025, 'params': 632328, 'time_iter': 0.273, 'accuracy': 0.9991}
train: {'epoch': 269, 'eta': 19.2907, 'loss': 0.6534, 'lr': 0.0024, 'params': 632328, 'time_iter': 0.1669, 'accuracy': 0.9991}
train: {'epoch': 270, 'eta': 19.1479, 'loss': 0.6533, 'lr': 0.0024, 'params': 632328, 'time_iter': 0.1603, 'accuracy': 0.9991}
train: {'epoch': 271, 'eta': 18.9932, 'loss': 0.6531, 'lr': 0.0024, 'params': 632328, 'time_iter': 0.1351, 'accuracy': 0.9991}
train: {'epoch': 272, 'eta': 18.8239, 'loss': 0.6531, 'lr': 0.0023, 'params': 632328, 'time_iter': 0.1034, 'accuracy': 0.9991}
train: {'epoch': 273, 'eta': 18.6642, 'loss': 0.653, 'lr': 0.0023, 'params': 632328, 'time_iter': 0.1233, 'accuracy': 0.9991}
train: {'epoch': 274, 'eta': 18.5023, 'loss': 0.653, 'lr': 0.0023, 'params': 632328, 'time_iter': 0.1179, 'accuracy': 0.9991}
train: {'epoch': 275, 'eta': 18.3394, 'loss': 0.653, 'lr': 0.0022, 'params': 632328, 'time_iter': 0.1147, 'accuracy': 0.9991}
train: {'epoch': 276, 'eta': 18.1816, 'loss': 0.6531, 'lr': 0.0022, 'params': 632328, 'time_iter': 0.1256, 'accuracy': 0.9991}
train: {'epoch': 277, 'eta': 18.0142, 'loss': 0.6531, 'lr': 0.0022, 'params': 632328, 'time_iter': 0.1033, 'accuracy': 0.9991}
train: {'epoch': 278, 'eta': 17.8594, 'loss': 0.6531, 'lr': 0.0021, 'params': 632328, 'time_iter': 0.131, 'accuracy': 0.9991}
train: {'epoch': 279, 'eta': 17.704, 'loss': 0.6531, 'lr': 0.0021, 'params': 632328, 'time_iter': 0.1295, 'accuracy': 0.9991}
val: {'epoch': 279, 'loss': 0.9327, 'lr': 0, 'params': 632328, 'time_iter': 0.0459, 'accuracy': 0.8911}
train: {'epoch': 280, 'eta': 17.5417, 'loss': 0.6532, 'lr': 0.0021, 'params': 632328, 'time_iter': 0.1126, 'accuracy': 0.9991}
train: {'epoch': 281, 'eta': 17.3787, 'loss': 0.6532, 'lr': 0.002, 'params': 632328, 'time_iter': 0.1103, 'accuracy': 0.9991}
train: {'epoch': 282, 'eta': 17.2169, 'loss': 0.653, 'lr': 0.002, 'params': 632328, 'time_iter': 0.112, 'accuracy': 0.9991}
train: {'epoch': 283, 'eta': 17.0717, 'loss': 0.6529, 'lr': 0.002, 'params': 632328, 'time_iter': 0.152, 'accuracy': 0.9991}
train: {'epoch': 284, 'eta': 16.9488, 'loss': 0.6528, 'lr': 0.0019, 'params': 632328, 'time_iter': 0.2073, 'accuracy': 0.9991}
train: {'epoch': 285, 'eta': 16.8305, 'loss': 0.6533, 'lr': 0.0019, 'params': 632328, 'time_iter': 0.2204, 'accuracy': 0.9991}
train: {'epoch': 286, 'eta': 16.7581, 'loss': 0.6544, 'lr': 0.0019, 'params': 632328, 'time_iter': 0.3386, 'accuracy': 0.9991}
train: {'epoch': 287, 'eta': 16.7204, 'loss': 0.6564, 'lr': 0.0018, 'params': 632328, 'time_iter': 0.4328, 'accuracy': 0.9991}
train: {'epoch': 288, 'eta': 16.5644, 'loss': 0.6574, 'lr': 0.0018, 'params': 632328, 'time_iter': 0.1317, 'accuracy': 0.9986}
train: {'epoch': 289, 'eta': 16.4214, 'loss': 0.6545, 'lr': 0.0018, 'params': 632328, 'time_iter': 0.1657, 'accuracy': 0.9991}
train: {'epoch': 290, 'eta': 16.2701, 'loss': 0.6546, 'lr': 0.0018, 'params': 632328, 'time_iter': 0.1439, 'accuracy': 0.9991}
train: {'epoch': 291, 'eta': 16.1188, 'loss': 0.6566, 'lr': 0.0017, 'params': 632328, 'time_iter': 0.1437, 'accuracy': 0.9986}
train: {'epoch': 292, 'eta': 15.9594, 'loss': 0.654, 'lr': 0.0017, 'params': 632328, 'time_iter': 0.1215, 'accuracy': 0.9991}
train: {'epoch': 293, 'eta': 15.7983, 'loss': 0.6553, 'lr': 0.0017, 'params': 632328, 'time_iter': 0.1162, 'accuracy': 0.9991}
train: {'epoch': 294, 'eta': 15.6388, 'loss': 0.6549, 'lr': 0.0016, 'params': 632328, 'time_iter': 0.1196, 'accuracy': 0.9986}
train: {'epoch': 295, 'eta': 15.4853, 'loss': 0.6543, 'lr': 0.0016, 'params': 632328, 'time_iter': 0.1358, 'accuracy': 0.9991}
train: {'epoch': 296, 'eta': 15.3319, 'loss': 0.6545, 'lr': 0.0016, 'params': 632328, 'time_iter': 0.1361, 'accuracy': 0.9991}
train: {'epoch': 297, 'eta': 15.1843, 'loss': 0.6535, 'lr': 0.0015, 'params': 632328, 'time_iter': 0.1523, 'accuracy': 0.9991}
train: {'epoch': 298, 'eta': 15.0279, 'loss': 0.654, 'lr': 0.0015, 'params': 632328, 'time_iter': 0.1266, 'accuracy': 0.9991}
train: {'epoch': 299, 'eta': 14.8773, 'loss': 0.6532, 'lr': 0.0015, 'params': 632328, 'time_iter': 0.1435, 'accuracy': 0.9991}
val: {'epoch': 299, 'loss': 0.9409, 'lr': 0, 'params': 632328, 'time_iter': 0.0682, 'accuracy': 0.8911}
train: {'epoch': 300, 'eta': 14.7231, 'loss': 0.6536, 'lr': 0.0015, 'params': 632328, 'time_iter': 0.1321, 'accuracy': 0.9991}
train: {'epoch': 301, 'eta': 14.5594, 'loss': 0.653, 'lr': 0.0014, 'params': 632328, 'time_iter': 0.1028, 'accuracy': 0.9991}
train: {'epoch': 302, 'eta': 14.4052, 'loss': 0.6532, 'lr': 0.0014, 'params': 632328, 'time_iter': 0.1308, 'accuracy': 0.9991}
train: {'epoch': 303, 'eta': 14.2476, 'loss': 0.6528, 'lr': 0.0014, 'params': 632328, 'time_iter': 0.1198, 'accuracy': 0.9991}
train: {'epoch': 304, 'eta': 14.0887, 'loss': 0.653, 'lr': 0.0014, 'params': 632328, 'time_iter': 0.1149, 'accuracy': 0.9991}
train: {'epoch': 305, 'eta': 13.9304, 'loss': 0.6526, 'lr': 0.0013, 'params': 632328, 'time_iter': 0.1157, 'accuracy': 0.9991}
train: {'epoch': 306, 'eta': 13.7714, 'loss': 0.6527, 'lr': 0.0013, 'params': 632328, 'time_iter': 0.1125, 'accuracy': 0.9991}
train: {'epoch': 307, 'eta': 13.6169, 'loss': 0.6525, 'lr': 0.0013, 'params': 632328, 'time_iter': 0.1264, 'accuracy': 0.9991}
train: {'epoch': 308, 'eta': 13.4558, 'loss': 0.6526, 'lr': 0.0012, 'params': 632328, 'time_iter': 0.1037, 'accuracy': 0.9991}
train: {'epoch': 309, 'eta': 13.2965, 'loss': 0.6523, 'lr': 0.0012, 'params': 632328, 'time_iter': 0.1085, 'accuracy': 0.9991}
train: {'epoch': 310, 'eta': 13.1412, 'loss': 0.6524, 'lr': 0.0012, 'params': 632328, 'time_iter': 0.1213, 'accuracy': 0.9991}
train: {'epoch': 311, 'eta': 12.9854, 'loss': 0.6522, 'lr': 0.0012, 'params': 632328, 'time_iter': 0.1187, 'accuracy': 0.9991}
train: {'epoch': 312, 'eta': 12.8262, 'loss': 0.6523, 'lr': 0.0011, 'params': 632328, 'time_iter': 0.1057, 'accuracy': 0.9991}
train: {'epoch': 313, 'eta': 12.6716, 'loss': 0.6522, 'lr': 0.0011, 'params': 632328, 'time_iter': 0.1212, 'accuracy': 0.9991}
train: {'epoch': 314, 'eta': 12.5111, 'loss': 0.6521, 'lr': 0.0011, 'params': 632328, 'time_iter': 0.0988, 'accuracy': 0.9991}
train: {'epoch': 315, 'eta': 12.3585, 'loss': 0.6521, 'lr': 0.0011, 'params': 632328, 'time_iter': 0.1267, 'accuracy': 0.9991}
train: {'epoch': 316, 'eta': 12.1993, 'loss': 0.652, 'lr': 0.001, 'params': 632328, 'time_iter': 0.101, 'accuracy': 0.9991}
train: {'epoch': 317, 'eta': 12.0466, 'loss': 0.652, 'lr': 0.001, 'params': 632328, 'time_iter': 0.1247, 'accuracy': 0.9991}
train: {'epoch': 318, 'eta': 11.8928, 'loss': 0.652, 'lr': 0.001, 'params': 632328, 'time_iter': 0.1201, 'accuracy': 0.9991}
train: {'epoch': 319, 'eta': 11.7388, 'loss': 0.6519, 'lr': 0.001, 'params': 632328, 'time_iter': 0.1179, 'accuracy': 0.9991}
val: {'epoch': 319, 'loss': 0.9363, 'lr': 0, 'params': 632328, 'time_iter': 0.0461, 'accuracy': 0.8911}
train: {'epoch': 320, 'eta': 11.5842, 'loss': 0.6519, 'lr': 0.001, 'params': 632328, 'time_iter': 0.1149, 'accuracy': 0.9991}
train: {'epoch': 321, 'eta': 11.4273, 'loss': 0.6519, 'lr': 0.0009, 'params': 632328, 'time_iter': 0.1042, 'accuracy': 0.9991}
train: {'epoch': 322, 'eta': 11.2726, 'loss': 0.6519, 'lr': 0.0009, 'params': 632328, 'time_iter': 0.1123, 'accuracy': 0.9991}
train: {'epoch': 323, 'eta': 11.2063, 'loss': 0.6518, 'lr': 0.0009, 'params': 632328, 'time_iter': 0.4878, 'accuracy': 0.9991}
train: {'epoch': 324, 'eta': 11.0559, 'loss': 0.6518, 'lr': 0.0009, 'params': 632328, 'time_iter': 0.1344, 'accuracy': 0.9991}
train: {'epoch': 325, 'eta': 10.9063, 'loss': 0.6518, 'lr': 0.0008, 'params': 632328, 'time_iter': 0.1381, 'accuracy': 0.9991}
train: {'epoch': 326, 'eta': 10.7584, 'loss': 0.6518, 'lr': 0.0008, 'params': 632328, 'time_iter': 0.145, 'accuracy': 0.9991}
train: {'epoch': 327, 'eta': 10.6095, 'loss': 0.6517, 'lr': 0.0008, 'params': 632328, 'time_iter': 0.1403, 'accuracy': 0.9991}
train: {'epoch': 328, 'eta': 10.4683, 'loss': 0.6517, 'lr': 0.0008, 'params': 632328, 'time_iter': 0.1759, 'accuracy': 0.9991}
train: {'epoch': 329, 'eta': 10.3175, 'loss': 0.6517, 'lr': 0.0008, 'params': 632328, 'time_iter': 0.1315, 'accuracy': 0.9991}
train: {'epoch': 330, 'eta': 10.1728, 'loss': 0.6517, 'lr': 0.0007, 'params': 632328, 'time_iter': 0.1603, 'accuracy': 0.9991}
train: {'epoch': 331, 'eta': 10.0365, 'loss': 0.6517, 'lr': 0.0007, 'params': 632328, 'time_iter': 0.202, 'accuracy': 0.9991}
train: {'epoch': 332, 'eta': 9.8867, 'loss': 0.6516, 'lr': 0.0007, 'params': 632328, 'time_iter': 0.1365, 'accuracy': 0.9991}
train: {'epoch': 333, 'eta': 9.739, 'loss': 0.6516, 'lr': 0.0007, 'params': 632328, 'time_iter': 0.147, 'accuracy': 0.9991}
train: {'epoch': 334, 'eta': 9.5895, 'loss': 0.6516, 'lr': 0.0007, 'params': 632328, 'time_iter': 0.1377, 'accuracy': 0.9991}
train: {'epoch': 335, 'eta': 9.4422, 'loss': 0.6516, 'lr': 0.0006, 'params': 632328, 'time_iter': 0.1487, 'accuracy': 0.9991}
train: {'epoch': 336, 'eta': 9.2922, 'loss': 0.6516, 'lr': 0.0006, 'params': 632328, 'time_iter': 0.1343, 'accuracy': 0.9991}
train: {'epoch': 337, 'eta': 9.1393, 'loss': 0.6516, 'lr': 0.0006, 'params': 632328, 'time_iter': 0.118, 'accuracy': 0.9991}
train: {'epoch': 338, 'eta': 8.9867, 'loss': 0.6516, 'lr': 0.0006, 'params': 632328, 'time_iter': 0.1184, 'accuracy': 0.9991}
train: {'epoch': 339, 'eta': 8.8323, 'loss': 0.6516, 'lr': 0.0006, 'params': 632328, 'time_iter': 0.1072, 'accuracy': 0.9991}
val: {'epoch': 339, 'loss': 0.9371, 'lr': 0, 'params': 632328, 'time_iter': 0.0515, 'accuracy': 0.8893}
train: {'epoch': 340, 'eta': 8.6801, 'loss': 0.6516, 'lr': 0.0005, 'params': 632328, 'time_iter': 0.1185, 'accuracy': 0.9991}
train: {'epoch': 341, 'eta': 8.5283, 'loss': 0.6515, 'lr': 0.0005, 'params': 632328, 'time_iter': 0.1192, 'accuracy': 0.9991}
train: {'epoch': 342, 'eta': 8.3763, 'loss': 0.6515, 'lr': 0.0005, 'params': 632328, 'time_iter': 0.1172, 'accuracy': 0.9991}
train: {'epoch': 343, 'eta': 8.2251, 'loss': 0.6515, 'lr': 0.0005, 'params': 632328, 'time_iter': 0.1212, 'accuracy': 0.9991}
train: {'epoch': 344, 'eta': 8.0728, 'loss': 0.6515, 'lr': 0.0005, 'params': 632328, 'time_iter': 0.1127, 'accuracy': 0.9991}
train: {'epoch': 345, 'eta': 7.921, 'loss': 0.6515, 'lr': 0.0005, 'params': 632328, 'time_iter': 0.1149, 'accuracy': 0.9991}
train: {'epoch': 346, 'eta': 7.7674, 'loss': 0.6515, 'lr': 0.0004, 'params': 632328, 'time_iter': 0.1014, 'accuracy': 0.9991}
train: {'epoch': 347, 'eta': 7.618, 'loss': 0.6515, 'lr': 0.0004, 'params': 632328, 'time_iter': 0.127, 'accuracy': 0.9991}
train: {'epoch': 348, 'eta': 7.4648, 'loss': 0.6515, 'lr': 0.0004, 'params': 632328, 'time_iter': 0.1007, 'accuracy': 0.9991}
train: {'epoch': 349, 'eta': 7.3158, 'loss': 0.6515, 'lr': 0.0004, 'params': 632328, 'time_iter': 0.128, 'accuracy': 0.9991}
train: {'epoch': 350, 'eta': 7.1643, 'loss': 0.6515, 'lr': 0.0004, 'params': 632328, 'time_iter': 0.1092, 'accuracy': 0.9991}
train: {'epoch': 351, 'eta': 7.0149, 'loss': 0.6515, 'lr': 0.0004, 'params': 632328, 'time_iter': 0.123, 'accuracy': 0.9991}
train: {'epoch': 352, 'eta': 6.8637, 'loss': 0.6515, 'lr': 0.0004, 'params': 632328, 'time_iter': 0.1081, 'accuracy': 0.9991}
train: {'epoch': 353, 'eta': 6.7134, 'loss': 0.6515, 'lr': 0.0003, 'params': 632328, 'time_iter': 0.1135, 'accuracy': 0.9991}
train: {'epoch': 354, 'eta': 6.5635, 'loss': 0.6514, 'lr': 0.0003, 'params': 632328, 'time_iter': 0.1146, 'accuracy': 0.9991}
train: {'epoch': 355, 'eta': 6.4159, 'loss': 0.6514, 'lr': 0.0003, 'params': 632328, 'time_iter': 0.1319, 'accuracy': 0.9991}
train: {'epoch': 356, 'eta': 6.2756, 'loss': 0.6514, 'lr': 0.0003, 'params': 632328, 'time_iter': 0.1911, 'accuracy': 0.9991}
train: {'epoch': 357, 'eta': 6.1324, 'loss': 0.6514, 'lr': 0.0003, 'params': 632328, 'time_iter': 0.1695, 'accuracy': 0.9991}
train: {'epoch': 358, 'eta': 5.9818, 'loss': 0.6514, 'lr': 0.0003, 'params': 632328, 'time_iter': 0.1062, 'accuracy': 0.9991}
train: {'epoch': 359, 'eta': 5.8325, 'loss': 0.6514, 'lr': 0.0003, 'params': 632328, 'time_iter': 0.115, 'accuracy': 0.9991}
val: {'epoch': 359, 'loss': 0.9385, 'lr': 0, 'params': 632328, 'time_iter': 0.0516, 'accuracy': 0.8893}
train: {'epoch': 360, 'eta': 5.6824, 'loss': 0.6514, 'lr': 0.0002, 'params': 632328, 'time_iter': 0.106, 'accuracy': 0.9991}
train: {'epoch': 361, 'eta': 5.5362, 'loss': 0.6514, 'lr': 0.0002, 'params': 632328, 'time_iter': 0.1415, 'accuracy': 0.9991}
train: {'epoch': 362, 'eta': 5.3878, 'loss': 0.6514, 'lr': 0.0002, 'params': 632328, 'time_iter': 0.1188, 'accuracy': 0.9991}
train: {'epoch': 363, 'eta': 5.2384, 'loss': 0.6514, 'lr': 0.0002, 'params': 632328, 'time_iter': 0.1068, 'accuracy': 0.9991}
train: {'epoch': 364, 'eta': 5.0934, 'loss': 0.6514, 'lr': 0.0002, 'params': 632328, 'time_iter': 0.1517, 'accuracy': 0.9991}
train: {'epoch': 365, 'eta': 4.9449, 'loss': 0.6514, 'lr': 0.0002, 'params': 632328, 'time_iter': 0.1128, 'accuracy': 0.9991}
train: {'epoch': 366, 'eta': 4.7981, 'loss': 0.6514, 'lr': 0.0002, 'params': 632328, 'time_iter': 0.1306, 'accuracy': 0.9991}
train: {'epoch': 367, 'eta': 4.6516, 'loss': 0.6514, 'lr': 0.0002, 'params': 632328, 'time_iter': 0.1325, 'accuracy': 0.9991}
train: {'epoch': 368, 'eta': 4.5483, 'loss': 0.6514, 'lr': 0.0002, 'params': 632328, 'time_iter': 0.6458, 'accuracy': 0.9991}
train: {'epoch': 369, 'eta': 4.4028, 'loss': 0.6514, 'lr': 0.0001, 'params': 632328, 'time_iter': 0.1623, 'accuracy': 0.9991}
train: {'epoch': 370, 'eta': 4.2555, 'loss': 0.6514, 'lr': 0.0001, 'params': 632328, 'time_iter': 0.1392, 'accuracy': 0.9991}
train: {'epoch': 371, 'eta': 4.1066, 'loss': 0.6514, 'lr': 0.0001, 'params': 632328, 'time_iter': 0.1189, 'accuracy': 0.9991}
train: {'epoch': 372, 'eta': 3.9593, 'loss': 0.6514, 'lr': 0.0001, 'params': 632328, 'time_iter': 0.1373, 'accuracy': 0.9991}
train: {'epoch': 373, 'eta': 3.8107, 'loss': 0.6514, 'lr': 0.0001, 'params': 632328, 'time_iter': 0.1183, 'accuracy': 0.9991}
train: {'epoch': 374, 'eta': 3.6625, 'loss': 0.6514, 'lr': 0.0001, 'params': 632328, 'time_iter': 0.1222, 'accuracy': 0.9991}
train: {'epoch': 375, 'eta': 3.5155, 'loss': 0.6514, 'lr': 0.0001, 'params': 632328, 'time_iter': 0.1388, 'accuracy': 0.9991}
train: {'epoch': 376, 'eta': 3.3673, 'loss': 0.6514, 'lr': 0.0001, 'params': 632328, 'time_iter': 0.1181, 'accuracy': 0.9991}
train: {'epoch': 377, 'eta': 3.2202, 'loss': 0.6514, 'lr': 0.0001, 'params': 632328, 'time_iter': 0.1351, 'accuracy': 0.9991}
train: {'epoch': 378, 'eta': 3.0726, 'loss': 0.6514, 'lr': 0.0001, 'params': 632328, 'time_iter': 0.1248, 'accuracy': 0.9991}
train: {'epoch': 379, 'eta': 2.9254, 'loss': 0.6514, 'lr': 0.0001, 'params': 632328, 'time_iter': 0.1282, 'accuracy': 0.9991}
val: {'epoch': 379, 'loss': 0.9396, 'lr': 0, 'params': 632328, 'time_iter': 0.0436, 'accuracy': 0.8893}
train: {'epoch': 380, 'eta': 2.7782, 'loss': 0.6514, 'lr': 0.0001, 'params': 632328, 'time_iter': 0.128, 'accuracy': 0.9991}
train: {'epoch': 381, 'eta': 2.6303, 'loss': 0.6514, 'lr': 0.0001, 'params': 632328, 'time_iter': 0.1106, 'accuracy': 0.9991}
train: {'epoch': 382, 'eta': 2.483, 'loss': 0.6514, 'lr': 0.0, 'params': 632328, 'time_iter': 0.1197, 'accuracy': 0.9991}
train: {'epoch': 383, 'eta': 2.3356, 'loss': 0.6514, 'lr': 0.0, 'params': 632328, 'time_iter': 0.1132, 'accuracy': 0.9991}
train: {'epoch': 384, 'eta': 2.1883, 'loss': 0.6514, 'lr': 0.0, 'params': 632328, 'time_iter': 0.114, 'accuracy': 0.9991}
train: {'epoch': 385, 'eta': 2.0412, 'loss': 0.6514, 'lr': 0.0, 'params': 632328, 'time_iter': 0.1111, 'accuracy': 0.9991}
train: {'epoch': 386, 'eta': 1.8944, 'loss': 0.6514, 'lr': 0.0, 'params': 632328, 'time_iter': 0.1166, 'accuracy': 0.9991}
train: {'epoch': 387, 'eta': 1.7475, 'loss': 0.6514, 'lr': 0.0, 'params': 632328, 'time_iter': 0.1061, 'accuracy': 0.9991}
train: {'epoch': 388, 'eta': 1.6013, 'loss': 0.6514, 'lr': 0.0, 'params': 632328, 'time_iter': 0.125, 'accuracy': 0.9991}
train: {'epoch': 389, 'eta': 1.4548, 'loss': 0.6514, 'lr': 0.0, 'params': 632328, 'time_iter': 0.1119, 'accuracy': 0.9991}
train: {'epoch': 390, 'eta': 1.3086, 'loss': 0.6514, 'lr': 0.0, 'params': 632328, 'time_iter': 0.1116, 'accuracy': 0.9991}
train: {'epoch': 391, 'eta': 1.1624, 'loss': 0.6514, 'lr': 0.0, 'params': 632328, 'time_iter': 0.1081, 'accuracy': 0.9991}
train: {'epoch': 392, 'eta': 1.0167, 'loss': 0.6514, 'lr': 0.0, 'params': 632328, 'time_iter': 0.1213, 'accuracy': 0.9991}
train: {'epoch': 393, 'eta': 0.8709, 'loss': 0.6514, 'lr': 0.0, 'params': 632328, 'time_iter': 0.1122, 'accuracy': 0.9991}
train: {'epoch': 394, 'eta': 0.7254, 'loss': 0.6514, 'lr': 0.0, 'params': 632328, 'time_iter': 0.1171, 'accuracy': 0.9991}
train: {'epoch': 395, 'eta': 0.58, 'loss': 0.6514, 'lr': 0.0, 'params': 632328, 'time_iter': 0.1087, 'accuracy': 0.9991}
train: {'epoch': 396, 'eta': 0.4347, 'loss': 0.6514, 'lr': 0.0, 'params': 632328, 'time_iter': 0.1142, 'accuracy': 0.9991}
train: {'epoch': 397, 'eta': 0.2896, 'loss': 0.6514, 'lr': 0.0, 'params': 632328, 'time_iter': 0.1039, 'accuracy': 0.9991}
train: {'epoch': 398, 'eta': 0.1447, 'loss': 0.6514, 'lr': 0.0, 'params': 632328, 'time_iter': 0.1167, 'accuracy': 0.9991}
train: {'epoch': 399, 'eta': 0.0, 'loss': 0.6514, 'lr': 0.0, 'params': 632328, 'time_iter': 0.125, 'accuracy': 0.9991}
val: {'epoch': 399, 'loss': 0.9401, 'lr': 0, 'params': 632328, 'time_iter': 0.0707, 'accuracy': 0.8893}
Task done, results saved in results/example_noneq
