Load: 0.06159s, Before split: 0.0001779s, Split: 0.001683s, After split: 0.001368s
GNN(
  (preprocess): Preprocess(
    node_feature: dim_out=1433
    Total: dim_out=1433
  )
  (pre_mp): GeneralMultiLayer(
    (Layer_0): GeneralLayer(
      (layer): Linear(
        (model): Linear(in_features=1433, out_features=256, bias=False)
      )
      (post_layer): Sequential(
        (0): BatchNorm1d(256, eps=1e-05, momentum=0.1, affine=True, track_running_stats=True)
        (1): PReLU(num_parameters=1)
      )
    )
  )
  (mp): GNNStackStage(
    (layer0): GeneralLayer(
      (layer): GeneralConv(
        (model): GeneralConvLayer(256, 256)
      )
      (post_layer): Sequential(
        (0): BatchNorm1d(256, eps=1e-05, momentum=0.1, affine=True, track_running_stats=True)
        (1): PReLU(num_parameters=1)
      )
    )
    (layer1): GeneralLayer(
      (layer): GeneralConv(
        (model): GeneralConvLayer(256, 256)
      )
      (post_layer): Sequential(
        (0): BatchNorm1d(256, eps=1e-05, momentum=0.1, affine=True, track_running_stats=True)
        (1): PReLU(num_parameters=1)
      )
    )
  )
  (post_mp): GNNNodeHead(
    (layer_post_mp): MLP(
      (model): Sequential(
        (0): Linear(
          (model): Linear(in_features=256, out_features=7, bias=True)
        )
      )
    )
  )
)
bn:
  eps: 1e-05
  mom: 0.1
cfg_dest: config.yaml
custom_metrics: []
dataset:
  augment_feature: []
  augment_feature_dims: []
  augment_feature_repr: position
  augment_label: 
  augment_label_dims: 0
  cache_load: False
  cache_save: False
  dir: ./datasets
  edge_dim: 128
  edge_encoder: False
  edge_encoder_bn: True
  edge_encoder_name: Bond
  edge_message_ratio: 0.8
  edge_negative_sampling_ratio: 1.0
  edge_train_mode: all
  encoder: True
  encoder_bn: True
  encoder_dim: 128
  encoder_name: db
  format: PyG
  label_column: none
  label_table: none
  location: local
  name: Cora
  node_encoder: False
  node_encoder_bn: True
  node_encoder_name: Atom
  remove_feature: False
  resample_disjoint: False
  resample_negative: False
  shuffle_split: True
  split: [0.8, 0.2]
  split_mode: random
  task: node
  task_type: classification
  to_undirected: False
  transductive: True
  transform: none
  tu_simple: True
device: cpu
example_arg: example
example_group:
  example_arg: example
gnn:
  act: prelu
  agg: add
  att_final_linear: False
  att_final_linear_bn: False
  att_heads: 1
  batchnorm: True
  clear_feature: True
  dim_inner: 256
  dropout: 0.0
  flow: source_to_target
  head: node
  keep_edge: 0.5
  l2norm: True
  layer_type: generalconv
  layers_mp: 2
  layers_post_mp: 1
  layers_pre_mp: 1
  msg_direction: single
  normalize_adj: False
  self_msg: concat
  skip_every: 1
  stage_type: stack
gpu_mem: False
mem:
  inplace: False
metric_agg: argmax
metric_best: auto
model:
  edge_decoding: dot
  graph_pooling: add
  loss_fun: cross_entropy
  match_upper: True
  size_average: mean
  thresh: 0.5
  type: gnn
num_threads: 6
num_workers: 0
optim:
  base_lr: 0.01
  lr_decay: 0.1
  max_epoch: 400
  momentum: 0.9
  optimizer: adam
  scheduler: cos
  steps: [30, 60, 90]
  weight_decay: 0.0005
out_dir: results/example_noneq_6
print: both
round: 4
run_dir: results/example_noneq_6/0
seed: 1
share:
  dim_in: 1433
  dim_out: 7
  num_splits: 2
tensorboard_agg: True
tensorboard_each_run: False
train:
  auto_resume: False
  batch_size: 32
  ckpt_clean: True
  ckpt_period: 100
  enable_ckpt: True
  energy_alpha: 0.8
  energy_beta: 0.8
  energy_reg: True
  epoch_resume: -1
  eval_period: 20
  iter_per_epoch: 32
  mode: standard
  neighbor_sizes: [20, 15, 10, 5]
  node_per_graph: 32
  radius: extend
  sample_node: False
  sampler: full_batch
  skip_train_eval: False
  walk_length: 4
val:
  node_per_graph: 32
  radius: extend
  sample_node: False
  sampler: full_batch
view_emb: False
Num parameters: 632328
Start from epoch 0
train: {'epoch': 0, 'eta': 66.5948, 'loss': 3.438, 'lr': 0.01, 'params': 632328, 'time_iter': 0.1669, 'accuracy': 0.1302}
val: {'epoch': 0, 'loss': 2.6608, 'lr': 0, 'params': 632328, 'time_iter': 0.0239, 'accuracy': 0.3303}
train: {'epoch': 1, 'eta': 45.5607, 'loss': 2.7641, 'lr': 0.01, 'params': 632328, 'time_iter': 0.062, 'accuracy': 0.6302}
train: {'epoch': 2, 'eta': 38.2263, 'loss': 2.4099, 'lr': 0.01, 'params': 632328, 'time_iter': 0.0599, 'accuracy': 0.6953}
train: {'epoch': 3, 'eta': 34.693, 'loss': 2.177, 'lr': 0.01, 'params': 632328, 'time_iter': 0.0616, 'accuracy': 0.7452}
train: {'epoch': 4, 'eta': 32.0981, 'loss': 2.0017, 'lr': 0.01, 'params': 632328, 'time_iter': 0.0559, 'accuracy': 0.7862}
train: {'epoch': 5, 'eta': 30.5233, 'loss': 1.8732, 'lr': 0.01, 'params': 632328, 'time_iter': 0.0585, 'accuracy': 0.8269}
train: {'epoch': 6, 'eta': 29.4013, 'loss': 1.7646, 'lr': 0.01, 'params': 632328, 'time_iter': 0.0589, 'accuracy': 0.8343}
train: {'epoch': 7, 'eta': 28.7426, 'loss': 1.6808, 'lr': 0.01, 'params': 632328, 'time_iter': 0.0629, 'accuracy': 0.8532}
train: {'epoch': 8, 'eta': 27.8686, 'loss': 1.6057, 'lr': 0.01, 'params': 632328, 'time_iter': 0.0549, 'accuracy': 0.8717}
train: {'epoch': 9, 'eta': 27.3424, 'loss': 1.5427, 'lr': 0.01, 'params': 632328, 'time_iter': 0.0596, 'accuracy': 0.8892}
train: {'epoch': 10, 'eta': 26.7248, 'loss': 1.4893, 'lr': 0.01, 'params': 632328, 'time_iter': 0.0546, 'accuracy': 0.9003}
train: {'epoch': 11, 'eta': 26.2506, 'loss': 1.4407, 'lr': 0.01, 'params': 632328, 'time_iter': 0.0562, 'accuracy': 0.9058}
train: {'epoch': 12, 'eta': 25.9036, 'loss': 1.4002, 'lr': 0.01, 'params': 632328, 'time_iter': 0.0583, 'accuracy': 0.9137}
train: {'epoch': 13, 'eta': 25.5014, 'loss': 1.3622, 'lr': 0.01, 'params': 632328, 'time_iter': 0.0548, 'accuracy': 0.9201}
train: {'epoch': 14, 'eta': 25.1212, 'loss': 1.3298, 'lr': 0.01, 'params': 632328, 'time_iter': 0.0538, 'accuracy': 0.9229}
train: {'epoch': 15, 'eta': 24.9415, 'loss': 1.2997, 'lr': 0.01, 'params': 632328, 'time_iter': 0.0605, 'accuracy': 0.9284}
train: {'epoch': 16, 'eta': 24.7887, 'loss': 1.2732, 'lr': 0.01, 'params': 632328, 'time_iter': 0.0611, 'accuracy': 0.9294}
train: {'epoch': 17, 'eta': 24.5866, 'loss': 1.2497, 'lr': 0.01, 'params': 632328, 'time_iter': 0.0582, 'accuracy': 0.9331}
train: {'epoch': 18, 'eta': 24.3157, 'loss': 1.2289, 'lr': 0.01, 'params': 632328, 'time_iter': 0.0541, 'accuracy': 0.9372}
train: {'epoch': 19, 'eta': 24.0608, 'loss': 1.2102, 'lr': 0.0099, 'params': 632328, 'time_iter': 0.0538, 'accuracy': 0.9409}
val: {'epoch': 19, 'loss': 1.3723, 'lr': 0, 'params': 632328, 'time_iter': 0.0203, 'accuracy': 0.8598}
train: {'epoch': 20, 'eta': 23.912, 'loss': 1.1926, 'lr': 0.0099, 'params': 632328, 'time_iter': 0.0586, 'accuracy': 0.9469}
train: {'epoch': 21, 'eta': 23.675, 'loss': 1.1771, 'lr': 0.0099, 'params': 632328, 'time_iter': 0.053, 'accuracy': 0.9488}
train: {'epoch': 22, 'eta': 23.4942, 'loss': 1.1624, 'lr': 0.0099, 'params': 632328, 'time_iter': 0.0554, 'accuracy': 0.9501}
train: {'epoch': 23, 'eta': 23.341, 'loss': 1.1494, 'lr': 0.0099, 'params': 632328, 'time_iter': 0.0565, 'accuracy': 0.9529}
train: {'epoch': 24, 'eta': 23.2192, 'loss': 1.1373, 'lr': 0.0099, 'params': 632328, 'time_iter': 0.0581, 'accuracy': 0.9515}
train: {'epoch': 25, 'eta': 23.1895, 'loss': 1.1255, 'lr': 0.0099, 'params': 632328, 'time_iter': 0.0642, 'accuracy': 0.9548}
train: {'epoch': 26, 'eta': 23.0376, 'loss': 1.1147, 'lr': 0.0099, 'params': 632328, 'time_iter': 0.0555, 'accuracy': 0.9589}
train: {'epoch': 27, 'eta': 22.9314, 'loss': 1.1049, 'lr': 0.0099, 'params': 632328, 'time_iter': 0.0584, 'accuracy': 0.9626}
train: {'epoch': 28, 'eta': 22.9109, 'loss': 1.1009, 'lr': 0.0099, 'params': 632328, 'time_iter': 0.0649, 'accuracy': 0.9654}
train: {'epoch': 29, 'eta': 23.1386, 'loss': 1.1485, 'lr': 0.0099, 'params': 632328, 'time_iter': 0.0852, 'accuracy': 0.9418}
train: {'epoch': 30, 'eta': 23.3818, 'loss': 1.1356, 'lr': 0.0099, 'params': 632328, 'time_iter': 0.0882, 'accuracy': 0.9506}
train: {'epoch': 31, 'eta': 23.6501, 'loss': 1.0862, 'lr': 0.0099, 'params': 632328, 'time_iter': 0.0922, 'accuracy': 0.9598}
train: {'epoch': 32, 'eta': 23.8925, 'loss': 1.1094, 'lr': 0.0098, 'params': 632328, 'time_iter': 0.0918, 'accuracy': 0.9552}
train: {'epoch': 33, 'eta': 24.2026, 'loss': 1.0746, 'lr': 0.0098, 'params': 632328, 'time_iter': 0.1, 'accuracy': 0.9658}
train: {'epoch': 34, 'eta': 24.4521, 'loss': 1.0801, 'lr': 0.0098, 'params': 632328, 'time_iter': 0.0964, 'accuracy': 0.9645}
train: {'epoch': 35, 'eta': 24.6977, 'loss': 1.0653, 'lr': 0.0098, 'params': 632328, 'time_iter': 0.0979, 'accuracy': 0.9663}
train: {'epoch': 36, 'eta': 24.9898, 'loss': 1.064, 'lr': 0.0098, 'params': 632328, 'time_iter': 0.1045, 'accuracy': 0.9718}
train: {'epoch': 37, 'eta': 25.2092, 'loss': 1.0568, 'lr': 0.0098, 'params': 632328, 'time_iter': 0.0991, 'accuracy': 0.9728}
train: {'epoch': 38, 'eta': 25.4219, 'loss': 1.0473, 'lr': 0.0098, 'params': 632328, 'time_iter': 0.1001, 'accuracy': 0.9691}
train: {'epoch': 39, 'eta': 25.6643, 'loss': 1.0397, 'lr': 0.0098, 'params': 632328, 'time_iter': 0.1052, 'accuracy': 0.9737}
val: {'epoch': 39, 'loss': 1.4154, 'lr': 0, 'params': 632328, 'time_iter': 0.0462, 'accuracy': 0.845}
train: {'epoch': 40, 'eta': 26.0172, 'loss': 1.0391, 'lr': 0.0098, 'params': 632328, 'time_iter': 0.1197, 'accuracy': 0.9788}
train: {'epoch': 41, 'eta': 26.8631, 'loss': 1.0277, 'lr': 0.0097, 'params': 632328, 'time_iter': 0.1802, 'accuracy': 0.9788}
train: {'epoch': 42, 'eta': 27.7359, 'loss': 1.0215, 'lr': 0.0097, 'params': 632328, 'time_iter': 0.1892, 'accuracy': 0.9811}
train: {'epoch': 43, 'eta': 28.2929, 'loss': 1.0201, 'lr': 0.0097, 'params': 632328, 'time_iter': 0.1561, 'accuracy': 0.9834}
train: {'epoch': 44, 'eta': 28.9159, 'loss': 1.0164, 'lr': 0.0097, 'params': 632328, 'time_iter': 0.1685, 'accuracy': 0.9797}
train: {'epoch': 45, 'eta': 29.4823, 'loss': 1.0222, 'lr': 0.0097, 'params': 632328, 'time_iter': 0.1656, 'accuracy': 0.976}
train: {'epoch': 46, 'eta': 29.7518, 'loss': 1.0278, 'lr': 0.0097, 'params': 632328, 'time_iter': 0.1302, 'accuracy': 0.9751}
train: {'epoch': 47, 'eta': 30.5364, 'loss': 1.0095, 'lr': 0.0097, 'params': 632328, 'time_iter': 0.2028, 'accuracy': 0.9811}
train: {'epoch': 48, 'eta': 30.6551, 'loss': 1.0098, 'lr': 0.0096, 'params': 632328, 'time_iter': 0.1154, 'accuracy': 0.9811}
train: {'epoch': 49, 'eta': 30.6836, 'loss': 1.0034, 'lr': 0.0096, 'params': 632328, 'time_iter': 0.1039, 'accuracy': 0.9815}
train: {'epoch': 50, 'eta': 30.8067, 'loss': 1.0057, 'lr': 0.0096, 'params': 632328, 'time_iter': 0.1185, 'accuracy': 0.9834}
train: {'epoch': 51, 'eta': 30.8385, 'loss': 1.0163, 'lr': 0.0096, 'params': 632328, 'time_iter': 0.1062, 'accuracy': 0.9797}
train: {'epoch': 52, 'eta': 30.9215, 'loss': 1.005, 'lr': 0.0096, 'params': 632328, 'time_iter': 0.1148, 'accuracy': 0.9825}
train: {'epoch': 53, 'eta': 30.876, 'loss': 1.0134, 'lr': 0.0096, 'params': 632328, 'time_iter': 0.0959, 'accuracy': 0.9852}
train: {'epoch': 54, 'eta': 30.904, 'loss': 1.0235, 'lr': 0.0096, 'params': 632328, 'time_iter': 0.1079, 'accuracy': 0.9815}
train: {'epoch': 55, 'eta': 30.8363, 'loss': 1.0174, 'lr': 0.0095, 'params': 632328, 'time_iter': 0.0931, 'accuracy': 0.9829}
train: {'epoch': 56, 'eta': 30.8213, 'loss': 0.9969, 'lr': 0.0095, 'params': 632328, 'time_iter': 0.1021, 'accuracy': 0.9834}
train: {'epoch': 57, 'eta': 30.8589, 'loss': 1.0011, 'lr': 0.0095, 'params': 632328, 'time_iter': 0.1115, 'accuracy': 0.9848}
train: {'epoch': 58, 'eta': 30.9047, 'loss': 0.9986, 'lr': 0.0095, 'params': 632328, 'time_iter': 0.1138, 'accuracy': 0.9875}
train: {'epoch': 59, 'eta': 30.8404, 'loss': 0.9831, 'lr': 0.0095, 'params': 632328, 'time_iter': 0.0953, 'accuracy': 0.9894}
val: {'epoch': 59, 'loss': 1.3902, 'lr': 0, 'params': 632328, 'time_iter': 0.0709, 'accuracy': 0.8524}
train: {'epoch': 60, 'eta': 30.8599, 'loss': 0.9807, 'lr': 0.0095, 'params': 632328, 'time_iter': 0.1105, 'accuracy': 0.9917}
train: {'epoch': 61, 'eta': 30.7743, 'loss': 0.9809, 'lr': 0.0094, 'params': 632328, 'time_iter': 0.092, 'accuracy': 0.9926}
train: {'epoch': 62, 'eta': 30.7611, 'loss': 0.974, 'lr': 0.0094, 'params': 632328, 'time_iter': 0.1056, 'accuracy': 0.9922}
train: {'epoch': 63, 'eta': 30.6777, 'loss': 0.9688, 'lr': 0.0094, 'params': 632328, 'time_iter': 0.0928, 'accuracy': 0.9931}
train: {'epoch': 64, 'eta': 30.6362, 'loss': 0.9694, 'lr': 0.0094, 'params': 632328, 'time_iter': 0.101, 'accuracy': 0.9945}
train: {'epoch': 65, 'eta': 30.626, 'loss': 0.9635, 'lr': 0.0094, 'params': 632328, 'time_iter': 0.1075, 'accuracy': 0.9963}
train: {'epoch': 66, 'eta': 30.548, 'loss': 0.9606, 'lr': 0.0093, 'params': 632328, 'time_iter': 0.0945, 'accuracy': 0.9954}
train: {'epoch': 67, 'eta': 30.4646, 'loss': 0.9588, 'lr': 0.0093, 'params': 632328, 'time_iter': 0.0934, 'accuracy': 0.9968}
train: {'epoch': 68, 'eta': 30.4344, 'loss': 0.9562, 'lr': 0.0093, 'params': 632328, 'time_iter': 0.1046, 'accuracy': 0.9986}
train: {'epoch': 69, 'eta': 30.3735, 'loss': 0.9537, 'lr': 0.0093, 'params': 632328, 'time_iter': 0.0985, 'accuracy': 0.9972}
train: {'epoch': 70, 'eta': 30.3119, 'loss': 0.9518, 'lr': 0.0093, 'params': 632328, 'time_iter': 0.0986, 'accuracy': 0.9982}
train: {'epoch': 71, 'eta': 30.2557, 'loss': 0.95, 'lr': 0.0092, 'params': 632328, 'time_iter': 0.1, 'accuracy': 0.9986}
train: {'epoch': 72, 'eta': 30.1982, 'loss': 0.9486, 'lr': 0.0092, 'params': 632328, 'time_iter': 0.1, 'accuracy': 0.9982}
train: {'epoch': 73, 'eta': 30.1662, 'loss': 0.9495, 'lr': 0.0092, 'params': 632328, 'time_iter': 0.106, 'accuracy': 0.9958}
train: {'epoch': 74, 'eta': 30.1351, 'loss': 0.9537, 'lr': 0.0092, 'params': 632328, 'time_iter': 0.1067, 'accuracy': 0.9958}
train: {'epoch': 75, 'eta': 30.1002, 'loss': 0.9637, 'lr': 0.0092, 'params': 632328, 'time_iter': 0.1063, 'accuracy': 0.9903}
train: {'epoch': 76, 'eta': 30.0798, 'loss': 0.9606, 'lr': 0.0091, 'params': 632328, 'time_iter': 0.1102, 'accuracy': 0.9954}
train: {'epoch': 77, 'eta': 30.0105, 'loss': 0.9688, 'lr': 0.0091, 'params': 632328, 'time_iter': 0.0989, 'accuracy': 0.9931}
train: {'epoch': 78, 'eta': 29.9368, 'loss': 0.9602, 'lr': 0.0091, 'params': 632328, 'time_iter': 0.098, 'accuracy': 0.9917}
train: {'epoch': 79, 'eta': 29.883, 'loss': 0.972, 'lr': 0.0091, 'params': 632328, 'time_iter': 0.1031, 'accuracy': 0.9912}
val: {'epoch': 79, 'loss': 1.3415, 'lr': 0, 'params': 632328, 'time_iter': 0.0375, 'accuracy': 0.8598}
train: {'epoch': 80, 'eta': 29.8003, 'loss': 0.9771, 'lr': 0.009, 'params': 632328, 'time_iter': 0.0961, 'accuracy': 0.9894}
train: {'epoch': 81, 'eta': 29.8066, 'loss': 0.9675, 'lr': 0.009, 'params': 632328, 'time_iter': 0.1191, 'accuracy': 0.9871}
train: {'epoch': 82, 'eta': 29.8031, 'loss': 0.9589, 'lr': 0.009, 'params': 632328, 'time_iter': 0.1174, 'accuracy': 0.9931}
train: {'epoch': 83, 'eta': 29.7936, 'loss': 0.9629, 'lr': 0.009, 'params': 632328, 'time_iter': 0.1165, 'accuracy': 0.9949}
train: {'epoch': 84, 'eta': 29.7846, 'loss': 0.9517, 'lr': 0.009, 'params': 632328, 'time_iter': 0.1173, 'accuracy': 0.9935}
train: {'epoch': 85, 'eta': 29.7304, 'loss': 0.9487, 'lr': 0.0089, 'params': 632328, 'time_iter': 0.1056, 'accuracy': 0.9949}
train: {'epoch': 86, 'eta': 29.7072, 'loss': 0.9465, 'lr': 0.0089, 'params': 632328, 'time_iter': 0.1146, 'accuracy': 0.9977}
train: {'epoch': 87, 'eta': 29.6802, 'loss': 0.9438, 'lr': 0.0089, 'params': 632328, 'time_iter': 0.114, 'accuracy': 0.9986}
train: {'epoch': 88, 'eta': 29.6235, 'loss': 0.941, 'lr': 0.0089, 'params': 632328, 'time_iter': 0.1061, 'accuracy': 0.9982}
train: {'epoch': 89, 'eta': 29.6176, 'loss': 0.9392, 'lr': 0.0088, 'params': 632328, 'time_iter': 0.1212, 'accuracy': 0.9982}
train: {'epoch': 90, 'eta': 29.5384, 'loss': 0.9373, 'lr': 0.0088, 'params': 632328, 'time_iter': 0.1003, 'accuracy': 0.9986}
train: {'epoch': 91, 'eta': 29.464, 'loss': 0.936, 'lr': 0.0088, 'params': 632328, 'time_iter': 0.1019, 'accuracy': 0.9986}
train: {'epoch': 92, 'eta': 29.37, 'loss': 0.9339, 'lr': 0.0088, 'params': 632328, 'time_iter': 0.0962, 'accuracy': 0.9991}
train: {'epoch': 93, 'eta': 29.292, 'loss': 0.9327, 'lr': 0.0087, 'params': 632328, 'time_iter': 0.1011, 'accuracy': 0.9982}
train: {'epoch': 94, 'eta': 29.2189, 'loss': 0.9313, 'lr': 0.0087, 'params': 632328, 'time_iter': 0.1028, 'accuracy': 0.9986}
train: {'epoch': 95, 'eta': 29.1487, 'loss': 0.9302, 'lr': 0.0087, 'params': 632328, 'time_iter': 0.1039, 'accuracy': 0.9995}
train: {'epoch': 96, 'eta': 29.0707, 'loss': 0.9292, 'lr': 0.0086, 'params': 632328, 'time_iter': 0.1016, 'accuracy': 0.9995}
train: {'epoch': 97, 'eta': 28.9939, 'loss': 0.9279, 'lr': 0.0086, 'params': 632328, 'time_iter': 0.1022, 'accuracy': 0.9995}
train: {'epoch': 98, 'eta': 28.9146, 'loss': 0.9268, 'lr': 0.0086, 'params': 632328, 'time_iter': 0.1015, 'accuracy': 0.9995}
train: {'epoch': 99, 'eta': 28.8334, 'loss': 0.926, 'lr': 0.0086, 'params': 632328, 'time_iter': 0.101, 'accuracy': 0.9995}
val: {'epoch': 99, 'loss': 1.3534, 'lr': 0, 'params': 632328, 'time_iter': 0.039, 'accuracy': 0.8376}
train: {'epoch': 100, 'eta': 28.7711, 'loss': 0.9252, 'lr': 0.0085, 'params': 632328, 'time_iter': 0.1076, 'accuracy': 0.9995}
train: {'epoch': 101, 'eta': 28.6992, 'loss': 0.9245, 'lr': 0.0085, 'params': 632328, 'time_iter': 0.1045, 'accuracy': 0.9995}
train: {'epoch': 102, 'eta': 28.7985, 'loss': 0.9237, 'lr': 0.0085, 'params': 632328, 'time_iter': 0.1641, 'accuracy': 1.0}
train: {'epoch': 103, 'eta': 28.7328, 'loss': 0.923, 'lr': 0.0085, 'params': 632328, 'time_iter': 0.1079, 'accuracy': 0.9995}
train: {'epoch': 104, 'eta': 28.7351, 'loss': 0.9225, 'lr': 0.0084, 'params': 632328, 'time_iter': 0.1324, 'accuracy': 0.9995}
train: {'epoch': 105, 'eta': 28.6516, 'loss': 0.9224, 'lr': 0.0084, 'params': 632328, 'time_iter': 0.1024, 'accuracy': 0.9991}
train: {'epoch': 106, 'eta': 28.5621, 'loss': 0.9241, 'lr': 0.0084, 'params': 632328, 'time_iter': 0.1003, 'accuracy': 1.0}
train: {'epoch': 107, 'eta': 28.4818, 'loss': 0.9325, 'lr': 0.0083, 'params': 632328, 'time_iter': 0.1038, 'accuracy': 0.9945}
train: {'epoch': 108, 'eta': 28.4054, 'loss': 1.0005, 'lr': 0.0083, 'params': 632328, 'time_iter': 0.1055, 'accuracy': 0.9737}
train: {'epoch': 109, 'eta': 28.3065, 'loss': 1.694, 'lr': 0.0083, 'params': 632328, 'time_iter': 0.0971, 'accuracy': 0.8269}
train: {'epoch': 110, 'eta': 28.2206, 'loss': 1.4712, 'lr': 0.0082, 'params': 632328, 'time_iter': 0.1021, 'accuracy': 0.8301}
train: {'epoch': 111, 'eta': 28.1139, 'loss': 1.4443, 'lr': 0.0082, 'params': 632328, 'time_iter': 0.0941, 'accuracy': 0.8744}
train: {'epoch': 112, 'eta': 28.0344, 'loss': 1.3518, 'lr': 0.0082, 'params': 632328, 'time_iter': 0.1048, 'accuracy': 0.9063}
train: {'epoch': 113, 'eta': 27.9248, 'loss': 1.2596, 'lr': 0.0082, 'params': 632328, 'time_iter': 0.0929, 'accuracy': 0.9321}
train: {'epoch': 114, 'eta': 27.8265, 'loss': 1.2119, 'lr': 0.0081, 'params': 632328, 'time_iter': 0.0974, 'accuracy': 0.9418}
train: {'epoch': 115, 'eta': 27.7402, 'loss': 1.1786, 'lr': 0.0081, 'params': 632328, 'time_iter': 0.1022, 'accuracy': 0.9428}
train: {'epoch': 116, 'eta': 27.6445, 'loss': 1.1466, 'lr': 0.0081, 'params': 632328, 'time_iter': 0.0985, 'accuracy': 0.9492}
train: {'epoch': 117, 'eta': 27.5673, 'loss': 1.1201, 'lr': 0.008, 'params': 632328, 'time_iter': 0.1062, 'accuracy': 0.9543}
train: {'epoch': 118, 'eta': 27.5059, 'loss': 1.0965, 'lr': 0.008, 'params': 632328, 'time_iter': 0.1132, 'accuracy': 0.9571}
train: {'epoch': 119, 'eta': 27.3883, 'loss': 1.0763, 'lr': 0.008, 'params': 632328, 'time_iter': 0.0894, 'accuracy': 0.9608}
val: {'epoch': 119, 'loss': 1.4114, 'lr': 0, 'params': 632328, 'time_iter': 0.048, 'accuracy': 0.8487}
train: {'epoch': 120, 'eta': 27.293, 'loss': 1.0595, 'lr': 0.0079, 'params': 632328, 'time_iter': 0.0989, 'accuracy': 0.9658}
train: {'epoch': 121, 'eta': 27.2053, 'loss': 1.0446, 'lr': 0.0079, 'params': 632328, 'time_iter': 0.1023, 'accuracy': 0.97}
train: {'epoch': 122, 'eta': 27.1177, 'loss': 1.032, 'lr': 0.0079, 'params': 632328, 'time_iter': 0.1024, 'accuracy': 0.9737}
train: {'epoch': 123, 'eta': 27.0235, 'loss': 1.0223, 'lr': 0.0078, 'params': 632328, 'time_iter': 0.0996, 'accuracy': 0.976}
train: {'epoch': 124, 'eta': 26.9593, 'loss': 1.0145, 'lr': 0.0078, 'params': 632328, 'time_iter': 0.1132, 'accuracy': 0.9765}
train: {'epoch': 125, 'eta': 26.8793, 'loss': 1.0083, 'lr': 0.0078, 'params': 632328, 'time_iter': 0.1063, 'accuracy': 0.9788}
train: {'epoch': 126, 'eta': 26.8365, 'loss': 1.0035, 'lr': 0.0077, 'params': 632328, 'time_iter': 0.1238, 'accuracy': 0.9788}
train: {'epoch': 127, 'eta': 26.8505, 'loss': 0.9992, 'lr': 0.0077, 'params': 632328, 'time_iter': 0.1511, 'accuracy': 0.982}
train: {'epoch': 128, 'eta': 26.9675, 'loss': 0.9948, 'lr': 0.0077, 'params': 632328, 'time_iter': 0.2014, 'accuracy': 0.9848}
train: {'epoch': 129, 'eta': 27.0474, 'loss': 0.9902, 'lr': 0.0076, 'params': 632328, 'time_iter': 0.1859, 'accuracy': 0.9857}
train: {'epoch': 130, 'eta': 27.0629, 'loss': 0.9862, 'lr': 0.0076, 'params': 632328, 'time_iter': 0.1565, 'accuracy': 0.9866}
train: {'epoch': 131, 'eta': 27.109, 'loss': 0.9829, 'lr': 0.0076, 'params': 632328, 'time_iter': 0.1729, 'accuracy': 0.9861}
train: {'epoch': 132, 'eta': 27.0949, 'loss': 0.98, 'lr': 0.0075, 'params': 632328, 'time_iter': 0.1445, 'accuracy': 0.9866}
train: {'epoch': 133, 'eta': 26.9902, 'loss': 0.9769, 'lr': 0.0075, 'params': 632328, 'time_iter': 0.0998, 'accuracy': 0.9875}
train: {'epoch': 134, 'eta': 26.8735, 'loss': 0.9739, 'lr': 0.0075, 'params': 632328, 'time_iter': 0.0937, 'accuracy': 0.9885}
train: {'epoch': 135, 'eta': 26.7653, 'loss': 0.9709, 'lr': 0.0074, 'params': 632328, 'time_iter': 0.0979, 'accuracy': 0.9894}
train: {'epoch': 136, 'eta': 26.6666, 'loss': 0.9679, 'lr': 0.0074, 'params': 632328, 'time_iter': 0.1027, 'accuracy': 0.9903}
train: {'epoch': 137, 'eta': 26.5538, 'loss': 0.965, 'lr': 0.0074, 'params': 632328, 'time_iter': 0.0954, 'accuracy': 0.9908}
train: {'epoch': 138, 'eta': 26.4529, 'loss': 0.9627, 'lr': 0.0073, 'params': 632328, 'time_iter': 0.1016, 'accuracy': 0.9908}
train: {'epoch': 139, 'eta': 26.3458, 'loss': 0.9607, 'lr': 0.0073, 'params': 632328, 'time_iter': 0.0982, 'accuracy': 0.9922}
val: {'epoch': 139, 'loss': 1.3397, 'lr': 0, 'params': 632328, 'time_iter': 0.0512, 'accuracy': 0.8635}
train: {'epoch': 140, 'eta': 26.236, 'loss': 0.9586, 'lr': 0.0073, 'params': 632328, 'time_iter': 0.0967, 'accuracy': 0.9926}
train: {'epoch': 141, 'eta': 26.1255, 'loss': 0.9565, 'lr': 0.0072, 'params': 632328, 'time_iter': 0.0963, 'accuracy': 0.9931}
train: {'epoch': 142, 'eta': 26.0726, 'loss': 0.9545, 'lr': 0.0072, 'params': 632328, 'time_iter': 0.1281, 'accuracy': 0.9935}
train: {'epoch': 143, 'eta': 25.9831, 'loss': 0.9526, 'lr': 0.0072, 'params': 632328, 'time_iter': 0.1082, 'accuracy': 0.994}
train: {'epoch': 144, 'eta': 26.0062, 'loss': 0.9509, 'lr': 0.0071, 'params': 632328, 'time_iter': 0.1723, 'accuracy': 0.9949}
train: {'epoch': 145, 'eta': 25.9898, 'loss': 0.9492, 'lr': 0.0071, 'params': 632328, 'time_iter': 0.1512, 'accuracy': 0.9945}
train: {'epoch': 146, 'eta': 25.9893, 'loss': 0.9476, 'lr': 0.0071, 'params': 632328, 'time_iter': 0.1615, 'accuracy': 0.9949}
train: {'epoch': 147, 'eta': 25.9588, 'loss': 0.9461, 'lr': 0.007, 'params': 632328, 'time_iter': 0.1452, 'accuracy': 0.9954}
train: {'epoch': 148, 'eta': 25.92, 'loss': 0.9447, 'lr': 0.007, 'params': 632328, 'time_iter': 0.1411, 'accuracy': 0.9958}
train: {'epoch': 149, 'eta': 25.8709, 'loss': 0.9434, 'lr': 0.0069, 'params': 632328, 'time_iter': 0.1358, 'accuracy': 0.9958}
train: {'epoch': 150, 'eta': 25.8196, 'loss': 0.9419, 'lr': 0.0069, 'params': 632328, 'time_iter': 0.1351, 'accuracy': 0.9963}
train: {'epoch': 151, 'eta': 25.7633, 'loss': 0.9406, 'lr': 0.0069, 'params': 632328, 'time_iter': 0.1328, 'accuracy': 0.9968}
train: {'epoch': 152, 'eta': 25.6983, 'loss': 0.9396, 'lr': 0.0068, 'params': 632328, 'time_iter': 0.128, 'accuracy': 0.9972}
train: {'epoch': 153, 'eta': 25.6711, 'loss': 0.9389, 'lr': 0.0068, 'params': 632328, 'time_iter': 0.1521, 'accuracy': 0.9977}
train: {'epoch': 154, 'eta': 25.6514, 'loss': 0.9397, 'lr': 0.0068, 'params': 632328, 'time_iter': 0.158, 'accuracy': 0.9963}
train: {'epoch': 155, 'eta': 25.6224, 'loss': 0.9391, 'lr': 0.0067, 'params': 632328, 'time_iter': 0.1531, 'accuracy': 0.9977}
train: {'epoch': 156, 'eta': 25.5776, 'loss': 0.9421, 'lr': 0.0067, 'params': 632328, 'time_iter': 0.1439, 'accuracy': 0.9949}
train: {'epoch': 157, 'eta': 25.512, 'loss': 0.935, 'lr': 0.0067, 'params': 632328, 'time_iter': 0.1312, 'accuracy': 0.9977}
train: {'epoch': 158, 'eta': 25.4433, 'loss': 0.9421, 'lr': 0.0066, 'params': 632328, 'time_iter': 0.1297, 'accuracy': 0.9968}
train: {'epoch': 159, 'eta': 25.4574, 'loss': 0.9593, 'lr': 0.0066, 'params': 632328, 'time_iter': 0.1853, 'accuracy': 0.9917}
val: {'epoch': 159, 'loss': 1.3332, 'lr': 0, 'params': 632328, 'time_iter': 0.0954, 'accuracy': 0.8561}
train: {'epoch': 160, 'eta': 25.3368, 'loss': 0.9526, 'lr': 0.0065, 'params': 632328, 'time_iter': 0.0963, 'accuracy': 0.994}
train: {'epoch': 161, 'eta': 25.2888, 'loss': 0.9401, 'lr': 0.0065, 'params': 632328, 'time_iter': 0.1455, 'accuracy': 0.9949}
train: {'epoch': 162, 'eta': 25.1955, 'loss': 0.9437, 'lr': 0.0065, 'params': 632328, 'time_iter': 0.1151, 'accuracy': 0.9972}
train: {'epoch': 163, 'eta': 25.0956, 'loss': 0.9422, 'lr': 0.0064, 'params': 632328, 'time_iter': 0.1108, 'accuracy': 0.9972}
train: {'epoch': 164, 'eta': 25.0007, 'loss': 0.9351, 'lr': 0.0064, 'params': 632328, 'time_iter': 0.1144, 'accuracy': 0.9963}
train: {'epoch': 165, 'eta': 24.9011, 'loss': 0.937, 'lr': 0.0064, 'params': 632328, 'time_iter': 0.1112, 'accuracy': 0.9931}
train: {'epoch': 166, 'eta': 24.8563, 'loss': 0.9363, 'lr': 0.0063, 'params': 632328, 'time_iter': 0.1505, 'accuracy': 0.9949}
train: {'epoch': 167, 'eta': 24.9335, 'loss': 0.9318, 'lr': 0.0063, 'params': 632328, 'time_iter': 0.2399, 'accuracy': 0.9972}
train: {'epoch': 168, 'eta': 24.9122, 'loss': 0.9318, 'lr': 0.0062, 'params': 632328, 'time_iter': 0.1705, 'accuracy': 0.9968}
train: {'epoch': 169, 'eta': 24.8727, 'loss': 0.9316, 'lr': 0.0062, 'params': 632328, 'time_iter': 0.1584, 'accuracy': 0.9958}
train: {'epoch': 170, 'eta': 24.8773, 'loss': 0.9272, 'lr': 0.0062, 'params': 632328, 'time_iter': 0.1924, 'accuracy': 0.9982}
train: {'epoch': 171, 'eta': 24.8044, 'loss': 0.9285, 'lr': 0.0061, 'params': 632328, 'time_iter': 0.1356, 'accuracy': 0.9968}
train: {'epoch': 172, 'eta': 24.7206, 'loss': 0.9279, 'lr': 0.0061, 'params': 632328, 'time_iter': 0.1278, 'accuracy': 0.9982}
train: {'epoch': 173, 'eta': 24.6199, 'loss': 0.926, 'lr': 0.0061, 'params': 632328, 'time_iter': 0.1153, 'accuracy': 0.9986}
train: {'epoch': 174, 'eta': 24.5063, 'loss': 0.9254, 'lr': 0.006, 'params': 632328, 'time_iter': 0.1053, 'accuracy': 0.9986}
train: {'epoch': 175, 'eta': 24.4008, 'loss': 0.9247, 'lr': 0.006, 'params': 632328, 'time_iter': 0.1116, 'accuracy': 0.9982}
train: {'epoch': 176, 'eta': 24.2978, 'loss': 0.9234, 'lr': 0.0059, 'params': 632328, 'time_iter': 0.1137, 'accuracy': 0.9982}
train: {'epoch': 177, 'eta': 24.1918, 'loss': 0.9229, 'lr': 0.0059, 'params': 632328, 'time_iter': 0.1113, 'accuracy': 0.9982}
train: {'epoch': 178, 'eta': 24.0677, 'loss': 0.9225, 'lr': 0.0059, 'params': 632328, 'time_iter': 0.0967, 'accuracy': 0.9982}
train: {'epoch': 179, 'eta': 23.9559, 'loss': 0.9215, 'lr': 0.0058, 'params': 632328, 'time_iter': 0.1066, 'accuracy': 0.9986}
val: {'epoch': 179, 'loss': 1.3255, 'lr': 0, 'params': 632328, 'time_iter': 0.0426, 'accuracy': 0.8598}
train: {'epoch': 180, 'eta': 23.8752, 'loss': 0.921, 'lr': 0.0058, 'params': 632328, 'time_iter': 0.1322, 'accuracy': 0.9991}
train: {'epoch': 181, 'eta': 23.7606, 'loss': 0.9204, 'lr': 0.0057, 'params': 632328, 'time_iter': 0.1043, 'accuracy': 0.9991}
train: {'epoch': 182, 'eta': 23.644, 'loss': 0.9197, 'lr': 0.0057, 'params': 632328, 'time_iter': 0.1026, 'accuracy': 0.9991}
train: {'epoch': 183, 'eta': 23.5232, 'loss': 0.9194, 'lr': 0.0057, 'params': 632328, 'time_iter': 0.0989, 'accuracy': 0.9991}
train: {'epoch': 184, 'eta': 23.4053, 'loss': 0.9187, 'lr': 0.0056, 'params': 632328, 'time_iter': 0.1012, 'accuracy': 0.9991}
train: {'epoch': 185, 'eta': 23.2888, 'loss': 0.9182, 'lr': 0.0056, 'params': 632328, 'time_iter': 0.1022, 'accuracy': 0.9991}
train: {'epoch': 186, 'eta': 23.1771, 'loss': 0.9178, 'lr': 0.0055, 'params': 632328, 'time_iter': 0.1063, 'accuracy': 0.9991}
train: {'epoch': 187, 'eta': 23.066, 'loss': 0.9173, 'lr': 0.0055, 'params': 632328, 'time_iter': 0.1068, 'accuracy': 0.9991}
train: {'epoch': 188, 'eta': 22.9436, 'loss': 0.9174, 'lr': 0.0055, 'params': 632328, 'time_iter': 0.0966, 'accuracy': 0.9995}
train: {'epoch': 189, 'eta': 22.8322, 'loss': 0.9221, 'lr': 0.0054, 'params': 632328, 'time_iter': 0.1063, 'accuracy': 0.9982}
train: {'epoch': 190, 'eta': 22.7097, 'loss': 0.9209, 'lr': 0.0054, 'params': 632328, 'time_iter': 0.0962, 'accuracy': 0.9991}
train: {'epoch': 191, 'eta': 22.6001, 'loss': 0.9195, 'lr': 0.0054, 'params': 632328, 'time_iter': 0.1078, 'accuracy': 0.9991}
train: {'epoch': 192, 'eta': 22.477, 'loss': 0.9186, 'lr': 0.0053, 'params': 632328, 'time_iter': 0.0952, 'accuracy': 0.9982}
train: {'epoch': 193, 'eta': 22.3814, 'loss': 0.9175, 'lr': 0.0053, 'params': 632328, 'time_iter': 0.1208, 'accuracy': 0.9982}
train: {'epoch': 194, 'eta': 22.2607, 'loss': 0.9175, 'lr': 0.0052, 'params': 632328, 'time_iter': 0.0972, 'accuracy': 0.9995}
train: {'epoch': 195, 'eta': 22.1475, 'loss': 0.9169, 'lr': 0.0052, 'params': 632328, 'time_iter': 0.1041, 'accuracy': 0.9991}
train: {'epoch': 196, 'eta': 22.0237, 'loss': 0.9165, 'lr': 0.0052, 'params': 632328, 'time_iter': 0.0937, 'accuracy': 0.9986}
train: {'epoch': 197, 'eta': 21.9101, 'loss': 0.9156, 'lr': 0.0051, 'params': 632328, 'time_iter': 0.1035, 'accuracy': 0.9986}
train: {'epoch': 198, 'eta': 21.7951, 'loss': 0.9153, 'lr': 0.0051, 'params': 632328, 'time_iter': 0.102, 'accuracy': 0.9995}
train: {'epoch': 199, 'eta': 21.6721, 'loss': 0.915, 'lr': 0.005, 'params': 632328, 'time_iter': 0.0938, 'accuracy': 0.9991}
val: {'epoch': 199, 'loss': 1.3314, 'lr': 0, 'params': 632328, 'time_iter': 0.0405, 'accuracy': 0.8561}
train: {'epoch': 200, 'eta': 21.554, 'loss': 0.9141, 'lr': 0.005, 'params': 632328, 'time_iter': 0.0985, 'accuracy': 0.9991}
train: {'epoch': 201, 'eta': 21.4743, 'loss': 0.9144, 'lr': 0.005, 'params': 632328, 'time_iter': 0.1374, 'accuracy': 0.9991}
train: {'epoch': 202, 'eta': 21.3601, 'loss': 0.9138, 'lr': 0.0049, 'params': 632328, 'time_iter': 0.1026, 'accuracy': 0.9995}
train: {'epoch': 203, 'eta': 21.3536, 'loss': 0.9133, 'lr': 0.0049, 'params': 632328, 'time_iter': 0.2146, 'accuracy': 0.9995}
train: {'epoch': 204, 'eta': 21.3176, 'loss': 0.9131, 'lr': 0.0048, 'params': 632328, 'time_iter': 0.1856, 'accuracy': 0.9995}
train: {'epoch': 205, 'eta': 21.254, 'loss': 0.9126, 'lr': 0.0048, 'params': 632328, 'time_iter': 0.1578, 'accuracy': 0.9995}
train: {'epoch': 206, 'eta': 21.2103, 'loss': 0.9124, 'lr': 0.0048, 'params': 632328, 'time_iter': 0.1802, 'accuracy': 0.9995}
train: {'epoch': 207, 'eta': 21.1183, 'loss': 0.9121, 'lr': 0.0047, 'params': 632328, 'time_iter': 0.1294, 'accuracy': 0.9995}
train: {'epoch': 208, 'eta': 20.998, 'loss': 0.9118, 'lr': 0.0047, 'params': 632328, 'time_iter': 0.0987, 'accuracy': 0.9991}
train: {'epoch': 209, 'eta': 20.8843, 'loss': 0.9117, 'lr': 0.0046, 'params': 632328, 'time_iter': 0.1058, 'accuracy': 0.9995}
train: {'epoch': 210, 'eta': 20.7656, 'loss': 0.912, 'lr': 0.0046, 'params': 632328, 'time_iter': 0.1001, 'accuracy': 0.9991}
train: {'epoch': 211, 'eta': 20.6467, 'loss': 0.9127, 'lr': 0.0046, 'params': 632328, 'time_iter': 0.0997, 'accuracy': 0.9995}
train: {'epoch': 212, 'eta': 20.53, 'loss': 0.9178, 'lr': 0.0045, 'params': 632328, 'time_iter': 0.1019, 'accuracy': 0.9977}
train: {'epoch': 213, 'eta': 20.4078, 'loss': 0.9162, 'lr': 0.0045, 'params': 632328, 'time_iter': 0.0956, 'accuracy': 1.0}
train: {'epoch': 214, 'eta': 20.2814, 'loss': 0.9129, 'lr': 0.0045, 'params': 632328, 'time_iter': 0.0903, 'accuracy': 0.9991}
train: {'epoch': 215, 'eta': 20.2385, 'loss': 0.9135, 'lr': 0.0044, 'params': 632328, 'time_iter': 0.1879, 'accuracy': 0.9991}
train: {'epoch': 216, 'eta': 20.1403, 'loss': 0.9131, 'lr': 0.0044, 'params': 632328, 'time_iter': 0.1239, 'accuracy': 0.9995}
train: {'epoch': 217, 'eta': 20.0224, 'loss': 0.9122, 'lr': 0.0043, 'params': 632328, 'time_iter': 0.1008, 'accuracy': 0.9995}
train: {'epoch': 218, 'eta': 19.9022, 'loss': 0.9124, 'lr': 0.0043, 'params': 632328, 'time_iter': 0.0976, 'accuracy': 0.9991}
train: {'epoch': 219, 'eta': 19.7799, 'loss': 0.9115, 'lr': 0.0043, 'params': 632328, 'time_iter': 0.0949, 'accuracy': 0.9991}
val: {'epoch': 219, 'loss': 1.3363, 'lr': 0, 'params': 632328, 'time_iter': 0.0475, 'accuracy': 0.8561}
train: {'epoch': 220, 'eta': 19.6577, 'loss': 0.9113, 'lr': 0.0042, 'params': 632328, 'time_iter': 0.0946, 'accuracy': 1.0}
train: {'epoch': 221, 'eta': 19.5416, 'loss': 0.9109, 'lr': 0.0042, 'params': 632328, 'time_iter': 0.102, 'accuracy': 0.9995}
train: {'epoch': 222, 'eta': 19.4318, 'loss': 0.911, 'lr': 0.0041, 'params': 632328, 'time_iter': 0.1097, 'accuracy': 0.9995}
train: {'epoch': 223, 'eta': 19.314, 'loss': 0.9109, 'lr': 0.0041, 'params': 632328, 'time_iter': 0.0996, 'accuracy': 0.9995}
train: {'epoch': 224, 'eta': 19.2012, 'loss': 0.9106, 'lr': 0.0041, 'params': 632328, 'time_iter': 0.1058, 'accuracy': 0.9995}
train: {'epoch': 225, 'eta': 19.0862, 'loss': 0.9105, 'lr': 0.004, 'params': 632328, 'time_iter': 0.1029, 'accuracy': 0.9986}
train: {'epoch': 226, 'eta': 18.9646, 'loss': 0.9097, 'lr': 0.004, 'params': 632328, 'time_iter': 0.0941, 'accuracy': 1.0}
train: {'epoch': 227, 'eta': 18.8509, 'loss': 0.9099, 'lr': 0.0039, 'params': 632328, 'time_iter': 0.1042, 'accuracy': 1.0}
train: {'epoch': 228, 'eta': 18.7367, 'loss': 0.9098, 'lr': 0.0039, 'params': 632328, 'time_iter': 0.1034, 'accuracy': 0.9991}
train: {'epoch': 229, 'eta': 18.6215, 'loss': 0.9097, 'lr': 0.0039, 'params': 632328, 'time_iter': 0.1019, 'accuracy': 0.9991}
train: {'epoch': 230, 'eta': 18.5076, 'loss': 0.9091, 'lr': 0.0038, 'params': 632328, 'time_iter': 0.1036, 'accuracy': 1.0}
train: {'epoch': 231, 'eta': 18.3882, 'loss': 0.9088, 'lr': 0.0038, 'params': 632328, 'time_iter': 0.0958, 'accuracy': 1.0}
train: {'epoch': 232, 'eta': 18.2758, 'loss': 0.9088, 'lr': 0.0038, 'params': 632328, 'time_iter': 0.1054, 'accuracy': 0.9995}
train: {'epoch': 233, 'eta': 18.154, 'loss': 0.9086, 'lr': 0.0037, 'params': 632328, 'time_iter': 0.092, 'accuracy': 1.0}
train: {'epoch': 234, 'eta': 18.042, 'loss': 0.9087, 'lr': 0.0037, 'params': 632328, 'time_iter': 0.1056, 'accuracy': 1.0}
train: {'epoch': 235, 'eta': 17.9229, 'loss': 0.9088, 'lr': 0.0036, 'params': 632328, 'time_iter': 0.0953, 'accuracy': 1.0}
train: {'epoch': 236, 'eta': 17.8071, 'loss': 0.9089, 'lr': 0.0036, 'params': 632328, 'time_iter': 0.0998, 'accuracy': 0.9995}
train: {'epoch': 237, 'eta': 17.6955, 'loss': 0.9086, 'lr': 0.0036, 'params': 632328, 'time_iter': 0.1059, 'accuracy': 1.0}
train: {'epoch': 238, 'eta': 17.5825, 'loss': 0.9082, 'lr': 0.0035, 'params': 632328, 'time_iter': 0.1036, 'accuracy': 0.9995}
train: {'epoch': 239, 'eta': 17.4611, 'loss': 0.9079, 'lr': 0.0035, 'params': 632328, 'time_iter': 0.0909, 'accuracy': 0.9995}
val: {'epoch': 239, 'loss': 1.3366, 'lr': 0, 'params': 632328, 'time_iter': 0.0464, 'accuracy': 0.8561}
train: {'epoch': 240, 'eta': 17.344, 'loss': 0.9075, 'lr': 0.0035, 'params': 632328, 'time_iter': 0.097, 'accuracy': 1.0}
train: {'epoch': 241, 'eta': 17.2333, 'loss': 0.9076, 'lr': 0.0034, 'params': 632328, 'time_iter': 0.1066, 'accuracy': 1.0}
train: {'epoch': 242, 'eta': 17.1222, 'loss': 0.908, 'lr': 0.0034, 'params': 632328, 'time_iter': 0.106, 'accuracy': 1.0}
train: {'epoch': 243, 'eta': 17.013, 'loss': 0.9084, 'lr': 0.0033, 'params': 632328, 'time_iter': 0.1089, 'accuracy': 0.9991}
train: {'epoch': 244, 'eta': 16.9097, 'loss': 0.9094, 'lr': 0.0033, 'params': 632328, 'time_iter': 0.118, 'accuracy': 0.9995}
train: {'epoch': 245, 'eta': 16.8052, 'loss': 0.9093, 'lr': 0.0033, 'params': 632328, 'time_iter': 0.1165, 'accuracy': 0.9995}
train: {'epoch': 246, 'eta': 16.7023, 'loss': 0.9081, 'lr': 0.0032, 'params': 632328, 'time_iter': 0.1192, 'accuracy': 1.0}
train: {'epoch': 247, 'eta': 16.6046, 'loss': 0.9075, 'lr': 0.0032, 'params': 632328, 'time_iter': 0.1277, 'accuracy': 0.9995}
train: {'epoch': 248, 'eta': 16.5011, 'loss': 0.9085, 'lr': 0.0032, 'params': 632328, 'time_iter': 0.1187, 'accuracy': 0.9995}
train: {'epoch': 249, 'eta': 16.3958, 'loss': 0.9097, 'lr': 0.0031, 'params': 632328, 'time_iter': 0.1159, 'accuracy': 1.0}
train: {'epoch': 250, 'eta': 16.2817, 'loss': 0.9082, 'lr': 0.0031, 'params': 632328, 'time_iter': 0.1012, 'accuracy': 0.9991}
train: {'epoch': 251, 'eta': 16.1831, 'loss': 0.9073, 'lr': 0.0031, 'params': 632328, 'time_iter': 0.1274, 'accuracy': 0.9995}
train: {'epoch': 252, 'eta': 16.0708, 'loss': 0.9086, 'lr': 0.003, 'params': 632328, 'time_iter': 0.1043, 'accuracy': 1.0}
train: {'epoch': 253, 'eta': 15.9577, 'loss': 0.9086, 'lr': 0.003, 'params': 632328, 'time_iter': 0.1027, 'accuracy': 0.9991}
train: {'epoch': 254, 'eta': 15.8418, 'loss': 0.907, 'lr': 0.0029, 'params': 632328, 'time_iter': 0.0978, 'accuracy': 1.0}
train: {'epoch': 255, 'eta': 15.7324, 'loss': 0.9073, 'lr': 0.0029, 'params': 632328, 'time_iter': 0.1091, 'accuracy': 1.0}
train: {'epoch': 256, 'eta': 15.6192, 'loss': 0.9074, 'lr': 0.0029, 'params': 632328, 'time_iter': 0.1021, 'accuracy': 0.9995}
train: {'epoch': 257, 'eta': 15.5087, 'loss': 0.9071, 'lr': 0.0028, 'params': 632328, 'time_iter': 0.1068, 'accuracy': 1.0}
train: {'epoch': 258, 'eta': 15.3962, 'loss': 0.9065, 'lr': 0.0028, 'params': 632328, 'time_iter': 0.1033, 'accuracy': 1.0}
train: {'epoch': 259, 'eta': 15.2822, 'loss': 0.907, 'lr': 0.0028, 'params': 632328, 'time_iter': 0.1003, 'accuracy': 0.9995}
val: {'epoch': 259, 'loss': 1.338, 'lr': 0, 'params': 632328, 'time_iter': 0.0488, 'accuracy': 0.8524}
train: {'epoch': 260, 'eta': 15.1617, 'loss': 0.9068, 'lr': 0.0027, 'params': 632328, 'time_iter': 0.0878, 'accuracy': 1.0}
train: {'epoch': 261, 'eta': 15.0519, 'loss': 0.9065, 'lr': 0.0027, 'params': 632328, 'time_iter': 0.1077, 'accuracy': 1.0}
train: {'epoch': 262, 'eta': 14.94, 'loss': 0.9063, 'lr': 0.0027, 'params': 632328, 'time_iter': 0.1036, 'accuracy': 0.9995}
train: {'epoch': 263, 'eta': 14.826, 'loss': 0.9068, 'lr': 0.0026, 'params': 632328, 'time_iter': 0.0994, 'accuracy': 1.0}
train: {'epoch': 264, 'eta': 14.7164, 'loss': 0.9064, 'lr': 0.0026, 'params': 632328, 'time_iter': 0.1079, 'accuracy': 0.9995}
train: {'epoch': 265, 'eta': 14.6012, 'loss': 0.9065, 'lr': 0.0026, 'params': 632328, 'time_iter': 0.0966, 'accuracy': 1.0}
train: {'epoch': 266, 'eta': 14.49, 'loss': 0.9065, 'lr': 0.0025, 'params': 632328, 'time_iter': 0.1045, 'accuracy': 0.9995}
train: {'epoch': 267, 'eta': 14.3809, 'loss': 0.906, 'lr': 0.0025, 'params': 632328, 'time_iter': 0.1087, 'accuracy': 0.9995}
train: {'epoch': 268, 'eta': 14.2725, 'loss': 0.9058, 'lr': 0.0025, 'params': 632328, 'time_iter': 0.11, 'accuracy': 1.0}
train: {'epoch': 269, 'eta': 14.1589, 'loss': 0.9057, 'lr': 0.0024, 'params': 632328, 'time_iter': 0.0994, 'accuracy': 1.0}
train: {'epoch': 270, 'eta': 14.0442, 'loss': 0.9058, 'lr': 0.0024, 'params': 632328, 'time_iter': 0.0967, 'accuracy': 0.9995}
train: {'epoch': 271, 'eta': 13.9308, 'loss': 0.9056, 'lr': 0.0024, 'params': 632328, 'time_iter': 0.0993, 'accuracy': 1.0}
train: {'epoch': 272, 'eta': 13.8211, 'loss': 0.9055, 'lr': 0.0023, 'params': 632328, 'time_iter': 0.107, 'accuracy': 1.0}
train: {'epoch': 273, 'eta': 13.705, 'loss': 0.9054, 'lr': 0.0023, 'params': 632328, 'time_iter': 0.093, 'accuracy': 1.0}
train: {'epoch': 274, 'eta': 13.6286, 'loss': 0.9053, 'lr': 0.0023, 'params': 632328, 'time_iter': 0.1799, 'accuracy': 1.0}
train: {'epoch': 275, 'eta': 13.5334, 'loss': 0.9051, 'lr': 0.0022, 'params': 632328, 'time_iter': 0.1399, 'accuracy': 1.0}
train: {'epoch': 276, 'eta': 13.4245, 'loss': 0.9052, 'lr': 0.0022, 'params': 632328, 'time_iter': 0.1097, 'accuracy': 1.0}
train: {'epoch': 277, 'eta': 13.3119, 'loss': 0.9051, 'lr': 0.0022, 'params': 632328, 'time_iter': 0.1012, 'accuracy': 1.0}
train: {'epoch': 278, 'eta': 13.2057, 'loss': 0.905, 'lr': 0.0021, 'params': 632328, 'time_iter': 0.1159, 'accuracy': 1.0}
train: {'epoch': 279, 'eta': 13.1006, 'loss': 0.9049, 'lr': 0.0021, 'params': 632328, 'time_iter': 0.1185, 'accuracy': 1.0}
val: {'epoch': 279, 'loss': 1.3416, 'lr': 0, 'params': 632328, 'time_iter': 0.042, 'accuracy': 0.8542}
train: {'epoch': 280, 'eta': 12.9934, 'loss': 0.9048, 'lr': 0.0021, 'params': 632328, 'time_iter': 0.114, 'accuracy': 1.0}
train: {'epoch': 281, 'eta': 12.8872, 'loss': 0.9048, 'lr': 0.002, 'params': 632328, 'time_iter': 0.1161, 'accuracy': 1.0}
train: {'epoch': 282, 'eta': 12.7712, 'loss': 0.9047, 'lr': 0.002, 'params': 632328, 'time_iter': 0.0929, 'accuracy': 1.0}
train: {'epoch': 283, 'eta': 12.6635, 'loss': 0.9047, 'lr': 0.002, 'params': 632328, 'time_iter': 0.1128, 'accuracy': 1.0}
train: {'epoch': 284, 'eta': 12.5479, 'loss': 0.9047, 'lr': 0.0019, 'params': 632328, 'time_iter': 0.0931, 'accuracy': 1.0}
train: {'epoch': 285, 'eta': 12.4368, 'loss': 0.9049, 'lr': 0.0019, 'params': 632328, 'time_iter': 0.1042, 'accuracy': 1.0}
train: {'epoch': 286, 'eta': 12.3256, 'loss': 0.9051, 'lr': 0.0019, 'params': 632328, 'time_iter': 0.1037, 'accuracy': 1.0}
train: {'epoch': 287, 'eta': 12.2157, 'loss': 0.9054, 'lr': 0.0018, 'params': 632328, 'time_iter': 0.1071, 'accuracy': 1.0}
train: {'epoch': 288, 'eta': 12.108, 'loss': 0.9052, 'lr': 0.0018, 'params': 632328, 'time_iter': 0.1126, 'accuracy': 1.0}
train: {'epoch': 289, 'eta': 12.0316, 'loss': 0.905, 'lr': 0.0018, 'params': 632328, 'time_iter': 0.1952, 'accuracy': 1.0}
train: {'epoch': 290, 'eta': 11.9532, 'loss': 0.9046, 'lr': 0.0018, 'params': 632328, 'time_iter': 0.1923, 'accuracy': 1.0}
train: {'epoch': 291, 'eta': 11.8679, 'loss': 0.9045, 'lr': 0.0017, 'params': 632328, 'time_iter': 0.1754, 'accuracy': 1.0}
train: {'epoch': 292, 'eta': 11.7742, 'loss': 0.9048, 'lr': 0.0017, 'params': 632328, 'time_iter': 0.1542, 'accuracy': 1.0}
train: {'epoch': 293, 'eta': 11.6832, 'loss': 0.9047, 'lr': 0.0017, 'params': 632328, 'time_iter': 0.1628, 'accuracy': 1.0}
train: {'epoch': 294, 'eta': 11.5849, 'loss': 0.9044, 'lr': 0.0016, 'params': 632328, 'time_iter': 0.1438, 'accuracy': 1.0}
train: {'epoch': 295, 'eta': 11.4772, 'loss': 0.9043, 'lr': 0.0016, 'params': 632328, 'time_iter': 0.1179, 'accuracy': 1.0}
train: {'epoch': 296, 'eta': 11.365, 'loss': 0.9043, 'lr': 0.0016, 'params': 632328, 'time_iter': 0.105, 'accuracy': 1.0}
train: {'epoch': 297, 'eta': 11.2502, 'loss': 0.9044, 'lr': 0.0015, 'params': 632328, 'time_iter': 0.0974, 'accuracy': 1.0}
train: {'epoch': 298, 'eta': 11.1341, 'loss': 0.9042, 'lr': 0.0015, 'params': 632328, 'time_iter': 0.0931, 'accuracy': 1.0}
train: {'epoch': 299, 'eta': 11.0221, 'loss': 0.9041, 'lr': 0.0015, 'params': 632328, 'time_iter': 0.1049, 'accuracy': 1.0}
val: {'epoch': 299, 'loss': 1.3423, 'lr': 0, 'params': 632328, 'time_iter': 0.0503, 'accuracy': 0.8542}
train: {'epoch': 300, 'eta': 10.9068, 'loss': 0.9041, 'lr': 0.0015, 'params': 632328, 'time_iter': 0.0948, 'accuracy': 1.0}
train: {'epoch': 301, 'eta': 10.7937, 'loss': 0.9041, 'lr': 0.0014, 'params': 632328, 'time_iter': 0.1011, 'accuracy': 1.0}
train: {'epoch': 302, 'eta': 10.679, 'loss': 0.904, 'lr': 0.0014, 'params': 632328, 'time_iter': 0.096, 'accuracy': 1.0}
train: {'epoch': 303, 'eta': 10.5656, 'loss': 0.9039, 'lr': 0.0014, 'params': 632328, 'time_iter': 0.0995, 'accuracy': 1.0}
train: {'epoch': 304, 'eta': 10.4541, 'loss': 0.9039, 'lr': 0.0014, 'params': 632328, 'time_iter': 0.1054, 'accuracy': 1.0}
train: {'epoch': 305, 'eta': 10.3433, 'loss': 0.9039, 'lr': 0.0013, 'params': 632328, 'time_iter': 0.1078, 'accuracy': 1.0}
train: {'epoch': 306, 'eta': 10.2326, 'loss': 0.9038, 'lr': 0.0013, 'params': 632328, 'time_iter': 0.1078, 'accuracy': 1.0}
train: {'epoch': 307, 'eta': 10.1196, 'loss': 0.9038, 'lr': 0.0013, 'params': 632328, 'time_iter': 0.1, 'accuracy': 1.0}
train: {'epoch': 308, 'eta': 10.0145, 'loss': 0.9038, 'lr': 0.0012, 'params': 632328, 'time_iter': 0.1266, 'accuracy': 1.0}
train: {'epoch': 309, 'eta': 9.9026, 'loss': 0.9038, 'lr': 0.0012, 'params': 632328, 'time_iter': 0.1036, 'accuracy': 1.0}
train: {'epoch': 310, 'eta': 9.7892, 'loss': 0.9037, 'lr': 0.0012, 'params': 632328, 'time_iter': 0.0985, 'accuracy': 1.0}
train: {'epoch': 311, 'eta': 9.6778, 'loss': 0.9037, 'lr': 0.0012, 'params': 632328, 'time_iter': 0.1048, 'accuracy': 1.0}
train: {'epoch': 312, 'eta': 9.5651, 'loss': 0.9037, 'lr': 0.0011, 'params': 632328, 'time_iter': 0.1004, 'accuracy': 1.0}
train: {'epoch': 313, 'eta': 9.4509, 'loss': 0.9036, 'lr': 0.0011, 'params': 632328, 'time_iter': 0.0942, 'accuracy': 1.0}
train: {'epoch': 314, 'eta': 9.3385, 'loss': 0.9036, 'lr': 0.0011, 'params': 632328, 'time_iter': 0.1006, 'accuracy': 1.0}
train: {'epoch': 315, 'eta': 9.225, 'loss': 0.9036, 'lr': 0.0011, 'params': 632328, 'time_iter': 0.0962, 'accuracy': 1.0}
train: {'epoch': 316, 'eta': 9.1127, 'loss': 0.9036, 'lr': 0.001, 'params': 632328, 'time_iter': 0.1004, 'accuracy': 1.0}
train: {'epoch': 317, 'eta': 9.0027, 'loss': 0.9035, 'lr': 0.001, 'params': 632328, 'time_iter': 0.109, 'accuracy': 1.0}
train: {'epoch': 318, 'eta': 8.8906, 'loss': 0.9035, 'lr': 0.001, 'params': 632328, 'time_iter': 0.1004, 'accuracy': 1.0}
train: {'epoch': 319, 'eta': 8.7773, 'loss': 0.9035, 'lr': 0.001, 'params': 632328, 'time_iter': 0.0957, 'accuracy': 1.0}
val: {'epoch': 319, 'loss': 1.3426, 'lr': 0, 'params': 632328, 'time_iter': 0.0407, 'accuracy': 0.8579}
train: {'epoch': 320, 'eta': 8.665, 'loss': 0.9035, 'lr': 0.001, 'params': 632328, 'time_iter': 0.0992, 'accuracy': 1.0}
train: {'epoch': 321, 'eta': 8.5523, 'loss': 0.9035, 'lr': 0.0009, 'params': 632328, 'time_iter': 0.0972, 'accuracy': 1.0}
train: {'epoch': 322, 'eta': 8.4414, 'loss': 0.9034, 'lr': 0.0009, 'params': 632328, 'time_iter': 0.1046, 'accuracy': 1.0}
train: {'epoch': 323, 'eta': 8.3295, 'loss': 0.9034, 'lr': 0.0009, 'params': 632328, 'time_iter': 0.0999, 'accuracy': 1.0}
train: {'epoch': 324, 'eta': 8.215, 'loss': 0.9034, 'lr': 0.0009, 'params': 632328, 'time_iter': 0.0883, 'accuracy': 1.0}
train: {'epoch': 325, 'eta': 8.1045, 'loss': 0.9034, 'lr': 0.0008, 'params': 632328, 'time_iter': 0.1052, 'accuracy': 1.0}
train: {'epoch': 326, 'eta': 7.9927, 'loss': 0.9034, 'lr': 0.0008, 'params': 632328, 'time_iter': 0.0993, 'accuracy': 1.0}
train: {'epoch': 327, 'eta': 7.8806, 'loss': 0.9034, 'lr': 0.0008, 'params': 632328, 'time_iter': 0.0976, 'accuracy': 1.0}
train: {'epoch': 328, 'eta': 7.7697, 'loss': 0.9033, 'lr': 0.0008, 'params': 632328, 'time_iter': 0.1027, 'accuracy': 1.0}
train: {'epoch': 329, 'eta': 7.6582, 'loss': 0.9033, 'lr': 0.0008, 'params': 632328, 'time_iter': 0.0999, 'accuracy': 1.0}
train: {'epoch': 330, 'eta': 7.5703, 'loss': 0.9033, 'lr': 0.0007, 'params': 632328, 'time_iter': 0.2126, 'accuracy': 1.0}
train: {'epoch': 331, 'eta': 7.4651, 'loss': 0.9033, 'lr': 0.0007, 'params': 632328, 'time_iter': 0.1317, 'accuracy': 1.0}
train: {'epoch': 332, 'eta': 7.3574, 'loss': 0.9033, 'lr': 0.0007, 'params': 632328, 'time_iter': 0.1202, 'accuracy': 1.0}
train: {'epoch': 333, 'eta': 7.2491, 'loss': 0.9033, 'lr': 0.0007, 'params': 632328, 'time_iter': 0.1174, 'accuracy': 1.0}
train: {'epoch': 334, 'eta': 7.1413, 'loss': 0.9033, 'lr': 0.0007, 'params': 632328, 'time_iter': 0.1206, 'accuracy': 1.0}
train: {'epoch': 335, 'eta': 7.0321, 'loss': 0.9032, 'lr': 0.0006, 'params': 632328, 'time_iter': 0.1132, 'accuracy': 1.0}
train: {'epoch': 336, 'eta': 6.9218, 'loss': 0.9032, 'lr': 0.0006, 'params': 632328, 'time_iter': 0.1077, 'accuracy': 1.0}
train: {'epoch': 337, 'eta': 6.8122, 'loss': 0.9032, 'lr': 0.0006, 'params': 632328, 'time_iter': 0.1114, 'accuracy': 1.0}
train: {'epoch': 338, 'eta': 6.7027, 'loss': 0.9032, 'lr': 0.0006, 'params': 632328, 'time_iter': 0.1115, 'accuracy': 1.0}
train: {'epoch': 339, 'eta': 6.5928, 'loss': 0.9032, 'lr': 0.0006, 'params': 632328, 'time_iter': 0.1101, 'accuracy': 1.0}
val: {'epoch': 339, 'loss': 1.3439, 'lr': 0, 'params': 632328, 'time_iter': 0.0488, 'accuracy': 0.8524}
train: {'epoch': 340, 'eta': 6.4801, 'loss': 0.9032, 'lr': 0.0005, 'params': 632328, 'time_iter': 0.0935, 'accuracy': 1.0}
train: {'epoch': 341, 'eta': 6.3716, 'loss': 0.9032, 'lr': 0.0005, 'params': 632328, 'time_iter': 0.1175, 'accuracy': 1.0}
train: {'epoch': 342, 'eta': 6.2612, 'loss': 0.9032, 'lr': 0.0005, 'params': 632328, 'time_iter': 0.1067, 'accuracy': 1.0}
train: {'epoch': 343, 'eta': 6.1482, 'loss': 0.9032, 'lr': 0.0005, 'params': 632328, 'time_iter': 0.0905, 'accuracy': 1.0}
train: {'epoch': 344, 'eta': 6.0374, 'loss': 0.9031, 'lr': 0.0005, 'params': 632328, 'time_iter': 0.1036, 'accuracy': 1.0}
train: {'epoch': 345, 'eta': 5.9253, 'loss': 0.9031, 'lr': 0.0005, 'params': 632328, 'time_iter': 0.0949, 'accuracy': 1.0}
train: {'epoch': 346, 'eta': 5.8152, 'loss': 0.9031, 'lr': 0.0004, 'params': 632328, 'time_iter': 0.1072, 'accuracy': 1.0}
train: {'epoch': 347, 'eta': 5.7103, 'loss': 0.9031, 'lr': 0.0004, 'params': 632328, 'time_iter': 0.1417, 'accuracy': 1.0}
train: {'epoch': 348, 'eta': 5.6035, 'loss': 0.9031, 'lr': 0.0004, 'params': 632328, 'time_iter': 0.1304, 'accuracy': 1.0}
train: {'epoch': 349, 'eta': 5.4942, 'loss': 0.9031, 'lr': 0.0004, 'params': 632328, 'time_iter': 0.1141, 'accuracy': 1.0}
train: {'epoch': 350, 'eta': 5.3835, 'loss': 0.9031, 'lr': 0.0004, 'params': 632328, 'time_iter': 0.104, 'accuracy': 1.0}
train: {'epoch': 351, 'eta': 5.2717, 'loss': 0.9031, 'lr': 0.0004, 'params': 632328, 'time_iter': 0.0956, 'accuracy': 1.0}
train: {'epoch': 352, 'eta': 5.1612, 'loss': 0.9031, 'lr': 0.0004, 'params': 632328, 'time_iter': 0.1052, 'accuracy': 1.0}
train: {'epoch': 353, 'eta': 5.0529, 'loss': 0.9031, 'lr': 0.0003, 'params': 632328, 'time_iter': 0.1209, 'accuracy': 1.0}
train: {'epoch': 354, 'eta': 4.9423, 'loss': 0.9031, 'lr': 0.0003, 'params': 632328, 'time_iter': 0.1039, 'accuracy': 1.0}
train: {'epoch': 355, 'eta': 4.8305, 'loss': 0.9031, 'lr': 0.0003, 'params': 632328, 'time_iter': 0.0939, 'accuracy': 1.0}
train: {'epoch': 356, 'eta': 4.7213, 'loss': 0.9031, 'lr': 0.0003, 'params': 632328, 'time_iter': 0.1146, 'accuracy': 1.0}
train: {'epoch': 357, 'eta': 4.6101, 'loss': 0.9031, 'lr': 0.0003, 'params': 632328, 'time_iter': 0.0981, 'accuracy': 1.0}
train: {'epoch': 358, 'eta': 4.5, 'loss': 0.903, 'lr': 0.0003, 'params': 632328, 'time_iter': 0.1073, 'accuracy': 1.0}
train: {'epoch': 359, 'eta': 4.3892, 'loss': 0.903, 'lr': 0.0003, 'params': 632328, 'time_iter': 0.1002, 'accuracy': 1.0}
val: {'epoch': 359, 'loss': 1.3453, 'lr': 0, 'params': 632328, 'time_iter': 0.0398, 'accuracy': 0.8524}
train: {'epoch': 360, 'eta': 4.2788, 'loss': 0.903, 'lr': 0.0002, 'params': 632328, 'time_iter': 0.1031, 'accuracy': 1.0}
train: {'epoch': 361, 'eta': 4.1682, 'loss': 0.903, 'lr': 0.0002, 'params': 632328, 'time_iter': 0.1012, 'accuracy': 1.0}
train: {'epoch': 362, 'eta': 4.0567, 'loss': 0.903, 'lr': 0.0002, 'params': 632328, 'time_iter': 0.0923, 'accuracy': 1.0}
train: {'epoch': 363, 'eta': 3.9475, 'loss': 0.903, 'lr': 0.0002, 'params': 632328, 'time_iter': 0.1144, 'accuracy': 1.0}
train: {'epoch': 364, 'eta': 3.8361, 'loss': 0.903, 'lr': 0.0002, 'params': 632328, 'time_iter': 0.0908, 'accuracy': 1.0}
train: {'epoch': 365, 'eta': 3.7267, 'loss': 0.903, 'lr': 0.0002, 'params': 632328, 'time_iter': 0.1123, 'accuracy': 1.0}
train: {'epoch': 366, 'eta': 3.6159, 'loss': 0.903, 'lr': 0.0002, 'params': 632328, 'time_iter': 0.0958, 'accuracy': 1.0}
train: {'epoch': 367, 'eta': 3.506, 'loss': 0.903, 'lr': 0.0002, 'params': 632328, 'time_iter': 0.1064, 'accuracy': 1.0}
train: {'epoch': 368, 'eta': 3.3962, 'loss': 0.903, 'lr': 0.0002, 'params': 632328, 'time_iter': 0.1064, 'accuracy': 1.0}
train: {'epoch': 369, 'eta': 3.2854, 'loss': 0.903, 'lr': 0.0001, 'params': 632328, 'time_iter': 0.0939, 'accuracy': 1.0}
train: {'epoch': 370, 'eta': 3.1751, 'loss': 0.903, 'lr': 0.0001, 'params': 632328, 'time_iter': 0.0993, 'accuracy': 1.0}
train: {'epoch': 371, 'eta': 3.0651, 'loss': 0.903, 'lr': 0.0001, 'params': 632328, 'time_iter': 0.1028, 'accuracy': 1.0}
train: {'epoch': 372, 'eta': 2.9553, 'loss': 0.903, 'lr': 0.0001, 'params': 632328, 'time_iter': 0.105, 'accuracy': 1.0}
train: {'epoch': 373, 'eta': 2.8453, 'loss': 0.903, 'lr': 0.0001, 'params': 632328, 'time_iter': 0.1023, 'accuracy': 1.0}
train: {'epoch': 374, 'eta': 2.7371, 'loss': 0.903, 'lr': 0.0001, 'params': 632328, 'time_iter': 0.128, 'accuracy': 1.0}
train: {'epoch': 375, 'eta': 2.6286, 'loss': 0.903, 'lr': 0.0001, 'params': 632328, 'time_iter': 0.1251, 'accuracy': 1.0}
train: {'epoch': 376, 'eta': 2.5255, 'loss': 0.903, 'lr': 0.0001, 'params': 632328, 'time_iter': 0.2144, 'accuracy': 1.0}
train: {'epoch': 377, 'eta': 2.4196, 'loss': 0.903, 'lr': 0.0001, 'params': 632328, 'time_iter': 0.1772, 'accuracy': 1.0}
train: {'epoch': 378, 'eta': 2.3134, 'loss': 0.903, 'lr': 0.0001, 'params': 632328, 'time_iter': 0.1782, 'accuracy': 1.0}
train: {'epoch': 379, 'eta': 2.206, 'loss': 0.903, 'lr': 0.0001, 'params': 632328, 'time_iter': 0.1612, 'accuracy': 1.0}
val: {'epoch': 379, 'loss': 1.3464, 'lr': 0, 'params': 632328, 'time_iter': 0.0558, 'accuracy': 0.8524}
train: {'epoch': 380, 'eta': 2.0959, 'loss': 0.903, 'lr': 0.0001, 'params': 632328, 'time_iter': 0.115, 'accuracy': 1.0}
train: {'epoch': 381, 'eta': 1.9849, 'loss': 0.903, 'lr': 0.0001, 'params': 632328, 'time_iter': 0.0961, 'accuracy': 1.0}
train: {'epoch': 382, 'eta': 1.8741, 'loss': 0.903, 'lr': 0.0, 'params': 632328, 'time_iter': 0.099, 'accuracy': 1.0}
train: {'epoch': 383, 'eta': 1.7634, 'loss': 0.903, 'lr': 0.0, 'params': 632328, 'time_iter': 0.0972, 'accuracy': 1.0}
train: {'epoch': 384, 'eta': 1.6572, 'loss': 0.903, 'lr': 0.0, 'params': 632328, 'time_iter': 0.2153, 'accuracy': 1.0}
train: {'epoch': 385, 'eta': 1.5471, 'loss': 0.903, 'lr': 0.0, 'params': 632328, 'time_iter': 0.1206, 'accuracy': 1.0}
train: {'epoch': 386, 'eta': 1.4363, 'loss': 0.903, 'lr': 0.0, 'params': 632328, 'time_iter': 0.102, 'accuracy': 1.0}
train: {'epoch': 387, 'eta': 1.3255, 'loss': 0.903, 'lr': 0.0, 'params': 632328, 'time_iter': 0.0994, 'accuracy': 1.0}
train: {'epoch': 388, 'eta': 1.2148, 'loss': 0.903, 'lr': 0.0, 'params': 632328, 'time_iter': 0.1017, 'accuracy': 1.0}
train: {'epoch': 389, 'eta': 1.1039, 'loss': 0.903, 'lr': 0.0, 'params': 632328, 'time_iter': 0.0932, 'accuracy': 1.0}
train: {'epoch': 390, 'eta': 0.9933, 'loss': 0.903, 'lr': 0.0, 'params': 632328, 'time_iter': 0.1008, 'accuracy': 1.0}
train: {'epoch': 391, 'eta': 0.8826, 'loss': 0.903, 'lr': 0.0, 'params': 632328, 'time_iter': 0.0937, 'accuracy': 1.0}
train: {'epoch': 392, 'eta': 0.7721, 'loss': 0.903, 'lr': 0.0, 'params': 632328, 'time_iter': 0.103, 'accuracy': 1.0}
train: {'epoch': 393, 'eta': 0.6618, 'loss': 0.903, 'lr': 0.0, 'params': 632328, 'time_iter': 0.1101, 'accuracy': 1.0}
train: {'epoch': 394, 'eta': 0.5521, 'loss': 0.903, 'lr': 0.0, 'params': 632328, 'time_iter': 0.1523, 'accuracy': 1.0}
train: {'epoch': 395, 'eta': 0.4415, 'loss': 0.903, 'lr': 0.0, 'params': 632328, 'time_iter': 0.0993, 'accuracy': 1.0}
train: {'epoch': 396, 'eta': 0.3313, 'loss': 0.903, 'lr': 0.0, 'params': 632328, 'time_iter': 0.1336, 'accuracy': 1.0}
train: {'epoch': 397, 'eta': 0.2208, 'loss': 0.903, 'lr': 0.0, 'params': 632328, 'time_iter': 0.0978, 'accuracy': 1.0}
train: {'epoch': 398, 'eta': 0.1104, 'loss': 0.903, 'lr': 0.0, 'params': 632328, 'time_iter': 0.1136, 'accuracy': 1.0}
train: {'epoch': 399, 'eta': 0.0, 'loss': 0.903, 'lr': 0.0, 'params': 632328, 'time_iter': 0.122, 'accuracy': 1.0}
val: {'epoch': 399, 'loss': 1.3471, 'lr': 0, 'params': 632328, 'time_iter': 0.0529, 'accuracy': 0.8524}
Task done, results saved in results/example_noneq_6
