Load: 0.031s, Before split: 0.0001192s, Split: 7.391e-05s, After split: 9.298e-05s
GNN(
  (preprocess): Preprocess(
    node_feature: dim_out=1433
    Total: dim_out=1433
  )
  (pre_mp): GeneralMultiLayer(
    (Layer_0): GeneralLayer(
      (layer): Linear(
        (model): Linear(in_features=1433, out_features=256, bias=False)
      )
      (post_layer): Sequential(
        (0): BatchNorm1d(256, eps=1e-05, momentum=0.1, affine=True, track_running_stats=True)
        (1): PReLU(num_parameters=1)
      )
    )
  )
  (mp): GNNStackStage(
    (layer0): GeneralLayer(
      (layer): GeneralConv(
        (model): GeneralConvLayer(256, 256)
      )
      (post_layer): Sequential(
        (0): BatchNorm1d(256, eps=1e-05, momentum=0.1, affine=True, track_running_stats=True)
        (1): PReLU(num_parameters=1)
      )
    )
    (layer1): GeneralLayer(
      (layer): GeneralConv(
        (model): GeneralConvLayer(256, 256)
      )
      (post_layer): Sequential(
        (0): BatchNorm1d(256, eps=1e-05, momentum=0.1, affine=True, track_running_stats=True)
        (1): PReLU(num_parameters=1)
      )
    )
  )
  (post_mp): GNNNodeHead(
    (layer_post_mp): MLP(
      (model): Sequential(
        (0): Linear(
          (model): Linear(in_features=256, out_features=7, bias=True)
        )
      )
    )
  )
)
bn:
  eps: 1e-05
  mom: 0.1
cfg_dest: config.yaml
custom_metrics: []
dataset:
  augment_feature: []
  augment_feature_dims: []
  augment_feature_repr: position
  augment_label: 
  augment_label_dims: 0
  cache_load: False
  cache_save: False
  dir: ./datasets
  edge_dim: 128
  edge_encoder: False
  edge_encoder_bn: True
  edge_encoder_name: Bond
  edge_message_ratio: 0.8
  edge_negative_sampling_ratio: 1.0
  edge_train_mode: all
  encoder: True
  encoder_bn: True
  encoder_dim: 128
  encoder_name: db
  format: PyG
  label_column: none
  label_table: none
  location: local
  name: Cora
  node_encoder: False
  node_encoder_bn: True
  node_encoder_name: Atom
  remove_feature: False
  resample_disjoint: False
  resample_negative: False
  shuffle_split: True
  split: [0.8, 0.2]
  split_mode: random
  task: node
  task_type: classification
  to_undirected: False
  transductive: True
  transform: none
  tu_simple: True
device: cpu
example_arg: example
example_group:
  example_arg: example
gnn:
  act: prelu
  agg: add
  att_final_linear: False
  att_final_linear_bn: False
  att_heads: 1
  batchnorm: True
  clear_feature: True
  dim_inner: 256
  dropout: 0.0
  flow: source_to_target
  head: node
  keep_edge: 0.5
  l2norm: True
  layer_type: generalconv
  layers_mp: 2
  layers_post_mp: 1
  layers_pre_mp: 1
  msg_direction: single
  normalize_adj: False
  self_msg: concat
  skip_every: 1
  stage_type: stack
gpu_mem: False
mem:
  inplace: False
metric_agg: argmax
metric_best: auto
model:
  edge_decoding: dot
  graph_pooling: add
  loss_fun: cross_entropy
  match_upper: True
  size_average: mean
  thresh: 0.5
  type: gnn
num_threads: 6
num_workers: 0
optim:
  base_lr: 0.01
  lr_decay: 0.1
  max_epoch: 400
  momentum: 0.9
  optimizer: adam
  scheduler: cos
  steps: [30, 60, 90]
  weight_decay: 0.0005
out_dir: results/example_noneq_1
params: 632328
print: both
round: 4
run_dir: results/example_noneq_1/2
seed: 3
share:
  dim_in: 1433
  dim_out: 7
  num_splits: 2
tensorboard_agg: True
tensorboard_each_run: False
train:
  auto_resume: False
  batch_size: 32
  ckpt_clean: True
  ckpt_period: 100
  enable_ckpt: True
  energy_alpha: 0.5
  energy_beta: 2.0
  energy_reg: True
  epoch_resume: -1
  eval_period: 20
  iter_per_epoch: 32
  mode: standard
  neighbor_sizes: [20, 15, 10, 5]
  node_per_graph: 32
  radius: extend
  sample_node: False
  sampler: full_batch
  skip_train_eval: False
  walk_length: 4
val:
  node_per_graph: 32
  radius: extend
  sample_node: False
  sampler: full_batch
view_emb: False
Num parameters: 632328
Start from epoch 0
train: {'epoch': 0, 'eta': 17.2301, 'loss': 2.2614, 'lr': 0.01, 'params': 632328, 'time_iter': 0.0432, 'accuracy': 0.2036}
val: {'epoch': 0, 'loss': 2.5004, 'lr': 0, 'params': 632328, 'time_iter': 0.0158, 'accuracy': 0.1531}
train: {'epoch': 1, 'eta': 16.7869, 'loss': 3.5703, 'lr': 0.01, 'params': 632328, 'time_iter': 0.0412, 'accuracy': 0.1514}
train: {'epoch': 2, 'eta': 16.5322, 'loss': 2.3769, 'lr': 0.01, 'params': 632328, 'time_iter': 0.0406, 'accuracy': 0.2138}
train: {'epoch': 3, 'eta': 16.0654, 'loss': 2.0185, 'lr': 0.01, 'params': 632328, 'time_iter': 0.0373, 'accuracy': 0.3781}
train: {'epoch': 4, 'eta': 15.933, 'loss': 1.9644, 'lr': 0.01, 'params': 632328, 'time_iter': 0.0394, 'accuracy': 0.4875}
train: {'epoch': 5, 'eta': 15.8248, 'loss': 1.9646, 'lr': 0.01, 'params': 632328, 'time_iter': 0.0393, 'accuracy': 0.4584}
train: {'epoch': 6, 'eta': 15.7916, 'loss': 1.9674, 'lr': 0.01, 'params': 632328, 'time_iter': 0.0403, 'accuracy': 0.4584}
train: {'epoch': 7, 'eta': 15.6744, 'loss': 1.9566, 'lr': 0.01, 'params': 632328, 'time_iter': 0.0386, 'accuracy': 0.4317}
train: {'epoch': 8, 'eta': 15.5925, 'loss': 1.9405, 'lr': 0.01, 'params': 632328, 'time_iter': 0.039, 'accuracy': 0.4201}
train: {'epoch': 9, 'eta': 15.5392, 'loss': 1.9263, 'lr': 0.01, 'params': 632328, 'time_iter': 0.0395, 'accuracy': 0.3938}
train: {'epoch': 10, 'eta': 15.4104, 'loss': 1.9159, 'lr': 0.01, 'params': 632328, 'time_iter': 0.0373, 'accuracy': 0.3998}
train: {'epoch': 11, 'eta': 15.4593, 'loss': 1.9081, 'lr': 0.01, 'params': 632328, 'time_iter': 0.0424, 'accuracy': 0.4109}
train: {'epoch': 12, 'eta': 15.288, 'loss': 1.9008, 'lr': 0.01, 'params': 632328, 'time_iter': 0.0354, 'accuracy': 0.4349}
train: {'epoch': 13, 'eta': 15.2222, 'loss': 1.8939, 'lr': 0.01, 'params': 632328, 'time_iter': 0.0386, 'accuracy': 0.4649}
train: {'epoch': 14, 'eta': 15.1655, 'loss': 1.8889, 'lr': 0.01, 'params': 632328, 'time_iter': 0.0388, 'accuracy': 0.5129}
train: {'epoch': 15, 'eta': 15.0836, 'loss': 1.8856, 'lr': 0.01, 'params': 632328, 'time_iter': 0.0376, 'accuracy': 0.5337}
train: {'epoch': 16, 'eta': 15.0691, 'loss': 1.8839, 'lr': 0.01, 'params': 632328, 'time_iter': 0.0404, 'accuracy': 0.5512}
train: {'epoch': 17, 'eta': 15.0431, 'loss': 1.882, 'lr': 0.01, 'params': 632328, 'time_iter': 0.04, 'accuracy': 0.5836}
train: {'epoch': 18, 'eta': 14.9864, 'loss': 1.8796, 'lr': 0.01, 'params': 632328, 'time_iter': 0.0385, 'accuracy': 0.6085}
train: {'epoch': 19, 'eta': 14.9221, 'loss': 1.8754, 'lr': 0.0099, 'params': 632328, 'time_iter': 0.038, 'accuracy': 0.6131}
val: {'epoch': 19, 'loss': 1.881, 'lr': 0, 'params': 632328, 'time_iter': 0.0143, 'accuracy': 0.5701}
train: {'epoch': 20, 'eta': 14.8484, 'loss': 1.8696, 'lr': 0.0099, 'params': 632328, 'time_iter': 0.0374, 'accuracy': 0.6297}
train: {'epoch': 21, 'eta': 14.7838, 'loss': 1.8643, 'lr': 0.0099, 'params': 632328, 'time_iter': 0.0377, 'accuracy': 0.6431}
train: {'epoch': 22, 'eta': 14.7641, 'loss': 1.8591, 'lr': 0.0099, 'params': 632328, 'time_iter': 0.0403, 'accuracy': 0.6505}
train: {'epoch': 23, 'eta': 14.7489, 'loss': 1.8552, 'lr': 0.0099, 'params': 632328, 'time_iter': 0.0407, 'accuracy': 0.6514}
train: {'epoch': 24, 'eta': 14.7026, 'loss': 1.8511, 'lr': 0.0099, 'params': 632328, 'time_iter': 0.0388, 'accuracy': 0.6648}
train: {'epoch': 25, 'eta': 14.6681, 'loss': 1.8471, 'lr': 0.0099, 'params': 632328, 'time_iter': 0.0395, 'accuracy': 0.669}
train: {'epoch': 26, 'eta': 14.6453, 'loss': 1.8437, 'lr': 0.0099, 'params': 632328, 'time_iter': 0.0404, 'accuracy': 0.6741}
train: {'epoch': 27, 'eta': 14.6037, 'loss': 1.8395, 'lr': 0.0099, 'params': 632328, 'time_iter': 0.0391, 'accuracy': 0.6865}
train: {'epoch': 28, 'eta': 14.8832, 'loss': 1.8362, 'lr': 0.0099, 'params': 632328, 'time_iter': 0.0642, 'accuracy': 0.6944}
train: {'epoch': 29, 'eta': 14.8451, 'loss': 1.8322, 'lr': 0.0099, 'params': 632328, 'time_iter': 0.0403, 'accuracy': 0.7285}
train: {'epoch': 30, 'eta': 14.8166, 'loss': 1.828, 'lr': 0.0099, 'params': 632328, 'time_iter': 0.0411, 'accuracy': 0.7151}
train: {'epoch': 31, 'eta': 14.753, 'loss': 1.8242, 'lr': 0.0099, 'params': 632328, 'time_iter': 0.0381, 'accuracy': 0.7682}
train: {'epoch': 32, 'eta': 14.6967, 'loss': 1.8181, 'lr': 0.0098, 'params': 632328, 'time_iter': 0.0386, 'accuracy': 0.7715}
train: {'epoch': 33, 'eta': 14.6527, 'loss': 1.8138, 'lr': 0.0098, 'params': 632328, 'time_iter': 0.0397, 'accuracy': 0.7793}
train: {'epoch': 34, 'eta': 14.6082, 'loss': 1.8091, 'lr': 0.0098, 'params': 632328, 'time_iter': 0.0396, 'accuracy': 0.7909}
train: {'epoch': 35, 'eta': 14.5842, 'loss': 1.8054, 'lr': 0.0098, 'params': 632328, 'time_iter': 0.0416, 'accuracy': 0.8093}
train: {'epoch': 36, 'eta': 14.6403, 'loss': 1.7996, 'lr': 0.0098, 'params': 632328, 'time_iter': 0.0499, 'accuracy': 0.8333}
train: {'epoch': 37, 'eta': 14.6094, 'loss': 1.7962, 'lr': 0.0098, 'params': 632328, 'time_iter': 0.0413, 'accuracy': 0.8324}
train: {'epoch': 38, 'eta': 14.63, 'loss': 1.7927, 'lr': 0.0098, 'params': 632328, 'time_iter': 0.0469, 'accuracy': 0.843}
train: {'epoch': 39, 'eta': 14.5953, 'loss': 1.7871, 'lr': 0.0098, 'params': 632328, 'time_iter': 0.0412, 'accuracy': 0.8458}
val: {'epoch': 39, 'loss': 1.8393, 'lr': 0, 'params': 632328, 'time_iter': 0.0182, 'accuracy': 0.6993}
train: {'epoch': 40, 'eta': 14.5386, 'loss': 1.7835, 'lr': 0.0098, 'params': 632328, 'time_iter': 0.0387, 'accuracy': 0.8735}
train: {'epoch': 41, 'eta': 14.4908, 'loss': 1.785, 'lr': 0.0097, 'params': 632328, 'time_iter': 0.0396, 'accuracy': 0.8361}
train: {'epoch': 42, 'eta': 14.4391, 'loss': 1.7772, 'lr': 0.0097, 'params': 632328, 'time_iter': 0.0391, 'accuracy': 0.8813}
train: {'epoch': 43, 'eta': 14.3917, 'loss': 1.7718, 'lr': 0.0097, 'params': 632328, 'time_iter': 0.0396, 'accuracy': 0.8855}
train: {'epoch': 44, 'eta': 14.3395, 'loss': 1.7691, 'lr': 0.0097, 'params': 632328, 'time_iter': 0.0389, 'accuracy': 0.891}
train: {'epoch': 45, 'eta': 14.2911, 'loss': 1.7644, 'lr': 0.0097, 'params': 632328, 'time_iter': 0.0393, 'accuracy': 0.9021}
train: {'epoch': 46, 'eta': 14.2228, 'loss': 1.7608, 'lr': 0.0097, 'params': 632328, 'time_iter': 0.0367, 'accuracy': 0.8975}
train: {'epoch': 47, 'eta': 14.184, 'loss': 1.7592, 'lr': 0.0097, 'params': 632328, 'time_iter': 0.0405, 'accuracy': 0.9169}
train: {'epoch': 48, 'eta': 14.1381, 'loss': 1.7608, 'lr': 0.0096, 'params': 632328, 'time_iter': 0.0395, 'accuracy': 0.8813}
train: {'epoch': 49, 'eta': 14.0978, 'loss': 1.7577, 'lr': 0.0096, 'params': 632328, 'time_iter': 0.0403, 'accuracy': 0.9155}
train: {'epoch': 50, 'eta': 14.0539, 'loss': 1.7563, 'lr': 0.0096, 'params': 632328, 'time_iter': 0.0398, 'accuracy': 0.91}
train: {'epoch': 51, 'eta': 14.0145, 'loss': 1.7515, 'lr': 0.0096, 'params': 632328, 'time_iter': 0.0404, 'accuracy': 0.9169}
train: {'epoch': 52, 'eta': 13.9654, 'loss': 1.7471, 'lr': 0.0096, 'params': 632328, 'time_iter': 0.0389, 'accuracy': 0.9178}
train: {'epoch': 53, 'eta': 13.9145, 'loss': 1.7423, 'lr': 0.0096, 'params': 632328, 'time_iter': 0.0386, 'accuracy': 0.9211}
train: {'epoch': 54, 'eta': 13.8657, 'loss': 1.7409, 'lr': 0.0096, 'params': 632328, 'time_iter': 0.0389, 'accuracy': 0.9298}
train: {'epoch': 55, 'eta': 13.8115, 'loss': 1.7516, 'lr': 0.0095, 'params': 632328, 'time_iter': 0.0379, 'accuracy': 0.91}
train: {'epoch': 56, 'eta': 13.76, 'loss': 1.7494, 'lr': 0.0095, 'params': 632328, 'time_iter': 0.0383, 'accuracy': 0.916}
train: {'epoch': 57, 'eta': 13.7223, 'loss': 1.7439, 'lr': 0.0095, 'params': 632328, 'time_iter': 0.0405, 'accuracy': 0.9215}
train: {'epoch': 58, 'eta': 13.6586, 'loss': 1.7409, 'lr': 0.0095, 'params': 632328, 'time_iter': 0.036, 'accuracy': 0.9201}
train: {'epoch': 59, 'eta': 13.6221, 'loss': 1.7406, 'lr': 0.0095, 'params': 632328, 'time_iter': 0.0407, 'accuracy': 0.9261}
val: {'epoch': 59, 'loss': 1.8338, 'lr': 0, 'params': 632328, 'time_iter': 0.015, 'accuracy': 0.8376}
train: {'epoch': 60, 'eta': 13.5833, 'loss': 1.7361, 'lr': 0.0095, 'params': 632328, 'time_iter': 0.0403, 'accuracy': 0.9243}
train: {'epoch': 61, 'eta': 13.5513, 'loss': 1.7322, 'lr': 0.0094, 'params': 632328, 'time_iter': 0.0415, 'accuracy': 0.928}
train: {'epoch': 62, 'eta': 13.4983, 'loss': 1.7303, 'lr': 0.0094, 'params': 632328, 'time_iter': 0.0377, 'accuracy': 0.9331}
train: {'epoch': 63, 'eta': 13.4518, 'loss': 1.7267, 'lr': 0.0094, 'params': 632328, 'time_iter': 0.0388, 'accuracy': 0.9335}
train: {'epoch': 64, 'eta': 13.4005, 'loss': 1.7226, 'lr': 0.0094, 'params': 632328, 'time_iter': 0.0378, 'accuracy': 0.9349}
train: {'epoch': 65, 'eta': 13.345, 'loss': 1.7191, 'lr': 0.0094, 'params': 632328, 'time_iter': 0.0369, 'accuracy': 0.9307}
train: {'epoch': 66, 'eta': 13.2839, 'loss': 1.7171, 'lr': 0.0093, 'params': 632328, 'time_iter': 0.0357, 'accuracy': 0.9349}
train: {'epoch': 67, 'eta': 13.2508, 'loss': 1.7154, 'lr': 0.0093, 'params': 632328, 'time_iter': 0.0413, 'accuracy': 0.9358}
train: {'epoch': 68, 'eta': 13.212, 'loss': 1.7138, 'lr': 0.0093, 'params': 632328, 'time_iter': 0.0401, 'accuracy': 0.9377}
train: {'epoch': 69, 'eta': 13.1749, 'loss': 1.7112, 'lr': 0.0093, 'params': 632328, 'time_iter': 0.0405, 'accuracy': 0.9381}
train: {'epoch': 70, 'eta': 13.1321, 'loss': 1.7102, 'lr': 0.0093, 'params': 632328, 'time_iter': 0.0393, 'accuracy': 0.9386}
train: {'epoch': 71, 'eta': 13.0911, 'loss': 1.7105, 'lr': 0.0092, 'params': 632328, 'time_iter': 0.0397, 'accuracy': 0.9395}
train: {'epoch': 72, 'eta': 13.0446, 'loss': 1.7204, 'lr': 0.0092, 'params': 632328, 'time_iter': 0.0385, 'accuracy': 0.9257}
train: {'epoch': 73, 'eta': 12.9971, 'loss': 1.7135, 'lr': 0.0092, 'params': 632328, 'time_iter': 0.0382, 'accuracy': 0.9391}
train: {'epoch': 74, 'eta': 12.947, 'loss': 1.7104, 'lr': 0.0092, 'params': 632328, 'time_iter': 0.0375, 'accuracy': 0.9409}
train: {'epoch': 75, 'eta': 12.9112, 'loss': 1.7101, 'lr': 0.0092, 'params': 632328, 'time_iter': 0.0408, 'accuracy': 0.9441}
train: {'epoch': 76, 'eta': 12.8698, 'loss': 1.7058, 'lr': 0.0091, 'params': 632328, 'time_iter': 0.0395, 'accuracy': 0.9423}
train: {'epoch': 77, 'eta': 12.8299, 'loss': 1.7064, 'lr': 0.0091, 'params': 632328, 'time_iter': 0.0398, 'accuracy': 0.9455}
train: {'epoch': 78, 'eta': 12.8412, 'loss': 1.7038, 'lr': 0.0091, 'params': 632328, 'time_iter': 0.0524, 'accuracy': 0.9474}
train: {'epoch': 79, 'eta': 12.8016, 'loss': 1.7057, 'lr': 0.0091, 'params': 632328, 'time_iter': 0.0401, 'accuracy': 0.9437}
val: {'epoch': 79, 'loss': 1.8221, 'lr': 0, 'params': 632328, 'time_iter': 0.015, 'accuracy': 0.8395}
train: {'epoch': 80, 'eta': 12.7556, 'loss': 1.7047, 'lr': 0.009, 'params': 632328, 'time_iter': 0.0385, 'accuracy': 0.9391}
train: {'epoch': 81, 'eta': 12.71, 'loss': 1.7056, 'lr': 0.009, 'params': 632328, 'time_iter': 0.0386, 'accuracy': 0.9358}
train: {'epoch': 82, 'eta': 12.6587, 'loss': 1.7037, 'lr': 0.009, 'params': 632328, 'time_iter': 0.037, 'accuracy': 0.9455}
train: {'epoch': 83, 'eta': 12.6034, 'loss': 1.7076, 'lr': 0.009, 'params': 632328, 'time_iter': 0.0358, 'accuracy': 0.946}
train: {'epoch': 84, 'eta': 12.5512, 'loss': 1.7045, 'lr': 0.009, 'params': 632328, 'time_iter': 0.0366, 'accuracy': 0.9432}
train: {'epoch': 85, 'eta': 12.5082, 'loss': 1.7032, 'lr': 0.0089, 'params': 632328, 'time_iter': 0.039, 'accuracy': 0.9437}
train: {'epoch': 86, 'eta': 12.4647, 'loss': 1.7007, 'lr': 0.0089, 'params': 632328, 'time_iter': 0.0388, 'accuracy': 0.9441}
train: {'epoch': 87, 'eta': 12.4267, 'loss': 1.7025, 'lr': 0.0089, 'params': 632328, 'time_iter': 0.0403, 'accuracy': 0.9469}
train: {'epoch': 88, 'eta': 12.3787, 'loss': 1.6997, 'lr': 0.0089, 'params': 632328, 'time_iter': 0.0375, 'accuracy': 0.9428}
train: {'epoch': 89, 'eta': 12.3322, 'loss': 1.699, 'lr': 0.0088, 'params': 632328, 'time_iter': 0.0379, 'accuracy': 0.9469}
train: {'epoch': 90, 'eta': 12.2891, 'loss': 1.7017, 'lr': 0.0088, 'params': 632328, 'time_iter': 0.0388, 'accuracy': 0.9474}
train: {'epoch': 91, 'eta': 12.358, 'loss': 1.6984, 'lr': 0.0088, 'params': 632328, 'time_iter': 0.0722, 'accuracy': 0.9524}
train: {'epoch': 92, 'eta': 12.3097, 'loss': 1.6959, 'lr': 0.0088, 'params': 632328, 'time_iter': 0.0376, 'accuracy': 0.9488}
train: {'epoch': 93, 'eta': 12.2652, 'loss': 1.6971, 'lr': 0.0087, 'params': 632328, 'time_iter': 0.0388, 'accuracy': 0.9506}
train: {'epoch': 94, 'eta': 12.2211, 'loss': 1.6946, 'lr': 0.0087, 'params': 632328, 'time_iter': 0.0388, 'accuracy': 0.9483}
train: {'epoch': 95, 'eta': 12.1779, 'loss': 1.6933, 'lr': 0.0087, 'params': 632328, 'time_iter': 0.0391, 'accuracy': 0.9501}
train: {'epoch': 96, 'eta': 12.1284, 'loss': 1.6964, 'lr': 0.0086, 'params': 632328, 'time_iter': 0.037, 'accuracy': 0.9497}
train: {'epoch': 97, 'eta': 12.0943, 'loss': 1.7003, 'lr': 0.0086, 'params': 632328, 'time_iter': 0.042, 'accuracy': 0.9561}
train: {'epoch': 98, 'eta': 12.0618, 'loss': 1.6945, 'lr': 0.0086, 'params': 632328, 'time_iter': 0.0425, 'accuracy': 0.9506}
train: {'epoch': 99, 'eta': 12.0455, 'loss': 1.7035, 'lr': 0.0086, 'params': 632328, 'time_iter': 0.048, 'accuracy': 0.9437}
val: {'epoch': 99, 'loss': 1.8144, 'lr': 0, 'params': 632328, 'time_iter': 0.0196, 'accuracy': 0.8413}
train: {'epoch': 100, 'eta': 12.0199, 'loss': 1.6984, 'lr': 0.0085, 'params': 632328, 'time_iter': 0.0451, 'accuracy': 0.9464}
train: {'epoch': 101, 'eta': 12.0072, 'loss': 1.7045, 'lr': 0.0085, 'params': 632328, 'time_iter': 0.0496, 'accuracy': 0.9441}
train: {'epoch': 102, 'eta': 11.9821, 'loss': 1.704, 'lr': 0.0085, 'params': 632328, 'time_iter': 0.0456, 'accuracy': 0.9418}
train: {'epoch': 103, 'eta': 11.9725, 'loss': 1.7051, 'lr': 0.0085, 'params': 632328, 'time_iter': 0.0512, 'accuracy': 0.9418}
train: {'epoch': 104, 'eta': 11.9548, 'loss': 1.7065, 'lr': 0.0084, 'params': 632328, 'time_iter': 0.0485, 'accuracy': 0.9464}
train: {'epoch': 105, 'eta': 11.924, 'loss': 1.7096, 'lr': 0.0084, 'params': 632328, 'time_iter': 0.044, 'accuracy': 0.9418}
train: {'epoch': 106, 'eta': 11.8945, 'loss': 1.7144, 'lr': 0.0084, 'params': 632328, 'time_iter': 0.0446, 'accuracy': 0.9354}
train: {'epoch': 107, 'eta': 11.8586, 'loss': 1.7076, 'lr': 0.0083, 'params': 632328, 'time_iter': 0.0423, 'accuracy': 0.9372}
train: {'epoch': 108, 'eta': 11.825, 'loss': 1.7093, 'lr': 0.0083, 'params': 632328, 'time_iter': 0.0432, 'accuracy': 0.9441}
train: {'epoch': 109, 'eta': 11.8084, 'loss': 1.7037, 'lr': 0.0083, 'params': 632328, 'time_iter': 0.0497, 'accuracy': 0.9474}
train: {'epoch': 110, 'eta': 11.7775, 'loss': 1.7029, 'lr': 0.0082, 'params': 632328, 'time_iter': 0.0445, 'accuracy': 0.9464}
train: {'epoch': 111, 'eta': 11.7597, 'loss': 1.6998, 'lr': 0.0082, 'params': 632328, 'time_iter': 0.0497, 'accuracy': 0.9501}
train: {'epoch': 112, 'eta': 11.7284, 'loss': 1.6992, 'lr': 0.0082, 'params': 632328, 'time_iter': 0.0446, 'accuracy': 0.9464}
train: {'epoch': 113, 'eta': 11.6938, 'loss': 1.697, 'lr': 0.0082, 'params': 632328, 'time_iter': 0.0434, 'accuracy': 0.9488}
train: {'epoch': 114, 'eta': 11.6515, 'loss': 1.6953, 'lr': 0.0081, 'params': 632328, 'time_iter': 0.0403, 'accuracy': 0.9474}
train: {'epoch': 115, 'eta': 11.6291, 'loss': 1.6941, 'lr': 0.0081, 'params': 632328, 'time_iter': 0.0484, 'accuracy': 0.9474}
train: {'epoch': 116, 'eta': 11.5938, 'loss': 1.692, 'lr': 0.0081, 'params': 632328, 'time_iter': 0.0433, 'accuracy': 0.9501}
train: {'epoch': 117, 'eta': 11.5623, 'loss': 1.6918, 'lr': 0.008, 'params': 632328, 'time_iter': 0.0449, 'accuracy': 0.9511}
train: {'epoch': 118, 'eta': 11.5375, 'loss': 1.6905, 'lr': 0.008, 'params': 632328, 'time_iter': 0.0479, 'accuracy': 0.9557}
train: {'epoch': 119, 'eta': 11.5018, 'loss': 1.6903, 'lr': 0.008, 'params': 632328, 'time_iter': 0.0434, 'accuracy': 0.9584}
val: {'epoch': 119, 'loss': 1.8308, 'lr': 0, 'params': 632328, 'time_iter': 0.0142, 'accuracy': 0.8616}
train: {'epoch': 120, 'eta': 11.4515, 'loss': 1.6929, 'lr': 0.0079, 'params': 632328, 'time_iter': 0.0371, 'accuracy': 0.9515}
train: {'epoch': 121, 'eta': 11.4026, 'loss': 1.6974, 'lr': 0.0079, 'params': 632328, 'time_iter': 0.0376, 'accuracy': 0.9548}
train: {'epoch': 122, 'eta': 11.3579, 'loss': 1.6909, 'lr': 0.0079, 'params': 632328, 'time_iter': 0.0394, 'accuracy': 0.9524}
train: {'epoch': 123, 'eta': 11.3152, 'loss': 1.6928, 'lr': 0.0078, 'params': 632328, 'time_iter': 0.0402, 'accuracy': 0.9524}
train: {'epoch': 124, 'eta': 11.2656, 'loss': 1.6922, 'lr': 0.0078, 'params': 632328, 'time_iter': 0.0371, 'accuracy': 0.9589}
train: {'epoch': 125, 'eta': 11.2149, 'loss': 1.6898, 'lr': 0.0078, 'params': 632328, 'time_iter': 0.0365, 'accuracy': 0.9548}
train: {'epoch': 126, 'eta': 11.1718, 'loss': 1.6889, 'lr': 0.0077, 'params': 632328, 'time_iter': 0.0399, 'accuracy': 0.9566}
train: {'epoch': 127, 'eta': 11.1295, 'loss': 1.6892, 'lr': 0.0077, 'params': 632328, 'time_iter': 0.0403, 'accuracy': 0.9571}
train: {'epoch': 128, 'eta': 11.0825, 'loss': 1.6884, 'lr': 0.0077, 'params': 632328, 'time_iter': 0.038, 'accuracy': 0.9561}
train: {'epoch': 129, 'eta': 11.0392, 'loss': 1.6884, 'lr': 0.0076, 'params': 632328, 'time_iter': 0.0397, 'accuracy': 0.9575}
train: {'epoch': 130, 'eta': 10.9946, 'loss': 1.6869, 'lr': 0.0076, 'params': 632328, 'time_iter': 0.0391, 'accuracy': 0.9571}
train: {'epoch': 131, 'eta': 10.9451, 'loss': 1.6866, 'lr': 0.0076, 'params': 632328, 'time_iter': 0.0366, 'accuracy': 0.9524}
train: {'epoch': 132, 'eta': 10.9028, 'loss': 1.6864, 'lr': 0.0075, 'params': 632328, 'time_iter': 0.0401, 'accuracy': 0.9589}
train: {'epoch': 133, 'eta': 10.8565, 'loss': 1.686, 'lr': 0.0075, 'params': 632328, 'time_iter': 0.0381, 'accuracy': 0.9608}
train: {'epoch': 134, 'eta': 10.8116, 'loss': 1.6844, 'lr': 0.0075, 'params': 632328, 'time_iter': 0.0387, 'accuracy': 0.9566}
train: {'epoch': 135, 'eta': 10.7727, 'loss': 1.6846, 'lr': 0.0074, 'params': 632328, 'time_iter': 0.0418, 'accuracy': 0.9561}
train: {'epoch': 136, 'eta': 10.7268, 'loss': 1.6837, 'lr': 0.0074, 'params': 632328, 'time_iter': 0.0381, 'accuracy': 0.9617}
train: {'epoch': 137, 'eta': 10.68, 'loss': 1.6847, 'lr': 0.0074, 'params': 632328, 'time_iter': 0.0376, 'accuracy': 0.9584}
train: {'epoch': 138, 'eta': 10.6341, 'loss': 1.6836, 'lr': 0.0073, 'params': 632328, 'time_iter': 0.0381, 'accuracy': 0.958}
train: {'epoch': 139, 'eta': 10.5881, 'loss': 1.6897, 'lr': 0.0073, 'params': 632328, 'time_iter': 0.0379, 'accuracy': 0.9538}
val: {'epoch': 139, 'loss': 1.8321, 'lr': 0, 'params': 632328, 'time_iter': 0.0145, 'accuracy': 0.845}
train: {'epoch': 140, 'eta': 10.5436, 'loss': 1.7034, 'lr': 0.0073, 'params': 632328, 'time_iter': 0.0386, 'accuracy': 0.9464}
train: {'epoch': 141, 'eta': 10.5098, 'loss': 1.6965, 'lr': 0.0072, 'params': 632328, 'time_iter': 0.0445, 'accuracy': 0.9418}
train: {'epoch': 142, 'eta': 10.4947, 'loss': 1.6993, 'lr': 0.0072, 'params': 632328, 'time_iter': 0.055, 'accuracy': 0.9451}
train: {'epoch': 143, 'eta': 10.4875, 'loss': 1.6967, 'lr': 0.0072, 'params': 632328, 'time_iter': 0.0598, 'accuracy': 0.9409}
train: {'epoch': 144, 'eta': 10.4551, 'loss': 1.6963, 'lr': 0.0071, 'params': 632328, 'time_iter': 0.0459, 'accuracy': 0.9483}
train: {'epoch': 145, 'eta': 10.4175, 'loss': 1.6938, 'lr': 0.0071, 'params': 632328, 'time_iter': 0.043, 'accuracy': 0.9478}
train: {'epoch': 146, 'eta': 10.3868, 'loss': 1.6942, 'lr': 0.0071, 'params': 632328, 'time_iter': 0.047, 'accuracy': 0.9515}
train: {'epoch': 147, 'eta': 10.3751, 'loss': 1.6914, 'lr': 0.007, 'params': 632328, 'time_iter': 0.0583, 'accuracy': 0.9548}
train: {'epoch': 148, 'eta': 10.3371, 'loss': 1.69, 'lr': 0.007, 'params': 632328, 'time_iter': 0.0431, 'accuracy': 0.9529}
train: {'epoch': 149, 'eta': 10.2931, 'loss': 1.6897, 'lr': 0.0069, 'params': 632328, 'time_iter': 0.0395, 'accuracy': 0.952}
train: {'epoch': 150, 'eta': 10.2477, 'loss': 1.6869, 'lr': 0.0069, 'params': 632328, 'time_iter': 0.0386, 'accuracy': 0.9557}
train: {'epoch': 151, 'eta': 10.2002, 'loss': 1.6864, 'lr': 0.0069, 'params': 632328, 'time_iter': 0.0372, 'accuracy': 0.9612}
train: {'epoch': 152, 'eta': 10.1528, 'loss': 1.6862, 'lr': 0.0068, 'params': 632328, 'time_iter': 0.0373, 'accuracy': 0.9608}
train: {'epoch': 153, 'eta': 10.1149, 'loss': 1.6839, 'lr': 0.0068, 'params': 632328, 'time_iter': 0.0431, 'accuracy': 0.9598}
train: {'epoch': 154, 'eta': 10.071, 'loss': 1.6843, 'lr': 0.0068, 'params': 632328, 'time_iter': 0.0393, 'accuracy': 0.9575}
train: {'epoch': 155, 'eta': 10.0274, 'loss': 1.683, 'lr': 0.0067, 'params': 632328, 'time_iter': 0.0395, 'accuracy': 0.9575}
train: {'epoch': 156, 'eta': 9.9836, 'loss': 1.6822, 'lr': 0.0067, 'params': 632328, 'time_iter': 0.0394, 'accuracy': 0.9571}
train: {'epoch': 157, 'eta': 9.9389, 'loss': 1.6818, 'lr': 0.0067, 'params': 632328, 'time_iter': 0.0387, 'accuracy': 0.9621}
train: {'epoch': 158, 'eta': 9.8928, 'loss': 1.6812, 'lr': 0.0066, 'params': 632328, 'time_iter': 0.0378, 'accuracy': 0.9603}
train: {'epoch': 159, 'eta': 9.8482, 'loss': 1.6803, 'lr': 0.0066, 'params': 632328, 'time_iter': 0.0387, 'accuracy': 0.9603}
val: {'epoch': 159, 'loss': 1.8371, 'lr': 0, 'params': 632328, 'time_iter': 0.0145, 'accuracy': 0.8413}
train: {'epoch': 160, 'eta': 9.8033, 'loss': 1.6799, 'lr': 0.0065, 'params': 632328, 'time_iter': 0.0384, 'accuracy': 0.9603}
train: {'epoch': 161, 'eta': 9.758, 'loss': 1.6794, 'lr': 0.0065, 'params': 632328, 'time_iter': 0.0381, 'accuracy': 0.9608}
train: {'epoch': 162, 'eta': 9.7146, 'loss': 1.6799, 'lr': 0.0065, 'params': 632328, 'time_iter': 0.0394, 'accuracy': 0.9621}
train: {'epoch': 163, 'eta': 9.6688, 'loss': 1.6819, 'lr': 0.0064, 'params': 632328, 'time_iter': 0.0377, 'accuracy': 0.9603}
train: {'epoch': 164, 'eta': 9.6269, 'loss': 1.6802, 'lr': 0.0064, 'params': 632328, 'time_iter': 0.0403, 'accuracy': 0.9598}
train: {'epoch': 165, 'eta': 9.5823, 'loss': 1.6799, 'lr': 0.0064, 'params': 632328, 'time_iter': 0.0384, 'accuracy': 0.9571}
train: {'epoch': 166, 'eta': 9.5346, 'loss': 1.6797, 'lr': 0.0063, 'params': 632328, 'time_iter': 0.0361, 'accuracy': 0.9594}
train: {'epoch': 167, 'eta': 9.4932, 'loss': 1.6809, 'lr': 0.0063, 'params': 632328, 'time_iter': 0.0405, 'accuracy': 0.9594}
train: {'epoch': 168, 'eta': 9.4484, 'loss': 1.6871, 'lr': 0.0062, 'params': 632328, 'time_iter': 0.0381, 'accuracy': 0.9575}
train: {'epoch': 169, 'eta': 9.4096, 'loss': 1.6885, 'lr': 0.0062, 'params': 632328, 'time_iter': 0.0424, 'accuracy': 0.9566}
train: {'epoch': 170, 'eta': 9.3652, 'loss': 1.6856, 'lr': 0.0062, 'params': 632328, 'time_iter': 0.0383, 'accuracy': 0.9557}
train: {'epoch': 171, 'eta': 9.3189, 'loss': 1.6869, 'lr': 0.0061, 'params': 632328, 'time_iter': 0.0368, 'accuracy': 0.9534}
train: {'epoch': 172, 'eta': 9.2774, 'loss': 1.6835, 'lr': 0.0061, 'params': 632328, 'time_iter': 0.0404, 'accuracy': 0.958}
train: {'epoch': 173, 'eta': 9.2335, 'loss': 1.6831, 'lr': 0.0061, 'params': 632328, 'time_iter': 0.0385, 'accuracy': 0.9626}
train: {'epoch': 174, 'eta': 9.1928, 'loss': 1.6822, 'lr': 0.006, 'params': 632328, 'time_iter': 0.041, 'accuracy': 0.9608}
train: {'epoch': 175, 'eta': 9.1494, 'loss': 1.6818, 'lr': 0.006, 'params': 632328, 'time_iter': 0.0389, 'accuracy': 0.9575}
train: {'epoch': 176, 'eta': 9.1026, 'loss': 1.6801, 'lr': 0.0059, 'params': 632328, 'time_iter': 0.0361, 'accuracy': 0.9552}
train: {'epoch': 177, 'eta': 9.0587, 'loss': 1.6805, 'lr': 0.0059, 'params': 632328, 'time_iter': 0.0383, 'accuracy': 0.9584}
train: {'epoch': 178, 'eta': 9.0137, 'loss': 1.6808, 'lr': 0.0059, 'params': 632328, 'time_iter': 0.0374, 'accuracy': 0.9603}
train: {'epoch': 179, 'eta': 8.9704, 'loss': 1.6823, 'lr': 0.0058, 'params': 632328, 'time_iter': 0.0387, 'accuracy': 0.9589}
val: {'epoch': 179, 'loss': 1.8417, 'lr': 0, 'params': 632328, 'time_iter': 0.0155, 'accuracy': 0.8598}
train: {'epoch': 180, 'eta': 8.9257, 'loss': 1.6804, 'lr': 0.0058, 'params': 632328, 'time_iter': 0.0375, 'accuracy': 0.9617}
train: {'epoch': 181, 'eta': 8.882, 'loss': 1.6787, 'lr': 0.0057, 'params': 632328, 'time_iter': 0.0384, 'accuracy': 0.9566}
train: {'epoch': 182, 'eta': 8.8392, 'loss': 1.6794, 'lr': 0.0057, 'params': 632328, 'time_iter': 0.039, 'accuracy': 0.9571}
train: {'epoch': 183, 'eta': 8.7938, 'loss': 1.6775, 'lr': 0.0057, 'params': 632328, 'time_iter': 0.0368, 'accuracy': 0.9617}
train: {'epoch': 184, 'eta': 8.7484, 'loss': 1.6779, 'lr': 0.0056, 'params': 632328, 'time_iter': 0.0367, 'accuracy': 0.9635}
train: {'epoch': 185, 'eta': 8.705, 'loss': 1.6769, 'lr': 0.0056, 'params': 632328, 'time_iter': 0.0384, 'accuracy': 0.9626}
train: {'epoch': 186, 'eta': 8.6608, 'loss': 1.6764, 'lr': 0.0055, 'params': 632328, 'time_iter': 0.0375, 'accuracy': 0.9626}
train: {'epoch': 187, 'eta': 8.6176, 'loss': 1.6759, 'lr': 0.0055, 'params': 632328, 'time_iter': 0.0384, 'accuracy': 0.9631}
train: {'epoch': 188, 'eta': 8.5738, 'loss': 1.6755, 'lr': 0.0055, 'params': 632328, 'time_iter': 0.0379, 'accuracy': 0.9649}
train: {'epoch': 189, 'eta': 8.5307, 'loss': 1.6752, 'lr': 0.0054, 'params': 632328, 'time_iter': 0.0384, 'accuracy': 0.9645}
train: {'epoch': 190, 'eta': 8.4858, 'loss': 1.6749, 'lr': 0.0054, 'params': 632328, 'time_iter': 0.0367, 'accuracy': 0.9645}
train: {'epoch': 191, 'eta': 8.44, 'loss': 1.6748, 'lr': 0.0054, 'params': 632328, 'time_iter': 0.0358, 'accuracy': 0.9645}
train: {'epoch': 192, 'eta': 8.3991, 'loss': 1.6745, 'lr': 0.0053, 'params': 632328, 'time_iter': 0.0403, 'accuracy': 0.9658}
train: {'epoch': 193, 'eta': 8.3565, 'loss': 1.6743, 'lr': 0.0053, 'params': 632328, 'time_iter': 0.0386, 'accuracy': 0.964}
train: {'epoch': 194, 'eta': 8.3158, 'loss': 1.6739, 'lr': 0.0052, 'params': 632328, 'time_iter': 0.0405, 'accuracy': 0.9654}
train: {'epoch': 195, 'eta': 8.2737, 'loss': 1.6737, 'lr': 0.0052, 'params': 632328, 'time_iter': 0.0391, 'accuracy': 0.9645}
train: {'epoch': 196, 'eta': 8.2307, 'loss': 1.6736, 'lr': 0.0052, 'params': 632328, 'time_iter': 0.0382, 'accuracy': 0.9654}
train: {'epoch': 197, 'eta': 8.1881, 'loss': 1.6735, 'lr': 0.0051, 'params': 632328, 'time_iter': 0.0386, 'accuracy': 0.9635}
train: {'epoch': 198, 'eta': 8.1474, 'loss': 1.6733, 'lr': 0.0051, 'params': 632328, 'time_iter': 0.0404, 'accuracy': 0.9654}
train: {'epoch': 199, 'eta': 8.106, 'loss': 1.6736, 'lr': 0.005, 'params': 632328, 'time_iter': 0.0396, 'accuracy': 0.9654}
val: {'epoch': 199, 'loss': 1.8447, 'lr': 0, 'params': 632328, 'time_iter': 0.0149, 'accuracy': 0.8524}
train: {'epoch': 200, 'eta': 8.0629, 'loss': 1.6749, 'lr': 0.005, 'params': 632328, 'time_iter': 0.0379, 'accuracy': 0.9621}
train: {'epoch': 201, 'eta': 8.0222, 'loss': 1.6776, 'lr': 0.005, 'params': 632328, 'time_iter': 0.0403, 'accuracy': 0.9645}
train: {'epoch': 202, 'eta': 7.981, 'loss': 1.6836, 'lr': 0.0049, 'params': 632328, 'time_iter': 0.0398, 'accuracy': 0.9658}
train: {'epoch': 203, 'eta': 7.9382, 'loss': 1.6917, 'lr': 0.0049, 'params': 632328, 'time_iter': 0.0381, 'accuracy': 0.9529}
train: {'epoch': 204, 'eta': 7.8958, 'loss': 1.6863, 'lr': 0.0048, 'params': 632328, 'time_iter': 0.0385, 'accuracy': 0.9548}
train: {'epoch': 205, 'eta': 7.8532, 'loss': 1.6844, 'lr': 0.0048, 'params': 632328, 'time_iter': 0.0383, 'accuracy': 0.9561}
train: {'epoch': 206, 'eta': 7.8103, 'loss': 1.6845, 'lr': 0.0048, 'params': 632328, 'time_iter': 0.0378, 'accuracy': 0.9543}
train: {'epoch': 207, 'eta': 7.7685, 'loss': 1.6835, 'lr': 0.0047, 'params': 632328, 'time_iter': 0.0391, 'accuracy': 0.9543}
train: {'epoch': 208, 'eta': 7.7284, 'loss': 1.6823, 'lr': 0.0047, 'params': 632328, 'time_iter': 0.0409, 'accuracy': 0.9543}
train: {'epoch': 209, 'eta': 7.684, 'loss': 1.6806, 'lr': 0.0046, 'params': 632328, 'time_iter': 0.0361, 'accuracy': 0.958}
train: {'epoch': 210, 'eta': 7.6437, 'loss': 1.6803, 'lr': 0.0046, 'params': 632328, 'time_iter': 0.0406, 'accuracy': 0.9612}
train: {'epoch': 211, 'eta': 7.6003, 'loss': 1.679, 'lr': 0.0046, 'params': 632328, 'time_iter': 0.0372, 'accuracy': 0.9635}
train: {'epoch': 212, 'eta': 7.5605, 'loss': 1.6785, 'lr': 0.0045, 'params': 632328, 'time_iter': 0.0411, 'accuracy': 0.9631}
train: {'epoch': 213, 'eta': 7.5204, 'loss': 1.6776, 'lr': 0.0045, 'params': 632328, 'time_iter': 0.0408, 'accuracy': 0.9575}
train: {'epoch': 214, 'eta': 7.4778, 'loss': 1.6774, 'lr': 0.0045, 'params': 632328, 'time_iter': 0.0379, 'accuracy': 0.9617}
train: {'epoch': 215, 'eta': 7.4351, 'loss': 1.6764, 'lr': 0.0044, 'params': 632328, 'time_iter': 0.0378, 'accuracy': 0.964}
train: {'epoch': 216, 'eta': 7.3942, 'loss': 1.6765, 'lr': 0.0044, 'params': 632328, 'time_iter': 0.0398, 'accuracy': 0.9621}
train: {'epoch': 217, 'eta': 7.3515, 'loss': 1.6765, 'lr': 0.0043, 'params': 632328, 'time_iter': 0.0376, 'accuracy': 0.9645}
train: {'epoch': 218, 'eta': 7.3086, 'loss': 1.676, 'lr': 0.0043, 'params': 632328, 'time_iter': 0.0374, 'accuracy': 0.9626}
train: {'epoch': 219, 'eta': 7.2652, 'loss': 1.675, 'lr': 0.0043, 'params': 632328, 'time_iter': 0.0367, 'accuracy': 0.9631}
val: {'epoch': 219, 'loss': 1.8505, 'lr': 0, 'params': 632328, 'time_iter': 0.0152, 'accuracy': 0.8616}
train: {'epoch': 220, 'eta': 7.2247, 'loss': 1.6755, 'lr': 0.0042, 'params': 632328, 'time_iter': 0.0401, 'accuracy': 0.9631}
train: {'epoch': 221, 'eta': 7.182, 'loss': 1.6755, 'lr': 0.0042, 'params': 632328, 'time_iter': 0.0374, 'accuracy': 0.9626}
train: {'epoch': 222, 'eta': 7.1404, 'loss': 1.6743, 'lr': 0.0041, 'params': 632328, 'time_iter': 0.0387, 'accuracy': 0.9668}
train: {'epoch': 223, 'eta': 7.0984, 'loss': 1.6747, 'lr': 0.0041, 'params': 632328, 'time_iter': 0.0383, 'accuracy': 0.9677}
train: {'epoch': 224, 'eta': 7.0573, 'loss': 1.6739, 'lr': 0.0041, 'params': 632328, 'time_iter': 0.0394, 'accuracy': 0.9631}
train: {'epoch': 225, 'eta': 7.0166, 'loss': 1.6737, 'lr': 0.004, 'params': 632328, 'time_iter': 0.0398, 'accuracy': 0.9621}
train: {'epoch': 226, 'eta': 6.9736, 'loss': 1.6737, 'lr': 0.004, 'params': 632328, 'time_iter': 0.0368, 'accuracy': 0.9649}
train: {'epoch': 227, 'eta': 6.9319, 'loss': 1.6733, 'lr': 0.0039, 'params': 632328, 'time_iter': 0.0386, 'accuracy': 0.9663}
train: {'epoch': 228, 'eta': 6.8923, 'loss': 1.6734, 'lr': 0.0039, 'params': 632328, 'time_iter': 0.0412, 'accuracy': 0.9649}
train: {'epoch': 229, 'eta': 6.8503, 'loss': 1.673, 'lr': 0.0039, 'params': 632328, 'time_iter': 0.038, 'accuracy': 0.9645}
train: {'epoch': 230, 'eta': 6.8096, 'loss': 1.6728, 'lr': 0.0038, 'params': 632328, 'time_iter': 0.0398, 'accuracy': 0.9658}
train: {'epoch': 231, 'eta': 6.7669, 'loss': 1.6729, 'lr': 0.0038, 'params': 632328, 'time_iter': 0.0371, 'accuracy': 0.9654}
train: {'epoch': 232, 'eta': 6.726, 'loss': 1.6727, 'lr': 0.0038, 'params': 632328, 'time_iter': 0.0393, 'accuracy': 0.9649}
train: {'epoch': 233, 'eta': 6.685, 'loss': 1.6726, 'lr': 0.0037, 'params': 632328, 'time_iter': 0.0393, 'accuracy': 0.9649}
train: {'epoch': 234, 'eta': 6.6419, 'loss': 1.6724, 'lr': 0.0037, 'params': 632328, 'time_iter': 0.0362, 'accuracy': 0.9668}
train: {'epoch': 235, 'eta': 6.6016, 'loss': 1.6723, 'lr': 0.0036, 'params': 632328, 'time_iter': 0.0402, 'accuracy': 0.9654}
train: {'epoch': 236, 'eta': 6.5597, 'loss': 1.6723, 'lr': 0.0036, 'params': 632328, 'time_iter': 0.0378, 'accuracy': 0.9663}
train: {'epoch': 237, 'eta': 6.5194, 'loss': 1.6723, 'lr': 0.0036, 'params': 632328, 'time_iter': 0.0402, 'accuracy': 0.9668}
train: {'epoch': 238, 'eta': 6.4793, 'loss': 1.6723, 'lr': 0.0035, 'params': 632328, 'time_iter': 0.0404, 'accuracy': 0.9663}
train: {'epoch': 239, 'eta': 6.4387, 'loss': 1.6722, 'lr': 0.0035, 'params': 632328, 'time_iter': 0.0397, 'accuracy': 0.9668}
val: {'epoch': 239, 'loss': 1.8493, 'lr': 0, 'params': 632328, 'time_iter': 0.0143, 'accuracy': 0.869}
train: {'epoch': 240, 'eta': 6.3992, 'loss': 1.6721, 'lr': 0.0035, 'params': 632328, 'time_iter': 0.0414, 'accuracy': 0.9658}
train: {'epoch': 241, 'eta': 6.3845, 'loss': 1.672, 'lr': 0.0034, 'params': 632328, 'time_iter': 0.0794, 'accuracy': 0.9672}
train: {'epoch': 242, 'eta': 6.3432, 'loss': 1.6718, 'lr': 0.0034, 'params': 632328, 'time_iter': 0.039, 'accuracy': 0.9658}
train: {'epoch': 243, 'eta': 6.3024, 'loss': 1.6718, 'lr': 0.0033, 'params': 632328, 'time_iter': 0.0397, 'accuracy': 0.9658}
train: {'epoch': 244, 'eta': 6.2602, 'loss': 1.6718, 'lr': 0.0033, 'params': 632328, 'time_iter': 0.0376, 'accuracy': 0.9677}
train: {'epoch': 245, 'eta': 6.2194, 'loss': 1.6716, 'lr': 0.0033, 'params': 632328, 'time_iter': 0.0398, 'accuracy': 0.9658}
train: {'epoch': 246, 'eta': 6.1799, 'loss': 1.6717, 'lr': 0.0032, 'params': 632328, 'time_iter': 0.0418, 'accuracy': 0.9677}
train: {'epoch': 247, 'eta': 6.1377, 'loss': 1.6718, 'lr': 0.0032, 'params': 632328, 'time_iter': 0.0374, 'accuracy': 0.9677}
train: {'epoch': 248, 'eta': 6.0986, 'loss': 1.6729, 'lr': 0.0032, 'params': 632328, 'time_iter': 0.0426, 'accuracy': 0.9649}
train: {'epoch': 249, 'eta': 6.0575, 'loss': 1.6807, 'lr': 0.0031, 'params': 632328, 'time_iter': 0.0392, 'accuracy': 0.9584}
train: {'epoch': 250, 'eta': 6.0173, 'loss': 1.6913, 'lr': 0.0031, 'params': 632328, 'time_iter': 0.0407, 'accuracy': 0.952}
train: {'epoch': 251, 'eta': 5.9768, 'loss': 1.6887, 'lr': 0.0031, 'params': 632328, 'time_iter': 0.04, 'accuracy': 0.9501}
train: {'epoch': 252, 'eta': 5.9359, 'loss': 1.6941, 'lr': 0.003, 'params': 632328, 'time_iter': 0.0395, 'accuracy': 0.9534}
train: {'epoch': 253, 'eta': 5.8945, 'loss': 1.6863, 'lr': 0.003, 'params': 632328, 'time_iter': 0.0387, 'accuracy': 0.9441}
train: {'epoch': 254, 'eta': 5.8526, 'loss': 1.6876, 'lr': 0.0029, 'params': 632328, 'time_iter': 0.0375, 'accuracy': 0.9538}
train: {'epoch': 255, 'eta': 5.8126, 'loss': 1.6832, 'lr': 0.0029, 'params': 632328, 'time_iter': 0.041, 'accuracy': 0.9598}
train: {'epoch': 256, 'eta': 5.7706, 'loss': 1.6835, 'lr': 0.0029, 'params': 632328, 'time_iter': 0.0375, 'accuracy': 0.9589}
train: {'epoch': 257, 'eta': 5.7287, 'loss': 1.6813, 'lr': 0.0028, 'params': 632328, 'time_iter': 0.0375, 'accuracy': 0.9584}
train: {'epoch': 258, 'eta': 5.6874, 'loss': 1.6799, 'lr': 0.0028, 'params': 632328, 'time_iter': 0.0387, 'accuracy': 0.958}
train: {'epoch': 259, 'eta': 5.6457, 'loss': 1.6794, 'lr': 0.0028, 'params': 632328, 'time_iter': 0.0377, 'accuracy': 0.9571}
val: {'epoch': 259, 'loss': 1.8572, 'lr': 0, 'params': 632328, 'time_iter': 0.015, 'accuracy': 0.8524}
train: {'epoch': 260, 'eta': 5.6045, 'loss': 1.6779, 'lr': 0.0027, 'params': 632328, 'time_iter': 0.0388, 'accuracy': 0.9598}
train: {'epoch': 261, 'eta': 5.565, 'loss': 1.6777, 'lr': 0.0027, 'params': 632328, 'time_iter': 0.0418, 'accuracy': 0.9621}
train: {'epoch': 262, 'eta': 5.5252, 'loss': 1.6768, 'lr': 0.0027, 'params': 632328, 'time_iter': 0.0415, 'accuracy': 0.9626}
train: {'epoch': 263, 'eta': 5.4841, 'loss': 1.676, 'lr': 0.0026, 'params': 632328, 'time_iter': 0.0388, 'accuracy': 0.9631}
train: {'epoch': 264, 'eta': 5.4411, 'loss': 1.6758, 'lr': 0.0026, 'params': 632328, 'time_iter': 0.035, 'accuracy': 0.964}
train: {'epoch': 265, 'eta': 5.4011, 'loss': 1.6751, 'lr': 0.0026, 'params': 632328, 'time_iter': 0.0409, 'accuracy': 0.9617}
train: {'epoch': 266, 'eta': 5.3602, 'loss': 1.6746, 'lr': 0.0025, 'params': 632328, 'time_iter': 0.0391, 'accuracy': 0.9635}
train: {'epoch': 267, 'eta': 5.3206, 'loss': 1.6745, 'lr': 0.0025, 'params': 632328, 'time_iter': 0.0418, 'accuracy': 0.964}
train: {'epoch': 268, 'eta': 5.2791, 'loss': 1.6742, 'lr': 0.0025, 'params': 632328, 'time_iter': 0.0378, 'accuracy': 0.9631}
train: {'epoch': 269, 'eta': 5.2407, 'loss': 1.6738, 'lr': 0.0024, 'params': 632328, 'time_iter': 0.0442, 'accuracy': 0.9608}
train: {'epoch': 270, 'eta': 5.1996, 'loss': 1.6736, 'lr': 0.0024, 'params': 632328, 'time_iter': 0.0387, 'accuracy': 0.9626}
train: {'epoch': 271, 'eta': 5.1603, 'loss': 1.6734, 'lr': 0.0024, 'params': 632328, 'time_iter': 0.0425, 'accuracy': 0.9631}
train: {'epoch': 272, 'eta': 5.119, 'loss': 1.6731, 'lr': 0.0023, 'params': 632328, 'time_iter': 0.0382, 'accuracy': 0.9649}
train: {'epoch': 273, 'eta': 5.0783, 'loss': 1.673, 'lr': 0.0023, 'params': 632328, 'time_iter': 0.0394, 'accuracy': 0.9668}
train: {'epoch': 274, 'eta': 5.0393, 'loss': 1.6728, 'lr': 0.0023, 'params': 632328, 'time_iter': 0.0432, 'accuracy': 0.9672}
train: {'epoch': 275, 'eta': 4.9991, 'loss': 1.6727, 'lr': 0.0022, 'params': 632328, 'time_iter': 0.0405, 'accuracy': 0.9672}
train: {'epoch': 276, 'eta': 4.9593, 'loss': 1.6726, 'lr': 0.0022, 'params': 632328, 'time_iter': 0.0415, 'accuracy': 0.9658}
train: {'epoch': 277, 'eta': 4.9181, 'loss': 1.6725, 'lr': 0.0022, 'params': 632328, 'time_iter': 0.0383, 'accuracy': 0.9663}
train: {'epoch': 278, 'eta': 4.8777, 'loss': 1.6723, 'lr': 0.0021, 'params': 632328, 'time_iter': 0.04, 'accuracy': 0.9663}
train: {'epoch': 279, 'eta': 4.836, 'loss': 1.6722, 'lr': 0.0021, 'params': 632328, 'time_iter': 0.0372, 'accuracy': 0.9677}
val: {'epoch': 279, 'loss': 1.8554, 'lr': 0, 'params': 632328, 'time_iter': 0.0169, 'accuracy': 0.8672}
train: {'epoch': 280, 'eta': 4.7958, 'loss': 1.6721, 'lr': 0.0021, 'params': 632328, 'time_iter': 0.0406, 'accuracy': 0.9658}
train: {'epoch': 281, 'eta': 4.7557, 'loss': 1.672, 'lr': 0.002, 'params': 632328, 'time_iter': 0.0408, 'accuracy': 0.9654}
train: {'epoch': 282, 'eta': 4.7145, 'loss': 1.672, 'lr': 0.002, 'params': 632328, 'time_iter': 0.038, 'accuracy': 0.9658}
train: {'epoch': 283, 'eta': 4.6745, 'loss': 1.6719, 'lr': 0.002, 'params': 632328, 'time_iter': 0.0411, 'accuracy': 0.9663}
train: {'epoch': 284, 'eta': 4.6335, 'loss': 1.6718, 'lr': 0.0019, 'params': 632328, 'time_iter': 0.0385, 'accuracy': 0.9672}
train: {'epoch': 285, 'eta': 4.5931, 'loss': 1.6718, 'lr': 0.0019, 'params': 632328, 'time_iter': 0.04, 'accuracy': 0.9672}
train: {'epoch': 286, 'eta': 4.5544, 'loss': 1.6717, 'lr': 0.0019, 'params': 632328, 'time_iter': 0.0445, 'accuracy': 0.9681}
train: {'epoch': 287, 'eta': 4.5128, 'loss': 1.6717, 'lr': 0.0018, 'params': 632328, 'time_iter': 0.0368, 'accuracy': 0.9681}
train: {'epoch': 288, 'eta': 4.4728, 'loss': 1.6716, 'lr': 0.0018, 'params': 632328, 'time_iter': 0.041, 'accuracy': 0.9668}
train: {'epoch': 289, 'eta': 4.4323, 'loss': 1.6716, 'lr': 0.0018, 'params': 632328, 'time_iter': 0.04, 'accuracy': 0.9668}
train: {'epoch': 290, 'eta': 4.391, 'loss': 1.6715, 'lr': 0.0018, 'params': 632328, 'time_iter': 0.0375, 'accuracy': 0.9677}
train: {'epoch': 291, 'eta': 4.3505, 'loss': 1.6715, 'lr': 0.0017, 'params': 632328, 'time_iter': 0.0397, 'accuracy': 0.9681}
train: {'epoch': 292, 'eta': 4.311, 'loss': 1.6715, 'lr': 0.0017, 'params': 632328, 'time_iter': 0.0423, 'accuracy': 0.9686}
train: {'epoch': 293, 'eta': 4.2706, 'loss': 1.6714, 'lr': 0.0017, 'params': 632328, 'time_iter': 0.04, 'accuracy': 0.9681}
train: {'epoch': 294, 'eta': 4.2304, 'loss': 1.6714, 'lr': 0.0016, 'params': 632328, 'time_iter': 0.0404, 'accuracy': 0.9677}
train: {'epoch': 295, 'eta': 4.1889, 'loss': 1.6714, 'lr': 0.0016, 'params': 632328, 'time_iter': 0.0371, 'accuracy': 0.9668}
train: {'epoch': 296, 'eta': 4.1473, 'loss': 1.6713, 'lr': 0.0016, 'params': 632328, 'time_iter': 0.0365, 'accuracy': 0.9681}
train: {'epoch': 297, 'eta': 4.1066, 'loss': 1.6713, 'lr': 0.0015, 'params': 632328, 'time_iter': 0.0389, 'accuracy': 0.9681}
train: {'epoch': 298, 'eta': 4.0659, 'loss': 1.6713, 'lr': 0.0015, 'params': 632328, 'time_iter': 0.0389, 'accuracy': 0.9677}
train: {'epoch': 299, 'eta': 4.0251, 'loss': 1.6713, 'lr': 0.0015, 'params': 632328, 'time_iter': 0.0387, 'accuracy': 0.9677}
val: {'epoch': 299, 'loss': 1.8525, 'lr': 0, 'params': 632328, 'time_iter': 0.0143, 'accuracy': 0.8653}
train: {'epoch': 300, 'eta': 3.9842, 'loss': 1.6712, 'lr': 0.0015, 'params': 632328, 'time_iter': 0.0382, 'accuracy': 0.9677}
train: {'epoch': 301, 'eta': 3.9432, 'loss': 1.6712, 'lr': 0.0014, 'params': 632328, 'time_iter': 0.0378, 'accuracy': 0.9681}
train: {'epoch': 302, 'eta': 3.902, 'loss': 1.6712, 'lr': 0.0014, 'params': 632328, 'time_iter': 0.0373, 'accuracy': 0.9681}
train: {'epoch': 303, 'eta': 3.8613, 'loss': 1.6712, 'lr': 0.0014, 'params': 632328, 'time_iter': 0.0389, 'accuracy': 0.9681}
train: {'epoch': 304, 'eta': 3.8206, 'loss': 1.6712, 'lr': 0.0014, 'params': 632328, 'time_iter': 0.0385, 'accuracy': 0.9686}
train: {'epoch': 305, 'eta': 3.7798, 'loss': 1.6711, 'lr': 0.0013, 'params': 632328, 'time_iter': 0.0382, 'accuracy': 0.9681}
train: {'epoch': 306, 'eta': 3.7389, 'loss': 1.6711, 'lr': 0.0013, 'params': 632328, 'time_iter': 0.0381, 'accuracy': 0.9681}
train: {'epoch': 307, 'eta': 3.6996, 'loss': 1.6711, 'lr': 0.0013, 'params': 632328, 'time_iter': 0.0432, 'accuracy': 0.9681}
train: {'epoch': 308, 'eta': 3.6595, 'loss': 1.6711, 'lr': 0.0012, 'params': 632328, 'time_iter': 0.0406, 'accuracy': 0.9677}
train: {'epoch': 309, 'eta': 3.619, 'loss': 1.6711, 'lr': 0.0012, 'params': 632328, 'time_iter': 0.0392, 'accuracy': 0.9677}
train: {'epoch': 310, 'eta': 3.5788, 'loss': 1.6711, 'lr': 0.0012, 'params': 632328, 'time_iter': 0.0402, 'accuracy': 0.9677}
train: {'epoch': 311, 'eta': 3.5378, 'loss': 1.6711, 'lr': 0.0012, 'params': 632328, 'time_iter': 0.0377, 'accuracy': 0.9681}
train: {'epoch': 312, 'eta': 3.4969, 'loss': 1.6711, 'lr': 0.0011, 'params': 632328, 'time_iter': 0.0376, 'accuracy': 0.9681}
train: {'epoch': 313, 'eta': 3.457, 'loss': 1.671, 'lr': 0.0011, 'params': 632328, 'time_iter': 0.0411, 'accuracy': 0.9686}
train: {'epoch': 314, 'eta': 3.4175, 'loss': 1.671, 'lr': 0.0011, 'params': 632328, 'time_iter': 0.0428, 'accuracy': 0.9686}
train: {'epoch': 315, 'eta': 3.3768, 'loss': 1.671, 'lr': 0.0011, 'params': 632328, 'time_iter': 0.0385, 'accuracy': 0.9686}
train: {'epoch': 316, 'eta': 3.336, 'loss': 1.671, 'lr': 0.001, 'params': 632328, 'time_iter': 0.0377, 'accuracy': 0.9686}
train: {'epoch': 317, 'eta': 3.2952, 'loss': 1.671, 'lr': 0.001, 'params': 632328, 'time_iter': 0.038, 'accuracy': 0.9686}
train: {'epoch': 318, 'eta': 3.2544, 'loss': 1.671, 'lr': 0.001, 'params': 632328, 'time_iter': 0.0378, 'accuracy': 0.9681}
train: {'epoch': 319, 'eta': 3.2137, 'loss': 1.671, 'lr': 0.001, 'params': 632328, 'time_iter': 0.0381, 'accuracy': 0.9681}
val: {'epoch': 319, 'loss': 1.8552, 'lr': 0, 'params': 632328, 'time_iter': 0.0166, 'accuracy': 0.8635}
train: {'epoch': 320, 'eta': 3.1733, 'loss': 1.671, 'lr': 0.001, 'params': 632328, 'time_iter': 0.039, 'accuracy': 0.9681}
train: {'epoch': 321, 'eta': 3.1333, 'loss': 1.671, 'lr': 0.0009, 'params': 632328, 'time_iter': 0.0408, 'accuracy': 0.9686}
train: {'epoch': 322, 'eta': 3.0932, 'loss': 1.671, 'lr': 0.0009, 'params': 632328, 'time_iter': 0.0407, 'accuracy': 0.9686}
train: {'epoch': 323, 'eta': 3.0528, 'loss': 1.671, 'lr': 0.0009, 'params': 632328, 'time_iter': 0.039, 'accuracy': 0.9681}
train: {'epoch': 324, 'eta': 3.0126, 'loss': 1.6709, 'lr': 0.0009, 'params': 632328, 'time_iter': 0.0404, 'accuracy': 0.9681}
train: {'epoch': 325, 'eta': 2.9723, 'loss': 1.6709, 'lr': 0.0008, 'params': 632328, 'time_iter': 0.0393, 'accuracy': 0.9681}
train: {'epoch': 326, 'eta': 2.9316, 'loss': 1.6709, 'lr': 0.0008, 'params': 632328, 'time_iter': 0.0376, 'accuracy': 0.9686}
train: {'epoch': 327, 'eta': 2.8909, 'loss': 1.6709, 'lr': 0.0008, 'params': 632328, 'time_iter': 0.038, 'accuracy': 0.9686}
train: {'epoch': 328, 'eta': 2.8503, 'loss': 1.6709, 'lr': 0.0008, 'params': 632328, 'time_iter': 0.0378, 'accuracy': 0.9686}
train: {'epoch': 329, 'eta': 2.8098, 'loss': 1.6709, 'lr': 0.0008, 'params': 632328, 'time_iter': 0.0386, 'accuracy': 0.9686}
train: {'epoch': 330, 'eta': 2.7694, 'loss': 1.6709, 'lr': 0.0007, 'params': 632328, 'time_iter': 0.039, 'accuracy': 0.9686}
train: {'epoch': 331, 'eta': 2.7289, 'loss': 1.6709, 'lr': 0.0007, 'params': 632328, 'time_iter': 0.038, 'accuracy': 0.9686}
train: {'epoch': 332, 'eta': 2.6883, 'loss': 1.6709, 'lr': 0.0007, 'params': 632328, 'time_iter': 0.0378, 'accuracy': 0.9681}
train: {'epoch': 333, 'eta': 2.6478, 'loss': 1.6709, 'lr': 0.0007, 'params': 632328, 'time_iter': 0.0382, 'accuracy': 0.9686}
train: {'epoch': 334, 'eta': 2.607, 'loss': 1.6709, 'lr': 0.0007, 'params': 632328, 'time_iter': 0.0367, 'accuracy': 0.9686}
train: {'epoch': 335, 'eta': 2.5668, 'loss': 1.6709, 'lr': 0.0006, 'params': 632328, 'time_iter': 0.0397, 'accuracy': 0.9686}
train: {'epoch': 336, 'eta': 2.5265, 'loss': 1.6709, 'lr': 0.0006, 'params': 632328, 'time_iter': 0.0392, 'accuracy': 0.9686}
train: {'epoch': 337, 'eta': 2.4858, 'loss': 1.6709, 'lr': 0.0006, 'params': 632328, 'time_iter': 0.037, 'accuracy': 0.9681}
train: {'epoch': 338, 'eta': 2.4459, 'loss': 1.6709, 'lr': 0.0006, 'params': 632328, 'time_iter': 0.0409, 'accuracy': 0.9681}
train: {'epoch': 339, 'eta': 2.4064, 'loss': 1.6709, 'lr': 0.0006, 'params': 632328, 'time_iter': 0.0433, 'accuracy': 0.9686}
val: {'epoch': 339, 'loss': 1.8581, 'lr': 0, 'params': 632328, 'time_iter': 0.0152, 'accuracy': 0.8635}
train: {'epoch': 340, 'eta': 2.3658, 'loss': 1.6709, 'lr': 0.0005, 'params': 632328, 'time_iter': 0.0374, 'accuracy': 0.9686}
train: {'epoch': 341, 'eta': 2.3253, 'loss': 1.6709, 'lr': 0.0005, 'params': 632328, 'time_iter': 0.0376, 'accuracy': 0.9686}
train: {'epoch': 342, 'eta': 2.2852, 'loss': 1.6709, 'lr': 0.0005, 'params': 632328, 'time_iter': 0.0402, 'accuracy': 0.9686}
train: {'epoch': 343, 'eta': 2.245, 'loss': 1.6709, 'lr': 0.0005, 'params': 632328, 'time_iter': 0.0394, 'accuracy': 0.9686}
train: {'epoch': 344, 'eta': 2.2049, 'loss': 1.6709, 'lr': 0.0005, 'params': 632328, 'time_iter': 0.0401, 'accuracy': 0.9686}
train: {'epoch': 345, 'eta': 2.1646, 'loss': 1.6709, 'lr': 0.0005, 'params': 632328, 'time_iter': 0.0388, 'accuracy': 0.9686}
train: {'epoch': 346, 'eta': 2.1243, 'loss': 1.6709, 'lr': 0.0004, 'params': 632328, 'time_iter': 0.0387, 'accuracy': 0.9686}
train: {'epoch': 347, 'eta': 2.0844, 'loss': 1.6709, 'lr': 0.0004, 'params': 632328, 'time_iter': 0.0412, 'accuracy': 0.9686}
train: {'epoch': 348, 'eta': 2.0444, 'loss': 1.6709, 'lr': 0.0004, 'params': 632328, 'time_iter': 0.0403, 'accuracy': 0.9686}
train: {'epoch': 349, 'eta': 2.0045, 'loss': 1.6709, 'lr': 0.0004, 'params': 632328, 'time_iter': 0.0416, 'accuracy': 0.9686}
train: {'epoch': 350, 'eta': 1.9644, 'loss': 1.6709, 'lr': 0.0004, 'params': 632328, 'time_iter': 0.0399, 'accuracy': 0.9686}
train: {'epoch': 351, 'eta': 1.9243, 'loss': 1.6708, 'lr': 0.0004, 'params': 632328, 'time_iter': 0.04, 'accuracy': 0.9686}
train: {'epoch': 352, 'eta': 1.884, 'loss': 1.6708, 'lr': 0.0004, 'params': 632328, 'time_iter': 0.039, 'accuracy': 0.9686}
train: {'epoch': 353, 'eta': 1.8439, 'loss': 1.6708, 'lr': 0.0003, 'params': 632328, 'time_iter': 0.0398, 'accuracy': 0.9686}
train: {'epoch': 354, 'eta': 1.8036, 'loss': 1.6708, 'lr': 0.0003, 'params': 632328, 'time_iter': 0.038, 'accuracy': 0.9686}
train: {'epoch': 355, 'eta': 1.7633, 'loss': 1.6708, 'lr': 0.0003, 'params': 632328, 'time_iter': 0.0388, 'accuracy': 0.9686}
train: {'epoch': 356, 'eta': 1.7231, 'loss': 1.6708, 'lr': 0.0003, 'params': 632328, 'time_iter': 0.0386, 'accuracy': 0.9686}
train: {'epoch': 357, 'eta': 1.6829, 'loss': 1.6708, 'lr': 0.0003, 'params': 632328, 'time_iter': 0.039, 'accuracy': 0.9686}
train: {'epoch': 358, 'eta': 1.6429, 'loss': 1.6708, 'lr': 0.0003, 'params': 632328, 'time_iter': 0.0411, 'accuracy': 0.9686}
train: {'epoch': 359, 'eta': 1.6039, 'loss': 1.6708, 'lr': 0.0003, 'params': 632328, 'time_iter': 0.0498, 'accuracy': 0.9686}
val: {'epoch': 359, 'loss': 1.8602, 'lr': 0, 'params': 632328, 'time_iter': 0.0158, 'accuracy': 0.8616}
train: {'epoch': 360, 'eta': 1.5639, 'loss': 1.6708, 'lr': 0.0002, 'params': 632328, 'time_iter': 0.0404, 'accuracy': 0.9686}
train: {'epoch': 361, 'eta': 1.5239, 'loss': 1.6708, 'lr': 0.0002, 'params': 632328, 'time_iter': 0.0411, 'accuracy': 0.9686}
train: {'epoch': 362, 'eta': 1.4833, 'loss': 1.6708, 'lr': 0.0002, 'params': 632328, 'time_iter': 0.0351, 'accuracy': 0.9686}
train: {'epoch': 363, 'eta': 1.4433, 'loss': 1.6708, 'lr': 0.0002, 'params': 632328, 'time_iter': 0.0416, 'accuracy': 0.9686}
train: {'epoch': 364, 'eta': 1.4031, 'loss': 1.6708, 'lr': 0.0002, 'params': 632328, 'time_iter': 0.0383, 'accuracy': 0.9686}
train: {'epoch': 365, 'eta': 1.3628, 'loss': 1.6708, 'lr': 0.0002, 'params': 632328, 'time_iter': 0.0378, 'accuracy': 0.9686}
train: {'epoch': 366, 'eta': 1.3228, 'loss': 1.6708, 'lr': 0.0002, 'params': 632328, 'time_iter': 0.0409, 'accuracy': 0.9686}
train: {'epoch': 367, 'eta': 1.2826, 'loss': 1.6708, 'lr': 0.0002, 'params': 632328, 'time_iter': 0.0394, 'accuracy': 0.9686}
train: {'epoch': 368, 'eta': 1.2425, 'loss': 1.6708, 'lr': 0.0002, 'params': 632328, 'time_iter': 0.0399, 'accuracy': 0.9686}
train: {'epoch': 369, 'eta': 1.2024, 'loss': 1.6708, 'lr': 0.0001, 'params': 632328, 'time_iter': 0.0397, 'accuracy': 0.9686}
train: {'epoch': 370, 'eta': 1.1622, 'loss': 1.6708, 'lr': 0.0001, 'params': 632328, 'time_iter': 0.0381, 'accuracy': 0.9686}
train: {'epoch': 371, 'eta': 1.122, 'loss': 1.6708, 'lr': 0.0001, 'params': 632328, 'time_iter': 0.0382, 'accuracy': 0.9686}
train: {'epoch': 372, 'eta': 1.0818, 'loss': 1.6708, 'lr': 0.0001, 'params': 632328, 'time_iter': 0.0394, 'accuracy': 0.9686}
train: {'epoch': 373, 'eta': 1.0418, 'loss': 1.6708, 'lr': 0.0001, 'params': 632328, 'time_iter': 0.0409, 'accuracy': 0.9686}
train: {'epoch': 374, 'eta': 1.0017, 'loss': 1.6708, 'lr': 0.0001, 'params': 632328, 'time_iter': 0.0395, 'accuracy': 0.9686}
train: {'epoch': 375, 'eta': 0.9617, 'loss': 1.6708, 'lr': 0.0001, 'params': 632328, 'time_iter': 0.0405, 'accuracy': 0.9686}
train: {'epoch': 376, 'eta': 0.9214, 'loss': 1.6708, 'lr': 0.0001, 'params': 632328, 'time_iter': 0.0367, 'accuracy': 0.9686}
train: {'epoch': 377, 'eta': 0.8814, 'loss': 1.6708, 'lr': 0.0001, 'params': 632328, 'time_iter': 0.0401, 'accuracy': 0.9686}
train: {'epoch': 378, 'eta': 0.8412, 'loss': 1.6708, 'lr': 0.0001, 'params': 632328, 'time_iter': 0.0389, 'accuracy': 0.9686}
train: {'epoch': 379, 'eta': 0.801, 'loss': 1.6708, 'lr': 0.0001, 'params': 632328, 'time_iter': 0.0372, 'accuracy': 0.9686}
val: {'epoch': 379, 'loss': 1.8615, 'lr': 0, 'params': 632328, 'time_iter': 0.0177, 'accuracy': 0.8635}
train: {'epoch': 380, 'eta': 0.761, 'loss': 1.6708, 'lr': 0.0001, 'params': 632328, 'time_iter': 0.0415, 'accuracy': 0.9686}
train: {'epoch': 381, 'eta': 0.7209, 'loss': 1.6708, 'lr': 0.0001, 'params': 632328, 'time_iter': 0.0392, 'accuracy': 0.9686}
train: {'epoch': 382, 'eta': 0.681, 'loss': 1.6708, 'lr': 0.0, 'params': 632328, 'time_iter': 0.0415, 'accuracy': 0.9686}
train: {'epoch': 383, 'eta': 0.6409, 'loss': 1.6708, 'lr': 0.0, 'params': 632328, 'time_iter': 0.0396, 'accuracy': 0.9686}
train: {'epoch': 384, 'eta': 0.6008, 'loss': 1.6708, 'lr': 0.0, 'params': 632328, 'time_iter': 0.039, 'accuracy': 0.9686}
train: {'epoch': 385, 'eta': 0.5609, 'loss': 1.6708, 'lr': 0.0, 'params': 632328, 'time_iter': 0.0436, 'accuracy': 0.9686}
train: {'epoch': 386, 'eta': 0.5208, 'loss': 1.6708, 'lr': 0.0, 'params': 632328, 'time_iter': 0.0389, 'accuracy': 0.9686}
train: {'epoch': 387, 'eta': 0.4807, 'loss': 1.6708, 'lr': 0.0, 'params': 632328, 'time_iter': 0.0415, 'accuracy': 0.9686}
train: {'epoch': 388, 'eta': 0.4407, 'loss': 1.6708, 'lr': 0.0, 'params': 632328, 'time_iter': 0.0408, 'accuracy': 0.9686}
train: {'epoch': 389, 'eta': 0.4006, 'loss': 1.6708, 'lr': 0.0, 'params': 632328, 'time_iter': 0.0385, 'accuracy': 0.9686}
train: {'epoch': 390, 'eta': 0.3605, 'loss': 1.6708, 'lr': 0.0, 'params': 632328, 'time_iter': 0.0399, 'accuracy': 0.9686}
train: {'epoch': 391, 'eta': 0.3204, 'loss': 1.6708, 'lr': 0.0, 'params': 632328, 'time_iter': 0.0381, 'accuracy': 0.9686}
train: {'epoch': 392, 'eta': 0.2803, 'loss': 1.6708, 'lr': 0.0, 'params': 632328, 'time_iter': 0.0378, 'accuracy': 0.9686}
train: {'epoch': 393, 'eta': 0.2403, 'loss': 1.6708, 'lr': 0.0, 'params': 632328, 'time_iter': 0.0388, 'accuracy': 0.9686}
train: {'epoch': 394, 'eta': 0.2002, 'loss': 1.6708, 'lr': 0.0, 'params': 632328, 'time_iter': 0.0402, 'accuracy': 0.9686}
train: {'epoch': 395, 'eta': 0.1602, 'loss': 1.6708, 'lr': 0.0, 'params': 632328, 'time_iter': 0.0408, 'accuracy': 0.9686}
train: {'epoch': 396, 'eta': 0.1201, 'loss': 1.6708, 'lr': 0.0, 'params': 632328, 'time_iter': 0.0392, 'accuracy': 0.9686}
train: {'epoch': 397, 'eta': 0.0801, 'loss': 1.6708, 'lr': 0.0, 'params': 632328, 'time_iter': 0.043, 'accuracy': 0.9686}
train: {'epoch': 398, 'eta': 0.0401, 'loss': 1.6708, 'lr': 0.0, 'params': 632328, 'time_iter': 0.0402, 'accuracy': 0.9686}
train: {'epoch': 399, 'eta': 0.0, 'loss': 1.6708, 'lr': 0.0, 'params': 632328, 'time_iter': 0.04, 'accuracy': 0.9686}
val: {'epoch': 399, 'loss': 1.8621, 'lr': 0, 'params': 632328, 'time_iter': 0.0159, 'accuracy': 0.8653}
Task done, results saved in results/example_noneq_1
Results aggregated across runs saved in results/example_noneq_1/agg
