Load: 0.06993s, Before split: 0.0004182s, Split: 0.0001988s, After split: 0.0003042s
GNN(
  (preprocess): Preprocess(
    node_feature: dim_out=1433
    Total: dim_out=1433
  )
  (pre_mp): GeneralMultiLayer(
    (Layer_0): GeneralLayer(
      (layer): Linear(
        (model): Linear(in_features=1433, out_features=256, bias=False)
      )
      (post_layer): Sequential(
        (0): BatchNorm1d(256, eps=1e-05, momentum=0.1, affine=True, track_running_stats=True)
        (1): PReLU(num_parameters=1)
      )
    )
  )
  (mp): GNNStackStage(
    (layer0): GeneralLayer(
      (layer): GeneralConv(
        (model): GeneralConvLayer(256, 256)
      )
      (post_layer): Sequential(
        (0): BatchNorm1d(256, eps=1e-05, momentum=0.1, affine=True, track_running_stats=True)
        (1): PReLU(num_parameters=1)
      )
    )
    (layer1): GeneralLayer(
      (layer): GeneralConv(
        (model): GeneralConvLayer(256, 256)
      )
      (post_layer): Sequential(
        (0): BatchNorm1d(256, eps=1e-05, momentum=0.1, affine=True, track_running_stats=True)
        (1): PReLU(num_parameters=1)
      )
    )
  )
  (post_mp): GNNNodeHead(
    (layer_post_mp): MLP(
      (model): Sequential(
        (0): Linear(
          (model): Linear(in_features=256, out_features=7, bias=True)
        )
      )
    )
  )
)
bn:
  eps: 1e-05
  mom: 0.1
cfg_dest: config.yaml
custom_metrics: []
dataset:
  augment_feature: []
  augment_feature_dims: []
  augment_feature_repr: position
  augment_label: 
  augment_label_dims: 0
  cache_load: False
  cache_save: False
  dir: ./datasets
  edge_dim: 128
  edge_encoder: False
  edge_encoder_bn: True
  edge_encoder_name: Bond
  edge_message_ratio: 0.8
  edge_negative_sampling_ratio: 1.0
  edge_train_mode: all
  encoder: True
  encoder_bn: True
  encoder_dim: 128
  encoder_name: db
  format: PyG
  label_column: none
  label_table: none
  location: local
  name: Cora
  node_encoder: False
  node_encoder_bn: True
  node_encoder_name: Atom
  remove_feature: False
  resample_disjoint: False
  resample_negative: False
  shuffle_split: True
  split: [0.8, 0.2]
  split_mode: random
  task: node
  task_type: classification
  to_undirected: False
  transductive: True
  transform: none
  tu_simple: True
device: cpu
example_arg: example
example_group:
  example_arg: example
gnn:
  act: prelu
  agg: add
  att_final_linear: False
  att_final_linear_bn: False
  att_heads: 1
  batchnorm: True
  clear_feature: True
  dim_inner: 256
  dropout: 0.0
  flow: source_to_target
  head: node
  keep_edge: 0.5
  l2norm: True
  layer_type: generalconv
  layers_mp: 2
  layers_post_mp: 1
  layers_pre_mp: 1
  msg_direction: single
  normalize_adj: False
  self_msg: concat
  skip_every: 1
  stage_type: stack
gpu_mem: False
mem:
  inplace: False
metric_agg: argmax
metric_best: auto
model:
  edge_decoding: dot
  graph_pooling: add
  loss_fun: cross_entropy
  match_upper: True
  size_average: mean
  thresh: 0.5
  type: gnn
num_threads: 6
num_workers: 0
optim:
  base_lr: 0.01
  lr_decay: 0.1
  max_epoch: 400
  momentum: 0.9
  optimizer: adam
  scheduler: cos
  steps: [30, 60, 90]
  weight_decay: 0.0005
out_dir: results/example_noneq_6
params: 632328
print: both
round: 4
run_dir: results/example_noneq_6/1
seed: 2
share:
  dim_in: 1433
  dim_out: 7
  num_splits: 2
tensorboard_agg: True
tensorboard_each_run: False
train:
  auto_resume: False
  batch_size: 32
  ckpt_clean: True
  ckpt_period: 100
  enable_ckpt: True
  energy_alpha: 0.8
  energy_beta: 0.8
  energy_reg: True
  epoch_resume: -1
  eval_period: 20
  iter_per_epoch: 32
  mode: standard
  neighbor_sizes: [20, 15, 10, 5]
  node_per_graph: 32
  radius: extend
  sample_node: False
  sampler: full_batch
  skip_train_eval: False
  walk_length: 4
val:
  node_per_graph: 32
  radius: extend
  sample_node: False
  sampler: full_batch
view_emb: False
Num parameters: 632328
Start from epoch 0
train: {'epoch': 0, 'eta': 45.664, 'loss': 3.4047, 'lr': 0.01, 'params': 632328, 'time_iter': 0.1144, 'accuracy': 0.1685}
val: {'epoch': 0, 'loss': 2.6758, 'lr': 0, 'params': 632328, 'time_iter': 0.0401, 'accuracy': 0.3819}
train: {'epoch': 1, 'eta': 45.3753, 'loss': 2.7848, 'lr': 0.01, 'params': 632328, 'time_iter': 0.1136, 'accuracy': 0.603}
train: {'epoch': 2, 'eta': 46.0025, 'loss': 2.4733, 'lr': 0.01, 'params': 632328, 'time_iter': 0.1196, 'accuracy': 0.6477}
train: {'epoch': 3, 'eta': 47.3413, 'loss': 2.2476, 'lr': 0.01, 'params': 632328, 'time_iter': 0.1306, 'accuracy': 0.6884}
train: {'epoch': 4, 'eta': 48.3753, 'loss': 2.0749, 'lr': 0.01, 'params': 632328, 'time_iter': 0.1342, 'accuracy': 0.7415}
train: {'epoch': 5, 'eta': 47.504, 'loss': 1.9444, 'lr': 0.01, 'params': 632328, 'time_iter': 0.1111, 'accuracy': 0.813}
train: {'epoch': 6, 'eta': 47.0594, 'loss': 1.8292, 'lr': 0.01, 'params': 632328, 'time_iter': 0.1148, 'accuracy': 0.838}
train: {'epoch': 7, 'eta': 45.9369, 'loss': 1.7323, 'lr': 0.01, 'params': 632328, 'time_iter': 0.0993, 'accuracy': 0.8629}
train: {'epoch': 8, 'eta': 45.9806, 'loss': 1.6509, 'lr': 0.01, 'params': 632328, 'time_iter': 0.1209, 'accuracy': 0.8772}
train: {'epoch': 9, 'eta': 47.128, 'loss': 1.5825, 'lr': 0.01, 'params': 632328, 'time_iter': 0.15, 'accuracy': 0.8924}
train: {'epoch': 10, 'eta': 46.4606, 'loss': 1.5257, 'lr': 0.01, 'params': 632328, 'time_iter': 0.1054, 'accuracy': 0.8984}
train: {'epoch': 11, 'eta': 46.178, 'loss': 1.475, 'lr': 0.01, 'params': 632328, 'time_iter': 0.1144, 'accuracy': 0.9007}
train: {'epoch': 12, 'eta': 46.4337, 'loss': 1.4291, 'lr': 0.01, 'params': 632328, 'time_iter': 0.1316, 'accuracy': 0.9086}
train: {'epoch': 13, 'eta': 46.2621, 'loss': 1.3894, 'lr': 0.01, 'params': 632328, 'time_iter': 0.1181, 'accuracy': 0.916}
train: {'epoch': 14, 'eta': 46.2412, 'loss': 1.354, 'lr': 0.01, 'params': 632328, 'time_iter': 0.1237, 'accuracy': 0.9192}
train: {'epoch': 15, 'eta': 45.867, 'loss': 1.3225, 'lr': 0.01, 'params': 632328, 'time_iter': 0.1095, 'accuracy': 0.9224}
train: {'epoch': 16, 'eta': 45.9021, 'loss': 1.2932, 'lr': 0.01, 'params': 632328, 'time_iter': 0.1263, 'accuracy': 0.9257}
train: {'epoch': 17, 'eta': 45.5255, 'loss': 1.2668, 'lr': 0.01, 'params': 632328, 'time_iter': 0.1077, 'accuracy': 0.9303}
train: {'epoch': 18, 'eta': 45.3689, 'loss': 1.2429, 'lr': 0.01, 'params': 632328, 'time_iter': 0.1173, 'accuracy': 0.9358}
train: {'epoch': 19, 'eta': 45.017, 'loss': 1.2217, 'lr': 0.0099, 'params': 632328, 'time_iter': 0.1068, 'accuracy': 0.9395}
val: {'epoch': 19, 'loss': 1.3215, 'lr': 0, 'params': 632328, 'time_iter': 0.05, 'accuracy': 0.8819}
train: {'epoch': 20, 'eta': 44.6062, 'loss': 1.2024, 'lr': 0.0099, 'params': 632328, 'time_iter': 0.1023, 'accuracy': 0.94}
train: {'epoch': 21, 'eta': 44.1913, 'loss': 1.1849, 'lr': 0.0099, 'params': 632328, 'time_iter': 0.1004, 'accuracy': 0.9428}
train: {'epoch': 22, 'eta': 43.9442, 'loss': 1.168, 'lr': 0.0099, 'params': 632328, 'time_iter': 0.109, 'accuracy': 0.9492}
train: {'epoch': 23, 'eta': 43.5621, 'loss': 1.1529, 'lr': 0.0099, 'params': 632328, 'time_iter': 0.0996, 'accuracy': 0.9501}
train: {'epoch': 24, 'eta': 43.3441, 'loss': 1.1397, 'lr': 0.0099, 'params': 632328, 'time_iter': 0.109, 'accuracy': 0.9552}
train: {'epoch': 25, 'eta': 42.9841, 'loss': 1.1275, 'lr': 0.0099, 'params': 632328, 'time_iter': 0.0986, 'accuracy': 0.9594}
train: {'epoch': 26, 'eta': 42.722, 'loss': 1.1156, 'lr': 0.0099, 'params': 632328, 'time_iter': 0.1043, 'accuracy': 0.9621}
train: {'epoch': 27, 'eta': 42.3415, 'loss': 1.1054, 'lr': 0.0099, 'params': 632328, 'time_iter': 0.0945, 'accuracy': 0.9626}
train: {'epoch': 28, 'eta': 42.1699, 'loss': 1.0989, 'lr': 0.0099, 'params': 632328, 'time_iter': 0.1093, 'accuracy': 0.9691}
train: {'epoch': 29, 'eta': 41.8991, 'loss': 1.1148, 'lr': 0.0099, 'params': 632328, 'time_iter': 0.1009, 'accuracy': 0.958}
train: {'epoch': 30, 'eta': 41.6413, 'loss': 1.1657, 'lr': 0.0099, 'params': 632328, 'time_iter': 0.1011, 'accuracy': 0.9478}
train: {'epoch': 31, 'eta': 41.2728, 'loss': 1.155, 'lr': 0.0099, 'params': 632328, 'time_iter': 0.0906, 'accuracy': 0.9386}
train: {'epoch': 32, 'eta': 40.9624, 'loss': 1.1335, 'lr': 0.0098, 'params': 632328, 'time_iter': 0.0943, 'accuracy': 0.9492}
train: {'epoch': 33, 'eta': 40.7997, 'loss': 1.0883, 'lr': 0.0098, 'params': 632328, 'time_iter': 0.1069, 'accuracy': 0.9654}
train: {'epoch': 34, 'eta': 40.5354, 'loss': 1.0942, 'lr': 0.0098, 'params': 632328, 'time_iter': 0.0968, 'accuracy': 0.9594}
train: {'epoch': 35, 'eta': 40.6785, 'loss': 1.0921, 'lr': 0.0098, 'params': 632328, 'time_iter': 0.1362, 'accuracy': 0.9631}
train: {'epoch': 36, 'eta': 40.3462, 'loss': 1.0699, 'lr': 0.0098, 'params': 632328, 'time_iter': 0.0893, 'accuracy': 0.9723}
train: {'epoch': 37, 'eta': 40.1866, 'loss': 1.064, 'lr': 0.0098, 'params': 632328, 'time_iter': 0.1061, 'accuracy': 0.9677}
train: {'epoch': 38, 'eta': 39.9054, 'loss': 1.0625, 'lr': 0.0098, 'params': 632328, 'time_iter': 0.0926, 'accuracy': 0.9645}
train: {'epoch': 39, 'eta': 39.7743, 'loss': 1.0567, 'lr': 0.0098, 'params': 632328, 'time_iter': 0.1083, 'accuracy': 0.9714}
val: {'epoch': 39, 'loss': 1.2818, 'lr': 0, 'params': 632328, 'time_iter': 0.043, 'accuracy': 0.8967}
train: {'epoch': 40, 'eta': 39.5383, 'loss': 1.045, 'lr': 0.0098, 'params': 632328, 'time_iter': 0.0961, 'accuracy': 0.9774}
train: {'epoch': 41, 'eta': 39.4243, 'loss': 1.0367, 'lr': 0.0097, 'params': 632328, 'time_iter': 0.1097, 'accuracy': 0.9792}
train: {'epoch': 42, 'eta': 39.1589, 'loss': 1.0327, 'lr': 0.0097, 'params': 632328, 'time_iter': 0.0914, 'accuracy': 0.9797}
train: {'epoch': 43, 'eta': 39.0609, 'loss': 1.0269, 'lr': 0.0097, 'params': 632328, 'time_iter': 0.1111, 'accuracy': 0.9834}
train: {'epoch': 44, 'eta': 38.8425, 'loss': 1.0234, 'lr': 0.0097, 'params': 632328, 'time_iter': 0.0959, 'accuracy': 0.982}
train: {'epoch': 45, 'eta': 38.7237, 'loss': 1.0298, 'lr': 0.0097, 'params': 632328, 'time_iter': 0.1082, 'accuracy': 0.9783}
train: {'epoch': 46, 'eta': 38.4988, 'loss': 1.0394, 'lr': 0.0097, 'params': 632328, 'time_iter': 0.094, 'accuracy': 0.9672}
train: {'epoch': 47, 'eta': 38.3767, 'loss': 1.0162, 'lr': 0.0097, 'params': 632328, 'time_iter': 0.1073, 'accuracy': 0.9815}
train: {'epoch': 48, 'eta': 38.2434, 'loss': 1.0194, 'lr': 0.0096, 'params': 632328, 'time_iter': 0.1056, 'accuracy': 0.9746}
train: {'epoch': 49, 'eta': 38.0733, 'loss': 1.0075, 'lr': 0.0096, 'params': 632328, 'time_iter': 0.1002, 'accuracy': 0.9806}
train: {'epoch': 50, 'eta': 38.4523, 'loss': 1.0076, 'lr': 0.0096, 'params': 632328, 'time_iter': 0.1801, 'accuracy': 0.9838}
train: {'epoch': 51, 'eta': 38.4654, 'loss': 1.0028, 'lr': 0.0096, 'params': 632328, 'time_iter': 0.1286, 'accuracy': 0.9875}
train: {'epoch': 52, 'eta': 38.4608, 'loss': 1.0053, 'lr': 0.0096, 'params': 632328, 'time_iter': 0.1267, 'accuracy': 0.9838}
train: {'epoch': 53, 'eta': 38.5092, 'loss': 0.9979, 'lr': 0.0096, 'params': 632328, 'time_iter': 0.1357, 'accuracy': 0.9848}
train: {'epoch': 54, 'eta': 38.7792, 'loss': 0.9917, 'lr': 0.0096, 'params': 632328, 'time_iter': 0.1721, 'accuracy': 0.9889}
train: {'epoch': 55, 'eta': 39.0985, 'loss': 0.9921, 'lr': 0.0095, 'params': 632328, 'time_iter': 0.1827, 'accuracy': 0.9903}
train: {'epoch': 56, 'eta': 39.7179, 'loss': 0.9905, 'lr': 0.0095, 'params': 632328, 'time_iter': 0.2355, 'accuracy': 0.988}
train: {'epoch': 57, 'eta': 40.0278, 'loss': 0.9921, 'lr': 0.0095, 'params': 632328, 'time_iter': 0.188, 'accuracy': 0.9894}
train: {'epoch': 58, 'eta': 40.431, 'loss': 0.9912, 'lr': 0.0095, 'params': 632328, 'time_iter': 0.207, 'accuracy': 0.988}
train: {'epoch': 59, 'eta': 40.5664, 'loss': 0.992, 'lr': 0.0095, 'params': 632328, 'time_iter': 0.1634, 'accuracy': 0.9861}
val: {'epoch': 59, 'loss': 1.3001, 'lr': 0, 'params': 632328, 'time_iter': 0.0654, 'accuracy': 0.869}
train: {'epoch': 60, 'eta': 40.3687, 'loss': 0.992, 'lr': 0.0095, 'params': 632328, 'time_iter': 0.1052, 'accuracy': 0.9908}
train: {'epoch': 61, 'eta': 40.2674, 'loss': 0.9823, 'lr': 0.0094, 'params': 632328, 'time_iter': 0.1223, 'accuracy': 0.9926}
train: {'epoch': 62, 'eta': 40.1047, 'loss': 0.9795, 'lr': 0.0094, 'params': 632328, 'time_iter': 0.111, 'accuracy': 0.9898}
train: {'epoch': 63, 'eta': 39.8964, 'loss': 0.974, 'lr': 0.0094, 'params': 632328, 'time_iter': 0.102, 'accuracy': 0.9931}
train: {'epoch': 64, 'eta': 39.6936, 'loss': 0.9735, 'lr': 0.0094, 'params': 632328, 'time_iter': 0.1024, 'accuracy': 0.9931}
train: {'epoch': 65, 'eta': 39.4813, 'loss': 0.9688, 'lr': 0.0094, 'params': 632328, 'time_iter': 0.0999, 'accuracy': 0.994}
train: {'epoch': 66, 'eta': 39.2816, 'loss': 0.9675, 'lr': 0.0093, 'params': 632328, 'time_iter': 0.1018, 'accuracy': 0.9949}
train: {'epoch': 67, 'eta': 39.1142, 'loss': 0.9617, 'lr': 0.0093, 'params': 632328, 'time_iter': 0.1078, 'accuracy': 0.9954}
train: {'epoch': 68, 'eta': 38.9347, 'loss': 0.9596, 'lr': 0.0093, 'params': 632328, 'time_iter': 0.105, 'accuracy': 0.9968}
train: {'epoch': 69, 'eta': 38.7471, 'loss': 0.9574, 'lr': 0.0093, 'params': 632328, 'time_iter': 0.1028, 'accuracy': 0.9972}
train: {'epoch': 70, 'eta': 38.5614, 'loss': 0.9549, 'lr': 0.0093, 'params': 632328, 'time_iter': 0.1027, 'accuracy': 0.9968}
train: {'epoch': 71, 'eta': 38.3843, 'loss': 0.9573, 'lr': 0.0092, 'params': 632328, 'time_iter': 0.1041, 'accuracy': 0.9958}
train: {'epoch': 72, 'eta': 38.1517, 'loss': 0.9716, 'lr': 0.0092, 'params': 632328, 'time_iter': 0.0912, 'accuracy': 0.9889}
train: {'epoch': 73, 'eta': 38.0338, 'loss': 1.0069, 'lr': 0.0092, 'params': 632328, 'time_iter': 0.1164, 'accuracy': 0.9778}
train: {'epoch': 74, 'eta': 37.8962, 'loss': 0.9865, 'lr': 0.0092, 'params': 632328, 'time_iter': 0.1118, 'accuracy': 0.9806}
train: {'epoch': 75, 'eta': 37.8402, 'loss': 0.9857, 'lr': 0.0092, 'params': 632328, 'time_iter': 0.1308, 'accuracy': 0.9857}
train: {'epoch': 76, 'eta': 37.584, 'loss': 0.9691, 'lr': 0.0091, 'params': 632328, 'time_iter': 0.0835, 'accuracy': 0.9935}
train: {'epoch': 77, 'eta': 37.4537, 'loss': 0.9723, 'lr': 0.0091, 'params': 632328, 'time_iter': 0.113, 'accuracy': 0.9922}
train: {'epoch': 78, 'eta': 37.2712, 'loss': 0.9659, 'lr': 0.0091, 'params': 632328, 'time_iter': 0.1, 'accuracy': 0.9917}
train: {'epoch': 79, 'eta': 37.1109, 'loss': 0.9575, 'lr': 0.0091, 'params': 632328, 'time_iter': 0.1051, 'accuracy': 0.9954}
val: {'epoch': 79, 'loss': 1.2372, 'lr': 0, 'params': 632328, 'time_iter': 0.0473, 'accuracy': 0.8967}
train: {'epoch': 80, 'eta': 36.9591, 'loss': 0.956, 'lr': 0.009, 'params': 632328, 'time_iter': 0.1069, 'accuracy': 0.9958}
train: {'epoch': 81, 'eta': 36.8286, 'loss': 0.9545, 'lr': 0.009, 'params': 632328, 'time_iter': 0.1121, 'accuracy': 0.9963}
train: {'epoch': 82, 'eta': 36.6644, 'loss': 0.9515, 'lr': 0.009, 'params': 632328, 'time_iter': 0.1031, 'accuracy': 0.9977}
train: {'epoch': 83, 'eta': 36.5153, 'loss': 0.9478, 'lr': 0.009, 'params': 632328, 'time_iter': 0.1068, 'accuracy': 0.9977}
train: {'epoch': 84, 'eta': 36.3342, 'loss': 0.946, 'lr': 0.009, 'params': 632328, 'time_iter': 0.0979, 'accuracy': 0.9972}
train: {'epoch': 85, 'eta': 36.2313, 'loss': 0.9433, 'lr': 0.0089, 'params': 632328, 'time_iter': 0.1187, 'accuracy': 0.9972}
train: {'epoch': 86, 'eta': 36.0351, 'loss': 0.9414, 'lr': 0.0089, 'params': 632328, 'time_iter': 0.0929, 'accuracy': 0.9972}
train: {'epoch': 87, 'eta': 35.9217, 'loss': 0.9401, 'lr': 0.0089, 'params': 632328, 'time_iter': 0.1156, 'accuracy': 0.9972}
train: {'epoch': 88, 'eta': 35.7774, 'loss': 0.9379, 'lr': 0.0089, 'params': 632328, 'time_iter': 0.1068, 'accuracy': 0.9977}
train: {'epoch': 89, 'eta': 35.6295, 'loss': 0.9365, 'lr': 0.0088, 'params': 632328, 'time_iter': 0.1055, 'accuracy': 0.9982}
train: {'epoch': 90, 'eta': 35.4607, 'loss': 0.9347, 'lr': 0.0088, 'params': 632328, 'time_iter': 0.0991, 'accuracy': 0.9991}
train: {'epoch': 91, 'eta': 35.3126, 'loss': 0.9339, 'lr': 0.0088, 'params': 632328, 'time_iter': 0.1048, 'accuracy': 0.9986}
train: {'epoch': 92, 'eta': 35.1221, 'loss': 0.9338, 'lr': 0.0088, 'params': 632328, 'time_iter': 0.0917, 'accuracy': 1.0}
train: {'epoch': 93, 'eta': 34.9606, 'loss': 0.935, 'lr': 0.0087, 'params': 632328, 'time_iter': 0.1, 'accuracy': 0.9972}
train: {'epoch': 94, 'eta': 34.8483, 'loss': 0.9591, 'lr': 0.0087, 'params': 632328, 'time_iter': 0.1149, 'accuracy': 0.9917}
train: {'epoch': 95, 'eta': 34.7177, 'loss': 1.1948, 'lr': 0.0087, 'params': 632328, 'time_iter': 0.1091, 'accuracy': 0.9344}
train: {'epoch': 96, 'eta': 34.6054, 'loss': 1.1441, 'lr': 0.0086, 'params': 632328, 'time_iter': 0.1148, 'accuracy': 0.9303}
train: {'epoch': 97, 'eta': 34.5211, 'loss': 1.2011, 'lr': 0.0086, 'params': 632328, 'time_iter': 0.1239, 'accuracy': 0.9137}
train: {'epoch': 98, 'eta': 34.5211, 'loss': 1.0624, 'lr': 0.0086, 'params': 632328, 'time_iter': 0.1519, 'accuracy': 0.9552}
train: {'epoch': 99, 'eta': 34.5696, 'loss': 1.0528, 'lr': 0.0086, 'params': 632328, 'time_iter': 0.1691, 'accuracy': 0.9668}
val: {'epoch': 99, 'loss': 1.3582, 'lr': 0, 'params': 632328, 'time_iter': 0.0492, 'accuracy': 0.8579}
train: {'epoch': 100, 'eta': 34.4616, 'loss': 1.0427, 'lr': 0.0085, 'params': 632328, 'time_iter': 0.1177, 'accuracy': 0.9765}
train: {'epoch': 101, 'eta': 34.346, 'loss': 1.0199, 'lr': 0.0085, 'params': 632328, 'time_iter': 0.1151, 'accuracy': 0.9788}
train: {'epoch': 102, 'eta': 34.1663, 'loss': 1.0121, 'lr': 0.0085, 'params': 632328, 'time_iter': 0.0929, 'accuracy': 0.9801}
train: {'epoch': 103, 'eta': 34.0533, 'loss': 1.0021, 'lr': 0.0085, 'params': 632328, 'time_iter': 0.1158, 'accuracy': 0.9838}
train: {'epoch': 104, 'eta': 33.9072, 'loss': 0.9954, 'lr': 0.0084, 'params': 632328, 'time_iter': 0.104, 'accuracy': 0.9852}
train: {'epoch': 105, 'eta': 33.811, 'loss': 0.9888, 'lr': 0.0084, 'params': 632328, 'time_iter': 0.1217, 'accuracy': 0.9861}
train: {'epoch': 106, 'eta': 33.6342, 'loss': 0.9808, 'lr': 0.0084, 'params': 632328, 'time_iter': 0.0925, 'accuracy': 0.9908}
train: {'epoch': 107, 'eta': 33.5138, 'loss': 0.9743, 'lr': 0.0083, 'params': 632328, 'time_iter': 0.1127, 'accuracy': 0.9917}
train: {'epoch': 108, 'eta': 33.5105, 'loss': 0.9696, 'lr': 0.0083, 'params': 632328, 'time_iter': 0.1565, 'accuracy': 0.994}
train: {'epoch': 109, 'eta': 33.3784, 'loss': 0.9655, 'lr': 0.0083, 'params': 632328, 'time_iter': 0.1087, 'accuracy': 0.9945}
train: {'epoch': 110, 'eta': 33.2347, 'loss': 0.9621, 'lr': 0.0082, 'params': 632328, 'time_iter': 0.1041, 'accuracy': 0.9935}
train: {'epoch': 111, 'eta': 33.1002, 'loss': 0.9587, 'lr': 0.0082, 'params': 632328, 'time_iter': 0.1074, 'accuracy': 0.9949}
train: {'epoch': 112, 'eta': 32.9519, 'loss': 0.9559, 'lr': 0.0082, 'params': 632328, 'time_iter': 0.1018, 'accuracy': 0.9954}
train: {'epoch': 113, 'eta': 32.8184, 'loss': 0.9532, 'lr': 0.0082, 'params': 632328, 'time_iter': 0.1074, 'accuracy': 0.9958}
train: {'epoch': 114, 'eta': 32.6817, 'loss': 0.9505, 'lr': 0.0081, 'params': 632328, 'time_iter': 0.1059, 'accuracy': 0.9968}
train: {'epoch': 115, 'eta': 32.5226, 'loss': 0.9479, 'lr': 0.0081, 'params': 632328, 'time_iter': 0.0965, 'accuracy': 0.9963}
train: {'epoch': 116, 'eta': 32.3765, 'loss': 0.9457, 'lr': 0.0081, 'params': 632328, 'time_iter': 0.1015, 'accuracy': 0.9972}
train: {'epoch': 117, 'eta': 32.2524, 'loss': 0.9435, 'lr': 0.008, 'params': 632328, 'time_iter': 0.1103, 'accuracy': 0.9972}
train: {'epoch': 118, 'eta': 32.1326, 'loss': 0.9415, 'lr': 0.008, 'params': 632328, 'time_iter': 0.112, 'accuracy': 0.9977}
train: {'epoch': 119, 'eta': 32.0079, 'loss': 0.9399, 'lr': 0.008, 'params': 632328, 'time_iter': 0.1099, 'accuracy': 0.9982}
val: {'epoch': 119, 'loss': 1.2237, 'lr': 0, 'params': 632328, 'time_iter': 0.0468, 'accuracy': 0.8911}
train: {'epoch': 120, 'eta': 31.8356, 'loss': 0.9384, 'lr': 0.0079, 'params': 632328, 'time_iter': 0.0892, 'accuracy': 0.9972}
train: {'epoch': 121, 'eta': 31.7126, 'loss': 0.9367, 'lr': 0.0079, 'params': 632328, 'time_iter': 0.1102, 'accuracy': 0.9986}
train: {'epoch': 122, 'eta': 31.5405, 'loss': 0.935, 'lr': 0.0079, 'params': 632328, 'time_iter': 0.0883, 'accuracy': 0.9986}
train: {'epoch': 123, 'eta': 31.4228, 'loss': 0.9337, 'lr': 0.0078, 'params': 632328, 'time_iter': 0.1121, 'accuracy': 0.9982}
train: {'epoch': 124, 'eta': 31.2673, 'loss': 0.9327, 'lr': 0.0078, 'params': 632328, 'time_iter': 0.0949, 'accuracy': 0.9982}
train: {'epoch': 125, 'eta': 31.1395, 'loss': 0.9316, 'lr': 0.0078, 'params': 632328, 'time_iter': 0.1072, 'accuracy': 0.9986}
train: {'epoch': 126, 'eta': 31.0032, 'loss': 0.9315, 'lr': 0.0077, 'params': 632328, 'time_iter': 0.1031, 'accuracy': 0.9986}
train: {'epoch': 127, 'eta': 30.8656, 'loss': 0.9324, 'lr': 0.0077, 'params': 632328, 'time_iter': 0.1023, 'accuracy': 0.9991}
train: {'epoch': 128, 'eta': 30.7269, 'loss': 0.93, 'lr': 0.0077, 'params': 632328, 'time_iter': 0.1015, 'accuracy': 0.9982}
train: {'epoch': 129, 'eta': 30.5904, 'loss': 0.9299, 'lr': 0.0076, 'params': 632328, 'time_iter': 0.1022, 'accuracy': 0.9986}
train: {'epoch': 130, 'eta': 30.4539, 'loss': 0.9276, 'lr': 0.0076, 'params': 632328, 'time_iter': 0.102, 'accuracy': 0.9991}
train: {'epoch': 131, 'eta': 30.3098, 'loss': 0.9276, 'lr': 0.0076, 'params': 632328, 'time_iter': 0.098, 'accuracy': 0.9991}
train: {'epoch': 132, 'eta': 30.1758, 'loss': 0.9284, 'lr': 0.0075, 'params': 632328, 'time_iter': 0.1027, 'accuracy': 0.9991}
train: {'epoch': 133, 'eta': 30.0314, 'loss': 0.9282, 'lr': 0.0075, 'params': 632328, 'time_iter': 0.0972, 'accuracy': 0.9986}
train: {'epoch': 134, 'eta': 29.8905, 'loss': 0.9266, 'lr': 0.0075, 'params': 632328, 'time_iter': 0.0987, 'accuracy': 0.9991}
train: {'epoch': 135, 'eta': 29.7464, 'loss': 0.9252, 'lr': 0.0074, 'params': 632328, 'time_iter': 0.0967, 'accuracy': 0.9982}
train: {'epoch': 136, 'eta': 29.6135, 'loss': 0.9245, 'lr': 0.0074, 'params': 632328, 'time_iter': 0.1021, 'accuracy': 0.9991}
train: {'epoch': 137, 'eta': 29.47, 'loss': 0.9228, 'lr': 0.0074, 'params': 632328, 'time_iter': 0.0964, 'accuracy': 0.9991}
train: {'epoch': 138, 'eta': 29.353, 'loss': 0.9228, 'lr': 0.0073, 'params': 632328, 'time_iter': 0.1101, 'accuracy': 0.9995}
train: {'epoch': 139, 'eta': 29.224, 'loss': 0.9211, 'lr': 0.0073, 'params': 632328, 'time_iter': 0.1035, 'accuracy': 0.9995}
val: {'epoch': 139, 'loss': 1.2122, 'lr': 0, 'params': 632328, 'time_iter': 0.0653, 'accuracy': 0.8782}
train: {'epoch': 140, 'eta': 29.1221, 'loss': 0.9212, 'lr': 0.0073, 'params': 632328, 'time_iter': 0.1181, 'accuracy': 0.9995}
train: {'epoch': 141, 'eta': 29.0108, 'loss': 0.9207, 'lr': 0.0072, 'params': 632328, 'time_iter': 0.1131, 'accuracy': 0.9995}
train: {'epoch': 142, 'eta': 29.0954, 'loss': 0.9197, 'lr': 0.0072, 'params': 632328, 'time_iter': 0.2221, 'accuracy': 0.9991}
train: {'epoch': 143, 'eta': 29.1262, 'loss': 0.9194, 'lr': 0.0072, 'params': 632328, 'time_iter': 0.1942, 'accuracy': 0.9995}
train: {'epoch': 144, 'eta': 29.1804, 'loss': 0.9188, 'lr': 0.0071, 'params': 632328, 'time_iter': 0.2093, 'accuracy': 1.0}
train: {'epoch': 145, 'eta': 29.1612, 'loss': 0.9184, 'lr': 0.0071, 'params': 632328, 'time_iter': 0.1692, 'accuracy': 0.9991}
train: {'epoch': 146, 'eta': 29.077, 'loss': 0.9171, 'lr': 0.0071, 'params': 632328, 'time_iter': 0.1326, 'accuracy': 0.9991}
train: {'epoch': 147, 'eta': 28.928, 'loss': 0.9171, 'lr': 0.007, 'params': 632328, 'time_iter': 0.095, 'accuracy': 0.9995}
train: {'epoch': 148, 'eta': 28.8138, 'loss': 0.9176, 'lr': 0.007, 'params': 632328, 'time_iter': 0.1151, 'accuracy': 0.9995}
train: {'epoch': 149, 'eta': 28.6702, 'loss': 0.9187, 'lr': 0.0069, 'params': 632328, 'time_iter': 0.0975, 'accuracy': 1.0}
train: {'epoch': 150, 'eta': 28.5285, 'loss': 0.9244, 'lr': 0.0069, 'params': 632328, 'time_iter': 0.0983, 'accuracy': 0.9963}
train: {'epoch': 151, 'eta': 28.3917, 'loss': 0.9197, 'lr': 0.0069, 'params': 632328, 'time_iter': 0.101, 'accuracy': 0.9995}
train: {'epoch': 152, 'eta': 28.2473, 'loss': 0.9199, 'lr': 0.0068, 'params': 632328, 'time_iter': 0.0959, 'accuracy': 1.0}
train: {'epoch': 153, 'eta': 28.1162, 'loss': 0.9197, 'lr': 0.0068, 'params': 632328, 'time_iter': 0.1039, 'accuracy': 0.9991}
train: {'epoch': 154, 'eta': 27.9871, 'loss': 0.9184, 'lr': 0.0068, 'params': 632328, 'time_iter': 0.1049, 'accuracy': 0.9991}
train: {'epoch': 155, 'eta': 27.873, 'loss': 0.9178, 'lr': 0.0067, 'params': 632328, 'time_iter': 0.1143, 'accuracy': 1.0}
train: {'epoch': 156, 'eta': 27.7415, 'loss': 0.9164, 'lr': 0.0067, 'params': 632328, 'time_iter': 0.1031, 'accuracy': 0.9991}
train: {'epoch': 157, 'eta': 27.618, 'loss': 0.9159, 'lr': 0.0067, 'params': 632328, 'time_iter': 0.1081, 'accuracy': 0.9991}
train: {'epoch': 158, 'eta': 27.4945, 'loss': 0.9152, 'lr': 0.0066, 'params': 632328, 'time_iter': 0.1079, 'accuracy': 1.0}
train: {'epoch': 159, 'eta': 27.3496, 'loss': 0.9145, 'lr': 0.0066, 'params': 632328, 'time_iter': 0.0936, 'accuracy': 1.0}
val: {'epoch': 159, 'loss': 1.2069, 'lr': 0, 'params': 632328, 'time_iter': 0.0552, 'accuracy': 0.893}
train: {'epoch': 160, 'eta': 27.2625, 'loss': 0.914, 'lr': 0.0065, 'params': 632328, 'time_iter': 0.1321, 'accuracy': 0.9995}
train: {'epoch': 161, 'eta': 27.1384, 'loss': 0.913, 'lr': 0.0065, 'params': 632328, 'time_iter': 0.1073, 'accuracy': 0.9995}
train: {'epoch': 162, 'eta': 26.99, 'loss': 0.913, 'lr': 0.0065, 'params': 632328, 'time_iter': 0.0904, 'accuracy': 1.0}
train: {'epoch': 163, 'eta': 26.8897, 'loss': 0.9123, 'lr': 0.0064, 'params': 632328, 'time_iter': 0.1233, 'accuracy': 1.0}
train: {'epoch': 164, 'eta': 26.76, 'loss': 0.9118, 'lr': 0.0064, 'params': 632328, 'time_iter': 0.1028, 'accuracy': 0.9995}
train: {'epoch': 165, 'eta': 26.6264, 'loss': 0.9114, 'lr': 0.0064, 'params': 632328, 'time_iter': 0.0999, 'accuracy': 0.9995}
train: {'epoch': 166, 'eta': 26.493, 'loss': 0.911, 'lr': 0.0063, 'params': 632328, 'time_iter': 0.0998, 'accuracy': 1.0}
train: {'epoch': 167, 'eta': 26.3679, 'loss': 0.9106, 'lr': 0.0063, 'params': 632328, 'time_iter': 0.1054, 'accuracy': 1.0}
train: {'epoch': 168, 'eta': 26.3114, 'loss': 0.9103, 'lr': 0.0062, 'params': 632328, 'time_iter': 0.1555, 'accuracy': 0.9995}
train: {'epoch': 169, 'eta': 26.1939, 'loss': 0.9099, 'lr': 0.0062, 'params': 632328, 'time_iter': 0.1112, 'accuracy': 0.9995}
train: {'epoch': 170, 'eta': 26.0742, 'loss': 0.9097, 'lr': 0.0062, 'params': 632328, 'time_iter': 0.1096, 'accuracy': 1.0}
train: {'epoch': 171, 'eta': 25.9694, 'loss': 0.9093, 'lr': 0.0061, 'params': 632328, 'time_iter': 0.1207, 'accuracy': 1.0}
train: {'epoch': 172, 'eta': 25.8363, 'loss': 0.9091, 'lr': 0.0061, 'params': 632328, 'time_iter': 0.0993, 'accuracy': 0.9995}
train: {'epoch': 173, 'eta': 25.7044, 'loss': 0.9088, 'lr': 0.0061, 'params': 632328, 'time_iter': 0.0999, 'accuracy': 1.0}
train: {'epoch': 174, 'eta': 25.5714, 'loss': 0.9084, 'lr': 0.006, 'params': 632328, 'time_iter': 0.0987, 'accuracy': 1.0}
train: {'epoch': 175, 'eta': 25.4392, 'loss': 0.9084, 'lr': 0.006, 'params': 632328, 'time_iter': 0.0991, 'accuracy': 0.9995}
train: {'epoch': 176, 'eta': 25.3157, 'loss': 0.9082, 'lr': 0.0059, 'params': 632328, 'time_iter': 0.1057, 'accuracy': 1.0}
train: {'epoch': 177, 'eta': 25.1854, 'loss': 0.9085, 'lr': 0.0059, 'params': 632328, 'time_iter': 0.1, 'accuracy': 1.0}
train: {'epoch': 178, 'eta': 25.0539, 'loss': 0.9123, 'lr': 0.0059, 'params': 632328, 'time_iter': 0.0988, 'accuracy': 1.0}
train: {'epoch': 179, 'eta': 24.9278, 'loss': 0.9252, 'lr': 0.0058, 'params': 632328, 'time_iter': 0.1029, 'accuracy': 0.9922}
val: {'epoch': 179, 'loss': 1.3454, 'lr': 0, 'params': 632328, 'time_iter': 0.0442, 'accuracy': 0.869}
train: {'epoch': 180, 'eta': 24.8337, 'loss': 1.0105, 'lr': 0.0058, 'params': 632328, 'time_iter': 0.1292, 'accuracy': 0.9645}
train: {'epoch': 181, 'eta': 24.7263, 'loss': 0.978, 'lr': 0.0057, 'params': 632328, 'time_iter': 0.1184, 'accuracy': 0.9778}
train: {'epoch': 182, 'eta': 24.6124, 'loss': 1.0375, 'lr': 0.0057, 'params': 632328, 'time_iter': 0.113, 'accuracy': 0.9668}
train: {'epoch': 183, 'eta': 24.4951, 'loss': 1.0538, 'lr': 0.0057, 'params': 632328, 'time_iter': 0.1101, 'accuracy': 0.964}
train: {'epoch': 184, 'eta': 24.4008, 'loss': 1.0384, 'lr': 0.0056, 'params': 632328, 'time_iter': 0.1298, 'accuracy': 0.9612}
train: {'epoch': 185, 'eta': 24.2894, 'loss': 1.0213, 'lr': 0.0056, 'params': 632328, 'time_iter': 0.1153, 'accuracy': 0.9695}
train: {'epoch': 186, 'eta': 24.1779, 'loss': 1.0053, 'lr': 0.0055, 'params': 632328, 'time_iter': 0.1153, 'accuracy': 0.9746}
train: {'epoch': 187, 'eta': 24.0558, 'loss': 0.9884, 'lr': 0.0055, 'params': 632328, 'time_iter': 0.1059, 'accuracy': 0.9848}
train: {'epoch': 188, 'eta': 23.9377, 'loss': 0.9759, 'lr': 0.0055, 'params': 632328, 'time_iter': 0.1093, 'accuracy': 0.9861}
train: {'epoch': 189, 'eta': 23.814, 'loss': 0.967, 'lr': 0.0054, 'params': 632328, 'time_iter': 0.1041, 'accuracy': 0.9894}
train: {'epoch': 190, 'eta': 23.6841, 'loss': 0.9591, 'lr': 0.0054, 'params': 632328, 'time_iter': 0.0983, 'accuracy': 0.9922}
train: {'epoch': 191, 'eta': 23.5554, 'loss': 0.9525, 'lr': 0.0054, 'params': 632328, 'time_iter': 0.0992, 'accuracy': 0.9926}
train: {'epoch': 192, 'eta': 23.4306, 'loss': 0.9472, 'lr': 0.0053, 'params': 632328, 'time_iter': 0.1025, 'accuracy': 0.9945}
train: {'epoch': 193, 'eta': 23.3112, 'loss': 0.9426, 'lr': 0.0053, 'params': 632328, 'time_iter': 0.1073, 'accuracy': 0.9963}
train: {'epoch': 194, 'eta': 23.1749, 'loss': 0.9389, 'lr': 0.0052, 'params': 632328, 'time_iter': 0.0911, 'accuracy': 0.9972}
train: {'epoch': 195, 'eta': 23.0629, 'loss': 0.9358, 'lr': 0.0052, 'params': 632328, 'time_iter': 0.1141, 'accuracy': 0.9977}
train: {'epoch': 196, 'eta': 22.9226, 'loss': 0.933, 'lr': 0.0052, 'params': 632328, 'time_iter': 0.0866, 'accuracy': 0.9972}
train: {'epoch': 197, 'eta': 22.8047, 'loss': 0.9305, 'lr': 0.0051, 'params': 632328, 'time_iter': 0.1081, 'accuracy': 0.9977}
train: {'epoch': 198, 'eta': 22.6761, 'loss': 0.9285, 'lr': 0.0051, 'params': 632328, 'time_iter': 0.0973, 'accuracy': 0.9982}
train: {'epoch': 199, 'eta': 22.5567, 'loss': 0.9267, 'lr': 0.005, 'params': 632328, 'time_iter': 0.1062, 'accuracy': 0.9986}
val: {'epoch': 199, 'loss': 1.2526, 'lr': 0, 'params': 632328, 'time_iter': 0.0479, 'accuracy': 0.8893}
train: {'epoch': 200, 'eta': 22.4216, 'loss': 0.9251, 'lr': 0.005, 'params': 632328, 'time_iter': 0.0903, 'accuracy': 0.9991}
train: {'epoch': 201, 'eta': 22.3009, 'loss': 0.9236, 'lr': 0.005, 'params': 632328, 'time_iter': 0.1045, 'accuracy': 0.9991}
train: {'epoch': 202, 'eta': 22.1724, 'loss': 0.9224, 'lr': 0.0049, 'params': 632328, 'time_iter': 0.0963, 'accuracy': 0.9991}
train: {'epoch': 203, 'eta': 22.0555, 'loss': 0.9214, 'lr': 0.0049, 'params': 632328, 'time_iter': 0.108, 'accuracy': 0.9995}
train: {'epoch': 204, 'eta': 21.935, 'loss': 0.9205, 'lr': 0.0048, 'params': 632328, 'time_iter': 0.1042, 'accuracy': 0.9995}
train: {'epoch': 205, 'eta': 21.8261, 'loss': 0.9195, 'lr': 0.0048, 'params': 632328, 'time_iter': 0.1163, 'accuracy': 1.0}
train: {'epoch': 206, 'eta': 21.6988, 'loss': 0.9186, 'lr': 0.0048, 'params': 632328, 'time_iter': 0.0966, 'accuracy': 1.0}
train: {'epoch': 207, 'eta': 21.5749, 'loss': 0.9178, 'lr': 0.0047, 'params': 632328, 'time_iter': 0.1, 'accuracy': 1.0}
train: {'epoch': 208, 'eta': 21.4541, 'loss': 0.9171, 'lr': 0.0047, 'params': 632328, 'time_iter': 0.1032, 'accuracy': 0.9995}
train: {'epoch': 209, 'eta': 21.3274, 'loss': 0.9165, 'lr': 0.0046, 'params': 632328, 'time_iter': 0.0964, 'accuracy': 0.9991}
train: {'epoch': 210, 'eta': 21.2114, 'loss': 0.916, 'lr': 0.0046, 'params': 632328, 'time_iter': 0.1081, 'accuracy': 0.9991}
train: {'epoch': 211, 'eta': 21.0868, 'loss': 0.9155, 'lr': 0.0046, 'params': 632328, 'time_iter': 0.0983, 'accuracy': 0.9991}
train: {'epoch': 212, 'eta': 20.9763, 'loss': 0.915, 'lr': 0.0045, 'params': 632328, 'time_iter': 0.114, 'accuracy': 0.9995}
train: {'epoch': 213, 'eta': 20.8519, 'loss': 0.9145, 'lr': 0.0045, 'params': 632328, 'time_iter': 0.0981, 'accuracy': 0.9995}
train: {'epoch': 214, 'eta': 20.7319, 'loss': 0.914, 'lr': 0.0045, 'params': 632328, 'time_iter': 0.1029, 'accuracy': 1.0}
train: {'epoch': 215, 'eta': 20.6106, 'loss': 0.9136, 'lr': 0.0044, 'params': 632328, 'time_iter': 0.1013, 'accuracy': 1.0}
train: {'epoch': 216, 'eta': 20.491, 'loss': 0.9132, 'lr': 0.0044, 'params': 632328, 'time_iter': 0.103, 'accuracy': 1.0}
train: {'epoch': 217, 'eta': 20.368, 'loss': 0.9129, 'lr': 0.0043, 'params': 632328, 'time_iter': 0.0987, 'accuracy': 1.0}
train: {'epoch': 218, 'eta': 20.2565, 'loss': 0.9125, 'lr': 0.0043, 'params': 632328, 'time_iter': 0.1125, 'accuracy': 1.0}
train: {'epoch': 219, 'eta': 20.1369, 'loss': 0.9122, 'lr': 0.0043, 'params': 632328, 'time_iter': 0.1025, 'accuracy': 1.0}
val: {'epoch': 219, 'loss': 1.201, 'lr': 0, 'params': 632328, 'time_iter': 0.04, 'accuracy': 0.8985}
train: {'epoch': 220, 'eta': 20.0106, 'loss': 0.9119, 'lr': 0.0042, 'params': 632328, 'time_iter': 0.0941, 'accuracy': 0.9995}
train: {'epoch': 221, 'eta': 19.8878, 'loss': 0.9116, 'lr': 0.0042, 'params': 632328, 'time_iter': 0.098, 'accuracy': 0.9995}
train: {'epoch': 222, 'eta': 19.769, 'loss': 0.9114, 'lr': 0.0041, 'params': 632328, 'time_iter': 0.1029, 'accuracy': 0.9995}
train: {'epoch': 223, 'eta': 19.6507, 'loss': 0.9111, 'lr': 0.0041, 'params': 632328, 'time_iter': 0.1033, 'accuracy': 0.9995}
train: {'epoch': 224, 'eta': 19.5317, 'loss': 0.9108, 'lr': 0.0041, 'params': 632328, 'time_iter': 0.1022, 'accuracy': 0.9995}
train: {'epoch': 225, 'eta': 19.4173, 'loss': 0.9106, 'lr': 0.004, 'params': 632328, 'time_iter': 0.108, 'accuracy': 0.9995}
train: {'epoch': 226, 'eta': 19.3102, 'loss': 0.9103, 'lr': 0.004, 'params': 632328, 'time_iter': 0.1175, 'accuracy': 1.0}
train: {'epoch': 227, 'eta': 19.2873, 'loss': 0.9101, 'lr': 0.0039, 'params': 632328, 'time_iter': 0.2291, 'accuracy': 0.9995}
train: {'epoch': 228, 'eta': 19.3557, 'loss': 0.9099, 'lr': 0.0039, 'params': 632328, 'time_iter': 0.3539, 'accuracy': 0.9995}
train: {'epoch': 229, 'eta': 19.5068, 'loss': 0.9097, 'lr': 0.0039, 'params': 632328, 'time_iter': 0.4709, 'accuracy': 0.9995}
train: {'epoch': 230, 'eta': 19.4313, 'loss': 0.9095, 'lr': 0.0038, 'params': 632328, 'time_iter': 0.1683, 'accuracy': 0.9995}
train: {'epoch': 231, 'eta': 19.3348, 'loss': 0.9093, 'lr': 0.0038, 'params': 632328, 'time_iter': 0.1405, 'accuracy': 0.9995}
train: {'epoch': 232, 'eta': 19.2354, 'loss': 0.9091, 'lr': 0.0038, 'params': 632328, 'time_iter': 0.137, 'accuracy': 0.9995}
train: {'epoch': 233, 'eta': 19.1384, 'loss': 0.9089, 'lr': 0.0037, 'params': 632328, 'time_iter': 0.1408, 'accuracy': 0.9995}
train: {'epoch': 234, 'eta': 19.0488, 'loss': 0.9087, 'lr': 0.0037, 'params': 632328, 'time_iter': 0.1519, 'accuracy': 1.0}
train: {'epoch': 235, 'eta': 18.9523, 'loss': 0.9085, 'lr': 0.0036, 'params': 632328, 'time_iter': 0.1427, 'accuracy': 1.0}
train: {'epoch': 236, 'eta': 18.8607, 'loss': 0.9084, 'lr': 0.0036, 'params': 632328, 'time_iter': 0.1504, 'accuracy': 1.0}
train: {'epoch': 237, 'eta': 18.7513, 'loss': 0.9082, 'lr': 0.0036, 'params': 632328, 'time_iter': 0.125, 'accuracy': 1.0}
train: {'epoch': 238, 'eta': 18.6545, 'loss': 0.908, 'lr': 0.0035, 'params': 632328, 'time_iter': 0.1439, 'accuracy': 1.0}
train: {'epoch': 239, 'eta': 18.5561, 'loss': 0.9079, 'lr': 0.0035, 'params': 632328, 'time_iter': 0.1419, 'accuracy': 1.0}
val: {'epoch': 239, 'loss': 1.1883, 'lr': 0, 'params': 632328, 'time_iter': 0.0758, 'accuracy': 0.8948}
train: {'epoch': 240, 'eta': 18.4679, 'loss': 0.9077, 'lr': 0.0035, 'params': 632328, 'time_iter': 0.1581, 'accuracy': 1.0}
train: {'epoch': 241, 'eta': 18.3411, 'loss': 0.9076, 'lr': 0.0034, 'params': 632328, 'time_iter': 0.0999, 'accuracy': 1.0}
train: {'epoch': 242, 'eta': 18.2181, 'loss': 0.9074, 'lr': 0.0034, 'params': 632328, 'time_iter': 0.1054, 'accuracy': 1.0}
train: {'epoch': 243, 'eta': 18.0913, 'loss': 0.9073, 'lr': 0.0033, 'params': 632328, 'time_iter': 0.0993, 'accuracy': 1.0}
train: {'epoch': 244, 'eta': 17.9621, 'loss': 0.9071, 'lr': 0.0033, 'params': 632328, 'time_iter': 0.095, 'accuracy': 1.0}
train: {'epoch': 245, 'eta': 17.836, 'loss': 0.907, 'lr': 0.0033, 'params': 632328, 'time_iter': 0.0995, 'accuracy': 1.0}
train: {'epoch': 246, 'eta': 17.7091, 'loss': 0.9069, 'lr': 0.0032, 'params': 632328, 'time_iter': 0.098, 'accuracy': 1.0}
train: {'epoch': 247, 'eta': 17.5838, 'loss': 0.9068, 'lr': 0.0032, 'params': 632328, 'time_iter': 0.1002, 'accuracy': 1.0}
train: {'epoch': 248, 'eta': 17.4561, 'loss': 0.9066, 'lr': 0.0032, 'params': 632328, 'time_iter': 0.0959, 'accuracy': 1.0}
train: {'epoch': 249, 'eta': 17.3934, 'loss': 0.9065, 'lr': 0.0031, 'params': 632328, 'time_iter': 0.2039, 'accuracy': 1.0}
train: {'epoch': 250, 'eta': 17.3027, 'loss': 0.9064, 'lr': 0.0031, 'params': 632328, 'time_iter': 0.1585, 'accuracy': 1.0}
train: {'epoch': 251, 'eta': 17.2045, 'loss': 0.9063, 'lr': 0.0031, 'params': 632328, 'time_iter': 0.1466, 'accuracy': 1.0}
train: {'epoch': 252, 'eta': 17.1096, 'loss': 0.9062, 'lr': 0.003, 'params': 632328, 'time_iter': 0.1531, 'accuracy': 1.0}
train: {'epoch': 253, 'eta': 17.0245, 'loss': 0.9061, 'lr': 0.003, 'params': 632328, 'time_iter': 0.1707, 'accuracy': 1.0}
train: {'epoch': 254, 'eta': 16.924, 'loss': 0.906, 'lr': 0.0029, 'params': 632328, 'time_iter': 0.145, 'accuracy': 1.0}
train: {'epoch': 255, 'eta': 16.7977, 'loss': 0.9059, 'lr': 0.0029, 'params': 632328, 'time_iter': 0.0997, 'accuracy': 1.0}
train: {'epoch': 256, 'eta': 16.6913, 'loss': 0.9058, 'lr': 0.0029, 'params': 632328, 'time_iter': 0.135, 'accuracy': 1.0}
train: {'epoch': 257, 'eta': 16.5812, 'loss': 0.9057, 'lr': 0.0028, 'params': 632328, 'time_iter': 0.1288, 'accuracy': 1.0}
train: {'epoch': 258, 'eta': 16.463, 'loss': 0.9056, 'lr': 0.0028, 'params': 632328, 'time_iter': 0.1141, 'accuracy': 1.0}
train: {'epoch': 259, 'eta': 16.3488, 'loss': 0.9055, 'lr': 0.0028, 'params': 632328, 'time_iter': 0.1216, 'accuracy': 1.0}
val: {'epoch': 259, 'loss': 1.194, 'lr': 0, 'params': 632328, 'time_iter': 0.0455, 'accuracy': 0.8948}
train: {'epoch': 260, 'eta': 16.2298, 'loss': 0.9054, 'lr': 0.0027, 'params': 632328, 'time_iter': 0.1126, 'accuracy': 1.0}
train: {'epoch': 261, 'eta': 16.1128, 'loss': 0.9053, 'lr': 0.0027, 'params': 632328, 'time_iter': 0.1162, 'accuracy': 1.0}
train: {'epoch': 262, 'eta': 15.9898, 'loss': 0.9053, 'lr': 0.0027, 'params': 632328, 'time_iter': 0.1048, 'accuracy': 1.0}
train: {'epoch': 263, 'eta': 15.8705, 'loss': 0.9052, 'lr': 0.0026, 'params': 632328, 'time_iter': 0.1116, 'accuracy': 1.0}
train: {'epoch': 264, 'eta': 15.751, 'loss': 0.9051, 'lr': 0.0026, 'params': 632328, 'time_iter': 0.1113, 'accuracy': 1.0}
train: {'epoch': 265, 'eta': 15.6335, 'loss': 0.905, 'lr': 0.0026, 'params': 632328, 'time_iter': 0.115, 'accuracy': 1.0}
train: {'epoch': 266, 'eta': 15.5113, 'loss': 0.905, 'lr': 0.0025, 'params': 632328, 'time_iter': 0.1054, 'accuracy': 1.0}
train: {'epoch': 267, 'eta': 15.3889, 'loss': 0.9049, 'lr': 0.0025, 'params': 632328, 'time_iter': 0.105, 'accuracy': 1.0}
train: {'epoch': 268, 'eta': 15.2635, 'loss': 0.9048, 'lr': 0.0025, 'params': 632328, 'time_iter': 0.0985, 'accuracy': 1.0}
train: {'epoch': 269, 'eta': 15.1415, 'loss': 0.9047, 'lr': 0.0024, 'params': 632328, 'time_iter': 0.1051, 'accuracy': 1.0}
train: {'epoch': 270, 'eta': 15.022, 'loss': 0.9047, 'lr': 0.0024, 'params': 632328, 'time_iter': 0.1102, 'accuracy': 1.0}
train: {'epoch': 271, 'eta': 14.8998, 'loss': 0.9046, 'lr': 0.0024, 'params': 632328, 'time_iter': 0.1042, 'accuracy': 1.0}
train: {'epoch': 272, 'eta': 14.7988, 'loss': 0.9046, 'lr': 0.0023, 'params': 632328, 'time_iter': 0.1494, 'accuracy': 1.0}
train: {'epoch': 273, 'eta': 14.7026, 'loss': 0.9045, 'lr': 0.0023, 'params': 632328, 'time_iter': 0.1607, 'accuracy': 1.0}
train: {'epoch': 274, 'eta': 14.6505, 'loss': 0.9044, 'lr': 0.0023, 'params': 632328, 'time_iter': 0.2588, 'accuracy': 1.0}
train: {'epoch': 275, 'eta': 14.5421, 'loss': 0.9044, 'lr': 0.0022, 'params': 632328, 'time_iter': 0.1368, 'accuracy': 1.0}
train: {'epoch': 276, 'eta': 14.4174, 'loss': 0.9043, 'lr': 0.0022, 'params': 632328, 'time_iter': 0.1007, 'accuracy': 1.0}
train: {'epoch': 277, 'eta': 14.3076, 'loss': 0.9043, 'lr': 0.0022, 'params': 632328, 'time_iter': 0.134, 'accuracy': 1.0}
train: {'epoch': 278, 'eta': 14.1885, 'loss': 0.9042, 'lr': 0.0021, 'params': 632328, 'time_iter': 0.113, 'accuracy': 1.0}
train: {'epoch': 279, 'eta': 14.071, 'loss': 0.9041, 'lr': 0.0021, 'params': 632328, 'time_iter': 0.1168, 'accuracy': 1.0}
val: {'epoch': 279, 'loss': 1.1982, 'lr': 0, 'params': 632328, 'time_iter': 0.0415, 'accuracy': 0.893}
train: {'epoch': 280, 'eta': 13.9508, 'loss': 0.9041, 'lr': 0.0021, 'params': 632328, 'time_iter': 0.1102, 'accuracy': 1.0}
train: {'epoch': 281, 'eta': 13.8261, 'loss': 0.904, 'lr': 0.002, 'params': 632328, 'time_iter': 0.0995, 'accuracy': 1.0}
train: {'epoch': 282, 'eta': 13.7064, 'loss': 0.904, 'lr': 0.002, 'params': 632328, 'time_iter': 0.111, 'accuracy': 1.0}
train: {'epoch': 283, 'eta': 13.5856, 'loss': 0.9039, 'lr': 0.002, 'params': 632328, 'time_iter': 0.1082, 'accuracy': 1.0}
train: {'epoch': 284, 'eta': 13.4608, 'loss': 0.9039, 'lr': 0.0019, 'params': 632328, 'time_iter': 0.098, 'accuracy': 1.0}
train: {'epoch': 285, 'eta': 13.3378, 'loss': 0.9038, 'lr': 0.0019, 'params': 632328, 'time_iter': 0.1022, 'accuracy': 1.0}
train: {'epoch': 286, 'eta': 13.2173, 'loss': 0.9038, 'lr': 0.0019, 'params': 632328, 'time_iter': 0.1081, 'accuracy': 1.0}
train: {'epoch': 287, 'eta': 13.093, 'loss': 0.9038, 'lr': 0.0018, 'params': 632328, 'time_iter': 0.0981, 'accuracy': 1.0}
train: {'epoch': 288, 'eta': 13.0383, 'loss': 0.9037, 'lr': 0.0018, 'params': 632328, 'time_iter': 0.2789, 'accuracy': 1.0}
train: {'epoch': 289, 'eta': 12.9262, 'loss': 0.9037, 'lr': 0.0018, 'params': 632328, 'time_iter': 0.1316, 'accuracy': 1.0}
train: {'epoch': 290, 'eta': 12.8181, 'loss': 0.9037, 'lr': 0.0018, 'params': 632328, 'time_iter': 0.1425, 'accuracy': 1.0}
train: {'epoch': 291, 'eta': 12.7078, 'loss': 0.9036, 'lr': 0.0017, 'params': 632328, 'time_iter': 0.1375, 'accuracy': 1.0}
train: {'epoch': 292, 'eta': 12.5918, 'loss': 0.9037, 'lr': 0.0017, 'params': 632328, 'time_iter': 0.1222, 'accuracy': 1.0}
train: {'epoch': 293, 'eta': 12.4779, 'loss': 0.9036, 'lr': 0.0017, 'params': 632328, 'time_iter': 0.1281, 'accuracy': 1.0}
train: {'epoch': 294, 'eta': 12.3712, 'loss': 0.9036, 'lr': 0.0016, 'params': 632328, 'time_iter': 0.1486, 'accuracy': 1.0}
train: {'epoch': 295, 'eta': 12.2596, 'loss': 0.9035, 'lr': 0.0016, 'params': 632328, 'time_iter': 0.1356, 'accuracy': 1.0}
train: {'epoch': 296, 'eta': 12.1799, 'loss': 0.9034, 'lr': 0.0016, 'params': 632328, 'time_iter': 0.228, 'accuracy': 1.0}
train: {'epoch': 297, 'eta': 12.0922, 'loss': 0.9035, 'lr': 0.0015, 'params': 632328, 'time_iter': 0.2075, 'accuracy': 1.0}
train: {'epoch': 298, 'eta': 12.0011, 'loss': 0.9034, 'lr': 0.0015, 'params': 632328, 'time_iter': 0.1998, 'accuracy': 1.0}
train: {'epoch': 299, 'eta': 11.9015, 'loss': 0.9033, 'lr': 0.0015, 'params': 632328, 'time_iter': 0.1765, 'accuracy': 1.0}
val: {'epoch': 299, 'loss': 1.2023, 'lr': 0, 'params': 632328, 'time_iter': 0.0801, 'accuracy': 0.8911}
train: {'epoch': 300, 'eta': 11.7873, 'loss': 0.9033, 'lr': 0.0015, 'params': 632328, 'time_iter': 0.1334, 'accuracy': 1.0}
train: {'epoch': 301, 'eta': 11.669, 'loss': 0.9033, 'lr': 0.0014, 'params': 632328, 'time_iter': 0.1217, 'accuracy': 1.0}
train: {'epoch': 302, 'eta': 11.5507, 'loss': 0.9032, 'lr': 0.0014, 'params': 632328, 'time_iter': 0.1212, 'accuracy': 1.0}
train: {'epoch': 303, 'eta': 11.4348, 'loss': 0.9032, 'lr': 0.0014, 'params': 632328, 'time_iter': 0.1294, 'accuracy': 1.0}
train: {'epoch': 304, 'eta': 11.3202, 'loss': 0.9032, 'lr': 0.0014, 'params': 632328, 'time_iter': 0.1336, 'accuracy': 1.0}
train: {'epoch': 305, 'eta': 11.2094, 'loss': 0.9032, 'lr': 0.0013, 'params': 632328, 'time_iter': 0.1464, 'accuracy': 1.0}
train: {'epoch': 306, 'eta': 11.0897, 'loss': 0.9031, 'lr': 0.0013, 'params': 632328, 'time_iter': 0.1175, 'accuracy': 1.0}
train: {'epoch': 307, 'eta': 10.9843, 'loss': 0.9031, 'lr': 0.0013, 'params': 632328, 'time_iter': 0.1656, 'accuracy': 1.0}
train: {'epoch': 308, 'eta': 10.8741, 'loss': 0.9031, 'lr': 0.0012, 'params': 632328, 'time_iter': 0.1509, 'accuracy': 1.0}
train: {'epoch': 309, 'eta': 10.7668, 'loss': 0.903, 'lr': 0.0012, 'params': 632328, 'time_iter': 0.1612, 'accuracy': 1.0}
train: {'epoch': 310, 'eta': 10.6475, 'loss': 0.903, 'lr': 0.0012, 'params': 632328, 'time_iter': 0.1211, 'accuracy': 1.0}
train: {'epoch': 311, 'eta': 10.5286, 'loss': 0.903, 'lr': 0.0012, 'params': 632328, 'time_iter': 0.1221, 'accuracy': 1.0}
train: {'epoch': 312, 'eta': 10.4029, 'loss': 0.903, 'lr': 0.0011, 'params': 632328, 'time_iter': 0.0978, 'accuracy': 1.0}
train: {'epoch': 313, 'eta': 10.2795, 'loss': 0.903, 'lr': 0.0011, 'params': 632328, 'time_iter': 0.1057, 'accuracy': 1.0}
train: {'epoch': 314, 'eta': 10.1535, 'loss': 0.9029, 'lr': 0.0011, 'params': 632328, 'time_iter': 0.0955, 'accuracy': 1.0}
train: {'epoch': 315, 'eta': 10.0288, 'loss': 0.9029, 'lr': 0.0011, 'params': 632328, 'time_iter': 0.0999, 'accuracy': 1.0}
train: {'epoch': 316, 'eta': 9.9051, 'loss': 0.9029, 'lr': 0.001, 'params': 632328, 'time_iter': 0.1026, 'accuracy': 1.0}
train: {'epoch': 317, 'eta': 9.7819, 'loss': 0.9029, 'lr': 0.001, 'params': 632328, 'time_iter': 0.1047, 'accuracy': 1.0}
train: {'epoch': 318, 'eta': 9.6574, 'loss': 0.9028, 'lr': 0.001, 'params': 632328, 'time_iter': 0.0986, 'accuracy': 1.0}
train: {'epoch': 319, 'eta': 9.5341, 'loss': 0.9028, 'lr': 0.001, 'params': 632328, 'time_iter': 0.1029, 'accuracy': 1.0}
val: {'epoch': 319, 'loss': 1.2047, 'lr': 0, 'params': 632328, 'time_iter': 0.0477, 'accuracy': 0.8911}
train: {'epoch': 320, 'eta': 9.4087, 'loss': 0.9028, 'lr': 0.001, 'params': 632328, 'time_iter': 0.094, 'accuracy': 1.0}
train: {'epoch': 321, 'eta': 9.2851, 'loss': 0.9028, 'lr': 0.0009, 'params': 632328, 'time_iter': 0.1005, 'accuracy': 1.0}
train: {'epoch': 322, 'eta': 9.1633, 'loss': 0.9028, 'lr': 0.0009, 'params': 632328, 'time_iter': 0.1072, 'accuracy': 1.0}
train: {'epoch': 323, 'eta': 9.04, 'loss': 0.9028, 'lr': 0.0009, 'params': 632328, 'time_iter': 0.1009, 'accuracy': 1.0}
train: {'epoch': 324, 'eta': 8.9182, 'loss': 0.9027, 'lr': 0.0009, 'params': 632328, 'time_iter': 0.1065, 'accuracy': 1.0}
train: {'epoch': 325, 'eta': 8.795, 'loss': 0.9027, 'lr': 0.0008, 'params': 632328, 'time_iter': 0.1, 'accuracy': 1.0}
train: {'epoch': 326, 'eta': 8.6715, 'loss': 0.9027, 'lr': 0.0008, 'params': 632328, 'time_iter': 0.098, 'accuracy': 1.0}
train: {'epoch': 327, 'eta': 8.549, 'loss': 0.9027, 'lr': 0.0008, 'params': 632328, 'time_iter': 0.102, 'accuracy': 1.0}
train: {'epoch': 328, 'eta': 8.4276, 'loss': 0.9027, 'lr': 0.0008, 'params': 632328, 'time_iter': 0.1065, 'accuracy': 1.0}
train: {'epoch': 329, 'eta': 8.3049, 'loss': 0.9027, 'lr': 0.0008, 'params': 632328, 'time_iter': 0.0995, 'accuracy': 1.0}
train: {'epoch': 330, 'eta': 8.1836, 'loss': 0.9027, 'lr': 0.0007, 'params': 632328, 'time_iter': 0.1062, 'accuracy': 1.0}
train: {'epoch': 331, 'eta': 8.0605, 'loss': 0.9026, 'lr': 0.0007, 'params': 632328, 'time_iter': 0.0967, 'accuracy': 1.0}
train: {'epoch': 332, 'eta': 7.9396, 'loss': 0.9026, 'lr': 0.0007, 'params': 632328, 'time_iter': 0.1068, 'accuracy': 1.0}
train: {'epoch': 333, 'eta': 7.821, 'loss': 0.9026, 'lr': 0.0007, 'params': 632328, 'time_iter': 0.118, 'accuracy': 1.0}
train: {'epoch': 334, 'eta': 7.701, 'loss': 0.9026, 'lr': 0.0007, 'params': 632328, 'time_iter': 0.1105, 'accuracy': 1.0}
train: {'epoch': 335, 'eta': 7.5801, 'loss': 0.9026, 'lr': 0.0006, 'params': 632328, 'time_iter': 0.106, 'accuracy': 1.0}
train: {'epoch': 336, 'eta': 7.4625, 'loss': 0.9026, 'lr': 0.0006, 'params': 632328, 'time_iter': 0.1226, 'accuracy': 1.0}
train: {'epoch': 337, 'eta': 7.3429, 'loss': 0.9026, 'lr': 0.0006, 'params': 632328, 'time_iter': 0.1125, 'accuracy': 1.0}
train: {'epoch': 338, 'eta': 7.2232, 'loss': 0.9026, 'lr': 0.0006, 'params': 632328, 'time_iter': 0.1115, 'accuracy': 1.0}
train: {'epoch': 339, 'eta': 7.1031, 'loss': 0.9025, 'lr': 0.0006, 'params': 632328, 'time_iter': 0.1087, 'accuracy': 1.0}
val: {'epoch': 339, 'loss': 1.2063, 'lr': 0, 'params': 632328, 'time_iter': 0.0574, 'accuracy': 0.893}
train: {'epoch': 340, 'eta': 6.9833, 'loss': 0.9025, 'lr': 0.0005, 'params': 632328, 'time_iter': 0.11, 'accuracy': 1.0}
train: {'epoch': 341, 'eta': 6.864, 'loss': 0.9025, 'lr': 0.0005, 'params': 632328, 'time_iter': 0.1128, 'accuracy': 1.0}
train: {'epoch': 342, 'eta': 6.745, 'loss': 0.9025, 'lr': 0.0005, 'params': 632328, 'time_iter': 0.1145, 'accuracy': 1.0}
train: {'epoch': 343, 'eta': 6.6234, 'loss': 0.9025, 'lr': 0.0005, 'params': 632328, 'time_iter': 0.0984, 'accuracy': 1.0}
train: {'epoch': 344, 'eta': 6.5033, 'loss': 0.9025, 'lr': 0.0005, 'params': 632328, 'time_iter': 0.1065, 'accuracy': 1.0}
train: {'epoch': 345, 'eta': 6.3814, 'loss': 0.9025, 'lr': 0.0005, 'params': 632328, 'time_iter': 0.0952, 'accuracy': 1.0}
train: {'epoch': 346, 'eta': 6.2608, 'loss': 0.9025, 'lr': 0.0004, 'params': 632328, 'time_iter': 0.1019, 'accuracy': 1.0}
train: {'epoch': 347, 'eta': 6.1516, 'loss': 0.9025, 'lr': 0.0004, 'params': 632328, 'time_iter': 0.178, 'accuracy': 1.0}
train: {'epoch': 348, 'eta': 6.036, 'loss': 0.9025, 'lr': 0.0004, 'params': 632328, 'time_iter': 0.1371, 'accuracy': 1.0}
train: {'epoch': 349, 'eta': 5.9149, 'loss': 0.9025, 'lr': 0.0004, 'params': 632328, 'time_iter': 0.0993, 'accuracy': 1.0}
train: {'epoch': 350, 'eta': 5.7935, 'loss': 0.9025, 'lr': 0.0004, 'params': 632328, 'time_iter': 0.0956, 'accuracy': 1.0}
train: {'epoch': 351, 'eta': 5.6734, 'loss': 0.9024, 'lr': 0.0004, 'params': 632328, 'time_iter': 0.1051, 'accuracy': 1.0}
train: {'epoch': 352, 'eta': 5.5523, 'loss': 0.9024, 'lr': 0.0004, 'params': 632328, 'time_iter': 0.0963, 'accuracy': 1.0}
train: {'epoch': 353, 'eta': 5.4317, 'loss': 0.9024, 'lr': 0.0003, 'params': 632328, 'time_iter': 0.0989, 'accuracy': 1.0}
train: {'epoch': 354, 'eta': 5.3119, 'loss': 0.9024, 'lr': 0.0003, 'params': 632328, 'time_iter': 0.1048, 'accuracy': 1.0}
train: {'epoch': 355, 'eta': 5.1917, 'loss': 0.9024, 'lr': 0.0003, 'params': 632328, 'time_iter': 0.1004, 'accuracy': 1.0}
train: {'epoch': 356, 'eta': 5.074, 'loss': 0.9024, 'lr': 0.0003, 'params': 632328, 'time_iter': 0.1202, 'accuracy': 1.0}
train: {'epoch': 357, 'eta': 4.9537, 'loss': 0.9024, 'lr': 0.0003, 'params': 632328, 'time_iter': 0.0981, 'accuracy': 1.0}
train: {'epoch': 358, 'eta': 4.8336, 'loss': 0.9024, 'lr': 0.0003, 'params': 632328, 'time_iter': 0.0994, 'accuracy': 1.0}
train: {'epoch': 359, 'eta': 4.7143, 'loss': 0.9024, 'lr': 0.0003, 'params': 632328, 'time_iter': 0.1054, 'accuracy': 1.0}
val: {'epoch': 359, 'loss': 1.2075, 'lr': 0, 'params': 632328, 'time_iter': 0.0519, 'accuracy': 0.893}
train: {'epoch': 360, 'eta': 4.5945, 'loss': 0.9024, 'lr': 0.0002, 'params': 632328, 'time_iter': 0.1002, 'accuracy': 1.0}
train: {'epoch': 361, 'eta': 4.4758, 'loss': 0.9024, 'lr': 0.0002, 'params': 632328, 'time_iter': 0.1092, 'accuracy': 1.0}
train: {'epoch': 362, 'eta': 4.3557, 'loss': 0.9024, 'lr': 0.0002, 'params': 632328, 'time_iter': 0.0947, 'accuracy': 1.0}
train: {'epoch': 363, 'eta': 4.2363, 'loss': 0.9024, 'lr': 0.0002, 'params': 632328, 'time_iter': 0.1003, 'accuracy': 1.0}
train: {'epoch': 364, 'eta': 4.1164, 'loss': 0.9024, 'lr': 0.0002, 'params': 632328, 'time_iter': 0.0947, 'accuracy': 1.0}
train: {'epoch': 365, 'eta': 3.9971, 'loss': 0.9024, 'lr': 0.0002, 'params': 632328, 'time_iter': 0.1001, 'accuracy': 1.0}
train: {'epoch': 366, 'eta': 3.8783, 'loss': 0.9024, 'lr': 0.0002, 'params': 632328, 'time_iter': 0.1035, 'accuracy': 1.0}
train: {'epoch': 367, 'eta': 3.7592, 'loss': 0.9024, 'lr': 0.0002, 'params': 632328, 'time_iter': 0.0996, 'accuracy': 1.0}
train: {'epoch': 368, 'eta': 3.6397, 'loss': 0.9024, 'lr': 0.0002, 'params': 632328, 'time_iter': 0.0931, 'accuracy': 1.0}
train: {'epoch': 369, 'eta': 3.521, 'loss': 0.9024, 'lr': 0.0001, 'params': 632328, 'time_iter': 0.1019, 'accuracy': 1.0}
train: {'epoch': 370, 'eta': 3.4019, 'loss': 0.9024, 'lr': 0.0001, 'params': 632328, 'time_iter': 0.0943, 'accuracy': 1.0}
train: {'epoch': 371, 'eta': 3.2834, 'loss': 0.9024, 'lr': 0.0001, 'params': 632328, 'time_iter': 0.1016, 'accuracy': 1.0}
train: {'epoch': 372, 'eta': 3.1651, 'loss': 0.9024, 'lr': 0.0001, 'params': 632328, 'time_iter': 0.1027, 'accuracy': 1.0}
train: {'epoch': 373, 'eta': 3.0471, 'loss': 0.9024, 'lr': 0.0001, 'params': 632328, 'time_iter': 0.1065, 'accuracy': 1.0}
train: {'epoch': 374, 'eta': 2.9296, 'loss': 0.9024, 'lr': 0.0001, 'params': 632328, 'time_iter': 0.1122, 'accuracy': 1.0}
train: {'epoch': 375, 'eta': 2.8114, 'loss': 0.9024, 'lr': 0.0001, 'params': 632328, 'time_iter': 0.1011, 'accuracy': 1.0}
train: {'epoch': 376, 'eta': 2.6928, 'loss': 0.9024, 'lr': 0.0001, 'params': 632328, 'time_iter': 0.0946, 'accuracy': 1.0}
train: {'epoch': 377, 'eta': 2.5753, 'loss': 0.9023, 'lr': 0.0001, 'params': 632328, 'time_iter': 0.1097, 'accuracy': 1.0}
train: {'epoch': 378, 'eta': 2.4584, 'loss': 0.9023, 'lr': 0.0001, 'params': 632328, 'time_iter': 0.1198, 'accuracy': 1.0}
train: {'epoch': 379, 'eta': 2.3451, 'loss': 0.9023, 'lr': 0.0001, 'params': 632328, 'time_iter': 0.1884, 'accuracy': 1.0}
val: {'epoch': 379, 'loss': 1.2083, 'lr': 0, 'params': 632328, 'time_iter': 0.079, 'accuracy': 0.8893}
train: {'epoch': 380, 'eta': 2.2318, 'loss': 0.9023, 'lr': 0.0001, 'params': 632328, 'time_iter': 0.197, 'accuracy': 1.0}
train: {'epoch': 381, 'eta': 2.117, 'loss': 0.9023, 'lr': 0.0001, 'params': 632328, 'time_iter': 0.1734, 'accuracy': 1.0}
train: {'epoch': 382, 'eta': 2.0009, 'loss': 0.9023, 'lr': 0.0, 'params': 632328, 'time_iter': 0.1522, 'accuracy': 1.0}
train: {'epoch': 383, 'eta': 1.8849, 'loss': 0.9023, 'lr': 0.0, 'params': 632328, 'time_iter': 0.1573, 'accuracy': 1.0}
train: {'epoch': 384, 'eta': 1.7664, 'loss': 0.9023, 'lr': 0.0, 'params': 632328, 'time_iter': 0.0998, 'accuracy': 1.0}
train: {'epoch': 385, 'eta': 1.649, 'loss': 0.9023, 'lr': 0.0, 'params': 632328, 'time_iter': 0.1295, 'accuracy': 1.0}
train: {'epoch': 386, 'eta': 1.5302, 'loss': 0.9023, 'lr': 0.0, 'params': 632328, 'time_iter': 0.0875, 'accuracy': 1.0}
train: {'epoch': 387, 'eta': 1.4127, 'loss': 0.9023, 'lr': 0.0, 'params': 632328, 'time_iter': 0.1234, 'accuracy': 1.0}
train: {'epoch': 388, 'eta': 1.2946, 'loss': 0.9023, 'lr': 0.0, 'params': 632328, 'time_iter': 0.1033, 'accuracy': 1.0}
train: {'epoch': 389, 'eta': 1.1762, 'loss': 0.9023, 'lr': 0.0, 'params': 632328, 'time_iter': 0.0913, 'accuracy': 1.0}
train: {'epoch': 390, 'eta': 1.0584, 'loss': 0.9023, 'lr': 0.0, 'params': 632328, 'time_iter': 0.1096, 'accuracy': 1.0}
train: {'epoch': 391, 'eta': 0.9404, 'loss': 0.9023, 'lr': 0.0, 'params': 632328, 'time_iter': 0.1003, 'accuracy': 1.0}
train: {'epoch': 392, 'eta': 0.8224, 'loss': 0.9023, 'lr': 0.0, 'params': 632328, 'time_iter': 0.0913, 'accuracy': 1.0}
train: {'epoch': 393, 'eta': 0.7048, 'loss': 0.9023, 'lr': 0.0, 'params': 632328, 'time_iter': 0.107, 'accuracy': 1.0}
train: {'epoch': 394, 'eta': 0.587, 'loss': 0.9023, 'lr': 0.0, 'params': 632328, 'time_iter': 0.0933, 'accuracy': 1.0}
train: {'epoch': 395, 'eta': 0.4696, 'loss': 0.9023, 'lr': 0.0, 'params': 632328, 'time_iter': 0.1213, 'accuracy': 1.0}
train: {'epoch': 396, 'eta': 0.3521, 'loss': 0.9023, 'lr': 0.0, 'params': 632328, 'time_iter': 0.0978, 'accuracy': 1.0}
train: {'epoch': 397, 'eta': 0.2347, 'loss': 0.9023, 'lr': 0.0, 'params': 632328, 'time_iter': 0.11, 'accuracy': 1.0}
train: {'epoch': 398, 'eta': 0.1173, 'loss': 0.9023, 'lr': 0.0, 'params': 632328, 'time_iter': 0.1019, 'accuracy': 1.0}
train: {'epoch': 399, 'eta': 0.0, 'loss': 0.9023, 'lr': 0.0, 'params': 632328, 'time_iter': 0.1233, 'accuracy': 1.0}
val: {'epoch': 399, 'loss': 1.2087, 'lr': 0, 'params': 632328, 'time_iter': 0.0406, 'accuracy': 0.8893}
Task done, results saved in results/example_noneq_6
