Load: 0.03218s, Before split: 0.0001819s, Split: 9.608e-05s, After split: 0.000144s
GNN(
  (preprocess): Preprocess(
    node_feature: dim_out=1433
    Total: dim_out=1433
  )
  (pre_mp): GeneralMultiLayer(
    (Layer_0): GeneralLayer(
      (layer): Linear(
        (model): Linear(in_features=1433, out_features=256, bias=False)
      )
      (post_layer): Sequential(
        (0): BatchNorm1d(256, eps=1e-05, momentum=0.1, affine=True, track_running_stats=True)
        (1): PReLU(num_parameters=1)
      )
    )
  )
  (mp): GNNStackStage(
    (layer0): GeneralLayer(
      (layer): GeneralConv(
        (model): GeneralConvLayer(256, 256)
      )
      (post_layer): Sequential(
        (0): BatchNorm1d(256, eps=1e-05, momentum=0.1, affine=True, track_running_stats=True)
        (1): PReLU(num_parameters=1)
      )
    )
    (layer1): GeneralLayer(
      (layer): GeneralConv(
        (model): GeneralConvLayer(256, 256)
      )
      (post_layer): Sequential(
        (0): BatchNorm1d(256, eps=1e-05, momentum=0.1, affine=True, track_running_stats=True)
        (1): PReLU(num_parameters=1)
      )
    )
  )
  (post_mp): GNNNodeHead(
    (layer_post_mp): MLP(
      (model): Sequential(
        (0): Linear(
          (model): Linear(in_features=256, out_features=7, bias=True)
        )
      )
    )
  )
)
bn:
  eps: 1e-05
  mom: 0.1
cfg_dest: config.yaml
custom_metrics: []
dataset:
  augment_feature: []
  augment_feature_dims: []
  augment_feature_repr: position
  augment_label: 
  augment_label_dims: 0
  cache_load: False
  cache_save: False
  dir: ./datasets
  edge_dim: 128
  edge_encoder: False
  edge_encoder_bn: True
  edge_encoder_name: Bond
  edge_message_ratio: 0.8
  edge_negative_sampling_ratio: 1.0
  edge_train_mode: all
  encoder: True
  encoder_bn: True
  encoder_dim: 128
  encoder_name: db
  format: PyG
  label_column: none
  label_table: none
  location: local
  name: Cora
  node_encoder: False
  node_encoder_bn: True
  node_encoder_name: Atom
  remove_feature: False
  resample_disjoint: False
  resample_negative: False
  shuffle_split: True
  split: [0.8, 0.2]
  split_mode: random
  task: node
  task_type: classification
  to_undirected: False
  transductive: True
  transform: none
  tu_simple: True
device: cpu
example_arg: example
example_group:
  example_arg: example
gnn:
  act: prelu
  agg: add
  att_final_linear: False
  att_final_linear_bn: False
  att_heads: 1
  batchnorm: True
  clear_feature: True
  dim_inner: 256
  dropout: 0.0
  flow: source_to_target
  head: node
  keep_edge: 0.5
  l2norm: True
  layer_type: generalconv
  layers_mp: 2
  layers_post_mp: 1
  layers_pre_mp: 1
  msg_direction: single
  normalize_adj: False
  self_msg: concat
  skip_every: 1
  stage_type: stack
gpu_mem: False
mem:
  inplace: False
metric_agg: argmax
metric_best: auto
model:
  edge_decoding: dot
  graph_pooling: add
  loss_fun: cross_entropy
  match_upper: True
  size_average: mean
  thresh: 0.5
  type: gnn
num_threads: 6
num_workers: 0
optim:
  base_lr: 0.01
  lr_decay: 0.1
  max_epoch: 400
  momentum: 0.9
  optimizer: adam
  scheduler: cos
  steps: [30, 60, 90]
  weight_decay: 0.0005
out_dir: results/example_noneq_1
params: 632328
print: both
round: 4
run_dir: results/example_noneq_1/1
seed: 2
share:
  dim_in: 1433
  dim_out: 7
  num_splits: 2
tensorboard_agg: True
tensorboard_each_run: False
train:
  auto_resume: False
  batch_size: 32
  ckpt_clean: True
  ckpt_period: 100
  enable_ckpt: True
  energy_alpha: 0.5
  energy_beta: 2.0
  energy_reg: True
  epoch_resume: -1
  eval_period: 20
  iter_per_epoch: 32
  mode: standard
  neighbor_sizes: [20, 15, 10, 5]
  node_per_graph: 32
  radius: extend
  sample_node: False
  sampler: full_batch
  skip_train_eval: False
  walk_length: 4
val:
  node_per_graph: 32
  radius: extend
  sample_node: False
  sampler: full_batch
view_emb: False
Num parameters: 632328
Start from epoch 0
train: {'epoch': 0, 'eta': 15.8044, 'loss': 2.102, 'lr': 0.01, 'params': 632328, 'time_iter': 0.0396, 'accuracy': 0.1828}
val: {'epoch': 0, 'loss': 2.2357, 'lr': 0, 'params': 632328, 'time_iter': 0.0153, 'accuracy': 0.3653}
train: {'epoch': 1, 'eta': 15.5037, 'loss': 2.9951, 'lr': 0.01, 'params': 632328, 'time_iter': 0.0383, 'accuracy': 0.355}
train: {'epoch': 2, 'eta': 15.308, 'loss': 2.1336, 'lr': 0.01, 'params': 632328, 'time_iter': 0.0378, 'accuracy': 0.518}
train: {'epoch': 3, 'eta': 15.2631, 'loss': 1.9859, 'lr': 0.01, 'params': 632328, 'time_iter': 0.0385, 'accuracy': 0.5332}
train: {'epoch': 4, 'eta': 15.0215, 'loss': 1.9444, 'lr': 0.01, 'params': 632328, 'time_iter': 0.036, 'accuracy': 0.5102}
train: {'epoch': 5, 'eta': 15.2144, 'loss': 1.9149, 'lr': 0.01, 'params': 632328, 'time_iter': 0.0415, 'accuracy': 0.5134}
train: {'epoch': 6, 'eta': 15.2664, 'loss': 1.8954, 'lr': 0.01, 'params': 632328, 'time_iter': 0.0402, 'accuracy': 0.5088}
train: {'epoch': 7, 'eta': 15.2652, 'loss': 1.8832, 'lr': 0.01, 'params': 632328, 'time_iter': 0.0396, 'accuracy': 0.5268}
train: {'epoch': 8, 'eta': 15.2272, 'loss': 1.8814, 'lr': 0.01, 'params': 632328, 'time_iter': 0.039, 'accuracy': 0.5439}
train: {'epoch': 9, 'eta': 15.0913, 'loss': 1.8788, 'lr': 0.01, 'params': 632328, 'time_iter': 0.0365, 'accuracy': 0.5771}
train: {'epoch': 10, 'eta': 15.0366, 'loss': 1.876, 'lr': 0.01, 'params': 632328, 'time_iter': 0.0382, 'accuracy': 0.5882}
train: {'epoch': 11, 'eta': 15.0053, 'loss': 1.8668, 'lr': 0.01, 'params': 632328, 'time_iter': 0.0389, 'accuracy': 0.603}
train: {'epoch': 12, 'eta': 14.9839, 'loss': 1.8602, 'lr': 0.01, 'params': 632328, 'time_iter': 0.0393, 'accuracy': 0.62}
train: {'epoch': 13, 'eta': 14.9185, 'loss': 1.8552, 'lr': 0.01, 'params': 632328, 'time_iter': 0.0378, 'accuracy': 0.6551}
train: {'epoch': 14, 'eta': 14.8673, 'loss': 1.8516, 'lr': 0.01, 'params': 632328, 'time_iter': 0.0382, 'accuracy': 0.6717}
train: {'epoch': 15, 'eta': 14.8399, 'loss': 1.8464, 'lr': 0.01, 'params': 632328, 'time_iter': 0.0391, 'accuracy': 0.6898}
train: {'epoch': 16, 'eta': 14.8011, 'loss': 1.8413, 'lr': 0.01, 'params': 632328, 'time_iter': 0.0386, 'accuracy': 0.6953}
train: {'epoch': 17, 'eta': 14.7309, 'loss': 1.8374, 'lr': 0.01, 'params': 632328, 'time_iter': 0.0372, 'accuracy': 0.7087}
train: {'epoch': 18, 'eta': 14.7233, 'loss': 1.8319, 'lr': 0.01, 'params': 632328, 'time_iter': 0.0401, 'accuracy': 0.7295}
train: {'epoch': 19, 'eta': 14.7137, 'loss': 1.8284, 'lr': 0.0099, 'params': 632328, 'time_iter': 0.0402, 'accuracy': 0.7442}
val: {'epoch': 19, 'loss': 1.8457, 'lr': 0, 'params': 632328, 'time_iter': 0.016, 'accuracy': 0.7251}
train: {'epoch': 20, 'eta': 14.6875, 'loss': 1.8232, 'lr': 0.0099, 'params': 632328, 'time_iter': 0.0394, 'accuracy': 0.7562}
train: {'epoch': 21, 'eta': 14.5874, 'loss': 1.8191, 'lr': 0.0099, 'params': 632328, 'time_iter': 0.0352, 'accuracy': 0.7636}
train: {'epoch': 22, 'eta': 14.5586, 'loss': 1.8132, 'lr': 0.0099, 'params': 632328, 'time_iter': 0.0392, 'accuracy': 0.7798}
train: {'epoch': 23, 'eta': 14.548, 'loss': 1.8096, 'lr': 0.0099, 'params': 632328, 'time_iter': 0.0404, 'accuracy': 0.7802}
train: {'epoch': 24, 'eta': 14.528, 'loss': 1.8047, 'lr': 0.0099, 'params': 632328, 'time_iter': 0.0399, 'accuracy': 0.7872}
train: {'epoch': 25, 'eta': 14.4772, 'loss': 1.8005, 'lr': 0.0099, 'params': 632328, 'time_iter': 0.0379, 'accuracy': 0.8029}
train: {'epoch': 26, 'eta': 14.4049, 'loss': 1.7959, 'lr': 0.0099, 'params': 632328, 'time_iter': 0.0363, 'accuracy': 0.8176}
train: {'epoch': 27, 'eta': 14.3531, 'loss': 1.7915, 'lr': 0.0099, 'params': 632328, 'time_iter': 0.0376, 'accuracy': 0.8246}
train: {'epoch': 28, 'eta': 14.3224, 'loss': 1.7865, 'lr': 0.0099, 'params': 632328, 'time_iter': 0.0392, 'accuracy': 0.8306}
train: {'epoch': 29, 'eta': 14.4172, 'loss': 1.7823, 'lr': 0.0099, 'params': 632328, 'time_iter': 0.0494, 'accuracy': 0.8361}
train: {'epoch': 30, 'eta': 14.4367, 'loss': 1.778, 'lr': 0.0099, 'params': 632328, 'time_iter': 0.0439, 'accuracy': 0.844}
train: {'epoch': 31, 'eta': 14.3879, 'loss': 1.7736, 'lr': 0.0099, 'params': 632328, 'time_iter': 0.0383, 'accuracy': 0.8523}
train: {'epoch': 32, 'eta': 14.3496, 'loss': 1.7694, 'lr': 0.0098, 'params': 632328, 'time_iter': 0.0392, 'accuracy': 0.8624}
train: {'epoch': 33, 'eta': 14.2798, 'loss': 1.7651, 'lr': 0.0098, 'params': 632328, 'time_iter': 0.0362, 'accuracy': 0.8638}
train: {'epoch': 34, 'eta': 14.254, 'loss': 1.7618, 'lr': 0.0098, 'params': 632328, 'time_iter': 0.0403, 'accuracy': 0.8758}
train: {'epoch': 35, 'eta': 14.1873, 'loss': 1.7609, 'lr': 0.0098, 'params': 632328, 'time_iter': 0.0363, 'accuracy': 0.8684}
train: {'epoch': 36, 'eta': 14.1269, 'loss': 1.7552, 'lr': 0.0098, 'params': 632328, 'time_iter': 0.0368, 'accuracy': 0.8864}
train: {'epoch': 37, 'eta': 14.0967, 'loss': 1.752, 'lr': 0.0098, 'params': 632328, 'time_iter': 0.0398, 'accuracy': 0.8961}
train: {'epoch': 38, 'eta': 14.0278, 'loss': 1.7524, 'lr': 0.0098, 'params': 632328, 'time_iter': 0.0357, 'accuracy': 0.8804}
train: {'epoch': 39, 'eta': 13.9715, 'loss': 1.7497, 'lr': 0.0098, 'params': 632328, 'time_iter': 0.0369, 'accuracy': 0.8975}
val: {'epoch': 39, 'loss': 1.8099, 'lr': 0, 'params': 632328, 'time_iter': 0.0158, 'accuracy': 0.7934}
train: {'epoch': 40, 'eta': 13.9269, 'loss': 1.7442, 'lr': 0.0098, 'params': 632328, 'time_iter': 0.0382, 'accuracy': 0.9063}
train: {'epoch': 41, 'eta': 13.8738, 'loss': 1.7417, 'lr': 0.0097, 'params': 632328, 'time_iter': 0.0371, 'accuracy': 0.8998}
train: {'epoch': 42, 'eta': 13.8287, 'loss': 1.7423, 'lr': 0.0097, 'params': 632328, 'time_iter': 0.038, 'accuracy': 0.9118}
train: {'epoch': 43, 'eta': 13.8206, 'loss': 1.741, 'lr': 0.0097, 'params': 632328, 'time_iter': 0.0425, 'accuracy': 0.9012}
train: {'epoch': 44, 'eta': 13.9079, 'loss': 1.7462, 'lr': 0.0097, 'params': 632328, 'time_iter': 0.0548, 'accuracy': 0.9026}
train: {'epoch': 45, 'eta': 13.9717, 'loss': 1.7387, 'lr': 0.0097, 'params': 632328, 'time_iter': 0.0526, 'accuracy': 0.9132}
train: {'epoch': 46, 'eta': 13.9199, 'loss': 1.7373, 'lr': 0.0097, 'params': 632328, 'time_iter': 0.0378, 'accuracy': 0.9146}
train: {'epoch': 47, 'eta': 13.885, 'loss': 1.7359, 'lr': 0.0097, 'params': 632328, 'time_iter': 0.0401, 'accuracy': 0.9127}
train: {'epoch': 48, 'eta': 13.8421, 'loss': 1.7412, 'lr': 0.0096, 'params': 632328, 'time_iter': 0.039, 'accuracy': 0.8989}
train: {'epoch': 49, 'eta': 13.7891, 'loss': 1.737, 'lr': 0.0096, 'params': 632328, 'time_iter': 0.0375, 'accuracy': 0.9211}
train: {'epoch': 50, 'eta': 13.741, 'loss': 1.7384, 'lr': 0.0096, 'params': 632328, 'time_iter': 0.0381, 'accuracy': 0.9201}
train: {'epoch': 51, 'eta': 13.7103, 'loss': 1.7278, 'lr': 0.0096, 'params': 632328, 'time_iter': 0.0407, 'accuracy': 0.9206}
train: {'epoch': 52, 'eta': 13.6574, 'loss': 1.7254, 'lr': 0.0096, 'params': 632328, 'time_iter': 0.0373, 'accuracy': 0.9201}
train: {'epoch': 53, 'eta': 13.6117, 'loss': 1.7275, 'lr': 0.0096, 'params': 632328, 'time_iter': 0.0384, 'accuracy': 0.9243}
train: {'epoch': 54, 'eta': 13.5614, 'loss': 1.7198, 'lr': 0.0096, 'params': 632328, 'time_iter': 0.0376, 'accuracy': 0.9294}
train: {'epoch': 55, 'eta': 13.5426, 'loss': 1.7174, 'lr': 0.0095, 'params': 632328, 'time_iter': 0.0426, 'accuracy': 0.9349}
train: {'epoch': 56, 'eta': 13.4996, 'loss': 1.7155, 'lr': 0.0095, 'params': 632328, 'time_iter': 0.0388, 'accuracy': 0.9404}
train: {'epoch': 57, 'eta': 13.4626, 'loss': 1.7155, 'lr': 0.0095, 'params': 632328, 'time_iter': 0.0397, 'accuracy': 0.9363}
train: {'epoch': 58, 'eta': 13.4295, 'loss': 1.7158, 'lr': 0.0095, 'params': 632328, 'time_iter': 0.0405, 'accuracy': 0.9312}
train: {'epoch': 59, 'eta': 13.4233, 'loss': 1.7109, 'lr': 0.0095, 'params': 632328, 'time_iter': 0.0452, 'accuracy': 0.94}
val: {'epoch': 59, 'loss': 1.8023, 'lr': 0, 'params': 632328, 'time_iter': 0.0146, 'accuracy': 0.8561}
train: {'epoch': 60, 'eta': 13.3735, 'loss': 1.7099, 'lr': 0.0095, 'params': 632328, 'time_iter': 0.0376, 'accuracy': 0.9423}
train: {'epoch': 61, 'eta': 13.318, 'loss': 1.7073, 'lr': 0.0094, 'params': 632328, 'time_iter': 0.0365, 'accuracy': 0.9469}
train: {'epoch': 62, 'eta': 13.2869, 'loss': 1.7074, 'lr': 0.0094, 'params': 632328, 'time_iter': 0.041, 'accuracy': 0.9428}
train: {'epoch': 63, 'eta': 13.2339, 'loss': 1.7074, 'lr': 0.0094, 'params': 632328, 'time_iter': 0.0368, 'accuracy': 0.9391}
train: {'epoch': 64, 'eta': 13.1955, 'loss': 1.7133, 'lr': 0.0094, 'params': 632328, 'time_iter': 0.0396, 'accuracy': 0.94}
train: {'epoch': 65, 'eta': 13.1601, 'loss': 1.7098, 'lr': 0.0094, 'params': 632328, 'time_iter': 0.0402, 'accuracy': 0.9386}
train: {'epoch': 66, 'eta': 13.1102, 'loss': 1.7103, 'lr': 0.0093, 'params': 632328, 'time_iter': 0.0373, 'accuracy': 0.9423}
train: {'epoch': 67, 'eta': 13.0599, 'loss': 1.7039, 'lr': 0.0093, 'params': 632328, 'time_iter': 0.0371, 'accuracy': 0.9437}
train: {'epoch': 68, 'eta': 13.0209, 'loss': 1.701, 'lr': 0.0093, 'params': 632328, 'time_iter': 0.0394, 'accuracy': 0.9492}
train: {'epoch': 69, 'eta': 12.973, 'loss': 1.7, 'lr': 0.0093, 'params': 632328, 'time_iter': 0.0375, 'accuracy': 0.9492}
train: {'epoch': 70, 'eta': 12.9319, 'loss': 1.6994, 'lr': 0.0093, 'params': 632328, 'time_iter': 0.0389, 'accuracy': 0.9492}
train: {'epoch': 71, 'eta': 12.9083, 'loss': 1.6971, 'lr': 0.0092, 'params': 632328, 'time_iter': 0.0428, 'accuracy': 0.9524}
train: {'epoch': 72, 'eta': 12.8644, 'loss': 1.6968, 'lr': 0.0092, 'params': 632328, 'time_iter': 0.0383, 'accuracy': 0.958}
train: {'epoch': 73, 'eta': 12.8191, 'loss': 1.6965, 'lr': 0.0092, 'params': 632328, 'time_iter': 0.038, 'accuracy': 0.9478}
train: {'epoch': 74, 'eta': 12.7719, 'loss': 1.7009, 'lr': 0.0092, 'params': 632328, 'time_iter': 0.0375, 'accuracy': 0.9432}
train: {'epoch': 75, 'eta': 12.7255, 'loss': 1.7072, 'lr': 0.0092, 'params': 632328, 'time_iter': 0.0376, 'accuracy': 0.9363}
train: {'epoch': 76, 'eta': 12.6845, 'loss': 1.6985, 'lr': 0.0091, 'params': 632328, 'time_iter': 0.0389, 'accuracy': 0.9409}
train: {'epoch': 77, 'eta': 12.634, 'loss': 1.7013, 'lr': 0.0091, 'params': 632328, 'time_iter': 0.0366, 'accuracy': 0.9483}
train: {'epoch': 78, 'eta': 12.5781, 'loss': 1.6999, 'lr': 0.0091, 'params': 632328, 'time_iter': 0.0351, 'accuracy': 0.9497}
train: {'epoch': 79, 'eta': 12.5391, 'loss': 1.7063, 'lr': 0.0091, 'params': 632328, 'time_iter': 0.0392, 'accuracy': 0.9478}
val: {'epoch': 79, 'loss': 1.8127, 'lr': 0, 'params': 632328, 'time_iter': 0.0147, 'accuracy': 0.8708}
train: {'epoch': 80, 'eta': 12.5143, 'loss': 1.7035, 'lr': 0.009, 'params': 632328, 'time_iter': 0.0428, 'accuracy': 0.9469}
train: {'epoch': 81, 'eta': 12.4698, 'loss': 1.7045, 'lr': 0.009, 'params': 632328, 'time_iter': 0.0379, 'accuracy': 0.9478}
train: {'epoch': 82, 'eta': 12.427, 'loss': 1.6974, 'lr': 0.009, 'params': 632328, 'time_iter': 0.0383, 'accuracy': 0.9552}
train: {'epoch': 83, 'eta': 12.394, 'loss': 1.6975, 'lr': 0.009, 'params': 632328, 'time_iter': 0.0409, 'accuracy': 0.9488}
train: {'epoch': 84, 'eta': 12.3588, 'loss': 1.6961, 'lr': 0.009, 'params': 632328, 'time_iter': 0.0403, 'accuracy': 0.946}
train: {'epoch': 85, 'eta': 12.3178, 'loss': 1.6936, 'lr': 0.0089, 'params': 632328, 'time_iter': 0.0387, 'accuracy': 0.9534}
train: {'epoch': 86, 'eta': 12.2807, 'loss': 1.6941, 'lr': 0.0089, 'params': 632328, 'time_iter': 0.0398, 'accuracy': 0.958}
train: {'epoch': 87, 'eta': 12.2371, 'loss': 1.6951, 'lr': 0.0089, 'params': 632328, 'time_iter': 0.038, 'accuracy': 0.9575}
train: {'epoch': 88, 'eta': 12.1929, 'loss': 1.6926, 'lr': 0.0089, 'params': 632328, 'time_iter': 0.0378, 'accuracy': 0.9552}
train: {'epoch': 89, 'eta': 12.1847, 'loss': 1.6937, 'lr': 0.0088, 'params': 632328, 'time_iter': 0.0482, 'accuracy': 0.9524}
train: {'epoch': 90, 'eta': 12.1425, 'loss': 1.6947, 'lr': 0.0088, 'params': 632328, 'time_iter': 0.0384, 'accuracy': 0.9543}
train: {'epoch': 91, 'eta': 12.0999, 'loss': 1.6911, 'lr': 0.0088, 'params': 632328, 'time_iter': 0.0383, 'accuracy': 0.9515}
train: {'epoch': 92, 'eta': 12.0599, 'loss': 1.6903, 'lr': 0.0088, 'params': 632328, 'time_iter': 0.0391, 'accuracy': 0.9557}
train: {'epoch': 93, 'eta': 12.0158, 'loss': 1.6897, 'lr': 0.0087, 'params': 632328, 'time_iter': 0.0378, 'accuracy': 0.9511}
train: {'epoch': 94, 'eta': 11.9874, 'loss': 1.6887, 'lr': 0.0087, 'params': 632328, 'time_iter': 0.0426, 'accuracy': 0.9511}
train: {'epoch': 95, 'eta': 11.9525, 'loss': 1.6887, 'lr': 0.0087, 'params': 632328, 'time_iter': 0.0407, 'accuracy': 0.9543}
train: {'epoch': 96, 'eta': 11.9104, 'loss': 1.6887, 'lr': 0.0086, 'params': 632328, 'time_iter': 0.0384, 'accuracy': 0.9621}
train: {'epoch': 97, 'eta': 11.8628, 'loss': 1.6942, 'lr': 0.0086, 'params': 632328, 'time_iter': 0.0366, 'accuracy': 0.9552}
train: {'epoch': 98, 'eta': 11.8173, 'loss': 1.7042, 'lr': 0.0086, 'params': 632328, 'time_iter': 0.0372, 'accuracy': 0.9386}
train: {'epoch': 99, 'eta': 11.913, 'loss': 1.7011, 'lr': 0.0086, 'params': 632328, 'time_iter': 0.0842, 'accuracy': 0.9446}
val: {'epoch': 99, 'loss': 1.8182, 'lr': 0, 'params': 632328, 'time_iter': 0.0149, 'accuracy': 0.8819}
train: {'epoch': 100, 'eta': 11.8737, 'loss': 1.7013, 'lr': 0.0085, 'params': 632328, 'time_iter': 0.0399, 'accuracy': 0.9451}
train: {'epoch': 101, 'eta': 11.8401, 'loss': 1.6961, 'lr': 0.0085, 'params': 632328, 'time_iter': 0.0418, 'accuracy': 0.9451}
train: {'epoch': 102, 'eta': 11.7974, 'loss': 1.6962, 'lr': 0.0085, 'params': 632328, 'time_iter': 0.0387, 'accuracy': 0.9455}
train: {'epoch': 103, 'eta': 11.7568, 'loss': 1.6944, 'lr': 0.0085, 'params': 632328, 'time_iter': 0.0394, 'accuracy': 0.9534}
train: {'epoch': 104, 'eta': 11.7092, 'loss': 1.6958, 'lr': 0.0084, 'params': 632328, 'time_iter': 0.0369, 'accuracy': 0.9543}
train: {'epoch': 105, 'eta': 11.663, 'loss': 1.6919, 'lr': 0.0084, 'params': 632328, 'time_iter': 0.0374, 'accuracy': 0.9534}
train: {'epoch': 106, 'eta': 11.6195, 'loss': 1.6924, 'lr': 0.0084, 'params': 632328, 'time_iter': 0.0383, 'accuracy': 0.9511}
train: {'epoch': 107, 'eta': 11.577, 'loss': 1.6897, 'lr': 0.0083, 'params': 632328, 'time_iter': 0.0386, 'accuracy': 0.9557}
train: {'epoch': 108, 'eta': 11.53, 'loss': 1.6899, 'lr': 0.0083, 'params': 632328, 'time_iter': 0.0369, 'accuracy': 0.9589}
train: {'epoch': 109, 'eta': 11.4965, 'loss': 1.688, 'lr': 0.0083, 'params': 632328, 'time_iter': 0.0419, 'accuracy': 0.9598}
train: {'epoch': 110, 'eta': 11.4599, 'loss': 1.6875, 'lr': 0.0082, 'params': 632328, 'time_iter': 0.0408, 'accuracy': 0.952}
train: {'epoch': 111, 'eta': 11.4197, 'loss': 1.6867, 'lr': 0.0082, 'params': 632328, 'time_iter': 0.0394, 'accuracy': 0.9575}
train: {'epoch': 112, 'eta': 11.3745, 'loss': 1.6876, 'lr': 0.0082, 'params': 632328, 'time_iter': 0.0375, 'accuracy': 0.9598}
train: {'epoch': 113, 'eta': 11.3353, 'loss': 1.688, 'lr': 0.0082, 'params': 632328, 'time_iter': 0.0398, 'accuracy': 0.9552}
train: {'epoch': 114, 'eta': 11.2899, 'loss': 1.6866, 'lr': 0.0081, 'params': 632328, 'time_iter': 0.0373, 'accuracy': 0.9584}
train: {'epoch': 115, 'eta': 11.2449, 'loss': 1.6846, 'lr': 0.0081, 'params': 632328, 'time_iter': 0.0374, 'accuracy': 0.9552}
train: {'epoch': 116, 'eta': 11.2074, 'loss': 1.6853, 'lr': 0.0081, 'params': 632328, 'time_iter': 0.0405, 'accuracy': 0.9589}
train: {'epoch': 117, 'eta': 11.1687, 'loss': 1.6868, 'lr': 0.008, 'params': 632328, 'time_iter': 0.04, 'accuracy': 0.9621}
train: {'epoch': 118, 'eta': 11.1195, 'loss': 1.6862, 'lr': 0.008, 'params': 632328, 'time_iter': 0.0355, 'accuracy': 0.9571}
train: {'epoch': 119, 'eta': 11.08, 'loss': 1.6859, 'lr': 0.008, 'params': 632328, 'time_iter': 0.0396, 'accuracy': 0.9584}
val: {'epoch': 119, 'loss': 1.8242, 'lr': 0, 'params': 632328, 'time_iter': 0.0141, 'accuracy': 0.8708}
train: {'epoch': 120, 'eta': 11.04, 'loss': 1.684, 'lr': 0.0079, 'params': 632328, 'time_iter': 0.0394, 'accuracy': 0.9612}
train: {'epoch': 121, 'eta': 11.0073, 'loss': 1.6825, 'lr': 0.0079, 'params': 632328, 'time_iter': 0.0426, 'accuracy': 0.9631}
train: {'epoch': 122, 'eta': 10.9689, 'loss': 1.6828, 'lr': 0.0079, 'params': 632328, 'time_iter': 0.0401, 'accuracy': 0.9608}
train: {'epoch': 123, 'eta': 10.9318, 'loss': 1.6819, 'lr': 0.0078, 'params': 632328, 'time_iter': 0.0407, 'accuracy': 0.9612}
train: {'epoch': 124, 'eta': 10.8827, 'loss': 1.682, 'lr': 0.0078, 'params': 632328, 'time_iter': 0.0353, 'accuracy': 0.9608}
train: {'epoch': 125, 'eta': 10.84, 'loss': 1.6809, 'lr': 0.0078, 'params': 632328, 'time_iter': 0.0381, 'accuracy': 0.9603}
train: {'epoch': 126, 'eta': 10.8003, 'loss': 1.6832, 'lr': 0.0077, 'params': 632328, 'time_iter': 0.0395, 'accuracy': 0.9608}
train: {'epoch': 127, 'eta': 10.7547, 'loss': 1.6877, 'lr': 0.0077, 'params': 632328, 'time_iter': 0.0367, 'accuracy': 0.958}
train: {'epoch': 128, 'eta': 10.7081, 'loss': 1.6869, 'lr': 0.0077, 'params': 632328, 'time_iter': 0.0362, 'accuracy': 0.9538}
train: {'epoch': 129, 'eta': 10.6706, 'loss': 1.6844, 'lr': 0.0076, 'params': 632328, 'time_iter': 0.0405, 'accuracy': 0.9575}
train: {'epoch': 130, 'eta': 10.6334, 'loss': 1.685, 'lr': 0.0076, 'params': 632328, 'time_iter': 0.0406, 'accuracy': 0.9543}
train: {'epoch': 131, 'eta': 10.5896, 'loss': 1.6838, 'lr': 0.0076, 'params': 632328, 'time_iter': 0.0374, 'accuracy': 0.9612}
train: {'epoch': 132, 'eta': 10.5461, 'loss': 1.687, 'lr': 0.0075, 'params': 632328, 'time_iter': 0.0375, 'accuracy': 0.9575}
train: {'epoch': 133, 'eta': 10.5068, 'loss': 1.6874, 'lr': 0.0075, 'params': 632328, 'time_iter': 0.0396, 'accuracy': 0.9529}
train: {'epoch': 134, 'eta': 10.4696, 'loss': 1.6854, 'lr': 0.0075, 'params': 632328, 'time_iter': 0.0407, 'accuracy': 0.9561}
train: {'epoch': 135, 'eta': 10.4287, 'loss': 1.6829, 'lr': 0.0074, 'params': 632328, 'time_iter': 0.0388, 'accuracy': 0.958}
train: {'epoch': 136, 'eta': 10.3884, 'loss': 1.6845, 'lr': 0.0074, 'params': 632328, 'time_iter': 0.0391, 'accuracy': 0.9589}
train: {'epoch': 137, 'eta': 10.349, 'loss': 1.6818, 'lr': 0.0074, 'params': 632328, 'time_iter': 0.0395, 'accuracy': 0.9626}
train: {'epoch': 138, 'eta': 10.304, 'loss': 1.6825, 'lr': 0.0073, 'params': 632328, 'time_iter': 0.0366, 'accuracy': 0.9626}
train: {'epoch': 139, 'eta': 10.2673, 'loss': 1.6813, 'lr': 0.0073, 'params': 632328, 'time_iter': 0.041, 'accuracy': 0.9626}
val: {'epoch': 139, 'loss': 1.8396, 'lr': 0, 'params': 632328, 'time_iter': 0.0148, 'accuracy': 0.8745}
train: {'epoch': 140, 'eta': 10.224, 'loss': 1.6803, 'lr': 0.0073, 'params': 632328, 'time_iter': 0.0374, 'accuracy': 0.9626}
train: {'epoch': 141, 'eta': 10.1844, 'loss': 1.6798, 'lr': 0.0072, 'params': 632328, 'time_iter': 0.0394, 'accuracy': 0.9598}
train: {'epoch': 142, 'eta': 10.1426, 'loss': 1.6792, 'lr': 0.0072, 'params': 632328, 'time_iter': 0.0382, 'accuracy': 0.9649}
train: {'epoch': 143, 'eta': 10.1916, 'loss': 1.6792, 'lr': 0.0072, 'params': 632328, 'time_iter': 0.0892, 'accuracy': 0.9658}
train: {'epoch': 144, 'eta': 10.1535, 'loss': 1.6788, 'lr': 0.0071, 'params': 632328, 'time_iter': 0.0408, 'accuracy': 0.9645}
train: {'epoch': 145, 'eta': 10.1143, 'loss': 1.6782, 'lr': 0.0071, 'params': 632328, 'time_iter': 0.0401, 'accuracy': 0.9645}
train: {'epoch': 146, 'eta': 10.0707, 'loss': 1.6786, 'lr': 0.0071, 'params': 632328, 'time_iter': 0.0376, 'accuracy': 0.9617}
train: {'epoch': 147, 'eta': 10.0282, 'loss': 1.6775, 'lr': 0.007, 'params': 632328, 'time_iter': 0.0382, 'accuracy': 0.9621}
train: {'epoch': 148, 'eta': 9.9853, 'loss': 1.6777, 'lr': 0.007, 'params': 632328, 'time_iter': 0.038, 'accuracy': 0.9626}
train: {'epoch': 149, 'eta': 9.9477, 'loss': 1.6772, 'lr': 0.0069, 'params': 632328, 'time_iter': 0.0411, 'accuracy': 0.9658}
train: {'epoch': 150, 'eta': 9.9075, 'loss': 1.6771, 'lr': 0.0069, 'params': 632328, 'time_iter': 0.0395, 'accuracy': 0.9654}
train: {'epoch': 151, 'eta': 9.8619, 'loss': 1.6774, 'lr': 0.0069, 'params': 632328, 'time_iter': 0.0362, 'accuracy': 0.9631}
train: {'epoch': 152, 'eta': 9.8199, 'loss': 1.6776, 'lr': 0.0068, 'params': 632328, 'time_iter': 0.0384, 'accuracy': 0.9621}
train: {'epoch': 153, 'eta': 9.7796, 'loss': 1.6785, 'lr': 0.0068, 'params': 632328, 'time_iter': 0.0394, 'accuracy': 0.9608}
train: {'epoch': 154, 'eta': 9.7395, 'loss': 1.6808, 'lr': 0.0068, 'params': 632328, 'time_iter': 0.0395, 'accuracy': 0.9575}
train: {'epoch': 155, 'eta': 9.7011, 'loss': 1.681, 'lr': 0.0067, 'params': 632328, 'time_iter': 0.0406, 'accuracy': 0.9631}
train: {'epoch': 156, 'eta': 9.661, 'loss': 1.6862, 'lr': 0.0067, 'params': 632328, 'time_iter': 0.0396, 'accuracy': 0.9575}
train: {'epoch': 157, 'eta': 9.6222, 'loss': 1.6894, 'lr': 0.0067, 'params': 632328, 'time_iter': 0.0404, 'accuracy': 0.9534}
train: {'epoch': 158, 'eta': 9.578, 'loss': 1.6839, 'lr': 0.0066, 'params': 632328, 'time_iter': 0.0368, 'accuracy': 0.9529}
train: {'epoch': 159, 'eta': 9.537, 'loss': 1.6874, 'lr': 0.0066, 'params': 632328, 'time_iter': 0.0389, 'accuracy': 0.9538}
val: {'epoch': 159, 'loss': 1.8242, 'lr': 0, 'params': 632328, 'time_iter': 0.0149, 'accuracy': 0.8893}
train: {'epoch': 160, 'eta': 9.4963, 'loss': 1.6927, 'lr': 0.0065, 'params': 632328, 'time_iter': 0.0391, 'accuracy': 0.9511}
train: {'epoch': 161, 'eta': 9.455, 'loss': 1.6904, 'lr': 0.0065, 'params': 632328, 'time_iter': 0.0387, 'accuracy': 0.9543}
train: {'epoch': 162, 'eta': 9.4112, 'loss': 1.687, 'lr': 0.0065, 'params': 632328, 'time_iter': 0.0369, 'accuracy': 0.9529}
train: {'epoch': 163, 'eta': 9.3707, 'loss': 1.6869, 'lr': 0.0064, 'params': 632328, 'time_iter': 0.0391, 'accuracy': 0.9497}
train: {'epoch': 164, 'eta': 9.3267, 'loss': 1.6847, 'lr': 0.0064, 'params': 632328, 'time_iter': 0.0367, 'accuracy': 0.9548}
train: {'epoch': 165, 'eta': 9.2844, 'loss': 1.6856, 'lr': 0.0064, 'params': 632328, 'time_iter': 0.0378, 'accuracy': 0.9594}
train: {'epoch': 166, 'eta': 9.2409, 'loss': 1.6874, 'lr': 0.0063, 'params': 632328, 'time_iter': 0.037, 'accuracy': 0.952}
train: {'epoch': 167, 'eta': 9.2028, 'loss': 1.6879, 'lr': 0.0063, 'params': 632328, 'time_iter': 0.0407, 'accuracy': 0.9557}
train: {'epoch': 168, 'eta': 9.16, 'loss': 1.6831, 'lr': 0.0062, 'params': 632328, 'time_iter': 0.0374, 'accuracy': 0.9621}
train: {'epoch': 169, 'eta': 9.1185, 'loss': 1.6833, 'lr': 0.0062, 'params': 632328, 'time_iter': 0.0383, 'accuracy': 0.9617}
train: {'epoch': 170, 'eta': 9.0786, 'loss': 1.6821, 'lr': 0.0062, 'params': 632328, 'time_iter': 0.0395, 'accuracy': 0.9612}
train: {'epoch': 171, 'eta': 9.0888, 'loss': 1.6806, 'lr': 0.0061, 'params': 632328, 'time_iter': 0.0772, 'accuracy': 0.9617}
train: {'epoch': 172, 'eta': 9.0481, 'loss': 1.6805, 'lr': 0.0061, 'params': 632328, 'time_iter': 0.0392, 'accuracy': 0.9603}
train: {'epoch': 173, 'eta': 9.0085, 'loss': 1.679, 'lr': 0.0061, 'params': 632328, 'time_iter': 0.0401, 'accuracy': 0.964}
train: {'epoch': 174, 'eta': 8.969, 'loss': 1.679, 'lr': 0.006, 'params': 632328, 'time_iter': 0.0402, 'accuracy': 0.9645}
train: {'epoch': 175, 'eta': 8.9269, 'loss': 1.6778, 'lr': 0.006, 'params': 632328, 'time_iter': 0.0381, 'accuracy': 0.9658}
train: {'epoch': 176, 'eta': 8.8836, 'loss': 1.678, 'lr': 0.0059, 'params': 632328, 'time_iter': 0.0372, 'accuracy': 0.9631}
train: {'epoch': 177, 'eta': 8.8424, 'loss': 1.6774, 'lr': 0.0059, 'params': 632328, 'time_iter': 0.0387, 'accuracy': 0.9631}
train: {'epoch': 178, 'eta': 8.7968, 'loss': 1.6772, 'lr': 0.0059, 'params': 632328, 'time_iter': 0.0351, 'accuracy': 0.9681}
train: {'epoch': 179, 'eta': 8.7534, 'loss': 1.6766, 'lr': 0.0058, 'params': 632328, 'time_iter': 0.0369, 'accuracy': 0.9663}
val: {'epoch': 179, 'loss': 1.8433, 'lr': 0, 'params': 632328, 'time_iter': 0.0148, 'accuracy': 0.8819}
train: {'epoch': 180, 'eta': 8.7146, 'loss': 1.6767, 'lr': 0.0058, 'params': 632328, 'time_iter': 0.0406, 'accuracy': 0.9663}
train: {'epoch': 181, 'eta': 8.6719, 'loss': 1.6762, 'lr': 0.0057, 'params': 632328, 'time_iter': 0.0373, 'accuracy': 0.9621}
train: {'epoch': 182, 'eta': 8.6282, 'loss': 1.6759, 'lr': 0.0057, 'params': 632328, 'time_iter': 0.0365, 'accuracy': 0.9658}
train: {'epoch': 183, 'eta': 8.5902, 'loss': 1.6758, 'lr': 0.0057, 'params': 632328, 'time_iter': 0.0413, 'accuracy': 0.9649}
train: {'epoch': 184, 'eta': 8.5511, 'loss': 1.6756, 'lr': 0.0056, 'params': 632328, 'time_iter': 0.0403, 'accuracy': 0.9645}
train: {'epoch': 185, 'eta': 8.5122, 'loss': 1.6759, 'lr': 0.0056, 'params': 632328, 'time_iter': 0.0406, 'accuracy': 0.9658}
train: {'epoch': 186, 'eta': 8.4704, 'loss': 1.677, 'lr': 0.0055, 'params': 632328, 'time_iter': 0.038, 'accuracy': 0.9658}
train: {'epoch': 187, 'eta': 8.4297, 'loss': 1.6806, 'lr': 0.0055, 'params': 632328, 'time_iter': 0.0389, 'accuracy': 0.9612}
train: {'epoch': 188, 'eta': 8.3873, 'loss': 1.6781, 'lr': 0.0055, 'params': 632328, 'time_iter': 0.0374, 'accuracy': 0.9631}
train: {'epoch': 189, 'eta': 8.3439, 'loss': 1.679, 'lr': 0.0054, 'params': 632328, 'time_iter': 0.0364, 'accuracy': 0.9612}
train: {'epoch': 190, 'eta': 8.3033, 'loss': 1.6774, 'lr': 0.0054, 'params': 632328, 'time_iter': 0.0389, 'accuracy': 0.9645}
train: {'epoch': 191, 'eta': 8.2617, 'loss': 1.6779, 'lr': 0.0054, 'params': 632328, 'time_iter': 0.038, 'accuracy': 0.9626}
train: {'epoch': 192, 'eta': 8.2194, 'loss': 1.6772, 'lr': 0.0053, 'params': 632328, 'time_iter': 0.0373, 'accuracy': 0.9608}
train: {'epoch': 193, 'eta': 8.1778, 'loss': 1.6772, 'lr': 0.0053, 'params': 632328, 'time_iter': 0.0379, 'accuracy': 0.9635}
train: {'epoch': 194, 'eta': 8.1363, 'loss': 1.6767, 'lr': 0.0052, 'params': 632328, 'time_iter': 0.038, 'accuracy': 0.9617}
train: {'epoch': 195, 'eta': 8.0965, 'loss': 1.6764, 'lr': 0.0052, 'params': 632328, 'time_iter': 0.0396, 'accuracy': 0.9649}
train: {'epoch': 196, 'eta': 8.0574, 'loss': 1.6763, 'lr': 0.0052, 'params': 632328, 'time_iter': 0.0402, 'accuracy': 0.964}
train: {'epoch': 197, 'eta': 8.0153, 'loss': 1.6757, 'lr': 0.0051, 'params': 632328, 'time_iter': 0.0374, 'accuracy': 0.9635}
train: {'epoch': 198, 'eta': 7.9748, 'loss': 1.6758, 'lr': 0.0051, 'params': 632328, 'time_iter': 0.0388, 'accuracy': 0.9612}
train: {'epoch': 199, 'eta': 7.935, 'loss': 1.675, 'lr': 0.005, 'params': 632328, 'time_iter': 0.0395, 'accuracy': 0.9649}
val: {'epoch': 199, 'loss': 1.8399, 'lr': 0, 'params': 632328, 'time_iter': 0.0143, 'accuracy': 0.8745}
train: {'epoch': 200, 'eta': 7.8924, 'loss': 1.6752, 'lr': 0.005, 'params': 632328, 'time_iter': 0.0368, 'accuracy': 0.9681}
train: {'epoch': 201, 'eta': 7.858, 'loss': 1.6749, 'lr': 0.005, 'params': 632328, 'time_iter': 0.045, 'accuracy': 0.9658}
train: {'epoch': 202, 'eta': 7.8319, 'loss': 1.6749, 'lr': 0.0049, 'params': 632328, 'time_iter': 0.0537, 'accuracy': 0.9626}
train: {'epoch': 203, 'eta': 7.8317, 'loss': 1.6747, 'lr': 0.0049, 'params': 632328, 'time_iter': 0.081, 'accuracy': 0.9681}
train: {'epoch': 204, 'eta': 7.8317, 'loss': 1.6751, 'lr': 0.0048, 'params': 632328, 'time_iter': 0.0819, 'accuracy': 0.9663}
train: {'epoch': 205, 'eta': 7.7952, 'loss': 1.6762, 'lr': 0.0048, 'params': 632328, 'time_iter': 0.044, 'accuracy': 0.9626}
train: {'epoch': 206, 'eta': 7.7527, 'loss': 1.6788, 'lr': 0.0048, 'params': 632328, 'time_iter': 0.0377, 'accuracy': 0.9594}
train: {'epoch': 207, 'eta': 7.7111, 'loss': 1.6778, 'lr': 0.0047, 'params': 632328, 'time_iter': 0.0386, 'accuracy': 0.9608}
train: {'epoch': 208, 'eta': 7.6712, 'loss': 1.6759, 'lr': 0.0047, 'params': 632328, 'time_iter': 0.0404, 'accuracy': 0.9672}
train: {'epoch': 209, 'eta': 7.629, 'loss': 1.6773, 'lr': 0.0046, 'params': 632328, 'time_iter': 0.0379, 'accuracy': 0.9626}
train: {'epoch': 210, 'eta': 7.5843, 'loss': 1.6761, 'lr': 0.0046, 'params': 632328, 'time_iter': 0.0352, 'accuracy': 0.9631}
train: {'epoch': 211, 'eta': 7.5444, 'loss': 1.6769, 'lr': 0.0046, 'params': 632328, 'time_iter': 0.0403, 'accuracy': 0.9645}
train: {'epoch': 212, 'eta': 7.5029, 'loss': 1.6761, 'lr': 0.0045, 'params': 632328, 'time_iter': 0.0386, 'accuracy': 0.9677}
train: {'epoch': 213, 'eta': 7.4625, 'loss': 1.6762, 'lr': 0.0045, 'params': 632328, 'time_iter': 0.0397, 'accuracy': 0.9658}
train: {'epoch': 214, 'eta': 7.4203, 'loss': 1.6757, 'lr': 0.0045, 'params': 632328, 'time_iter': 0.0377, 'accuracy': 0.9626}
train: {'epoch': 215, 'eta': 7.3777, 'loss': 1.6756, 'lr': 0.0044, 'params': 632328, 'time_iter': 0.0372, 'accuracy': 0.9649}
train: {'epoch': 216, 'eta': 7.3353, 'loss': 1.6756, 'lr': 0.0044, 'params': 632328, 'time_iter': 0.0374, 'accuracy': 0.9631}
train: {'epoch': 217, 'eta': 7.2926, 'loss': 1.6752, 'lr': 0.0043, 'params': 632328, 'time_iter': 0.037, 'accuracy': 0.9654}
train: {'epoch': 218, 'eta': 7.2639, 'loss': 1.6751, 'lr': 0.0043, 'params': 632328, 'time_iter': 0.0538, 'accuracy': 0.9663}
train: {'epoch': 219, 'eta': 7.2236, 'loss': 1.6751, 'lr': 0.0043, 'params': 632328, 'time_iter': 0.0399, 'accuracy': 0.9663}
val: {'epoch': 219, 'loss': 1.8421, 'lr': 0, 'params': 632328, 'time_iter': 0.015, 'accuracy': 0.8745}
train: {'epoch': 220, 'eta': 7.1819, 'loss': 1.6766, 'lr': 0.0042, 'params': 632328, 'time_iter': 0.0382, 'accuracy': 0.9663}
train: {'epoch': 221, 'eta': 7.1387, 'loss': 1.6756, 'lr': 0.0042, 'params': 632328, 'time_iter': 0.0363, 'accuracy': 0.9677}
train: {'epoch': 222, 'eta': 7.0963, 'loss': 1.6755, 'lr': 0.0041, 'params': 632328, 'time_iter': 0.0372, 'accuracy': 0.9649}
train: {'epoch': 223, 'eta': 7.0546, 'loss': 1.6752, 'lr': 0.0041, 'params': 632328, 'time_iter': 0.038, 'accuracy': 0.964}
train: {'epoch': 224, 'eta': 7.0127, 'loss': 1.677, 'lr': 0.0041, 'params': 632328, 'time_iter': 0.0378, 'accuracy': 0.964}
train: {'epoch': 225, 'eta': 6.9716, 'loss': 1.6778, 'lr': 0.004, 'params': 632328, 'time_iter': 0.0387, 'accuracy': 0.9598}
train: {'epoch': 226, 'eta': 6.9307, 'loss': 1.6764, 'lr': 0.004, 'params': 632328, 'time_iter': 0.0389, 'accuracy': 0.9658}
train: {'epoch': 227, 'eta': 6.8896, 'loss': 1.6767, 'lr': 0.0039, 'params': 632328, 'time_iter': 0.0387, 'accuracy': 0.9672}
train: {'epoch': 228, 'eta': 6.847, 'loss': 1.6763, 'lr': 0.0039, 'params': 632328, 'time_iter': 0.0367, 'accuracy': 0.9631}
train: {'epoch': 229, 'eta': 6.8051, 'loss': 1.6765, 'lr': 0.0039, 'params': 632328, 'time_iter': 0.0375, 'accuracy': 0.9621}
train: {'epoch': 230, 'eta': 6.7635, 'loss': 1.6764, 'lr': 0.0038, 'params': 632328, 'time_iter': 0.0378, 'accuracy': 0.9645}
train: {'epoch': 231, 'eta': 6.7225, 'loss': 1.6757, 'lr': 0.0038, 'params': 632328, 'time_iter': 0.0387, 'accuracy': 0.964}
train: {'epoch': 232, 'eta': 6.6816, 'loss': 1.6761, 'lr': 0.0038, 'params': 632328, 'time_iter': 0.0387, 'accuracy': 0.9672}
train: {'epoch': 233, 'eta': 6.6406, 'loss': 1.6751, 'lr': 0.0037, 'params': 632328, 'time_iter': 0.0386, 'accuracy': 0.9668}
train: {'epoch': 234, 'eta': 6.6007, 'loss': 1.675, 'lr': 0.0037, 'params': 632328, 'time_iter': 0.0402, 'accuracy': 0.9658}
train: {'epoch': 235, 'eta': 6.559, 'loss': 1.675, 'lr': 0.0036, 'params': 632328, 'time_iter': 0.0375, 'accuracy': 0.9654}
train: {'epoch': 236, 'eta': 6.5181, 'loss': 1.6746, 'lr': 0.0036, 'params': 632328, 'time_iter': 0.0387, 'accuracy': 0.9635}
train: {'epoch': 237, 'eta': 6.4767, 'loss': 1.6744, 'lr': 0.0036, 'params': 632328, 'time_iter': 0.0379, 'accuracy': 0.9677}
train: {'epoch': 238, 'eta': 6.435, 'loss': 1.6744, 'lr': 0.0035, 'params': 632328, 'time_iter': 0.0375, 'accuracy': 0.9654}
train: {'epoch': 239, 'eta': 6.3942, 'loss': 1.6742, 'lr': 0.0035, 'params': 632328, 'time_iter': 0.0387, 'accuracy': 0.9672}
val: {'epoch': 239, 'loss': 1.8446, 'lr': 0, 'params': 632328, 'time_iter': 0.0149, 'accuracy': 0.8893}
train: {'epoch': 240, 'eta': 6.353, 'loss': 1.674, 'lr': 0.0035, 'params': 632328, 'time_iter': 0.0381, 'accuracy': 0.9672}
train: {'epoch': 241, 'eta': 6.3128, 'loss': 1.674, 'lr': 0.0034, 'params': 632328, 'time_iter': 0.0396, 'accuracy': 0.9663}
train: {'epoch': 242, 'eta': 6.2721, 'loss': 1.6738, 'lr': 0.0034, 'params': 632328, 'time_iter': 0.0387, 'accuracy': 0.9668}
train: {'epoch': 243, 'eta': 6.2292, 'loss': 1.6738, 'lr': 0.0033, 'params': 632328, 'time_iter': 0.0354, 'accuracy': 0.9681}
train: {'epoch': 244, 'eta': 6.1876, 'loss': 1.6736, 'lr': 0.0033, 'params': 632328, 'time_iter': 0.0373, 'accuracy': 0.9672}
train: {'epoch': 245, 'eta': 6.1479, 'loss': 1.6736, 'lr': 0.0033, 'params': 632328, 'time_iter': 0.0403, 'accuracy': 0.9672}
train: {'epoch': 246, 'eta': 6.1065, 'loss': 1.6736, 'lr': 0.0032, 'params': 632328, 'time_iter': 0.0375, 'accuracy': 0.9658}
train: {'epoch': 247, 'eta': 6.0663, 'loss': 1.6735, 'lr': 0.0032, 'params': 632328, 'time_iter': 0.0395, 'accuracy': 0.9658}
train: {'epoch': 248, 'eta': 6.0256, 'loss': 1.6734, 'lr': 0.0032, 'params': 632328, 'time_iter': 0.0386, 'accuracy': 0.9686}
train: {'epoch': 249, 'eta': 5.9903, 'loss': 1.6734, 'lr': 0.0031, 'params': 632328, 'time_iter': 0.0475, 'accuracy': 0.9681}
train: {'epoch': 250, 'eta': 5.9482, 'loss': 1.6734, 'lr': 0.0031, 'params': 632328, 'time_iter': 0.0363, 'accuracy': 0.9658}
train: {'epoch': 251, 'eta': 5.9104, 'loss': 1.6733, 'lr': 0.0031, 'params': 632328, 'time_iter': 0.0435, 'accuracy': 0.9663}
train: {'epoch': 252, 'eta': 5.87, 'loss': 1.6734, 'lr': 0.003, 'params': 632328, 'time_iter': 0.0392, 'accuracy': 0.9681}
train: {'epoch': 253, 'eta': 5.83, 'loss': 1.6734, 'lr': 0.003, 'params': 632328, 'time_iter': 0.0398, 'accuracy': 0.9663}
train: {'epoch': 254, 'eta': 5.7888, 'loss': 1.6736, 'lr': 0.0029, 'params': 632328, 'time_iter': 0.0377, 'accuracy': 0.9677}
train: {'epoch': 255, 'eta': 5.7476, 'loss': 1.674, 'lr': 0.0029, 'params': 632328, 'time_iter': 0.0377, 'accuracy': 0.9654}
train: {'epoch': 256, 'eta': 5.7075, 'loss': 1.6743, 'lr': 0.0029, 'params': 632328, 'time_iter': 0.0397, 'accuracy': 0.9654}
train: {'epoch': 257, 'eta': 5.6672, 'loss': 1.674, 'lr': 0.0028, 'params': 632328, 'time_iter': 0.0392, 'accuracy': 0.9654}
train: {'epoch': 258, 'eta': 5.6254, 'loss': 1.6736, 'lr': 0.0028, 'params': 632328, 'time_iter': 0.0365, 'accuracy': 0.9668}
train: {'epoch': 259, 'eta': 5.5858, 'loss': 1.6737, 'lr': 0.0028, 'params': 632328, 'time_iter': 0.0404, 'accuracy': 0.9672}
val: {'epoch': 259, 'loss': 1.8454, 'lr': 0, 'params': 632328, 'time_iter': 0.0145, 'accuracy': 0.8801}
train: {'epoch': 260, 'eta': 5.5457, 'loss': 1.6738, 'lr': 0.0027, 'params': 632328, 'time_iter': 0.0394, 'accuracy': 0.9654}
train: {'epoch': 261, 'eta': 5.505, 'loss': 1.6734, 'lr': 0.0027, 'params': 632328, 'time_iter': 0.0384, 'accuracy': 0.9677}
train: {'epoch': 262, 'eta': 5.4639, 'loss': 1.6735, 'lr': 0.0027, 'params': 632328, 'time_iter': 0.0377, 'accuracy': 0.9668}
train: {'epoch': 263, 'eta': 5.4231, 'loss': 1.6735, 'lr': 0.0026, 'params': 632328, 'time_iter': 0.0381, 'accuracy': 0.964}
train: {'epoch': 264, 'eta': 5.383, 'loss': 1.6733, 'lr': 0.0026, 'params': 632328, 'time_iter': 0.0394, 'accuracy': 0.9677}
train: {'epoch': 265, 'eta': 5.342, 'loss': 1.6733, 'lr': 0.0026, 'params': 632328, 'time_iter': 0.0376, 'accuracy': 0.9663}
train: {'epoch': 266, 'eta': 5.3014, 'loss': 1.6733, 'lr': 0.0025, 'params': 632328, 'time_iter': 0.0384, 'accuracy': 0.9668}
train: {'epoch': 267, 'eta': 5.2618, 'loss': 1.6733, 'lr': 0.0025, 'params': 632328, 'time_iter': 0.0404, 'accuracy': 0.9672}
train: {'epoch': 268, 'eta': 5.2212, 'loss': 1.6732, 'lr': 0.0025, 'params': 632328, 'time_iter': 0.0385, 'accuracy': 0.9672}
train: {'epoch': 269, 'eta': 5.1821, 'loss': 1.6733, 'lr': 0.0024, 'params': 632328, 'time_iter': 0.0414, 'accuracy': 0.9663}
train: {'epoch': 270, 'eta': 5.1426, 'loss': 1.6735, 'lr': 0.0024, 'params': 632328, 'time_iter': 0.0406, 'accuracy': 0.9635}
train: {'epoch': 271, 'eta': 5.1018, 'loss': 1.674, 'lr': 0.0024, 'params': 632328, 'time_iter': 0.0379, 'accuracy': 0.9677}
train: {'epoch': 272, 'eta': 5.0624, 'loss': 1.6759, 'lr': 0.0023, 'params': 632328, 'time_iter': 0.0408, 'accuracy': 0.9626}
train: {'epoch': 273, 'eta': 5.0471, 'loss': 1.6775, 'lr': 0.0023, 'params': 632328, 'time_iter': 0.0932, 'accuracy': 0.9631}
train: {'epoch': 274, 'eta': 5.0092, 'loss': 1.6771, 'lr': 0.0023, 'params': 632328, 'time_iter': 0.0448, 'accuracy': 0.9621}
train: {'epoch': 275, 'eta': 4.9679, 'loss': 1.6754, 'lr': 0.0022, 'params': 632328, 'time_iter': 0.0375, 'accuracy': 0.9654}
train: {'epoch': 276, 'eta': 4.9275, 'loss': 1.6767, 'lr': 0.0022, 'params': 632328, 'time_iter': 0.0393, 'accuracy': 0.9645}
train: {'epoch': 277, 'eta': 4.8929, 'loss': 1.6769, 'lr': 0.0022, 'params': 632328, 'time_iter': 0.0524, 'accuracy': 0.9617}
train: {'epoch': 278, 'eta': 4.8525, 'loss': 1.6811, 'lr': 0.0021, 'params': 632328, 'time_iter': 0.0395, 'accuracy': 0.964}
train: {'epoch': 279, 'eta': 4.8105, 'loss': 1.6845, 'lr': 0.0021, 'params': 632328, 'time_iter': 0.0356, 'accuracy': 0.9598}
val: {'epoch': 279, 'loss': 1.8414, 'lr': 0, 'params': 632328, 'time_iter': 0.0151, 'accuracy': 0.8672}
train: {'epoch': 280, 'eta': 4.7703, 'loss': 1.685, 'lr': 0.0021, 'params': 632328, 'time_iter': 0.0399, 'accuracy': 0.9589}
train: {'epoch': 281, 'eta': 4.7292, 'loss': 1.6825, 'lr': 0.002, 'params': 632328, 'time_iter': 0.0376, 'accuracy': 0.9612}
train: {'epoch': 282, 'eta': 4.6891, 'loss': 1.6818, 'lr': 0.002, 'params': 632328, 'time_iter': 0.04, 'accuracy': 0.9612}
train: {'epoch': 283, 'eta': 4.649, 'loss': 1.6797, 'lr': 0.002, 'params': 632328, 'time_iter': 0.04, 'accuracy': 0.9608}
train: {'epoch': 284, 'eta': 4.6079, 'loss': 1.6797, 'lr': 0.0019, 'params': 632328, 'time_iter': 0.0377, 'accuracy': 0.9598}
train: {'epoch': 285, 'eta': 4.5664, 'loss': 1.6783, 'lr': 0.0019, 'params': 632328, 'time_iter': 0.0363, 'accuracy': 0.9645}
train: {'epoch': 286, 'eta': 4.5265, 'loss': 1.678, 'lr': 0.0019, 'params': 632328, 'time_iter': 0.0406, 'accuracy': 0.964}
train: {'epoch': 287, 'eta': 4.4864, 'loss': 1.6774, 'lr': 0.0018, 'params': 632328, 'time_iter': 0.0399, 'accuracy': 0.9658}
train: {'epoch': 288, 'eta': 4.4472, 'loss': 1.6767, 'lr': 0.0018, 'params': 632328, 'time_iter': 0.0422, 'accuracy': 0.9654}
train: {'epoch': 289, 'eta': 4.4068, 'loss': 1.6766, 'lr': 0.0018, 'params': 632328, 'time_iter': 0.0394, 'accuracy': 0.9645}
train: {'epoch': 290, 'eta': 4.3671, 'loss': 1.6762, 'lr': 0.0018, 'params': 632328, 'time_iter': 0.041, 'accuracy': 0.9635}
train: {'epoch': 291, 'eta': 4.3271, 'loss': 1.6759, 'lr': 0.0017, 'params': 632328, 'time_iter': 0.0401, 'accuracy': 0.9649}
train: {'epoch': 292, 'eta': 4.2869, 'loss': 1.6755, 'lr': 0.0017, 'params': 632328, 'time_iter': 0.0396, 'accuracy': 0.9658}
train: {'epoch': 293, 'eta': 4.2465, 'loss': 1.6753, 'lr': 0.0017, 'params': 632328, 'time_iter': 0.0393, 'accuracy': 0.9635}
train: {'epoch': 294, 'eta': 4.2059, 'loss': 1.6752, 'lr': 0.0016, 'params': 632328, 'time_iter': 0.0386, 'accuracy': 0.9654}
train: {'epoch': 295, 'eta': 4.1653, 'loss': 1.6748, 'lr': 0.0016, 'params': 632328, 'time_iter': 0.0384, 'accuracy': 0.9658}
train: {'epoch': 296, 'eta': 4.1246, 'loss': 1.6748, 'lr': 0.0016, 'params': 632328, 'time_iter': 0.0381, 'accuracy': 0.9663}
train: {'epoch': 297, 'eta': 4.0843, 'loss': 1.6746, 'lr': 0.0015, 'params': 632328, 'time_iter': 0.0393, 'accuracy': 0.9658}
train: {'epoch': 298, 'eta': 4.0436, 'loss': 1.6744, 'lr': 0.0015, 'params': 632328, 'time_iter': 0.0382, 'accuracy': 0.9668}
train: {'epoch': 299, 'eta': 4.0037, 'loss': 1.6743, 'lr': 0.0015, 'params': 632328, 'time_iter': 0.0403, 'accuracy': 0.9663}
val: {'epoch': 299, 'loss': 1.8493, 'lr': 0, 'params': 632328, 'time_iter': 0.0153, 'accuracy': 0.8801}
train: {'epoch': 300, 'eta': 3.964, 'loss': 1.6742, 'lr': 0.0015, 'params': 632328, 'time_iter': 0.0412, 'accuracy': 0.9654}
train: {'epoch': 301, 'eta': 3.9232, 'loss': 1.6741, 'lr': 0.0014, 'params': 632328, 'time_iter': 0.0376, 'accuracy': 0.9686}
train: {'epoch': 302, 'eta': 3.8822, 'loss': 1.674, 'lr': 0.0014, 'params': 632328, 'time_iter': 0.0369, 'accuracy': 0.9686}
train: {'epoch': 303, 'eta': 3.8414, 'loss': 1.6739, 'lr': 0.0014, 'params': 632328, 'time_iter': 0.0376, 'accuracy': 0.9672}
train: {'epoch': 304, 'eta': 3.8014, 'loss': 1.6738, 'lr': 0.0014, 'params': 632328, 'time_iter': 0.0401, 'accuracy': 0.9663}
train: {'epoch': 305, 'eta': 3.7616, 'loss': 1.6738, 'lr': 0.0013, 'params': 632328, 'time_iter': 0.0407, 'accuracy': 0.9668}
train: {'epoch': 306, 'eta': 3.7215, 'loss': 1.6737, 'lr': 0.0013, 'params': 632328, 'time_iter': 0.0399, 'accuracy': 0.9677}
train: {'epoch': 307, 'eta': 3.6813, 'loss': 1.6736, 'lr': 0.0013, 'params': 632328, 'time_iter': 0.0395, 'accuracy': 0.9677}
train: {'epoch': 308, 'eta': 3.6409, 'loss': 1.6736, 'lr': 0.0012, 'params': 632328, 'time_iter': 0.0385, 'accuracy': 0.9681}
train: {'epoch': 309, 'eta': 3.6003, 'loss': 1.6736, 'lr': 0.0012, 'params': 632328, 'time_iter': 0.0382, 'accuracy': 0.9677}
train: {'epoch': 310, 'eta': 3.5594, 'loss': 1.6735, 'lr': 0.0012, 'params': 632328, 'time_iter': 0.0369, 'accuracy': 0.9672}
train: {'epoch': 311, 'eta': 3.5189, 'loss': 1.6735, 'lr': 0.0012, 'params': 632328, 'time_iter': 0.0382, 'accuracy': 0.9672}
train: {'epoch': 312, 'eta': 3.4786, 'loss': 1.6734, 'lr': 0.0011, 'params': 632328, 'time_iter': 0.0387, 'accuracy': 0.9668}
train: {'epoch': 313, 'eta': 3.438, 'loss': 1.6734, 'lr': 0.0011, 'params': 632328, 'time_iter': 0.038, 'accuracy': 0.9668}
train: {'epoch': 314, 'eta': 3.3978, 'loss': 1.6734, 'lr': 0.0011, 'params': 632328, 'time_iter': 0.0388, 'accuracy': 0.9668}
train: {'epoch': 315, 'eta': 3.3574, 'loss': 1.6733, 'lr': 0.0011, 'params': 632328, 'time_iter': 0.0384, 'accuracy': 0.9658}
train: {'epoch': 316, 'eta': 3.317, 'loss': 1.6733, 'lr': 0.001, 'params': 632328, 'time_iter': 0.0386, 'accuracy': 0.9658}
train: {'epoch': 317, 'eta': 3.2765, 'loss': 1.6733, 'lr': 0.001, 'params': 632328, 'time_iter': 0.0377, 'accuracy': 0.9654}
train: {'epoch': 318, 'eta': 3.2365, 'loss': 1.6733, 'lr': 0.001, 'params': 632328, 'time_iter': 0.0399, 'accuracy': 0.9663}
train: {'epoch': 319, 'eta': 3.196, 'loss': 1.6733, 'lr': 0.001, 'params': 632328, 'time_iter': 0.0377, 'accuracy': 0.9663}
val: {'epoch': 319, 'loss': 1.8473, 'lr': 0, 'params': 632328, 'time_iter': 0.0142, 'accuracy': 0.8875}
train: {'epoch': 320, 'eta': 3.1567, 'loss': 1.6732, 'lr': 0.001, 'params': 632328, 'time_iter': 0.0428, 'accuracy': 0.9668}
train: {'epoch': 321, 'eta': 3.1161, 'loss': 1.6732, 'lr': 0.0009, 'params': 632328, 'time_iter': 0.0373, 'accuracy': 0.9663}
train: {'epoch': 322, 'eta': 3.076, 'loss': 1.6732, 'lr': 0.0009, 'params': 632328, 'time_iter': 0.0391, 'accuracy': 0.9658}
train: {'epoch': 323, 'eta': 3.0361, 'loss': 1.6732, 'lr': 0.0009, 'params': 632328, 'time_iter': 0.0401, 'accuracy': 0.9663}
train: {'epoch': 324, 'eta': 2.9963, 'loss': 1.6732, 'lr': 0.0009, 'params': 632328, 'time_iter': 0.0408, 'accuracy': 0.9663}
train: {'epoch': 325, 'eta': 2.9565, 'loss': 1.6732, 'lr': 0.0008, 'params': 632328, 'time_iter': 0.0406, 'accuracy': 0.9663}
train: {'epoch': 326, 'eta': 2.9166, 'loss': 1.6731, 'lr': 0.0008, 'params': 632328, 'time_iter': 0.04, 'accuracy': 0.9668}
train: {'epoch': 327, 'eta': 2.8762, 'loss': 1.6731, 'lr': 0.0008, 'params': 632328, 'time_iter': 0.0382, 'accuracy': 0.9663}
train: {'epoch': 328, 'eta': 2.8359, 'loss': 1.6731, 'lr': 0.0008, 'params': 632328, 'time_iter': 0.0384, 'accuracy': 0.9668}
train: {'epoch': 329, 'eta': 2.7956, 'loss': 1.6731, 'lr': 0.0008, 'params': 632328, 'time_iter': 0.038, 'accuracy': 0.9663}
train: {'epoch': 330, 'eta': 2.7554, 'loss': 1.6731, 'lr': 0.0007, 'params': 632328, 'time_iter': 0.0387, 'accuracy': 0.9663}
train: {'epoch': 331, 'eta': 2.7154, 'loss': 1.6731, 'lr': 0.0007, 'params': 632328, 'time_iter': 0.0398, 'accuracy': 0.9663}
train: {'epoch': 332, 'eta': 2.6755, 'loss': 1.6731, 'lr': 0.0007, 'params': 632328, 'time_iter': 0.04, 'accuracy': 0.9663}
train: {'epoch': 333, 'eta': 2.6355, 'loss': 1.6731, 'lr': 0.0007, 'params': 632328, 'time_iter': 0.0394, 'accuracy': 0.9663}
train: {'epoch': 334, 'eta': 2.5958, 'loss': 1.6731, 'lr': 0.0007, 'params': 632328, 'time_iter': 0.0415, 'accuracy': 0.9663}
train: {'epoch': 335, 'eta': 2.5555, 'loss': 1.6731, 'lr': 0.0006, 'params': 632328, 'time_iter': 0.038, 'accuracy': 0.9668}
train: {'epoch': 336, 'eta': 2.5154, 'loss': 1.6731, 'lr': 0.0006, 'params': 632328, 'time_iter': 0.0389, 'accuracy': 0.9668}
train: {'epoch': 337, 'eta': 2.4817, 'loss': 1.673, 'lr': 0.0006, 'params': 632328, 'time_iter': 0.0735, 'accuracy': 0.9668}
train: {'epoch': 338, 'eta': 2.4415, 'loss': 1.673, 'lr': 0.0006, 'params': 632328, 'time_iter': 0.0392, 'accuracy': 0.9668}
train: {'epoch': 339, 'eta': 2.4014, 'loss': 1.673, 'lr': 0.0006, 'params': 632328, 'time_iter': 0.0395, 'accuracy': 0.9668}
val: {'epoch': 339, 'loss': 1.8488, 'lr': 0, 'params': 632328, 'time_iter': 0.0174, 'accuracy': 0.8875}
train: {'epoch': 340, 'eta': 2.3613, 'loss': 1.673, 'lr': 0.0005, 'params': 632328, 'time_iter': 0.0398, 'accuracy': 0.9668}
train: {'epoch': 341, 'eta': 2.3209, 'loss': 1.673, 'lr': 0.0005, 'params': 632328, 'time_iter': 0.038, 'accuracy': 0.9668}
train: {'epoch': 342, 'eta': 2.2804, 'loss': 1.673, 'lr': 0.0005, 'params': 632328, 'time_iter': 0.0366, 'accuracy': 0.9668}
train: {'epoch': 343, 'eta': 2.2404, 'loss': 1.673, 'lr': 0.0005, 'params': 632328, 'time_iter': 0.0401, 'accuracy': 0.9668}
train: {'epoch': 344, 'eta': 2.2006, 'loss': 1.673, 'lr': 0.0005, 'params': 632328, 'time_iter': 0.0415, 'accuracy': 0.9668}
train: {'epoch': 345, 'eta': 2.1607, 'loss': 1.673, 'lr': 0.0005, 'params': 632328, 'time_iter': 0.0408, 'accuracy': 0.9668}
train: {'epoch': 346, 'eta': 2.1205, 'loss': 1.673, 'lr': 0.0004, 'params': 632328, 'time_iter': 0.039, 'accuracy': 0.9668}
train: {'epoch': 347, 'eta': 2.0805, 'loss': 1.673, 'lr': 0.0004, 'params': 632328, 'time_iter': 0.04, 'accuracy': 0.9668}
train: {'epoch': 348, 'eta': 2.0407, 'loss': 1.673, 'lr': 0.0004, 'params': 632328, 'time_iter': 0.0416, 'accuracy': 0.9668}
train: {'epoch': 349, 'eta': 2.0007, 'loss': 1.673, 'lr': 0.0004, 'params': 632328, 'time_iter': 0.0399, 'accuracy': 0.9668}
train: {'epoch': 350, 'eta': 1.9606, 'loss': 1.673, 'lr': 0.0004, 'params': 632328, 'time_iter': 0.0391, 'accuracy': 0.9668}
train: {'epoch': 351, 'eta': 1.9201, 'loss': 1.673, 'lr': 0.0004, 'params': 632328, 'time_iter': 0.0364, 'accuracy': 0.9668}
train: {'epoch': 352, 'eta': 1.8799, 'loss': 1.673, 'lr': 0.0004, 'params': 632328, 'time_iter': 0.039, 'accuracy': 0.9668}
train: {'epoch': 353, 'eta': 1.8399, 'loss': 1.673, 'lr': 0.0003, 'params': 632328, 'time_iter': 0.0398, 'accuracy': 0.9668}
train: {'epoch': 354, 'eta': 1.7997, 'loss': 1.673, 'lr': 0.0003, 'params': 632328, 'time_iter': 0.0385, 'accuracy': 0.9668}
train: {'epoch': 355, 'eta': 1.7595, 'loss': 1.673, 'lr': 0.0003, 'params': 632328, 'time_iter': 0.0379, 'accuracy': 0.9668}
train: {'epoch': 356, 'eta': 1.7193, 'loss': 1.673, 'lr': 0.0003, 'params': 632328, 'time_iter': 0.0389, 'accuracy': 0.9668}
train: {'epoch': 357, 'eta': 1.6799, 'loss': 1.673, 'lr': 0.0003, 'params': 632328, 'time_iter': 0.0449, 'accuracy': 0.9668}
train: {'epoch': 358, 'eta': 1.6399, 'loss': 1.673, 'lr': 0.0003, 'params': 632328, 'time_iter': 0.0396, 'accuracy': 0.9668}
train: {'epoch': 359, 'eta': 1.5998, 'loss': 1.673, 'lr': 0.0003, 'params': 632328, 'time_iter': 0.039, 'accuracy': 0.9668}
val: {'epoch': 359, 'loss': 1.8509, 'lr': 0, 'params': 632328, 'time_iter': 0.015, 'accuracy': 0.8875}
train: {'epoch': 360, 'eta': 1.5598, 'loss': 1.673, 'lr': 0.0002, 'params': 632328, 'time_iter': 0.0398, 'accuracy': 0.9668}
train: {'epoch': 361, 'eta': 1.5196, 'loss': 1.673, 'lr': 0.0002, 'params': 632328, 'time_iter': 0.0386, 'accuracy': 0.9668}
train: {'epoch': 362, 'eta': 1.4796, 'loss': 1.673, 'lr': 0.0002, 'params': 632328, 'time_iter': 0.0399, 'accuracy': 0.9668}
train: {'epoch': 363, 'eta': 1.4403, 'loss': 1.673, 'lr': 0.0002, 'params': 632328, 'time_iter': 0.0462, 'accuracy': 0.9668}
train: {'epoch': 364, 'eta': 1.4003, 'loss': 1.673, 'lr': 0.0002, 'params': 632328, 'time_iter': 0.0405, 'accuracy': 0.9668}
train: {'epoch': 365, 'eta': 1.3602, 'loss': 1.673, 'lr': 0.0002, 'params': 632328, 'time_iter': 0.0387, 'accuracy': 0.9668}
train: {'epoch': 366, 'eta': 1.3202, 'loss': 1.673, 'lr': 0.0002, 'params': 632328, 'time_iter': 0.0409, 'accuracy': 0.9668}
train: {'epoch': 367, 'eta': 1.28, 'loss': 1.673, 'lr': 0.0002, 'params': 632328, 'time_iter': 0.0369, 'accuracy': 0.9668}
train: {'epoch': 368, 'eta': 1.2398, 'loss': 1.673, 'lr': 0.0002, 'params': 632328, 'time_iter': 0.0385, 'accuracy': 0.9668}
train: {'epoch': 369, 'eta': 1.1997, 'loss': 1.673, 'lr': 0.0001, 'params': 632328, 'time_iter': 0.0383, 'accuracy': 0.9668}
train: {'epoch': 370, 'eta': 1.1597, 'loss': 1.673, 'lr': 0.0001, 'params': 632328, 'time_iter': 0.0393, 'accuracy': 0.9668}
train: {'epoch': 371, 'eta': 1.1195, 'loss': 1.673, 'lr': 0.0001, 'params': 632328, 'time_iter': 0.0374, 'accuracy': 0.9668}
train: {'epoch': 372, 'eta': 1.0794, 'loss': 1.673, 'lr': 0.0001, 'params': 632328, 'time_iter': 0.0386, 'accuracy': 0.9668}
train: {'epoch': 373, 'eta': 1.0394, 'loss': 1.673, 'lr': 0.0001, 'params': 632328, 'time_iter': 0.0391, 'accuracy': 0.9668}
train: {'epoch': 374, 'eta': 0.9992, 'loss': 1.673, 'lr': 0.0001, 'params': 632328, 'time_iter': 0.0374, 'accuracy': 0.9668}
train: {'epoch': 375, 'eta': 0.9592, 'loss': 1.673, 'lr': 0.0001, 'params': 632328, 'time_iter': 0.0388, 'accuracy': 0.9668}
train: {'epoch': 376, 'eta': 0.9193, 'loss': 1.673, 'lr': 0.0001, 'params': 632328, 'time_iter': 0.041, 'accuracy': 0.9668}
train: {'epoch': 377, 'eta': 0.8793, 'loss': 1.673, 'lr': 0.0001, 'params': 632328, 'time_iter': 0.0393, 'accuracy': 0.9668}
train: {'epoch': 378, 'eta': 0.8394, 'loss': 1.673, 'lr': 0.0001, 'params': 632328, 'time_iter': 0.0415, 'accuracy': 0.9668}
train: {'epoch': 379, 'eta': 0.7992, 'loss': 1.673, 'lr': 0.0001, 'params': 632328, 'time_iter': 0.0369, 'accuracy': 0.9668}
val: {'epoch': 379, 'loss': 1.8523, 'lr': 0, 'params': 632328, 'time_iter': 0.0152, 'accuracy': 0.8856}
train: {'epoch': 380, 'eta': 0.7592, 'loss': 1.673, 'lr': 0.0001, 'params': 632328, 'time_iter': 0.0393, 'accuracy': 0.9668}
train: {'epoch': 381, 'eta': 0.7192, 'loss': 1.673, 'lr': 0.0001, 'params': 632328, 'time_iter': 0.0387, 'accuracy': 0.9668}
train: {'epoch': 382, 'eta': 0.6792, 'loss': 1.673, 'lr': 0.0, 'params': 632328, 'time_iter': 0.038, 'accuracy': 0.9668}
train: {'epoch': 383, 'eta': 0.6392, 'loss': 1.673, 'lr': 0.0, 'params': 632328, 'time_iter': 0.0396, 'accuracy': 0.9668}
train: {'epoch': 384, 'eta': 0.5992, 'loss': 1.673, 'lr': 0.0, 'params': 632328, 'time_iter': 0.0377, 'accuracy': 0.9668}
train: {'epoch': 385, 'eta': 0.5592, 'loss': 1.673, 'lr': 0.0, 'params': 632328, 'time_iter': 0.0383, 'accuracy': 0.9668}
train: {'epoch': 386, 'eta': 0.5192, 'loss': 1.673, 'lr': 0.0, 'params': 632328, 'time_iter': 0.0385, 'accuracy': 0.9668}
train: {'epoch': 387, 'eta': 0.4792, 'loss': 1.673, 'lr': 0.0, 'params': 632328, 'time_iter': 0.039, 'accuracy': 0.9668}
train: {'epoch': 388, 'eta': 0.4392, 'loss': 1.673, 'lr': 0.0, 'params': 632328, 'time_iter': 0.0377, 'accuracy': 0.9668}
train: {'epoch': 389, 'eta': 0.3992, 'loss': 1.673, 'lr': 0.0, 'params': 632328, 'time_iter': 0.0362, 'accuracy': 0.9668}
train: {'epoch': 390, 'eta': 0.3593, 'loss': 1.673, 'lr': 0.0, 'params': 632328, 'time_iter': 0.0392, 'accuracy': 0.9668}
train: {'epoch': 391, 'eta': 0.3193, 'loss': 1.673, 'lr': 0.0, 'params': 632328, 'time_iter': 0.0402, 'accuracy': 0.9668}
train: {'epoch': 392, 'eta': 0.2794, 'loss': 1.673, 'lr': 0.0, 'params': 632328, 'time_iter': 0.038, 'accuracy': 0.9668}
train: {'epoch': 393, 'eta': 0.2395, 'loss': 1.673, 'lr': 0.0, 'params': 632328, 'time_iter': 0.0399, 'accuracy': 0.9668}
train: {'epoch': 394, 'eta': 0.1996, 'loss': 1.673, 'lr': 0.0, 'params': 632328, 'time_iter': 0.0404, 'accuracy': 0.9668}
train: {'epoch': 395, 'eta': 0.1597, 'loss': 1.673, 'lr': 0.0, 'params': 632328, 'time_iter': 0.0391, 'accuracy': 0.9668}
train: {'epoch': 396, 'eta': 0.1197, 'loss': 1.673, 'lr': 0.0, 'params': 632328, 'time_iter': 0.0381, 'accuracy': 0.9668}
train: {'epoch': 397, 'eta': 0.0798, 'loss': 1.673, 'lr': 0.0, 'params': 632328, 'time_iter': 0.0413, 'accuracy': 0.9668}
train: {'epoch': 398, 'eta': 0.0399, 'loss': 1.673, 'lr': 0.0, 'params': 632328, 'time_iter': 0.041, 'accuracy': 0.9668}
train: {'epoch': 399, 'eta': 0.0, 'loss': 1.673, 'lr': 0.0, 'params': 632328, 'time_iter': 0.0397, 'accuracy': 0.9668}
val: {'epoch': 399, 'loss': 1.853, 'lr': 0, 'params': 632328, 'time_iter': 0.0155, 'accuracy': 0.8856}
Task done, results saved in results/example_noneq_1
