Load: 0.06509s, Before split: 0.000376s, Split: 0.000206s, After split: 0.0003219s
GNN(
  (preprocess): Preprocess(
    node_feature: dim_out=1433
    Total: dim_out=1433
  )
  (pre_mp): GeneralMultiLayer(
    (Layer_0): GeneralLayer(
      (layer): Linear(
        (model): Linear(in_features=1433, out_features=256, bias=False)
      )
      (post_layer): Sequential(
        (0): BatchNorm1d(256, eps=1e-05, momentum=0.1, affine=True, track_running_stats=True)
        (1): PReLU(num_parameters=1)
      )
    )
  )
  (mp): GNNStackStage(
    (layer0): GeneralLayer(
      (layer): GeneralConv(
        (model): GeneralConvLayer(256, 256)
      )
      (post_layer): Sequential(
        (0): BatchNorm1d(256, eps=1e-05, momentum=0.1, affine=True, track_running_stats=True)
        (1): PReLU(num_parameters=1)
      )
    )
    (layer1): GeneralLayer(
      (layer): GeneralConv(
        (model): GeneralConvLayer(256, 256)
      )
      (post_layer): Sequential(
        (0): BatchNorm1d(256, eps=1e-05, momentum=0.1, affine=True, track_running_stats=True)
        (1): PReLU(num_parameters=1)
      )
    )
  )
  (post_mp): GNNNodeHead(
    (layer_post_mp): MLP(
      (model): Sequential(
        (0): Linear(
          (model): Linear(in_features=256, out_features=7, bias=True)
        )
      )
    )
  )
)
bn:
  eps: 1e-05
  mom: 0.1
cfg_dest: config.yaml
custom_metrics: []
dataset:
  augment_feature: []
  augment_feature_dims: []
  augment_feature_repr: position
  augment_label: 
  augment_label_dims: 0
  cache_load: False
  cache_save: False
  dir: ./datasets
  edge_dim: 128
  edge_encoder: False
  edge_encoder_bn: True
  edge_encoder_name: Bond
  edge_message_ratio: 0.8
  edge_negative_sampling_ratio: 1.0
  edge_train_mode: all
  encoder: True
  encoder_bn: True
  encoder_dim: 128
  encoder_name: db
  format: PyG
  label_column: none
  label_table: none
  location: local
  name: Cora
  node_encoder: False
  node_encoder_bn: True
  node_encoder_name: Atom
  remove_feature: False
  resample_disjoint: False
  resample_negative: False
  shuffle_split: True
  split: [0.8, 0.2]
  split_mode: random
  task: node
  task_type: classification
  to_undirected: False
  transductive: True
  transform: none
  tu_simple: True
device: cpu
example_arg: example
example_group:
  example_arg: example
gnn:
  act: prelu
  agg: add
  att_final_linear: False
  att_final_linear_bn: False
  att_heads: 1
  batchnorm: True
  clear_feature: True
  dim_inner: 256
  dropout: 0.0
  flow: source_to_target
  head: node
  keep_edge: 0.5
  l2norm: True
  layer_type: generalconv
  layers_mp: 2
  layers_post_mp: 1
  layers_pre_mp: 1
  msg_direction: single
  normalize_adj: False
  self_msg: concat
  skip_every: 1
  stage_type: stack
gpu_mem: False
mem:
  inplace: False
metric_agg: argmax
metric_best: auto
model:
  edge_decoding: dot
  graph_pooling: add
  loss_fun: cross_entropy
  match_upper: True
  size_average: mean
  thresh: 0.5
  type: gnn
num_threads: 6
num_workers: 0
optim:
  base_lr: 0.01
  lr_decay: 0.1
  max_epoch: 400
  momentum: 0.9
  optimizer: adam
  scheduler: cos
  steps: [30, 60, 90]
  weight_decay: 0.0005
out_dir: results/example_noneq_9
params: 632328
print: both
round: 4
run_dir: results/example_noneq_9/2
seed: 3
share:
  dim_in: 1433
  dim_out: 7
  num_splits: 2
tensorboard_agg: True
tensorboard_each_run: False
train:
  auto_resume: False
  batch_size: 32
  ckpt_clean: True
  ckpt_period: 100
  enable_ckpt: True
  energy_alpha: 3.0
  energy_beta: 1.0
  energy_reg: True
  epoch_resume: -1
  eval_period: 20
  iter_per_epoch: 32
  mode: standard
  neighbor_sizes: [20, 15, 10, 5]
  node_per_graph: 32
  radius: extend
  sample_node: False
  sampler: full_batch
  skip_train_eval: False
  walk_length: 4
val:
  node_per_graph: 32
  radius: extend
  sample_node: False
  sampler: full_batch
view_emb: False
Num parameters: 632328
Start from epoch 0
train: {'epoch': 0, 'eta': 40.7191, 'loss': 5.8041, 'lr': 0.01, 'params': 632328, 'time_iter': 0.1021, 'accuracy': 0.2018}
val: {'epoch': 0, 'loss': 4.9679, 'lr': 0, 'params': 632328, 'time_iter': 0.0463, 'accuracy': 0.3007}
train: {'epoch': 1, 'eta': 39.4047, 'loss': 5.2065, 'lr': 0.01, 'params': 632328, 'time_iter': 0.096, 'accuracy': 0.6288}
train: {'epoch': 2, 'eta': 41.298, 'loss': 4.8572, 'lr': 0.01, 'params': 632328, 'time_iter': 0.1141, 'accuracy': 0.6727}
train: {'epoch': 3, 'eta': 40.402, 'loss': 4.6493, 'lr': 0.01, 'params': 632328, 'time_iter': 0.096, 'accuracy': 0.7087}
train: {'epoch': 4, 'eta': 41.1882, 'loss': 4.4615, 'lr': 0.01, 'params': 632328, 'time_iter': 0.1133, 'accuracy': 0.7452}
train: {'epoch': 5, 'eta': 41.8039, 'loss': 4.3055, 'lr': 0.01, 'params': 632328, 'time_iter': 0.1152, 'accuracy': 0.7659}
train: {'epoch': 6, 'eta': 41.4065, 'loss': 4.2034, 'lr': 0.01, 'params': 632328, 'time_iter': 0.1009, 'accuracy': 0.8024}
train: {'epoch': 7, 'eta': 41.5447, 'loss': 4.0884, 'lr': 0.01, 'params': 632328, 'time_iter': 0.1103, 'accuracy': 0.837}
train: {'epoch': 8, 'eta': 40.8758, 'loss': 4.0005, 'lr': 0.01, 'params': 632328, 'time_iter': 0.093, 'accuracy': 0.8578}
train: {'epoch': 9, 'eta': 40.2459, 'loss': 3.925, 'lr': 0.01, 'params': 632328, 'time_iter': 0.0911, 'accuracy': 0.8684}
train: {'epoch': 10, 'eta': 40.3251, 'loss': 3.8536, 'lr': 0.01, 'params': 632328, 'time_iter': 0.1084, 'accuracy': 0.886}
train: {'epoch': 11, 'eta': 40.0715, 'loss': 3.7934, 'lr': 0.01, 'params': 632328, 'time_iter': 0.099, 'accuracy': 0.8961}
train: {'epoch': 12, 'eta': 39.4812, 'loss': 3.7388, 'lr': 0.01, 'params': 632328, 'time_iter': 0.0869, 'accuracy': 0.9058}
train: {'epoch': 13, 'eta': 39.2653, 'loss': 3.6903, 'lr': 0.01, 'params': 632328, 'time_iter': 0.0979, 'accuracy': 0.9155}
train: {'epoch': 14, 'eta': 38.931, 'loss': 3.6472, 'lr': 0.01, 'params': 632328, 'time_iter': 0.0927, 'accuracy': 0.9187}
train: {'epoch': 15, 'eta': 38.6273, 'loss': 3.6081, 'lr': 0.01, 'params': 632328, 'time_iter': 0.0927, 'accuracy': 0.9229}
train: {'epoch': 16, 'eta': 38.6932, 'loss': 3.5726, 'lr': 0.01, 'params': 632328, 'time_iter': 0.108, 'accuracy': 0.9252}
train: {'epoch': 17, 'eta': 38.5049, 'loss': 3.5403, 'lr': 0.01, 'params': 632328, 'time_iter': 0.0969, 'accuracy': 0.9271}
train: {'epoch': 18, 'eta': 38.2063, 'loss': 3.5114, 'lr': 0.01, 'params': 632328, 'time_iter': 0.0909, 'accuracy': 0.9335}
train: {'epoch': 19, 'eta': 38.0145, 'loss': 3.4857, 'lr': 0.0099, 'params': 632328, 'time_iter': 0.0955, 'accuracy': 0.9358}
val: {'epoch': 19, 'loss': 3.64, 'lr': 0, 'params': 632328, 'time_iter': 0.0434, 'accuracy': 0.8653}
train: {'epoch': 20, 'eta': 37.6578, 'loss': 3.4623, 'lr': 0.0099, 'params': 632328, 'time_iter': 0.0858, 'accuracy': 0.9395}
train: {'epoch': 21, 'eta': 37.4054, 'loss': 3.441, 'lr': 0.0099, 'params': 632328, 'time_iter': 0.0905, 'accuracy': 0.9423}
train: {'epoch': 22, 'eta': 37.2442, 'loss': 3.4217, 'lr': 0.0099, 'params': 632328, 'time_iter': 0.0952, 'accuracy': 0.9432}
train: {'epoch': 23, 'eta': 37.0505, 'loss': 3.404, 'lr': 0.0099, 'params': 632328, 'time_iter': 0.0927, 'accuracy': 0.9474}
train: {'epoch': 24, 'eta': 37.2251, 'loss': 3.388, 'lr': 0.0099, 'params': 632328, 'time_iter': 0.1167, 'accuracy': 0.9497}
train: {'epoch': 25, 'eta': 37.0856, 'loss': 3.3732, 'lr': 0.0099, 'params': 632328, 'time_iter': 0.0965, 'accuracy': 0.9515}
train: {'epoch': 26, 'eta': 36.972, 'loss': 3.3589, 'lr': 0.0099, 'params': 632328, 'time_iter': 0.0981, 'accuracy': 0.9529}
train: {'epoch': 27, 'eta': 36.7109, 'loss': 3.3458, 'lr': 0.0099, 'params': 632328, 'time_iter': 0.0869, 'accuracy': 0.9584}
train: {'epoch': 28, 'eta': 36.6303, 'loss': 3.3336, 'lr': 0.0099, 'params': 632328, 'time_iter': 0.1001, 'accuracy': 0.9612}
train: {'epoch': 29, 'eta': 36.4425, 'loss': 3.3222, 'lr': 0.0099, 'params': 632328, 'time_iter': 0.0915, 'accuracy': 0.9617}
train: {'epoch': 30, 'eta': 36.2899, 'loss': 3.3122, 'lr': 0.0099, 'params': 632328, 'time_iter': 0.0939, 'accuracy': 0.9649}
train: {'epoch': 31, 'eta': 36.1023, 'loss': 3.3026, 'lr': 0.0099, 'params': 632328, 'time_iter': 0.0906, 'accuracy': 0.9672}
train: {'epoch': 32, 'eta': 36.0205, 'loss': 3.2938, 'lr': 0.0098, 'params': 632328, 'time_iter': 0.0996, 'accuracy': 0.9709}
train: {'epoch': 33, 'eta': 35.8527, 'loss': 3.2985, 'lr': 0.0098, 'params': 632328, 'time_iter': 0.0917, 'accuracy': 0.9645}
train: {'epoch': 34, 'eta': 35.6696, 'loss': 3.384, 'lr': 0.0098, 'params': 632328, 'time_iter': 0.0898, 'accuracy': 0.9501}
train: {'epoch': 35, 'eta': 36.1986, 'loss': 3.4598, 'lr': 0.0098, 'params': 632328, 'time_iter': 0.1597, 'accuracy': 0.892}
train: {'epoch': 36, 'eta': 36.107, 'loss': 3.4256, 'lr': 0.0098, 'params': 632328, 'time_iter': 0.1002, 'accuracy': 0.9234}
train: {'epoch': 37, 'eta': 36.038, 'loss': 3.325, 'lr': 0.0098, 'params': 632328, 'time_iter': 0.1027, 'accuracy': 0.9566}
train: {'epoch': 38, 'eta': 35.8668, 'loss': 3.3261, 'lr': 0.0098, 'params': 632328, 'time_iter': 0.0918, 'accuracy': 0.9552}
train: {'epoch': 39, 'eta': 35.7562, 'loss': 3.3369, 'lr': 0.0098, 'params': 632328, 'time_iter': 0.0981, 'accuracy': 0.9543}
val: {'epoch': 39, 'loss': 3.5562, 'lr': 0, 'params': 632328, 'time_iter': 0.0366, 'accuracy': 0.8875}
train: {'epoch': 40, 'eta': 35.5648, 'loss': 3.3092, 'lr': 0.0098, 'params': 632328, 'time_iter': 0.0888, 'accuracy': 0.9617}
train: {'epoch': 41, 'eta': 35.4493, 'loss': 3.2879, 'lr': 0.0097, 'params': 632328, 'time_iter': 0.0971, 'accuracy': 0.9608}
train: {'epoch': 42, 'eta': 35.2654, 'loss': 3.2828, 'lr': 0.0097, 'params': 632328, 'time_iter': 0.0888, 'accuracy': 0.9621}
train: {'epoch': 43, 'eta': 35.1057, 'loss': 3.2844, 'lr': 0.0097, 'params': 632328, 'time_iter': 0.0913, 'accuracy': 0.9635}
train: {'epoch': 44, 'eta': 34.9734, 'loss': 3.2812, 'lr': 0.0097, 'params': 632328, 'time_iter': 0.0943, 'accuracy': 0.9645}
train: {'epoch': 45, 'eta': 34.8083, 'loss': 3.2727, 'lr': 0.0097, 'params': 632328, 'time_iter': 0.0899, 'accuracy': 0.9705}
train: {'epoch': 46, 'eta': 34.6528, 'loss': 3.2635, 'lr': 0.0097, 'params': 632328, 'time_iter': 0.0907, 'accuracy': 0.9741}
train: {'epoch': 47, 'eta': 34.6363, 'loss': 3.2558, 'lr': 0.0097, 'params': 632328, 'time_iter': 0.1093, 'accuracy': 0.9769}
train: {'epoch': 48, 'eta': 34.6286, 'loss': 3.2492, 'lr': 0.0096, 'params': 632328, 'time_iter': 0.1111, 'accuracy': 0.9806}
train: {'epoch': 49, 'eta': 34.9508, 'loss': 3.2439, 'lr': 0.0096, 'params': 632328, 'time_iter': 0.1588, 'accuracy': 0.9788}
train: {'epoch': 50, 'eta': 35.0771, 'loss': 3.2425, 'lr': 0.0096, 'params': 632328, 'time_iter': 0.1329, 'accuracy': 0.9741}
train: {'epoch': 51, 'eta': 35.314, 'loss': 3.233, 'lr': 0.0096, 'params': 632328, 'time_iter': 0.1509, 'accuracy': 0.9783}
train: {'epoch': 52, 'eta': 35.3222, 'loss': 3.2276, 'lr': 0.0096, 'params': 632328, 'time_iter': 0.1182, 'accuracy': 0.9797}
train: {'epoch': 53, 'eta': 35.427, 'loss': 3.2247, 'lr': 0.0096, 'params': 632328, 'time_iter': 0.134, 'accuracy': 0.9829}
train: {'epoch': 54, 'eta': 35.3638, 'loss': 3.2185, 'lr': 0.0096, 'params': 632328, 'time_iter': 0.1086, 'accuracy': 0.9843}
train: {'epoch': 55, 'eta': 35.4057, 'loss': 3.2158, 'lr': 0.0095, 'params': 632328, 'time_iter': 0.126, 'accuracy': 0.9866}
train: {'epoch': 56, 'eta': 35.4591, 'loss': 3.2144, 'lr': 0.0095, 'params': 632328, 'time_iter': 0.1289, 'accuracy': 0.988}
train: {'epoch': 57, 'eta': 35.2518, 'loss': 3.2114, 'lr': 0.0095, 'params': 632328, 'time_iter': 0.0858, 'accuracy': 0.9898}
train: {'epoch': 58, 'eta': 35.1752, 'loss': 3.2098, 'lr': 0.0095, 'params': 632328, 'time_iter': 0.1077, 'accuracy': 0.9898}
train: {'epoch': 59, 'eta': 35.0302, 'loss': 3.2062, 'lr': 0.0095, 'params': 632328, 'time_iter': 0.0958, 'accuracy': 0.9912}
val: {'epoch': 59, 'loss': 3.5473, 'lr': 0, 'params': 632328, 'time_iter': 0.039, 'accuracy': 0.8598}
train: {'epoch': 60, 'eta': 34.8744, 'loss': 3.2035, 'lr': 0.0095, 'params': 632328, 'time_iter': 0.0935, 'accuracy': 0.9885}
train: {'epoch': 61, 'eta': 34.7197, 'loss': 3.1983, 'lr': 0.0094, 'params': 632328, 'time_iter': 0.0934, 'accuracy': 0.9912}
train: {'epoch': 62, 'eta': 34.6109, 'loss': 3.1979, 'lr': 0.0094, 'params': 632328, 'time_iter': 0.1016, 'accuracy': 0.9908}
train: {'epoch': 63, 'eta': 34.5785, 'loss': 3.2016, 'lr': 0.0094, 'params': 632328, 'time_iter': 0.1161, 'accuracy': 0.9885}
train: {'epoch': 64, 'eta': 34.4516, 'loss': 3.1904, 'lr': 0.0094, 'params': 632328, 'time_iter': 0.0983, 'accuracy': 0.9917}
train: {'epoch': 65, 'eta': 34.5225, 'loss': 3.1943, 'lr': 0.0094, 'params': 632328, 'time_iter': 0.1372, 'accuracy': 0.9889}
train: {'epoch': 66, 'eta': 34.3617, 'loss': 3.1936, 'lr': 0.0093, 'params': 632328, 'time_iter': 0.0918, 'accuracy': 0.9889}
train: {'epoch': 67, 'eta': 34.3349, 'loss': 3.188, 'lr': 0.0093, 'params': 632328, 'time_iter': 0.1188, 'accuracy': 0.9908}
train: {'epoch': 68, 'eta': 34.1991, 'loss': 3.1849, 'lr': 0.0093, 'params': 632328, 'time_iter': 0.0967, 'accuracy': 0.994}
train: {'epoch': 69, 'eta': 34.185, 'loss': 3.1833, 'lr': 0.0093, 'params': 632328, 'time_iter': 0.1223, 'accuracy': 0.9949}
train: {'epoch': 70, 'eta': 34.0589, 'loss': 3.1786, 'lr': 0.0093, 'params': 632328, 'time_iter': 0.0987, 'accuracy': 0.9935}
train: {'epoch': 71, 'eta': 33.8954, 'loss': 3.1794, 'lr': 0.0092, 'params': 632328, 'time_iter': 0.0903, 'accuracy': 0.9931}
train: {'epoch': 72, 'eta': 33.7533, 'loss': 3.1929, 'lr': 0.0092, 'params': 632328, 'time_iter': 0.0947, 'accuracy': 0.9843}
train: {'epoch': 73, 'eta': 33.5976, 'loss': 3.2326, 'lr': 0.0092, 'params': 632328, 'time_iter': 0.0913, 'accuracy': 0.9737}
train: {'epoch': 74, 'eta': 33.465, 'loss': 3.201, 'lr': 0.0092, 'params': 632328, 'time_iter': 0.0962, 'accuracy': 0.982}
train: {'epoch': 75, 'eta': 33.3352, 'loss': 3.1963, 'lr': 0.0092, 'params': 632328, 'time_iter': 0.0967, 'accuracy': 0.9848}
train: {'epoch': 76, 'eta': 33.1569, 'loss': 3.1892, 'lr': 0.0091, 'params': 632328, 'time_iter': 0.0849, 'accuracy': 0.9871}
train: {'epoch': 77, 'eta': 33.0578, 'loss': 3.1842, 'lr': 0.0091, 'params': 632328, 'time_iter': 0.1035, 'accuracy': 0.9889}
train: {'epoch': 78, 'eta': 32.91, 'loss': 3.1802, 'lr': 0.0091, 'params': 632328, 'time_iter': 0.0916, 'accuracy': 0.9912}
train: {'epoch': 79, 'eta': 32.7657, 'loss': 3.1771, 'lr': 0.0091, 'params': 632328, 'time_iter': 0.0921, 'accuracy': 0.9926}
val: {'epoch': 79, 'loss': 3.541, 'lr': 0, 'params': 632328, 'time_iter': 0.0462, 'accuracy': 0.8708}
train: {'epoch': 80, 'eta': 32.5998, 'loss': 3.1716, 'lr': 0.009, 'params': 632328, 'time_iter': 0.0863, 'accuracy': 0.9977}
train: {'epoch': 81, 'eta': 32.467, 'loss': 3.1693, 'lr': 0.009, 'params': 632328, 'time_iter': 0.0943, 'accuracy': 0.9972}
train: {'epoch': 82, 'eta': 32.3469, 'loss': 3.1666, 'lr': 0.009, 'params': 632328, 'time_iter': 0.0974, 'accuracy': 0.9963}
train: {'epoch': 83, 'eta': 32.1951, 'loss': 3.1636, 'lr': 0.009, 'params': 632328, 'time_iter': 0.0888, 'accuracy': 0.9958}
train: {'epoch': 84, 'eta': 32.0787, 'loss': 3.1625, 'lr': 0.009, 'params': 632328, 'time_iter': 0.098, 'accuracy': 0.9968}
train: {'epoch': 85, 'eta': 31.9435, 'loss': 3.161, 'lr': 0.0089, 'params': 632328, 'time_iter': 0.0927, 'accuracy': 0.9991}
train: {'epoch': 86, 'eta': 31.8087, 'loss': 3.1628, 'lr': 0.0089, 'params': 632328, 'time_iter': 0.0925, 'accuracy': 0.9968}
train: {'epoch': 87, 'eta': 31.6737, 'loss': 3.1636, 'lr': 0.0089, 'params': 632328, 'time_iter': 0.0922, 'accuracy': 0.9954}
train: {'epoch': 88, 'eta': 31.5531, 'loss': 3.1658, 'lr': 0.0089, 'params': 632328, 'time_iter': 0.0961, 'accuracy': 0.9935}
train: {'epoch': 89, 'eta': 31.4335, 'loss': 3.16, 'lr': 0.0088, 'params': 632328, 'time_iter': 0.0962, 'accuracy': 0.9963}
train: {'epoch': 90, 'eta': 31.297, 'loss': 3.1597, 'lr': 0.0088, 'params': 632328, 'time_iter': 0.091, 'accuracy': 0.9954}
train: {'epoch': 91, 'eta': 31.1854, 'loss': 3.1539, 'lr': 0.0088, 'params': 632328, 'time_iter': 0.0982, 'accuracy': 0.9991}
train: {'epoch': 92, 'eta': 31.0708, 'loss': 3.1558, 'lr': 0.0088, 'params': 632328, 'time_iter': 0.0972, 'accuracy': 0.9982}
train: {'epoch': 93, 'eta': 30.9402, 'loss': 3.1539, 'lr': 0.0087, 'params': 632328, 'time_iter': 0.0922, 'accuracy': 0.9958}
train: {'epoch': 94, 'eta': 30.8165, 'loss': 3.1504, 'lr': 0.0087, 'params': 632328, 'time_iter': 0.0941, 'accuracy': 0.9972}
train: {'epoch': 95, 'eta': 30.6859, 'loss': 3.1503, 'lr': 0.0087, 'params': 632328, 'time_iter': 0.0917, 'accuracy': 0.9986}
train: {'epoch': 96, 'eta': 30.5582, 'loss': 3.1472, 'lr': 0.0086, 'params': 632328, 'time_iter': 0.0924, 'accuracy': 0.9986}
train: {'epoch': 97, 'eta': 30.6154, 'loss': 3.1469, 'lr': 0.0086, 'params': 632328, 'time_iter': 0.1521, 'accuracy': 0.9982}
train: {'epoch': 98, 'eta': 30.5139, 'loss': 3.145, 'lr': 0.0086, 'params': 632328, 'time_iter': 0.1013, 'accuracy': 0.9986}
train: {'epoch': 99, 'eta': 30.374, 'loss': 3.1443, 'lr': 0.0086, 'params': 632328, 'time_iter': 0.0885, 'accuracy': 0.9991}
val: {'epoch': 99, 'loss': 3.4951, 'lr': 0, 'params': 632328, 'time_iter': 0.0384, 'accuracy': 0.8598}
train: {'epoch': 100, 'eta': 30.2554, 'loss': 3.1429, 'lr': 0.0085, 'params': 632328, 'time_iter': 0.0954, 'accuracy': 0.9986}
train: {'epoch': 101, 'eta': 30.1443, 'loss': 3.1424, 'lr': 0.0085, 'params': 632328, 'time_iter': 0.0978, 'accuracy': 0.9986}
train: {'epoch': 102, 'eta': 30.0131, 'loss': 3.1413, 'lr': 0.0085, 'params': 632328, 'time_iter': 0.0907, 'accuracy': 0.9986}
train: {'epoch': 103, 'eta': 29.8998, 'loss': 3.1403, 'lr': 0.0085, 'params': 632328, 'time_iter': 0.0968, 'accuracy': 0.9991}
train: {'epoch': 104, 'eta': 29.7703, 'loss': 3.1392, 'lr': 0.0084, 'params': 632328, 'time_iter': 0.0909, 'accuracy': 0.9986}
train: {'epoch': 105, 'eta': 29.6447, 'loss': 3.1388, 'lr': 0.0084, 'params': 632328, 'time_iter': 0.092, 'accuracy': 0.9986}
train: {'epoch': 106, 'eta': 29.5286, 'loss': 3.1388, 'lr': 0.0084, 'params': 632328, 'time_iter': 0.0952, 'accuracy': 0.9995}
train: {'epoch': 107, 'eta': 29.4208, 'loss': 3.1433, 'lr': 0.0083, 'params': 632328, 'time_iter': 0.0982, 'accuracy': 0.9977}
train: {'epoch': 108, 'eta': 29.3263, 'loss': 3.2385, 'lr': 0.0083, 'params': 632328, 'time_iter': 0.1031, 'accuracy': 0.9751}
train: {'epoch': 109, 'eta': 29.1992, 'loss': 3.6565, 'lr': 0.0083, 'params': 632328, 'time_iter': 0.0908, 'accuracy': 0.8527}
train: {'epoch': 110, 'eta': 29.09, 'loss': 3.5128, 'lr': 0.0082, 'params': 632328, 'time_iter': 0.0974, 'accuracy': 0.904}
train: {'epoch': 111, 'eta': 28.981, 'loss': 3.4842, 'lr': 0.0082, 'params': 632328, 'time_iter': 0.0974, 'accuracy': 0.8975}
train: {'epoch': 112, 'eta': 28.8557, 'loss': 3.3534, 'lr': 0.0082, 'params': 632328, 'time_iter': 0.0909, 'accuracy': 0.9261}
train: {'epoch': 113, 'eta': 28.7415, 'loss': 3.3194, 'lr': 0.0082, 'params': 632328, 'time_iter': 0.0951, 'accuracy': 0.94}
train: {'epoch': 114, 'eta': 28.6342, 'loss': 3.2921, 'lr': 0.0081, 'params': 632328, 'time_iter': 0.0978, 'accuracy': 0.9561}
train: {'epoch': 115, 'eta': 28.5259, 'loss': 3.2712, 'lr': 0.0081, 'params': 632328, 'time_iter': 0.0973, 'accuracy': 0.9654}
train: {'epoch': 116, 'eta': 28.3893, 'loss': 3.2585, 'lr': 0.0081, 'params': 632328, 'time_iter': 0.0855, 'accuracy': 0.97}
train: {'epoch': 117, 'eta': 28.2797, 'loss': 3.2517, 'lr': 0.008, 'params': 632328, 'time_iter': 0.0964, 'accuracy': 0.97}
train: {'epoch': 118, 'eta': 28.1478, 'loss': 3.2431, 'lr': 0.008, 'params': 632328, 'time_iter': 0.0869, 'accuracy': 0.9723}
train: {'epoch': 119, 'eta': 28.115, 'loss': 3.2335, 'lr': 0.008, 'params': 632328, 'time_iter': 0.129, 'accuracy': 0.976}
val: {'epoch': 119, 'loss': 3.5216, 'lr': 0, 'params': 632328, 'time_iter': 0.0411, 'accuracy': 0.8801}
train: {'epoch': 120, 'eta': 28.0271, 'loss': 3.2235, 'lr': 0.0079, 'params': 632328, 'time_iter': 0.1058, 'accuracy': 0.9774}
train: {'epoch': 121, 'eta': 27.9154, 'loss': 3.2147, 'lr': 0.0079, 'params': 632328, 'time_iter': 0.0955, 'accuracy': 0.9797}
train: {'epoch': 122, 'eta': 27.853, 'loss': 3.2085, 'lr': 0.0079, 'params': 632328, 'time_iter': 0.1173, 'accuracy': 0.9801}
train: {'epoch': 123, 'eta': 27.7355, 'loss': 3.203, 'lr': 0.0078, 'params': 632328, 'time_iter': 0.0929, 'accuracy': 0.9829}
train: {'epoch': 124, 'eta': 27.6955, 'loss': 3.1979, 'lr': 0.0078, 'params': 632328, 'time_iter': 0.128, 'accuracy': 0.9861}
train: {'epoch': 125, 'eta': 27.5554, 'loss': 3.1939, 'lr': 0.0078, 'params': 632328, 'time_iter': 0.0826, 'accuracy': 0.9875}
train: {'epoch': 126, 'eta': 27.5024, 'loss': 3.19, 'lr': 0.0077, 'params': 632328, 'time_iter': 0.1227, 'accuracy': 0.9885}
train: {'epoch': 127, 'eta': 27.3775, 'loss': 3.186, 'lr': 0.0077, 'params': 632328, 'time_iter': 0.0894, 'accuracy': 0.988}
train: {'epoch': 128, 'eta': 27.2974, 'loss': 3.1824, 'lr': 0.0077, 'params': 632328, 'time_iter': 0.1104, 'accuracy': 0.9894}
train: {'epoch': 129, 'eta': 27.1821, 'loss': 3.1793, 'lr': 0.0076, 'params': 632328, 'time_iter': 0.0937, 'accuracy': 0.9903}
train: {'epoch': 130, 'eta': 27.0732, 'loss': 3.1762, 'lr': 0.0076, 'params': 632328, 'time_iter': 0.0967, 'accuracy': 0.9912}
train: {'epoch': 131, 'eta': 26.9748, 'loss': 3.1734, 'lr': 0.0076, 'params': 632328, 'time_iter': 0.1018, 'accuracy': 0.9912}
train: {'epoch': 132, 'eta': 26.8592, 'loss': 3.1704, 'lr': 0.0075, 'params': 632328, 'time_iter': 0.0932, 'accuracy': 0.9912}
train: {'epoch': 133, 'eta': 26.7526, 'loss': 3.1671, 'lr': 0.0075, 'params': 632328, 'time_iter': 0.0976, 'accuracy': 0.9912}
train: {'epoch': 134, 'eta': 26.6421, 'loss': 3.1642, 'lr': 0.0075, 'params': 632328, 'time_iter': 0.0955, 'accuracy': 0.9931}
train: {'epoch': 135, 'eta': 26.5421, 'loss': 3.1618, 'lr': 0.0074, 'params': 632328, 'time_iter': 0.1008, 'accuracy': 0.9945}
train: {'epoch': 136, 'eta': 26.4403, 'loss': 3.1595, 'lr': 0.0074, 'params': 632328, 'time_iter': 0.0999, 'accuracy': 0.9949}
train: {'epoch': 137, 'eta': 26.3143, 'loss': 3.1576, 'lr': 0.0074, 'params': 632328, 'time_iter': 0.0871, 'accuracy': 0.9954}
train: {'epoch': 138, 'eta': 26.2051, 'loss': 3.156, 'lr': 0.0073, 'params': 632328, 'time_iter': 0.0958, 'accuracy': 0.9954}
train: {'epoch': 139, 'eta': 26.0981, 'loss': 3.1546, 'lr': 0.0073, 'params': 632328, 'time_iter': 0.0969, 'accuracy': 0.9954}
val: {'epoch': 139, 'loss': 3.4854, 'lr': 0, 'params': 632328, 'time_iter': 0.0384, 'accuracy': 0.8801}
train: {'epoch': 140, 'eta': 26.0036, 'loss': 3.1531, 'lr': 0.0073, 'params': 632328, 'time_iter': 0.1036, 'accuracy': 0.9949}
train: {'epoch': 141, 'eta': 25.9259, 'loss': 3.1516, 'lr': 0.0072, 'params': 632328, 'time_iter': 0.1129, 'accuracy': 0.9958}
train: {'epoch': 142, 'eta': 25.8132, 'loss': 3.1503, 'lr': 0.0072, 'params': 632328, 'time_iter': 0.0937, 'accuracy': 0.9968}
train: {'epoch': 143, 'eta': 25.739, 'loss': 3.149, 'lr': 0.0072, 'params': 632328, 'time_iter': 0.1152, 'accuracy': 0.9982}
train: {'epoch': 144, 'eta': 25.6516, 'loss': 3.1478, 'lr': 0.0071, 'params': 632328, 'time_iter': 0.108, 'accuracy': 0.9977}
train: {'epoch': 145, 'eta': 25.6653, 'loss': 3.1466, 'lr': 0.0071, 'params': 632328, 'time_iter': 0.1663, 'accuracy': 0.9977}
train: {'epoch': 146, 'eta': 25.5925, 'loss': 3.1455, 'lr': 0.0071, 'params': 632328, 'time_iter': 0.1174, 'accuracy': 0.9972}
train: {'epoch': 147, 'eta': 25.5555, 'loss': 3.1445, 'lr': 0.007, 'params': 632328, 'time_iter': 0.1389, 'accuracy': 0.9977}
train: {'epoch': 148, 'eta': 25.5113, 'loss': 3.1434, 'lr': 0.007, 'params': 632328, 'time_iter': 0.1354, 'accuracy': 0.9977}
train: {'epoch': 149, 'eta': 25.4066, 'loss': 3.1428, 'lr': 0.0069, 'params': 632328, 'time_iter': 0.0998, 'accuracy': 0.9986}
train: {'epoch': 150, 'eta': 25.366, 'loss': 3.1444, 'lr': 0.0069, 'params': 632328, 'time_iter': 0.1386, 'accuracy': 0.9977}
train: {'epoch': 151, 'eta': 25.3351, 'loss': 3.1416, 'lr': 0.0069, 'params': 632328, 'time_iter': 0.1453, 'accuracy': 0.9986}
train: {'epoch': 152, 'eta': 25.2289, 'loss': 3.1416, 'lr': 0.0068, 'params': 632328, 'time_iter': 0.0997, 'accuracy': 0.9991}
train: {'epoch': 153, 'eta': 25.1333, 'loss': 3.1407, 'lr': 0.0068, 'params': 632328, 'time_iter': 0.1063, 'accuracy': 0.9982}
train: {'epoch': 154, 'eta': 25.0182, 'loss': 3.1395, 'lr': 0.0068, 'params': 632328, 'time_iter': 0.0939, 'accuracy': 0.9991}
train: {'epoch': 155, 'eta': 24.9116, 'loss': 3.1383, 'lr': 0.0067, 'params': 632328, 'time_iter': 0.0992, 'accuracy': 0.9991}
train: {'epoch': 156, 'eta': 24.9406, 'loss': 3.1374, 'lr': 0.0067, 'params': 632328, 'time_iter': 0.1868, 'accuracy': 0.9982}
train: {'epoch': 157, 'eta': 24.8611, 'loss': 3.1367, 'lr': 0.0067, 'params': 632328, 'time_iter': 0.1177, 'accuracy': 0.9986}
train: {'epoch': 158, 'eta': 24.7587, 'loss': 3.1359, 'lr': 0.0066, 'params': 632328, 'time_iter': 0.103, 'accuracy': 0.9986}
train: {'epoch': 159, 'eta': 24.6936, 'loss': 3.1348, 'lr': 0.0066, 'params': 632328, 'time_iter': 0.1278, 'accuracy': 0.9982}
val: {'epoch': 159, 'loss': 3.4723, 'lr': 0, 'params': 632328, 'time_iter': 0.0403, 'accuracy': 0.8727}
train: {'epoch': 160, 'eta': 24.5775, 'loss': 3.1346, 'lr': 0.0065, 'params': 632328, 'time_iter': 0.094, 'accuracy': 0.9986}
train: {'epoch': 161, 'eta': 24.4672, 'loss': 3.1337, 'lr': 0.0065, 'params': 632328, 'time_iter': 0.0977, 'accuracy': 0.9982}
train: {'epoch': 162, 'eta': 24.3916, 'loss': 3.1327, 'lr': 0.0065, 'params': 632328, 'time_iter': 0.1216, 'accuracy': 0.9986}
train: {'epoch': 163, 'eta': 24.275, 'loss': 3.1323, 'lr': 0.0064, 'params': 632328, 'time_iter': 0.0934, 'accuracy': 0.9986}
train: {'epoch': 164, 'eta': 24.1922, 'loss': 3.132, 'lr': 0.0064, 'params': 632328, 'time_iter': 0.117, 'accuracy': 0.9986}
train: {'epoch': 165, 'eta': 24.0802, 'loss': 3.131, 'lr': 0.0064, 'params': 632328, 'time_iter': 0.0965, 'accuracy': 0.9991}
train: {'epoch': 166, 'eta': 23.9686, 'loss': 3.1307, 'lr': 0.0063, 'params': 632328, 'time_iter': 0.0967, 'accuracy': 0.9982}
train: {'epoch': 167, 'eta': 23.852, 'loss': 3.13, 'lr': 0.0063, 'params': 632328, 'time_iter': 0.0929, 'accuracy': 0.9991}
train: {'epoch': 168, 'eta': 23.7442, 'loss': 3.1311, 'lr': 0.0062, 'params': 632328, 'time_iter': 0.0992, 'accuracy': 0.9982}
train: {'epoch': 169, 'eta': 23.6292, 'loss': 3.1299, 'lr': 0.0062, 'params': 632328, 'time_iter': 0.0938, 'accuracy': 1.0}
train: {'epoch': 170, 'eta': 23.5136, 'loss': 3.1302, 'lr': 0.0062, 'params': 632328, 'time_iter': 0.0931, 'accuracy': 0.9982}
train: {'epoch': 171, 'eta': 23.4082, 'loss': 3.1303, 'lr': 0.0061, 'params': 632328, 'time_iter': 0.1006, 'accuracy': 0.9991}
train: {'epoch': 172, 'eta': 23.2965, 'loss': 3.1359, 'lr': 0.0061, 'params': 632328, 'time_iter': 0.0958, 'accuracy': 0.9972}
train: {'epoch': 173, 'eta': 23.19, 'loss': 3.1407, 'lr': 0.0061, 'params': 632328, 'time_iter': 0.0997, 'accuracy': 0.9977}
train: {'epoch': 174, 'eta': 23.0747, 'loss': 3.1451, 'lr': 0.006, 'params': 632328, 'time_iter': 0.0927, 'accuracy': 0.9922}
train: {'epoch': 175, 'eta': 22.97, 'loss': 3.1648, 'lr': 0.006, 'params': 632328, 'time_iter': 0.1009, 'accuracy': 0.9958}
train: {'epoch': 176, 'eta': 22.8617, 'loss': 3.2281, 'lr': 0.0059, 'params': 632328, 'time_iter': 0.098, 'accuracy': 0.9737}
train: {'epoch': 177, 'eta': 22.7472, 'loss': 3.184, 'lr': 0.0059, 'params': 632328, 'time_iter': 0.0929, 'accuracy': 0.9875}
train: {'epoch': 178, 'eta': 22.6825, 'loss': 3.19, 'lr': 0.0059, 'params': 632328, 'time_iter': 0.1331, 'accuracy': 0.9857}
train: {'epoch': 179, 'eta': 22.6098, 'loss': 3.1814, 'lr': 0.0058, 'params': 632328, 'time_iter': 0.1271, 'accuracy': 0.9922}
val: {'epoch': 179, 'loss': 3.5681, 'lr': 0, 'params': 632328, 'time_iter': 0.04, 'accuracy': 0.8653}
train: {'epoch': 180, 'eta': 22.5365, 'loss': 3.1699, 'lr': 0.0058, 'params': 632328, 'time_iter': 0.1271, 'accuracy': 0.9931}
train: {'epoch': 181, 'eta': 22.424, 'loss': 3.1654, 'lr': 0.0057, 'params': 632328, 'time_iter': 0.0949, 'accuracy': 0.9931}
train: {'epoch': 182, 'eta': 22.3109, 'loss': 3.163, 'lr': 0.0057, 'params': 632328, 'time_iter': 0.0943, 'accuracy': 0.9931}
train: {'epoch': 183, 'eta': 22.204, 'loss': 3.1596, 'lr': 0.0057, 'params': 632328, 'time_iter': 0.0993, 'accuracy': 0.9935}
train: {'epoch': 184, 'eta': 22.107, 'loss': 3.1552, 'lr': 0.0056, 'params': 632328, 'time_iter': 0.1077, 'accuracy': 0.9945}
train: {'epoch': 185, 'eta': 21.989, 'loss': 3.1523, 'lr': 0.0056, 'params': 632328, 'time_iter': 0.0897, 'accuracy': 0.9945}
train: {'epoch': 186, 'eta': 21.8743, 'loss': 3.1492, 'lr': 0.0055, 'params': 632328, 'time_iter': 0.0922, 'accuracy': 0.9949}
train: {'epoch': 187, 'eta': 21.7828, 'loss': 3.1467, 'lr': 0.0055, 'params': 632328, 'time_iter': 0.1127, 'accuracy': 0.9945}
train: {'epoch': 188, 'eta': 21.6806, 'loss': 3.1442, 'lr': 0.0055, 'params': 632328, 'time_iter': 0.1032, 'accuracy': 0.9949}
train: {'epoch': 189, 'eta': 21.577, 'loss': 3.1418, 'lr': 0.0054, 'params': 632328, 'time_iter': 0.102, 'accuracy': 0.9968}
train: {'epoch': 190, 'eta': 21.4604, 'loss': 3.1398, 'lr': 0.0054, 'params': 632328, 'time_iter': 0.0901, 'accuracy': 0.9972}
train: {'epoch': 191, 'eta': 21.3766, 'loss': 3.1377, 'lr': 0.0054, 'params': 632328, 'time_iter': 0.1202, 'accuracy': 0.9977}
train: {'epoch': 192, 'eta': 21.2585, 'loss': 3.136, 'lr': 0.0053, 'params': 632328, 'time_iter': 0.0884, 'accuracy': 0.9977}
train: {'epoch': 193, 'eta': 21.1649, 'loss': 3.1347, 'lr': 0.0053, 'params': 632328, 'time_iter': 0.1113, 'accuracy': 0.9972}
train: {'epoch': 194, 'eta': 21.0571, 'loss': 3.1335, 'lr': 0.0052, 'params': 632328, 'time_iter': 0.0979, 'accuracy': 0.9986}
train: {'epoch': 195, 'eta': 20.9439, 'loss': 3.1324, 'lr': 0.0052, 'params': 632328, 'time_iter': 0.0927, 'accuracy': 0.9986}
train: {'epoch': 196, 'eta': 20.8397, 'loss': 3.1313, 'lr': 0.0052, 'params': 632328, 'time_iter': 0.1012, 'accuracy': 0.9986}
train: {'epoch': 197, 'eta': 20.7327, 'loss': 3.1303, 'lr': 0.0051, 'params': 632328, 'time_iter': 0.0984, 'accuracy': 0.9986}
train: {'epoch': 198, 'eta': 20.617, 'loss': 3.1294, 'lr': 0.0051, 'params': 632328, 'time_iter': 0.0897, 'accuracy': 0.9986}
train: {'epoch': 199, 'eta': 20.5154, 'loss': 3.1287, 'lr': 0.005, 'params': 632328, 'time_iter': 0.1036, 'accuracy': 0.9986}
val: {'epoch': 199, 'loss': 3.5241, 'lr': 0, 'params': 632328, 'time_iter': 0.038, 'accuracy': 0.8672}
train: {'epoch': 200, 'eta': 20.3939, 'loss': 3.128, 'lr': 0.005, 'params': 632328, 'time_iter': 0.0835, 'accuracy': 0.9986}
train: {'epoch': 201, 'eta': 20.2869, 'loss': 3.1272, 'lr': 0.005, 'params': 632328, 'time_iter': 0.0979, 'accuracy': 0.9991}
train: {'epoch': 202, 'eta': 20.191, 'loss': 3.1266, 'lr': 0.0049, 'params': 632328, 'time_iter': 0.1091, 'accuracy': 0.9991}
train: {'epoch': 203, 'eta': 20.0826, 'loss': 3.1261, 'lr': 0.0049, 'params': 632328, 'time_iter': 0.0964, 'accuracy': 0.9995}
train: {'epoch': 204, 'eta': 19.9709, 'loss': 3.1257, 'lr': 0.0048, 'params': 632328, 'time_iter': 0.0927, 'accuracy': 0.9991}
train: {'epoch': 205, 'eta': 19.8639, 'loss': 3.1251, 'lr': 0.0048, 'params': 632328, 'time_iter': 0.0976, 'accuracy': 0.9991}
train: {'epoch': 206, 'eta': 19.7513, 'loss': 3.1246, 'lr': 0.0048, 'params': 632328, 'time_iter': 0.0914, 'accuracy': 0.9991}
train: {'epoch': 207, 'eta': 19.6427, 'loss': 3.1241, 'lr': 0.0047, 'params': 632328, 'time_iter': 0.0956, 'accuracy': 0.9991}
train: {'epoch': 208, 'eta': 19.5398, 'loss': 3.1237, 'lr': 0.0047, 'params': 632328, 'time_iter': 0.1016, 'accuracy': 0.9991}
train: {'epoch': 209, 'eta': 19.4495, 'loss': 3.1234, 'lr': 0.0046, 'params': 632328, 'time_iter': 0.1156, 'accuracy': 0.9991}
train: {'epoch': 210, 'eta': 19.3369, 'loss': 3.123, 'lr': 0.0046, 'params': 632328, 'time_iter': 0.0909, 'accuracy': 0.9991}
train: {'epoch': 211, 'eta': 19.2284, 'loss': 3.1226, 'lr': 0.0046, 'params': 632328, 'time_iter': 0.0953, 'accuracy': 0.9991}
train: {'epoch': 212, 'eta': 19.129, 'loss': 3.1223, 'lr': 0.0045, 'params': 632328, 'time_iter': 0.1055, 'accuracy': 0.9995}
train: {'epoch': 213, 'eta': 19.0226, 'loss': 3.122, 'lr': 0.0045, 'params': 632328, 'time_iter': 0.0976, 'accuracy': 0.9991}
train: {'epoch': 214, 'eta': 18.9154, 'loss': 3.1217, 'lr': 0.0045, 'params': 632328, 'time_iter': 0.0965, 'accuracy': 0.9991}
train: {'epoch': 215, 'eta': 18.8079, 'loss': 3.1214, 'lr': 0.0044, 'params': 632328, 'time_iter': 0.0961, 'accuracy': 0.9995}
train: {'epoch': 216, 'eta': 18.6955, 'loss': 3.1211, 'lr': 0.0044, 'params': 632328, 'time_iter': 0.0902, 'accuracy': 0.9995}
train: {'epoch': 217, 'eta': 18.5959, 'loss': 3.1209, 'lr': 0.0043, 'params': 632328, 'time_iter': 0.1052, 'accuracy': 1.0}
train: {'epoch': 218, 'eta': 18.5297, 'loss': 3.1206, 'lr': 0.0043, 'params': 632328, 'time_iter': 0.1456, 'accuracy': 1.0}
train: {'epoch': 219, 'eta': 18.4386, 'loss': 3.1204, 'lr': 0.0043, 'params': 632328, 'time_iter': 0.1163, 'accuracy': 1.0}
val: {'epoch': 219, 'loss': 3.4986, 'lr': 0, 'params': 632328, 'time_iter': 0.038, 'accuracy': 0.8653}
train: {'epoch': 220, 'eta': 18.3414, 'loss': 3.1201, 'lr': 0.0042, 'params': 632328, 'time_iter': 0.1089, 'accuracy': 1.0}
train: {'epoch': 221, 'eta': 18.2325, 'loss': 3.12, 'lr': 0.0042, 'params': 632328, 'time_iter': 0.0944, 'accuracy': 1.0}
train: {'epoch': 222, 'eta': 18.131, 'loss': 3.1198, 'lr': 0.0041, 'params': 632328, 'time_iter': 0.1036, 'accuracy': 1.0}
train: {'epoch': 223, 'eta': 18.021, 'loss': 3.1196, 'lr': 0.0041, 'params': 632328, 'time_iter': 0.0928, 'accuracy': 1.0}
train: {'epoch': 224, 'eta': 17.9124, 'loss': 3.1193, 'lr': 0.0041, 'params': 632328, 'time_iter': 0.0945, 'accuracy': 1.0}
train: {'epoch': 225, 'eta': 17.8068, 'loss': 3.1191, 'lr': 0.004, 'params': 632328, 'time_iter': 0.0981, 'accuracy': 1.0}
train: {'epoch': 226, 'eta': 17.6982, 'loss': 3.1189, 'lr': 0.004, 'params': 632328, 'time_iter': 0.0941, 'accuracy': 1.0}
train: {'epoch': 227, 'eta': 17.5911, 'loss': 3.1187, 'lr': 0.0039, 'params': 632328, 'time_iter': 0.0959, 'accuracy': 1.0}
train: {'epoch': 228, 'eta': 17.4831, 'loss': 3.1187, 'lr': 0.0039, 'params': 632328, 'time_iter': 0.0946, 'accuracy': 1.0}
train: {'epoch': 229, 'eta': 17.3762, 'loss': 3.1194, 'lr': 0.0039, 'params': 632328, 'time_iter': 0.0959, 'accuracy': 0.9991}
train: {'epoch': 230, 'eta': 17.2688, 'loss': 3.1209, 'lr': 0.0038, 'params': 632328, 'time_iter': 0.0951, 'accuracy': 1.0}
train: {'epoch': 231, 'eta': 17.1669, 'loss': 3.1213, 'lr': 0.0038, 'params': 632328, 'time_iter': 0.1025, 'accuracy': 0.9986}
train: {'epoch': 232, 'eta': 17.061, 'loss': 3.1192, 'lr': 0.0038, 'params': 632328, 'time_iter': 0.097, 'accuracy': 0.9995}
train: {'epoch': 233, 'eta': 16.9481, 'loss': 3.1202, 'lr': 0.0037, 'params': 632328, 'time_iter': 0.087, 'accuracy': 1.0}
train: {'epoch': 234, 'eta': 16.8611, 'loss': 3.1206, 'lr': 0.0037, 'params': 632328, 'time_iter': 0.1237, 'accuracy': 0.9986}
train: {'epoch': 235, 'eta': 16.7681, 'loss': 3.1194, 'lr': 0.0036, 'params': 632328, 'time_iter': 0.1154, 'accuracy': 0.9991}
train: {'epoch': 236, 'eta': 16.6776, 'loss': 3.124, 'lr': 0.0036, 'params': 632328, 'time_iter': 0.1194, 'accuracy': 1.0}
train: {'epoch': 237, 'eta': 16.5982, 'loss': 3.1263, 'lr': 0.0036, 'params': 632328, 'time_iter': 0.1359, 'accuracy': 0.9972}
train: {'epoch': 238, 'eta': 16.5158, 'loss': 3.1254, 'lr': 0.0035, 'params': 632328, 'time_iter': 0.1322, 'accuracy': 0.9972}
train: {'epoch': 239, 'eta': 16.4216, 'loss': 3.126, 'lr': 0.0035, 'params': 632328, 'time_iter': 0.1152, 'accuracy': 0.9991}
val: {'epoch': 239, 'loss': 3.5057, 'lr': 0, 'params': 632328, 'time_iter': 0.0521, 'accuracy': 0.8598}
train: {'epoch': 240, 'eta': 16.3274, 'loss': 3.1247, 'lr': 0.0035, 'params': 632328, 'time_iter': 0.1155, 'accuracy': 0.9991}
train: {'epoch': 241, 'eta': 16.2353, 'loss': 3.1231, 'lr': 0.0034, 'params': 632328, 'time_iter': 0.1189, 'accuracy': 0.9982}
train: {'epoch': 242, 'eta': 16.1222, 'loss': 3.1232, 'lr': 0.0034, 'params': 632328, 'time_iter': 0.0867, 'accuracy': 0.9982}
train: {'epoch': 243, 'eta': 16.0164, 'loss': 3.1222, 'lr': 0.0033, 'params': 632328, 'time_iter': 0.0979, 'accuracy': 0.9991}
train: {'epoch': 244, 'eta': 15.9041, 'loss': 3.1211, 'lr': 0.0033, 'params': 632328, 'time_iter': 0.0874, 'accuracy': 0.9995}
train: {'epoch': 245, 'eta': 15.8001, 'loss': 3.1209, 'lr': 0.0033, 'params': 632328, 'time_iter': 0.1004, 'accuracy': 0.9995}
train: {'epoch': 246, 'eta': 15.69, 'loss': 3.1209, 'lr': 0.0032, 'params': 632328, 'time_iter': 0.0905, 'accuracy': 0.9995}
train: {'epoch': 247, 'eta': 15.5841, 'loss': 3.1201, 'lr': 0.0032, 'params': 632328, 'time_iter': 0.097, 'accuracy': 0.9995}
train: {'epoch': 248, 'eta': 15.4811, 'loss': 3.1196, 'lr': 0.0032, 'params': 632328, 'time_iter': 0.1017, 'accuracy': 0.9991}
train: {'epoch': 249, 'eta': 15.3748, 'loss': 3.1191, 'lr': 0.0031, 'params': 632328, 'time_iter': 0.0962, 'accuracy': 0.9991}
train: {'epoch': 250, 'eta': 15.2693, 'loss': 3.1189, 'lr': 0.0031, 'params': 632328, 'time_iter': 0.0976, 'accuracy': 1.0}
train: {'epoch': 251, 'eta': 15.1681, 'loss': 3.1184, 'lr': 0.0031, 'params': 632328, 'time_iter': 0.1046, 'accuracy': 0.9995}
train: {'epoch': 252, 'eta': 15.0632, 'loss': 3.1182, 'lr': 0.003, 'params': 632328, 'time_iter': 0.0983, 'accuracy': 0.9991}
train: {'epoch': 253, 'eta': 14.9565, 'loss': 3.1178, 'lr': 0.003, 'params': 632328, 'time_iter': 0.0952, 'accuracy': 0.9995}
train: {'epoch': 254, 'eta': 14.8514, 'loss': 3.1175, 'lr': 0.0029, 'params': 632328, 'time_iter': 0.0976, 'accuracy': 1.0}
train: {'epoch': 255, 'eta': 14.7521, 'loss': 3.1173, 'lr': 0.0029, 'params': 632328, 'time_iter': 0.1081, 'accuracy': 1.0}
train: {'epoch': 256, 'eta': 14.649, 'loss': 3.117, 'lr': 0.0029, 'params': 632328, 'time_iter': 0.1013, 'accuracy': 1.0}
train: {'epoch': 257, 'eta': 14.5425, 'loss': 3.1168, 'lr': 0.0028, 'params': 632328, 'time_iter': 0.095, 'accuracy': 1.0}
train: {'epoch': 258, 'eta': 14.4361, 'loss': 3.1166, 'lr': 0.0028, 'params': 632328, 'time_iter': 0.0952, 'accuracy': 1.0}
train: {'epoch': 259, 'eta': 14.3299, 'loss': 3.1163, 'lr': 0.0028, 'params': 632328, 'time_iter': 0.0953, 'accuracy': 1.0}
val: {'epoch': 259, 'loss': 3.5055, 'lr': 0, 'params': 632328, 'time_iter': 0.0473, 'accuracy': 0.8672}
train: {'epoch': 260, 'eta': 14.2217, 'loss': 3.1161, 'lr': 0.0027, 'params': 632328, 'time_iter': 0.0914, 'accuracy': 1.0}
train: {'epoch': 261, 'eta': 14.116, 'loss': 3.116, 'lr': 0.0027, 'params': 632328, 'time_iter': 0.0958, 'accuracy': 1.0}
train: {'epoch': 262, 'eta': 14.0117, 'loss': 3.1159, 'lr': 0.0027, 'params': 632328, 'time_iter': 0.0985, 'accuracy': 1.0}
train: {'epoch': 263, 'eta': 13.9055, 'loss': 3.1157, 'lr': 0.0026, 'params': 632328, 'time_iter': 0.0947, 'accuracy': 1.0}
train: {'epoch': 264, 'eta': 13.8007, 'loss': 3.1156, 'lr': 0.0026, 'params': 632328, 'time_iter': 0.0971, 'accuracy': 1.0}
train: {'epoch': 265, 'eta': 13.6937, 'loss': 3.1154, 'lr': 0.0026, 'params': 632328, 'time_iter': 0.0929, 'accuracy': 1.0}
train: {'epoch': 266, 'eta': 13.5887, 'loss': 3.1153, 'lr': 0.0025, 'params': 632328, 'time_iter': 0.0964, 'accuracy': 1.0}
train: {'epoch': 267, 'eta': 13.481, 'loss': 3.1152, 'lr': 0.0025, 'params': 632328, 'time_iter': 0.0909, 'accuracy': 1.0}
train: {'epoch': 268, 'eta': 13.3736, 'loss': 3.1151, 'lr': 0.0025, 'params': 632328, 'time_iter': 0.0915, 'accuracy': 1.0}
train: {'epoch': 269, 'eta': 13.27, 'loss': 3.115, 'lr': 0.0024, 'params': 632328, 'time_iter': 0.0988, 'accuracy': 1.0}
train: {'epoch': 270, 'eta': 13.1637, 'loss': 3.1149, 'lr': 0.0024, 'params': 632328, 'time_iter': 0.0933, 'accuracy': 1.0}
train: {'epoch': 271, 'eta': 13.0579, 'loss': 3.1148, 'lr': 0.0024, 'params': 632328, 'time_iter': 0.0941, 'accuracy': 1.0}
train: {'epoch': 272, 'eta': 12.9531, 'loss': 3.1147, 'lr': 0.0023, 'params': 632328, 'time_iter': 0.096, 'accuracy': 1.0}
train: {'epoch': 273, 'eta': 12.8453, 'loss': 3.1146, 'lr': 0.0023, 'params': 632328, 'time_iter': 0.0894, 'accuracy': 1.0}
train: {'epoch': 274, 'eta': 12.7439, 'loss': 3.1145, 'lr': 0.0023, 'params': 632328, 'time_iter': 0.1032, 'accuracy': 1.0}
train: {'epoch': 275, 'eta': 12.6399, 'loss': 3.1144, 'lr': 0.0022, 'params': 632328, 'time_iter': 0.0972, 'accuracy': 1.0}
train: {'epoch': 276, 'eta': 12.537, 'loss': 3.1144, 'lr': 0.0022, 'params': 632328, 'time_iter': 0.1, 'accuracy': 1.0}
train: {'epoch': 277, 'eta': 12.4284, 'loss': 3.1143, 'lr': 0.0022, 'params': 632328, 'time_iter': 0.0866, 'accuracy': 1.0}
train: {'epoch': 278, 'eta': 12.3237, 'loss': 3.1142, 'lr': 0.0021, 'params': 632328, 'time_iter': 0.0953, 'accuracy': 1.0}
train: {'epoch': 279, 'eta': 12.2458, 'loss': 3.1142, 'lr': 0.0021, 'params': 632328, 'time_iter': 0.1577, 'accuracy': 1.0}
val: {'epoch': 279, 'loss': 3.5073, 'lr': 0, 'params': 632328, 'time_iter': 0.0365, 'accuracy': 0.869}
train: {'epoch': 280, 'eta': 12.1465, 'loss': 3.1141, 'lr': 0.0021, 'params': 632328, 'time_iter': 0.1085, 'accuracy': 1.0}
train: {'epoch': 281, 'eta': 12.0406, 'loss': 3.114, 'lr': 0.002, 'params': 632328, 'time_iter': 0.0931, 'accuracy': 1.0}
train: {'epoch': 282, 'eta': 11.9352, 'loss': 3.114, 'lr': 0.002, 'params': 632328, 'time_iter': 0.0939, 'accuracy': 1.0}
train: {'epoch': 283, 'eta': 11.8314, 'loss': 3.1139, 'lr': 0.002, 'params': 632328, 'time_iter': 0.0976, 'accuracy': 1.0}
train: {'epoch': 284, 'eta': 11.7272, 'loss': 3.1141, 'lr': 0.0019, 'params': 632328, 'time_iter': 0.0965, 'accuracy': 1.0}
train: {'epoch': 285, 'eta': 11.6215, 'loss': 3.1141, 'lr': 0.0019, 'params': 632328, 'time_iter': 0.0926, 'accuracy': 1.0}
train: {'epoch': 286, 'eta': 11.5172, 'loss': 3.1139, 'lr': 0.0019, 'params': 632328, 'time_iter': 0.096, 'accuracy': 1.0}
train: {'epoch': 287, 'eta': 11.4128, 'loss': 3.1138, 'lr': 0.0018, 'params': 632328, 'time_iter': 0.0956, 'accuracy': 1.0}
train: {'epoch': 288, 'eta': 11.3082, 'loss': 3.1138, 'lr': 0.0018, 'params': 632328, 'time_iter': 0.0949, 'accuracy': 1.0}
train: {'epoch': 289, 'eta': 11.2031, 'loss': 3.1137, 'lr': 0.0018, 'params': 632328, 'time_iter': 0.0934, 'accuracy': 1.0}
train: {'epoch': 290, 'eta': 11.098, 'loss': 3.1137, 'lr': 0.0018, 'params': 632328, 'time_iter': 0.0931, 'accuracy': 1.0}
train: {'epoch': 291, 'eta': 10.9942, 'loss': 3.1136, 'lr': 0.0017, 'params': 632328, 'time_iter': 0.0965, 'accuracy': 1.0}
train: {'epoch': 292, 'eta': 10.8888, 'loss': 3.1136, 'lr': 0.0017, 'params': 632328, 'time_iter': 0.0919, 'accuracy': 1.0}
train: {'epoch': 293, 'eta': 10.7865, 'loss': 3.1135, 'lr': 0.0017, 'params': 632328, 'time_iter': 0.1002, 'accuracy': 1.0}
train: {'epoch': 294, 'eta': 10.6799, 'loss': 3.1135, 'lr': 0.0016, 'params': 632328, 'time_iter': 0.0883, 'accuracy': 1.0}
train: {'epoch': 295, 'eta': 10.5774, 'loss': 3.1135, 'lr': 0.0016, 'params': 632328, 'time_iter': 0.0996, 'accuracy': 1.0}
train: {'epoch': 296, 'eta': 10.4733, 'loss': 3.1134, 'lr': 0.0016, 'params': 632328, 'time_iter': 0.0946, 'accuracy': 1.0}
train: {'epoch': 297, 'eta': 10.3737, 'loss': 3.1133, 'lr': 0.0015, 'params': 632328, 'time_iter': 0.1077, 'accuracy': 1.0}
train: {'epoch': 298, 'eta': 10.2751, 'loss': 3.1133, 'lr': 0.0015, 'params': 632328, 'time_iter': 0.111, 'accuracy': 1.0}
train: {'epoch': 299, 'eta': 10.1687, 'loss': 3.1133, 'lr': 0.0015, 'params': 632328, 'time_iter': 0.0879, 'accuracy': 1.0}
val: {'epoch': 299, 'loss': 3.5104, 'lr': 0, 'params': 632328, 'time_iter': 0.0407, 'accuracy': 0.8672}
train: {'epoch': 300, 'eta': 10.0652, 'loss': 3.1132, 'lr': 0.0015, 'params': 632328, 'time_iter': 0.0961, 'accuracy': 1.0}
train: {'epoch': 301, 'eta': 9.961, 'loss': 3.1132, 'lr': 0.0014, 'params': 632328, 'time_iter': 0.0939, 'accuracy': 1.0}
train: {'epoch': 302, 'eta': 9.8564, 'loss': 3.1132, 'lr': 0.0014, 'params': 632328, 'time_iter': 0.0921, 'accuracy': 1.0}
train: {'epoch': 303, 'eta': 9.7534, 'loss': 3.1131, 'lr': 0.0014, 'params': 632328, 'time_iter': 0.0972, 'accuracy': 1.0}
train: {'epoch': 304, 'eta': 9.6663, 'loss': 3.1131, 'lr': 0.0014, 'params': 632328, 'time_iter': 0.1484, 'accuracy': 1.0}
train: {'epoch': 305, 'eta': 9.5654, 'loss': 3.1131, 'lr': 0.0013, 'params': 632328, 'time_iter': 0.1043, 'accuracy': 1.0}
train: {'epoch': 306, 'eta': 9.4613, 'loss': 3.113, 'lr': 0.0013, 'params': 632328, 'time_iter': 0.0941, 'accuracy': 1.0}
train: {'epoch': 307, 'eta': 9.3585, 'loss': 3.113, 'lr': 0.0013, 'params': 632328, 'time_iter': 0.0983, 'accuracy': 1.0}
train: {'epoch': 308, 'eta': 9.2551, 'loss': 3.113, 'lr': 0.0012, 'params': 632328, 'time_iter': 0.0959, 'accuracy': 1.0}
train: {'epoch': 309, 'eta': 9.1505, 'loss': 3.113, 'lr': 0.0012, 'params': 632328, 'time_iter': 0.0919, 'accuracy': 1.0}
train: {'epoch': 310, 'eta': 9.0496, 'loss': 3.1129, 'lr': 0.0012, 'params': 632328, 'time_iter': 0.1041, 'accuracy': 1.0}
train: {'epoch': 311, 'eta': 8.9464, 'loss': 3.1129, 'lr': 0.0012, 'params': 632328, 'time_iter': 0.0965, 'accuracy': 1.0}
train: {'epoch': 312, 'eta': 8.8483, 'loss': 3.1129, 'lr': 0.0011, 'params': 632328, 'time_iter': 0.1143, 'accuracy': 1.0}
train: {'epoch': 313, 'eta': 8.7464, 'loss': 3.1129, 'lr': 0.0011, 'params': 632328, 'time_iter': 0.101, 'accuracy': 1.0}
train: {'epoch': 314, 'eta': 8.6427, 'loss': 3.1128, 'lr': 0.0011, 'params': 632328, 'time_iter': 0.0944, 'accuracy': 1.0}
train: {'epoch': 315, 'eta': 8.5398, 'loss': 3.1128, 'lr': 0.0011, 'params': 632328, 'time_iter': 0.0971, 'accuracy': 1.0}
train: {'epoch': 316, 'eta': 8.4368, 'loss': 3.1128, 'lr': 0.001, 'params': 632328, 'time_iter': 0.0964, 'accuracy': 1.0}
train: {'epoch': 317, 'eta': 8.3338, 'loss': 3.1128, 'lr': 0.001, 'params': 632328, 'time_iter': 0.0965, 'accuracy': 1.0}
train: {'epoch': 318, 'eta': 8.2319, 'loss': 3.1128, 'lr': 0.001, 'params': 632328, 'time_iter': 0.1006, 'accuracy': 1.0}
train: {'epoch': 319, 'eta': 8.1288, 'loss': 3.1127, 'lr': 0.001, 'params': 632328, 'time_iter': 0.096, 'accuracy': 1.0}
val: {'epoch': 319, 'loss': 3.5149, 'lr': 0, 'params': 632328, 'time_iter': 0.037, 'accuracy': 0.8727}
train: {'epoch': 320, 'eta': 8.0251, 'loss': 3.1127, 'lr': 0.001, 'params': 632328, 'time_iter': 0.0929, 'accuracy': 1.0}
train: {'epoch': 321, 'eta': 7.9207, 'loss': 3.1127, 'lr': 0.0009, 'params': 632328, 'time_iter': 0.09, 'accuracy': 1.0}
train: {'epoch': 322, 'eta': 7.8201, 'loss': 3.1127, 'lr': 0.0009, 'params': 632328, 'time_iter': 0.1055, 'accuracy': 1.0}
train: {'epoch': 323, 'eta': 7.7168, 'loss': 3.1127, 'lr': 0.0009, 'params': 632328, 'time_iter': 0.0942, 'accuracy': 1.0}
train: {'epoch': 324, 'eta': 7.6127, 'loss': 3.1126, 'lr': 0.0009, 'params': 632328, 'time_iter': 0.0906, 'accuracy': 1.0}
train: {'epoch': 325, 'eta': 7.5089, 'loss': 3.1126, 'lr': 0.0008, 'params': 632328, 'time_iter': 0.0911, 'accuracy': 1.0}
train: {'epoch': 326, 'eta': 7.4055, 'loss': 3.1126, 'lr': 0.0008, 'params': 632328, 'time_iter': 0.0929, 'accuracy': 1.0}
train: {'epoch': 327, 'eta': 7.3033, 'loss': 3.1126, 'lr': 0.0008, 'params': 632328, 'time_iter': 0.0983, 'accuracy': 1.0}
train: {'epoch': 328, 'eta': 7.2003, 'loss': 3.1126, 'lr': 0.0008, 'params': 632328, 'time_iter': 0.0937, 'accuracy': 1.0}
train: {'epoch': 329, 'eta': 7.1005, 'loss': 3.1126, 'lr': 0.0008, 'params': 632328, 'time_iter': 0.1091, 'accuracy': 1.0}
train: {'epoch': 330, 'eta': 7.0109, 'loss': 3.1126, 'lr': 0.0007, 'params': 632328, 'time_iter': 0.1585, 'accuracy': 1.0}
train: {'epoch': 331, 'eta': 6.9133, 'loss': 3.1125, 'lr': 0.0007, 'params': 632328, 'time_iter': 0.1211, 'accuracy': 1.0}
train: {'epoch': 332, 'eta': 6.8141, 'loss': 3.1125, 'lr': 0.0007, 'params': 632328, 'time_iter': 0.114, 'accuracy': 1.0}
train: {'epoch': 333, 'eta': 6.7152, 'loss': 3.1125, 'lr': 0.0007, 'params': 632328, 'time_iter': 0.116, 'accuracy': 1.0}
train: {'epoch': 334, 'eta': 6.6174, 'loss': 3.1125, 'lr': 0.0007, 'params': 632328, 'time_iter': 0.1217, 'accuracy': 1.0}
train: {'epoch': 335, 'eta': 6.5176, 'loss': 3.1125, 'lr': 0.0006, 'params': 632328, 'time_iter': 0.1126, 'accuracy': 1.0}
train: {'epoch': 336, 'eta': 6.4194, 'loss': 3.1125, 'lr': 0.0006, 'params': 632328, 'time_iter': 0.1212, 'accuracy': 1.0}
train: {'epoch': 337, 'eta': 6.3155, 'loss': 3.1125, 'lr': 0.0006, 'params': 632328, 'time_iter': 0.0909, 'accuracy': 1.0}
train: {'epoch': 338, 'eta': 6.2124, 'loss': 3.1125, 'lr': 0.0006, 'params': 632328, 'time_iter': 0.0947, 'accuracy': 1.0}
train: {'epoch': 339, 'eta': 6.1084, 'loss': 3.1124, 'lr': 0.0006, 'params': 632328, 'time_iter': 0.09, 'accuracy': 1.0}
val: {'epoch': 339, 'loss': 3.5184, 'lr': 0, 'params': 632328, 'time_iter': 0.0382, 'accuracy': 0.8764}
train: {'epoch': 340, 'eta': 6.0173, 'loss': 3.1124, 'lr': 0.0005, 'params': 632328, 'time_iter': 0.1637, 'accuracy': 1.0}
train: {'epoch': 341, 'eta': 5.9117, 'loss': 3.1124, 'lr': 0.0005, 'params': 632328, 'time_iter': 0.0802, 'accuracy': 1.0}
train: {'epoch': 342, 'eta': 5.8106, 'loss': 3.1124, 'lr': 0.0005, 'params': 632328, 'time_iter': 0.1071, 'accuracy': 1.0}
train: {'epoch': 343, 'eta': 5.7069, 'loss': 3.1124, 'lr': 0.0005, 'params': 632328, 'time_iter': 0.0909, 'accuracy': 1.0}
train: {'epoch': 344, 'eta': 5.6055, 'loss': 3.1124, 'lr': 0.0005, 'params': 632328, 'time_iter': 0.1056, 'accuracy': 1.0}
train: {'epoch': 345, 'eta': 5.5025, 'loss': 3.1124, 'lr': 0.0005, 'params': 632328, 'time_iter': 0.0949, 'accuracy': 1.0}
train: {'epoch': 346, 'eta': 5.3992, 'loss': 3.1124, 'lr': 0.0004, 'params': 632328, 'time_iter': 0.0926, 'accuracy': 1.0}
train: {'epoch': 347, 'eta': 5.2963, 'loss': 3.1124, 'lr': 0.0004, 'params': 632328, 'time_iter': 0.0947, 'accuracy': 1.0}
train: {'epoch': 348, 'eta': 5.1948, 'loss': 3.1124, 'lr': 0.0004, 'params': 632328, 'time_iter': 0.1043, 'accuracy': 1.0}
train: {'epoch': 349, 'eta': 5.0923, 'loss': 3.1124, 'lr': 0.0004, 'params': 632328, 'time_iter': 0.0978, 'accuracy': 1.0}
train: {'epoch': 350, 'eta': 4.9915, 'loss': 3.1124, 'lr': 0.0004, 'params': 632328, 'time_iter': 0.109, 'accuracy': 1.0}
train: {'epoch': 351, 'eta': 4.8883, 'loss': 3.1124, 'lr': 0.0004, 'params': 632328, 'time_iter': 0.0925, 'accuracy': 1.0}
train: {'epoch': 352, 'eta': 4.7884, 'loss': 3.1123, 'lr': 0.0004, 'params': 632328, 'time_iter': 0.1164, 'accuracy': 1.0}
train: {'epoch': 353, 'eta': 4.6853, 'loss': 3.1123, 'lr': 0.0003, 'params': 632328, 'time_iter': 0.0925, 'accuracy': 1.0}
train: {'epoch': 354, 'eta': 4.5824, 'loss': 3.1123, 'lr': 0.0003, 'params': 632328, 'time_iter': 0.0935, 'accuracy': 1.0}
train: {'epoch': 355, 'eta': 4.4799, 'loss': 3.1123, 'lr': 0.0003, 'params': 632328, 'time_iter': 0.0961, 'accuracy': 1.0}
train: {'epoch': 356, 'eta': 4.3763, 'loss': 3.1123, 'lr': 0.0003, 'params': 632328, 'time_iter': 0.0877, 'accuracy': 1.0}
train: {'epoch': 357, 'eta': 4.2742, 'loss': 3.1123, 'lr': 0.0003, 'params': 632328, 'time_iter': 0.0983, 'accuracy': 1.0}
train: {'epoch': 358, 'eta': 4.1709, 'loss': 3.1123, 'lr': 0.0003, 'params': 632328, 'time_iter': 0.0883, 'accuracy': 1.0}
train: {'epoch': 359, 'eta': 4.0699, 'loss': 3.1123, 'lr': 0.0003, 'params': 632328, 'time_iter': 0.1087, 'accuracy': 1.0}
val: {'epoch': 359, 'loss': 3.5209, 'lr': 0, 'params': 632328, 'time_iter': 0.037, 'accuracy': 0.8764}
train: {'epoch': 360, 'eta': 3.9667, 'loss': 3.1123, 'lr': 0.0002, 'params': 632328, 'time_iter': 0.0885, 'accuracy': 1.0}
train: {'epoch': 361, 'eta': 3.8646, 'loss': 3.1123, 'lr': 0.0002, 'params': 632328, 'time_iter': 0.0974, 'accuracy': 1.0}
train: {'epoch': 362, 'eta': 3.762, 'loss': 3.1123, 'lr': 0.0002, 'params': 632328, 'time_iter': 0.0938, 'accuracy': 1.0}
train: {'epoch': 363, 'eta': 3.6604, 'loss': 3.1123, 'lr': 0.0002, 'params': 632328, 'time_iter': 0.1021, 'accuracy': 1.0}
train: {'epoch': 364, 'eta': 3.5579, 'loss': 3.1123, 'lr': 0.0002, 'params': 632328, 'time_iter': 0.093, 'accuracy': 1.0}
train: {'epoch': 365, 'eta': 3.4552, 'loss': 3.1123, 'lr': 0.0002, 'params': 632328, 'time_iter': 0.0906, 'accuracy': 1.0}
train: {'epoch': 366, 'eta': 3.3538, 'loss': 3.1123, 'lr': 0.0002, 'params': 632328, 'time_iter': 0.1033, 'accuracy': 1.0}
train: {'epoch': 367, 'eta': 3.2514, 'loss': 3.1123, 'lr': 0.0002, 'params': 632328, 'time_iter': 0.0931, 'accuracy': 1.0}
train: {'epoch': 368, 'eta': 3.1493, 'loss': 3.1123, 'lr': 0.0002, 'params': 632328, 'time_iter': 0.0962, 'accuracy': 1.0}
train: {'epoch': 369, 'eta': 3.047, 'loss': 3.1123, 'lr': 0.0001, 'params': 632328, 'time_iter': 0.0922, 'accuracy': 1.0}
train: {'epoch': 370, 'eta': 2.9455, 'loss': 3.1123, 'lr': 0.0001, 'params': 632328, 'time_iter': 0.1032, 'accuracy': 1.0}
train: {'epoch': 371, 'eta': 2.8436, 'loss': 3.1123, 'lr': 0.0001, 'params': 632328, 'time_iter': 0.0967, 'accuracy': 1.0}
train: {'epoch': 372, 'eta': 2.7414, 'loss': 3.1123, 'lr': 0.0001, 'params': 632328, 'time_iter': 0.0934, 'accuracy': 1.0}
train: {'epoch': 373, 'eta': 2.6399, 'loss': 3.1123, 'lr': 0.0001, 'params': 632328, 'time_iter': 0.1007, 'accuracy': 1.0}
train: {'epoch': 374, 'eta': 2.5381, 'loss': 3.1123, 'lr': 0.0001, 'params': 632328, 'time_iter': 0.098, 'accuracy': 1.0}
train: {'epoch': 375, 'eta': 2.4358, 'loss': 3.1123, 'lr': 0.0001, 'params': 632328, 'time_iter': 0.0894, 'accuracy': 1.0}
train: {'epoch': 376, 'eta': 2.3337, 'loss': 3.1123, 'lr': 0.0001, 'params': 632328, 'time_iter': 0.0911, 'accuracy': 1.0}
train: {'epoch': 377, 'eta': 2.2318, 'loss': 3.1123, 'lr': 0.0001, 'params': 632328, 'time_iter': 0.0942, 'accuracy': 1.0}
train: {'epoch': 378, 'eta': 2.1301, 'loss': 3.1123, 'lr': 0.0001, 'params': 632328, 'time_iter': 0.0981, 'accuracy': 1.0}
train: {'epoch': 379, 'eta': 2.0284, 'loss': 3.1123, 'lr': 0.0001, 'params': 632328, 'time_iter': 0.095, 'accuracy': 1.0}
val: {'epoch': 379, 'loss': 3.5222, 'lr': 0, 'params': 632328, 'time_iter': 0.0448, 'accuracy': 0.8745}
train: {'epoch': 380, 'eta': 1.9265, 'loss': 3.1123, 'lr': 0.0001, 'params': 632328, 'time_iter': 0.0915, 'accuracy': 1.0}
train: {'epoch': 381, 'eta': 1.8247, 'loss': 3.1123, 'lr': 0.0001, 'params': 632328, 'time_iter': 0.0944, 'accuracy': 1.0}
train: {'epoch': 382, 'eta': 1.7234, 'loss': 3.1123, 'lr': 0.0, 'params': 632328, 'time_iter': 0.1012, 'accuracy': 1.0}
train: {'epoch': 383, 'eta': 1.6216, 'loss': 3.1123, 'lr': 0.0, 'params': 632328, 'time_iter': 0.093, 'accuracy': 1.0}
train: {'epoch': 384, 'eta': 1.5202, 'loss': 3.1123, 'lr': 0.0, 'params': 632328, 'time_iter': 0.0989, 'accuracy': 1.0}
train: {'epoch': 385, 'eta': 1.4188, 'loss': 3.1123, 'lr': 0.0, 'params': 632328, 'time_iter': 0.0997, 'accuracy': 1.0}
train: {'epoch': 386, 'eta': 1.317, 'loss': 3.1123, 'lr': 0.0, 'params': 632328, 'time_iter': 0.0877, 'accuracy': 1.0}
train: {'epoch': 387, 'eta': 1.2158, 'loss': 3.1123, 'lr': 0.0, 'params': 632328, 'time_iter': 0.105, 'accuracy': 1.0}
train: {'epoch': 388, 'eta': 1.1144, 'loss': 3.1123, 'lr': 0.0, 'params': 632328, 'time_iter': 0.0981, 'accuracy': 1.0}
train: {'epoch': 389, 'eta': 1.0127, 'loss': 3.1123, 'lr': 0.0, 'params': 632328, 'time_iter': 0.0888, 'accuracy': 1.0}
train: {'epoch': 390, 'eta': 0.9114, 'loss': 3.1123, 'lr': 0.0, 'params': 632328, 'time_iter': 0.0972, 'accuracy': 1.0}
train: {'epoch': 391, 'eta': 0.81, 'loss': 3.1123, 'lr': 0.0, 'params': 632328, 'time_iter': 0.0943, 'accuracy': 1.0}
train: {'epoch': 392, 'eta': 0.7086, 'loss': 3.1123, 'lr': 0.0, 'params': 632328, 'time_iter': 0.0918, 'accuracy': 1.0}
train: {'epoch': 393, 'eta': 0.6072, 'loss': 3.1122, 'lr': 0.0, 'params': 632328, 'time_iter': 0.0941, 'accuracy': 1.0}
train: {'epoch': 394, 'eta': 0.506, 'loss': 3.1122, 'lr': 0.0, 'params': 632328, 'time_iter': 0.0974, 'accuracy': 1.0}
train: {'epoch': 395, 'eta': 0.4047, 'loss': 3.1122, 'lr': 0.0, 'params': 632328, 'time_iter': 0.0896, 'accuracy': 1.0}
train: {'epoch': 396, 'eta': 0.3035, 'loss': 3.1122, 'lr': 0.0, 'params': 632328, 'time_iter': 0.1005, 'accuracy': 1.0}
train: {'epoch': 397, 'eta': 0.2023, 'loss': 3.1122, 'lr': 0.0, 'params': 632328, 'time_iter': 0.1005, 'accuracy': 1.0}
train: {'epoch': 398, 'eta': 0.1011, 'loss': 3.1122, 'lr': 0.0, 'params': 632328, 'time_iter': 0.0957, 'accuracy': 1.0}
train: {'epoch': 399, 'eta': 0.0, 'loss': 3.1122, 'lr': 0.0, 'params': 632328, 'time_iter': 0.0951, 'accuracy': 1.0}
val: {'epoch': 399, 'loss': 3.5228, 'lr': 0, 'params': 632328, 'time_iter': 0.0516, 'accuracy': 0.8745}
Task done, results saved in results/example_noneq_9
Results aggregated across runs saved in results/example_noneq_9/agg
