Load: 0.0659s, Before split: 0.000406s, Split: 0.0002072s, After split: 0.0003109s
GNN(
  (preprocess): Preprocess(
    node_feature: dim_out=1433
    Total: dim_out=1433
  )
  (pre_mp): GeneralMultiLayer(
    (Layer_0): GeneralLayer(
      (layer): Linear(
        (model): Linear(in_features=1433, out_features=256, bias=False)
      )
      (post_layer): Sequential(
        (0): BatchNorm1d(256, eps=1e-05, momentum=0.1, affine=True, track_running_stats=True)
        (1): PReLU(num_parameters=1)
      )
    )
  )
  (mp): GNNStackStage(
    (layer0): GeneralLayer(
      (layer): GeneralConv(
        (model): GeneralConvLayer(256, 256)
      )
      (post_layer): Sequential(
        (0): BatchNorm1d(256, eps=1e-05, momentum=0.1, affine=True, track_running_stats=True)
        (1): PReLU(num_parameters=1)
      )
    )
    (layer1): GeneralLayer(
      (layer): GeneralConv(
        (model): GeneralConvLayer(256, 256)
      )
      (post_layer): Sequential(
        (0): BatchNorm1d(256, eps=1e-05, momentum=0.1, affine=True, track_running_stats=True)
        (1): PReLU(num_parameters=1)
      )
    )
  )
  (post_mp): GNNNodeHead(
    (layer_post_mp): MLP(
      (model): Sequential(
        (0): Linear(
          (model): Linear(in_features=256, out_features=7, bias=True)
        )
      )
    )
  )
)
bn:
  eps: 1e-05
  mom: 0.1
cfg_dest: config.yaml
custom_metrics: []
dataset:
  augment_feature: []
  augment_feature_dims: []
  augment_feature_repr: position
  augment_label: 
  augment_label_dims: 0
  cache_load: False
  cache_save: False
  dir: ./datasets
  edge_dim: 128
  edge_encoder: False
  edge_encoder_bn: True
  edge_encoder_name: Bond
  edge_message_ratio: 0.8
  edge_negative_sampling_ratio: 1.0
  edge_train_mode: all
  encoder: True
  encoder_bn: True
  encoder_dim: 128
  encoder_name: db
  format: PyG
  label_column: none
  label_table: none
  location: local
  name: Cora
  node_encoder: False
  node_encoder_bn: True
  node_encoder_name: Atom
  remove_feature: False
  resample_disjoint: False
  resample_negative: False
  shuffle_split: True
  split: [0.8, 0.2]
  split_mode: random
  task: node
  task_type: classification
  to_undirected: False
  transductive: True
  transform: none
  tu_simple: True
device: cpu
example_arg: example
example_group:
  example_arg: example
gnn:
  act: prelu
  agg: add
  att_final_linear: False
  att_final_linear_bn: False
  att_heads: 1
  batchnorm: True
  clear_feature: True
  dim_inner: 256
  dropout: 0.0
  flow: source_to_target
  head: node
  keep_edge: 0.5
  l2norm: True
  layer_type: generalconv
  layers_mp: 2
  layers_post_mp: 1
  layers_pre_mp: 1
  msg_direction: single
  normalize_adj: False
  self_msg: concat
  skip_every: 1
  stage_type: stack
gpu_mem: False
mem:
  inplace: False
metric_agg: argmax
metric_best: auto
model:
  edge_decoding: dot
  graph_pooling: add
  loss_fun: cross_entropy
  match_upper: True
  size_average: mean
  thresh: 0.5
  type: gnn
num_threads: 6
num_workers: 0
optim:
  base_lr: 0.01
  lr_decay: 0.1
  max_epoch: 400
  momentum: 0.9
  optimizer: adam
  scheduler: cos
  steps: [30, 60, 90]
  weight_decay: 0.0005
out_dir: results/example_noneq_5
params: 632328
print: both
round: 4
run_dir: results/example_noneq_5/2
seed: 3
share:
  dim_in: 1433
  dim_out: 7
  num_splits: 2
tensorboard_agg: True
tensorboard_each_run: False
train:
  auto_resume: False
  batch_size: 32
  ckpt_clean: True
  ckpt_period: 100
  enable_ckpt: True
  energy_alpha: 1.2
  energy_beta: 0.3
  energy_reg: True
  epoch_resume: -1
  eval_period: 20
  iter_per_epoch: 32
  mode: standard
  neighbor_sizes: [20, 15, 10, 5]
  node_per_graph: 32
  radius: extend
  sample_node: False
  sampler: full_batch
  skip_train_eval: False
  walk_length: 4
val:
  node_per_graph: 32
  radius: extend
  sample_node: False
  sampler: full_batch
view_emb: False
Num parameters: 632328
Start from epoch 0
train: {'epoch': 0, 'eta': 50.4384, 'loss': 3.4232, 'lr': 0.01, 'params': 632328, 'time_iter': 0.1264, 'accuracy': 0.1999}
val: {'epoch': 0, 'loss': 3.0907, 'lr': 0, 'params': 632328, 'time_iter': 0.0458, 'accuracy': 0.2823}
train: {'epoch': 1, 'eta': 48.3933, 'loss': 2.9168, 'lr': 0.01, 'params': 632328, 'time_iter': 0.1168, 'accuracy': 0.6699}
train: {'epoch': 2, 'eta': 47.813, 'loss': 2.6296, 'lr': 0.01, 'params': 632328, 'time_iter': 0.1181, 'accuracy': 0.7059}
train: {'epoch': 3, 'eta': 46.9689, 'loss': 2.4325, 'lr': 0.01, 'params': 632328, 'time_iter': 0.1131, 'accuracy': 0.7687}
train: {'epoch': 4, 'eta': 47.1465, 'loss': 2.2969, 'lr': 0.01, 'params': 632328, 'time_iter': 0.1224, 'accuracy': 0.825}
train: {'epoch': 5, 'eta': 45.7061, 'loss': 2.1612, 'lr': 0.01, 'params': 632328, 'time_iter': 0.0992, 'accuracy': 0.8472}
train: {'epoch': 6, 'eta': 44.7965, 'loss': 2.058, 'lr': 0.01, 'params': 632328, 'time_iter': 0.1019, 'accuracy': 0.885}
train: {'epoch': 7, 'eta': 44.2663, 'loss': 1.972, 'lr': 0.01, 'params': 632328, 'time_iter': 0.1055, 'accuracy': 0.8938}
train: {'epoch': 8, 'eta': 44.941, 'loss': 1.8969, 'lr': 0.01, 'params': 632328, 'time_iter': 0.1311, 'accuracy': 0.9026}
train: {'epoch': 9, 'eta': 44.8857, 'loss': 1.8356, 'lr': 0.01, 'params': 632328, 'time_iter': 0.1165, 'accuracy': 0.9151}
train: {'epoch': 10, 'eta': 45.2392, 'loss': 1.7833, 'lr': 0.01, 'params': 632328, 'time_iter': 0.1283, 'accuracy': 0.9211}
train: {'epoch': 11, 'eta': 45.2055, 'loss': 1.7365, 'lr': 0.01, 'params': 632328, 'time_iter': 0.1189, 'accuracy': 0.9275}
train: {'epoch': 12, 'eta': 45.7825, 'loss': 1.6966, 'lr': 0.01, 'params': 632328, 'time_iter': 0.1398, 'accuracy': 0.9294}
train: {'epoch': 13, 'eta': 45.5954, 'loss': 1.6601, 'lr': 0.01, 'params': 632328, 'time_iter': 0.1158, 'accuracy': 0.9298}
train: {'epoch': 14, 'eta': 46.3406, 'loss': 1.6263, 'lr': 0.01, 'params': 632328, 'time_iter': 0.1518, 'accuracy': 0.9349}
train: {'epoch': 15, 'eta': 45.6653, 'loss': 1.5963, 'lr': 0.01, 'params': 632328, 'time_iter': 0.0972, 'accuracy': 0.94}
train: {'epoch': 16, 'eta': 45.6375, 'loss': 1.5701, 'lr': 0.01, 'params': 632328, 'time_iter': 0.123, 'accuracy': 0.9437}
train: {'epoch': 17, 'eta': 45.2212, 'loss': 1.5467, 'lr': 0.01, 'params': 632328, 'time_iter': 0.1052, 'accuracy': 0.9464}
train: {'epoch': 18, 'eta': 44.6131, 'loss': 1.5256, 'lr': 0.01, 'params': 632328, 'time_iter': 0.094, 'accuracy': 0.9492}
train: {'epoch': 19, 'eta': 44.5078, 'loss': 1.5072, 'lr': 0.0099, 'params': 632328, 'time_iter': 0.1177, 'accuracy': 0.952}
val: {'epoch': 19, 'loss': 1.7222, 'lr': 0, 'params': 632328, 'time_iter': 0.0448, 'accuracy': 0.8579}
train: {'epoch': 20, 'eta': 44.4363, 'loss': 1.4901, 'lr': 0.0099, 'params': 632328, 'time_iter': 0.1197, 'accuracy': 0.9557}
train: {'epoch': 21, 'eta': 44.9605, 'loss': 1.4745, 'lr': 0.0099, 'params': 632328, 'time_iter': 0.1546, 'accuracy': 0.9603}
train: {'epoch': 22, 'eta': 45.3111, 'loss': 1.4605, 'lr': 0.0099, 'params': 632328, 'time_iter': 0.1476, 'accuracy': 0.9631}
train: {'epoch': 23, 'eta': 45.1754, 'loss': 1.4466, 'lr': 0.0099, 'params': 632328, 'time_iter': 0.1192, 'accuracy': 0.9654}
train: {'epoch': 24, 'eta': 45.0199, 'loss': 1.4347, 'lr': 0.0099, 'params': 632328, 'time_iter': 0.1178, 'accuracy': 0.9658}
train: {'epoch': 25, 'eta': 44.829, 'loss': 1.4231, 'lr': 0.0099, 'params': 632328, 'time_iter': 0.1151, 'accuracy': 0.9695}
train: {'epoch': 26, 'eta': 45.4144, 'loss': 1.414, 'lr': 0.0099, 'params': 632328, 'time_iter': 0.1709, 'accuracy': 0.9718}
train: {'epoch': 27, 'eta': 45.281, 'loss': 1.4102, 'lr': 0.0099, 'params': 632328, 'time_iter': 0.1209, 'accuracy': 0.9746}
train: {'epoch': 28, 'eta': 45.0463, 'loss': 1.4753, 'lr': 0.0099, 'params': 632328, 'time_iter': 0.1129, 'accuracy': 0.9428}
train: {'epoch': 29, 'eta': 45.1148, 'loss': 1.5167, 'lr': 0.0099, 'params': 632328, 'time_iter': 0.1368, 'accuracy': 0.9358}
train: {'epoch': 30, 'eta': 45.0942, 'loss': 1.4517, 'lr': 0.0099, 'params': 632328, 'time_iter': 0.1304, 'accuracy': 0.9464}
train: {'epoch': 31, 'eta': 44.8304, 'loss': 1.4784, 'lr': 0.0099, 'params': 632328, 'time_iter': 0.1099, 'accuracy': 0.9335}
train: {'epoch': 32, 'eta': 44.54, 'loss': 1.4258, 'lr': 0.0098, 'params': 632328, 'time_iter': 0.1067, 'accuracy': 0.9566}
train: {'epoch': 33, 'eta': 44.201, 'loss': 1.4197, 'lr': 0.0098, 'params': 632328, 'time_iter': 0.1011, 'accuracy': 0.9658}
train: {'epoch': 34, 'eta': 44.1397, 'loss': 1.4057, 'lr': 0.0098, 'params': 632328, 'time_iter': 0.1265, 'accuracy': 0.9654}
train: {'epoch': 35, 'eta': 43.7516, 'loss': 1.4029, 'lr': 0.0098, 'params': 632328, 'time_iter': 0.0945, 'accuracy': 0.9677}
train: {'epoch': 36, 'eta': 43.6025, 'loss': 1.3937, 'lr': 0.0098, 'params': 632328, 'time_iter': 0.1173, 'accuracy': 0.9709}
train: {'epoch': 37, 'eta': 43.4524, 'loss': 1.3863, 'lr': 0.0098, 'params': 632328, 'time_iter': 0.117, 'accuracy': 0.9737}
train: {'epoch': 38, 'eta': 43.1486, 'loss': 1.377, 'lr': 0.0098, 'params': 632328, 'time_iter': 0.1002, 'accuracy': 0.9751}
train: {'epoch': 39, 'eta': 42.8991, 'loss': 1.3711, 'lr': 0.0098, 'params': 632328, 'time_iter': 0.1051, 'accuracy': 0.976}
val: {'epoch': 39, 'loss': 1.688, 'lr': 0, 'params': 632328, 'time_iter': 0.1232, 'accuracy': 0.8745}
train: {'epoch': 40, 'eta': 42.6074, 'loss': 1.3671, 'lr': 0.0098, 'params': 632328, 'time_iter': 0.0995, 'accuracy': 0.9769}
train: {'epoch': 41, 'eta': 42.4422, 'loss': 1.3588, 'lr': 0.0097, 'params': 632328, 'time_iter': 0.1132, 'accuracy': 0.9811}
train: {'epoch': 42, 'eta': 42.194, 'loss': 1.3505, 'lr': 0.0097, 'params': 632328, 'time_iter': 0.1029, 'accuracy': 0.9834}
train: {'epoch': 43, 'eta': 42.0018, 'loss': 1.3462, 'lr': 0.0097, 'params': 632328, 'time_iter': 0.109, 'accuracy': 0.9857}
train: {'epoch': 44, 'eta': 42.0265, 'loss': 1.3423, 'lr': 0.0097, 'params': 632328, 'time_iter': 0.1361, 'accuracy': 0.9857}
train: {'epoch': 45, 'eta': 41.8625, 'loss': 1.3379, 'lr': 0.0097, 'params': 632328, 'time_iter': 0.1124, 'accuracy': 0.9861}
train: {'epoch': 46, 'eta': 41.7257, 'loss': 1.3334, 'lr': 0.0097, 'params': 632328, 'time_iter': 0.1158, 'accuracy': 0.988}
train: {'epoch': 47, 'eta': 41.7772, 'loss': 1.3305, 'lr': 0.0097, 'params': 632328, 'time_iter': 0.1413, 'accuracy': 0.9908}
train: {'epoch': 48, 'eta': 42.0623, 'loss': 1.3262, 'lr': 0.0096, 'params': 632328, 'time_iter': 0.1751, 'accuracy': 0.9922}
train: {'epoch': 49, 'eta': 42.9649, 'loss': 1.3231, 'lr': 0.0096, 'params': 632328, 'time_iter': 0.2659, 'accuracy': 0.9945}
train: {'epoch': 50, 'eta': 43.6528, 'loss': 1.3221, 'lr': 0.0096, 'params': 632328, 'time_iter': 0.2412, 'accuracy': 0.9949}
train: {'epoch': 51, 'eta': 44.1432, 'loss': 1.3233, 'lr': 0.0096, 'params': 632328, 'time_iter': 0.217, 'accuracy': 0.9926}
train: {'epoch': 52, 'eta': 44.3805, 'loss': 1.3325, 'lr': 0.0096, 'params': 632328, 'time_iter': 0.1825, 'accuracy': 0.9912}
train: {'epoch': 53, 'eta': 44.3026, 'loss': 1.3269, 'lr': 0.0096, 'params': 632328, 'time_iter': 0.1357, 'accuracy': 0.9922}
train: {'epoch': 54, 'eta': 43.9606, 'loss': 1.3273, 'lr': 0.0096, 'params': 632328, 'time_iter': 0.0939, 'accuracy': 0.9912}
train: {'epoch': 55, 'eta': 43.7378, 'loss': 1.3252, 'lr': 0.0095, 'params': 632328, 'time_iter': 0.1119, 'accuracy': 0.9903}
train: {'epoch': 56, 'eta': 43.4561, 'loss': 1.3232, 'lr': 0.0095, 'params': 632328, 'time_iter': 0.1015, 'accuracy': 0.9949}
train: {'epoch': 57, 'eta': 43.4986, 'loss': 1.3165, 'lr': 0.0095, 'params': 632328, 'time_iter': 0.1554, 'accuracy': 0.9945}
train: {'epoch': 58, 'eta': 43.2487, 'loss': 1.3254, 'lr': 0.0095, 'params': 632328, 'time_iter': 0.106, 'accuracy': 0.9912}
train: {'epoch': 59, 'eta': 43.0325, 'loss': 1.3388, 'lr': 0.0095, 'params': 632328, 'time_iter': 0.1111, 'accuracy': 0.9834}
val: {'epoch': 59, 'loss': 1.7238, 'lr': 0, 'params': 632328, 'time_iter': 0.0528, 'accuracy': 0.8579}
train: {'epoch': 60, 'eta': 42.8522, 'loss': 1.3562, 'lr': 0.0095, 'params': 632328, 'time_iter': 0.1169, 'accuracy': 0.9801}
train: {'epoch': 61, 'eta': 42.6165, 'loss': 1.3293, 'lr': 0.0094, 'params': 632328, 'time_iter': 0.1064, 'accuracy': 0.9889}
train: {'epoch': 62, 'eta': 42.3865, 'loss': 1.3328, 'lr': 0.0094, 'params': 632328, 'time_iter': 0.1066, 'accuracy': 0.9866}
train: {'epoch': 63, 'eta': 42.1267, 'loss': 1.322, 'lr': 0.0094, 'params': 632328, 'time_iter': 0.1003, 'accuracy': 0.9912}
train: {'epoch': 64, 'eta': 41.9466, 'loss': 1.315, 'lr': 0.0094, 'params': 632328, 'time_iter': 0.1148, 'accuracy': 0.994}
train: {'epoch': 65, 'eta': 41.6862, 'loss': 1.3163, 'lr': 0.0094, 'params': 632328, 'time_iter': 0.0985, 'accuracy': 0.9949}
train: {'epoch': 66, 'eta': 41.4187, 'loss': 1.3097, 'lr': 0.0093, 'params': 632328, 'time_iter': 0.0961, 'accuracy': 0.9954}
train: {'epoch': 67, 'eta': 41.2045, 'loss': 1.3076, 'lr': 0.0093, 'params': 632328, 'time_iter': 0.106, 'accuracy': 0.9963}
train: {'epoch': 68, 'eta': 40.9502, 'loss': 1.3033, 'lr': 0.0093, 'params': 632328, 'time_iter': 0.097, 'accuracy': 0.9982}
train: {'epoch': 69, 'eta': 40.7295, 'loss': 1.3023, 'lr': 0.0093, 'params': 632328, 'time_iter': 0.1031, 'accuracy': 0.9977}
train: {'epoch': 70, 'eta': 40.5326, 'loss': 1.3002, 'lr': 0.0093, 'params': 632328, 'time_iter': 0.1075, 'accuracy': 0.9977}
train: {'epoch': 71, 'eta': 40.3187, 'loss': 1.2971, 'lr': 0.0092, 'params': 632328, 'time_iter': 0.1033, 'accuracy': 0.9991}
train: {'epoch': 72, 'eta': 40.1019, 'loss': 1.2959, 'lr': 0.0092, 'params': 632328, 'time_iter': 0.102, 'accuracy': 0.9982}
train: {'epoch': 73, 'eta': 39.9164, 'loss': 1.2952, 'lr': 0.0092, 'params': 632328, 'time_iter': 0.1084, 'accuracy': 0.9986}
train: {'epoch': 74, 'eta': 39.6797, 'loss': 1.2932, 'lr': 0.0092, 'params': 632328, 'time_iter': 0.0961, 'accuracy': 0.9991}
train: {'epoch': 75, 'eta': 39.5099, 'loss': 1.2914, 'lr': 0.0092, 'params': 632328, 'time_iter': 0.1109, 'accuracy': 0.9991}
train: {'epoch': 76, 'eta': 39.305, 'loss': 1.2899, 'lr': 0.0091, 'params': 632328, 'time_iter': 0.1022, 'accuracy': 0.9991}
train: {'epoch': 77, 'eta': 39.1608, 'loss': 1.2888, 'lr': 0.0091, 'params': 632328, 'time_iter': 0.1163, 'accuracy': 0.9991}
train: {'epoch': 78, 'eta': 38.9781, 'loss': 1.2879, 'lr': 0.0091, 'params': 632328, 'time_iter': 0.1066, 'accuracy': 0.9991}
train: {'epoch': 79, 'eta': 38.8026, 'loss': 1.2868, 'lr': 0.0091, 'params': 632328, 'time_iter': 0.1079, 'accuracy': 0.9986}
val: {'epoch': 79, 'loss': 1.7432, 'lr': 0, 'params': 632328, 'time_iter': 0.0538, 'accuracy': 0.8542}
train: {'epoch': 80, 'eta': 38.6313, 'loss': 1.2861, 'lr': 0.009, 'params': 632328, 'time_iter': 0.1085, 'accuracy': 0.9991}
train: {'epoch': 81, 'eta': 38.5453, 'loss': 1.2868, 'lr': 0.009, 'params': 632328, 'time_iter': 0.1302, 'accuracy': 0.9982}
train: {'epoch': 82, 'eta': 38.3827, 'loss': 1.2947, 'lr': 0.009, 'params': 632328, 'time_iter': 0.1104, 'accuracy': 0.9949}
train: {'epoch': 83, 'eta': 38.1748, 'loss': 1.4269, 'lr': 0.009, 'params': 632328, 'time_iter': 0.098, 'accuracy': 0.9723}
train: {'epoch': 84, 'eta': 38.0724, 'loss': 2.4789, 'lr': 0.009, 'params': 632328, 'time_iter': 0.1258, 'accuracy': 0.6967}
train: {'epoch': 85, 'eta': 37.954, 'loss': 1.4307, 'lr': 0.0089, 'params': 632328, 'time_iter': 0.1215, 'accuracy': 0.9566}
train: {'epoch': 86, 'eta': 37.9036, 'loss': 1.4412, 'lr': 0.0089, 'params': 632328, 'time_iter': 0.1405, 'accuracy': 0.9474}
train: {'epoch': 87, 'eta': 37.8775, 'loss': 1.4087, 'lr': 0.0089, 'params': 632328, 'time_iter': 0.1479, 'accuracy': 0.9668}
train: {'epoch': 88, 'eta': 37.9177, 'loss': 1.4129, 'lr': 0.0089, 'params': 632328, 'time_iter': 0.1677, 'accuracy': 0.964}
train: {'epoch': 89, 'eta': 37.7493, 'loss': 1.3982, 'lr': 0.0088, 'params': 632328, 'time_iter': 0.1084, 'accuracy': 0.9654}
train: {'epoch': 90, 'eta': 37.6417, 'loss': 1.3899, 'lr': 0.0088, 'params': 632328, 'time_iter': 0.126, 'accuracy': 0.9663}
train: {'epoch': 91, 'eta': 37.5408, 'loss': 1.3763, 'lr': 0.0088, 'params': 632328, 'time_iter': 0.1281, 'accuracy': 0.9769}
train: {'epoch': 92, 'eta': 37.4856, 'loss': 1.3675, 'lr': 0.0088, 'params': 632328, 'time_iter': 0.1421, 'accuracy': 0.9797}
train: {'epoch': 93, 'eta': 37.3495, 'loss': 1.3586, 'lr': 0.0087, 'params': 632328, 'time_iter': 0.1178, 'accuracy': 0.9801}
train: {'epoch': 94, 'eta': 37.267, 'loss': 1.3484, 'lr': 0.0087, 'params': 632328, 'time_iter': 0.1344, 'accuracy': 0.9838}
train: {'epoch': 95, 'eta': 37.5663, 'loss': 1.3428, 'lr': 0.0087, 'params': 632328, 'time_iter': 0.2553, 'accuracy': 0.9848}
train: {'epoch': 96, 'eta': 37.6324, 'loss': 1.3346, 'lr': 0.0086, 'params': 632328, 'time_iter': 0.1843, 'accuracy': 0.9871}
train: {'epoch': 97, 'eta': 37.5162, 'loss': 1.3294, 'lr': 0.0086, 'params': 632328, 'time_iter': 0.1268, 'accuracy': 0.9889}
train: {'epoch': 98, 'eta': 37.4072, 'loss': 1.3246, 'lr': 0.0086, 'params': 632328, 'time_iter': 0.1292, 'accuracy': 0.9908}
train: {'epoch': 99, 'eta': 37.3381, 'loss': 1.3198, 'lr': 0.0086, 'params': 632328, 'time_iter': 0.1427, 'accuracy': 0.9926}
val: {'epoch': 99, 'loss': 1.6889, 'lr': 0, 'params': 632328, 'time_iter': 0.0492, 'accuracy': 0.8727}
train: {'epoch': 100, 'eta': 37.4774, 'loss': 1.3166, 'lr': 0.0085, 'params': 632328, 'time_iter': 0.2135, 'accuracy': 0.9917}
train: {'epoch': 101, 'eta': 37.9365, 'loss': 1.3148, 'lr': 0.0085, 'params': 632328, 'time_iter': 0.3254, 'accuracy': 0.9968}
train: {'epoch': 102, 'eta': 37.9911, 'loss': 1.3122, 'lr': 0.0085, 'params': 632328, 'time_iter': 0.1904, 'accuracy': 0.9935}
train: {'epoch': 103, 'eta': 37.971, 'loss': 1.3078, 'lr': 0.0085, 'params': 632328, 'time_iter': 0.1658, 'accuracy': 0.9968}
train: {'epoch': 104, 'eta': 37.8604, 'loss': 1.3049, 'lr': 0.0084, 'params': 632328, 'time_iter': 0.1346, 'accuracy': 0.9963}
train: {'epoch': 105, 'eta': 37.7337, 'loss': 1.3019, 'lr': 0.0084, 'params': 632328, 'time_iter': 0.1289, 'accuracy': 0.9972}
train: {'epoch': 106, 'eta': 37.6136, 'loss': 1.302, 'lr': 0.0084, 'params': 632328, 'time_iter': 0.1314, 'accuracy': 0.9968}
train: {'epoch': 107, 'eta': 37.5382, 'loss': 1.3107, 'lr': 0.0083, 'params': 632328, 'time_iter': 0.148, 'accuracy': 0.9949}
train: {'epoch': 108, 'eta': 37.4149, 'loss': 1.3231, 'lr': 0.0083, 'params': 632328, 'time_iter': 0.1305, 'accuracy': 0.9922}
train: {'epoch': 109, 'eta': 37.2283, 'loss': 1.3363, 'lr': 0.0083, 'params': 632328, 'time_iter': 0.1066, 'accuracy': 0.9843}
train: {'epoch': 110, 'eta': 37.0478, 'loss': 1.3172, 'lr': 0.0082, 'params': 632328, 'time_iter': 0.1083, 'accuracy': 0.9875}
train: {'epoch': 111, 'eta': 36.9012, 'loss': 1.3131, 'lr': 0.0082, 'params': 632328, 'time_iter': 0.1211, 'accuracy': 0.994}
train: {'epoch': 112, 'eta': 36.7417, 'loss': 1.3201, 'lr': 0.0082, 'params': 632328, 'time_iter': 0.1158, 'accuracy': 0.9931}
train: {'epoch': 113, 'eta': 36.5619, 'loss': 1.3067, 'lr': 0.0082, 'params': 632328, 'time_iter': 0.1074, 'accuracy': 0.9935}
train: {'epoch': 114, 'eta': 36.614, 'loss': 1.311, 'lr': 0.0081, 'params': 632328, 'time_iter': 0.2004, 'accuracy': 0.9926}
train: {'epoch': 115, 'eta': 36.5596, 'loss': 1.3116, 'lr': 0.0081, 'params': 632328, 'time_iter': 0.1587, 'accuracy': 0.9922}
train: {'epoch': 116, 'eta': 36.4794, 'loss': 1.3034, 'lr': 0.0081, 'params': 632328, 'time_iter': 0.1488, 'accuracy': 0.9949}
train: {'epoch': 117, 'eta': 36.5238, 'loss': 1.3023, 'lr': 0.008, 'params': 632328, 'time_iter': 0.2015, 'accuracy': 0.9972}
train: {'epoch': 118, 'eta': 36.5052, 'loss': 1.3005, 'lr': 0.008, 'params': 632328, 'time_iter': 0.1765, 'accuracy': 0.9972}
train: {'epoch': 119, 'eta': 36.7663, 'loss': 1.2985, 'lr': 0.008, 'params': 632328, 'time_iter': 0.2975, 'accuracy': 0.9968}
val: {'epoch': 119, 'loss': 1.7316, 'lr': 0, 'params': 632328, 'time_iter': 0.06, 'accuracy': 0.8708}
train: {'epoch': 120, 'eta': 36.8509, 'loss': 1.2974, 'lr': 0.0079, 'params': 632328, 'time_iter': 0.2249, 'accuracy': 0.9963}
train: {'epoch': 121, 'eta': 36.8197, 'loss': 1.2958, 'lr': 0.0079, 'params': 632328, 'time_iter': 0.1764, 'accuracy': 0.9972}
train: {'epoch': 122, 'eta': 36.777, 'loss': 1.2939, 'lr': 0.0079, 'params': 632328, 'time_iter': 0.1723, 'accuracy': 0.9982}
train: {'epoch': 123, 'eta': 36.6339, 'loss': 1.2926, 'lr': 0.0078, 'params': 632328, 'time_iter': 0.1281, 'accuracy': 0.9991}
train: {'epoch': 124, 'eta': 36.5166, 'loss': 1.29, 'lr': 0.0078, 'params': 632328, 'time_iter': 0.1398, 'accuracy': 0.9986}
train: {'epoch': 125, 'eta': 36.3436, 'loss': 1.2901, 'lr': 0.0078, 'params': 632328, 'time_iter': 0.1143, 'accuracy': 0.9977}
train: {'epoch': 126, 'eta': 36.2757, 'loss': 1.2875, 'lr': 0.0077, 'params': 632328, 'time_iter': 0.1628, 'accuracy': 0.9986}
train: {'epoch': 127, 'eta': 36.1607, 'loss': 1.2886, 'lr': 0.0077, 'params': 632328, 'time_iter': 0.1413, 'accuracy': 0.9986}
train: {'epoch': 128, 'eta': 36.0038, 'loss': 1.2861, 'lr': 0.0077, 'params': 632328, 'time_iter': 0.1215, 'accuracy': 0.9986}
train: {'epoch': 129, 'eta': 35.9009, 'loss': 1.2865, 'lr': 0.0076, 'params': 632328, 'time_iter': 0.1473, 'accuracy': 0.9991}
train: {'epoch': 130, 'eta': 35.8084, 'loss': 1.2845, 'lr': 0.0076, 'params': 632328, 'time_iter': 0.1527, 'accuracy': 0.9991}
train: {'epoch': 131, 'eta': 35.712, 'loss': 1.2842, 'lr': 0.0076, 'params': 632328, 'time_iter': 0.1512, 'accuracy': 0.9991}
train: {'epoch': 132, 'eta': 35.7113, 'loss': 1.2831, 'lr': 0.0075, 'params': 632328, 'time_iter': 0.1993, 'accuracy': 0.9995}
train: {'epoch': 133, 'eta': 35.7332, 'loss': 1.2822, 'lr': 0.0075, 'params': 632328, 'time_iter': 0.2121, 'accuracy': 0.9995}
train: {'epoch': 134, 'eta': 35.7242, 'loss': 1.2817, 'lr': 0.0075, 'params': 632328, 'time_iter': 0.1982, 'accuracy': 0.9995}
train: {'epoch': 135, 'eta': 35.637, 'loss': 1.2809, 'lr': 0.0074, 'params': 632328, 'time_iter': 0.1593, 'accuracy': 0.9995}
train: {'epoch': 136, 'eta': 35.6269, 'loss': 1.2806, 'lr': 0.0074, 'params': 632328, 'time_iter': 0.2001, 'accuracy': 0.9995}
train: {'epoch': 137, 'eta': 35.5503, 'loss': 1.2809, 'lr': 0.0074, 'params': 632328, 'time_iter': 0.1664, 'accuracy': 0.9995}
train: {'epoch': 138, 'eta': 35.5108, 'loss': 1.2824, 'lr': 0.0073, 'params': 632328, 'time_iter': 0.1869, 'accuracy': 0.9982}
train: {'epoch': 139, 'eta': 35.4685, 'loss': 1.2795, 'lr': 0.0073, 'params': 632328, 'time_iter': 0.1865, 'accuracy': 0.9995}
val: {'epoch': 139, 'loss': 1.738, 'lr': 0, 'params': 632328, 'time_iter': 0.0657, 'accuracy': 0.8598}
train: {'epoch': 140, 'eta': 35.451, 'loss': 1.2808, 'lr': 0.0073, 'params': 632328, 'time_iter': 0.2011, 'accuracy': 1.0}
train: {'epoch': 141, 'eta': 35.3956, 'loss': 1.2916, 'lr': 0.0072, 'params': 632328, 'time_iter': 0.1817, 'accuracy': 0.9982}
train: {'epoch': 142, 'eta': 35.3703, 'loss': 1.2926, 'lr': 0.0072, 'params': 632328, 'time_iter': 0.1995, 'accuracy': 0.9949}
train: {'epoch': 143, 'eta': 35.2925, 'loss': 1.2971, 'lr': 0.0072, 'params': 632328, 'time_iter': 0.1713, 'accuracy': 0.9991}
train: {'epoch': 144, 'eta': 35.2925, 'loss': 1.3061, 'lr': 0.0071, 'params': 632328, 'time_iter': 0.2163, 'accuracy': 0.9926}
train: {'epoch': 145, 'eta': 35.2367, 'loss': 1.314, 'lr': 0.0071, 'params': 632328, 'time_iter': 0.1859, 'accuracy': 0.9875}
train: {'epoch': 146, 'eta': 35.1531, 'loss': 1.3137, 'lr': 0.0071, 'params': 632328, 'time_iter': 0.1708, 'accuracy': 0.9875}
train: {'epoch': 147, 'eta': 35.0287, 'loss': 1.3325, 'lr': 0.007, 'params': 632328, 'time_iter': 0.1475, 'accuracy': 0.9866}
train: {'epoch': 148, 'eta': 34.8871, 'loss': 1.3342, 'lr': 0.007, 'params': 632328, 'time_iter': 0.1374, 'accuracy': 0.982}
train: {'epoch': 149, 'eta': 34.9695, 'loss': 1.3123, 'lr': 0.0069, 'params': 632328, 'time_iter': 0.2719, 'accuracy': 0.9903}
train: {'epoch': 150, 'eta': 35.0079, 'loss': 1.3158, 'lr': 0.0069, 'params': 632328, 'time_iter': 0.248, 'accuracy': 0.9912}
train: {'epoch': 151, 'eta': 34.9574, 'loss': 1.3052, 'lr': 0.0069, 'params': 632328, 'time_iter': 0.1958, 'accuracy': 0.9949}
train: {'epoch': 152, 'eta': 34.9321, 'loss': 1.3005, 'lr': 0.0068, 'params': 632328, 'time_iter': 0.2126, 'accuracy': 0.9968}
train: {'epoch': 153, 'eta': 34.8413, 'loss': 1.2981, 'lr': 0.0068, 'params': 632328, 'time_iter': 0.1731, 'accuracy': 0.9972}
train: {'epoch': 154, 'eta': 34.7076, 'loss': 1.293, 'lr': 0.0068, 'params': 632328, 'time_iter': 0.1467, 'accuracy': 0.9977}
train: {'epoch': 155, 'eta': 34.5273, 'loss': 1.2929, 'lr': 0.0067, 'params': 632328, 'time_iter': 0.1169, 'accuracy': 0.9986}
train: {'epoch': 156, 'eta': 34.3742, 'loss': 1.2912, 'lr': 0.0067, 'params': 632328, 'time_iter': 0.1341, 'accuracy': 0.9986}
train: {'epoch': 157, 'eta': 34.2206, 'loss': 1.2887, 'lr': 0.0067, 'params': 632328, 'time_iter': 0.1335, 'accuracy': 0.9991}
train: {'epoch': 158, 'eta': 34.0788, 'loss': 1.287, 'lr': 0.0066, 'params': 632328, 'time_iter': 0.1411, 'accuracy': 0.9986}
train: {'epoch': 159, 'eta': 33.9671, 'loss': 1.2852, 'lr': 0.0066, 'params': 632328, 'time_iter': 0.1613, 'accuracy': 0.9986}
val: {'epoch': 159, 'loss': 1.7025, 'lr': 0, 'params': 632328, 'time_iter': 0.0583, 'accuracy': 0.8875}
train: {'epoch': 160, 'eta': 33.9362, 'loss': 1.2836, 'lr': 0.0065, 'params': 632328, 'time_iter': 0.216, 'accuracy': 0.9991}
train: {'epoch': 161, 'eta': 33.8048, 'loss': 1.2823, 'lr': 0.0065, 'params': 632328, 'time_iter': 0.1492, 'accuracy': 0.9995}
train: {'epoch': 162, 'eta': 33.6282, 'loss': 1.2812, 'lr': 0.0065, 'params': 632328, 'time_iter': 0.1183, 'accuracy': 0.9995}
train: {'epoch': 163, 'eta': 33.4739, 'loss': 1.2803, 'lr': 0.0064, 'params': 632328, 'time_iter': 0.1333, 'accuracy': 1.0}
train: {'epoch': 164, 'eta': 33.3397, 'loss': 1.2795, 'lr': 0.0064, 'params': 632328, 'time_iter': 0.1472, 'accuracy': 1.0}
train: {'epoch': 165, 'eta': 33.1885, 'loss': 1.2785, 'lr': 0.0064, 'params': 632328, 'time_iter': 0.1352, 'accuracy': 1.0}
train: {'epoch': 166, 'eta': 33.0569, 'loss': 1.2777, 'lr': 0.0063, 'params': 632328, 'time_iter': 0.1492, 'accuracy': 1.0}
train: {'epoch': 167, 'eta': 32.9546, 'loss': 1.2771, 'lr': 0.0063, 'params': 632328, 'time_iter': 0.1705, 'accuracy': 1.0}
train: {'epoch': 168, 'eta': 32.8089, 'loss': 1.2765, 'lr': 0.0062, 'params': 632328, 'time_iter': 0.1393, 'accuracy': 1.0}
train: {'epoch': 169, 'eta': 32.6425, 'loss': 1.2759, 'lr': 0.0062, 'params': 632328, 'time_iter': 0.124, 'accuracy': 1.0}
train: {'epoch': 170, 'eta': 32.4876, 'loss': 1.2755, 'lr': 0.0062, 'params': 632328, 'time_iter': 0.1322, 'accuracy': 1.0}
train: {'epoch': 171, 'eta': 32.3147, 'loss': 1.2751, 'lr': 0.0061, 'params': 632328, 'time_iter': 0.1185, 'accuracy': 1.0}
train: {'epoch': 172, 'eta': 32.1483, 'loss': 1.2746, 'lr': 0.0061, 'params': 632328, 'time_iter': 0.1229, 'accuracy': 1.0}
train: {'epoch': 173, 'eta': 32.0661, 'loss': 1.2742, 'lr': 0.0061, 'params': 632328, 'time_iter': 0.1874, 'accuracy': 1.0}
train: {'epoch': 174, 'eta': 31.9704, 'loss': 1.2738, 'lr': 0.006, 'params': 632328, 'time_iter': 0.1778, 'accuracy': 1.0}
train: {'epoch': 175, 'eta': 31.9552, 'loss': 1.2735, 'lr': 0.006, 'params': 632328, 'time_iter': 0.2418, 'accuracy': 1.0}
train: {'epoch': 176, 'eta': 31.9032, 'loss': 1.2732, 'lr': 0.0059, 'params': 632328, 'time_iter': 0.2146, 'accuracy': 1.0}
train: {'epoch': 177, 'eta': 31.795, 'loss': 1.273, 'lr': 0.0059, 'params': 632328, 'time_iter': 0.171, 'accuracy': 1.0}
train: {'epoch': 178, 'eta': 31.6891, 'loss': 1.2728, 'lr': 0.0059, 'params': 632328, 'time_iter': 0.1734, 'accuracy': 1.0}
train: {'epoch': 179, 'eta': 31.5707, 'loss': 1.2725, 'lr': 0.0058, 'params': 632328, 'time_iter': 0.1639, 'accuracy': 1.0}
val: {'epoch': 179, 'loss': 1.7049, 'lr': 0, 'params': 632328, 'time_iter': 0.0603, 'accuracy': 0.8616}
train: {'epoch': 180, 'eta': 31.3722, 'loss': 1.2723, 'lr': 0.0058, 'params': 632328, 'time_iter': 0.0981, 'accuracy': 1.0}
train: {'epoch': 181, 'eta': 31.2082, 'loss': 1.272, 'lr': 0.0057, 'params': 632328, 'time_iter': 0.1259, 'accuracy': 1.0}
train: {'epoch': 182, 'eta': 31.0432, 'loss': 1.2718, 'lr': 0.0057, 'params': 632328, 'time_iter': 0.1248, 'accuracy': 1.0}
train: {'epoch': 183, 'eta': 30.8647, 'loss': 1.2717, 'lr': 0.0057, 'params': 632328, 'time_iter': 0.1128, 'accuracy': 1.0}
train: {'epoch': 184, 'eta': 30.7358, 'loss': 1.2726, 'lr': 0.0056, 'params': 632328, 'time_iter': 0.155, 'accuracy': 1.0}
train: {'epoch': 185, 'eta': 30.5877, 'loss': 1.2825, 'lr': 0.0056, 'params': 632328, 'time_iter': 0.1384, 'accuracy': 0.9986}
train: {'epoch': 186, 'eta': 30.4133, 'loss': 1.2762, 'lr': 0.0055, 'params': 632328, 'time_iter': 0.1153, 'accuracy': 1.0}
train: {'epoch': 187, 'eta': 30.2635, 'loss': 1.2747, 'lr': 0.0055, 'params': 632328, 'time_iter': 0.1366, 'accuracy': 1.0}
train: {'epoch': 188, 'eta': 30.1027, 'loss': 1.275, 'lr': 0.0055, 'params': 632328, 'time_iter': 0.1265, 'accuracy': 0.9995}
train: {'epoch': 189, 'eta': 29.9519, 'loss': 1.2737, 'lr': 0.0054, 'params': 632328, 'time_iter': 0.1353, 'accuracy': 1.0}
train: {'epoch': 190, 'eta': 29.7743, 'loss': 1.2733, 'lr': 0.0054, 'params': 632328, 'time_iter': 0.1107, 'accuracy': 1.0}
train: {'epoch': 191, 'eta': 29.6275, 'loss': 1.2727, 'lr': 0.0054, 'params': 632328, 'time_iter': 0.1385, 'accuracy': 1.0}
train: {'epoch': 192, 'eta': 29.443, 'loss': 1.2727, 'lr': 0.0053, 'params': 632328, 'time_iter': 0.1033, 'accuracy': 0.9995}
train: {'epoch': 193, 'eta': 29.2712, 'loss': 1.2721, 'lr': 0.0053, 'params': 632328, 'time_iter': 0.1144, 'accuracy': 1.0}
train: {'epoch': 194, 'eta': 29.1381, 'loss': 1.272, 'lr': 0.0052, 'params': 632328, 'time_iter': 0.1506, 'accuracy': 1.0}
train: {'epoch': 195, 'eta': 28.9821, 'loss': 1.2717, 'lr': 0.0052, 'params': 632328, 'time_iter': 0.1288, 'accuracy': 1.0}
train: {'epoch': 196, 'eta': 28.8098, 'loss': 1.2712, 'lr': 0.0052, 'params': 632328, 'time_iter': 0.1128, 'accuracy': 1.0}
train: {'epoch': 197, 'eta': 28.6208, 'loss': 1.2711, 'lr': 0.0051, 'params': 632328, 'time_iter': 0.0958, 'accuracy': 1.0}
train: {'epoch': 198, 'eta': 28.5077, 'loss': 1.2709, 'lr': 0.0051, 'params': 632328, 'time_iter': 0.17, 'accuracy': 1.0}
train: {'epoch': 199, 'eta': 28.3344, 'loss': 1.2704, 'lr': 0.005, 'params': 632328, 'time_iter': 0.1103, 'accuracy': 1.0}
val: {'epoch': 199, 'loss': 1.7065, 'lr': 0, 'params': 632328, 'time_iter': 0.0439, 'accuracy': 0.8653}
train: {'epoch': 200, 'eta': 28.1474, 'loss': 1.2703, 'lr': 0.005, 'params': 632328, 'time_iter': 0.0959, 'accuracy': 1.0}
train: {'epoch': 201, 'eta': 27.991, 'loss': 1.27, 'lr': 0.005, 'params': 632328, 'time_iter': 0.1262, 'accuracy': 1.0}
train: {'epoch': 202, 'eta': 27.8397, 'loss': 1.2698, 'lr': 0.0049, 'params': 632328, 'time_iter': 0.1311, 'accuracy': 1.0}
train: {'epoch': 203, 'eta': 27.679, 'loss': 1.2697, 'lr': 0.0049, 'params': 632328, 'time_iter': 0.1211, 'accuracy': 1.0}
train: {'epoch': 204, 'eta': 27.5044, 'loss': 1.2694, 'lr': 0.0048, 'params': 632328, 'time_iter': 0.1061, 'accuracy': 1.0}
train: {'epoch': 205, 'eta': 27.33, 'loss': 1.2694, 'lr': 0.0048, 'params': 632328, 'time_iter': 0.1057, 'accuracy': 1.0}
train: {'epoch': 206, 'eta': 27.1721, 'loss': 1.2691, 'lr': 0.0048, 'params': 632328, 'time_iter': 0.1226, 'accuracy': 1.0}
train: {'epoch': 207, 'eta': 27.0103, 'loss': 1.269, 'lr': 0.0047, 'params': 632328, 'time_iter': 0.118, 'accuracy': 1.0}
train: {'epoch': 208, 'eta': 26.8399, 'loss': 1.2689, 'lr': 0.0047, 'params': 632328, 'time_iter': 0.1081, 'accuracy': 1.0}
train: {'epoch': 209, 'eta': 26.6877, 'loss': 1.269, 'lr': 0.0046, 'params': 632328, 'time_iter': 0.1277, 'accuracy': 1.0}
train: {'epoch': 210, 'eta': 26.5309, 'loss': 1.2688, 'lr': 0.0046, 'params': 632328, 'time_iter': 0.1222, 'accuracy': 1.0}
train: {'epoch': 211, 'eta': 26.4159, 'loss': 1.2686, 'lr': 0.0046, 'params': 632328, 'time_iter': 0.1689, 'accuracy': 1.0}
train: {'epoch': 212, 'eta': 26.2676, 'loss': 1.2686, 'lr': 0.0045, 'params': 632328, 'time_iter': 0.1317, 'accuracy': 1.0}
train: {'epoch': 213, 'eta': 26.1074, 'loss': 1.2684, 'lr': 0.0045, 'params': 632328, 'time_iter': 0.1177, 'accuracy': 1.0}
train: {'epoch': 214, 'eta': 26.0315, 'loss': 1.2683, 'lr': 0.0045, 'params': 632328, 'time_iter': 0.2153, 'accuracy': 1.0}
train: {'epoch': 215, 'eta': 25.8881, 'loss': 1.2682, 'lr': 0.0044, 'params': 632328, 'time_iter': 0.1376, 'accuracy': 1.0}
train: {'epoch': 216, 'eta': 25.7251, 'loss': 1.2682, 'lr': 0.0044, 'params': 632328, 'time_iter': 0.1142, 'accuracy': 1.0}
train: {'epoch': 217, 'eta': 25.5581, 'loss': 1.2681, 'lr': 0.0043, 'params': 632328, 'time_iter': 0.1089, 'accuracy': 1.0}
train: {'epoch': 218, 'eta': 25.3958, 'loss': 1.2687, 'lr': 0.0043, 'params': 632328, 'time_iter': 0.1139, 'accuracy': 1.0}
train: {'epoch': 219, 'eta': 25.3001, 'loss': 1.2742, 'lr': 0.0043, 'params': 632328, 'time_iter': 0.1948, 'accuracy': 1.0}
val: {'epoch': 219, 'loss': 1.7888, 'lr': 0, 'params': 632328, 'time_iter': 0.0459, 'accuracy': 0.8413}
train: {'epoch': 220, 'eta': 25.1509, 'loss': 1.401, 'lr': 0.0042, 'params': 632328, 'time_iter': 0.1299, 'accuracy': 0.9663}
train: {'epoch': 221, 'eta': 25.0164, 'loss': 1.7725, 'lr': 0.0042, 'params': 632328, 'time_iter': 0.1481, 'accuracy': 0.8813}
train: {'epoch': 222, 'eta': 24.8791, 'loss': 1.5207, 'lr': 0.0041, 'params': 632328, 'time_iter': 0.1446, 'accuracy': 0.9335}
train: {'epoch': 223, 'eta': 24.7452, 'loss': 1.4448, 'lr': 0.0041, 'params': 632328, 'time_iter': 0.149, 'accuracy': 0.9598}
train: {'epoch': 224, 'eta': 24.5919, 'loss': 1.4186, 'lr': 0.0041, 'params': 632328, 'time_iter': 0.1243, 'accuracy': 0.9677}
train: {'epoch': 225, 'eta': 24.4361, 'loss': 1.395, 'lr': 0.004, 'params': 632328, 'time_iter': 0.1206, 'accuracy': 0.9746}
train: {'epoch': 226, 'eta': 24.2998, 'loss': 1.3653, 'lr': 0.004, 'params': 632328, 'time_iter': 0.1459, 'accuracy': 0.9792}
train: {'epoch': 227, 'eta': 24.167, 'loss': 1.3544, 'lr': 0.0039, 'params': 632328, 'time_iter': 0.1506, 'accuracy': 0.9829}
train: {'epoch': 228, 'eta': 24.0167, 'loss': 1.3457, 'lr': 0.0039, 'params': 632328, 'time_iter': 0.1273, 'accuracy': 0.9857}
train: {'epoch': 229, 'eta': 23.8678, 'loss': 1.3373, 'lr': 0.0039, 'params': 632328, 'time_iter': 0.129, 'accuracy': 0.9852}
train: {'epoch': 230, 'eta': 23.7023, 'loss': 1.3319, 'lr': 0.0038, 'params': 632328, 'time_iter': 0.1061, 'accuracy': 0.988}
train: {'epoch': 231, 'eta': 23.5469, 'loss': 1.3254, 'lr': 0.0038, 'params': 632328, 'time_iter': 0.1194, 'accuracy': 0.9889}
train: {'epoch': 232, 'eta': 23.3811, 'loss': 1.3192, 'lr': 0.0038, 'params': 632328, 'time_iter': 0.1044, 'accuracy': 0.9898}
train: {'epoch': 233, 'eta': 23.2227, 'loss': 1.3147, 'lr': 0.0037, 'params': 632328, 'time_iter': 0.1141, 'accuracy': 0.9922}
train: {'epoch': 234, 'eta': 23.0674, 'loss': 1.3116, 'lr': 0.0037, 'params': 632328, 'time_iter': 0.1179, 'accuracy': 0.9926}
train: {'epoch': 235, 'eta': 22.9055, 'loss': 1.3085, 'lr': 0.0036, 'params': 632328, 'time_iter': 0.108, 'accuracy': 0.9935}
train: {'epoch': 236, 'eta': 22.7864, 'loss': 1.3052, 'lr': 0.0036, 'params': 632328, 'time_iter': 0.1696, 'accuracy': 0.9935}
train: {'epoch': 237, 'eta': 22.6279, 'loss': 1.3019, 'lr': 0.0036, 'params': 632328, 'time_iter': 0.1122, 'accuracy': 0.9945}
train: {'epoch': 238, 'eta': 22.4639, 'loss': 1.2989, 'lr': 0.0035, 'params': 632328, 'time_iter': 0.1036, 'accuracy': 0.9958}
train: {'epoch': 239, 'eta': 22.3068, 'loss': 1.2966, 'lr': 0.0035, 'params': 632328, 'time_iter': 0.1133, 'accuracy': 0.9963}
val: {'epoch': 239, 'loss': 1.691, 'lr': 0, 'params': 632328, 'time_iter': 0.0416, 'accuracy': 0.8764}
train: {'epoch': 240, 'eta': 22.1434, 'loss': 1.2948, 'lr': 0.0035, 'params': 632328, 'time_iter': 0.103, 'accuracy': 0.9972}
train: {'epoch': 241, 'eta': 21.9785, 'loss': 1.2934, 'lr': 0.0034, 'params': 632328, 'time_iter': 0.1001, 'accuracy': 0.9972}
train: {'epoch': 242, 'eta': 21.8157, 'loss': 1.2922, 'lr': 0.0034, 'params': 632328, 'time_iter': 0.1024, 'accuracy': 0.9977}
train: {'epoch': 243, 'eta': 21.6554, 'loss': 1.2911, 'lr': 0.0033, 'params': 632328, 'time_iter': 0.1056, 'accuracy': 0.9977}
train: {'epoch': 244, 'eta': 21.4955, 'loss': 1.2899, 'lr': 0.0033, 'params': 632328, 'time_iter': 0.1054, 'accuracy': 0.9977}
train: {'epoch': 245, 'eta': 21.3349, 'loss': 1.2888, 'lr': 0.0033, 'params': 632328, 'time_iter': 0.1037, 'accuracy': 0.9982}
train: {'epoch': 246, 'eta': 21.1882, 'loss': 1.2877, 'lr': 0.0032, 'params': 632328, 'time_iter': 0.1254, 'accuracy': 0.9982}
train: {'epoch': 247, 'eta': 21.0576, 'loss': 1.2868, 'lr': 0.0032, 'params': 632328, 'time_iter': 0.1513, 'accuracy': 0.9977}
train: {'epoch': 248, 'eta': 20.9265, 'loss': 1.2859, 'lr': 0.0032, 'params': 632328, 'time_iter': 0.1509, 'accuracy': 0.9977}
train: {'epoch': 249, 'eta': 20.878, 'loss': 1.2852, 'lr': 0.0031, 'params': 632328, 'time_iter': 0.2887, 'accuracy': 0.9977}
train: {'epoch': 250, 'eta': 20.7887, 'loss': 1.2844, 'lr': 0.0031, 'params': 632328, 'time_iter': 0.2232, 'accuracy': 0.9977}
train: {'epoch': 251, 'eta': 20.6944, 'loss': 1.2837, 'lr': 0.0031, 'params': 632328, 'time_iter': 0.2164, 'accuracy': 0.9977}
train: {'epoch': 252, 'eta': 20.5769, 'loss': 1.2831, 'lr': 0.003, 'params': 632328, 'time_iter': 0.1782, 'accuracy': 0.9982}
train: {'epoch': 253, 'eta': 20.4209, 'loss': 1.2825, 'lr': 0.003, 'params': 632328, 'time_iter': 0.1122, 'accuracy': 0.9982}
train: {'epoch': 254, 'eta': 20.2849, 'loss': 1.2819, 'lr': 0.0029, 'params': 632328, 'time_iter': 0.1465, 'accuracy': 0.9982}
train: {'epoch': 255, 'eta': 20.1814, 'loss': 1.2814, 'lr': 0.0029, 'params': 632328, 'time_iter': 0.2047, 'accuracy': 0.9986}
train: {'epoch': 256, 'eta': 20.0383, 'loss': 1.2809, 'lr': 0.0029, 'params': 632328, 'time_iter': 0.1348, 'accuracy': 0.9986}
train: {'epoch': 257, 'eta': 19.8869, 'loss': 1.2805, 'lr': 0.0028, 'params': 632328, 'time_iter': 0.1197, 'accuracy': 0.9986}
train: {'epoch': 258, 'eta': 19.7296, 'loss': 1.2801, 'lr': 0.0028, 'params': 632328, 'time_iter': 0.1083, 'accuracy': 0.9986}
train: {'epoch': 259, 'eta': 19.5726, 'loss': 1.2797, 'lr': 0.0028, 'params': 632328, 'time_iter': 0.1082, 'accuracy': 0.9986}
val: {'epoch': 259, 'loss': 1.6928, 'lr': 0, 'params': 632328, 'time_iter': 0.055, 'accuracy': 0.8819}
train: {'epoch': 260, 'eta': 19.4169, 'loss': 1.2793, 'lr': 0.0027, 'params': 632328, 'time_iter': 0.11, 'accuracy': 0.9991}
train: {'epoch': 261, 'eta': 19.2622, 'loss': 1.2789, 'lr': 0.0027, 'params': 632328, 'time_iter': 0.1112, 'accuracy': 0.9991}
train: {'epoch': 262, 'eta': 19.1032, 'loss': 1.2785, 'lr': 0.0027, 'params': 632328, 'time_iter': 0.1023, 'accuracy': 0.9991}
train: {'epoch': 263, 'eta': 18.954, 'loss': 1.2782, 'lr': 0.0026, 'params': 632328, 'time_iter': 0.1204, 'accuracy': 0.9991}
train: {'epoch': 264, 'eta': 18.8002, 'loss': 1.2779, 'lr': 0.0026, 'params': 632328, 'time_iter': 0.111, 'accuracy': 0.9991}
train: {'epoch': 265, 'eta': 18.6514, 'loss': 1.2775, 'lr': 0.0026, 'params': 632328, 'time_iter': 0.1204, 'accuracy': 0.9991}
train: {'epoch': 266, 'eta': 18.5257, 'loss': 1.2772, 'lr': 0.0025, 'params': 632328, 'time_iter': 0.1661, 'accuracy': 0.9991}
train: {'epoch': 267, 'eta': 18.3772, 'loss': 1.2769, 'lr': 0.0025, 'params': 632328, 'time_iter': 0.1207, 'accuracy': 0.9991}
train: {'epoch': 268, 'eta': 18.2281, 'loss': 1.2766, 'lr': 0.0025, 'params': 632328, 'time_iter': 0.1189, 'accuracy': 0.9995}
train: {'epoch': 269, 'eta': 18.0805, 'loss': 1.2764, 'lr': 0.0024, 'params': 632328, 'time_iter': 0.1215, 'accuracy': 0.9995}
train: {'epoch': 270, 'eta': 17.9308, 'loss': 1.2761, 'lr': 0.0024, 'params': 632328, 'time_iter': 0.117, 'accuracy': 0.9995}
train: {'epoch': 271, 'eta': 17.7729, 'loss': 1.2758, 'lr': 0.0024, 'params': 632328, 'time_iter': 0.0988, 'accuracy': 0.9995}
train: {'epoch': 272, 'eta': 17.619, 'loss': 1.2756, 'lr': 0.0023, 'params': 632328, 'time_iter': 0.1065, 'accuracy': 0.9995}
train: {'epoch': 273, 'eta': 17.5234, 'loss': 1.2753, 'lr': 0.0023, 'params': 632328, 'time_iter': 0.2326, 'accuracy': 0.9995}
train: {'epoch': 274, 'eta': 17.4619, 'loss': 1.2751, 'lr': 0.0023, 'params': 632328, 'time_iter': 0.3096, 'accuracy': 0.9995}
train: {'epoch': 275, 'eta': 17.358, 'loss': 1.2749, 'lr': 0.0022, 'params': 632328, 'time_iter': 0.2196, 'accuracy': 0.9995}
train: {'epoch': 276, 'eta': 17.2792, 'loss': 1.2747, 'lr': 0.0022, 'params': 632328, 'time_iter': 0.2776, 'accuracy': 0.9995}
train: {'epoch': 277, 'eta': 17.2364, 'loss': 1.2745, 'lr': 0.0022, 'params': 632328, 'time_iter': 0.3631, 'accuracy': 0.9995}
train: {'epoch': 278, 'eta': 17.1448, 'loss': 1.2743, 'lr': 0.0021, 'params': 632328, 'time_iter': 0.2559, 'accuracy': 0.9995}
train: {'epoch': 279, 'eta': 17.0514, 'loss': 1.2741, 'lr': 0.0021, 'params': 632328, 'time_iter': 0.2544, 'accuracy': 0.9995}
val: {'epoch': 279, 'loss': 1.6898, 'lr': 0, 'params': 632328, 'time_iter': 0.0884, 'accuracy': 0.8819}
train: {'epoch': 280, 'eta': 16.9138, 'loss': 1.2739, 'lr': 0.0021, 'params': 632328, 'time_iter': 0.1527, 'accuracy': 0.9995}
train: {'epoch': 281, 'eta': 16.7651, 'loss': 1.2738, 'lr': 0.002, 'params': 632328, 'time_iter': 0.1263, 'accuracy': 1.0}
train: {'epoch': 282, 'eta': 16.6172, 'loss': 1.2736, 'lr': 0.002, 'params': 632328, 'time_iter': 0.1282, 'accuracy': 1.0}
train: {'epoch': 283, 'eta': 16.4679, 'loss': 1.2735, 'lr': 0.002, 'params': 632328, 'time_iter': 0.1242, 'accuracy': 1.0}
train: {'epoch': 284, 'eta': 16.3168, 'loss': 1.2733, 'lr': 0.0019, 'params': 632328, 'time_iter': 0.1191, 'accuracy': 1.0}
train: {'epoch': 285, 'eta': 16.1706, 'loss': 1.2732, 'lr': 0.0019, 'params': 632328, 'time_iter': 0.1312, 'accuracy': 1.0}
train: {'epoch': 286, 'eta': 16.0275, 'loss': 1.2731, 'lr': 0.0019, 'params': 632328, 'time_iter': 0.1386, 'accuracy': 1.0}
train: {'epoch': 287, 'eta': 15.8708, 'loss': 1.2729, 'lr': 0.0018, 'params': 632328, 'time_iter': 0.1036, 'accuracy': 1.0}
train: {'epoch': 288, 'eta': 15.7151, 'loss': 1.2728, 'lr': 0.0018, 'params': 632328, 'time_iter': 0.1053, 'accuracy': 1.0}
train: {'epoch': 289, 'eta': 15.5575, 'loss': 1.2727, 'lr': 0.0018, 'params': 632328, 'time_iter': 0.0995, 'accuracy': 1.0}
train: {'epoch': 290, 'eta': 15.4032, 'loss': 1.2726, 'lr': 0.0018, 'params': 632328, 'time_iter': 0.1068, 'accuracy': 1.0}
train: {'epoch': 291, 'eta': 15.2464, 'loss': 1.2725, 'lr': 0.0017, 'params': 632328, 'time_iter': 0.0995, 'accuracy': 1.0}
train: {'epoch': 292, 'eta': 15.1267, 'loss': 1.2724, 'lr': 0.0017, 'params': 632328, 'time_iter': 0.2, 'accuracy': 1.0}
train: {'epoch': 293, 'eta': 14.9871, 'loss': 1.2723, 'lr': 0.0017, 'params': 632328, 'time_iter': 0.1463, 'accuracy': 1.0}
train: {'epoch': 294, 'eta': 14.8338, 'loss': 1.2722, 'lr': 0.0016, 'params': 632328, 'time_iter': 0.108, 'accuracy': 1.0}
train: {'epoch': 295, 'eta': 14.6829, 'loss': 1.2721, 'lr': 0.0016, 'params': 632328, 'time_iter': 0.1139, 'accuracy': 1.0}
train: {'epoch': 296, 'eta': 14.5271, 'loss': 1.2721, 'lr': 0.0016, 'params': 632328, 'time_iter': 0.0989, 'accuracy': 1.0}
train: {'epoch': 297, 'eta': 14.3788, 'loss': 1.272, 'lr': 0.0015, 'params': 632328, 'time_iter': 0.1199, 'accuracy': 1.0}
train: {'epoch': 298, 'eta': 14.2316, 'loss': 1.2719, 'lr': 0.0015, 'params': 632328, 'time_iter': 0.1225, 'accuracy': 1.0}
train: {'epoch': 299, 'eta': 14.0762, 'loss': 1.2718, 'lr': 0.0015, 'params': 632328, 'time_iter': 0.0973, 'accuracy': 1.0}
val: {'epoch': 299, 'loss': 1.6928, 'lr': 0, 'params': 632328, 'time_iter': 0.0568, 'accuracy': 0.8801}
train: {'epoch': 300, 'eta': 13.9196, 'loss': 1.2718, 'lr': 0.0015, 'params': 632328, 'time_iter': 0.0927, 'accuracy': 1.0}
train: {'epoch': 301, 'eta': 13.7733, 'loss': 1.2717, 'lr': 0.0014, 'params': 632328, 'time_iter': 0.1232, 'accuracy': 1.0}
train: {'epoch': 302, 'eta': 13.6214, 'loss': 1.2716, 'lr': 0.0014, 'params': 632328, 'time_iter': 0.1049, 'accuracy': 1.0}
train: {'epoch': 303, 'eta': 13.4727, 'loss': 1.2716, 'lr': 0.0014, 'params': 632328, 'time_iter': 0.1143, 'accuracy': 1.0}
train: {'epoch': 304, 'eta': 13.3201, 'loss': 1.2715, 'lr': 0.0014, 'params': 632328, 'time_iter': 0.1008, 'accuracy': 1.0}
train: {'epoch': 305, 'eta': 13.1688, 'loss': 1.2715, 'lr': 0.0013, 'params': 632328, 'time_iter': 0.1042, 'accuracy': 1.0}
train: {'epoch': 306, 'eta': 13.0211, 'loss': 1.2714, 'lr': 0.0013, 'params': 632328, 'time_iter': 0.115, 'accuracy': 1.0}
train: {'epoch': 307, 'eta': 12.8723, 'loss': 1.2713, 'lr': 0.0013, 'params': 632328, 'time_iter': 0.1107, 'accuracy': 1.0}
train: {'epoch': 308, 'eta': 12.7205, 'loss': 1.2713, 'lr': 0.0012, 'params': 632328, 'time_iter': 0.0995, 'accuracy': 1.0}
train: {'epoch': 309, 'eta': 12.5712, 'loss': 1.2712, 'lr': 0.0012, 'params': 632328, 'time_iter': 0.1069, 'accuracy': 1.0}
train: {'epoch': 310, 'eta': 12.4202, 'loss': 1.2712, 'lr': 0.0012, 'params': 632328, 'time_iter': 0.1001, 'accuracy': 1.0}
train: {'epoch': 311, 'eta': 12.2701, 'loss': 1.2712, 'lr': 0.0012, 'params': 632328, 'time_iter': 0.1024, 'accuracy': 1.0}
train: {'epoch': 312, 'eta': 12.1199, 'loss': 1.2711, 'lr': 0.0011, 'params': 632328, 'time_iter': 0.1007, 'accuracy': 1.0}
train: {'epoch': 313, 'eta': 11.9722, 'loss': 1.2711, 'lr': 0.0011, 'params': 632328, 'time_iter': 0.1087, 'accuracy': 1.0}
train: {'epoch': 314, 'eta': 11.8288, 'loss': 1.271, 'lr': 0.0011, 'params': 632328, 'time_iter': 0.1237, 'accuracy': 1.0}
train: {'epoch': 315, 'eta': 11.6983, 'loss': 1.271, 'lr': 0.0011, 'params': 632328, 'time_iter': 0.1716, 'accuracy': 1.0}
train: {'epoch': 316, 'eta': 11.584, 'loss': 1.2709, 'lr': 0.001, 'params': 632328, 'time_iter': 0.2348, 'accuracy': 1.0}
train: {'epoch': 317, 'eta': 11.4724, 'loss': 1.2709, 'lr': 0.001, 'params': 632328, 'time_iter': 0.248, 'accuracy': 1.0}
train: {'epoch': 318, 'eta': 11.3743, 'loss': 1.2709, 'lr': 0.001, 'params': 632328, 'time_iter': 0.3044, 'accuracy': 1.0}
train: {'epoch': 319, 'eta': 11.2313, 'loss': 1.2708, 'lr': 0.001, 'params': 632328, 'time_iter': 0.1303, 'accuracy': 1.0}
val: {'epoch': 319, 'loss': 1.697, 'lr': 0, 'params': 632328, 'time_iter': 0.0477, 'accuracy': 0.8727}
train: {'epoch': 320, 'eta': 11.085, 'loss': 1.2708, 'lr': 0.001, 'params': 632328, 'time_iter': 0.1163, 'accuracy': 1.0}
train: {'epoch': 321, 'eta': 10.9394, 'loss': 1.2708, 'lr': 0.0009, 'params': 632328, 'time_iter': 0.1185, 'accuracy': 1.0}
train: {'epoch': 322, 'eta': 10.7892, 'loss': 1.2707, 'lr': 0.0009, 'params': 632328, 'time_iter': 0.0984, 'accuracy': 1.0}
train: {'epoch': 323, 'eta': 10.6454, 'loss': 1.2707, 'lr': 0.0009, 'params': 632328, 'time_iter': 0.1245, 'accuracy': 1.0}
train: {'epoch': 324, 'eta': 10.4985, 'loss': 1.2707, 'lr': 0.0009, 'params': 632328, 'time_iter': 0.1105, 'accuracy': 1.0}
train: {'epoch': 325, 'eta': 10.3526, 'loss': 1.2706, 'lr': 0.0008, 'params': 632328, 'time_iter': 0.1138, 'accuracy': 1.0}
train: {'epoch': 326, 'eta': 10.2049, 'loss': 1.2706, 'lr': 0.0008, 'params': 632328, 'time_iter': 0.1052, 'accuracy': 1.0}
train: {'epoch': 327, 'eta': 10.0559, 'loss': 1.2706, 'lr': 0.0008, 'params': 632328, 'time_iter': 0.098, 'accuracy': 1.0}
train: {'epoch': 328, 'eta': 9.9093, 'loss': 1.2706, 'lr': 0.0008, 'params': 632328, 'time_iter': 0.1073, 'accuracy': 1.0}
train: {'epoch': 329, 'eta': 9.7645, 'loss': 1.2705, 'lr': 0.0008, 'params': 632328, 'time_iter': 0.115, 'accuracy': 1.0}
train: {'epoch': 330, 'eta': 9.616, 'loss': 1.2705, 'lr': 0.0007, 'params': 632328, 'time_iter': 0.096, 'accuracy': 1.0}
train: {'epoch': 331, 'eta': 9.4727, 'loss': 1.2705, 'lr': 0.0007, 'params': 632328, 'time_iter': 0.1206, 'accuracy': 1.0}
train: {'epoch': 332, 'eta': 9.3257, 'loss': 1.2705, 'lr': 0.0007, 'params': 632328, 'time_iter': 0.1006, 'accuracy': 1.0}
train: {'epoch': 333, 'eta': 9.1898, 'loss': 1.2704, 'lr': 0.0007, 'params': 632328, 'time_iter': 0.1562, 'accuracy': 1.0}
train: {'epoch': 334, 'eta': 9.044, 'loss': 1.2704, 'lr': 0.0007, 'params': 632328, 'time_iter': 0.1055, 'accuracy': 1.0}
train: {'epoch': 335, 'eta': 8.8974, 'loss': 1.2704, 'lr': 0.0006, 'params': 632328, 'time_iter': 0.0999, 'accuracy': 1.0}
train: {'epoch': 336, 'eta': 8.7522, 'loss': 1.2704, 'lr': 0.0006, 'params': 632328, 'time_iter': 0.1059, 'accuracy': 1.0}
train: {'epoch': 337, 'eta': 8.6049, 'loss': 1.2704, 'lr': 0.0006, 'params': 632328, 'time_iter': 0.0933, 'accuracy': 1.0}
train: {'epoch': 338, 'eta': 8.4593, 'loss': 1.2703, 'lr': 0.0006, 'params': 632328, 'time_iter': 0.1008, 'accuracy': 1.0}
train: {'epoch': 339, 'eta': 8.3209, 'loss': 1.2703, 'lr': 0.0006, 'params': 632328, 'time_iter': 0.1401, 'accuracy': 1.0}
val: {'epoch': 339, 'loss': 1.7013, 'lr': 0, 'params': 632328, 'time_iter': 0.0505, 'accuracy': 0.8782}
train: {'epoch': 340, 'eta': 8.1753, 'loss': 1.2703, 'lr': 0.0005, 'params': 632328, 'time_iter': 0.0987, 'accuracy': 1.0}
train: {'epoch': 341, 'eta': 8.0312, 'loss': 1.2703, 'lr': 0.0005, 'params': 632328, 'time_iter': 0.1062, 'accuracy': 1.0}
train: {'epoch': 342, 'eta': 7.8864, 'loss': 1.2703, 'lr': 0.0005, 'params': 632328, 'time_iter': 0.1002, 'accuracy': 1.0}
train: {'epoch': 343, 'eta': 7.7428, 'loss': 1.2703, 'lr': 0.0005, 'params': 632328, 'time_iter': 0.106, 'accuracy': 1.0}
train: {'epoch': 344, 'eta': 7.5983, 'loss': 1.2702, 'lr': 0.0005, 'params': 632328, 'time_iter': 0.0994, 'accuracy': 1.0}
train: {'epoch': 345, 'eta': 7.4544, 'loss': 1.2702, 'lr': 0.0005, 'params': 632328, 'time_iter': 0.1016, 'accuracy': 1.0}
train: {'epoch': 346, 'eta': 7.3115, 'loss': 1.2702, 'lr': 0.0004, 'params': 632328, 'time_iter': 0.1058, 'accuracy': 1.0}
train: {'epoch': 347, 'eta': 7.1677, 'loss': 1.2702, 'lr': 0.0004, 'params': 632328, 'time_iter': 0.0989, 'accuracy': 1.0}
train: {'epoch': 348, 'eta': 7.0248, 'loss': 1.2702, 'lr': 0.0004, 'params': 632328, 'time_iter': 0.1033, 'accuracy': 1.0}
train: {'epoch': 349, 'eta': 6.8816, 'loss': 1.2702, 'lr': 0.0004, 'params': 632328, 'time_iter': 0.0999, 'accuracy': 1.0}
train: {'epoch': 350, 'eta': 6.7391, 'loss': 1.2702, 'lr': 0.0004, 'params': 632328, 'time_iter': 0.1024, 'accuracy': 1.0}
train: {'epoch': 351, 'eta': 6.6043, 'loss': 1.2701, 'lr': 0.0004, 'params': 632328, 'time_iter': 0.1578, 'accuracy': 1.0}
train: {'epoch': 352, 'eta': 6.4709, 'loss': 1.2701, 'lr': 0.0004, 'params': 632328, 'time_iter': 0.1686, 'accuracy': 1.0}
train: {'epoch': 353, 'eta': 6.3325, 'loss': 1.2701, 'lr': 0.0003, 'params': 632328, 'time_iter': 0.1325, 'accuracy': 1.0}
train: {'epoch': 354, 'eta': 6.1941, 'loss': 1.2701, 'lr': 0.0003, 'params': 632328, 'time_iter': 0.132, 'accuracy': 1.0}
train: {'epoch': 355, 'eta': 6.056, 'loss': 1.2701, 'lr': 0.0003, 'params': 632328, 'time_iter': 0.1335, 'accuracy': 1.0}
train: {'epoch': 356, 'eta': 5.9172, 'loss': 1.2701, 'lr': 0.0003, 'params': 632328, 'time_iter': 0.1279, 'accuracy': 1.0}
train: {'epoch': 357, 'eta': 5.7791, 'loss': 1.2701, 'lr': 0.0003, 'params': 632328, 'time_iter': 0.1334, 'accuracy': 1.0}
train: {'epoch': 358, 'eta': 5.6416, 'loss': 1.2701, 'lr': 0.0003, 'params': 632328, 'time_iter': 0.139, 'accuracy': 1.0}
train: {'epoch': 359, 'eta': 5.5016, 'loss': 1.2701, 'lr': 0.0003, 'params': 632328, 'time_iter': 0.1155, 'accuracy': 1.0}
val: {'epoch': 359, 'loss': 1.7041, 'lr': 0, 'params': 632328, 'time_iter': 0.0553, 'accuracy': 0.8782}
train: {'epoch': 360, 'eta': 5.3615, 'loss': 1.2701, 'lr': 0.0002, 'params': 632328, 'time_iter': 0.1146, 'accuracy': 1.0}
train: {'epoch': 361, 'eta': 5.2226, 'loss': 1.2701, 'lr': 0.0002, 'params': 632328, 'time_iter': 0.1234, 'accuracy': 1.0}
train: {'epoch': 362, 'eta': 5.0837, 'loss': 1.2701, 'lr': 0.0002, 'params': 632328, 'time_iter': 0.123, 'accuracy': 1.0}
train: {'epoch': 363, 'eta': 4.9441, 'loss': 1.27, 'lr': 0.0002, 'params': 632328, 'time_iter': 0.1157, 'accuracy': 1.0}
train: {'epoch': 364, 'eta': 4.8037, 'loss': 1.27, 'lr': 0.0002, 'params': 632328, 'time_iter': 0.1052, 'accuracy': 1.0}
train: {'epoch': 365, 'eta': 4.6653, 'loss': 1.27, 'lr': 0.0002, 'params': 632328, 'time_iter': 0.1248, 'accuracy': 1.0}
train: {'epoch': 366, 'eta': 4.5243, 'loss': 1.27, 'lr': 0.0002, 'params': 632328, 'time_iter': 0.0955, 'accuracy': 1.0}
train: {'epoch': 367, 'eta': 4.3849, 'loss': 1.27, 'lr': 0.0002, 'params': 632328, 'time_iter': 0.1098, 'accuracy': 1.0}
train: {'epoch': 368, 'eta': 4.2448, 'loss': 1.27, 'lr': 0.0002, 'params': 632328, 'time_iter': 0.1008, 'accuracy': 1.0}
train: {'epoch': 369, 'eta': 4.1053, 'loss': 1.27, 'lr': 0.0001, 'params': 632328, 'time_iter': 0.1053, 'accuracy': 1.0}
train: {'epoch': 370, 'eta': 3.9651, 'loss': 1.27, 'lr': 0.0001, 'params': 632328, 'time_iter': 0.0933, 'accuracy': 1.0}
train: {'epoch': 371, 'eta': 3.8252, 'loss': 1.27, 'lr': 0.0001, 'params': 632328, 'time_iter': 0.0952, 'accuracy': 1.0}
train: {'epoch': 372, 'eta': 3.6863, 'loss': 1.27, 'lr': 0.0001, 'params': 632328, 'time_iter': 0.1043, 'accuracy': 1.0}
train: {'epoch': 373, 'eta': 3.5476, 'loss': 1.27, 'lr': 0.0001, 'params': 632328, 'time_iter': 0.1057, 'accuracy': 1.0}
train: {'epoch': 374, 'eta': 3.409, 'loss': 1.27, 'lr': 0.0001, 'params': 632328, 'time_iter': 0.1041, 'accuracy': 1.0}
train: {'epoch': 375, 'eta': 3.2703, 'loss': 1.27, 'lr': 0.0001, 'params': 632328, 'time_iter': 0.1005, 'accuracy': 1.0}
train: {'epoch': 376, 'eta': 3.1321, 'loss': 1.27, 'lr': 0.0001, 'params': 632328, 'time_iter': 0.1043, 'accuracy': 1.0}
train: {'epoch': 377, 'eta': 2.9938, 'loss': 1.27, 'lr': 0.0001, 'params': 632328, 'time_iter': 0.0988, 'accuracy': 1.0}
train: {'epoch': 378, 'eta': 2.856, 'loss': 1.27, 'lr': 0.0001, 'params': 632328, 'time_iter': 0.1063, 'accuracy': 1.0}
train: {'epoch': 379, 'eta': 2.7224, 'loss': 1.27, 'lr': 0.0001, 'params': 632328, 'time_iter': 0.1807, 'accuracy': 1.0}
val: {'epoch': 379, 'loss': 1.7056, 'lr': 0, 'params': 632328, 'time_iter': 0.0394, 'accuracy': 0.8782}
train: {'epoch': 380, 'eta': 2.5854, 'loss': 1.27, 'lr': 0.0001, 'params': 632328, 'time_iter': 0.1183, 'accuracy': 1.0}
train: {'epoch': 381, 'eta': 2.4477, 'loss': 1.27, 'lr': 0.0001, 'params': 632328, 'time_iter': 0.1025, 'accuracy': 1.0}
train: {'epoch': 382, 'eta': 2.31, 'loss': 1.27, 'lr': 0.0, 'params': 632328, 'time_iter': 0.0976, 'accuracy': 1.0}
train: {'epoch': 383, 'eta': 2.1727, 'loss': 1.27, 'lr': 0.0, 'params': 632328, 'time_iter': 0.102, 'accuracy': 1.0}
train: {'epoch': 384, 'eta': 2.0356, 'loss': 1.27, 'lr': 0.0, 'params': 632328, 'time_iter': 0.1005, 'accuracy': 1.0}
train: {'epoch': 385, 'eta': 1.8987, 'loss': 1.27, 'lr': 0.0, 'params': 632328, 'time_iter': 0.1042, 'accuracy': 1.0}
train: {'epoch': 386, 'eta': 1.7618, 'loss': 1.27, 'lr': 0.0, 'params': 632328, 'time_iter': 0.0965, 'accuracy': 1.0}
train: {'epoch': 387, 'eta': 1.6255, 'loss': 1.27, 'lr': 0.0, 'params': 632328, 'time_iter': 0.1099, 'accuracy': 1.0}
train: {'epoch': 388, 'eta': 1.4888, 'loss': 1.27, 'lr': 0.0, 'params': 632328, 'time_iter': 0.0938, 'accuracy': 1.0}
train: {'epoch': 389, 'eta': 1.353, 'loss': 1.27, 'lr': 0.0, 'params': 632328, 'time_iter': 0.1169, 'accuracy': 1.0}
train: {'epoch': 390, 'eta': 1.217, 'loss': 1.27, 'lr': 0.0, 'params': 632328, 'time_iter': 0.1059, 'accuracy': 1.0}
train: {'epoch': 391, 'eta': 1.081, 'loss': 1.27, 'lr': 0.0, 'params': 632328, 'time_iter': 0.0945, 'accuracy': 1.0}
train: {'epoch': 392, 'eta': 0.9452, 'loss': 1.27, 'lr': 0.0, 'params': 632328, 'time_iter': 0.0997, 'accuracy': 1.0}
train: {'epoch': 393, 'eta': 0.8096, 'loss': 1.27, 'lr': 0.0, 'params': 632328, 'time_iter': 0.0979, 'accuracy': 1.0}
train: {'epoch': 394, 'eta': 0.6744, 'loss': 1.27, 'lr': 0.0, 'params': 632328, 'time_iter': 0.1106, 'accuracy': 1.0}
train: {'epoch': 395, 'eta': 0.5394, 'loss': 1.27, 'lr': 0.0, 'params': 632328, 'time_iter': 0.1233, 'accuracy': 1.0}
train: {'epoch': 396, 'eta': 0.4051, 'loss': 1.27, 'lr': 0.0, 'params': 632328, 'time_iter': 0.2048, 'accuracy': 1.0}
train: {'epoch': 397, 'eta': 0.2703, 'loss': 1.27, 'lr': 0.0, 'params': 632328, 'time_iter': 0.1883, 'accuracy': 1.0}
train: {'epoch': 398, 'eta': 0.1354, 'loss': 1.27, 'lr': 0.0, 'params': 632328, 'time_iter': 0.2304, 'accuracy': 1.0}
train: {'epoch': 399, 'eta': 0.0, 'loss': 1.27, 'lr': 0.0, 'params': 632328, 'time_iter': 0.1985, 'accuracy': 1.0}
val: {'epoch': 399, 'loss': 1.7063, 'lr': 0, 'params': 632328, 'time_iter': 0.055, 'accuracy': 0.8782}
Task done, results saved in results/example_noneq_5
Results aggregated across runs saved in results/example_noneq_5/agg
