Load: 0.03555s, Before split: 0.0001829s, Split: 0.0001061s, After split: 0.0001409s
GNN(
  (preprocess): Preprocess(
    node_feature: dim_out=1433
    Total: dim_out=1433
  )
  (pre_mp): GeneralMultiLayer(
    (Layer_0): GeneralLayer(
      (layer): Linear(
        (model): Linear(in_features=1433, out_features=256, bias=False)
      )
      (post_layer): Sequential(
        (0): BatchNorm1d(256, eps=1e-05, momentum=0.1, affine=True, track_running_stats=True)
        (1): PReLU(num_parameters=1)
      )
    )
  )
  (mp): GNNStackStage(
    (layer0): GeneralLayer(
      (layer): GeneralConv(
        (model): GeneralConvLayer(256, 256)
      )
      (post_layer): Sequential(
        (0): BatchNorm1d(256, eps=1e-05, momentum=0.1, affine=True, track_running_stats=True)
        (1): PReLU(num_parameters=1)
      )
    )
    (layer1): GeneralLayer(
      (layer): GeneralConv(
        (model): GeneralConvLayer(256, 256)
      )
      (post_layer): Sequential(
        (0): BatchNorm1d(256, eps=1e-05, momentum=0.1, affine=True, track_running_stats=True)
        (1): PReLU(num_parameters=1)
      )
    )
  )
  (post_mp): GNNNodeHead(
    (layer_post_mp): MLP(
      (model): Sequential(
        (0): Linear(
          (model): Linear(in_features=256, out_features=7, bias=True)
        )
      )
    )
  )
)
bn:
  eps: 1e-05
  mom: 0.1
cfg_dest: config.yaml
custom_metrics: []
dataset:
  augment_feature: []
  augment_feature_dims: []
  augment_feature_repr: position
  augment_label: 
  augment_label_dims: 0
  cache_load: False
  cache_save: False
  dir: ./datasets
  edge_dim: 128
  edge_encoder: False
  edge_encoder_bn: True
  edge_encoder_name: Bond
  edge_message_ratio: 0.8
  edge_negative_sampling_ratio: 1.0
  edge_train_mode: all
  encoder: True
  encoder_bn: True
  encoder_dim: 128
  encoder_name: db
  format: PyG
  label_column: none
  label_table: none
  location: local
  name: Cora
  node_encoder: False
  node_encoder_bn: True
  node_encoder_name: Atom
  remove_feature: False
  resample_disjoint: False
  resample_negative: False
  shuffle_split: True
  split: [0.8, 0.2]
  split_mode: random
  task: node
  task_type: classification
  to_undirected: False
  transductive: True
  transform: none
  tu_simple: True
device: cpu
example_arg: example
example_group:
  example_arg: example
gnn:
  act: prelu
  agg: add
  att_final_linear: False
  att_final_linear_bn: False
  att_heads: 1
  batchnorm: True
  clear_feature: True
  dim_inner: 256
  dropout: 0.0
  flow: source_to_target
  head: node
  keep_edge: 0.5
  l2norm: True
  layer_type: generalconv
  layers_mp: 2
  layers_post_mp: 1
  layers_pre_mp: 1
  msg_direction: single
  normalize_adj: False
  self_msg: concat
  skip_every: 1
  stage_type: stack
gpu_mem: False
mem:
  inplace: False
metric_agg: argmax
metric_best: auto
model:
  edge_decoding: dot
  graph_pooling: add
  loss_fun: cross_entropy
  match_upper: True
  size_average: mean
  thresh: 0.5
  type: gnn
num_threads: 6
num_workers: 0
optim:
  base_lr: 0.01
  lr_decay: 0.1
  max_epoch: 400
  momentum: 0.9
  optimizer: adam
  scheduler: cos
  steps: [30, 60, 90]
  weight_decay: 0.0005
out_dir: results/example_noneq_2
params: 632328
print: both
round: 4
run_dir: results/example_noneq_2/2
seed: 3
share:
  dim_in: 1433
  dim_out: 7
  num_splits: 2
tensorboard_agg: True
tensorboard_each_run: False
train:
  auto_resume: False
  batch_size: 32
  ckpt_clean: True
  ckpt_period: 100
  enable_ckpt: True
  energy_alpha: 1.0
  energy_beta: 0.5
  energy_reg: True
  epoch_resume: -1
  eval_period: 20
  iter_per_epoch: 32
  mode: standard
  neighbor_sizes: [20, 15, 10, 5]
  node_per_graph: 32
  radius: extend
  sample_node: False
  sampler: full_batch
  skip_train_eval: False
  walk_length: 4
val:
  node_per_graph: 32
  radius: extend
  sample_node: False
  sampler: full_batch
view_emb: False
Num parameters: 632328
Start from epoch 0
train: {'epoch': 0, 'eta': 18.182, 'loss': 2.1327, 'lr': 0.01, 'params': 632328, 'time_iter': 0.0456, 'accuracy': 0.2004}
val: {'epoch': 0, 'loss': 2.6897, 'lr': 0, 'params': 632328, 'time_iter': 0.0166, 'accuracy': 0.1531}
train: {'epoch': 1, 'eta': 17.4507, 'loss': 2.5727, 'lr': 0.01, 'params': 632328, 'time_iter': 0.0421, 'accuracy': 0.2821}
train: {'epoch': 2, 'eta': 16.6942, 'loss': 2.0778, 'lr': 0.01, 'params': 632328, 'time_iter': 0.0385, 'accuracy': 0.3657}
train: {'epoch': 3, 'eta': 16.5753, 'loss': 1.9378, 'lr': 0.01, 'params': 632328, 'time_iter': 0.0413, 'accuracy': 0.5171}
train: {'epoch': 4, 'eta': 16.2427, 'loss': 1.911, 'lr': 0.01, 'params': 632328, 'time_iter': 0.0382, 'accuracy': 0.5997}
train: {'epoch': 5, 'eta': 16.095, 'loss': 1.9168, 'lr': 0.01, 'params': 632328, 'time_iter': 0.0395, 'accuracy': 0.5295}
train: {'epoch': 6, 'eta': 16.0612, 'loss': 1.9143, 'lr': 0.01, 'params': 632328, 'time_iter': 0.041, 'accuracy': 0.4792}
train: {'epoch': 7, 'eta': 15.9812, 'loss': 1.9065, 'lr': 0.01, 'params': 632328, 'time_iter': 0.0401, 'accuracy': 0.4968}
train: {'epoch': 8, 'eta': 16.0671, 'loss': 1.8926, 'lr': 0.01, 'params': 632328, 'time_iter': 0.0437, 'accuracy': 0.5328}
train: {'epoch': 9, 'eta': 15.9444, 'loss': 1.8807, 'lr': 0.01, 'params': 632328, 'time_iter': 0.039, 'accuracy': 0.6233}
train: {'epoch': 10, 'eta': 15.9284, 'loss': 1.8724, 'lr': 0.01, 'params': 632328, 'time_iter': 0.0416, 'accuracy': 0.7378}
train: {'epoch': 11, 'eta': 15.8315, 'loss': 1.8651, 'lr': 0.01, 'params': 632328, 'time_iter': 0.0392, 'accuracy': 0.7235}
train: {'epoch': 12, 'eta': 15.776, 'loss': 1.8619, 'lr': 0.01, 'params': 632328, 'time_iter': 0.0403, 'accuracy': 0.7064}
train: {'epoch': 13, 'eta': 15.6666, 'loss': 1.8599, 'lr': 0.01, 'params': 632328, 'time_iter': 0.0383, 'accuracy': 0.7059}
train: {'epoch': 14, 'eta': 15.5871, 'loss': 1.8555, 'lr': 0.01, 'params': 632328, 'time_iter': 0.0391, 'accuracy': 0.7211}
train: {'epoch': 15, 'eta': 15.475, 'loss': 1.851, 'lr': 0.01, 'params': 632328, 'time_iter': 0.0375, 'accuracy': 0.7488}
train: {'epoch': 16, 'eta': 15.3881, 'loss': 1.8462, 'lr': 0.01, 'params': 632328, 'time_iter': 0.0382, 'accuracy': 0.7599}
train: {'epoch': 17, 'eta': 15.3474, 'loss': 1.8414, 'lr': 0.01, 'params': 632328, 'time_iter': 0.0402, 'accuracy': 0.7867}
train: {'epoch': 18, 'eta': 15.2937, 'loss': 1.8358, 'lr': 0.01, 'params': 632328, 'time_iter': 0.0395, 'accuracy': 0.8112}
train: {'epoch': 19, 'eta': 15.206, 'loss': 1.8324, 'lr': 0.0099, 'params': 632328, 'time_iter': 0.0376, 'accuracy': 0.8167}
val: {'epoch': 19, 'loss': 1.8703, 'lr': 0, 'params': 632328, 'time_iter': 0.0144, 'accuracy': 0.7251}
train: {'epoch': 20, 'eta': 15.1464, 'loss': 1.8289, 'lr': 0.0099, 'params': 632328, 'time_iter': 0.0389, 'accuracy': 0.8509}
train: {'epoch': 21, 'eta': 15.1681, 'loss': 1.8263, 'lr': 0.0099, 'params': 632328, 'time_iter': 0.0436, 'accuracy': 0.8652}
train: {'epoch': 22, 'eta': 15.1027, 'loss': 1.8239, 'lr': 0.0099, 'params': 632328, 'time_iter': 0.0386, 'accuracy': 0.8578}
train: {'epoch': 23, 'eta': 15.0301, 'loss': 1.8211, 'lr': 0.0099, 'params': 632328, 'time_iter': 0.038, 'accuracy': 0.8698}
train: {'epoch': 24, 'eta': 14.9442, 'loss': 1.8188, 'lr': 0.0099, 'params': 632328, 'time_iter': 0.0369, 'accuracy': 0.8596}
train: {'epoch': 25, 'eta': 14.8764, 'loss': 1.816, 'lr': 0.0099, 'params': 632328, 'time_iter': 0.0379, 'accuracy': 0.8804}
train: {'epoch': 26, 'eta': 14.8087, 'loss': 1.8138, 'lr': 0.0099, 'params': 632328, 'time_iter': 0.0378, 'accuracy': 0.8707}
train: {'epoch': 27, 'eta': 14.7548, 'loss': 1.8121, 'lr': 0.0099, 'params': 632328, 'time_iter': 0.0386, 'accuracy': 0.8966}
train: {'epoch': 28, 'eta': 14.8634, 'loss': 1.8104, 'lr': 0.0099, 'params': 632328, 'time_iter': 0.0513, 'accuracy': 0.8777}
train: {'epoch': 29, 'eta': 14.8727, 'loss': 1.8081, 'lr': 0.0099, 'params': 632328, 'time_iter': 0.0441, 'accuracy': 0.9026}
train: {'epoch': 30, 'eta': 14.8172, 'loss': 1.8058, 'lr': 0.0099, 'params': 632328, 'time_iter': 0.0389, 'accuracy': 0.8929}
train: {'epoch': 31, 'eta': 14.7663, 'loss': 1.8032, 'lr': 0.0099, 'params': 632328, 'time_iter': 0.0392, 'accuracy': 0.904}
train: {'epoch': 32, 'eta': 14.6999, 'loss': 1.8019, 'lr': 0.0098, 'params': 632328, 'time_iter': 0.0378, 'accuracy': 0.9174}
train: {'epoch': 33, 'eta': 14.7146, 'loss': 1.799, 'lr': 0.0098, 'params': 632328, 'time_iter': 0.0451, 'accuracy': 0.9127}
train: {'epoch': 34, 'eta': 14.6901, 'loss': 1.7975, 'lr': 0.0098, 'params': 632328, 'time_iter': 0.0417, 'accuracy': 0.9201}
train: {'epoch': 35, 'eta': 14.6292, 'loss': 1.798, 'lr': 0.0098, 'params': 632328, 'time_iter': 0.0382, 'accuracy': 0.9247}
train: {'epoch': 36, 'eta': 14.5937, 'loss': 1.7924, 'lr': 0.0098, 'params': 632328, 'time_iter': 0.0407, 'accuracy': 0.9367}
train: {'epoch': 37, 'eta': 14.5519, 'loss': 1.7937, 'lr': 0.0098, 'params': 632328, 'time_iter': 0.04, 'accuracy': 0.9386}
train: {'epoch': 38, 'eta': 14.488, 'loss': 1.7977, 'lr': 0.0098, 'params': 632328, 'time_iter': 0.0376, 'accuracy': 0.9192}
train: {'epoch': 39, 'eta': 14.4347, 'loss': 1.7934, 'lr': 0.0098, 'params': 632328, 'time_iter': 0.0387, 'accuracy': 0.9344}
val: {'epoch': 39, 'loss': 1.8633, 'lr': 0, 'params': 632328, 'time_iter': 0.0169, 'accuracy': 0.8229}
train: {'epoch': 40, 'eta': 14.3785, 'loss': 1.7897, 'lr': 0.0098, 'params': 632328, 'time_iter': 0.0383, 'accuracy': 0.9363}
train: {'epoch': 41, 'eta': 14.3972, 'loss': 1.7892, 'lr': 0.0097, 'params': 632328, 'time_iter': 0.0469, 'accuracy': 0.9377}
train: {'epoch': 42, 'eta': 14.4604, 'loss': 1.7873, 'lr': 0.0097, 'params': 632328, 'time_iter': 0.0527, 'accuracy': 0.9414}
train: {'epoch': 43, 'eta': 14.4155, 'loss': 1.7855, 'lr': 0.0097, 'params': 632328, 'time_iter': 0.04, 'accuracy': 0.9469}
train: {'epoch': 44, 'eta': 14.3617, 'loss': 1.783, 'lr': 0.0097, 'params': 632328, 'time_iter': 0.0388, 'accuracy': 0.9483}
train: {'epoch': 45, 'eta': 14.3156, 'loss': 1.7806, 'lr': 0.0097, 'params': 632328, 'time_iter': 0.0397, 'accuracy': 0.9584}
train: {'epoch': 46, 'eta': 14.2753, 'loss': 1.7833, 'lr': 0.0097, 'params': 632328, 'time_iter': 0.0405, 'accuracy': 0.9515}
train: {'epoch': 47, 'eta': 14.224, 'loss': 1.7856, 'lr': 0.0097, 'params': 632328, 'time_iter': 0.039, 'accuracy': 0.958}
train: {'epoch': 48, 'eta': 14.1691, 'loss': 1.7847, 'lr': 0.0096, 'params': 632328, 'time_iter': 0.0384, 'accuracy': 0.9437}
train: {'epoch': 49, 'eta': 14.1245, 'loss': 1.7847, 'lr': 0.0096, 'params': 632328, 'time_iter': 0.0398, 'accuracy': 0.9501}
train: {'epoch': 50, 'eta': 14.1154, 'loss': 1.7847, 'lr': 0.0096, 'params': 632328, 'time_iter': 0.0449, 'accuracy': 0.9538}
train: {'epoch': 51, 'eta': 14.0531, 'loss': 1.782, 'lr': 0.0096, 'params': 632328, 'time_iter': 0.0372, 'accuracy': 0.9608}
train: {'epoch': 52, 'eta': 14.0612, 'loss': 1.7812, 'lr': 0.0096, 'params': 632328, 'time_iter': 0.0478, 'accuracy': 0.9566}
train: {'epoch': 53, 'eta': 14.0065, 'loss': 1.7802, 'lr': 0.0096, 'params': 632328, 'time_iter': 0.0383, 'accuracy': 0.9571}
train: {'epoch': 54, 'eta': 13.9534, 'loss': 1.7761, 'lr': 0.0096, 'params': 632328, 'time_iter': 0.0385, 'accuracy': 0.9571}
train: {'epoch': 55, 'eta': 13.9017, 'loss': 1.7767, 'lr': 0.0095, 'params': 632328, 'time_iter': 0.0386, 'accuracy': 0.9658}
train: {'epoch': 56, 'eta': 13.8473, 'loss': 1.7788, 'lr': 0.0095, 'params': 632328, 'time_iter': 0.0381, 'accuracy': 0.9603}
train: {'epoch': 57, 'eta': 13.7925, 'loss': 1.7779, 'lr': 0.0095, 'params': 632328, 'time_iter': 0.0379, 'accuracy': 0.9635}
train: {'epoch': 58, 'eta': 13.7336, 'loss': 1.778, 'lr': 0.0095, 'params': 632328, 'time_iter': 0.0371, 'accuracy': 0.9668}
train: {'epoch': 59, 'eta': 13.6834, 'loss': 1.7763, 'lr': 0.0095, 'params': 632328, 'time_iter': 0.0385, 'accuracy': 0.9677}
val: {'epoch': 59, 'loss': 1.8909, 'lr': 0, 'params': 632328, 'time_iter': 0.0152, 'accuracy': 0.7768}
train: {'epoch': 60, 'eta': 13.6377, 'loss': 1.7782, 'lr': 0.0095, 'params': 632328, 'time_iter': 0.0393, 'accuracy': 0.9658}
train: {'epoch': 61, 'eta': 13.6022, 'loss': 1.7765, 'lr': 0.0094, 'params': 632328, 'time_iter': 0.0411, 'accuracy': 0.9677}
train: {'epoch': 62, 'eta': 13.5599, 'loss': 1.7728, 'lr': 0.0094, 'params': 632328, 'time_iter': 0.0399, 'accuracy': 0.9705}
train: {'epoch': 63, 'eta': 13.5246, 'loss': 1.7707, 'lr': 0.0094, 'params': 632328, 'time_iter': 0.0412, 'accuracy': 0.9741}
train: {'epoch': 64, 'eta': 13.4778, 'loss': 1.7705, 'lr': 0.0094, 'params': 632328, 'time_iter': 0.039, 'accuracy': 0.9723}
train: {'epoch': 65, 'eta': 13.415, 'loss': 1.7685, 'lr': 0.0094, 'params': 632328, 'time_iter': 0.0358, 'accuracy': 0.9778}
train: {'epoch': 66, 'eta': 13.3668, 'loss': 1.767, 'lr': 0.0093, 'params': 632328, 'time_iter': 0.0386, 'accuracy': 0.9746}
train: {'epoch': 67, 'eta': 13.3235, 'loss': 1.7661, 'lr': 0.0093, 'params': 632328, 'time_iter': 0.0395, 'accuracy': 0.9792}
train: {'epoch': 68, 'eta': 13.2845, 'loss': 1.7664, 'lr': 0.0093, 'params': 632328, 'time_iter': 0.0404, 'accuracy': 0.9783}
train: {'epoch': 69, 'eta': 13.2498, 'loss': 1.7653, 'lr': 0.0093, 'params': 632328, 'time_iter': 0.0413, 'accuracy': 0.9765}
train: {'epoch': 70, 'eta': 13.213, 'loss': 1.7643, 'lr': 0.0093, 'params': 632328, 'time_iter': 0.0409, 'accuracy': 0.9806}
train: {'epoch': 71, 'eta': 13.1717, 'loss': 1.7625, 'lr': 0.0092, 'params': 632328, 'time_iter': 0.0399, 'accuracy': 0.9843}
train: {'epoch': 72, 'eta': 13.1319, 'loss': 1.7625, 'lr': 0.0092, 'params': 632328, 'time_iter': 0.0402, 'accuracy': 0.9857}
train: {'epoch': 73, 'eta': 13.0808, 'loss': 1.761, 'lr': 0.0092, 'params': 632328, 'time_iter': 0.0377, 'accuracy': 0.9871}
train: {'epoch': 74, 'eta': 13.0534, 'loss': 1.7604, 'lr': 0.0092, 'params': 632328, 'time_iter': 0.0431, 'accuracy': 0.9838}
train: {'epoch': 75, 'eta': 13.0183, 'loss': 1.7595, 'lr': 0.0092, 'params': 632328, 'time_iter': 0.0413, 'accuracy': 0.9866}
train: {'epoch': 76, 'eta': 12.977, 'loss': 1.758, 'lr': 0.0091, 'params': 632328, 'time_iter': 0.0399, 'accuracy': 0.9861}
train: {'epoch': 77, 'eta': 12.9339, 'loss': 1.7581, 'lr': 0.0091, 'params': 632328, 'time_iter': 0.0395, 'accuracy': 0.9866}
train: {'epoch': 78, 'eta': 12.886, 'loss': 1.7588, 'lr': 0.0091, 'params': 632328, 'time_iter': 0.0382, 'accuracy': 0.9861}
train: {'epoch': 79, 'eta': 12.8539, 'loss': 1.7602, 'lr': 0.0091, 'params': 632328, 'time_iter': 0.0422, 'accuracy': 0.9871}
val: {'epoch': 79, 'loss': 1.91, 'lr': 0, 'params': 632328, 'time_iter': 0.0152, 'accuracy': 0.7694}
train: {'epoch': 80, 'eta': 12.8021, 'loss': 1.7635, 'lr': 0.009, 'params': 632328, 'time_iter': 0.0372, 'accuracy': 0.9811}
train: {'epoch': 81, 'eta': 12.7586, 'loss': 1.7663, 'lr': 0.009, 'params': 632328, 'time_iter': 0.0393, 'accuracy': 0.9815}
train: {'epoch': 82, 'eta': 12.7139, 'loss': 1.7738, 'lr': 0.009, 'params': 632328, 'time_iter': 0.0389, 'accuracy': 0.9695}
train: {'epoch': 83, 'eta': 12.6808, 'loss': 1.7746, 'lr': 0.009, 'params': 632328, 'time_iter': 0.042, 'accuracy': 0.976}
train: {'epoch': 84, 'eta': 12.6353, 'loss': 1.7724, 'lr': 0.009, 'params': 632328, 'time_iter': 0.0387, 'accuracy': 0.9788}
train: {'epoch': 85, 'eta': 12.5866, 'loss': 1.7736, 'lr': 0.0089, 'params': 632328, 'time_iter': 0.0378, 'accuracy': 0.9705}
train: {'epoch': 86, 'eta': 12.5384, 'loss': 1.7704, 'lr': 0.0089, 'params': 632328, 'time_iter': 0.0378, 'accuracy': 0.9765}
train: {'epoch': 87, 'eta': 12.4947, 'loss': 1.7704, 'lr': 0.0089, 'params': 632328, 'time_iter': 0.039, 'accuracy': 0.9825}
train: {'epoch': 88, 'eta': 12.436, 'loss': 1.767, 'lr': 0.0089, 'params': 632328, 'time_iter': 0.0347, 'accuracy': 0.9852}
train: {'epoch': 89, 'eta': 12.4012, 'loss': 1.7683, 'lr': 0.0088, 'params': 632328, 'time_iter': 0.0415, 'accuracy': 0.9838}
train: {'epoch': 90, 'eta': 12.3582, 'loss': 1.7671, 'lr': 0.0088, 'params': 632328, 'time_iter': 0.0391, 'accuracy': 0.9783}
train: {'epoch': 91, 'eta': 12.3159, 'loss': 1.766, 'lr': 0.0088, 'params': 632328, 'time_iter': 0.0393, 'accuracy': 0.9834}
train: {'epoch': 92, 'eta': 12.2787, 'loss': 1.7639, 'lr': 0.0088, 'params': 632328, 'time_iter': 0.0408, 'accuracy': 0.9834}
train: {'epoch': 93, 'eta': 12.2321, 'loss': 1.7606, 'lr': 0.0087, 'params': 632328, 'time_iter': 0.038, 'accuracy': 0.9852}
train: {'epoch': 94, 'eta': 12.1841, 'loss': 1.7633, 'lr': 0.0087, 'params': 632328, 'time_iter': 0.0375, 'accuracy': 0.9843}
train: {'epoch': 95, 'eta': 12.1386, 'loss': 1.7585, 'lr': 0.0087, 'params': 632328, 'time_iter': 0.0382, 'accuracy': 0.988}
train: {'epoch': 96, 'eta': 12.1011, 'loss': 1.7586, 'lr': 0.0086, 'params': 632328, 'time_iter': 0.0407, 'accuracy': 0.988}
train: {'epoch': 97, 'eta': 12.0603, 'loss': 1.7565, 'lr': 0.0086, 'params': 632328, 'time_iter': 0.0396, 'accuracy': 0.9889}
train: {'epoch': 98, 'eta': 12.0242, 'loss': 1.756, 'lr': 0.0086, 'params': 632328, 'time_iter': 0.0412, 'accuracy': 0.9889}
train: {'epoch': 99, 'eta': 11.9787, 'loss': 1.7564, 'lr': 0.0086, 'params': 632328, 'time_iter': 0.0381, 'accuracy': 0.9875}
val: {'epoch': 99, 'loss': 1.9417, 'lr': 0, 'params': 632328, 'time_iter': 0.0155, 'accuracy': 0.8247}
train: {'epoch': 100, 'eta': 11.9387, 'loss': 1.7568, 'lr': 0.0085, 'params': 632328, 'time_iter': 0.0399, 'accuracy': 0.9903}
train: {'epoch': 101, 'eta': 11.8962, 'loss': 1.7549, 'lr': 0.0085, 'params': 632328, 'time_iter': 0.039, 'accuracy': 0.9885}
train: {'epoch': 102, 'eta': 11.8495, 'loss': 1.7574, 'lr': 0.0085, 'params': 632328, 'time_iter': 0.0376, 'accuracy': 0.9857}
train: {'epoch': 103, 'eta': 11.8004, 'loss': 1.7564, 'lr': 0.0085, 'params': 632328, 'time_iter': 0.0367, 'accuracy': 0.9894}
train: {'epoch': 104, 'eta': 11.7641, 'loss': 1.7567, 'lr': 0.0084, 'params': 632328, 'time_iter': 0.0411, 'accuracy': 0.9898}
train: {'epoch': 105, 'eta': 11.7215, 'loss': 1.7536, 'lr': 0.0084, 'params': 632328, 'time_iter': 0.0389, 'accuracy': 0.9903}
train: {'epoch': 106, 'eta': 11.77, 'loss': 1.7539, 'lr': 0.0084, 'params': 632328, 'time_iter': 0.0721, 'accuracy': 0.9898}
train: {'epoch': 107, 'eta': 11.7354, 'loss': 1.7525, 'lr': 0.0083, 'params': 632328, 'time_iter': 0.0423, 'accuracy': 0.9903}
train: {'epoch': 108, 'eta': 11.7019, 'loss': 1.753, 'lr': 0.0083, 'params': 632328, 'time_iter': 0.0427, 'accuracy': 0.9917}
train: {'epoch': 109, 'eta': 11.666, 'loss': 1.7519, 'lr': 0.0083, 'params': 632328, 'time_iter': 0.0419, 'accuracy': 0.9908}
train: {'epoch': 110, 'eta': 11.6211, 'loss': 1.7511, 'lr': 0.0082, 'params': 632328, 'time_iter': 0.0384, 'accuracy': 0.9917}
train: {'epoch': 111, 'eta': 11.5729, 'loss': 1.7504, 'lr': 0.0082, 'params': 632328, 'time_iter': 0.0371, 'accuracy': 0.9922}
train: {'epoch': 112, 'eta': 11.5301, 'loss': 1.751, 'lr': 0.0082, 'params': 632328, 'time_iter': 0.0392, 'accuracy': 0.9912}
train: {'epoch': 113, 'eta': 11.4985, 'loss': 1.7532, 'lr': 0.0082, 'params': 632328, 'time_iter': 0.0436, 'accuracy': 0.9917}
train: {'epoch': 114, 'eta': 11.4545, 'loss': 1.7548, 'lr': 0.0081, 'params': 632328, 'time_iter': 0.0387, 'accuracy': 0.9889}
train: {'epoch': 115, 'eta': 11.4137, 'loss': 1.7557, 'lr': 0.0081, 'params': 632328, 'time_iter': 0.0399, 'accuracy': 0.9898}
train: {'epoch': 116, 'eta': 11.3664, 'loss': 1.7577, 'lr': 0.0081, 'params': 632328, 'time_iter': 0.0372, 'accuracy': 0.9917}
train: {'epoch': 117, 'eta': 11.3248, 'loss': 1.7612, 'lr': 0.008, 'params': 632328, 'time_iter': 0.0396, 'accuracy': 0.9834}
train: {'epoch': 118, 'eta': 11.2801, 'loss': 1.76, 'lr': 0.008, 'params': 632328, 'time_iter': 0.0382, 'accuracy': 0.9875}
train: {'epoch': 119, 'eta': 11.2361, 'loss': 1.7646, 'lr': 0.008, 'params': 632328, 'time_iter': 0.0385, 'accuracy': 0.9797}
val: {'epoch': 119, 'loss': 1.9399, 'lr': 0, 'params': 632328, 'time_iter': 0.0165, 'accuracy': 0.7915}
train: {'epoch': 120, 'eta': 11.1948, 'loss': 1.7624, 'lr': 0.0079, 'params': 632328, 'time_iter': 0.0396, 'accuracy': 0.9885}
train: {'epoch': 121, 'eta': 11.1532, 'loss': 1.7636, 'lr': 0.0079, 'params': 632328, 'time_iter': 0.0395, 'accuracy': 0.9852}
train: {'epoch': 122, 'eta': 11.1101, 'loss': 1.7603, 'lr': 0.0079, 'params': 632328, 'time_iter': 0.0388, 'accuracy': 0.9875}
train: {'epoch': 123, 'eta': 11.0721, 'loss': 1.7591, 'lr': 0.0078, 'params': 632328, 'time_iter': 0.0411, 'accuracy': 0.9894}
train: {'epoch': 124, 'eta': 11.026, 'loss': 1.7588, 'lr': 0.0078, 'params': 632328, 'time_iter': 0.0374, 'accuracy': 0.9894}
train: {'epoch': 125, 'eta': 10.985, 'loss': 1.7584, 'lr': 0.0078, 'params': 632328, 'time_iter': 0.0397, 'accuracy': 0.9866}
train: {'epoch': 126, 'eta': 10.941, 'loss': 1.7579, 'lr': 0.0077, 'params': 632328, 'time_iter': 0.0383, 'accuracy': 0.9894}
train: {'epoch': 127, 'eta': 10.8987, 'loss': 1.7585, 'lr': 0.0077, 'params': 632328, 'time_iter': 0.039, 'accuracy': 0.9857}
train: {'epoch': 128, 'eta': 10.8772, 'loss': 1.7594, 'lr': 0.0077, 'params': 632328, 'time_iter': 0.0489, 'accuracy': 0.9852}
train: {'epoch': 129, 'eta': 10.8387, 'loss': 1.7601, 'lr': 0.0076, 'params': 632328, 'time_iter': 0.0409, 'accuracy': 0.9885}
train: {'epoch': 130, 'eta': 10.7977, 'loss': 1.7577, 'lr': 0.0076, 'params': 632328, 'time_iter': 0.0397, 'accuracy': 0.9866}
train: {'epoch': 131, 'eta': 10.7577, 'loss': 1.7559, 'lr': 0.0076, 'params': 632328, 'time_iter': 0.0402, 'accuracy': 0.9885}
train: {'epoch': 132, 'eta': 10.718, 'loss': 1.755, 'lr': 0.0075, 'params': 632328, 'time_iter': 0.0404, 'accuracy': 0.9903}
train: {'epoch': 133, 'eta': 10.6698, 'loss': 1.753, 'lr': 0.0075, 'params': 632328, 'time_iter': 0.0361, 'accuracy': 0.9908}
train: {'epoch': 134, 'eta': 10.6284, 'loss': 1.7524, 'lr': 0.0075, 'params': 632328, 'time_iter': 0.0394, 'accuracy': 0.9922}
train: {'epoch': 135, 'eta': 10.5865, 'loss': 1.7514, 'lr': 0.0074, 'params': 632328, 'time_iter': 0.0392, 'accuracy': 0.9922}
train: {'epoch': 136, 'eta': 10.5466, 'loss': 1.7503, 'lr': 0.0074, 'params': 632328, 'time_iter': 0.0402, 'accuracy': 0.9917}
train: {'epoch': 137, 'eta': 10.5023, 'loss': 1.75, 'lr': 0.0074, 'params': 632328, 'time_iter': 0.0379, 'accuracy': 0.9912}
train: {'epoch': 138, 'eta': 10.4589, 'loss': 1.7494, 'lr': 0.0073, 'params': 632328, 'time_iter': 0.0383, 'accuracy': 0.9912}
train: {'epoch': 139, 'eta': 10.4146, 'loss': 1.749, 'lr': 0.0073, 'params': 632328, 'time_iter': 0.0378, 'accuracy': 0.9935}
val: {'epoch': 139, 'loss': 1.9615, 'lr': 0, 'params': 632328, 'time_iter': 0.0147, 'accuracy': 0.8081}
train: {'epoch': 140, 'eta': 10.3761, 'loss': 1.7486, 'lr': 0.0073, 'params': 632328, 'time_iter': 0.0409, 'accuracy': 0.9931}
train: {'epoch': 141, 'eta': 10.3354, 'loss': 1.7483, 'lr': 0.0072, 'params': 632328, 'time_iter': 0.0397, 'accuracy': 0.9917}
train: {'epoch': 142, 'eta': 10.2928, 'loss': 1.7477, 'lr': 0.0072, 'params': 632328, 'time_iter': 0.0386, 'accuracy': 0.9922}
train: {'epoch': 143, 'eta': 10.2546, 'loss': 1.7475, 'lr': 0.0072, 'params': 632328, 'time_iter': 0.0411, 'accuracy': 0.9926}
train: {'epoch': 144, 'eta': 10.2127, 'loss': 1.7472, 'lr': 0.0071, 'params': 632328, 'time_iter': 0.039, 'accuracy': 0.9926}
train: {'epoch': 145, 'eta': 10.1756, 'loss': 1.7473, 'lr': 0.0071, 'params': 632328, 'time_iter': 0.0418, 'accuracy': 0.9931}
train: {'epoch': 146, 'eta': 10.1335, 'loss': 1.748, 'lr': 0.0071, 'params': 632328, 'time_iter': 0.0389, 'accuracy': 0.9917}
train: {'epoch': 147, 'eta': 10.09, 'loss': 1.7484, 'lr': 0.007, 'params': 632328, 'time_iter': 0.038, 'accuracy': 0.9922}
train: {'epoch': 148, 'eta': 10.0501, 'loss': 1.7478, 'lr': 0.007, 'params': 632328, 'time_iter': 0.0401, 'accuracy': 0.9931}
train: {'epoch': 149, 'eta': 10.0063, 'loss': 1.7475, 'lr': 0.0069, 'params': 632328, 'time_iter': 0.0378, 'accuracy': 0.9931}
train: {'epoch': 150, 'eta': 9.9673, 'loss': 1.7477, 'lr': 0.0069, 'params': 632328, 'time_iter': 0.0407, 'accuracy': 0.9922}
train: {'epoch': 151, 'eta': 9.9237, 'loss': 1.7477, 'lr': 0.0069, 'params': 632328, 'time_iter': 0.0378, 'accuracy': 0.9908}
train: {'epoch': 152, 'eta': 9.8857, 'loss': 1.7479, 'lr': 0.0068, 'params': 632328, 'time_iter': 0.0413, 'accuracy': 0.9922}
train: {'epoch': 153, 'eta': 9.8506, 'loss': 1.7489, 'lr': 0.0068, 'params': 632328, 'time_iter': 0.0431, 'accuracy': 0.994}
train: {'epoch': 154, 'eta': 9.8132, 'loss': 1.7508, 'lr': 0.0068, 'params': 632328, 'time_iter': 0.0417, 'accuracy': 0.9898}
train: {'epoch': 155, 'eta': 9.7734, 'loss': 1.7515, 'lr': 0.0067, 'params': 632328, 'time_iter': 0.0402, 'accuracy': 0.9871}
train: {'epoch': 156, 'eta': 9.7335, 'loss': 1.753, 'lr': 0.0067, 'params': 632328, 'time_iter': 0.0402, 'accuracy': 0.9912}
train: {'epoch': 157, 'eta': 9.6934, 'loss': 1.7525, 'lr': 0.0067, 'params': 632328, 'time_iter': 0.04, 'accuracy': 0.9894}
train: {'epoch': 158, 'eta': 9.6509, 'loss': 1.7526, 'lr': 0.0066, 'params': 632328, 'time_iter': 0.0384, 'accuracy': 0.9889}
train: {'epoch': 159, 'eta': 9.6086, 'loss': 1.7543, 'lr': 0.0066, 'params': 632328, 'time_iter': 0.0386, 'accuracy': 0.9894}
val: {'epoch': 159, 'loss': 1.9573, 'lr': 0, 'params': 632328, 'time_iter': 0.0176, 'accuracy': 0.7546}
train: {'epoch': 160, 'eta': 9.5669, 'loss': 1.7585, 'lr': 0.0065, 'params': 632328, 'time_iter': 0.0389, 'accuracy': 0.9843}
train: {'epoch': 161, 'eta': 9.524, 'loss': 1.7612, 'lr': 0.0065, 'params': 632328, 'time_iter': 0.0381, 'accuracy': 0.9885}
train: {'epoch': 162, 'eta': 9.4858, 'loss': 1.7657, 'lr': 0.0065, 'params': 632328, 'time_iter': 0.0413, 'accuracy': 0.9825}
train: {'epoch': 163, 'eta': 9.446, 'loss': 1.763, 'lr': 0.0064, 'params': 632328, 'time_iter': 0.0401, 'accuracy': 0.9852}
train: {'epoch': 164, 'eta': 9.4052, 'loss': 1.7714, 'lr': 0.0064, 'params': 632328, 'time_iter': 0.0395, 'accuracy': 0.9843}
train: {'epoch': 165, 'eta': 9.366, 'loss': 1.7618, 'lr': 0.0064, 'params': 632328, 'time_iter': 0.0406, 'accuracy': 0.9885}
train: {'epoch': 166, 'eta': 9.3262, 'loss': 1.7633, 'lr': 0.0063, 'params': 632328, 'time_iter': 0.0402, 'accuracy': 0.9852}
train: {'epoch': 167, 'eta': 9.2875, 'loss': 1.7587, 'lr': 0.0063, 'params': 632328, 'time_iter': 0.0409, 'accuracy': 0.9857}
train: {'epoch': 168, 'eta': 9.2471, 'loss': 1.758, 'lr': 0.0062, 'params': 632328, 'time_iter': 0.0398, 'accuracy': 0.9843}
train: {'epoch': 169, 'eta': 9.2079, 'loss': 1.7551, 'lr': 0.0062, 'params': 632328, 'time_iter': 0.0406, 'accuracy': 0.9861}
train: {'epoch': 170, 'eta': 9.1673, 'loss': 1.7535, 'lr': 0.0062, 'params': 632328, 'time_iter': 0.0396, 'accuracy': 0.988}
train: {'epoch': 171, 'eta': 9.1257, 'loss': 1.7521, 'lr': 0.0061, 'params': 632328, 'time_iter': 0.0388, 'accuracy': 0.9912}
train: {'epoch': 172, 'eta': 9.0826, 'loss': 1.7523, 'lr': 0.0061, 'params': 632328, 'time_iter': 0.0377, 'accuracy': 0.9912}
train: {'epoch': 173, 'eta': 9.0411, 'loss': 1.7506, 'lr': 0.0061, 'params': 632328, 'time_iter': 0.0388, 'accuracy': 0.9926}
train: {'epoch': 174, 'eta': 9.0023, 'loss': 1.7517, 'lr': 0.006, 'params': 632328, 'time_iter': 0.0409, 'accuracy': 0.9931}
train: {'epoch': 175, 'eta': 8.9616, 'loss': 1.7503, 'lr': 0.006, 'params': 632328, 'time_iter': 0.0394, 'accuracy': 0.9926}
train: {'epoch': 176, 'eta': 8.9234, 'loss': 1.7502, 'lr': 0.0059, 'params': 632328, 'time_iter': 0.0415, 'accuracy': 0.9922}
train: {'epoch': 177, 'eta': 8.8897, 'loss': 1.7498, 'lr': 0.0059, 'params': 632328, 'time_iter': 0.045, 'accuracy': 0.9917}
train: {'epoch': 178, 'eta': 8.8475, 'loss': 1.7487, 'lr': 0.0059, 'params': 632328, 'time_iter': 0.0383, 'accuracy': 0.9917}
train: {'epoch': 179, 'eta': 8.8061, 'loss': 1.7484, 'lr': 0.0058, 'params': 632328, 'time_iter': 0.0389, 'accuracy': 0.9931}
val: {'epoch': 179, 'loss': 1.9766, 'lr': 0, 'params': 632328, 'time_iter': 0.0144, 'accuracy': 0.762}
train: {'epoch': 180, 'eta': 8.7809, 'loss': 1.748, 'lr': 0.0058, 'params': 632328, 'time_iter': 0.0523, 'accuracy': 0.9926}
train: {'epoch': 181, 'eta': 8.7404, 'loss': 1.7477, 'lr': 0.0057, 'params': 632328, 'time_iter': 0.0398, 'accuracy': 0.9926}
train: {'epoch': 182, 'eta': 8.699, 'loss': 1.7471, 'lr': 0.0057, 'params': 632328, 'time_iter': 0.0389, 'accuracy': 0.9926}
train: {'epoch': 183, 'eta': 8.6592, 'loss': 1.7472, 'lr': 0.0057, 'params': 632328, 'time_iter': 0.0403, 'accuracy': 0.9931}
train: {'epoch': 184, 'eta': 8.6191, 'loss': 1.7469, 'lr': 0.0056, 'params': 632328, 'time_iter': 0.0401, 'accuracy': 0.9922}
train: {'epoch': 185, 'eta': 8.5769, 'loss': 1.7467, 'lr': 0.0056, 'params': 632328, 'time_iter': 0.0382, 'accuracy': 0.9931}
train: {'epoch': 186, 'eta': 8.538, 'loss': 1.7464, 'lr': 0.0055, 'params': 632328, 'time_iter': 0.0411, 'accuracy': 0.9935}
train: {'epoch': 187, 'eta': 8.4973, 'loss': 1.7462, 'lr': 0.0055, 'params': 632328, 'time_iter': 0.0395, 'accuracy': 0.994}
train: {'epoch': 188, 'eta': 8.4553, 'loss': 1.7461, 'lr': 0.0055, 'params': 632328, 'time_iter': 0.0384, 'accuracy': 0.9935}
train: {'epoch': 189, 'eta': 8.4154, 'loss': 1.7459, 'lr': 0.0054, 'params': 632328, 'time_iter': 0.0402, 'accuracy': 0.9931}
train: {'epoch': 190, 'eta': 8.3772, 'loss': 1.7458, 'lr': 0.0054, 'params': 632328, 'time_iter': 0.0418, 'accuracy': 0.9931}
train: {'epoch': 191, 'eta': 8.3355, 'loss': 1.7457, 'lr': 0.0054, 'params': 632328, 'time_iter': 0.0386, 'accuracy': 0.9935}
train: {'epoch': 192, 'eta': 8.2985, 'loss': 1.7455, 'lr': 0.0053, 'params': 632328, 'time_iter': 0.0429, 'accuracy': 0.9931}
train: {'epoch': 193, 'eta': 8.26, 'loss': 1.7454, 'lr': 0.0053, 'params': 632328, 'time_iter': 0.0416, 'accuracy': 0.9931}
train: {'epoch': 194, 'eta': 8.217, 'loss': 1.7453, 'lr': 0.0052, 'params': 632328, 'time_iter': 0.0373, 'accuracy': 0.9931}
train: {'epoch': 195, 'eta': 8.1771, 'loss': 1.7451, 'lr': 0.0052, 'params': 632328, 'time_iter': 0.0403, 'accuracy': 0.9935}
train: {'epoch': 196, 'eta': 8.1386, 'loss': 1.7455, 'lr': 0.0052, 'params': 632328, 'time_iter': 0.0416, 'accuracy': 0.994}
train: {'epoch': 197, 'eta': 8.0966, 'loss': 1.7474, 'lr': 0.0051, 'params': 632328, 'time_iter': 0.0382, 'accuracy': 0.9926}
train: {'epoch': 198, 'eta': 8.0579, 'loss': 1.7496, 'lr': 0.0051, 'params': 632328, 'time_iter': 0.0415, 'accuracy': 0.9917}
train: {'epoch': 199, 'eta': 8.0164, 'loss': 1.7503, 'lr': 0.005, 'params': 632328, 'time_iter': 0.0386, 'accuracy': 0.9922}
val: {'epoch': 199, 'loss': 1.9453, 'lr': 0, 'params': 632328, 'time_iter': 0.0145, 'accuracy': 0.7601}
train: {'epoch': 200, 'eta': 7.9757, 'loss': 1.751, 'lr': 0.005, 'params': 632328, 'time_iter': 0.0394, 'accuracy': 0.9885}
train: {'epoch': 201, 'eta': 7.9369, 'loss': 1.7495, 'lr': 0.005, 'params': 632328, 'time_iter': 0.0414, 'accuracy': 0.9912}
train: {'epoch': 202, 'eta': 7.8966, 'loss': 1.7493, 'lr': 0.0049, 'params': 632328, 'time_iter': 0.0399, 'accuracy': 0.9908}
train: {'epoch': 203, 'eta': 7.8729, 'loss': 1.7485, 'lr': 0.0049, 'params': 632328, 'time_iter': 0.0571, 'accuracy': 0.9917}
train: {'epoch': 204, 'eta': 7.8319, 'loss': 1.7479, 'lr': 0.0048, 'params': 632328, 'time_iter': 0.0393, 'accuracy': 0.9912}
train: {'epoch': 205, 'eta': 7.7899, 'loss': 1.7479, 'lr': 0.0048, 'params': 632328, 'time_iter': 0.0382, 'accuracy': 0.9926}
train: {'epoch': 206, 'eta': 7.752, 'loss': 1.7475, 'lr': 0.0048, 'params': 632328, 'time_iter': 0.0426, 'accuracy': 0.9922}
train: {'epoch': 207, 'eta': 7.7128, 'loss': 1.747, 'lr': 0.0047, 'params': 632328, 'time_iter': 0.0412, 'accuracy': 0.9935}
train: {'epoch': 208, 'eta': 7.6723, 'loss': 1.7464, 'lr': 0.0047, 'params': 632328, 'time_iter': 0.0398, 'accuracy': 0.9917}
train: {'epoch': 209, 'eta': 7.6325, 'loss': 1.746, 'lr': 0.0046, 'params': 632328, 'time_iter': 0.0406, 'accuracy': 0.994}
train: {'epoch': 210, 'eta': 7.5929, 'loss': 1.7457, 'lr': 0.0046, 'params': 632328, 'time_iter': 0.0408, 'accuracy': 0.994}
train: {'epoch': 211, 'eta': 7.5535, 'loss': 1.7453, 'lr': 0.0046, 'params': 632328, 'time_iter': 0.041, 'accuracy': 0.9945}
train: {'epoch': 212, 'eta': 7.5125, 'loss': 1.7452, 'lr': 0.0045, 'params': 632328, 'time_iter': 0.0393, 'accuracy': 0.9949}
train: {'epoch': 213, 'eta': 7.47, 'loss': 1.7451, 'lr': 0.0045, 'params': 632328, 'time_iter': 0.0375, 'accuracy': 0.9949}
train: {'epoch': 214, 'eta': 7.4284, 'loss': 1.7447, 'lr': 0.0045, 'params': 632328, 'time_iter': 0.0385, 'accuracy': 0.9949}
train: {'epoch': 215, 'eta': 7.3873, 'loss': 1.7447, 'lr': 0.0044, 'params': 632328, 'time_iter': 0.0389, 'accuracy': 0.994}
train: {'epoch': 216, 'eta': 7.3485, 'loss': 1.7445, 'lr': 0.0044, 'params': 632328, 'time_iter': 0.0418, 'accuracy': 0.9949}
train: {'epoch': 217, 'eta': 7.3078, 'loss': 1.7441, 'lr': 0.0043, 'params': 632328, 'time_iter': 0.0395, 'accuracy': 0.9949}
train: {'epoch': 218, 'eta': 7.2669, 'loss': 1.744, 'lr': 0.0043, 'params': 632328, 'time_iter': 0.0392, 'accuracy': 0.9958}
train: {'epoch': 219, 'eta': 7.2271, 'loss': 1.7439, 'lr': 0.0043, 'params': 632328, 'time_iter': 0.0405, 'accuracy': 0.9958}
val: {'epoch': 219, 'loss': 1.9775, 'lr': 0, 'params': 632328, 'time_iter': 0.0148, 'accuracy': 0.8487}
train: {'epoch': 220, 'eta': 7.1892, 'loss': 1.7438, 'lr': 0.0042, 'params': 632328, 'time_iter': 0.0429, 'accuracy': 0.9958}
train: {'epoch': 221, 'eta': 7.1497, 'loss': 1.7437, 'lr': 0.0042, 'params': 632328, 'time_iter': 0.041, 'accuracy': 0.9958}
train: {'epoch': 222, 'eta': 7.1092, 'loss': 1.7435, 'lr': 0.0041, 'params': 632328, 'time_iter': 0.0398, 'accuracy': 0.9958}
train: {'epoch': 223, 'eta': 7.0693, 'loss': 1.7436, 'lr': 0.0041, 'params': 632328, 'time_iter': 0.0405, 'accuracy': 0.9958}
train: {'epoch': 224, 'eta': 7.0303, 'loss': 1.7435, 'lr': 0.0041, 'params': 632328, 'time_iter': 0.0417, 'accuracy': 0.9958}
train: {'epoch': 225, 'eta': 6.9896, 'loss': 1.7432, 'lr': 0.004, 'params': 632328, 'time_iter': 0.0394, 'accuracy': 0.9963}
train: {'epoch': 226, 'eta': 6.9498, 'loss': 1.7434, 'lr': 0.004, 'params': 632328, 'time_iter': 0.0407, 'accuracy': 0.9954}
train: {'epoch': 227, 'eta': 6.9088, 'loss': 1.7432, 'lr': 0.0039, 'params': 632328, 'time_iter': 0.0391, 'accuracy': 0.9954}
train: {'epoch': 228, 'eta': 6.8804, 'loss': 1.7429, 'lr': 0.0039, 'params': 632328, 'time_iter': 0.0559, 'accuracy': 0.9972}
train: {'epoch': 229, 'eta': 6.8389, 'loss': 1.743, 'lr': 0.0039, 'params': 632328, 'time_iter': 0.0385, 'accuracy': 0.9958}
train: {'epoch': 230, 'eta': 6.7998, 'loss': 1.7432, 'lr': 0.0038, 'params': 632328, 'time_iter': 0.0418, 'accuracy': 0.9977}
train: {'epoch': 231, 'eta': 6.7579, 'loss': 1.7442, 'lr': 0.0038, 'params': 632328, 'time_iter': 0.038, 'accuracy': 0.994}
train: {'epoch': 232, 'eta': 6.7163, 'loss': 1.7437, 'lr': 0.0038, 'params': 632328, 'time_iter': 0.0382, 'accuracy': 0.9954}
train: {'epoch': 233, 'eta': 6.6742, 'loss': 1.7447, 'lr': 0.0037, 'params': 632328, 'time_iter': 0.0376, 'accuracy': 0.9954}
train: {'epoch': 234, 'eta': 6.6324, 'loss': 1.7478, 'lr': 0.0037, 'params': 632328, 'time_iter': 0.0379, 'accuracy': 0.9885}
train: {'epoch': 235, 'eta': 6.5906, 'loss': 1.7472, 'lr': 0.0036, 'params': 632328, 'time_iter': 0.038, 'accuracy': 0.9935}
train: {'epoch': 236, 'eta': 6.5514, 'loss': 1.7509, 'lr': 0.0036, 'params': 632328, 'time_iter': 0.0416, 'accuracy': 0.9903}
train: {'epoch': 237, 'eta': 6.5105, 'loss': 1.7519, 'lr': 0.0036, 'params': 632328, 'time_iter': 0.0391, 'accuracy': 0.9917}
train: {'epoch': 238, 'eta': 6.47, 'loss': 1.7524, 'lr': 0.0035, 'params': 632328, 'time_iter': 0.0397, 'accuracy': 0.9903}
train: {'epoch': 239, 'eta': 6.4281, 'loss': 1.7536, 'lr': 0.0035, 'params': 632328, 'time_iter': 0.0377, 'accuracy': 0.9889}
val: {'epoch': 239, 'loss': 1.9771, 'lr': 0, 'params': 632328, 'time_iter': 0.0148, 'accuracy': 0.8339}
train: {'epoch': 240, 'eta': 6.3866, 'loss': 1.7512, 'lr': 0.0035, 'params': 632328, 'time_iter': 0.0381, 'accuracy': 0.9894}
train: {'epoch': 241, 'eta': 6.3464, 'loss': 1.7489, 'lr': 0.0034, 'params': 632328, 'time_iter': 0.04, 'accuracy': 0.9903}
train: {'epoch': 242, 'eta': 6.3042, 'loss': 1.7475, 'lr': 0.0034, 'params': 632328, 'time_iter': 0.037, 'accuracy': 0.9931}
train: {'epoch': 243, 'eta': 6.2656, 'loss': 1.7474, 'lr': 0.0033, 'params': 632328, 'time_iter': 0.0427, 'accuracy': 0.9935}
train: {'epoch': 244, 'eta': 6.2255, 'loss': 1.7468, 'lr': 0.0033, 'params': 632328, 'time_iter': 0.0402, 'accuracy': 0.994}
train: {'epoch': 245, 'eta': 6.1845, 'loss': 1.7461, 'lr': 0.0033, 'params': 632328, 'time_iter': 0.0387, 'accuracy': 0.994}
train: {'epoch': 246, 'eta': 6.1431, 'loss': 1.7458, 'lr': 0.0032, 'params': 632328, 'time_iter': 0.0382, 'accuracy': 0.994}
train: {'epoch': 247, 'eta': 6.1039, 'loss': 1.7456, 'lr': 0.0032, 'params': 632328, 'time_iter': 0.0417, 'accuracy': 0.9945}
train: {'epoch': 248, 'eta': 6.0624, 'loss': 1.7453, 'lr': 0.0032, 'params': 632328, 'time_iter': 0.0379, 'accuracy': 0.9945}
train: {'epoch': 249, 'eta': 6.0213, 'loss': 1.7446, 'lr': 0.0031, 'params': 632328, 'time_iter': 0.0386, 'accuracy': 0.9945}
train: {'epoch': 250, 'eta': 5.981, 'loss': 1.7444, 'lr': 0.0031, 'params': 632328, 'time_iter': 0.0398, 'accuracy': 0.9945}
train: {'epoch': 251, 'eta': 5.9414, 'loss': 1.7443, 'lr': 0.0031, 'params': 632328, 'time_iter': 0.0411, 'accuracy': 0.9949}
train: {'epoch': 252, 'eta': 5.9015, 'loss': 1.7441, 'lr': 0.003, 'params': 632328, 'time_iter': 0.0405, 'accuracy': 0.9949}
train: {'epoch': 253, 'eta': 5.8613, 'loss': 1.7439, 'lr': 0.003, 'params': 632328, 'time_iter': 0.0401, 'accuracy': 0.9954}
train: {'epoch': 254, 'eta': 5.8208, 'loss': 1.7436, 'lr': 0.0029, 'params': 632328, 'time_iter': 0.0395, 'accuracy': 0.9954}
train: {'epoch': 255, 'eta': 5.7807, 'loss': 1.7434, 'lr': 0.0029, 'params': 632328, 'time_iter': 0.0401, 'accuracy': 0.9958}
train: {'epoch': 256, 'eta': 5.7402, 'loss': 1.7433, 'lr': 0.0029, 'params': 632328, 'time_iter': 0.0395, 'accuracy': 0.9954}
train: {'epoch': 257, 'eta': 5.7019, 'loss': 1.7431, 'lr': 0.0028, 'params': 632328, 'time_iter': 0.0436, 'accuracy': 0.9954}
train: {'epoch': 258, 'eta': 5.6663, 'loss': 1.743, 'lr': 0.0028, 'params': 632328, 'time_iter': 0.0486, 'accuracy': 0.9949}
train: {'epoch': 259, 'eta': 5.6264, 'loss': 1.7428, 'lr': 0.0028, 'params': 632328, 'time_iter': 0.0405, 'accuracy': 0.9954}
val: {'epoch': 259, 'loss': 2.0043, 'lr': 0, 'params': 632328, 'time_iter': 0.0154, 'accuracy': 0.8469}
train: {'epoch': 260, 'eta': 5.5861, 'loss': 1.7427, 'lr': 0.0027, 'params': 632328, 'time_iter': 0.04, 'accuracy': 0.9954}
train: {'epoch': 261, 'eta': 5.546, 'loss': 1.7427, 'lr': 0.0027, 'params': 632328, 'time_iter': 0.0405, 'accuracy': 0.9963}
train: {'epoch': 262, 'eta': 5.5051, 'loss': 1.7425, 'lr': 0.0027, 'params': 632328, 'time_iter': 0.0386, 'accuracy': 0.9958}
train: {'epoch': 263, 'eta': 5.4638, 'loss': 1.7424, 'lr': 0.0026, 'params': 632328, 'time_iter': 0.0381, 'accuracy': 0.9963}
train: {'epoch': 264, 'eta': 5.4227, 'loss': 1.7423, 'lr': 0.0026, 'params': 632328, 'time_iter': 0.0384, 'accuracy': 0.9968}
train: {'epoch': 265, 'eta': 5.3821, 'loss': 1.7423, 'lr': 0.0026, 'params': 632328, 'time_iter': 0.0393, 'accuracy': 0.9968}
train: {'epoch': 266, 'eta': 5.3418, 'loss': 1.7422, 'lr': 0.0025, 'params': 632328, 'time_iter': 0.0399, 'accuracy': 0.9968}
train: {'epoch': 267, 'eta': 5.3201, 'loss': 1.7422, 'lr': 0.0025, 'params': 632328, 'time_iter': 0.0778, 'accuracy': 0.9968}
train: {'epoch': 268, 'eta': 5.306, 'loss': 1.7421, 'lr': 0.0025, 'params': 632328, 'time_iter': 0.094, 'accuracy': 0.9968}
train: {'epoch': 269, 'eta': 5.2867, 'loss': 1.7421, 'lr': 0.0024, 'params': 632328, 'time_iter': 0.0846, 'accuracy': 0.9968}
train: {'epoch': 270, 'eta': 5.26, 'loss': 1.742, 'lr': 0.0024, 'params': 632328, 'time_iter': 0.07, 'accuracy': 0.9968}
train: {'epoch': 271, 'eta': 5.2327, 'loss': 1.742, 'lr': 0.0024, 'params': 632328, 'time_iter': 0.0694, 'accuracy': 0.9968}
train: {'epoch': 272, 'eta': 5.2571, 'loss': 1.7419, 'lr': 0.0023, 'params': 632328, 'time_iter': 0.1813, 'accuracy': 0.9968}
train: {'epoch': 273, 'eta': 5.2223, 'loss': 1.7419, 'lr': 0.0023, 'params': 632328, 'time_iter': 0.0557, 'accuracy': 0.9968}
train: {'epoch': 274, 'eta': 5.1816, 'loss': 1.7418, 'lr': 0.0023, 'params': 632328, 'time_iter': 0.0432, 'accuracy': 0.9968}
train: {'epoch': 275, 'eta': 5.1432, 'loss': 1.7418, 'lr': 0.0022, 'params': 632328, 'time_iter': 0.0481, 'accuracy': 0.9968}
train: {'epoch': 276, 'eta': 5.1024, 'loss': 1.7418, 'lr': 0.0022, 'params': 632328, 'time_iter': 0.043, 'accuracy': 0.9968}
train: {'epoch': 277, 'eta': 5.067, 'loss': 1.7418, 'lr': 0.0022, 'params': 632328, 'time_iter': 0.0553, 'accuracy': 0.9968}
train: {'epoch': 278, 'eta': 5.0241, 'loss': 1.7418, 'lr': 0.0021, 'params': 632328, 'time_iter': 0.0385, 'accuracy': 0.9968}
train: {'epoch': 279, 'eta': 4.9855, 'loss': 1.7417, 'lr': 0.0021, 'params': 632328, 'time_iter': 0.0481, 'accuracy': 0.9968}
val: {'epoch': 279, 'loss': 1.9923, 'lr': 0, 'params': 632328, 'time_iter': 0.025, 'accuracy': 0.8542}
train: {'epoch': 280, 'eta': 4.9442, 'loss': 1.7417, 'lr': 0.0021, 'params': 632328, 'time_iter': 0.0422, 'accuracy': 0.9968}
train: {'epoch': 281, 'eta': 4.9042, 'loss': 1.7417, 'lr': 0.002, 'params': 632328, 'time_iter': 0.0453, 'accuracy': 0.9968}
train: {'epoch': 282, 'eta': 4.8614, 'loss': 1.7417, 'lr': 0.002, 'params': 632328, 'time_iter': 0.0386, 'accuracy': 0.9968}
train: {'epoch': 283, 'eta': 4.8202, 'loss': 1.7417, 'lr': 0.002, 'params': 632328, 'time_iter': 0.0422, 'accuracy': 0.9968}
train: {'epoch': 284, 'eta': 4.7787, 'loss': 1.7417, 'lr': 0.0019, 'params': 632328, 'time_iter': 0.0417, 'accuracy': 0.9968}
train: {'epoch': 285, 'eta': 4.7395, 'loss': 1.7417, 'lr': 0.0019, 'params': 632328, 'time_iter': 0.0475, 'accuracy': 0.9968}
train: {'epoch': 286, 'eta': 4.6986, 'loss': 1.7417, 'lr': 0.0019, 'params': 632328, 'time_iter': 0.0432, 'accuracy': 0.9968}
train: {'epoch': 287, 'eta': 4.6582, 'loss': 1.7417, 'lr': 0.0018, 'params': 632328, 'time_iter': 0.0447, 'accuracy': 0.9968}
train: {'epoch': 288, 'eta': 4.6206, 'loss': 1.7416, 'lr': 0.0018, 'params': 632328, 'time_iter': 0.0519, 'accuracy': 0.9968}
train: {'epoch': 289, 'eta': 4.5863, 'loss': 1.7416, 'lr': 0.0018, 'params': 632328, 'time_iter': 0.0612, 'accuracy': 0.9968}
train: {'epoch': 290, 'eta': 4.5517, 'loss': 1.7416, 'lr': 0.0018, 'params': 632328, 'time_iter': 0.0606, 'accuracy': 0.9968}
train: {'epoch': 291, 'eta': 4.5155, 'loss': 1.7417, 'lr': 0.0017, 'params': 632328, 'time_iter': 0.0568, 'accuracy': 0.9968}
train: {'epoch': 292, 'eta': 4.4785, 'loss': 1.7417, 'lr': 0.0017, 'params': 632328, 'time_iter': 0.0549, 'accuracy': 0.9972}
train: {'epoch': 293, 'eta': 4.4392, 'loss': 1.7417, 'lr': 0.0017, 'params': 632328, 'time_iter': 0.049, 'accuracy': 0.9968}
train: {'epoch': 294, 'eta': 4.3995, 'loss': 1.7417, 'lr': 0.0016, 'params': 632328, 'time_iter': 0.048, 'accuracy': 0.9968}
train: {'epoch': 295, 'eta': 4.3591, 'loss': 1.7417, 'lr': 0.0016, 'params': 632328, 'time_iter': 0.0459, 'accuracy': 0.9968}
train: {'epoch': 296, 'eta': 4.319, 'loss': 1.7417, 'lr': 0.0016, 'params': 632328, 'time_iter': 0.0473, 'accuracy': 0.9963}
train: {'epoch': 297, 'eta': 4.2776, 'loss': 1.7417, 'lr': 0.0015, 'params': 632328, 'time_iter': 0.0433, 'accuracy': 0.9968}
train: {'epoch': 298, 'eta': 4.2367, 'loss': 1.7417, 'lr': 0.0015, 'params': 632328, 'time_iter': 0.0453, 'accuracy': 0.9968}
train: {'epoch': 299, 'eta': 4.1946, 'loss': 1.7416, 'lr': 0.0015, 'params': 632328, 'time_iter': 0.0413, 'accuracy': 0.9968}
val: {'epoch': 299, 'loss': 1.9996, 'lr': 0, 'params': 632328, 'time_iter': 0.0184, 'accuracy': 0.8598}
train: {'epoch': 300, 'eta': 4.1527, 'loss': 1.7416, 'lr': 0.0015, 'params': 632328, 'time_iter': 0.0423, 'accuracy': 0.9968}
train: {'epoch': 301, 'eta': 4.1129, 'loss': 1.7416, 'lr': 0.0014, 'params': 632328, 'time_iter': 0.0485, 'accuracy': 0.9968}
train: {'epoch': 302, 'eta': 4.0714, 'loss': 1.7416, 'lr': 0.0014, 'params': 632328, 'time_iter': 0.0435, 'accuracy': 0.9968}
train: {'epoch': 303, 'eta': 4.0324, 'loss': 1.7415, 'lr': 0.0014, 'params': 632328, 'time_iter': 0.0511, 'accuracy': 0.9968}
train: {'epoch': 304, 'eta': 3.9909, 'loss': 1.7415, 'lr': 0.0014, 'params': 632328, 'time_iter': 0.0436, 'accuracy': 0.9968}
train: {'epoch': 305, 'eta': 3.9494, 'loss': 1.7415, 'lr': 0.0013, 'params': 632328, 'time_iter': 0.0437, 'accuracy': 0.9968}
train: {'epoch': 306, 'eta': 3.9096, 'loss': 1.7415, 'lr': 0.0013, 'params': 632328, 'time_iter': 0.0495, 'accuracy': 0.9968}
train: {'epoch': 307, 'eta': 3.8683, 'loss': 1.7415, 'lr': 0.0013, 'params': 632328, 'time_iter': 0.0444, 'accuracy': 0.9968}
train: {'epoch': 308, 'eta': 3.833, 'loss': 1.7415, 'lr': 0.0012, 'params': 632328, 'time_iter': 0.0651, 'accuracy': 0.9968}
train: {'epoch': 309, 'eta': 3.7949, 'loss': 1.7415, 'lr': 0.0012, 'params': 632328, 'time_iter': 0.0561, 'accuracy': 0.9968}
train: {'epoch': 310, 'eta': 3.7518, 'loss': 1.7415, 'lr': 0.0012, 'params': 632328, 'time_iter': 0.0388, 'accuracy': 0.9968}
train: {'epoch': 311, 'eta': 3.71, 'loss': 1.7415, 'lr': 0.0012, 'params': 632328, 'time_iter': 0.0433, 'accuracy': 0.9968}
train: {'epoch': 312, 'eta': 3.6669, 'loss': 1.7415, 'lr': 0.0011, 'params': 632328, 'time_iter': 0.0387, 'accuracy': 0.9968}
train: {'epoch': 313, 'eta': 3.6241, 'loss': 1.7414, 'lr': 0.0011, 'params': 632328, 'time_iter': 0.0399, 'accuracy': 0.9968}
train: {'epoch': 314, 'eta': 3.5812, 'loss': 1.7414, 'lr': 0.0011, 'params': 632328, 'time_iter': 0.0393, 'accuracy': 0.9968}
train: {'epoch': 315, 'eta': 3.539, 'loss': 1.7414, 'lr': 0.0011, 'params': 632328, 'time_iter': 0.0421, 'accuracy': 0.9968}
train: {'epoch': 316, 'eta': 3.4982, 'loss': 1.7414, 'lr': 0.001, 'params': 632328, 'time_iter': 0.0471, 'accuracy': 0.9968}
train: {'epoch': 317, 'eta': 3.4551, 'loss': 1.7414, 'lr': 0.001, 'params': 632328, 'time_iter': 0.0384, 'accuracy': 0.9968}
train: {'epoch': 318, 'eta': 3.4121, 'loss': 1.7414, 'lr': 0.001, 'params': 632328, 'time_iter': 0.0387, 'accuracy': 0.9968}
train: {'epoch': 319, 'eta': 3.3694, 'loss': 1.7414, 'lr': 0.001, 'params': 632328, 'time_iter': 0.0398, 'accuracy': 0.9968}
val: {'epoch': 319, 'loss': 2.0077, 'lr': 0, 'params': 632328, 'time_iter': 0.0139, 'accuracy': 0.8616}
train: {'epoch': 320, 'eta': 3.3267, 'loss': 1.7414, 'lr': 0.001, 'params': 632328, 'time_iter': 0.0399, 'accuracy': 0.9968}
train: {'epoch': 321, 'eta': 3.2849, 'loss': 1.7414, 'lr': 0.0009, 'params': 632328, 'time_iter': 0.0435, 'accuracy': 0.9968}
train: {'epoch': 322, 'eta': 3.2424, 'loss': 1.7414, 'lr': 0.0009, 'params': 632328, 'time_iter': 0.0403, 'accuracy': 0.9968}
train: {'epoch': 323, 'eta': 3.1994, 'loss': 1.7414, 'lr': 0.0009, 'params': 632328, 'time_iter': 0.0383, 'accuracy': 0.9968}
train: {'epoch': 324, 'eta': 3.1564, 'loss': 1.7414, 'lr': 0.0009, 'params': 632328, 'time_iter': 0.0384, 'accuracy': 0.9968}
train: {'epoch': 325, 'eta': 3.1135, 'loss': 1.7414, 'lr': 0.0008, 'params': 632328, 'time_iter': 0.0383, 'accuracy': 0.9968}
train: {'epoch': 326, 'eta': 3.0708, 'loss': 1.7414, 'lr': 0.0008, 'params': 632328, 'time_iter': 0.0393, 'accuracy': 0.9968}
train: {'epoch': 327, 'eta': 3.0287, 'loss': 1.7414, 'lr': 0.0008, 'params': 632328, 'time_iter': 0.0418, 'accuracy': 0.9968}
train: {'epoch': 328, 'eta': 2.9856, 'loss': 1.7415, 'lr': 0.0008, 'params': 632328, 'time_iter': 0.0372, 'accuracy': 0.9968}
train: {'epoch': 329, 'eta': 2.9438, 'loss': 1.7415, 'lr': 0.0008, 'params': 632328, 'time_iter': 0.0434, 'accuracy': 0.9968}
train: {'epoch': 330, 'eta': 2.9012, 'loss': 1.7414, 'lr': 0.0007, 'params': 632328, 'time_iter': 0.0396, 'accuracy': 0.9968}
train: {'epoch': 331, 'eta': 2.8652, 'loss': 1.7414, 'lr': 0.0007, 'params': 632328, 'time_iter': 0.0716, 'accuracy': 0.9968}
train: {'epoch': 332, 'eta': 2.826, 'loss': 1.7415, 'lr': 0.0007, 'params': 632328, 'time_iter': 0.0564, 'accuracy': 0.9968}
train: {'epoch': 333, 'eta': 2.7869, 'loss': 1.7414, 'lr': 0.0007, 'params': 632328, 'time_iter': 0.0582, 'accuracy': 0.9972}
train: {'epoch': 334, 'eta': 2.7453, 'loss': 1.7414, 'lr': 0.0007, 'params': 632328, 'time_iter': 0.0452, 'accuracy': 0.9972}
train: {'epoch': 335, 'eta': 2.7041, 'loss': 1.7414, 'lr': 0.0006, 'params': 632328, 'time_iter': 0.0478, 'accuracy': 0.9972}
train: {'epoch': 336, 'eta': 2.663, 'loss': 1.7413, 'lr': 0.0006, 'params': 632328, 'time_iter': 0.0482, 'accuracy': 0.9972}
train: {'epoch': 337, 'eta': 2.6206, 'loss': 1.7414, 'lr': 0.0006, 'params': 632328, 'time_iter': 0.0417, 'accuracy': 0.9972}
train: {'epoch': 338, 'eta': 2.581, 'loss': 1.7413, 'lr': 0.0006, 'params': 632328, 'time_iter': 0.0569, 'accuracy': 0.9972}
train: {'epoch': 339, 'eta': 2.5407, 'loss': 1.7413, 'lr': 0.0006, 'params': 632328, 'time_iter': 0.0541, 'accuracy': 0.9972}
val: {'epoch': 339, 'loss': 2.0121, 'lr': 0, 'params': 632328, 'time_iter': 0.017, 'accuracy': 0.8708}
train: {'epoch': 340, 'eta': 2.4987, 'loss': 1.7413, 'lr': 0.0005, 'params': 632328, 'time_iter': 0.0443, 'accuracy': 0.9972}
train: {'epoch': 341, 'eta': 2.4563, 'loss': 1.7413, 'lr': 0.0005, 'params': 632328, 'time_iter': 0.0418, 'accuracy': 0.9972}
train: {'epoch': 342, 'eta': 2.4135, 'loss': 1.7413, 'lr': 0.0005, 'params': 632328, 'time_iter': 0.0394, 'accuracy': 0.9972}
train: {'epoch': 343, 'eta': 2.3704, 'loss': 1.7413, 'lr': 0.0005, 'params': 632328, 'time_iter': 0.0379, 'accuracy': 0.9972}
train: {'epoch': 344, 'eta': 2.3273, 'loss': 1.7413, 'lr': 0.0005, 'params': 632328, 'time_iter': 0.0376, 'accuracy': 0.9972}
train: {'epoch': 345, 'eta': 2.2846, 'loss': 1.7413, 'lr': 0.0005, 'params': 632328, 'time_iter': 0.0398, 'accuracy': 0.9972}
train: {'epoch': 346, 'eta': 2.2422, 'loss': 1.7413, 'lr': 0.0004, 'params': 632328, 'time_iter': 0.0414, 'accuracy': 0.9972}
train: {'epoch': 347, 'eta': 2.1992, 'loss': 1.7413, 'lr': 0.0004, 'params': 632328, 'time_iter': 0.0383, 'accuracy': 0.9972}
train: {'epoch': 348, 'eta': 2.1564, 'loss': 1.7413, 'lr': 0.0004, 'params': 632328, 'time_iter': 0.0383, 'accuracy': 0.9972}
train: {'epoch': 349, 'eta': 2.1136, 'loss': 1.7413, 'lr': 0.0004, 'params': 632328, 'time_iter': 0.0392, 'accuracy': 0.9972}
train: {'epoch': 350, 'eta': 2.0711, 'loss': 1.7413, 'lr': 0.0004, 'params': 632328, 'time_iter': 0.0406, 'accuracy': 0.9972}
train: {'epoch': 351, 'eta': 2.0287, 'loss': 1.7413, 'lr': 0.0004, 'params': 632328, 'time_iter': 0.0409, 'accuracy': 0.9972}
train: {'epoch': 352, 'eta': 1.987, 'loss': 1.7413, 'lr': 0.0004, 'params': 632328, 'time_iter': 0.0465, 'accuracy': 0.9972}
train: {'epoch': 353, 'eta': 1.9446, 'loss': 1.7413, 'lr': 0.0003, 'params': 632328, 'time_iter': 0.0417, 'accuracy': 0.9972}
train: {'epoch': 354, 'eta': 1.9022, 'loss': 1.7413, 'lr': 0.0003, 'params': 632328, 'time_iter': 0.0411, 'accuracy': 0.9972}
train: {'epoch': 355, 'eta': 1.8595, 'loss': 1.7413, 'lr': 0.0003, 'params': 632328, 'time_iter': 0.0385, 'accuracy': 0.9972}
train: {'epoch': 356, 'eta': 1.8168, 'loss': 1.7413, 'lr': 0.0003, 'params': 632328, 'time_iter': 0.0388, 'accuracy': 0.9972}
train: {'epoch': 357, 'eta': 1.7743, 'loss': 1.7413, 'lr': 0.0003, 'params': 632328, 'time_iter': 0.0399, 'accuracy': 0.9972}
train: {'epoch': 358, 'eta': 1.7315, 'loss': 1.7413, 'lr': 0.0003, 'params': 632328, 'time_iter': 0.0381, 'accuracy': 0.9972}
train: {'epoch': 359, 'eta': 1.689, 'loss': 1.7413, 'lr': 0.0003, 'params': 632328, 'time_iter': 0.039, 'accuracy': 0.9972}
val: {'epoch': 359, 'loss': 2.0153, 'lr': 0, 'params': 632328, 'time_iter': 0.0152, 'accuracy': 0.869}
train: {'epoch': 360, 'eta': 1.6466, 'loss': 1.7413, 'lr': 0.0002, 'params': 632328, 'time_iter': 0.0412, 'accuracy': 0.9972}
train: {'epoch': 361, 'eta': 1.6041, 'loss': 1.7413, 'lr': 0.0002, 'params': 632328, 'time_iter': 0.0397, 'accuracy': 0.9972}
train: {'epoch': 362, 'eta': 1.5619, 'loss': 1.7413, 'lr': 0.0002, 'params': 632328, 'time_iter': 0.0418, 'accuracy': 0.9972}
train: {'epoch': 363, 'eta': 1.5195, 'loss': 1.7413, 'lr': 0.0002, 'params': 632328, 'time_iter': 0.0402, 'accuracy': 0.9972}
train: {'epoch': 364, 'eta': 1.4768, 'loss': 1.7413, 'lr': 0.0002, 'params': 632328, 'time_iter': 0.0379, 'accuracy': 0.9972}
train: {'epoch': 365, 'eta': 1.4342, 'loss': 1.7413, 'lr': 0.0002, 'params': 632328, 'time_iter': 0.037, 'accuracy': 0.9972}
train: {'epoch': 366, 'eta': 1.3917, 'loss': 1.7413, 'lr': 0.0002, 'params': 632328, 'time_iter': 0.0396, 'accuracy': 0.9972}
train: {'epoch': 367, 'eta': 1.3495, 'loss': 1.7413, 'lr': 0.0002, 'params': 632328, 'time_iter': 0.0415, 'accuracy': 0.9972}
train: {'epoch': 368, 'eta': 1.307, 'loss': 1.7413, 'lr': 0.0002, 'params': 632328, 'time_iter': 0.0377, 'accuracy': 0.9972}
train: {'epoch': 369, 'eta': 1.2646, 'loss': 1.7413, 'lr': 0.0001, 'params': 632328, 'time_iter': 0.0398, 'accuracy': 0.9972}
train: {'epoch': 370, 'eta': 1.2224, 'loss': 1.7413, 'lr': 0.0001, 'params': 632328, 'time_iter': 0.0413, 'accuracy': 0.9972}
train: {'epoch': 371, 'eta': 1.1807, 'loss': 1.7413, 'lr': 0.0001, 'params': 632328, 'time_iter': 0.0481, 'accuracy': 0.9972}
train: {'epoch': 372, 'eta': 1.1386, 'loss': 1.7413, 'lr': 0.0001, 'params': 632328, 'time_iter': 0.0426, 'accuracy': 0.9972}
train: {'epoch': 373, 'eta': 1.0962, 'loss': 1.7412, 'lr': 0.0001, 'params': 632328, 'time_iter': 0.0398, 'accuracy': 0.9972}
train: {'epoch': 374, 'eta': 1.0539, 'loss': 1.7412, 'lr': 0.0001, 'params': 632328, 'time_iter': 0.0404, 'accuracy': 0.9972}
train: {'epoch': 375, 'eta': 1.0116, 'loss': 1.7412, 'lr': 0.0001, 'params': 632328, 'time_iter': 0.0396, 'accuracy': 0.9972}
train: {'epoch': 376, 'eta': 0.9694, 'loss': 1.7412, 'lr': 0.0001, 'params': 632328, 'time_iter': 0.0407, 'accuracy': 0.9972}
train: {'epoch': 377, 'eta': 0.9271, 'loss': 1.7412, 'lr': 0.0001, 'params': 632328, 'time_iter': 0.0395, 'accuracy': 0.9972}
train: {'epoch': 378, 'eta': 0.8848, 'loss': 1.7412, 'lr': 0.0001, 'params': 632328, 'time_iter': 0.0402, 'accuracy': 0.9972}
train: {'epoch': 379, 'eta': 0.8425, 'loss': 1.7412, 'lr': 0.0001, 'params': 632328, 'time_iter': 0.0383, 'accuracy': 0.9972}
val: {'epoch': 379, 'loss': 2.0171, 'lr': 0, 'params': 632328, 'time_iter': 0.0148, 'accuracy': 0.8708}
train: {'epoch': 380, 'eta': 0.8002, 'loss': 1.7412, 'lr': 0.0001, 'params': 632328, 'time_iter': 0.0385, 'accuracy': 0.9972}
train: {'epoch': 381, 'eta': 0.7579, 'loss': 1.7412, 'lr': 0.0001, 'params': 632328, 'time_iter': 0.0393, 'accuracy': 0.9972}
train: {'epoch': 382, 'eta': 0.7158, 'loss': 1.7412, 'lr': 0.0, 'params': 632328, 'time_iter': 0.0405, 'accuracy': 0.9972}
train: {'epoch': 383, 'eta': 0.6735, 'loss': 1.7412, 'lr': 0.0, 'params': 632328, 'time_iter': 0.0378, 'accuracy': 0.9972}
train: {'epoch': 384, 'eta': 0.6314, 'loss': 1.7412, 'lr': 0.0, 'params': 632328, 'time_iter': 0.0413, 'accuracy': 0.9972}
train: {'epoch': 385, 'eta': 0.5892, 'loss': 1.7412, 'lr': 0.0, 'params': 632328, 'time_iter': 0.0402, 'accuracy': 0.9972}
train: {'epoch': 386, 'eta': 0.547, 'loss': 1.7412, 'lr': 0.0, 'params': 632328, 'time_iter': 0.04, 'accuracy': 0.9972}
train: {'epoch': 387, 'eta': 0.5049, 'loss': 1.7412, 'lr': 0.0, 'params': 632328, 'time_iter': 0.0401, 'accuracy': 0.9972}
train: {'epoch': 388, 'eta': 0.4627, 'loss': 1.7412, 'lr': 0.0, 'params': 632328, 'time_iter': 0.039, 'accuracy': 0.9972}
train: {'epoch': 389, 'eta': 0.4206, 'loss': 1.7412, 'lr': 0.0, 'params': 632328, 'time_iter': 0.0378, 'accuracy': 0.9972}
train: {'epoch': 390, 'eta': 0.3785, 'loss': 1.7412, 'lr': 0.0, 'params': 632328, 'time_iter': 0.0406, 'accuracy': 0.9972}
train: {'epoch': 391, 'eta': 0.3364, 'loss': 1.7412, 'lr': 0.0, 'params': 632328, 'time_iter': 0.039, 'accuracy': 0.9972}
train: {'epoch': 392, 'eta': 0.2943, 'loss': 1.7412, 'lr': 0.0, 'params': 632328, 'time_iter': 0.0414, 'accuracy': 0.9972}
train: {'epoch': 393, 'eta': 0.2522, 'loss': 1.7412, 'lr': 0.0, 'params': 632328, 'time_iter': 0.037, 'accuracy': 0.9972}
train: {'epoch': 394, 'eta': 0.2101, 'loss': 1.7412, 'lr': 0.0, 'params': 632328, 'time_iter': 0.0395, 'accuracy': 0.9972}
train: {'epoch': 395, 'eta': 0.1681, 'loss': 1.7412, 'lr': 0.0, 'params': 632328, 'time_iter': 0.0387, 'accuracy': 0.9972}
train: {'epoch': 396, 'eta': 0.126, 'loss': 1.7412, 'lr': 0.0, 'params': 632328, 'time_iter': 0.0398, 'accuracy': 0.9972}
train: {'epoch': 397, 'eta': 0.084, 'loss': 1.7412, 'lr': 0.0, 'params': 632328, 'time_iter': 0.0415, 'accuracy': 0.9972}
train: {'epoch': 398, 'eta': 0.042, 'loss': 1.7412, 'lr': 0.0, 'params': 632328, 'time_iter': 0.0391, 'accuracy': 0.9972}
train: {'epoch': 399, 'eta': 0.0, 'loss': 1.7412, 'lr': 0.0, 'params': 632328, 'time_iter': 0.055, 'accuracy': 0.9972}
val: {'epoch': 399, 'loss': 2.018, 'lr': 0, 'params': 632328, 'time_iter': 0.0181, 'accuracy': 0.8708}
Task done, results saved in results/example_noneq_2
Results aggregated across runs saved in results/example_noneq_2/agg
