Load: 0.05977s, Before split: 0.0001881s, Split: 0.00175s, After split: 0.001011s
GNN(
  (preprocess): Preprocess(
    node_feature: dim_out=1433
    Total: dim_out=1433
  )
  (pre_mp): GeneralMultiLayer(
    (Layer_0): GeneralLayer(
      (layer): Linear(
        (model): Linear(in_features=1433, out_features=256, bias=False)
      )
      (post_layer): Sequential(
        (0): BatchNorm1d(256, eps=1e-05, momentum=0.1, affine=True, track_running_stats=True)
        (1): PReLU(num_parameters=1)
      )
    )
  )
  (mp): GNNStackStage(
    (layer0): GeneralLayer(
      (layer): GeneralConv(
        (model): GeneralConvLayer(256, 256)
      )
      (post_layer): Sequential(
        (0): BatchNorm1d(256, eps=1e-05, momentum=0.1, affine=True, track_running_stats=True)
        (1): PReLU(num_parameters=1)
      )
    )
    (layer1): GeneralLayer(
      (layer): GeneralConv(
        (model): GeneralConvLayer(256, 256)
      )
      (post_layer): Sequential(
        (0): BatchNorm1d(256, eps=1e-05, momentum=0.1, affine=True, track_running_stats=True)
        (1): PReLU(num_parameters=1)
      )
    )
  )
  (post_mp): GNNNodeHead(
    (layer_post_mp): MLP(
      (model): Sequential(
        (0): Linear(
          (model): Linear(in_features=256, out_features=7, bias=True)
        )
      )
    )
  )
)
bn:
  eps: 1e-05
  mom: 0.1
cfg_dest: config.yaml
custom_metrics: []
dataset:
  augment_feature: []
  augment_feature_dims: []
  augment_feature_repr: position
  augment_label: 
  augment_label_dims: 0
  cache_load: False
  cache_save: False
  dir: ./datasets
  edge_dim: 128
  edge_encoder: False
  edge_encoder_bn: True
  edge_encoder_name: Bond
  edge_message_ratio: 0.8
  edge_negative_sampling_ratio: 1.0
  edge_train_mode: all
  encoder: True
  encoder_bn: True
  encoder_dim: 128
  encoder_name: db
  format: PyG
  label_column: none
  label_table: none
  location: local
  name: Cora
  node_encoder: False
  node_encoder_bn: True
  node_encoder_name: Atom
  remove_feature: False
  resample_disjoint: False
  resample_negative: False
  shuffle_split: True
  split: [0.8, 0.2]
  split_mode: random
  task: node
  task_type: classification
  to_undirected: False
  transductive: True
  transform: none
  tu_simple: True
device: cpu
example_arg: example
example_group:
  example_arg: example
gnn:
  act: prelu
  agg: add
  att_final_linear: False
  att_final_linear_bn: False
  att_heads: 1
  batchnorm: True
  clear_feature: True
  dim_inner: 256
  dropout: 0.0
  flow: source_to_target
  head: node
  keep_edge: 0.5
  l2norm: True
  layer_type: generalconv
  layers_mp: 2
  layers_post_mp: 1
  layers_pre_mp: 1
  msg_direction: single
  normalize_adj: False
  self_msg: concat
  skip_every: 1
  stage_type: stack
gpu_mem: False
mem:
  inplace: False
metric_agg: argmax
metric_best: auto
model:
  edge_decoding: dot
  graph_pooling: add
  loss_fun: cross_entropy
  match_upper: True
  size_average: mean
  thresh: 0.5
  type: gnn
num_threads: 6
num_workers: 0
optim:
  base_lr: 0.01
  lr_decay: 0.1
  max_epoch: 400
  momentum: 0.9
  optimizer: adam
  scheduler: cos
  steps: [30, 60, 90]
  weight_decay: 0.0005
out_dir: results/example_noneq_9
print: both
round: 4
run_dir: results/example_noneq_9/0
seed: 1
share:
  dim_in: 1433
  dim_out: 7
  num_splits: 2
tensorboard_agg: True
tensorboard_each_run: False
train:
  auto_resume: False
  batch_size: 32
  ckpt_clean: True
  ckpt_period: 100
  enable_ckpt: True
  energy_alpha: 3.0
  energy_beta: 1.0
  energy_reg: True
  epoch_resume: -1
  eval_period: 20
  iter_per_epoch: 32
  mode: standard
  neighbor_sizes: [20, 15, 10, 5]
  node_per_graph: 32
  radius: extend
  sample_node: False
  sampler: full_batch
  skip_train_eval: False
  walk_length: 4
val:
  node_per_graph: 32
  radius: extend
  sample_node: False
  sampler: full_batch
view_emb: False
Num parameters: 632328
Start from epoch 0
train: {'epoch': 0, 'eta': 74.6553, 'loss': 5.811, 'lr': 0.01, 'params': 632328, 'time_iter': 0.1871, 'accuracy': 0.1302}
val: {'epoch': 0, 'loss': 4.8897, 'lr': 0, 'params': 632328, 'time_iter': 0.021, 'accuracy': 0.3173}
train: {'epoch': 1, 'eta': 48.5494, 'loss': 5.069, 'lr': 0.01, 'params': 632328, 'time_iter': 0.0569, 'accuracy': 0.6307}
train: {'epoch': 2, 'eta': 39.5267, 'loss': 4.695, 'lr': 0.01, 'params': 632328, 'time_iter': 0.0547, 'accuracy': 0.6874}
train: {'epoch': 3, 'eta': 35.2319, 'loss': 4.4453, 'lr': 0.01, 'params': 632328, 'time_iter': 0.0572, 'accuracy': 0.7248}
train: {'epoch': 4, 'eta': 32.8546, 'loss': 4.2728, 'lr': 0.01, 'params': 632328, 'time_iter': 0.06, 'accuracy': 0.8042}
train: {'epoch': 5, 'eta': 31.292, 'loss': 4.1406, 'lr': 0.01, 'params': 632328, 'time_iter': 0.0606, 'accuracy': 0.7904}
train: {'epoch': 6, 'eta': 30.1156, 'loss': 4.035, 'lr': 0.01, 'params': 632328, 'time_iter': 0.0599, 'accuracy': 0.8333}
train: {'epoch': 7, 'eta': 29.2027, 'loss': 3.9351, 'lr': 0.01, 'params': 632328, 'time_iter': 0.0596, 'accuracy': 0.8421}
train: {'epoch': 8, 'eta': 28.2286, 'loss': 3.8594, 'lr': 0.01, 'params': 632328, 'time_iter': 0.0538, 'accuracy': 0.8555}
train: {'epoch': 9, 'eta': 27.4811, 'loss': 3.7946, 'lr': 0.01, 'params': 632328, 'time_iter': 0.0549, 'accuracy': 0.8693}
train: {'epoch': 10, 'eta': 26.8436, 'loss': 3.7378, 'lr': 0.01, 'params': 632328, 'time_iter': 0.0544, 'accuracy': 0.8855}
train: {'epoch': 11, 'eta': 26.2973, 'loss': 3.6902, 'lr': 0.01, 'params': 632328, 'time_iter': 0.0542, 'accuracy': 0.8984}
train: {'epoch': 12, 'eta': 25.8644, 'loss': 3.6477, 'lr': 0.01, 'params': 632328, 'time_iter': 0.0555, 'accuracy': 0.9067}
train: {'epoch': 13, 'eta': 25.4859, 'loss': 3.61, 'lr': 0.01, 'params': 632328, 'time_iter': 0.0555, 'accuracy': 0.9146}
train: {'epoch': 14, 'eta': 25.1669, 'loss': 3.5747, 'lr': 0.01, 'params': 632328, 'time_iter': 0.0562, 'accuracy': 0.9178}
train: {'epoch': 15, 'eta': 24.8672, 'loss': 3.5434, 'lr': 0.01, 'params': 632328, 'time_iter': 0.0556, 'accuracy': 0.922}
train: {'epoch': 16, 'eta': 24.5907, 'loss': 3.5153, 'lr': 0.01, 'params': 632328, 'time_iter': 0.0554, 'accuracy': 0.9257}
train: {'epoch': 17, 'eta': 24.6467, 'loss': 3.4905, 'lr': 0.01, 'params': 632328, 'time_iter': 0.0699, 'accuracy': 0.9289}
train: {'epoch': 18, 'eta': 24.4483, 'loss': 3.4683, 'lr': 0.01, 'params': 632328, 'time_iter': 0.0578, 'accuracy': 0.9312}
train: {'epoch': 19, 'eta': 24.219, 'loss': 3.4489, 'lr': 0.0099, 'params': 632328, 'time_iter': 0.0555, 'accuracy': 0.9354}
val: {'epoch': 19, 'loss': 3.5999, 'lr': 0, 'params': 632328, 'time_iter': 0.0205, 'accuracy': 0.8561}
train: {'epoch': 20, 'eta': 23.9631, 'loss': 3.4309, 'lr': 0.0099, 'params': 632328, 'time_iter': 0.0531, 'accuracy': 0.9404}
train: {'epoch': 21, 'eta': 23.7335, 'loss': 3.4147, 'lr': 0.0099, 'params': 632328, 'time_iter': 0.0535, 'accuracy': 0.9437}
train: {'epoch': 22, 'eta': 23.4683, 'loss': 3.3991, 'lr': 0.0099, 'params': 632328, 'time_iter': 0.0504, 'accuracy': 0.9478}
train: {'epoch': 23, 'eta': 23.2162, 'loss': 3.3853, 'lr': 0.0099, 'params': 632328, 'time_iter': 0.0501, 'accuracy': 0.9455}
train: {'epoch': 24, 'eta': 23.0252, 'loss': 3.3723, 'lr': 0.0099, 'params': 632328, 'time_iter': 0.0531, 'accuracy': 0.9488}
train: {'epoch': 25, 'eta': 22.8513, 'loss': 3.3607, 'lr': 0.0099, 'params': 632328, 'time_iter': 0.0536, 'accuracy': 0.9515}
train: {'epoch': 26, 'eta': 22.6816, 'loss': 3.3496, 'lr': 0.0099, 'params': 632328, 'time_iter': 0.0532, 'accuracy': 0.9524}
train: {'epoch': 27, 'eta': 22.5101, 'loss': 3.3387, 'lr': 0.0099, 'params': 632328, 'time_iter': 0.0525, 'accuracy': 0.9561}
train: {'epoch': 28, 'eta': 22.3567, 'loss': 3.3284, 'lr': 0.0099, 'params': 632328, 'time_iter': 0.0533, 'accuracy': 0.958}
train: {'epoch': 29, 'eta': 22.2431, 'loss': 3.3186, 'lr': 0.0099, 'params': 632328, 'time_iter': 0.0559, 'accuracy': 0.9626}
train: {'epoch': 30, 'eta': 22.1139, 'loss': 3.3094, 'lr': 0.0099, 'params': 632328, 'time_iter': 0.0543, 'accuracy': 0.9645}
train: {'epoch': 31, 'eta': 22.0342, 'loss': 3.3049, 'lr': 0.0099, 'params': 632328, 'time_iter': 0.0582, 'accuracy': 0.9677}
train: {'epoch': 32, 'eta': 21.9135, 'loss': 3.3845, 'lr': 0.0098, 'params': 632328, 'time_iter': 0.0544, 'accuracy': 0.9321}
train: {'epoch': 33, 'eta': 21.8168, 'loss': 3.4698, 'lr': 0.0098, 'params': 632328, 'time_iter': 0.0563, 'accuracy': 0.9252}
train: {'epoch': 34, 'eta': 22.4429, 'loss': 3.3468, 'lr': 0.0098, 'params': 632328, 'time_iter': 0.1254, 'accuracy': 0.9501}
train: {'epoch': 35, 'eta': 22.5239, 'loss': 3.4099, 'lr': 0.0098, 'params': 632328, 'time_iter': 0.0756, 'accuracy': 0.9206}
train: {'epoch': 36, 'eta': 22.7799, 'loss': 3.3387, 'lr': 0.0098, 'params': 632328, 'time_iter': 0.0943, 'accuracy': 0.9506}
train: {'epoch': 37, 'eta': 22.8964, 'loss': 3.3113, 'lr': 0.0098, 'params': 632328, 'time_iter': 0.0816, 'accuracy': 0.958}
train: {'epoch': 38, 'eta': 23.1248, 'loss': 3.3184, 'lr': 0.0098, 'params': 632328, 'time_iter': 0.0948, 'accuracy': 0.9575}
train: {'epoch': 39, 'eta': 23.3832, 'loss': 3.3151, 'lr': 0.0098, 'params': 632328, 'time_iter': 0.0999, 'accuracy': 0.9589}
val: {'epoch': 39, 'loss': 3.5802, 'lr': 0, 'params': 632328, 'time_iter': 0.0468, 'accuracy': 0.8542}
train: {'epoch': 40, 'eta': 23.5042, 'loss': 3.2969, 'lr': 0.0098, 'params': 632328, 'time_iter': 0.0862, 'accuracy': 0.9663}
train: {'epoch': 41, 'eta': 23.6754, 'loss': 3.2843, 'lr': 0.0097, 'params': 632328, 'time_iter': 0.0932, 'accuracy': 0.9663}
train: {'epoch': 42, 'eta': 24.8312, 'loss': 3.2807, 'lr': 0.0097, 'params': 632328, 'time_iter': 0.2133, 'accuracy': 0.964}
train: {'epoch': 43, 'eta': 25.058, 'loss': 3.2782, 'lr': 0.0097, 'params': 632328, 'time_iter': 0.1062, 'accuracy': 0.9635}
train: {'epoch': 44, 'eta': 25.5593, 'loss': 3.2683, 'lr': 0.0097, 'params': 632328, 'time_iter': 0.1429, 'accuracy': 0.9677}
train: {'epoch': 45, 'eta': 25.7819, 'loss': 3.2612, 'lr': 0.0097, 'params': 632328, 'time_iter': 0.1103, 'accuracy': 0.9705}
train: {'epoch': 46, 'eta': 25.9882, 'loss': 3.254, 'lr': 0.0097, 'params': 632328, 'time_iter': 0.11, 'accuracy': 0.9741}
train: {'epoch': 47, 'eta': 26.0223, 'loss': 3.2467, 'lr': 0.0097, 'params': 632328, 'time_iter': 0.0883, 'accuracy': 0.9755}
train: {'epoch': 48, 'eta': 26.2958, 'loss': 3.2443, 'lr': 0.0096, 'params': 632328, 'time_iter': 0.1224, 'accuracy': 0.9815}
train: {'epoch': 49, 'eta': 26.3485, 'loss': 3.2391, 'lr': 0.0096, 'params': 632328, 'time_iter': 0.0932, 'accuracy': 0.9825}
train: {'epoch': 50, 'eta': 26.397, 'loss': 3.2337, 'lr': 0.0096, 'params': 632328, 'time_iter': 0.0934, 'accuracy': 0.9852}
train: {'epoch': 51, 'eta': 26.421, 'loss': 3.2267, 'lr': 0.0096, 'params': 632328, 'time_iter': 0.0905, 'accuracy': 0.9838}
train: {'epoch': 52, 'eta': 26.5634, 'loss': 3.2242, 'lr': 0.0096, 'params': 632328, 'time_iter': 0.1093, 'accuracy': 0.9848}
train: {'epoch': 53, 'eta': 26.6164, 'loss': 3.2217, 'lr': 0.0096, 'params': 632328, 'time_iter': 0.0968, 'accuracy': 0.9843}
train: {'epoch': 54, 'eta': 26.6202, 'loss': 3.2203, 'lr': 0.0096, 'params': 632328, 'time_iter': 0.0898, 'accuracy': 0.9871}
train: {'epoch': 55, 'eta': 26.6314, 'loss': 3.2256, 'lr': 0.0095, 'params': 632328, 'time_iter': 0.0915, 'accuracy': 0.9829}
train: {'epoch': 56, 'eta': 26.6402, 'loss': 3.2155, 'lr': 0.0095, 'params': 632328, 'time_iter': 0.0918, 'accuracy': 0.9894}
train: {'epoch': 57, 'eta': 26.6968, 'loss': 3.2197, 'lr': 0.0095, 'params': 632328, 'time_iter': 0.1004, 'accuracy': 0.9848}
train: {'epoch': 58, 'eta': 26.7296, 'loss': 3.2418, 'lr': 0.0095, 'params': 632328, 'time_iter': 0.0972, 'accuracy': 0.9741}
train: {'epoch': 59, 'eta': 26.7162, 'loss': 3.2355, 'lr': 0.0095, 'params': 632328, 'time_iter': 0.0899, 'accuracy': 0.9695}
val: {'epoch': 59, 'loss': 3.6189, 'lr': 0, 'params': 632328, 'time_iter': 0.0398, 'accuracy': 0.8284}
train: {'epoch': 60, 'eta': 26.7246, 'loss': 3.2217, 'lr': 0.0095, 'params': 632328, 'time_iter': 0.0942, 'accuracy': 0.9801}
train: {'epoch': 61, 'eta': 26.9054, 'loss': 3.2146, 'lr': 0.0094, 'params': 632328, 'time_iter': 0.1265, 'accuracy': 0.9797}
train: {'epoch': 62, 'eta': 26.9183, 'loss': 3.2148, 'lr': 0.0094, 'params': 632328, 'time_iter': 0.0969, 'accuracy': 0.9825}
train: {'epoch': 63, 'eta': 26.9458, 'loss': 3.2, 'lr': 0.0094, 'params': 632328, 'time_iter': 0.1003, 'accuracy': 0.9871}
train: {'epoch': 64, 'eta': 26.9204, 'loss': 3.2043, 'lr': 0.0094, 'params': 632328, 'time_iter': 0.0908, 'accuracy': 0.9866}
train: {'epoch': 65, 'eta': 26.9118, 'loss': 3.1995, 'lr': 0.0094, 'params': 632328, 'time_iter': 0.0945, 'accuracy': 0.9894}
train: {'epoch': 66, 'eta': 27.046, 'loss': 3.1934, 'lr': 0.0093, 'params': 632328, 'time_iter': 0.1238, 'accuracy': 0.9917}
train: {'epoch': 67, 'eta': 27.0578, 'loss': 3.1917, 'lr': 0.0093, 'params': 632328, 'time_iter': 0.1003, 'accuracy': 0.9917}
train: {'epoch': 68, 'eta': 27.0294, 'loss': 3.1874, 'lr': 0.0093, 'params': 632328, 'time_iter': 0.0926, 'accuracy': 0.9917}
train: {'epoch': 69, 'eta': 27.0178, 'loss': 3.1851, 'lr': 0.0093, 'params': 632328, 'time_iter': 0.0965, 'accuracy': 0.9908}
train: {'epoch': 70, 'eta': 27.0158, 'loss': 3.182, 'lr': 0.0093, 'params': 632328, 'time_iter': 0.0991, 'accuracy': 0.9917}
train: {'epoch': 71, 'eta': 26.981, 'loss': 3.1783, 'lr': 0.0092, 'params': 632328, 'time_iter': 0.0925, 'accuracy': 0.9949}
train: {'epoch': 72, 'eta': 27.0526, 'loss': 3.1772, 'lr': 0.0092, 'params': 632328, 'time_iter': 0.1166, 'accuracy': 0.9949}
train: {'epoch': 73, 'eta': 27.0239, 'loss': 3.174, 'lr': 0.0092, 'params': 632328, 'time_iter': 0.095, 'accuracy': 0.9954}
train: {'epoch': 74, 'eta': 27.056, 'loss': 3.1715, 'lr': 0.0092, 'params': 632328, 'time_iter': 0.1094, 'accuracy': 0.9958}
train: {'epoch': 75, 'eta': 27.103, 'loss': 3.1714, 'lr': 0.0092, 'params': 632328, 'time_iter': 0.1138, 'accuracy': 0.9963}
train: {'epoch': 76, 'eta': 27.192, 'loss': 3.1678, 'lr': 0.0091, 'params': 632328, 'time_iter': 0.1248, 'accuracy': 0.9949}
train: {'epoch': 77, 'eta': 27.2096, 'loss': 3.1664, 'lr': 0.0091, 'params': 632328, 'time_iter': 0.1089, 'accuracy': 0.9954}
train: {'epoch': 78, 'eta': 27.2354, 'loss': 3.1637, 'lr': 0.0091, 'params': 632328, 'time_iter': 0.1116, 'accuracy': 0.9977}
train: {'epoch': 79, 'eta': 27.2686, 'loss': 3.1617, 'lr': 0.0091, 'params': 632328, 'time_iter': 0.1144, 'accuracy': 0.9995}
val: {'epoch': 79, 'loss': 3.5749, 'lr': 0, 'params': 632328, 'time_iter': 0.0483, 'accuracy': 0.8339}
train: {'epoch': 80, 'eta': 27.2389, 'loss': 3.1619, 'lr': 0.009, 'params': 632328, 'time_iter': 0.0993, 'accuracy': 0.9972}
train: {'epoch': 81, 'eta': 27.3416, 'loss': 3.1657, 'lr': 0.009, 'params': 632328, 'time_iter': 0.1339, 'accuracy': 0.9949}
train: {'epoch': 82, 'eta': 27.2719, 'loss': 3.1854, 'lr': 0.009, 'params': 632328, 'time_iter': 0.0902, 'accuracy': 0.9912}
train: {'epoch': 83, 'eta': 27.416, 'loss': 3.2703, 'lr': 0.009, 'params': 632328, 'time_iter': 0.1472, 'accuracy': 0.9663}
train: {'epoch': 84, 'eta': 27.3575, 'loss': 3.4295, 'lr': 0.009, 'params': 632328, 'time_iter': 0.0944, 'accuracy': 0.9349}
train: {'epoch': 85, 'eta': 27.2974, 'loss': 3.3134, 'lr': 0.0089, 'params': 632328, 'time_iter': 0.0942, 'accuracy': 0.9617}
train: {'epoch': 86, 'eta': 27.26, 'loss': 3.2893, 'lr': 0.0089, 'params': 632328, 'time_iter': 0.1007, 'accuracy': 0.9658}
train: {'epoch': 87, 'eta': 27.1984, 'loss': 3.2602, 'lr': 0.0089, 'params': 632328, 'time_iter': 0.0943, 'accuracy': 0.9714}
train: {'epoch': 88, 'eta': 27.1343, 'loss': 3.2549, 'lr': 0.0089, 'params': 632328, 'time_iter': 0.0938, 'accuracy': 0.9718}
train: {'epoch': 89, 'eta': 27.056, 'loss': 3.2409, 'lr': 0.0088, 'params': 632328, 'time_iter': 0.0898, 'accuracy': 0.9811}
train: {'epoch': 90, 'eta': 26.9897, 'loss': 3.2325, 'lr': 0.0088, 'params': 632328, 'time_iter': 0.0934, 'accuracy': 0.9825}
train: {'epoch': 91, 'eta': 26.9291, 'loss': 3.2251, 'lr': 0.0088, 'params': 632328, 'time_iter': 0.0954, 'accuracy': 0.9843}
train: {'epoch': 92, 'eta': 26.9382, 'loss': 3.2163, 'lr': 0.0088, 'params': 632328, 'time_iter': 0.1167, 'accuracy': 0.9875}
train: {'epoch': 93, 'eta': 26.9167, 'loss': 3.212, 'lr': 0.0087, 'params': 632328, 'time_iter': 0.1081, 'accuracy': 0.9885}
train: {'epoch': 94, 'eta': 26.8795, 'loss': 3.204, 'lr': 0.0087, 'params': 632328, 'time_iter': 0.1038, 'accuracy': 0.9871}
train: {'epoch': 95, 'eta': 26.9009, 'loss': 3.1995, 'lr': 0.0087, 'params': 632328, 'time_iter': 0.1227, 'accuracy': 0.988}
train: {'epoch': 96, 'eta': 26.846, 'loss': 3.1957, 'lr': 0.0086, 'params': 632328, 'time_iter': 0.0992, 'accuracy': 0.9894}
train: {'epoch': 97, 'eta': 26.7582, 'loss': 3.1929, 'lr': 0.0086, 'params': 632328, 'time_iter': 0.0889, 'accuracy': 0.9894}
train: {'epoch': 98, 'eta': 26.7115, 'loss': 3.188, 'lr': 0.0086, 'params': 632328, 'time_iter': 0.1024, 'accuracy': 0.9908}
train: {'epoch': 99, 'eta': 26.6485, 'loss': 3.1841, 'lr': 0.0086, 'params': 632328, 'time_iter': 0.0973, 'accuracy': 0.9912}
val: {'epoch': 99, 'loss': 3.5574, 'lr': 0, 'params': 632328, 'time_iter': 0.042, 'accuracy': 0.8635}
train: {'epoch': 100, 'eta': 26.5475, 'loss': 3.1811, 'lr': 0.0085, 'params': 632328, 'time_iter': 0.0847, 'accuracy': 0.9931}
train: {'epoch': 101, 'eta': 26.4877, 'loss': 3.1781, 'lr': 0.0085, 'params': 632328, 'time_iter': 0.0987, 'accuracy': 0.9935}
train: {'epoch': 102, 'eta': 26.4139, 'loss': 3.1751, 'lr': 0.0085, 'params': 632328, 'time_iter': 0.0941, 'accuracy': 0.9935}
train: {'epoch': 103, 'eta': 26.3365, 'loss': 3.1725, 'lr': 0.0085, 'params': 632328, 'time_iter': 0.093, 'accuracy': 0.994}
train: {'epoch': 104, 'eta': 26.2439, 'loss': 3.1697, 'lr': 0.0084, 'params': 632328, 'time_iter': 0.0877, 'accuracy': 0.994}
train: {'epoch': 105, 'eta': 26.1634, 'loss': 3.1672, 'lr': 0.0084, 'params': 632328, 'time_iter': 0.092, 'accuracy': 0.9945}
train: {'epoch': 106, 'eta': 26.0927, 'loss': 3.1651, 'lr': 0.0084, 'params': 632328, 'time_iter': 0.0957, 'accuracy': 0.9954}
train: {'epoch': 107, 'eta': 26.1169, 'loss': 3.1625, 'lr': 0.0083, 'params': 632328, 'time_iter': 0.1309, 'accuracy': 0.9954}
train: {'epoch': 108, 'eta': 26.0453, 'loss': 3.1617, 'lr': 0.0083, 'params': 632328, 'time_iter': 0.0961, 'accuracy': 0.9945}
train: {'epoch': 109, 'eta': 25.9656, 'loss': 3.1689, 'lr': 0.0083, 'params': 632328, 'time_iter': 0.0932, 'accuracy': 0.9968}
train: {'epoch': 110, 'eta': 25.8847, 'loss': 3.1871, 'lr': 0.0082, 'params': 632328, 'time_iter': 0.0929, 'accuracy': 0.9917}
train: {'epoch': 111, 'eta': 25.8121, 'loss': 3.172, 'lr': 0.0082, 'params': 632328, 'time_iter': 0.0962, 'accuracy': 0.9949}
train: {'epoch': 112, 'eta': 25.7349, 'loss': 3.1688, 'lr': 0.0082, 'params': 632328, 'time_iter': 0.0945, 'accuracy': 0.9908}
train: {'epoch': 113, 'eta': 25.6691, 'loss': 3.1673, 'lr': 0.0082, 'params': 632328, 'time_iter': 0.0992, 'accuracy': 0.9912}
train: {'epoch': 114, 'eta': 25.5993, 'loss': 3.1645, 'lr': 0.0081, 'params': 632328, 'time_iter': 0.0978, 'accuracy': 0.9945}
train: {'epoch': 115, 'eta': 25.5181, 'loss': 3.1616, 'lr': 0.0081, 'params': 632328, 'time_iter': 0.0934, 'accuracy': 0.9958}
train: {'epoch': 116, 'eta': 25.4691, 'loss': 3.1575, 'lr': 0.0081, 'params': 632328, 'time_iter': 0.1067, 'accuracy': 0.9968}
train: {'epoch': 117, 'eta': 25.388, 'loss': 3.1574, 'lr': 0.008, 'params': 632328, 'time_iter': 0.0937, 'accuracy': 0.9931}
train: {'epoch': 118, 'eta': 25.3094, 'loss': 3.1539, 'lr': 0.008, 'params': 632328, 'time_iter': 0.0949, 'accuracy': 0.9963}
train: {'epoch': 119, 'eta': 25.2308, 'loss': 3.1534, 'lr': 0.008, 'params': 632328, 'time_iter': 0.095, 'accuracy': 0.9963}
val: {'epoch': 119, 'loss': 3.5359, 'lr': 0, 'params': 632328, 'time_iter': 0.0443, 'accuracy': 0.8579}
train: {'epoch': 120, 'eta': 25.1301, 'loss': 3.1514, 'lr': 0.0079, 'params': 632328, 'time_iter': 0.0855, 'accuracy': 0.9968}
train: {'epoch': 121, 'eta': 25.0423, 'loss': 3.1526, 'lr': 0.0079, 'params': 632328, 'time_iter': 0.0911, 'accuracy': 0.9972}
train: {'epoch': 122, 'eta': 24.9682, 'loss': 3.1491, 'lr': 0.0079, 'params': 632328, 'time_iter': 0.0972, 'accuracy': 0.9972}
train: {'epoch': 123, 'eta': 24.8976, 'loss': 3.1554, 'lr': 0.0078, 'params': 632328, 'time_iter': 0.0989, 'accuracy': 0.9982}
train: {'epoch': 124, 'eta': 24.8232, 'loss': 3.1645, 'lr': 0.0078, 'params': 632328, 'time_iter': 0.0974, 'accuracy': 0.994}
train: {'epoch': 125, 'eta': 24.8576, 'loss': 3.1511, 'lr': 0.0078, 'params': 632328, 'time_iter': 0.1476, 'accuracy': 0.9954}
train: {'epoch': 126, 'eta': 24.8772, 'loss': 3.1596, 'lr': 0.0077, 'params': 632328, 'time_iter': 0.142, 'accuracy': 0.9972}
train: {'epoch': 127, 'eta': 24.8737, 'loss': 3.1597, 'lr': 0.0077, 'params': 632328, 'time_iter': 0.1324, 'accuracy': 0.9954}
train: {'epoch': 128, 'eta': 24.8995, 'loss': 3.1568, 'lr': 0.0077, 'params': 632328, 'time_iter': 0.1472, 'accuracy': 0.9949}
train: {'epoch': 129, 'eta': 24.9467, 'loss': 3.1545, 'lr': 0.0076, 'params': 632328, 'time_iter': 0.1589, 'accuracy': 0.9968}
train: {'epoch': 130, 'eta': 24.9649, 'loss': 3.1507, 'lr': 0.0076, 'params': 632328, 'time_iter': 0.1463, 'accuracy': 0.9963}
train: {'epoch': 131, 'eta': 24.9365, 'loss': 3.1485, 'lr': 0.0076, 'params': 632328, 'time_iter': 0.1245, 'accuracy': 0.9977}
train: {'epoch': 132, 'eta': 24.8812, 'loss': 3.1468, 'lr': 0.0075, 'params': 632328, 'time_iter': 0.1119, 'accuracy': 0.9972}
train: {'epoch': 133, 'eta': 24.8178, 'loss': 3.1447, 'lr': 0.0075, 'params': 632328, 'time_iter': 0.1082, 'accuracy': 0.9977}
train: {'epoch': 134, 'eta': 24.7486, 'loss': 3.1421, 'lr': 0.0075, 'params': 632328, 'time_iter': 0.1056, 'accuracy': 0.9972}
train: {'epoch': 135, 'eta': 24.6547, 'loss': 3.1402, 'lr': 0.0074, 'params': 632328, 'time_iter': 0.0931, 'accuracy': 0.9982}
train: {'epoch': 136, 'eta': 24.5635, 'loss': 3.1405, 'lr': 0.0074, 'params': 632328, 'time_iter': 0.0945, 'accuracy': 0.9982}
train: {'epoch': 137, 'eta': 24.4745, 'loss': 3.1393, 'lr': 0.0074, 'params': 632328, 'time_iter': 0.0957, 'accuracy': 0.9986}
train: {'epoch': 138, 'eta': 24.3825, 'loss': 3.1369, 'lr': 0.0073, 'params': 632328, 'time_iter': 0.0942, 'accuracy': 0.9982}
train: {'epoch': 139, 'eta': 24.3001, 'loss': 3.1354, 'lr': 0.0073, 'params': 632328, 'time_iter': 0.0993, 'accuracy': 0.9982}
val: {'epoch': 139, 'loss': 3.517, 'lr': 0, 'params': 632328, 'time_iter': 0.0568, 'accuracy': 0.8542}
train: {'epoch': 140, 'eta': 24.3437, 'loss': 3.1347, 'lr': 0.0073, 'params': 632328, 'time_iter': 0.1681, 'accuracy': 0.9986}
train: {'epoch': 141, 'eta': 24.3005, 'loss': 3.1335, 'lr': 0.0072, 'params': 632328, 'time_iter': 0.122, 'accuracy': 0.9991}
train: {'epoch': 142, 'eta': 24.2149, 'loss': 3.1327, 'lr': 0.0072, 'params': 632328, 'time_iter': 0.099, 'accuracy': 0.9986}
train: {'epoch': 143, 'eta': 24.5642, 'loss': 3.1318, 'lr': 0.0072, 'params': 632328, 'time_iter': 0.3437, 'accuracy': 0.9991}
train: {'epoch': 144, 'eta': 24.7338, 'loss': 3.1303, 'lr': 0.0071, 'params': 632328, 'time_iter': 0.247, 'accuracy': 0.9986}
train: {'epoch': 145, 'eta': 24.7508, 'loss': 3.1301, 'lr': 0.0071, 'params': 632328, 'time_iter': 0.1625, 'accuracy': 0.9982}
train: {'epoch': 146, 'eta': 24.7077, 'loss': 3.1293, 'lr': 0.0071, 'params': 632328, 'time_iter': 0.129, 'accuracy': 1.0}
train: {'epoch': 147, 'eta': 24.6349, 'loss': 3.1287, 'lr': 0.007, 'params': 632328, 'time_iter': 0.1123, 'accuracy': 0.9995}
train: {'epoch': 148, 'eta': 24.5437, 'loss': 3.1283, 'lr': 0.007, 'params': 632328, 'time_iter': 0.1017, 'accuracy': 0.9986}
train: {'epoch': 149, 'eta': 24.4322, 'loss': 3.1272, 'lr': 0.0069, 'params': 632328, 'time_iter': 0.0895, 'accuracy': 1.0}
train: {'epoch': 150, 'eta': 24.3384, 'loss': 3.127, 'lr': 0.0069, 'params': 632328, 'time_iter': 0.1001, 'accuracy': 0.9991}
train: {'epoch': 151, 'eta': 24.2348, 'loss': 3.1273, 'lr': 0.0069, 'params': 632328, 'time_iter': 0.0942, 'accuracy': 1.0}
train: {'epoch': 152, 'eta': 24.1331, 'loss': 3.1293, 'lr': 0.0068, 'params': 632328, 'time_iter': 0.0953, 'accuracy': 0.9982}
train: {'epoch': 153, 'eta': 24.0268, 'loss': 3.1361, 'lr': 0.0068, 'params': 632328, 'time_iter': 0.0923, 'accuracy': 1.0}
train: {'epoch': 154, 'eta': 24.0014, 'loss': 3.1724, 'lr': 0.0068, 'params': 632328, 'time_iter': 0.1434, 'accuracy': 0.9894}
train: {'epoch': 155, 'eta': 23.8776, 'loss': 3.2137, 'lr': 0.0067, 'params': 632328, 'time_iter': 0.0815, 'accuracy': 0.9792}
train: {'epoch': 156, 'eta': 23.8779, 'loss': 3.1731, 'lr': 0.0067, 'params': 632328, 'time_iter': 0.1613, 'accuracy': 0.9866}
train: {'epoch': 157, 'eta': 23.8524, 'loss': 3.1962, 'lr': 0.0067, 'params': 632328, 'time_iter': 0.1457, 'accuracy': 0.9857}
train: {'epoch': 158, 'eta': 23.8873, 'loss': 3.1689, 'lr': 0.0066, 'params': 632328, 'time_iter': 0.1866, 'accuracy': 0.994}
train: {'epoch': 159, 'eta': 24.0345, 'loss': 3.1662, 'lr': 0.0066, 'params': 632328, 'time_iter': 0.2633, 'accuracy': 0.9931}
val: {'epoch': 159, 'loss': 3.6246, 'lr': 0, 'params': 632328, 'time_iter': 0.0935, 'accuracy': 0.8469}
train: {'epoch': 160, 'eta': 24.0595, 'loss': 3.1615, 'lr': 0.0065, 'params': 632328, 'time_iter': 0.1845, 'accuracy': 0.9935}
train: {'epoch': 161, 'eta': 24.0399, 'loss': 3.1577, 'lr': 0.0065, 'params': 632328, 'time_iter': 0.1558, 'accuracy': 0.9949}
train: {'epoch': 162, 'eta': 23.9811, 'loss': 3.1536, 'lr': 0.0065, 'params': 632328, 'time_iter': 0.13, 'accuracy': 0.9958}
train: {'epoch': 163, 'eta': 23.9464, 'loss': 3.1498, 'lr': 0.0064, 'params': 632328, 'time_iter': 0.1474, 'accuracy': 0.9963}
train: {'epoch': 164, 'eta': 23.9464, 'loss': 3.1463, 'lr': 0.0064, 'params': 632328, 'time_iter': 0.1727, 'accuracy': 0.9982}
train: {'epoch': 165, 'eta': 23.9278, 'loss': 3.1436, 'lr': 0.0064, 'params': 632328, 'time_iter': 0.161, 'accuracy': 0.9977}
train: {'epoch': 166, 'eta': 23.9362, 'loss': 3.1414, 'lr': 0.0063, 'params': 632328, 'time_iter': 0.1816, 'accuracy': 0.9986}
train: {'epoch': 167, 'eta': 23.8935, 'loss': 3.1391, 'lr': 0.0063, 'params': 632328, 'time_iter': 0.1463, 'accuracy': 0.9982}
train: {'epoch': 168, 'eta': 23.8188, 'loss': 3.1374, 'lr': 0.0062, 'params': 632328, 'time_iter': 0.1237, 'accuracy': 0.9986}
train: {'epoch': 169, 'eta': 23.7088, 'loss': 3.1357, 'lr': 0.0062, 'params': 632328, 'time_iter': 0.098, 'accuracy': 0.9982}
train: {'epoch': 170, 'eta': 23.6117, 'loss': 3.1343, 'lr': 0.0062, 'params': 632328, 'time_iter': 0.1075, 'accuracy': 0.9991}
train: {'epoch': 171, 'eta': 23.5138, 'loss': 3.1328, 'lr': 0.0061, 'params': 632328, 'time_iter': 0.107, 'accuracy': 0.9991}
train: {'epoch': 172, 'eta': 23.4225, 'loss': 3.1312, 'lr': 0.0061, 'params': 632328, 'time_iter': 0.1121, 'accuracy': 0.9995}
train: {'epoch': 173, 'eta': 23.3333, 'loss': 3.1303, 'lr': 0.0061, 'params': 632328, 'time_iter': 0.1139, 'accuracy': 1.0}
train: {'epoch': 174, 'eta': 23.2183, 'loss': 3.1293, 'lr': 0.006, 'params': 632328, 'time_iter': 0.0941, 'accuracy': 0.9995}
train: {'epoch': 175, 'eta': 23.1047, 'loss': 3.1286, 'lr': 0.006, 'params': 632328, 'time_iter': 0.095, 'accuracy': 0.9995}
train: {'epoch': 176, 'eta': 22.9846, 'loss': 3.1277, 'lr': 0.0059, 'params': 632328, 'time_iter': 0.0897, 'accuracy': 0.9995}
train: {'epoch': 177, 'eta': 22.8674, 'loss': 3.1268, 'lr': 0.0059, 'params': 632328, 'time_iter': 0.0918, 'accuracy': 0.9995}
train: {'epoch': 178, 'eta': 22.7475, 'loss': 3.1262, 'lr': 0.0059, 'params': 632328, 'time_iter': 0.0893, 'accuracy': 1.0}
train: {'epoch': 179, 'eta': 22.6467, 'loss': 3.1255, 'lr': 0.0058, 'params': 632328, 'time_iter': 0.1046, 'accuracy': 1.0}
val: {'epoch': 179, 'loss': 3.5393, 'lr': 0, 'params': 632328, 'time_iter': 0.0422, 'accuracy': 0.8598}
train: {'epoch': 180, 'eta': 22.5239, 'loss': 3.1249, 'lr': 0.0058, 'params': 632328, 'time_iter': 0.0866, 'accuracy': 1.0}
train: {'epoch': 181, 'eta': 22.416, 'loss': 3.1242, 'lr': 0.0057, 'params': 632328, 'time_iter': 0.0986, 'accuracy': 0.9991}
train: {'epoch': 182, 'eta': 22.3053, 'loss': 3.1237, 'lr': 0.0057, 'params': 632328, 'time_iter': 0.0962, 'accuracy': 0.9995}
train: {'epoch': 183, 'eta': 22.19, 'loss': 3.1232, 'lr': 0.0057, 'params': 632328, 'time_iter': 0.0921, 'accuracy': 0.9995}
train: {'epoch': 184, 'eta': 22.0786, 'loss': 3.1229, 'lr': 0.0056, 'params': 632328, 'time_iter': 0.0953, 'accuracy': 0.9995}
train: {'epoch': 185, 'eta': 21.9704, 'loss': 3.1225, 'lr': 0.0056, 'params': 632328, 'time_iter': 0.0979, 'accuracy': 0.9995}
train: {'epoch': 186, 'eta': 21.8511, 'loss': 3.1221, 'lr': 0.0055, 'params': 632328, 'time_iter': 0.088, 'accuracy': 0.9995}
train: {'epoch': 187, 'eta': 21.7481, 'loss': 3.1217, 'lr': 0.0055, 'params': 632328, 'time_iter': 0.1022, 'accuracy': 0.9995}
train: {'epoch': 188, 'eta': 21.6284, 'loss': 3.1213, 'lr': 0.0055, 'params': 632328, 'time_iter': 0.0873, 'accuracy': 0.9995}
train: {'epoch': 189, 'eta': 21.5207, 'loss': 3.121, 'lr': 0.0054, 'params': 632328, 'time_iter': 0.0978, 'accuracy': 0.9995}
train: {'epoch': 190, 'eta': 21.4081, 'loss': 3.1207, 'lr': 0.0054, 'params': 632328, 'time_iter': 0.0933, 'accuracy': 0.9995}
train: {'epoch': 191, 'eta': 21.2936, 'loss': 3.1204, 'lr': 0.0054, 'params': 632328, 'time_iter': 0.0913, 'accuracy': 1.0}
train: {'epoch': 192, 'eta': 21.1857, 'loss': 3.1201, 'lr': 0.0053, 'params': 632328, 'time_iter': 0.0972, 'accuracy': 1.0}
train: {'epoch': 193, 'eta': 21.0731, 'loss': 3.1198, 'lr': 0.0053, 'params': 632328, 'time_iter': 0.0927, 'accuracy': 1.0}
train: {'epoch': 194, 'eta': 20.959, 'loss': 3.1195, 'lr': 0.0052, 'params': 632328, 'time_iter': 0.0911, 'accuracy': 1.0}
train: {'epoch': 195, 'eta': 20.8518, 'loss': 3.1192, 'lr': 0.0052, 'params': 632328, 'time_iter': 0.0975, 'accuracy': 1.0}
train: {'epoch': 196, 'eta': 20.7317, 'loss': 3.119, 'lr': 0.0052, 'params': 632328, 'time_iter': 0.0848, 'accuracy': 0.9995}
train: {'epoch': 197, 'eta': 20.6264, 'loss': 3.1187, 'lr': 0.0051, 'params': 632328, 'time_iter': 0.099, 'accuracy': 0.9995}
train: {'epoch': 198, 'eta': 20.5281, 'loss': 3.1185, 'lr': 0.0051, 'params': 632328, 'time_iter': 0.1059, 'accuracy': 0.9995}
train: {'epoch': 199, 'eta': 20.4187, 'loss': 3.1184, 'lr': 0.005, 'params': 632328, 'time_iter': 0.0949, 'accuracy': 0.9995}
val: {'epoch': 199, 'loss': 3.5113, 'lr': 0, 'params': 632328, 'time_iter': 0.0406, 'accuracy': 0.8524}
train: {'epoch': 200, 'eta': 20.3085, 'loss': 3.1188, 'lr': 0.005, 'params': 632328, 'time_iter': 0.0939, 'accuracy': 0.9995}
train: {'epoch': 201, 'eta': 20.1945, 'loss': 3.1208, 'lr': 0.005, 'params': 632328, 'time_iter': 0.0899, 'accuracy': 0.9995}
train: {'epoch': 202, 'eta': 20.0848, 'loss': 3.1209, 'lr': 0.0049, 'params': 632328, 'time_iter': 0.0941, 'accuracy': 1.0}
train: {'epoch': 203, 'eta': 19.9706, 'loss': 3.1189, 'lr': 0.0049, 'params': 632328, 'time_iter': 0.0892, 'accuracy': 0.9995}
train: {'epoch': 204, 'eta': 19.8674, 'loss': 3.1194, 'lr': 0.0048, 'params': 632328, 'time_iter': 0.1005, 'accuracy': 0.9995}
train: {'epoch': 205, 'eta': 19.7534, 'loss': 3.1188, 'lr': 0.0048, 'params': 632328, 'time_iter': 0.089, 'accuracy': 1.0}
train: {'epoch': 206, 'eta': 19.6452, 'loss': 3.1185, 'lr': 0.0048, 'params': 632328, 'time_iter': 0.0949, 'accuracy': 1.0}
train: {'epoch': 207, 'eta': 19.5287, 'loss': 3.118, 'lr': 0.0047, 'params': 632328, 'time_iter': 0.0859, 'accuracy': 0.9991}
train: {'epoch': 208, 'eta': 19.4257, 'loss': 3.1182, 'lr': 0.0047, 'params': 632328, 'time_iter': 0.1004, 'accuracy': 0.9995}
train: {'epoch': 209, 'eta': 19.3154, 'loss': 3.1188, 'lr': 0.0046, 'params': 632328, 'time_iter': 0.0922, 'accuracy': 0.9991}
train: {'epoch': 210, 'eta': 19.207, 'loss': 3.1178, 'lr': 0.0046, 'params': 632328, 'time_iter': 0.0941, 'accuracy': 1.0}
train: {'epoch': 211, 'eta': 19.1575, 'loss': 3.1176, 'lr': 0.0046, 'params': 632328, 'time_iter': 0.1604, 'accuracy': 0.9995}
train: {'epoch': 212, 'eta': 19.0613, 'loss': 3.1177, 'lr': 0.0045, 'params': 632328, 'time_iter': 0.1084, 'accuracy': 0.9995}
train: {'epoch': 213, 'eta': 18.9543, 'loss': 3.1171, 'lr': 0.0045, 'params': 632328, 'time_iter': 0.0961, 'accuracy': 0.9995}
train: {'epoch': 214, 'eta': 18.8445, 'loss': 3.117, 'lr': 0.0045, 'params': 632328, 'time_iter': 0.0927, 'accuracy': 1.0}
train: {'epoch': 215, 'eta': 18.741, 'loss': 3.1168, 'lr': 0.0044, 'params': 632328, 'time_iter': 0.1, 'accuracy': 1.0}
train: {'epoch': 216, 'eta': 18.6287, 'loss': 3.1174, 'lr': 0.0044, 'params': 632328, 'time_iter': 0.0894, 'accuracy': 1.0}
train: {'epoch': 217, 'eta': 18.5731, 'loss': 3.1169, 'lr': 0.0043, 'params': 632328, 'time_iter': 0.1572, 'accuracy': 0.9995}
train: {'epoch': 218, 'eta': 18.4642, 'loss': 3.1165, 'lr': 0.0043, 'params': 632328, 'time_iter': 0.0937, 'accuracy': 1.0}
train: {'epoch': 219, 'eta': 18.3577, 'loss': 3.1166, 'lr': 0.0043, 'params': 632328, 'time_iter': 0.0966, 'accuracy': 1.0}
val: {'epoch': 219, 'loss': 3.5208, 'lr': 0, 'params': 632328, 'time_iter': 0.0375, 'accuracy': 0.8506}
train: {'epoch': 220, 'eta': 18.2478, 'loss': 3.1165, 'lr': 0.0042, 'params': 632328, 'time_iter': 0.0922, 'accuracy': 0.9995}
train: {'epoch': 221, 'eta': 18.1622, 'loss': 3.116, 'lr': 0.0042, 'params': 632328, 'time_iter': 0.1223, 'accuracy': 0.9995}
train: {'epoch': 222, 'eta': 18.0509, 'loss': 3.1157, 'lr': 0.0041, 'params': 632328, 'time_iter': 0.0904, 'accuracy': 1.0}
train: {'epoch': 223, 'eta': 17.9466, 'loss': 3.1158, 'lr': 0.0041, 'params': 632328, 'time_iter': 0.0989, 'accuracy': 1.0}
train: {'epoch': 224, 'eta': 17.833, 'loss': 3.1154, 'lr': 0.0041, 'params': 632328, 'time_iter': 0.0871, 'accuracy': 0.9995}
train: {'epoch': 225, 'eta': 17.727, 'loss': 3.1152, 'lr': 0.004, 'params': 632328, 'time_iter': 0.0966, 'accuracy': 0.9995}
train: {'epoch': 226, 'eta': 17.6107, 'loss': 3.1156, 'lr': 0.004, 'params': 632328, 'time_iter': 0.083, 'accuracy': 1.0}
train: {'epoch': 227, 'eta': 17.505, 'loss': 3.1154, 'lr': 0.0039, 'params': 632328, 'time_iter': 0.0965, 'accuracy': 0.9995}
train: {'epoch': 228, 'eta': 17.401, 'loss': 3.1155, 'lr': 0.0039, 'params': 632328, 'time_iter': 0.0988, 'accuracy': 1.0}
train: {'epoch': 229, 'eta': 17.2918, 'loss': 3.1156, 'lr': 0.0039, 'params': 632328, 'time_iter': 0.0917, 'accuracy': 0.9995}
train: {'epoch': 230, 'eta': 17.184, 'loss': 3.115, 'lr': 0.0038, 'params': 632328, 'time_iter': 0.0934, 'accuracy': 1.0}
train: {'epoch': 231, 'eta': 17.0727, 'loss': 3.1145, 'lr': 0.0038, 'params': 632328, 'time_iter': 0.0884, 'accuracy': 0.9995}
train: {'epoch': 232, 'eta': 16.9633, 'loss': 3.1147, 'lr': 0.0038, 'params': 632328, 'time_iter': 0.0908, 'accuracy': 0.9995}
train: {'epoch': 233, 'eta': 16.855, 'loss': 3.1147, 'lr': 0.0037, 'params': 632328, 'time_iter': 0.092, 'accuracy': 1.0}
train: {'epoch': 234, 'eta': 16.7457, 'loss': 3.1148, 'lr': 0.0037, 'params': 632328, 'time_iter': 0.0905, 'accuracy': 0.9995}
train: {'epoch': 235, 'eta': 16.651, 'loss': 3.1143, 'lr': 0.0036, 'params': 632328, 'time_iter': 0.1112, 'accuracy': 1.0}
train: {'epoch': 236, 'eta': 16.5459, 'loss': 3.1141, 'lr': 0.0036, 'params': 632328, 'time_iter': 0.0964, 'accuracy': 0.9995}
train: {'epoch': 237, 'eta': 16.4431, 'loss': 3.114, 'lr': 0.0036, 'params': 632328, 'time_iter': 0.0995, 'accuracy': 0.9995}
train: {'epoch': 238, 'eta': 16.3371, 'loss': 3.114, 'lr': 0.0035, 'params': 632328, 'time_iter': 0.0949, 'accuracy': 1.0}
train: {'epoch': 239, 'eta': 16.2293, 'loss': 3.114, 'lr': 0.0035, 'params': 632328, 'time_iter': 0.0919, 'accuracy': 0.9995}
val: {'epoch': 239, 'loss': 3.5216, 'lr': 0, 'params': 632328, 'time_iter': 0.039, 'accuracy': 0.8524}
train: {'epoch': 240, 'eta': 16.1225, 'loss': 3.1138, 'lr': 0.0035, 'params': 632328, 'time_iter': 0.0934, 'accuracy': 1.0}
train: {'epoch': 241, 'eta': 16.0144, 'loss': 3.1135, 'lr': 0.0034, 'params': 632328, 'time_iter': 0.0912, 'accuracy': 1.0}
train: {'epoch': 242, 'eta': 15.9101, 'loss': 3.1133, 'lr': 0.0034, 'params': 632328, 'time_iter': 0.0968, 'accuracy': 0.9995}
train: {'epoch': 243, 'eta': 15.8036, 'loss': 3.1132, 'lr': 0.0033, 'params': 632328, 'time_iter': 0.0932, 'accuracy': 1.0}
train: {'epoch': 244, 'eta': 15.7034, 'loss': 3.1133, 'lr': 0.0033, 'params': 632328, 'time_iter': 0.103, 'accuracy': 1.0}
train: {'epoch': 245, 'eta': 15.5955, 'loss': 3.1135, 'lr': 0.0033, 'params': 632328, 'time_iter': 0.0909, 'accuracy': 1.0}
train: {'epoch': 246, 'eta': 15.4938, 'loss': 3.1135, 'lr': 0.0032, 'params': 632328, 'time_iter': 0.1005, 'accuracy': 0.9995}
train: {'epoch': 247, 'eta': 15.3875, 'loss': 3.1137, 'lr': 0.0032, 'params': 632328, 'time_iter': 0.0931, 'accuracy': 1.0}
train: {'epoch': 248, 'eta': 15.3161, 'loss': 3.1149, 'lr': 0.0032, 'params': 632328, 'time_iter': 0.1505, 'accuracy': 0.9995}
train: {'epoch': 249, 'eta': 15.2288, 'loss': 3.1148, 'lr': 0.0031, 'params': 632328, 'time_iter': 0.1249, 'accuracy': 1.0}
train: {'epoch': 250, 'eta': 15.1308, 'loss': 3.1147, 'lr': 0.0031, 'params': 632328, 'time_iter': 0.1076, 'accuracy': 0.9991}
train: {'epoch': 251, 'eta': 15.0324, 'loss': 3.1142, 'lr': 0.0031, 'params': 632328, 'time_iter': 0.1068, 'accuracy': 1.0}
train: {'epoch': 252, 'eta': 14.9398, 'loss': 3.1146, 'lr': 0.003, 'params': 632328, 'time_iter': 0.1171, 'accuracy': 1.0}
train: {'epoch': 253, 'eta': 14.8448, 'loss': 3.1162, 'lr': 0.003, 'params': 632328, 'time_iter': 0.1131, 'accuracy': 0.9991}
train: {'epoch': 254, 'eta': 14.7402, 'loss': 3.1154, 'lr': 0.0029, 'params': 632328, 'time_iter': 0.0965, 'accuracy': 1.0}
train: {'epoch': 255, 'eta': 14.6499, 'loss': 3.1146, 'lr': 0.0029, 'params': 632328, 'time_iter': 0.1219, 'accuracy': 1.0}
train: {'epoch': 256, 'eta': 14.5384, 'loss': 3.1149, 'lr': 0.0029, 'params': 632328, 'time_iter': 0.0843, 'accuracy': 0.9995}
train: {'epoch': 257, 'eta': 14.4308, 'loss': 3.114, 'lr': 0.0028, 'params': 632328, 'time_iter': 0.0908, 'accuracy': 1.0}
train: {'epoch': 258, 'eta': 14.3287, 'loss': 3.1141, 'lr': 0.0028, 'params': 632328, 'time_iter': 0.1008, 'accuracy': 1.0}
train: {'epoch': 259, 'eta': 14.2218, 'loss': 3.1144, 'lr': 0.0028, 'params': 632328, 'time_iter': 0.0918, 'accuracy': 1.0}
val: {'epoch': 259, 'loss': 3.5252, 'lr': 0, 'params': 632328, 'time_iter': 0.0417, 'accuracy': 0.8561}
train: {'epoch': 260, 'eta': 14.1154, 'loss': 3.1143, 'lr': 0.0027, 'params': 632328, 'time_iter': 0.0925, 'accuracy': 0.9995}
train: {'epoch': 261, 'eta': 14.0149, 'loss': 3.1143, 'lr': 0.0027, 'params': 632328, 'time_iter': 0.1035, 'accuracy': 1.0}
train: {'epoch': 262, 'eta': 13.9107, 'loss': 3.1139, 'lr': 0.0027, 'params': 632328, 'time_iter': 0.0965, 'accuracy': 0.9995}
train: {'epoch': 263, 'eta': 13.8018, 'loss': 3.1139, 'lr': 0.0026, 'params': 632328, 'time_iter': 0.0873, 'accuracy': 0.9995}
train: {'epoch': 264, 'eta': 13.6971, 'loss': 3.1136, 'lr': 0.0026, 'params': 632328, 'time_iter': 0.0952, 'accuracy': 1.0}
train: {'epoch': 265, 'eta': 13.5929, 'loss': 3.1132, 'lr': 0.0026, 'params': 632328, 'time_iter': 0.0959, 'accuracy': 1.0}
train: {'epoch': 266, 'eta': 13.4856, 'loss': 3.1132, 'lr': 0.0025, 'params': 632328, 'time_iter': 0.0897, 'accuracy': 0.9995}
train: {'epoch': 267, 'eta': 13.4268, 'loss': 3.1131, 'lr': 0.0025, 'params': 632328, 'time_iter': 0.1879, 'accuracy': 1.0}
train: {'epoch': 268, 'eta': 13.3196, 'loss': 3.1128, 'lr': 0.0025, 'params': 632328, 'time_iter': 0.0905, 'accuracy': 1.0}
train: {'epoch': 269, 'eta': 13.2239, 'loss': 3.1127, 'lr': 0.0024, 'params': 632328, 'time_iter': 0.114, 'accuracy': 0.9995}
train: {'epoch': 270, 'eta': 13.1177, 'loss': 3.1126, 'lr': 0.0024, 'params': 632328, 'time_iter': 0.0924, 'accuracy': 0.9995}
train: {'epoch': 271, 'eta': 13.0093, 'loss': 3.1126, 'lr': 0.0024, 'params': 632328, 'time_iter': 0.0875, 'accuracy': 1.0}
train: {'epoch': 272, 'eta': 12.9061, 'loss': 3.1124, 'lr': 0.0023, 'params': 632328, 'time_iter': 0.0983, 'accuracy': 1.0}
train: {'epoch': 273, 'eta': 12.7983, 'loss': 3.1123, 'lr': 0.0023, 'params': 632328, 'time_iter': 0.0882, 'accuracy': 1.0}
train: {'epoch': 274, 'eta': 12.6913, 'loss': 3.1122, 'lr': 0.0023, 'params': 632328, 'time_iter': 0.0896, 'accuracy': 0.9991}
train: {'epoch': 275, 'eta': 12.5895, 'loss': 3.1121, 'lr': 0.0022, 'params': 632328, 'time_iter': 0.1008, 'accuracy': 1.0}
train: {'epoch': 276, 'eta': 12.4824, 'loss': 3.1121, 'lr': 0.0022, 'params': 632328, 'time_iter': 0.0891, 'accuracy': 1.0}
train: {'epoch': 277, 'eta': 12.3753, 'loss': 3.112, 'lr': 0.0022, 'params': 632328, 'time_iter': 0.0886, 'accuracy': 1.0}
train: {'epoch': 278, 'eta': 12.2713, 'loss': 3.1119, 'lr': 0.0021, 'params': 632328, 'time_iter': 0.0955, 'accuracy': 1.0}
train: {'epoch': 279, 'eta': 12.1663, 'loss': 3.1119, 'lr': 0.0021, 'params': 632328, 'time_iter': 0.0932, 'accuracy': 1.0}
val: {'epoch': 279, 'loss': 3.5218, 'lr': 0, 'params': 632328, 'time_iter': 0.0382, 'accuracy': 0.8561}
train: {'epoch': 280, 'eta': 12.0691, 'loss': 3.1118, 'lr': 0.0021, 'params': 632328, 'time_iter': 0.1113, 'accuracy': 1.0}
train: {'epoch': 281, 'eta': 11.977, 'loss': 3.1117, 'lr': 0.002, 'params': 632328, 'time_iter': 0.1237, 'accuracy': 1.0}
train: {'epoch': 282, 'eta': 11.8732, 'loss': 3.1117, 'lr': 0.002, 'params': 632328, 'time_iter': 0.0957, 'accuracy': 0.9995}
train: {'epoch': 283, 'eta': 11.7718, 'loss': 3.1117, 'lr': 0.002, 'params': 632328, 'time_iter': 0.1019, 'accuracy': 1.0}
train: {'epoch': 284, 'eta': 11.6693, 'loss': 3.1116, 'lr': 0.0019, 'params': 632328, 'time_iter': 0.0988, 'accuracy': 1.0}
train: {'epoch': 285, 'eta': 11.5645, 'loss': 3.1116, 'lr': 0.0019, 'params': 632328, 'time_iter': 0.0932, 'accuracy': 1.0}
train: {'epoch': 286, 'eta': 11.4584, 'loss': 3.1115, 'lr': 0.0019, 'params': 632328, 'time_iter': 0.0895, 'accuracy': 1.0}
train: {'epoch': 287, 'eta': 11.3533, 'loss': 3.1115, 'lr': 0.0018, 'params': 632328, 'time_iter': 0.0919, 'accuracy': 1.0}
train: {'epoch': 288, 'eta': 11.2486, 'loss': 3.1114, 'lr': 0.0018, 'params': 632328, 'time_iter': 0.0927, 'accuracy': 1.0}
train: {'epoch': 289, 'eta': 11.1442, 'loss': 3.1114, 'lr': 0.0018, 'params': 632328, 'time_iter': 0.0932, 'accuracy': 1.0}
train: {'epoch': 290, 'eta': 11.0412, 'loss': 3.1114, 'lr': 0.0018, 'params': 632328, 'time_iter': 0.0969, 'accuracy': 1.0}
train: {'epoch': 291, 'eta': 10.9347, 'loss': 3.1113, 'lr': 0.0017, 'params': 632328, 'time_iter': 0.0872, 'accuracy': 1.0}
train: {'epoch': 292, 'eta': 10.8393, 'loss': 3.1113, 'lr': 0.0017, 'params': 632328, 'time_iter': 0.1173, 'accuracy': 1.0}
train: {'epoch': 293, 'eta': 10.7327, 'loss': 3.1113, 'lr': 0.0017, 'params': 632328, 'time_iter': 0.0865, 'accuracy': 1.0}
train: {'epoch': 294, 'eta': 10.6285, 'loss': 3.1113, 'lr': 0.0016, 'params': 632328, 'time_iter': 0.0931, 'accuracy': 1.0}
train: {'epoch': 295, 'eta': 10.5277, 'loss': 3.1112, 'lr': 0.0016, 'params': 632328, 'time_iter': 0.1024, 'accuracy': 1.0}
train: {'epoch': 296, 'eta': 10.4214, 'loss': 3.1112, 'lr': 0.0016, 'params': 632328, 'time_iter': 0.0866, 'accuracy': 1.0}
train: {'epoch': 297, 'eta': 10.3205, 'loss': 3.1112, 'lr': 0.0015, 'params': 632328, 'time_iter': 0.1018, 'accuracy': 1.0}
train: {'epoch': 298, 'eta': 10.2146, 'loss': 3.1112, 'lr': 0.0015, 'params': 632328, 'time_iter': 0.0873, 'accuracy': 1.0}
train: {'epoch': 299, 'eta': 10.1132, 'loss': 3.1113, 'lr': 0.0015, 'params': 632328, 'time_iter': 0.1005, 'accuracy': 1.0}
val: {'epoch': 299, 'loss': 3.5253, 'lr': 0, 'params': 632328, 'time_iter': 0.0397, 'accuracy': 0.8598}
train: {'epoch': 300, 'eta': 10.0068, 'loss': 3.1113, 'lr': 0.0015, 'params': 632328, 'time_iter': 0.0851, 'accuracy': 0.9995}
train: {'epoch': 301, 'eta': 9.9039, 'loss': 3.1113, 'lr': 0.0014, 'params': 632328, 'time_iter': 0.0955, 'accuracy': 1.0}
train: {'epoch': 302, 'eta': 9.8075, 'loss': 3.1113, 'lr': 0.0014, 'params': 632328, 'time_iter': 0.1155, 'accuracy': 1.0}
train: {'epoch': 303, 'eta': 9.7262, 'loss': 3.1111, 'lr': 0.0014, 'params': 632328, 'time_iter': 0.1637, 'accuracy': 1.0}
train: {'epoch': 304, 'eta': 9.6604, 'loss': 3.1111, 'lr': 0.0014, 'params': 632328, 'time_iter': 0.2156, 'accuracy': 1.0}
train: {'epoch': 305, 'eta': 9.569, 'loss': 3.111, 'lr': 0.0013, 'params': 632328, 'time_iter': 0.1352, 'accuracy': 1.0}
train: {'epoch': 306, 'eta': 9.4668, 'loss': 3.1111, 'lr': 0.0013, 'params': 632328, 'time_iter': 0.1003, 'accuracy': 1.0}
train: {'epoch': 307, 'eta': 9.3657, 'loss': 3.1111, 'lr': 0.0013, 'params': 632328, 'time_iter': 0.1042, 'accuracy': 1.0}
train: {'epoch': 308, 'eta': 9.2618, 'loss': 3.1111, 'lr': 0.0012, 'params': 632328, 'time_iter': 0.0945, 'accuracy': 1.0}
train: {'epoch': 309, 'eta': 9.1605, 'loss': 3.1111, 'lr': 0.0012, 'params': 632328, 'time_iter': 0.1036, 'accuracy': 1.0}
train: {'epoch': 310, 'eta': 9.0552, 'loss': 3.111, 'lr': 0.0012, 'params': 632328, 'time_iter': 0.0894, 'accuracy': 1.0}
train: {'epoch': 311, 'eta': 8.9543, 'loss': 3.1109, 'lr': 0.0012, 'params': 632328, 'time_iter': 0.1046, 'accuracy': 1.0}
train: {'epoch': 312, 'eta': 8.8492, 'loss': 3.1109, 'lr': 0.0011, 'params': 632328, 'time_iter': 0.0898, 'accuracy': 1.0}
train: {'epoch': 313, 'eta': 8.746, 'loss': 3.111, 'lr': 0.0011, 'params': 632328, 'time_iter': 0.0963, 'accuracy': 1.0}
train: {'epoch': 314, 'eta': 8.6417, 'loss': 3.111, 'lr': 0.0011, 'params': 632328, 'time_iter': 0.0921, 'accuracy': 1.0}
train: {'epoch': 315, 'eta': 8.5378, 'loss': 3.1109, 'lr': 0.0011, 'params': 632328, 'time_iter': 0.0932, 'accuracy': 1.0}
train: {'epoch': 316, 'eta': 8.4384, 'loss': 3.1109, 'lr': 0.001, 'params': 632328, 'time_iter': 0.1103, 'accuracy': 1.0}
train: {'epoch': 317, 'eta': 8.3343, 'loss': 3.1109, 'lr': 0.001, 'params': 632328, 'time_iter': 0.0924, 'accuracy': 1.0}
train: {'epoch': 318, 'eta': 8.2306, 'loss': 3.1109, 'lr': 0.001, 'params': 632328, 'time_iter': 0.0934, 'accuracy': 1.0}
train: {'epoch': 319, 'eta': 8.1271, 'loss': 3.1109, 'lr': 0.001, 'params': 632328, 'time_iter': 0.0938, 'accuracy': 1.0}
val: {'epoch': 319, 'loss': 3.5291, 'lr': 0, 'params': 632328, 'time_iter': 0.0425, 'accuracy': 0.8598}
train: {'epoch': 320, 'eta': 8.023, 'loss': 3.1109, 'lr': 0.001, 'params': 632328, 'time_iter': 0.0915, 'accuracy': 1.0}
train: {'epoch': 321, 'eta': 7.9205, 'loss': 3.1109, 'lr': 0.0009, 'params': 632328, 'time_iter': 0.0978, 'accuracy': 1.0}
train: {'epoch': 322, 'eta': 7.8183, 'loss': 3.1108, 'lr': 0.0009, 'params': 632328, 'time_iter': 0.0987, 'accuracy': 1.0}
train: {'epoch': 323, 'eta': 7.7157, 'loss': 3.1108, 'lr': 0.0009, 'params': 632328, 'time_iter': 0.0971, 'accuracy': 1.0}
train: {'epoch': 324, 'eta': 7.6117, 'loss': 3.1109, 'lr': 0.0009, 'params': 632328, 'time_iter': 0.0905, 'accuracy': 1.0}
train: {'epoch': 325, 'eta': 7.5097, 'loss': 3.1108, 'lr': 0.0008, 'params': 632328, 'time_iter': 0.0991, 'accuracy': 1.0}
train: {'epoch': 326, 'eta': 7.4072, 'loss': 3.1108, 'lr': 0.0008, 'params': 632328, 'time_iter': 0.0969, 'accuracy': 1.0}
train: {'epoch': 327, 'eta': 7.303, 'loss': 3.1108, 'lr': 0.0008, 'params': 632328, 'time_iter': 0.089, 'accuracy': 1.0}
train: {'epoch': 328, 'eta': 7.2002, 'loss': 3.1109, 'lr': 0.0008, 'params': 632328, 'time_iter': 0.0953, 'accuracy': 1.0}
train: {'epoch': 329, 'eta': 7.0981, 'loss': 3.1109, 'lr': 0.0008, 'params': 632328, 'time_iter': 0.098, 'accuracy': 1.0}
train: {'epoch': 330, 'eta': 6.9934, 'loss': 3.1108, 'lr': 0.0007, 'params': 632328, 'time_iter': 0.0857, 'accuracy': 1.0}
train: {'epoch': 331, 'eta': 6.8917, 'loss': 3.1108, 'lr': 0.0007, 'params': 632328, 'time_iter': 0.1, 'accuracy': 1.0}
train: {'epoch': 332, 'eta': 6.7892, 'loss': 3.1108, 'lr': 0.0007, 'params': 632328, 'time_iter': 0.0954, 'accuracy': 1.0}
train: {'epoch': 333, 'eta': 6.6863, 'loss': 3.1107, 'lr': 0.0007, 'params': 632328, 'time_iter': 0.0933, 'accuracy': 1.0}
train: {'epoch': 334, 'eta': 6.5838, 'loss': 3.1108, 'lr': 0.0007, 'params': 632328, 'time_iter': 0.0951, 'accuracy': 1.0}
train: {'epoch': 335, 'eta': 6.482, 'loss': 3.1108, 'lr': 0.0006, 'params': 632328, 'time_iter': 0.0986, 'accuracy': 1.0}
train: {'epoch': 336, 'eta': 6.3786, 'loss': 3.1107, 'lr': 0.0006, 'params': 632328, 'time_iter': 0.0899, 'accuracy': 1.0}
train: {'epoch': 337, 'eta': 6.276, 'loss': 3.1108, 'lr': 0.0006, 'params': 632328, 'time_iter': 0.0939, 'accuracy': 1.0}
train: {'epoch': 338, 'eta': 6.1733, 'loss': 3.1107, 'lr': 0.0006, 'params': 632328, 'time_iter': 0.0929, 'accuracy': 1.0}
train: {'epoch': 339, 'eta': 6.0811, 'loss': 3.1107, 'lr': 0.0006, 'params': 632328, 'time_iter': 0.1524, 'accuracy': 1.0}
val: {'epoch': 339, 'loss': 3.531, 'lr': 0, 'params': 632328, 'time_iter': 0.0372, 'accuracy': 0.8579}
train: {'epoch': 340, 'eta': 5.9805, 'loss': 3.1107, 'lr': 0.0005, 'params': 632328, 'time_iter': 0.1057, 'accuracy': 1.0}
train: {'epoch': 341, 'eta': 5.8797, 'loss': 3.1107, 'lr': 0.0005, 'params': 632328, 'time_iter': 0.1045, 'accuracy': 1.0}
train: {'epoch': 342, 'eta': 5.79, 'loss': 3.1107, 'lr': 0.0005, 'params': 632328, 'time_iter': 0.172, 'accuracy': 1.0}
train: {'epoch': 343, 'eta': 5.6912, 'loss': 3.1107, 'lr': 0.0005, 'params': 632328, 'time_iter': 0.1185, 'accuracy': 1.0}
train: {'epoch': 344, 'eta': 5.5929, 'loss': 3.1107, 'lr': 0.0005, 'params': 632328, 'time_iter': 0.1224, 'accuracy': 1.0}
train: {'epoch': 345, 'eta': 5.4923, 'loss': 3.1107, 'lr': 0.0005, 'params': 632328, 'time_iter': 0.109, 'accuracy': 1.0}
train: {'epoch': 346, 'eta': 5.3934, 'loss': 3.1107, 'lr': 0.0004, 'params': 632328, 'time_iter': 0.1201, 'accuracy': 1.0}
train: {'epoch': 347, 'eta': 5.2941, 'loss': 3.1106, 'lr': 0.0004, 'params': 632328, 'time_iter': 0.1181, 'accuracy': 1.0}
train: {'epoch': 348, 'eta': 5.2087, 'loss': 3.1106, 'lr': 0.0004, 'params': 632328, 'time_iter': 0.214, 'accuracy': 1.0}
train: {'epoch': 349, 'eta': 5.1101, 'loss': 3.1106, 'lr': 0.0004, 'params': 632328, 'time_iter': 0.127, 'accuracy': 1.0}
train: {'epoch': 350, 'eta': 5.016, 'loss': 3.1106, 'lr': 0.0004, 'params': 632328, 'time_iter': 0.16, 'accuracy': 1.0}
train: {'epoch': 351, 'eta': 4.9263, 'loss': 3.1106, 'lr': 0.0004, 'params': 632328, 'time_iter': 0.1955, 'accuracy': 1.0}
train: {'epoch': 352, 'eta': 4.8343, 'loss': 3.1106, 'lr': 0.0004, 'params': 632328, 'time_iter': 0.1821, 'accuracy': 1.0}
train: {'epoch': 353, 'eta': 4.7394, 'loss': 3.1106, 'lr': 0.0003, 'params': 632328, 'time_iter': 0.1639, 'accuracy': 1.0}
train: {'epoch': 354, 'eta': 4.6378, 'loss': 3.1106, 'lr': 0.0003, 'params': 632328, 'time_iter': 0.1149, 'accuracy': 1.0}
train: {'epoch': 355, 'eta': 4.538, 'loss': 3.1106, 'lr': 0.0003, 'params': 632328, 'time_iter': 0.1292, 'accuracy': 1.0}
train: {'epoch': 356, 'eta': 4.4469, 'loss': 3.1106, 'lr': 0.0003, 'params': 632328, 'time_iter': 0.2035, 'accuracy': 1.0}
train: {'epoch': 357, 'eta': 4.3499, 'loss': 3.1106, 'lr': 0.0003, 'params': 632328, 'time_iter': 0.1574, 'accuracy': 1.0}
train: {'epoch': 358, 'eta': 4.2554, 'loss': 3.1106, 'lr': 0.0003, 'params': 632328, 'time_iter': 0.183, 'accuracy': 1.0}
train: {'epoch': 359, 'eta': 4.1597, 'loss': 3.1106, 'lr': 0.0003, 'params': 632328, 'time_iter': 0.1767, 'accuracy': 1.0}
val: {'epoch': 359, 'loss': 3.5333, 'lr': 0, 'params': 632328, 'time_iter': 0.0743, 'accuracy': 0.8561}
train: {'epoch': 360, 'eta': 4.0617, 'loss': 3.1106, 'lr': 0.0002, 'params': 632328, 'time_iter': 0.1595, 'accuracy': 1.0}
train: {'epoch': 361, 'eta': 3.966, 'loss': 3.1106, 'lr': 0.0002, 'params': 632328, 'time_iter': 0.1847, 'accuracy': 1.0}
train: {'epoch': 362, 'eta': 3.8727, 'loss': 3.1106, 'lr': 0.0002, 'params': 632328, 'time_iter': 0.2126, 'accuracy': 1.0}
train: {'epoch': 363, 'eta': 3.7736, 'loss': 3.1106, 'lr': 0.0002, 'params': 632328, 'time_iter': 0.1613, 'accuracy': 1.0}
train: {'epoch': 364, 'eta': 3.6758, 'loss': 3.1106, 'lr': 0.0002, 'params': 632328, 'time_iter': 0.1783, 'accuracy': 1.0}
train: {'epoch': 365, 'eta': 3.5764, 'loss': 3.1106, 'lr': 0.0002, 'params': 632328, 'time_iter': 0.1653, 'accuracy': 1.0}
train: {'epoch': 366, 'eta': 3.4754, 'loss': 3.1106, 'lr': 0.0002, 'params': 632328, 'time_iter': 0.152, 'accuracy': 1.0}
train: {'epoch': 367, 'eta': 3.3743, 'loss': 3.1106, 'lr': 0.0002, 'params': 632328, 'time_iter': 0.1535, 'accuracy': 1.0}
train: {'epoch': 368, 'eta': 3.2736, 'loss': 3.1106, 'lr': 0.0002, 'params': 632328, 'time_iter': 0.1617, 'accuracy': 1.0}
train: {'epoch': 369, 'eta': 3.1708, 'loss': 3.1106, 'lr': 0.0001, 'params': 632328, 'time_iter': 0.1401, 'accuracy': 1.0}
train: {'epoch': 370, 'eta': 3.068, 'loss': 3.1106, 'lr': 0.0001, 'params': 632328, 'time_iter': 0.1426, 'accuracy': 1.0}
train: {'epoch': 371, 'eta': 2.9632, 'loss': 3.1106, 'lr': 0.0001, 'params': 632328, 'time_iter': 0.1192, 'accuracy': 1.0}
train: {'epoch': 372, 'eta': 2.8566, 'loss': 3.1106, 'lr': 0.0001, 'params': 632328, 'time_iter': 0.0958, 'accuracy': 1.0}
train: {'epoch': 373, 'eta': 2.751, 'loss': 3.1106, 'lr': 0.0001, 'params': 632328, 'time_iter': 0.1087, 'accuracy': 1.0}
train: {'epoch': 374, 'eta': 2.6454, 'loss': 3.1106, 'lr': 0.0001, 'params': 632328, 'time_iter': 0.1078, 'accuracy': 1.0}
train: {'epoch': 375, 'eta': 2.5396, 'loss': 3.1106, 'lr': 0.0001, 'params': 632328, 'time_iter': 0.1066, 'accuracy': 1.0}
train: {'epoch': 376, 'eta': 2.4355, 'loss': 3.1106, 'lr': 0.0001, 'params': 632328, 'time_iter': 0.134, 'accuracy': 1.0}
train: {'epoch': 377, 'eta': 2.3304, 'loss': 3.1106, 'lr': 0.0001, 'params': 632328, 'time_iter': 0.1201, 'accuracy': 1.0}
train: {'epoch': 378, 'eta': 2.2246, 'loss': 3.1106, 'lr': 0.0001, 'params': 632328, 'time_iter': 0.108, 'accuracy': 1.0}
train: {'epoch': 379, 'eta': 2.1183, 'loss': 3.1106, 'lr': 0.0001, 'params': 632328, 'time_iter': 0.098, 'accuracy': 1.0}
val: {'epoch': 379, 'loss': 3.534, 'lr': 0, 'params': 632328, 'time_iter': 0.0409, 'accuracy': 0.8561}
train: {'epoch': 380, 'eta': 2.0135, 'loss': 3.1106, 'lr': 0.0001, 'params': 632328, 'time_iter': 0.1281, 'accuracy': 1.0}
train: {'epoch': 381, 'eta': 1.9103, 'loss': 3.1106, 'lr': 0.0001, 'params': 632328, 'time_iter': 0.1647, 'accuracy': 1.0}
train: {'epoch': 382, 'eta': 1.8074, 'loss': 3.1106, 'lr': 0.0, 'params': 632328, 'time_iter': 0.1799, 'accuracy': 1.0}
train: {'epoch': 383, 'eta': 1.7023, 'loss': 3.1106, 'lr': 0.0, 'params': 632328, 'time_iter': 0.1348, 'accuracy': 1.0}
train: {'epoch': 384, 'eta': 1.5978, 'loss': 3.1106, 'lr': 0.0, 'params': 632328, 'time_iter': 0.1549, 'accuracy': 1.0}
train: {'epoch': 385, 'eta': 1.4914, 'loss': 3.1106, 'lr': 0.0, 'params': 632328, 'time_iter': 0.1111, 'accuracy': 1.0}
train: {'epoch': 386, 'eta': 1.3848, 'loss': 3.1106, 'lr': 0.0, 'params': 632328, 'time_iter': 0.1035, 'accuracy': 1.0}
train: {'epoch': 387, 'eta': 1.2791, 'loss': 3.1106, 'lr': 0.0, 'params': 632328, 'time_iter': 0.1327, 'accuracy': 1.0}
train: {'epoch': 388, 'eta': 1.1721, 'loss': 3.1106, 'lr': 0.0, 'params': 632328, 'time_iter': 0.0947, 'accuracy': 1.0}
train: {'epoch': 389, 'eta': 1.0658, 'loss': 3.1106, 'lr': 0.0, 'params': 632328, 'time_iter': 0.1145, 'accuracy': 1.0}
train: {'epoch': 390, 'eta': 0.9599, 'loss': 3.1106, 'lr': 0.0, 'params': 632328, 'time_iter': 0.1384, 'accuracy': 1.0}
train: {'epoch': 391, 'eta': 0.8536, 'loss': 3.1106, 'lr': 0.0, 'params': 632328, 'time_iter': 0.1231, 'accuracy': 1.0}
train: {'epoch': 392, 'eta': 0.7469, 'loss': 3.1106, 'lr': 0.0, 'params': 632328, 'time_iter': 0.1039, 'accuracy': 1.0}
train: {'epoch': 393, 'eta': 0.64, 'loss': 3.1106, 'lr': 0.0, 'params': 632328, 'time_iter': 0.0937, 'accuracy': 1.0}
train: {'epoch': 394, 'eta': 0.5335, 'loss': 3.1106, 'lr': 0.0, 'params': 632328, 'time_iter': 0.1182, 'accuracy': 1.0}
train: {'epoch': 395, 'eta': 0.4269, 'loss': 3.1106, 'lr': 0.0, 'params': 632328, 'time_iter': 0.122, 'accuracy': 1.0}
train: {'epoch': 396, 'eta': 0.3202, 'loss': 3.1106, 'lr': 0.0, 'params': 632328, 'time_iter': 0.1029, 'accuracy': 1.0}
train: {'epoch': 397, 'eta': 0.2139, 'loss': 3.1106, 'lr': 0.0, 'params': 632328, 'time_iter': 0.197, 'accuracy': 1.0}
train: {'epoch': 398, 'eta': 0.107, 'loss': 3.1106, 'lr': 0.0, 'params': 632328, 'time_iter': 0.1262, 'accuracy': 1.0}
train: {'epoch': 399, 'eta': 0.0, 'loss': 3.1106, 'lr': 0.0, 'params': 632328, 'time_iter': 0.1299, 'accuracy': 1.0}
val: {'epoch': 399, 'loss': 3.5342, 'lr': 0, 'params': 632328, 'time_iter': 0.054, 'accuracy': 0.8561}
Task done, results saved in results/example_noneq_9
