Load: 0.04953s, Before split: 0.00019s, Split: 0.0003181s, After split: 0.001261s
GNN(
  (preprocess): Preprocess(
    node_feature: dim_out=1433
    Total: dim_out=1433
  )
  (pre_mp): GeneralMultiLayer(
    (Layer_0): GeneralLayer(
      (layer): Linear(
        (model): Linear(in_features=1433, out_features=256, bias=False)
      )
      (post_layer): Sequential(
        (0): BatchNorm1d(256, eps=1e-05, momentum=0.1, affine=True, track_running_stats=True)
        (1): PReLU(num_parameters=1)
      )
    )
  )
  (mp): GNNStackStage(
    (layer0): GeneralLayer(
      (layer): GeneralConv(
        (model): GeneralConvLayer(256, 256)
      )
      (post_layer): Sequential(
        (0): BatchNorm1d(256, eps=1e-05, momentum=0.1, affine=True, track_running_stats=True)
        (1): PReLU(num_parameters=1)
      )
    )
    (layer1): GeneralLayer(
      (layer): GeneralConv(
        (model): GeneralConvLayer(256, 256)
      )
      (post_layer): Sequential(
        (0): BatchNorm1d(256, eps=1e-05, momentum=0.1, affine=True, track_running_stats=True)
        (1): PReLU(num_parameters=1)
      )
    )
  )
  (post_mp): GNNNodeHead(
    (layer_post_mp): MLP(
      (model): Sequential(
        (0): Linear(
          (model): Linear(in_features=256, out_features=7, bias=True)
        )
      )
    )
  )
)
bn:
  eps: 1e-05
  mom: 0.1
cfg_dest: config.yaml
custom_metrics: []
dataset:
  augment_feature: []
  augment_feature_dims: []
  augment_feature_repr: position
  augment_label: 
  augment_label_dims: 0
  cache_load: False
  cache_save: False
  dir: ./datasets
  edge_dim: 128
  edge_encoder: False
  edge_encoder_bn: True
  edge_encoder_name: Bond
  edge_message_ratio: 0.8
  edge_negative_sampling_ratio: 1.0
  edge_train_mode: all
  encoder: True
  encoder_bn: True
  encoder_dim: 128
  encoder_name: db
  format: PyG
  label_column: none
  label_table: none
  location: local
  name: Cora
  node_encoder: False
  node_encoder_bn: True
  node_encoder_name: Atom
  remove_feature: False
  resample_disjoint: False
  resample_negative: False
  shuffle_split: True
  split: [0.8, 0.2]
  split_mode: random
  task: node
  task_type: classification
  to_undirected: False
  transductive: True
  transform: none
  tu_simple: True
device: cpu
example_arg: example
example_group:
  example_arg: example
gnn:
  act: prelu
  agg: add
  att_final_linear: False
  att_final_linear_bn: False
  att_heads: 1
  batchnorm: True
  clear_feature: True
  dim_inner: 256
  dropout: 0.0
  flow: source_to_target
  head: node
  keep_edge: 0.5
  l2norm: True
  layer_type: generalconv
  layers_mp: 2
  layers_post_mp: 1
  layers_pre_mp: 1
  msg_direction: single
  normalize_adj: False
  self_msg: concat
  skip_every: 1
  stage_type: stack
gpu_mem: False
mem:
  inplace: False
metric_agg: argmax
metric_best: auto
model:
  edge_decoding: dot
  graph_pooling: add
  loss_fun: cross_entropy
  match_upper: True
  size_average: mean
  thresh: 0.5
  type: gnn
num_threads: 6
num_workers: 0
optim:
  base_lr: 0.01
  lr_decay: 0.1
  max_epoch: 400
  momentum: 0.9
  optimizer: adam
  scheduler: cos
  steps: [30, 60, 90]
  weight_decay: 0.0005
out_dir: results/example_noneq_3
params: 632328
print: both
round: 4
run_dir: results/example_noneq_3/1
seed: 2
share:
  dim_in: 1433
  dim_out: 7
  num_splits: 2
tensorboard_agg: True
tensorboard_each_run: False
train:
  auto_resume: False
  batch_size: 32
  ckpt_clean: True
  ckpt_period: 100
  enable_ckpt: True
  energy_alpha: 0.1
  energy_beta: 5.0
  energy_reg: True
  epoch_resume: -1
  eval_period: 20
  iter_per_epoch: 32
  mode: standard
  neighbor_sizes: [20, 15, 10, 5]
  node_per_graph: 32
  radius: extend
  sample_node: False
  sampler: full_batch
  skip_train_eval: False
  walk_length: 4
val:
  node_per_graph: 32
  radius: extend
  sample_node: False
  sampler: full_batch
view_emb: False
Num parameters: 632328
Start from epoch 0
train: {'epoch': 0, 'eta': 23.7505, 'loss': 5.9167, 'lr': 0.01, 'params': 632328, 'time_iter': 0.0595, 'accuracy': 0.2068}
val: {'epoch': 0, 'loss': 2.3407, 'lr': 0, 'params': 632328, 'time_iter': 0.0229, 'accuracy': 0.3653}
train: {'epoch': 1, 'eta': 21.6785, 'loss': 4.6011, 'lr': 0.01, 'params': 632328, 'time_iter': 0.0494, 'accuracy': 0.3984}
train: {'epoch': 2, 'eta': 21.1039, 'loss': 3.852, 'lr': 0.01, 'params': 632328, 'time_iter': 0.0505, 'accuracy': 0.3878}
train: {'epoch': 3, 'eta': 21.0003, 'loss': 3.4367, 'lr': 0.01, 'params': 632328, 'time_iter': 0.0526, 'accuracy': 0.3767}
train: {'epoch': 4, 'eta': 20.3678, 'loss': 3.129, 'lr': 0.01, 'params': 632328, 'time_iter': 0.0457, 'accuracy': 0.3934}
train: {'epoch': 5, 'eta': 19.9488, 'loss': 2.8888, 'lr': 0.01, 'params': 632328, 'time_iter': 0.046, 'accuracy': 0.4118}
train: {'epoch': 6, 'eta': 19.8191, 'loss': 2.6754, 'lr': 0.01, 'params': 632328, 'time_iter': 0.0492, 'accuracy': 0.4229}
train: {'epoch': 7, 'eta': 19.6783, 'loss': 2.5206, 'lr': 0.01, 'params': 632328, 'time_iter': 0.0486, 'accuracy': 0.4312}
train: {'epoch': 8, 'eta': 20.5848, 'loss': 2.3831, 'lr': 0.01, 'params': 632328, 'time_iter': 0.0722, 'accuracy': 0.44}
train: {'epoch': 9, 'eta': 20.7593, 'loss': 2.258, 'lr': 0.01, 'params': 632328, 'time_iter': 0.0585, 'accuracy': 0.4631}
train: {'epoch': 10, 'eta': 21.6043, 'loss': 2.146, 'lr': 0.01, 'params': 632328, 'time_iter': 0.0786, 'accuracy': 0.4949}
train: {'epoch': 11, 'eta': 21.5358, 'loss': 2.0539, 'lr': 0.01, 'params': 632328, 'time_iter': 0.0551, 'accuracy': 0.5185}
train: {'epoch': 12, 'eta': 21.2247, 'loss': 1.967, 'lr': 0.01, 'params': 632328, 'time_iter': 0.0469, 'accuracy': 0.5351}
train: {'epoch': 13, 'eta': 20.9085, 'loss': 1.8913, 'lr': 0.01, 'params': 632328, 'time_iter': 0.0454, 'accuracy': 0.5545}
train: {'epoch': 14, 'eta': 20.619, 'loss': 1.8188, 'lr': 0.01, 'params': 632328, 'time_iter': 0.045, 'accuracy': 0.566}
train: {'epoch': 15, 'eta': 20.4135, 'loss': 1.7437, 'lr': 0.01, 'params': 632328, 'time_iter': 0.0472, 'accuracy': 0.5826}
train: {'epoch': 16, 'eta': 20.2577, 'loss': 1.6874, 'lr': 0.01, 'params': 632328, 'time_iter': 0.0486, 'accuracy': 0.5942}
train: {'epoch': 17, 'eta': 20.132, 'loss': 1.6362, 'lr': 0.01, 'params': 632328, 'time_iter': 0.0495, 'accuracy': 0.6062}
train: {'epoch': 18, 'eta': 20.0454, 'loss': 1.5861, 'lr': 0.01, 'params': 632328, 'time_iter': 0.051, 'accuracy': 0.6187}
train: {'epoch': 19, 'eta': 19.886, 'loss': 1.5335, 'lr': 0.0099, 'params': 632328, 'time_iter': 0.047, 'accuracy': 0.6353}
val: {'epoch': 19, 'loss': 1.5165, 'lr': 0, 'params': 632328, 'time_iter': 0.0182, 'accuracy': 0.5978}
train: {'epoch': 20, 'eta': 19.8149, 'loss': 1.4876, 'lr': 0.0099, 'params': 632328, 'time_iter': 0.0513, 'accuracy': 0.662}
train: {'epoch': 21, 'eta': 19.7535, 'loss': 1.4464, 'lr': 0.0099, 'params': 632328, 'time_iter': 0.0518, 'accuracy': 0.6958}
train: {'epoch': 22, 'eta': 19.7021, 'loss': 1.4043, 'lr': 0.0099, 'params': 632328, 'time_iter': 0.0523, 'accuracy': 0.7295}
train: {'epoch': 23, 'eta': 19.613, 'loss': 1.3675, 'lr': 0.0099, 'params': 632328, 'time_iter': 0.0499, 'accuracy': 0.7479}
train: {'epoch': 24, 'eta': 19.5506, 'loss': 1.3276, 'lr': 0.0099, 'params': 632328, 'time_iter': 0.0515, 'accuracy': 0.7692}
train: {'epoch': 25, 'eta': 19.7158, 'loss': 1.2898, 'lr': 0.0099, 'params': 632328, 'time_iter': 0.0672, 'accuracy': 0.7853}
train: {'epoch': 26, 'eta': 19.5973, 'loss': 1.2562, 'lr': 0.0099, 'params': 632328, 'time_iter': 0.048, 'accuracy': 0.7969}
train: {'epoch': 27, 'eta': 19.4789, 'loss': 1.2232, 'lr': 0.0099, 'params': 632328, 'time_iter': 0.0476, 'accuracy': 0.8084}
train: {'epoch': 28, 'eta': 19.3915, 'loss': 1.1912, 'lr': 0.0099, 'params': 632328, 'time_iter': 0.0496, 'accuracy': 0.8061}
train: {'epoch': 29, 'eta': 19.3138, 'loss': 1.1612, 'lr': 0.0099, 'params': 632328, 'time_iter': 0.0502, 'accuracy': 0.8195}
train: {'epoch': 30, 'eta': 19.2048, 'loss': 1.1304, 'lr': 0.0099, 'params': 632328, 'time_iter': 0.0474, 'accuracy': 0.8278}
train: {'epoch': 31, 'eta': 19.092, 'loss': 1.1037, 'lr': 0.0099, 'params': 632328, 'time_iter': 0.0468, 'accuracy': 0.837}
train: {'epoch': 32, 'eta': 19.1766, 'loss': 1.0777, 'lr': 0.0098, 'params': 632328, 'time_iter': 0.0641, 'accuracy': 0.8463}
train: {'epoch': 33, 'eta': 19.7332, 'loss': 1.0526, 'lr': 0.0098, 'params': 632328, 'time_iter': 0.1088, 'accuracy': 0.8532}
train: {'epoch': 34, 'eta': 19.6812, 'loss': 1.0284, 'lr': 0.0098, 'params': 632328, 'time_iter': 0.0541, 'accuracy': 0.8569}
train: {'epoch': 35, 'eta': 19.5806, 'loss': 1.0055, 'lr': 0.0098, 'params': 632328, 'time_iter': 0.0493, 'accuracy': 0.8615}
train: {'epoch': 36, 'eta': 19.562, 'loss': 0.9853, 'lr': 0.0098, 'params': 632328, 'time_iter': 0.0574, 'accuracy': 0.8693}
train: {'epoch': 37, 'eta': 19.4911, 'loss': 0.9645, 'lr': 0.0098, 'params': 632328, 'time_iter': 0.0521, 'accuracy': 0.8707}
train: {'epoch': 38, 'eta': 19.5412, 'loss': 0.9444, 'lr': 0.0098, 'params': 632328, 'time_iter': 0.0651, 'accuracy': 0.8804}
train: {'epoch': 39, 'eta': 19.491, 'loss': 0.9272, 'lr': 0.0098, 'params': 632328, 'time_iter': 0.0546, 'accuracy': 0.886}
val: {'epoch': 39, 'loss': 0.9708, 'lr': 0, 'params': 632328, 'time_iter': 0.0218, 'accuracy': 0.8653}
train: {'epoch': 40, 'eta': 19.3603, 'loss': 0.909, 'lr': 0.0098, 'params': 632328, 'time_iter': 0.0454, 'accuracy': 0.8947}
train: {'epoch': 41, 'eta': 19.2562, 'loss': 0.8915, 'lr': 0.0097, 'params': 632328, 'time_iter': 0.048, 'accuracy': 0.9007}
train: {'epoch': 42, 'eta': 19.1639, 'loss': 0.8746, 'lr': 0.0097, 'params': 632328, 'time_iter': 0.0492, 'accuracy': 0.9104}
train: {'epoch': 43, 'eta': 19.0776, 'loss': 0.8584, 'lr': 0.0097, 'params': 632328, 'time_iter': 0.0496, 'accuracy': 0.9132}
train: {'epoch': 44, 'eta': 19.0125, 'loss': 0.8433, 'lr': 0.0097, 'params': 632328, 'time_iter': 0.0521, 'accuracy': 0.9178}
train: {'epoch': 45, 'eta': 18.9369, 'loss': 0.8288, 'lr': 0.0097, 'params': 632328, 'time_iter': 0.0507, 'accuracy': 0.9201}
train: {'epoch': 46, 'eta': 18.8579, 'loss': 0.8147, 'lr': 0.0097, 'params': 632328, 'time_iter': 0.0501, 'accuracy': 0.9229}
train: {'epoch': 47, 'eta': 18.8155, 'loss': 0.8049, 'lr': 0.0097, 'params': 632328, 'time_iter': 0.0549, 'accuracy': 0.9224}
train: {'epoch': 48, 'eta': 18.748, 'loss': 0.8017, 'lr': 0.0096, 'params': 632328, 'time_iter': 0.0515, 'accuracy': 0.9294}
train: {'epoch': 49, 'eta': 18.6831, 'loss': 0.7941, 'lr': 0.0096, 'params': 632328, 'time_iter': 0.0518, 'accuracy': 0.9307}
train: {'epoch': 50, 'eta': 18.5873, 'loss': 0.7748, 'lr': 0.0096, 'params': 632328, 'time_iter': 0.0472, 'accuracy': 0.9312}
train: {'epoch': 51, 'eta': 18.5397, 'loss': 0.7638, 'lr': 0.0096, 'params': 632328, 'time_iter': 0.0541, 'accuracy': 0.9363}
train: {'epoch': 52, 'eta': 18.5278, 'loss': 0.751, 'lr': 0.0096, 'params': 632328, 'time_iter': 0.0596, 'accuracy': 0.9372}
train: {'epoch': 53, 'eta': 18.4911, 'loss': 0.7541, 'lr': 0.0096, 'params': 632328, 'time_iter': 0.056, 'accuracy': 0.9307}
train: {'epoch': 54, 'eta': 18.4291, 'loss': 0.7399, 'lr': 0.0096, 'params': 632328, 'time_iter': 0.0521, 'accuracy': 0.9372}
train: {'epoch': 55, 'eta': 18.484, 'loss': 0.7317, 'lr': 0.0095, 'params': 632328, 'time_iter': 0.0711, 'accuracy': 0.9395}
train: {'epoch': 56, 'eta': 18.4257, 'loss': 0.7208, 'lr': 0.0095, 'params': 632328, 'time_iter': 0.053, 'accuracy': 0.9386}
train: {'epoch': 57, 'eta': 18.385, 'loss': 0.7087, 'lr': 0.0095, 'params': 632328, 'time_iter': 0.0559, 'accuracy': 0.9404}
train: {'epoch': 58, 'eta': 18.3706, 'loss': 0.7012, 'lr': 0.0095, 'params': 632328, 'time_iter': 0.0606, 'accuracy': 0.9451}
train: {'epoch': 59, 'eta': 18.3128, 'loss': 0.6902, 'lr': 0.0095, 'params': 632328, 'time_iter': 0.0532, 'accuracy': 0.9441}
val: {'epoch': 59, 'loss': 0.8043, 'lr': 0, 'params': 632328, 'time_iter': 0.0243, 'accuracy': 0.8893}
train: {'epoch': 60, 'eta': 18.2461, 'loss': 0.6826, 'lr': 0.0095, 'params': 632328, 'time_iter': 0.0516, 'accuracy': 0.946}
train: {'epoch': 61, 'eta': 18.1681, 'loss': 0.6733, 'lr': 0.0094, 'params': 632328, 'time_iter': 0.0494, 'accuracy': 0.9506}
train: {'epoch': 62, 'eta': 18.0849, 'loss': 0.6646, 'lr': 0.0094, 'params': 632328, 'time_iter': 0.0482, 'accuracy': 0.9511}
train: {'epoch': 63, 'eta': 18.0462, 'loss': 0.6562, 'lr': 0.0094, 'params': 632328, 'time_iter': 0.0565, 'accuracy': 0.952}
train: {'epoch': 64, 'eta': 17.9791, 'loss': 0.6479, 'lr': 0.0094, 'params': 632328, 'time_iter': 0.0511, 'accuracy': 0.9557}
train: {'epoch': 65, 'eta': 17.9245, 'loss': 0.6389, 'lr': 0.0094, 'params': 632328, 'time_iter': 0.0535, 'accuracy': 0.9571}
train: {'epoch': 66, 'eta': 17.8451, 'loss': 0.6348, 'lr': 0.0093, 'params': 632328, 'time_iter': 0.0485, 'accuracy': 0.9534}
train: {'epoch': 67, 'eta': 17.7722, 'loss': 0.6234, 'lr': 0.0093, 'params': 632328, 'time_iter': 0.0496, 'accuracy': 0.9584}
train: {'epoch': 68, 'eta': 17.7229, 'loss': 0.619, 'lr': 0.0093, 'params': 632328, 'time_iter': 0.0544, 'accuracy': 0.9571}
train: {'epoch': 69, 'eta': 17.6476, 'loss': 0.609, 'lr': 0.0093, 'params': 632328, 'time_iter': 0.0489, 'accuracy': 0.9589}
train: {'epoch': 70, 'eta': 17.5733, 'loss': 0.6052, 'lr': 0.0093, 'params': 632328, 'time_iter': 0.049, 'accuracy': 0.9621}
train: {'epoch': 71, 'eta': 17.5422, 'loss': 0.5972, 'lr': 0.0092, 'params': 632328, 'time_iter': 0.0583, 'accuracy': 0.9635}
train: {'epoch': 72, 'eta': 17.5943, 'loss': 0.5916, 'lr': 0.0092, 'params': 632328, 'time_iter': 0.077, 'accuracy': 0.9645}
train: {'epoch': 73, 'eta': 17.5519, 'loss': 0.5846, 'lr': 0.0092, 'params': 632328, 'time_iter': 0.0564, 'accuracy': 0.9654}
train: {'epoch': 74, 'eta': 17.4896, 'loss': 0.5797, 'lr': 0.0092, 'params': 632328, 'time_iter': 0.0519, 'accuracy': 0.9677}
train: {'epoch': 75, 'eta': 17.3943, 'loss': 0.574, 'lr': 0.0092, 'params': 632328, 'time_iter': 0.0441, 'accuracy': 0.9668}
train: {'epoch': 76, 'eta': 17.3257, 'loss': 0.5729, 'lr': 0.0091, 'params': 632328, 'time_iter': 0.0501, 'accuracy': 0.9668}
train: {'epoch': 77, 'eta': 17.2642, 'loss': 0.5671, 'lr': 0.0091, 'params': 632328, 'time_iter': 0.0517, 'accuracy': 0.9695}
train: {'epoch': 78, 'eta': 17.2026, 'loss': 0.5628, 'lr': 0.0091, 'params': 632328, 'time_iter': 0.0516, 'accuracy': 0.9668}
train: {'epoch': 79, 'eta': 17.1351, 'loss': 0.558, 'lr': 0.0091, 'params': 632328, 'time_iter': 0.0501, 'accuracy': 0.9686}
val: {'epoch': 79, 'loss': 0.7732, 'lr': 0, 'params': 632328, 'time_iter': 0.0196, 'accuracy': 0.8598}
train: {'epoch': 80, 'eta': 17.0676, 'loss': 0.5529, 'lr': 0.009, 'params': 632328, 'time_iter': 0.05, 'accuracy': 0.9709}
train: {'epoch': 81, 'eta': 17.0058, 'loss': 0.5494, 'lr': 0.009, 'params': 632328, 'time_iter': 0.0514, 'accuracy': 0.9705}
train: {'epoch': 82, 'eta': 16.9345, 'loss': 0.5503, 'lr': 0.009, 'params': 632328, 'time_iter': 0.0488, 'accuracy': 0.9691}
train: {'epoch': 83, 'eta': 16.8799, 'loss': 0.5614, 'lr': 0.009, 'params': 632328, 'time_iter': 0.0531, 'accuracy': 0.9668}
train: {'epoch': 84, 'eta': 16.821, 'loss': 0.5751, 'lr': 0.009, 'params': 632328, 'time_iter': 0.0519, 'accuracy': 0.9654}
train: {'epoch': 85, 'eta': 16.7549, 'loss': 0.5979, 'lr': 0.0089, 'params': 632328, 'time_iter': 0.0499, 'accuracy': 0.9538}
train: {'epoch': 86, 'eta': 16.6848, 'loss': 0.5628, 'lr': 0.0089, 'params': 632328, 'time_iter': 0.0487, 'accuracy': 0.9598}
train: {'epoch': 87, 'eta': 16.606, 'loss': 0.5799, 'lr': 0.0089, 'params': 632328, 'time_iter': 0.0461, 'accuracy': 0.9584}
train: {'epoch': 88, 'eta': 16.5531, 'loss': 0.5831, 'lr': 0.0089, 'params': 632328, 'time_iter': 0.0533, 'accuracy': 0.9575}
train: {'epoch': 89, 'eta': 16.517, 'loss': 0.6693, 'lr': 0.0088, 'params': 632328, 'time_iter': 0.0582, 'accuracy': 0.9367}
train: {'epoch': 90, 'eta': 16.4709, 'loss': 0.6152, 'lr': 0.0088, 'params': 632328, 'time_iter': 0.0554, 'accuracy': 0.9538}
train: {'epoch': 91, 'eta': 16.3979, 'loss': 0.6152, 'lr': 0.0088, 'params': 632328, 'time_iter': 0.0474, 'accuracy': 0.9534}
train: {'epoch': 92, 'eta': 16.3338, 'loss': 0.596, 'lr': 0.0088, 'params': 632328, 'time_iter': 0.05, 'accuracy': 0.9529}
train: {'epoch': 93, 'eta': 16.2649, 'loss': 0.5745, 'lr': 0.0087, 'params': 632328, 'time_iter': 0.0484, 'accuracy': 0.9575}
train: {'epoch': 94, 'eta': 16.2133, 'loss': 0.5593, 'lr': 0.0087, 'params': 632328, 'time_iter': 0.0536, 'accuracy': 0.9598}
train: {'epoch': 95, 'eta': 16.1336, 'loss': 0.5574, 'lr': 0.0087, 'params': 632328, 'time_iter': 0.0448, 'accuracy': 0.9654}
train: {'epoch': 96, 'eta': 16.0638, 'loss': 0.5464, 'lr': 0.0086, 'params': 632328, 'time_iter': 0.0477, 'accuracy': 0.9668}
train: {'epoch': 97, 'eta': 16.0305, 'loss': 0.5325, 'lr': 0.0086, 'params': 632328, 'time_iter': 0.0594, 'accuracy': 0.9672}
train: {'epoch': 98, 'eta': 15.9731, 'loss': 0.5337, 'lr': 0.0086, 'params': 632328, 'time_iter': 0.0517, 'accuracy': 0.9663}
train: {'epoch': 99, 'eta': 15.9565, 'loss': 0.5253, 'lr': 0.0086, 'params': 632328, 'time_iter': 0.0652, 'accuracy': 0.9672}
val: {'epoch': 99, 'loss': 0.7317, 'lr': 0, 'params': 632328, 'time_iter': 0.0222, 'accuracy': 0.8838}
train: {'epoch': 100, 'eta': 15.8975, 'loss': 0.5151, 'lr': 0.0085, 'params': 632328, 'time_iter': 0.0512, 'accuracy': 0.9705}
train: {'epoch': 101, 'eta': 15.824, 'loss': 0.513, 'lr': 0.0085, 'params': 632328, 'time_iter': 0.0462, 'accuracy': 0.97}
train: {'epoch': 102, 'eta': 15.7806, 'loss': 0.5066, 'lr': 0.0085, 'params': 632328, 'time_iter': 0.0565, 'accuracy': 0.9709}
train: {'epoch': 103, 'eta': 15.7117, 'loss': 0.4998, 'lr': 0.0085, 'params': 632328, 'time_iter': 0.0476, 'accuracy': 0.9746}
train: {'epoch': 104, 'eta': 15.667, 'loss': 0.4976, 'lr': 0.0084, 'params': 632328, 'time_iter': 0.0561, 'accuracy': 0.9737}
train: {'epoch': 105, 'eta': 15.6424, 'loss': 0.4914, 'lr': 0.0084, 'params': 632328, 'time_iter': 0.0634, 'accuracy': 0.976}
train: {'epoch': 106, 'eta': 15.5899, 'loss': 0.4871, 'lr': 0.0084, 'params': 632328, 'time_iter': 0.0534, 'accuracy': 0.9755}
train: {'epoch': 107, 'eta': 15.5406, 'loss': 0.4844, 'lr': 0.0083, 'params': 632328, 'time_iter': 0.0546, 'accuracy': 0.9755}
train: {'epoch': 108, 'eta': 15.4872, 'loss': 0.4787, 'lr': 0.0083, 'params': 632328, 'time_iter': 0.0532, 'accuracy': 0.9751}
train: {'epoch': 109, 'eta': 15.4349, 'loss': 0.4745, 'lr': 0.0083, 'params': 632328, 'time_iter': 0.0536, 'accuracy': 0.9774}
train: {'epoch': 110, 'eta': 15.3805, 'loss': 0.4725, 'lr': 0.0082, 'params': 632328, 'time_iter': 0.0528, 'accuracy': 0.9769}
train: {'epoch': 111, 'eta': 15.3265, 'loss': 0.4683, 'lr': 0.0082, 'params': 632328, 'time_iter': 0.0529, 'accuracy': 0.9783}
train: {'epoch': 112, 'eta': 15.2622, 'loss': 0.4644, 'lr': 0.0082, 'params': 632328, 'time_iter': 0.0488, 'accuracy': 0.9792}
train: {'epoch': 113, 'eta': 15.2062, 'loss': 0.4612, 'lr': 0.0082, 'params': 632328, 'time_iter': 0.0521, 'accuracy': 0.9792}
train: {'epoch': 114, 'eta': 15.1526, 'loss': 0.4581, 'lr': 0.0081, 'params': 632328, 'time_iter': 0.053, 'accuracy': 0.9792}
train: {'epoch': 115, 'eta': 15.0908, 'loss': 0.4557, 'lr': 0.0081, 'params': 632328, 'time_iter': 0.0497, 'accuracy': 0.9801}
train: {'epoch': 116, 'eta': 15.0258, 'loss': 0.4523, 'lr': 0.0081, 'params': 632328, 'time_iter': 0.0482, 'accuracy': 0.9806}
train: {'epoch': 117, 'eta': 14.9614, 'loss': 0.4492, 'lr': 0.008, 'params': 632328, 'time_iter': 0.0484, 'accuracy': 0.9815}
train: {'epoch': 118, 'eta': 14.8975, 'loss': 0.4473, 'lr': 0.008, 'params': 632328, 'time_iter': 0.0484, 'accuracy': 0.9811}
train: {'epoch': 119, 'eta': 14.8519, 'loss': 0.4448, 'lr': 0.008, 'params': 632328, 'time_iter': 0.0562, 'accuracy': 0.982}
val: {'epoch': 119, 'loss': 0.6916, 'lr': 0, 'params': 632328, 'time_iter': 0.022, 'accuracy': 0.8745}
train: {'epoch': 120, 'eta': 14.794, 'loss': 0.4424, 'lr': 0.0079, 'params': 632328, 'time_iter': 0.0509, 'accuracy': 0.9825}
train: {'epoch': 121, 'eta': 14.7348, 'loss': 0.4402, 'lr': 0.0079, 'params': 632328, 'time_iter': 0.0503, 'accuracy': 0.9815}
train: {'epoch': 122, 'eta': 14.6729, 'loss': 0.4386, 'lr': 0.0079, 'params': 632328, 'time_iter': 0.049, 'accuracy': 0.9843}
train: {'epoch': 123, 'eta': 14.6189, 'loss': 0.4413, 'lr': 0.0078, 'params': 632328, 'time_iter': 0.0525, 'accuracy': 0.9825}
train: {'epoch': 124, 'eta': 14.5534, 'loss': 0.4381, 'lr': 0.0078, 'params': 632328, 'time_iter': 0.0473, 'accuracy': 0.9838}
train: {'epoch': 125, 'eta': 14.4875, 'loss': 0.4354, 'lr': 0.0078, 'params': 632328, 'time_iter': 0.0469, 'accuracy': 0.9838}
train: {'epoch': 126, 'eta': 14.4273, 'loss': 0.4333, 'lr': 0.0077, 'params': 632328, 'time_iter': 0.0495, 'accuracy': 0.9857}
train: {'epoch': 127, 'eta': 14.3664, 'loss': 0.4367, 'lr': 0.0077, 'params': 632328, 'time_iter': 0.049, 'accuracy': 0.9857}
train: {'epoch': 128, 'eta': 14.3165, 'loss': 0.435, 'lr': 0.0077, 'params': 632328, 'time_iter': 0.0542, 'accuracy': 0.9838}
train: {'epoch': 129, 'eta': 14.2552, 'loss': 0.4325, 'lr': 0.0076, 'params': 632328, 'time_iter': 0.0487, 'accuracy': 0.9848}
train: {'epoch': 130, 'eta': 14.2019, 'loss': 0.4313, 'lr': 0.0076, 'params': 632328, 'time_iter': 0.0526, 'accuracy': 0.9857}
train: {'epoch': 131, 'eta': 14.1403, 'loss': 0.4286, 'lr': 0.0076, 'params': 632328, 'time_iter': 0.0485, 'accuracy': 0.9857}
train: {'epoch': 132, 'eta': 14.0799, 'loss': 0.4304, 'lr': 0.0075, 'params': 632328, 'time_iter': 0.0489, 'accuracy': 0.9861}
train: {'epoch': 133, 'eta': 14.0192, 'loss': 0.4449, 'lr': 0.0075, 'params': 632328, 'time_iter': 0.0488, 'accuracy': 0.982}
train: {'epoch': 134, 'eta': 13.9561, 'loss': 0.4754, 'lr': 0.0075, 'params': 632328, 'time_iter': 0.0474, 'accuracy': 0.9769}
train: {'epoch': 135, 'eta': 13.8982, 'loss': 0.5486, 'lr': 0.0074, 'params': 632328, 'time_iter': 0.05, 'accuracy': 0.9621}
train: {'epoch': 136, 'eta': 13.8577, 'loss': 0.4842, 'lr': 0.0074, 'params': 632328, 'time_iter': 0.059, 'accuracy': 0.964}
train: {'epoch': 137, 'eta': 14.2608, 'loss': 0.5001, 'lr': 0.0074, 'params': 632328, 'time_iter': 0.2928, 'accuracy': 0.9608}
train: {'epoch': 138, 'eta': 14.2265, 'loss': 0.4739, 'lr': 0.0073, 'params': 632328, 'time_iter': 0.0652, 'accuracy': 0.9681}
train: {'epoch': 139, 'eta': 14.1779, 'loss': 0.4631, 'lr': 0.0073, 'params': 632328, 'time_iter': 0.0577, 'accuracy': 0.9783}
val: {'epoch': 139, 'loss': 0.6688, 'lr': 0, 'params': 632328, 'time_iter': 0.0273, 'accuracy': 0.8911}
train: {'epoch': 140, 'eta': 14.12, 'loss': 0.4614, 'lr': 0.0073, 'params': 632328, 'time_iter': 0.0527, 'accuracy': 0.9801}
train: {'epoch': 141, 'eta': 14.0795, 'loss': 0.4557, 'lr': 0.0072, 'params': 632328, 'time_iter': 0.0622, 'accuracy': 0.9806}
train: {'epoch': 142, 'eta': 14.0208, 'loss': 0.4468, 'lr': 0.0072, 'params': 632328, 'time_iter': 0.0523, 'accuracy': 0.9806}
train: {'epoch': 143, 'eta': 13.9842, 'loss': 0.444, 'lr': 0.0072, 'params': 632328, 'time_iter': 0.0647, 'accuracy': 0.9825}
train: {'epoch': 144, 'eta': 13.9381, 'loss': 0.4381, 'lr': 0.0071, 'params': 632328, 'time_iter': 0.0594, 'accuracy': 0.9838}
train: {'epoch': 145, 'eta': 13.8812, 'loss': 0.4355, 'lr': 0.0071, 'params': 632328, 'time_iter': 0.0534, 'accuracy': 0.9848}
train: {'epoch': 146, 'eta': 13.8326, 'loss': 0.4312, 'lr': 0.0071, 'params': 632328, 'time_iter': 0.0582, 'accuracy': 0.9838}
train: {'epoch': 147, 'eta': 13.7802, 'loss': 0.4269, 'lr': 0.007, 'params': 632328, 'time_iter': 0.056, 'accuracy': 0.982}
train: {'epoch': 148, 'eta': 13.7828, 'loss': 0.424, 'lr': 0.007, 'params': 632328, 'time_iter': 0.0887, 'accuracy': 0.9843}
train: {'epoch': 149, 'eta': 13.7213, 'loss': 0.4205, 'lr': 0.0069, 'params': 632328, 'time_iter': 0.0509, 'accuracy': 0.9861}
train: {'epoch': 150, 'eta': 13.6631, 'loss': 0.4179, 'lr': 0.0069, 'params': 632328, 'time_iter': 0.0528, 'accuracy': 0.9871}
train: {'epoch': 151, 'eta': 13.6039, 'loss': 0.4162, 'lr': 0.0069, 'params': 632328, 'time_iter': 0.0522, 'accuracy': 0.9871}
train: {'epoch': 152, 'eta': 13.55, 'loss': 0.4124, 'lr': 0.0068, 'params': 632328, 'time_iter': 0.0554, 'accuracy': 0.9875}
train: {'epoch': 153, 'eta': 13.4915, 'loss': 0.4101, 'lr': 0.0068, 'params': 632328, 'time_iter': 0.0526, 'accuracy': 0.9875}
train: {'epoch': 154, 'eta': 13.4286, 'loss': 0.4083, 'lr': 0.0068, 'params': 632328, 'time_iter': 0.0498, 'accuracy': 0.9885}
train: {'epoch': 155, 'eta': 13.3626, 'loss': 0.4059, 'lr': 0.0067, 'params': 632328, 'time_iter': 0.0476, 'accuracy': 0.9885}
train: {'epoch': 156, 'eta': 13.2997, 'loss': 0.4037, 'lr': 0.0067, 'params': 632328, 'time_iter': 0.0495, 'accuracy': 0.9875}
train: {'epoch': 157, 'eta': 13.2374, 'loss': 0.4019, 'lr': 0.0067, 'params': 632328, 'time_iter': 0.0498, 'accuracy': 0.9889}
train: {'epoch': 158, 'eta': 13.1739, 'loss': 0.4004, 'lr': 0.0066, 'params': 632328, 'time_iter': 0.0489, 'accuracy': 0.9885}
train: {'epoch': 159, 'eta': 13.1083, 'loss': 0.3987, 'lr': 0.0066, 'params': 632328, 'time_iter': 0.0473, 'accuracy': 0.9889}
val: {'epoch': 159, 'loss': 0.6511, 'lr': 0, 'params': 632328, 'time_iter': 0.0193, 'accuracy': 0.8893}
train: {'epoch': 160, 'eta': 13.0484, 'loss': 0.397, 'lr': 0.0065, 'params': 632328, 'time_iter': 0.0511, 'accuracy': 0.9903}
train: {'epoch': 161, 'eta': 12.9866, 'loss': 0.3956, 'lr': 0.0065, 'params': 632328, 'time_iter': 0.0497, 'accuracy': 0.9903}
train: {'epoch': 162, 'eta': 12.9249, 'loss': 0.3943, 'lr': 0.0065, 'params': 632328, 'time_iter': 0.0497, 'accuracy': 0.9903}
train: {'epoch': 163, 'eta': 12.8621, 'loss': 0.3929, 'lr': 0.0064, 'params': 632328, 'time_iter': 0.0488, 'accuracy': 0.9908}
train: {'epoch': 164, 'eta': 12.7996, 'loss': 0.3915, 'lr': 0.0064, 'params': 632328, 'time_iter': 0.0489, 'accuracy': 0.9903}
train: {'epoch': 165, 'eta': 12.7423, 'loss': 0.3904, 'lr': 0.0064, 'params': 632328, 'time_iter': 0.0524, 'accuracy': 0.9908}
train: {'epoch': 166, 'eta': 12.6789, 'loss': 0.3895, 'lr': 0.0063, 'params': 632328, 'time_iter': 0.0481, 'accuracy': 0.9917}
train: {'epoch': 167, 'eta': 12.6119, 'loss': 0.3896, 'lr': 0.0063, 'params': 632328, 'time_iter': 0.0453, 'accuracy': 0.9894}
train: {'epoch': 168, 'eta': 12.5572, 'loss': 0.3877, 'lr': 0.0062, 'params': 632328, 'time_iter': 0.0541, 'accuracy': 0.9903}
train: {'epoch': 169, 'eta': 12.4952, 'loss': 0.3883, 'lr': 0.0062, 'params': 632328, 'time_iter': 0.0487, 'accuracy': 0.9903}
train: {'epoch': 170, 'eta': 12.4545, 'loss': 0.3962, 'lr': 0.0062, 'params': 632328, 'time_iter': 0.0645, 'accuracy': 0.9866}
train: {'epoch': 171, 'eta': 12.3946, 'loss': 0.3919, 'lr': 0.0061, 'params': 632328, 'time_iter': 0.0502, 'accuracy': 0.9885}
train: {'epoch': 172, 'eta': 12.336, 'loss': 0.3982, 'lr': 0.0061, 'params': 632328, 'time_iter': 0.0511, 'accuracy': 0.988}
train: {'epoch': 173, 'eta': 12.3364, 'loss': 0.4034, 'lr': 0.0061, 'params': 632328, 'time_iter': 0.0965, 'accuracy': 0.9852}
train: {'epoch': 174, 'eta': 12.2769, 'loss': 0.4026, 'lr': 0.006, 'params': 632328, 'time_iter': 0.0507, 'accuracy': 0.9866}
train: {'epoch': 175, 'eta': 12.2147, 'loss': 0.4062, 'lr': 0.006, 'params': 632328, 'time_iter': 0.0486, 'accuracy': 0.9875}
train: {'epoch': 176, 'eta': 12.1526, 'loss': 0.4029, 'lr': 0.0059, 'params': 632328, 'time_iter': 0.0485, 'accuracy': 0.9871}
train: {'epoch': 177, 'eta': 12.0918, 'loss': 0.4066, 'lr': 0.0059, 'params': 632328, 'time_iter': 0.0494, 'accuracy': 0.9838}
train: {'epoch': 178, 'eta': 12.0276, 'loss': 0.3953, 'lr': 0.0059, 'params': 632328, 'time_iter': 0.0466, 'accuracy': 0.9885}
train: {'epoch': 179, 'eta': 11.9805, 'loss': 0.396, 'lr': 0.0058, 'params': 632328, 'time_iter': 0.0604, 'accuracy': 0.9912}
val: {'epoch': 179, 'loss': 0.6404, 'lr': 0, 'params': 632328, 'time_iter': 0.0189, 'accuracy': 0.8875}
train: {'epoch': 180, 'eta': 11.9389, 'loss': 0.3913, 'lr': 0.0058, 'params': 632328, 'time_iter': 0.065, 'accuracy': 0.9894}
train: {'epoch': 181, 'eta': 11.8887, 'loss': 0.3916, 'lr': 0.0057, 'params': 632328, 'time_iter': 0.0581, 'accuracy': 0.9889}
train: {'epoch': 182, 'eta': 11.8293, 'loss': 0.3893, 'lr': 0.0057, 'params': 632328, 'time_iter': 0.0504, 'accuracy': 0.9903}
train: {'epoch': 183, 'eta': 11.7748, 'loss': 0.3868, 'lr': 0.0057, 'params': 632328, 'time_iter': 0.0546, 'accuracy': 0.9889}
train: {'epoch': 184, 'eta': 11.7246, 'loss': 0.3854, 'lr': 0.0056, 'params': 632328, 'time_iter': 0.0582, 'accuracy': 0.9898}
train: {'epoch': 185, 'eta': 11.6655, 'loss': 0.3839, 'lr': 0.0056, 'params': 632328, 'time_iter': 0.0506, 'accuracy': 0.9898}
train: {'epoch': 186, 'eta': 11.605, 'loss': 0.3821, 'lr': 0.0055, 'params': 632328, 'time_iter': 0.0492, 'accuracy': 0.9912}
train: {'epoch': 187, 'eta': 11.5435, 'loss': 0.3812, 'lr': 0.0055, 'params': 632328, 'time_iter': 0.0482, 'accuracy': 0.9898}
train: {'epoch': 188, 'eta': 11.491, 'loss': 0.382, 'lr': 0.0055, 'params': 632328, 'time_iter': 0.0562, 'accuracy': 0.9898}
train: {'epoch': 189, 'eta': 11.4379, 'loss': 0.3802, 'lr': 0.0054, 'params': 632328, 'time_iter': 0.0558, 'accuracy': 0.9908}
train: {'epoch': 190, 'eta': 11.3739, 'loss': 0.3784, 'lr': 0.0054, 'params': 632328, 'time_iter': 0.0457, 'accuracy': 0.9917}
train: {'epoch': 191, 'eta': 11.3135, 'loss': 0.3769, 'lr': 0.0054, 'params': 632328, 'time_iter': 0.0489, 'accuracy': 0.9912}
train: {'epoch': 192, 'eta': 11.2571, 'loss': 0.3759, 'lr': 0.0053, 'params': 632328, 'time_iter': 0.0525, 'accuracy': 0.9908}
train: {'epoch': 193, 'eta': 11.1913, 'loss': 0.3747, 'lr': 0.0053, 'params': 632328, 'time_iter': 0.0436, 'accuracy': 0.9917}
train: {'epoch': 194, 'eta': 11.1376, 'loss': 0.374, 'lr': 0.0052, 'params': 632328, 'time_iter': 0.0549, 'accuracy': 0.9917}
train: {'epoch': 195, 'eta': 11.0777, 'loss': 0.3734, 'lr': 0.0052, 'params': 632328, 'time_iter': 0.049, 'accuracy': 0.9926}
train: {'epoch': 196, 'eta': 11.0191, 'loss': 0.3731, 'lr': 0.0052, 'params': 632328, 'time_iter': 0.0501, 'accuracy': 0.9926}
train: {'epoch': 197, 'eta': 10.9585, 'loss': 0.3724, 'lr': 0.0051, 'params': 632328, 'time_iter': 0.0481, 'accuracy': 0.9917}
train: {'epoch': 198, 'eta': 10.8992, 'loss': 0.371, 'lr': 0.0051, 'params': 632328, 'time_iter': 0.0492, 'accuracy': 0.9926}
train: {'epoch': 199, 'eta': 10.8388, 'loss': 0.3697, 'lr': 0.005, 'params': 632328, 'time_iter': 0.048, 'accuracy': 0.9926}
val: {'epoch': 199, 'loss': 0.628, 'lr': 0, 'params': 632328, 'time_iter': 0.0207, 'accuracy': 0.8875}
train: {'epoch': 200, 'eta': 10.7876, 'loss': 0.369, 'lr': 0.005, 'params': 632328, 'time_iter': 0.0573, 'accuracy': 0.9931}
train: {'epoch': 201, 'eta': 10.7264, 'loss': 0.3682, 'lr': 0.005, 'params': 632328, 'time_iter': 0.047, 'accuracy': 0.9926}
train: {'epoch': 202, 'eta': 10.6766, 'loss': 0.3674, 'lr': 0.0049, 'params': 632328, 'time_iter': 0.0587, 'accuracy': 0.9931}
train: {'epoch': 203, 'eta': 10.6222, 'loss': 0.3667, 'lr': 0.0049, 'params': 632328, 'time_iter': 0.0539, 'accuracy': 0.9922}
train: {'epoch': 204, 'eta': 10.562, 'loss': 0.366, 'lr': 0.0048, 'params': 632328, 'time_iter': 0.0479, 'accuracy': 0.9931}
train: {'epoch': 205, 'eta': 10.5061, 'loss': 0.3667, 'lr': 0.0048, 'params': 632328, 'time_iter': 0.0523, 'accuracy': 0.9931}
train: {'epoch': 206, 'eta': 10.4476, 'loss': 0.374, 'lr': 0.0048, 'params': 632328, 'time_iter': 0.0495, 'accuracy': 0.9931}
train: {'epoch': 207, 'eta': 10.3884, 'loss': 0.3974, 'lr': 0.0047, 'params': 632328, 'time_iter': 0.0487, 'accuracy': 0.9903}
train: {'epoch': 208, 'eta': 10.3364, 'loss': 0.3934, 'lr': 0.0047, 'params': 632328, 'time_iter': 0.0564, 'accuracy': 0.9857}
train: {'epoch': 209, 'eta': 10.2861, 'loss': 0.3832, 'lr': 0.0046, 'params': 632328, 'time_iter': 0.0583, 'accuracy': 0.9852}
train: {'epoch': 210, 'eta': 10.2267, 'loss': 0.3851, 'lr': 0.0046, 'params': 632328, 'time_iter': 0.0482, 'accuracy': 0.9889}
train: {'epoch': 211, 'eta': 10.1681, 'loss': 0.3806, 'lr': 0.0046, 'params': 632328, 'time_iter': 0.0491, 'accuracy': 0.9908}
train: {'epoch': 212, 'eta': 10.109, 'loss': 0.3802, 'lr': 0.0045, 'params': 632328, 'time_iter': 0.0483, 'accuracy': 0.9885}
train: {'epoch': 213, 'eta': 10.0548, 'loss': 0.3776, 'lr': 0.0045, 'params': 632328, 'time_iter': 0.0539, 'accuracy': 0.9903}
train: {'epoch': 214, 'eta': 9.9965, 'loss': 0.3753, 'lr': 0.0045, 'params': 632328, 'time_iter': 0.0492, 'accuracy': 0.9903}
train: {'epoch': 215, 'eta': 9.9414, 'loss': 0.3746, 'lr': 0.0044, 'params': 632328, 'time_iter': 0.0527, 'accuracy': 0.9894}
train: {'epoch': 216, 'eta': 9.8808, 'loss': 0.3721, 'lr': 0.0044, 'params': 632328, 'time_iter': 0.0463, 'accuracy': 0.9903}
train: {'epoch': 217, 'eta': 9.8237, 'loss': 0.3709, 'lr': 0.0043, 'params': 632328, 'time_iter': 0.0503, 'accuracy': 0.9926}
train: {'epoch': 218, 'eta': 9.7653, 'loss': 0.3699, 'lr': 0.0043, 'params': 632328, 'time_iter': 0.0485, 'accuracy': 0.994}
train: {'epoch': 219, 'eta': 9.7058, 'loss': 0.3679, 'lr': 0.0043, 'params': 632328, 'time_iter': 0.0472, 'accuracy': 0.9935}
val: {'epoch': 219, 'loss': 0.6182, 'lr': 0, 'params': 632328, 'time_iter': 0.0228, 'accuracy': 0.8985}
train: {'epoch': 220, 'eta': 9.6466, 'loss': 0.3676, 'lr': 0.0042, 'params': 632328, 'time_iter': 0.0474, 'accuracy': 0.9908}
train: {'epoch': 221, 'eta': 9.5964, 'loss': 0.3658, 'lr': 0.0042, 'params': 632328, 'time_iter': 0.0586, 'accuracy': 0.9917}
train: {'epoch': 222, 'eta': 9.5397, 'loss': 0.3652, 'lr': 0.0041, 'params': 632328, 'time_iter': 0.0503, 'accuracy': 0.9935}
train: {'epoch': 223, 'eta': 9.4906, 'loss': 0.3641, 'lr': 0.0041, 'params': 632328, 'time_iter': 0.0601, 'accuracy': 0.9931}
train: {'epoch': 224, 'eta': 9.4333, 'loss': 0.3633, 'lr': 0.0041, 'params': 632328, 'time_iter': 0.0495, 'accuracy': 0.994}
train: {'epoch': 225, 'eta': 9.3744, 'loss': 0.363, 'lr': 0.004, 'params': 632328, 'time_iter': 0.0474, 'accuracy': 0.9945}
train: {'epoch': 226, 'eta': 9.3207, 'loss': 0.362, 'lr': 0.004, 'params': 632328, 'time_iter': 0.0541, 'accuracy': 0.994}
train: {'epoch': 227, 'eta': 9.2639, 'loss': 0.3612, 'lr': 0.0039, 'params': 632328, 'time_iter': 0.05, 'accuracy': 0.994}
train: {'epoch': 228, 'eta': 9.2063, 'loss': 0.3605, 'lr': 0.0039, 'params': 632328, 'time_iter': 0.0489, 'accuracy': 0.9931}
train: {'epoch': 229, 'eta': 9.1482, 'loss': 0.3603, 'lr': 0.0039, 'params': 632328, 'time_iter': 0.0481, 'accuracy': 0.9935}
train: {'epoch': 230, 'eta': 9.0911, 'loss': 0.3593, 'lr': 0.0038, 'params': 632328, 'time_iter': 0.0493, 'accuracy': 0.9935}
train: {'epoch': 231, 'eta': 9.0337, 'loss': 0.359, 'lr': 0.0038, 'params': 632328, 'time_iter': 0.0488, 'accuracy': 0.994}
train: {'epoch': 232, 'eta': 8.9761, 'loss': 0.3584, 'lr': 0.0038, 'params': 632328, 'time_iter': 0.0484, 'accuracy': 0.994}
train: {'epoch': 233, 'eta': 8.9192, 'loss': 0.3585, 'lr': 0.0037, 'params': 632328, 'time_iter': 0.0493, 'accuracy': 0.994}
train: {'epoch': 234, 'eta': 8.8616, 'loss': 0.3579, 'lr': 0.0037, 'params': 632328, 'time_iter': 0.0482, 'accuracy': 0.9945}
train: {'epoch': 235, 'eta': 8.8041, 'loss': 0.3571, 'lr': 0.0036, 'params': 632328, 'time_iter': 0.0482, 'accuracy': 0.9945}
train: {'epoch': 236, 'eta': 8.7474, 'loss': 0.3566, 'lr': 0.0036, 'params': 632328, 'time_iter': 0.0494, 'accuracy': 0.9945}
train: {'epoch': 237, 'eta': 8.6903, 'loss': 0.3561, 'lr': 0.0036, 'params': 632328, 'time_iter': 0.0486, 'accuracy': 0.9935}
train: {'epoch': 238, 'eta': 8.6333, 'loss': 0.3559, 'lr': 0.0035, 'params': 632328, 'time_iter': 0.0486, 'accuracy': 0.994}
train: {'epoch': 239, 'eta': 8.5808, 'loss': 0.3552, 'lr': 0.0035, 'params': 632328, 'time_iter': 0.0553, 'accuracy': 0.994}
val: {'epoch': 239, 'loss': 0.615, 'lr': 0, 'params': 632328, 'time_iter': 0.0209, 'accuracy': 0.8893}
train: {'epoch': 240, 'eta': 8.5255, 'loss': 0.3547, 'lr': 0.0035, 'params': 632328, 'time_iter': 0.0511, 'accuracy': 0.9945}
train: {'epoch': 241, 'eta': 8.4696, 'loss': 0.3544, 'lr': 0.0034, 'params': 632328, 'time_iter': 0.0502, 'accuracy': 0.9945}
train: {'epoch': 242, 'eta': 8.4129, 'loss': 0.3539, 'lr': 0.0034, 'params': 632328, 'time_iter': 0.0488, 'accuracy': 0.994}
train: {'epoch': 243, 'eta': 8.3561, 'loss': 0.3536, 'lr': 0.0033, 'params': 632328, 'time_iter': 0.0486, 'accuracy': 0.9945}
train: {'epoch': 244, 'eta': 8.2998, 'loss': 0.3532, 'lr': 0.0033, 'params': 632328, 'time_iter': 0.0492, 'accuracy': 0.9949}
train: {'epoch': 245, 'eta': 8.2433, 'loss': 0.3539, 'lr': 0.0033, 'params': 632328, 'time_iter': 0.0488, 'accuracy': 0.9949}
train: {'epoch': 246, 'eta': 8.1865, 'loss': 0.3561, 'lr': 0.0032, 'params': 632328, 'time_iter': 0.0483, 'accuracy': 0.9949}
train: {'epoch': 247, 'eta': 8.1296, 'loss': 0.3644, 'lr': 0.0032, 'params': 632328, 'time_iter': 0.048, 'accuracy': 0.9926}
train: {'epoch': 248, 'eta': 8.0732, 'loss': 0.3784, 'lr': 0.0032, 'params': 632328, 'time_iter': 0.0487, 'accuracy': 0.9912}
train: {'epoch': 249, 'eta': 8.0195, 'loss': 0.3757, 'lr': 0.0031, 'params': 632328, 'time_iter': 0.0531, 'accuracy': 0.9889}
train: {'epoch': 250, 'eta': 7.9614, 'loss': 0.3653, 'lr': 0.0031, 'params': 632328, 'time_iter': 0.0457, 'accuracy': 0.9917}
train: {'epoch': 251, 'eta': 7.9038, 'loss': 0.3749, 'lr': 0.0031, 'params': 632328, 'time_iter': 0.0463, 'accuracy': 0.9917}
train: {'epoch': 252, 'eta': 7.8477, 'loss': 0.3707, 'lr': 0.003, 'params': 632328, 'time_iter': 0.0488, 'accuracy': 0.9894}
train: {'epoch': 253, 'eta': 7.7923, 'loss': 0.372, 'lr': 0.003, 'params': 632328, 'time_iter': 0.0498, 'accuracy': 0.9898}
train: {'epoch': 254, 'eta': 7.7366, 'loss': 0.3833, 'lr': 0.0029, 'params': 632328, 'time_iter': 0.0494, 'accuracy': 0.9917}
train: {'epoch': 255, 'eta': 7.6816, 'loss': 0.3811, 'lr': 0.0029, 'params': 632328, 'time_iter': 0.0504, 'accuracy': 0.9926}
train: {'epoch': 256, 'eta': 7.6263, 'loss': 0.3733, 'lr': 0.0029, 'params': 632328, 'time_iter': 0.0498, 'accuracy': 0.9903}
train: {'epoch': 257, 'eta': 7.5713, 'loss': 0.3766, 'lr': 0.0028, 'params': 632328, 'time_iter': 0.0504, 'accuracy': 0.9903}
train: {'epoch': 258, 'eta': 7.5165, 'loss': 0.3712, 'lr': 0.0028, 'params': 632328, 'time_iter': 0.0506, 'accuracy': 0.9922}
train: {'epoch': 259, 'eta': 7.4605, 'loss': 0.3693, 'lr': 0.0028, 'params': 632328, 'time_iter': 0.0482, 'accuracy': 0.994}
val: {'epoch': 259, 'loss': 0.6367, 'lr': 0, 'params': 632328, 'time_iter': 0.0194, 'accuracy': 0.8838}
train: {'epoch': 260, 'eta': 7.4036, 'loss': 0.3688, 'lr': 0.0027, 'params': 632328, 'time_iter': 0.0466, 'accuracy': 0.9931}
train: {'epoch': 261, 'eta': 7.3484, 'loss': 0.3658, 'lr': 0.0027, 'params': 632328, 'time_iter': 0.0495, 'accuracy': 0.9931}
train: {'epoch': 262, 'eta': 7.2915, 'loss': 0.3647, 'lr': 0.0027, 'params': 632328, 'time_iter': 0.0462, 'accuracy': 0.9926}
train: {'epoch': 263, 'eta': 7.2364, 'loss': 0.3626, 'lr': 0.0026, 'params': 632328, 'time_iter': 0.0497, 'accuracy': 0.9926}
train: {'epoch': 264, 'eta': 7.1825, 'loss': 0.3614, 'lr': 0.0026, 'params': 632328, 'time_iter': 0.0518, 'accuracy': 0.9926}
train: {'epoch': 265, 'eta': 7.1274, 'loss': 0.3604, 'lr': 0.0026, 'params': 632328, 'time_iter': 0.0495, 'accuracy': 0.9935}
train: {'epoch': 266, 'eta': 7.0732, 'loss': 0.3588, 'lr': 0.0025, 'params': 632328, 'time_iter': 0.0511, 'accuracy': 0.9935}
train: {'epoch': 267, 'eta': 7.0182, 'loss': 0.3575, 'lr': 0.0025, 'params': 632328, 'time_iter': 0.0495, 'accuracy': 0.994}
train: {'epoch': 268, 'eta': 6.9623, 'loss': 0.3569, 'lr': 0.0025, 'params': 632328, 'time_iter': 0.0476, 'accuracy': 0.9935}
train: {'epoch': 269, 'eta': 6.907, 'loss': 0.3553, 'lr': 0.0024, 'params': 632328, 'time_iter': 0.0488, 'accuracy': 0.9935}
train: {'epoch': 270, 'eta': 6.8521, 'loss': 0.3548, 'lr': 0.0024, 'params': 632328, 'time_iter': 0.0495, 'accuracy': 0.994}
train: {'epoch': 271, 'eta': 6.7966, 'loss': 0.3541, 'lr': 0.0024, 'params': 632328, 'time_iter': 0.048, 'accuracy': 0.994}
train: {'epoch': 272, 'eta': 6.7418, 'loss': 0.3531, 'lr': 0.0023, 'params': 632328, 'time_iter': 0.0493, 'accuracy': 0.9945}
train: {'epoch': 273, 'eta': 6.6862, 'loss': 0.3525, 'lr': 0.0023, 'params': 632328, 'time_iter': 0.0478, 'accuracy': 0.9945}
train: {'epoch': 274, 'eta': 6.6314, 'loss': 0.3517, 'lr': 0.0023, 'params': 632328, 'time_iter': 0.0491, 'accuracy': 0.9954}
train: {'epoch': 275, 'eta': 6.5766, 'loss': 0.3512, 'lr': 0.0022, 'params': 632328, 'time_iter': 0.0492, 'accuracy': 0.9954}
train: {'epoch': 276, 'eta': 6.5213, 'loss': 0.3507, 'lr': 0.0022, 'params': 632328, 'time_iter': 0.0481, 'accuracy': 0.9954}
train: {'epoch': 277, 'eta': 6.4667, 'loss': 0.3502, 'lr': 0.0022, 'params': 632328, 'time_iter': 0.0495, 'accuracy': 0.9954}
train: {'epoch': 278, 'eta': 6.4135, 'loss': 0.3497, 'lr': 0.0021, 'params': 632328, 'time_iter': 0.0524, 'accuracy': 0.9949}
train: {'epoch': 279, 'eta': 6.3589, 'loss': 0.3492, 'lr': 0.0021, 'params': 632328, 'time_iter': 0.0493, 'accuracy': 0.9945}
val: {'epoch': 279, 'loss': 0.6132, 'lr': 0, 'params': 632328, 'time_iter': 0.0212, 'accuracy': 0.893}
train: {'epoch': 280, 'eta': 6.3064, 'loss': 0.3488, 'lr': 0.0021, 'params': 632328, 'time_iter': 0.0542, 'accuracy': 0.9949}
train: {'epoch': 281, 'eta': 6.2518, 'loss': 0.3482, 'lr': 0.002, 'params': 632328, 'time_iter': 0.0491, 'accuracy': 0.9954}
train: {'epoch': 282, 'eta': 6.1992, 'loss': 0.3479, 'lr': 0.002, 'params': 632328, 'time_iter': 0.054, 'accuracy': 0.9954}
train: {'epoch': 283, 'eta': 6.1424, 'loss': 0.3475, 'lr': 0.002, 'params': 632328, 'time_iter': 0.0436, 'accuracy': 0.9954}
train: {'epoch': 284, 'eta': 6.0883, 'loss': 0.3471, 'lr': 0.0019, 'params': 632328, 'time_iter': 0.0502, 'accuracy': 0.9949}
train: {'epoch': 285, 'eta': 6.0351, 'loss': 0.3467, 'lr': 0.0019, 'params': 632328, 'time_iter': 0.0523, 'accuracy': 0.9949}
train: {'epoch': 286, 'eta': 5.9821, 'loss': 0.3463, 'lr': 0.0019, 'params': 632328, 'time_iter': 0.0528, 'accuracy': 0.9949}
train: {'epoch': 287, 'eta': 5.9279, 'loss': 0.346, 'lr': 0.0018, 'params': 632328, 'time_iter': 0.0496, 'accuracy': 0.9954}
train: {'epoch': 288, 'eta': 5.8738, 'loss': 0.3457, 'lr': 0.0018, 'params': 632328, 'time_iter': 0.0497, 'accuracy': 0.9954}
train: {'epoch': 289, 'eta': 5.8185, 'loss': 0.3454, 'lr': 0.0018, 'params': 632328, 'time_iter': 0.0468, 'accuracy': 0.9954}
train: {'epoch': 290, 'eta': 5.7655, 'loss': 0.3452, 'lr': 0.0018, 'params': 632328, 'time_iter': 0.0526, 'accuracy': 0.9954}
train: {'epoch': 291, 'eta': 5.7123, 'loss': 0.3448, 'lr': 0.0017, 'params': 632328, 'time_iter': 0.052, 'accuracy': 0.9954}
train: {'epoch': 292, 'eta': 5.6595, 'loss': 0.3445, 'lr': 0.0017, 'params': 632328, 'time_iter': 0.0532, 'accuracy': 0.9954}
train: {'epoch': 293, 'eta': 5.6067, 'loss': 0.3443, 'lr': 0.0017, 'params': 632328, 'time_iter': 0.0531, 'accuracy': 0.9954}
train: {'epoch': 294, 'eta': 5.5526, 'loss': 0.3441, 'lr': 0.0016, 'params': 632328, 'time_iter': 0.0497, 'accuracy': 0.9954}
train: {'epoch': 295, 'eta': 5.4977, 'loss': 0.344, 'lr': 0.0016, 'params': 632328, 'time_iter': 0.0471, 'accuracy': 0.9954}
train: {'epoch': 296, 'eta': 5.4444, 'loss': 0.3438, 'lr': 0.0016, 'params': 632328, 'time_iter': 0.0515, 'accuracy': 0.9954}
train: {'epoch': 297, 'eta': 5.3897, 'loss': 0.3461, 'lr': 0.0015, 'params': 632328, 'time_iter': 0.0475, 'accuracy': 0.9954}
train: {'epoch': 298, 'eta': 5.3351, 'loss': 0.3512, 'lr': 0.0015, 'params': 632328, 'time_iter': 0.0477, 'accuracy': 0.9954}
train: {'epoch': 299, 'eta': 5.2807, 'loss': 0.3467, 'lr': 0.0015, 'params': 632328, 'time_iter': 0.0482, 'accuracy': 0.9949}
val: {'epoch': 299, 'loss': 0.6111, 'lr': 0, 'params': 632328, 'time_iter': 0.0174, 'accuracy': 0.8948}
train: {'epoch': 300, 'eta': 5.2266, 'loss': 0.3499, 'lr': 0.0015, 'params': 632328, 'time_iter': 0.0489, 'accuracy': 0.9945}
train: {'epoch': 301, 'eta': 5.1727, 'loss': 0.3468, 'lr': 0.0014, 'params': 632328, 'time_iter': 0.0492, 'accuracy': 0.9945}
train: {'epoch': 302, 'eta': 5.1187, 'loss': 0.348, 'lr': 0.0014, 'params': 632328, 'time_iter': 0.0491, 'accuracy': 0.994}
train: {'epoch': 303, 'eta': 5.0649, 'loss': 0.3466, 'lr': 0.0014, 'params': 632328, 'time_iter': 0.0494, 'accuracy': 0.9949}
train: {'epoch': 304, 'eta': 5.0108, 'loss': 0.3457, 'lr': 0.0014, 'params': 632328, 'time_iter': 0.0487, 'accuracy': 0.9945}
train: {'epoch': 305, 'eta': 4.9569, 'loss': 0.3455, 'lr': 0.0013, 'params': 632328, 'time_iter': 0.049, 'accuracy': 0.9954}
train: {'epoch': 306, 'eta': 4.903, 'loss': 0.3444, 'lr': 0.0013, 'params': 632328, 'time_iter': 0.0487, 'accuracy': 0.9954}
train: {'epoch': 307, 'eta': 4.8488, 'loss': 0.3446, 'lr': 0.0013, 'params': 632328, 'time_iter': 0.0478, 'accuracy': 0.9954}
train: {'epoch': 308, 'eta': 4.7947, 'loss': 0.3436, 'lr': 0.0012, 'params': 632328, 'time_iter': 0.0479, 'accuracy': 0.994}
train: {'epoch': 309, 'eta': 4.7408, 'loss': 0.3435, 'lr': 0.0012, 'params': 632328, 'time_iter': 0.0484, 'accuracy': 0.994}
train: {'epoch': 310, 'eta': 4.6872, 'loss': 0.3432, 'lr': 0.0012, 'params': 632328, 'time_iter': 0.0495, 'accuracy': 0.9954}
train: {'epoch': 311, 'eta': 4.6336, 'loss': 0.3429, 'lr': 0.0012, 'params': 632328, 'time_iter': 0.0495, 'accuracy': 0.9958}
train: {'epoch': 312, 'eta': 4.58, 'loss': 0.3425, 'lr': 0.0011, 'params': 632328, 'time_iter': 0.0491, 'accuracy': 0.9958}
train: {'epoch': 313, 'eta': 4.5263, 'loss': 0.3422, 'lr': 0.0011, 'params': 632328, 'time_iter': 0.0489, 'accuracy': 0.9949}
train: {'epoch': 314, 'eta': 4.4724, 'loss': 0.3421, 'lr': 0.0011, 'params': 632328, 'time_iter': 0.0477, 'accuracy': 0.9949}
train: {'epoch': 315, 'eta': 4.4188, 'loss': 0.3416, 'lr': 0.0011, 'params': 632328, 'time_iter': 0.0493, 'accuracy': 0.9958}
train: {'epoch': 316, 'eta': 4.3652, 'loss': 0.3415, 'lr': 0.001, 'params': 632328, 'time_iter': 0.0486, 'accuracy': 0.9958}
train: {'epoch': 317, 'eta': 4.3117, 'loss': 0.3412, 'lr': 0.001, 'params': 632328, 'time_iter': 0.0492, 'accuracy': 0.9958}
train: {'epoch': 318, 'eta': 4.258, 'loss': 0.341, 'lr': 0.001, 'params': 632328, 'time_iter': 0.0481, 'accuracy': 0.9954}
train: {'epoch': 319, 'eta': 4.2045, 'loss': 0.3409, 'lr': 0.001, 'params': 632328, 'time_iter': 0.049, 'accuracy': 0.9949}
val: {'epoch': 319, 'loss': 0.6095, 'lr': 0, 'params': 632328, 'time_iter': 0.0188, 'accuracy': 0.8967}
train: {'epoch': 320, 'eta': 4.1544, 'loss': 0.3406, 'lr': 0.001, 'params': 632328, 'time_iter': 0.0624, 'accuracy': 0.9954}
train: {'epoch': 321, 'eta': 4.1009, 'loss': 0.3405, 'lr': 0.0009, 'params': 632328, 'time_iter': 0.0488, 'accuracy': 0.9954}
train: {'epoch': 322, 'eta': 4.0474, 'loss': 0.3402, 'lr': 0.0009, 'params': 632328, 'time_iter': 0.0488, 'accuracy': 0.9963}
train: {'epoch': 323, 'eta': 3.9939, 'loss': 0.3401, 'lr': 0.0009, 'params': 632328, 'time_iter': 0.0485, 'accuracy': 0.9963}
train: {'epoch': 324, 'eta': 3.9405, 'loss': 0.34, 'lr': 0.0009, 'params': 632328, 'time_iter': 0.049, 'accuracy': 0.9958}
train: {'epoch': 325, 'eta': 3.8873, 'loss': 0.3398, 'lr': 0.0008, 'params': 632328, 'time_iter': 0.0494, 'accuracy': 0.9963}
train: {'epoch': 326, 'eta': 3.8339, 'loss': 0.3397, 'lr': 0.0008, 'params': 632328, 'time_iter': 0.0486, 'accuracy': 0.9963}
train: {'epoch': 327, 'eta': 3.7806, 'loss': 0.3396, 'lr': 0.0008, 'params': 632328, 'time_iter': 0.0492, 'accuracy': 0.9963}
train: {'epoch': 328, 'eta': 3.7273, 'loss': 0.3395, 'lr': 0.0008, 'params': 632328, 'time_iter': 0.0488, 'accuracy': 0.9963}
train: {'epoch': 329, 'eta': 3.6741, 'loss': 0.3393, 'lr': 0.0008, 'params': 632328, 'time_iter': 0.0489, 'accuracy': 0.9963}
train: {'epoch': 330, 'eta': 3.6206, 'loss': 0.3392, 'lr': 0.0007, 'params': 632328, 'time_iter': 0.0479, 'accuracy': 0.9963}
train: {'epoch': 331, 'eta': 3.5673, 'loss': 0.3391, 'lr': 0.0007, 'params': 632328, 'time_iter': 0.0484, 'accuracy': 0.9963}
train: {'epoch': 332, 'eta': 3.5142, 'loss': 0.339, 'lr': 0.0007, 'params': 632328, 'time_iter': 0.0492, 'accuracy': 0.9963}
train: {'epoch': 333, 'eta': 3.4612, 'loss': 0.3389, 'lr': 0.0007, 'params': 632328, 'time_iter': 0.0495, 'accuracy': 0.9963}
train: {'epoch': 334, 'eta': 3.4078, 'loss': 0.3388, 'lr': 0.0007, 'params': 632328, 'time_iter': 0.0478, 'accuracy': 0.9963}
train: {'epoch': 335, 'eta': 3.355, 'loss': 0.3387, 'lr': 0.0006, 'params': 632328, 'time_iter': 0.0502, 'accuracy': 0.9968}
train: {'epoch': 336, 'eta': 3.3015, 'loss': 0.3387, 'lr': 0.0006, 'params': 632328, 'time_iter': 0.0469, 'accuracy': 0.9968}
train: {'epoch': 337, 'eta': 3.2484, 'loss': 0.3386, 'lr': 0.0006, 'params': 632328, 'time_iter': 0.0487, 'accuracy': 0.9968}
train: {'epoch': 338, 'eta': 3.1954, 'loss': 0.3385, 'lr': 0.0006, 'params': 632328, 'time_iter': 0.0489, 'accuracy': 0.9968}
train: {'epoch': 339, 'eta': 3.149, 'loss': 0.3384, 'lr': 0.0006, 'params': 632328, 'time_iter': 0.0866, 'accuracy': 0.9968}
val: {'epoch': 339, 'loss': 0.6104, 'lr': 0, 'params': 632328, 'time_iter': 0.1369, 'accuracy': 0.8948}
train: {'epoch': 340, 'eta': 3.1031, 'loss': 0.3383, 'lr': 0.0005, 'params': 632328, 'time_iter': 0.0901, 'accuracy': 0.9968}
train: {'epoch': 341, 'eta': 3.0516, 'loss': 0.3383, 'lr': 0.0005, 'params': 632328, 'time_iter': 0.0595, 'accuracy': 0.9968}
train: {'epoch': 342, 'eta': 2.9994, 'loss': 0.3382, 'lr': 0.0005, 'params': 632328, 'time_iter': 0.0548, 'accuracy': 0.9968}
train: {'epoch': 343, 'eta': 2.9469, 'loss': 0.3381, 'lr': 0.0005, 'params': 632328, 'time_iter': 0.0534, 'accuracy': 0.9968}
train: {'epoch': 344, 'eta': 2.8937, 'loss': 0.3381, 'lr': 0.0005, 'params': 632328, 'time_iter': 0.0489, 'accuracy': 0.9968}
train: {'epoch': 345, 'eta': 2.8428, 'loss': 0.338, 'lr': 0.0005, 'params': 632328, 'time_iter': 0.0634, 'accuracy': 0.9968}
train: {'epoch': 346, 'eta': 2.7905, 'loss': 0.338, 'lr': 0.0004, 'params': 632328, 'time_iter': 0.0554, 'accuracy': 0.9968}
train: {'epoch': 347, 'eta': 2.738, 'loss': 0.3379, 'lr': 0.0004, 'params': 632328, 'time_iter': 0.0532, 'accuracy': 0.9968}
train: {'epoch': 348, 'eta': 2.6849, 'loss': 0.3379, 'lr': 0.0004, 'params': 632328, 'time_iter': 0.0496, 'accuracy': 0.9968}
train: {'epoch': 349, 'eta': 2.6316, 'loss': 0.3378, 'lr': 0.0004, 'params': 632328, 'time_iter': 0.0484, 'accuracy': 0.9968}
train: {'epoch': 350, 'eta': 2.5785, 'loss': 0.3378, 'lr': 0.0004, 'params': 632328, 'time_iter': 0.0491, 'accuracy': 0.9968}
train: {'epoch': 351, 'eta': 2.5255, 'loss': 0.3377, 'lr': 0.0004, 'params': 632328, 'time_iter': 0.0495, 'accuracy': 0.9968}
train: {'epoch': 352, 'eta': 2.4731, 'loss': 0.3377, 'lr': 0.0004, 'params': 632328, 'time_iter': 0.0542, 'accuracy': 0.9968}
train: {'epoch': 353, 'eta': 2.42, 'loss': 0.3376, 'lr': 0.0003, 'params': 632328, 'time_iter': 0.0494, 'accuracy': 0.9968}
train: {'epoch': 354, 'eta': 2.3669, 'loss': 0.3376, 'lr': 0.0003, 'params': 632328, 'time_iter': 0.0485, 'accuracy': 0.9968}
train: {'epoch': 355, 'eta': 2.314, 'loss': 0.3375, 'lr': 0.0003, 'params': 632328, 'time_iter': 0.0503, 'accuracy': 0.9968}
train: {'epoch': 356, 'eta': 2.2616, 'loss': 0.3375, 'lr': 0.0003, 'params': 632328, 'time_iter': 0.0541, 'accuracy': 0.9968}
train: {'epoch': 357, 'eta': 2.209, 'loss': 0.3375, 'lr': 0.0003, 'params': 632328, 'time_iter': 0.0526, 'accuracy': 0.9968}
train: {'epoch': 358, 'eta': 2.1568, 'loss': 0.3374, 'lr': 0.0003, 'params': 632328, 'time_iter': 0.0563, 'accuracy': 0.9968}
train: {'epoch': 359, 'eta': 2.1037, 'loss': 0.3374, 'lr': 0.0003, 'params': 632328, 'time_iter': 0.0477, 'accuracy': 0.9968}
val: {'epoch': 359, 'loss': 0.6107, 'lr': 0, 'params': 632328, 'time_iter': 0.0208, 'accuracy': 0.8967}
train: {'epoch': 360, 'eta': 2.0508, 'loss': 0.3374, 'lr': 0.0002, 'params': 632328, 'time_iter': 0.0496, 'accuracy': 0.9968}
train: {'epoch': 361, 'eta': 1.9986, 'loss': 0.3373, 'lr': 0.0002, 'params': 632328, 'time_iter': 0.0567, 'accuracy': 0.9972}
train: {'epoch': 362, 'eta': 1.946, 'loss': 0.3373, 'lr': 0.0002, 'params': 632328, 'time_iter': 0.0527, 'accuracy': 0.9972}
train: {'epoch': 363, 'eta': 1.8936, 'loss': 0.3373, 'lr': 0.0002, 'params': 632328, 'time_iter': 0.0542, 'accuracy': 0.9972}
train: {'epoch': 364, 'eta': 1.8416, 'loss': 0.3372, 'lr': 0.0002, 'params': 632328, 'time_iter': 0.059, 'accuracy': 0.9972}
train: {'epoch': 365, 'eta': 1.7904, 'loss': 0.3372, 'lr': 0.0002, 'params': 632328, 'time_iter': 0.068, 'accuracy': 0.9972}
train: {'epoch': 366, 'eta': 1.7391, 'loss': 0.3372, 'lr': 0.0002, 'params': 632328, 'time_iter': 0.0676, 'accuracy': 0.9972}
train: {'epoch': 367, 'eta': 1.6861, 'loss': 0.3372, 'lr': 0.0002, 'params': 632328, 'time_iter': 0.0495, 'accuracy': 0.9972}
train: {'epoch': 368, 'eta': 1.634, 'loss': 0.3372, 'lr': 0.0002, 'params': 632328, 'time_iter': 0.0591, 'accuracy': 0.9972}
train: {'epoch': 369, 'eta': 1.5814, 'loss': 0.3371, 'lr': 0.0001, 'params': 632328, 'time_iter': 0.0546, 'accuracy': 0.9972}
train: {'epoch': 370, 'eta': 1.5288, 'loss': 0.3371, 'lr': 0.0001, 'params': 632328, 'time_iter': 0.0537, 'accuracy': 0.9972}
train: {'epoch': 371, 'eta': 1.4758, 'loss': 0.3371, 'lr': 0.0001, 'params': 632328, 'time_iter': 0.0493, 'accuracy': 0.9972}
train: {'epoch': 372, 'eta': 1.423, 'loss': 0.3371, 'lr': 0.0001, 'params': 632328, 'time_iter': 0.0514, 'accuracy': 0.9972}
train: {'epoch': 373, 'eta': 1.3699, 'loss': 0.3371, 'lr': 0.0001, 'params': 632328, 'time_iter': 0.0475, 'accuracy': 0.9972}
train: {'epoch': 374, 'eta': 1.317, 'loss': 0.337, 'lr': 0.0001, 'params': 632328, 'time_iter': 0.0487, 'accuracy': 0.9972}
train: {'epoch': 375, 'eta': 1.264, 'loss': 0.337, 'lr': 0.0001, 'params': 632328, 'time_iter': 0.0483, 'accuracy': 0.9972}
train: {'epoch': 376, 'eta': 1.2112, 'loss': 0.337, 'lr': 0.0001, 'params': 632328, 'time_iter': 0.0494, 'accuracy': 0.9972}
train: {'epoch': 377, 'eta': 1.1582, 'loss': 0.337, 'lr': 0.0001, 'params': 632328, 'time_iter': 0.0482, 'accuracy': 0.9972}
train: {'epoch': 378, 'eta': 1.1058, 'loss': 0.337, 'lr': 0.0001, 'params': 632328, 'time_iter': 0.0557, 'accuracy': 0.9972}
train: {'epoch': 379, 'eta': 1.0534, 'loss': 0.337, 'lr': 0.0001, 'params': 632328, 'time_iter': 0.0579, 'accuracy': 0.9972}
val: {'epoch': 379, 'loss': 0.6117, 'lr': 0, 'params': 632328, 'time_iter': 0.0206, 'accuracy': 0.8967}
train: {'epoch': 380, 'eta': 1.0003, 'loss': 0.337, 'lr': 0.0001, 'params': 632328, 'time_iter': 0.0447, 'accuracy': 0.9972}
train: {'epoch': 381, 'eta': 0.9476, 'loss': 0.337, 'lr': 0.0001, 'params': 632328, 'time_iter': 0.0518, 'accuracy': 0.9972}
train: {'epoch': 382, 'eta': 0.8951, 'loss': 0.337, 'lr': 0.0, 'params': 632328, 'time_iter': 0.0544, 'accuracy': 0.9972}
train: {'epoch': 383, 'eta': 0.8426, 'loss': 0.337, 'lr': 0.0, 'params': 632328, 'time_iter': 0.0577, 'accuracy': 0.9972}
train: {'epoch': 384, 'eta': 0.7897, 'loss': 0.3369, 'lr': 0.0, 'params': 632328, 'time_iter': 0.0453, 'accuracy': 0.9972}
train: {'epoch': 385, 'eta': 0.737, 'loss': 0.3369, 'lr': 0.0, 'params': 632328, 'time_iter': 0.0527, 'accuracy': 0.9972}
train: {'epoch': 386, 'eta': 0.6844, 'loss': 0.3369, 'lr': 0.0, 'params': 632328, 'time_iter': 0.0533, 'accuracy': 0.9972}
train: {'epoch': 387, 'eta': 0.6316, 'loss': 0.3369, 'lr': 0.0, 'params': 632328, 'time_iter': 0.0487, 'accuracy': 0.9972}
train: {'epoch': 388, 'eta': 0.5788, 'loss': 0.3369, 'lr': 0.0, 'params': 632328, 'time_iter': 0.0473, 'accuracy': 0.9972}
train: {'epoch': 389, 'eta': 0.5266, 'loss': 0.3369, 'lr': 0.0, 'params': 632328, 'time_iter': 0.0659, 'accuracy': 0.9972}
train: {'epoch': 390, 'eta': 0.4738, 'loss': 0.3369, 'lr': 0.0, 'params': 632328, 'time_iter': 0.0497, 'accuracy': 0.9972}
train: {'epoch': 391, 'eta': 0.4211, 'loss': 0.3369, 'lr': 0.0, 'params': 632328, 'time_iter': 0.0483, 'accuracy': 0.9972}
train: {'epoch': 392, 'eta': 0.3684, 'loss': 0.3369, 'lr': 0.0, 'params': 632328, 'time_iter': 0.0511, 'accuracy': 0.9972}
train: {'epoch': 393, 'eta': 0.3164, 'loss': 0.3369, 'lr': 0.0, 'params': 632328, 'time_iter': 0.0939, 'accuracy': 0.9972}
train: {'epoch': 394, 'eta': 0.2638, 'loss': 0.3369, 'lr': 0.0, 'params': 632328, 'time_iter': 0.0636, 'accuracy': 0.9972}
train: {'epoch': 395, 'eta': 0.2111, 'loss': 0.3369, 'lr': 0.0, 'params': 632328, 'time_iter': 0.0531, 'accuracy': 0.9972}
train: {'epoch': 396, 'eta': 0.1583, 'loss': 0.3369, 'lr': 0.0, 'params': 632328, 'time_iter': 0.0476, 'accuracy': 0.9972}
train: {'epoch': 397, 'eta': 0.1055, 'loss': 0.3369, 'lr': 0.0, 'params': 632328, 'time_iter': 0.0524, 'accuracy': 0.9972}
train: {'epoch': 398, 'eta': 0.0527, 'loss': 0.3369, 'lr': 0.0, 'params': 632328, 'time_iter': 0.0513, 'accuracy': 0.9972}
train: {'epoch': 399, 'eta': 0.0, 'loss': 0.3369, 'lr': 0.0, 'params': 632328, 'time_iter': 0.0653, 'accuracy': 0.9972}
val: {'epoch': 399, 'loss': 0.6121, 'lr': 0, 'params': 632328, 'time_iter': 0.0246, 'accuracy': 0.8967}
Task done, results saved in results/example_noneq_3
